[2025-01-01T23:13:05.145+0000] {local_task_job_runner.py:123} INFO - ::group::Pre task execution logs
[2025-01-01T23:13:05.164+0000] {taskinstance.py:2613} INFO - Dependencies all met for dep_context=non-requeueable deps ti=<TaskInstance: prediction_dag_v1.evaluate_status2 manual__2025-01-01T23:12:32.928091+00:00 [queued]>
[2025-01-01T23:13:05.176+0000] {taskinstance.py:2613} INFO - Dependencies all met for dep_context=requeueable deps ti=<TaskInstance: prediction_dag_v1.evaluate_status2 manual__2025-01-01T23:12:32.928091+00:00 [queued]>
[2025-01-01T23:13:05.177+0000] {taskinstance.py:2866} INFO - Starting attempt 1 of 2
[2025-01-01T23:13:05.194+0000] {taskinstance.py:2889} INFO - Executing <Task(_PythonDecoratedOperator): evaluate_status2> on 2025-01-01 23:12:32.928091+00:00
[2025-01-01T23:13:05.202+0000] {warnings.py:112} WARNING - /home/***/.local/lib/python3.12/site-packages/***/task/task_runner/standard_task_runner.py:70: DeprecationWarning: This process (pid=3379) is multi-threaded, use of fork() may lead to deadlocks in the child.
  pid = os.fork()

[2025-01-01T23:13:05.205+0000] {standard_task_runner.py:72} INFO - Started process 3381 to run task
[2025-01-01T23:13:05.205+0000] {standard_task_runner.py:104} INFO - Running: ['***', 'tasks', 'run', 'prediction_dag_v1', 'evaluate_status2', 'manual__2025-01-01T23:12:32.928091+00:00', '--job-id', '72', '--raw', '--subdir', 'DAGS_FOLDER/02_prediction/02_prediction_v1.py', '--cfg-path', '/tmp/tmppha0z7fz']
[2025-01-01T23:13:05.207+0000] {standard_task_runner.py:105} INFO - Job 72: Subtask evaluate_status2
[2025-01-01T23:13:05.285+0000] {task_command.py:467} INFO - Running <TaskInstance: prediction_dag_v1.evaluate_status2 manual__2025-01-01T23:12:32.928091+00:00 [running]> on host 935cb972f608
[2025-01-01T23:13:05.404+0000] {taskinstance.py:3132} INFO - Exporting env vars: AIRFLOW_CTX_DAG_OWNER='cm' AIRFLOW_CTX_DAG_ID='prediction_dag_v1' AIRFLOW_CTX_TASK_ID='evaluate_status2' AIRFLOW_CTX_EXECUTION_DATE='2025-01-01T23:12:32.928091+00:00' AIRFLOW_CTX_TRY_NUMBER='1' AIRFLOW_CTX_DAG_RUN_ID='manual__2025-01-01T23:12:32.928091+00:00'
[2025-01-01T23:13:05.405+0000] {logging_mixin.py:190} INFO - Task instance is in running state
[2025-01-01T23:13:05.406+0000] {logging_mixin.py:190} INFO -  Previous state of the Task instance: queued
[2025-01-01T23:13:05.407+0000] {logging_mixin.py:190} INFO - Current task name:evaluate_status2 state:running start_date:2025-01-01 23:13:05.165704+00:00
[2025-01-01T23:13:05.408+0000] {logging_mixin.py:190} INFO - Dag name:prediction_dag_v1 and current dag run status:running
[2025-01-01T23:13:05.409+0000] {taskinstance.py:731} INFO - ::endgroup::
[2025-01-01T23:13:05.421+0000] {logging_mixin.py:190} INFO - Sin predicción
[2025-01-01T23:13:05.423+0000] {python.py:240} INFO - Done. Returned value was: None
[2025-01-01T23:13:05.437+0000] {taskinstance.py:340} INFO - ::group::Post task execution logs
[2025-01-01T23:13:05.438+0000] {taskinstance.py:352} INFO - Marking task as SUCCESS. dag_id=prediction_dag_v1, task_id=evaluate_status2, run_id=manual__2025-01-01T23:12:32.928091+00:00, execution_date=20250101T231232, start_date=20250101T231305, end_date=20250101T231305
[2025-01-01T23:13:05.451+0000] {logging_mixin.py:190} INFO - Task instance in success state
[2025-01-01T23:13:05.452+0000] {logging_mixin.py:190} INFO -  Previous state of the Task instance: running
[2025-01-01T23:13:05.453+0000] {logging_mixin.py:190} INFO - Dag name:prediction_dag_v1 queued_at:2025-01-01 23:12:32.939147+00:00
[2025-01-01T23:13:05.454+0000] {logging_mixin.py:190} INFO - Task hostname:935cb972f608 operator:_PythonDecoratedOperator
[2025-01-01T23:13:05.502+0000] {local_task_job_runner.py:266} INFO - Task exited with return code 0
[2025-01-01T23:13:05.521+0000] {taskinstance.py:3895} INFO - 0 downstream tasks scheduled from follow-on schedule check
[2025-01-01T23:13:05.526+0000] {local_task_job_runner.py:245} INFO - ::endgroup::
