[2025-01-01T21:43:09.126+0000] {local_task_job_runner.py:123} INFO - ::group::Pre task execution logs
[2025-01-01T21:43:09.145+0000] {taskinstance.py:2613} INFO - Dependencies all met for dep_context=non-requeueable deps ti=<TaskInstance: prediction_dag_v1.data_preparation manual__2025-01-01T21:43:06.626804+00:00 [queued]>
[2025-01-01T21:43:09.154+0000] {taskinstance.py:2613} INFO - Dependencies all met for dep_context=requeueable deps ti=<TaskInstance: prediction_dag_v1.data_preparation manual__2025-01-01T21:43:06.626804+00:00 [queued]>
[2025-01-01T21:43:09.155+0000] {taskinstance.py:2866} INFO - Starting attempt 1 of 2
[2025-01-01T21:43:09.181+0000] {taskinstance.py:2889} INFO - Executing <Task(_PythonDecoratedOperator): data_preparation> on 2025-01-01 21:43:06.626804+00:00
[2025-01-01T21:43:09.200+0000] {warnings.py:112} WARNING - /home/***/.local/lib/python3.12/site-packages/***/task/task_runner/standard_task_runner.py:70: DeprecationWarning: This process (pid=1263) is multi-threaded, use of fork() may lead to deadlocks in the child.
  pid = os.fork()

[2025-01-01T21:43:09.204+0000] {standard_task_runner.py:72} INFO - Started process 1268 to run task
[2025-01-01T21:43:09.205+0000] {standard_task_runner.py:104} INFO - Running: ['***', 'tasks', 'run', 'prediction_dag_v1', 'data_preparation', 'manual__2025-01-01T21:43:06.626804+00:00', '--job-id', '30', '--raw', '--subdir', 'DAGS_FOLDER/02_prediction/02_prediction_v1.py', '--cfg-path', '/tmp/tmpnt6m6q2g']
[2025-01-01T21:43:09.208+0000] {standard_task_runner.py:105} INFO - Job 30: Subtask data_preparation
[2025-01-01T21:43:09.281+0000] {task_command.py:467} INFO - Running <TaskInstance: prediction_dag_v1.data_preparation manual__2025-01-01T21:43:06.626804+00:00 [running]> on host 935cb972f608
[2025-01-01T21:43:09.369+0000] {taskinstance.py:3132} INFO - Exporting env vars: AIRFLOW_CTX_DAG_OWNER='cm' AIRFLOW_CTX_DAG_ID='prediction_dag_v1' AIRFLOW_CTX_TASK_ID='data_preparation' AIRFLOW_CTX_EXECUTION_DATE='2025-01-01T21:43:06.626804+00:00' AIRFLOW_CTX_TRY_NUMBER='1' AIRFLOW_CTX_DAG_RUN_ID='manual__2025-01-01T21:43:06.626804+00:00'
[2025-01-01T21:43:09.372+0000] {logging_mixin.py:190} INFO - Task instance is in running state
[2025-01-01T21:43:09.372+0000] {logging_mixin.py:190} INFO -  Previous state of the Task instance: queued
[2025-01-01T21:43:09.373+0000] {logging_mixin.py:190} INFO - Current task name:data_preparation state:running start_date:2025-01-01 21:43:09.146865+00:00
[2025-01-01T21:43:09.374+0000] {logging_mixin.py:190} INFO - Dag name:prediction_dag_v1 and current dag run status:running
[2025-01-01T21:43:09.374+0000] {taskinstance.py:731} INFO - ::endgroup::
[2025-01-01T21:43:09.407+0000] {python.py:240} INFO - Done. Returned value was:              model  year motor_type  ...     status motor_volume        date
0              kia     5     petrol  ...  excellent          2.0  2025-01-01
1           nissan     8     petrol  ...  excellent          2.0  2025-01-01
2          hyundai     4     petrol  ...  excellent          2.0  2025-01-01
3              kia     7     petrol  ...  excellent          2.0  2025-01-01
4    mercedes-benz    22     petrol  ...     normal          1.8  2025-01-01
..             ...   ...        ...  ...        ...          ...         ...
406         nissan     4     petrol  ...  excellent          2.0  2025-01-01
407        hyundai     8     petrol  ...  excellent          2.0  2025-01-01
408  mercedes-benz    13     petrol  ...       good          2.0  2025-01-01
409            kia     5     petrol  ...       good          2.0  2025-01-01
410        hyundai     8     petrol  ...  excellent          2.0  2025-01-01

[411 rows x 10 columns]
[2025-01-01T21:43:09.756+0000] {taskinstance.py:340} INFO - ::group::Post task execution logs
[2025-01-01T21:43:09.757+0000] {taskinstance.py:352} INFO - Marking task as SUCCESS. dag_id=prediction_dag_v1, task_id=data_preparation, run_id=manual__2025-01-01T21:43:06.626804+00:00, execution_date=20250101T214306, start_date=20250101T214309, end_date=20250101T214309
[2025-01-01T21:43:09.768+0000] {logging_mixin.py:190} INFO - Task instance in success state
[2025-01-01T21:43:09.768+0000] {logging_mixin.py:190} INFO -  Previous state of the Task instance: running
[2025-01-01T21:43:09.769+0000] {logging_mixin.py:190} INFO - Dag name:prediction_dag_v1 queued_at:2025-01-01 21:43:06.649672+00:00
[2025-01-01T21:43:09.769+0000] {logging_mixin.py:190} INFO - Task hostname:935cb972f608 operator:_PythonDecoratedOperator
[2025-01-01T21:43:09.785+0000] {local_task_job_runner.py:266} INFO - Task exited with return code 0
[2025-01-01T21:43:09.830+0000] {taskinstance.py:3895} INFO - 0 downstream tasks scheduled from follow-on schedule check
[2025-01-01T21:43:09.834+0000] {local_task_job_runner.py:245} INFO - ::endgroup::
