[2025-01-01T22:55:45.808+0000] {local_task_job_runner.py:123} INFO - ::group::Pre task execution logs
[2025-01-01T22:55:45.823+0000] {taskinstance.py:2613} INFO - Dependencies all met for dep_context=non-requeueable deps ti=<TaskInstance: prediction_dag_v1.evaluate_status manual__2025-01-01T22:55:09.247068+00:00 [queued]>
[2025-01-01T22:55:45.832+0000] {taskinstance.py:2613} INFO - Dependencies all met for dep_context=requeueable deps ti=<TaskInstance: prediction_dag_v1.evaluate_status manual__2025-01-01T22:55:09.247068+00:00 [queued]>
[2025-01-01T22:55:45.833+0000] {taskinstance.py:2866} INFO - Starting attempt 1 of 2
[2025-01-01T22:55:45.850+0000] {taskinstance.py:2889} INFO - Executing <Task(_PythonDecoratedOperator): evaluate_status> on 2025-01-01 22:55:09.247068+00:00
[2025-01-01T22:55:45.859+0000] {warnings.py:112} WARNING - /home/***/.local/lib/python3.12/site-packages/***/task/task_runner/standard_task_runner.py:70: DeprecationWarning: This process (pid=2620) is multi-threaded, use of fork() may lead to deadlocks in the child.
  pid = os.fork()

[2025-01-01T22:55:45.861+0000] {standard_task_runner.py:72} INFO - Started process 2622 to run task
[2025-01-01T22:55:45.861+0000] {standard_task_runner.py:104} INFO - Running: ['***', 'tasks', 'run', 'prediction_dag_v1', 'evaluate_status', 'manual__2025-01-01T22:55:09.247068+00:00', '--job-id', '48', '--raw', '--subdir', 'DAGS_FOLDER/02_prediction/02_prediction_v1.py', '--cfg-path', '/tmp/tmpwa4ga65f']
[2025-01-01T22:55:45.862+0000] {standard_task_runner.py:105} INFO - Job 48: Subtask evaluate_status
[2025-01-01T22:55:45.916+0000] {task_command.py:467} INFO - Running <TaskInstance: prediction_dag_v1.evaluate_status manual__2025-01-01T22:55:09.247068+00:00 [running]> on host 935cb972f608
[2025-01-01T22:55:46.087+0000] {taskinstance.py:3132} INFO - Exporting env vars: AIRFLOW_CTX_DAG_OWNER='cm' AIRFLOW_CTX_DAG_ID='prediction_dag_v1' AIRFLOW_CTX_TASK_ID='evaluate_status' AIRFLOW_CTX_EXECUTION_DATE='2025-01-01T22:55:09.247068+00:00' AIRFLOW_CTX_TRY_NUMBER='1' AIRFLOW_CTX_DAG_RUN_ID='manual__2025-01-01T22:55:09.247068+00:00'
[2025-01-01T22:55:46.089+0000] {logging_mixin.py:190} INFO - Task instance is in running state
[2025-01-01T22:55:46.090+0000] {logging_mixin.py:190} INFO -  Previous state of the Task instance: queued
[2025-01-01T22:55:46.091+0000] {logging_mixin.py:190} INFO - Current task name:evaluate_status state:running start_date:2025-01-01 22:55:45.824674+00:00
[2025-01-01T22:55:46.092+0000] {logging_mixin.py:190} INFO - Dag name:prediction_dag_v1 and current dag run status:running
[2025-01-01T22:55:46.093+0000] {taskinstance.py:731} INFO - ::endgroup::
[2025-01-01T22:55:46.095+0000] {logging_mixin.py:190} INFO - OK
[2025-01-01T22:55:46.096+0000] {python.py:240} INFO - Done. Returned value was: None
[2025-01-01T22:55:46.113+0000] {taskinstance.py:340} INFO - ::group::Post task execution logs
[2025-01-01T22:55:46.114+0000] {taskinstance.py:352} INFO - Marking task as SUCCESS. dag_id=prediction_dag_v1, task_id=evaluate_status, run_id=manual__2025-01-01T22:55:09.247068+00:00, execution_date=20250101T225509, start_date=20250101T225545, end_date=20250101T225546
[2025-01-01T22:55:46.130+0000] {logging_mixin.py:190} INFO - Task instance in success state
[2025-01-01T22:55:46.131+0000] {logging_mixin.py:190} INFO -  Previous state of the Task instance: running
[2025-01-01T22:55:46.132+0000] {logging_mixin.py:190} INFO - Dag name:prediction_dag_v1 queued_at:2025-01-01 22:55:09.269086+00:00
[2025-01-01T22:55:46.132+0000] {logging_mixin.py:190} INFO - Task hostname:935cb972f608 operator:_PythonDecoratedOperator
[2025-01-01T22:55:46.160+0000] {local_task_job_runner.py:266} INFO - Task exited with return code 0
[2025-01-01T22:55:46.182+0000] {taskinstance.py:3895} INFO - 0 downstream tasks scheduled from follow-on schedule check
[2025-01-01T22:55:46.186+0000] {local_task_job_runner.py:245} INFO - ::endgroup::
