[2025-01-19T21:39:29.700+0000] {processor.py:186} INFO - Started process (PID=129) to work on /home/airflow/.local/lib/python3.12/site-packages/airflow/example_dags/example_branch_python_dop_operator_3.py
[2025-01-19T21:39:29.702+0000] {processor.py:914} INFO - Processing file /home/airflow/.local/lib/python3.12/site-packages/airflow/example_dags/example_branch_python_dop_operator_3.py for tasks to queue
[2025-01-19T21:39:29.706+0000] {logging_mixin.py:190} INFO - [2025-01-19T21:39:29.706+0000] {dagbag.py:588} INFO - Filling up the DagBag from /home/airflow/.local/lib/python3.12/site-packages/airflow/example_dags/example_branch_python_dop_operator_3.py
[2025-01-19T21:39:29.721+0000] {processor.py:925} INFO - DAG(s) 'example_branch_dop_operator_v3' retrieved from /home/airflow/.local/lib/python3.12/site-packages/airflow/example_dags/example_branch_python_dop_operator_3.py
[2025-01-19T21:39:29.891+0000] {logging_mixin.py:190} INFO - [2025-01-19T21:39:29.889+0000] {override.py:1911} INFO - Created Permission View: can edit on DAG:example_branch_dop_operator_v3
[2025-01-19T21:39:29.909+0000] {logging_mixin.py:190} INFO - [2025-01-19T21:39:29.908+0000] {override.py:1911} INFO - Created Permission View: can delete on DAG:example_branch_dop_operator_v3
[2025-01-19T21:39:29.918+0000] {logging_mixin.py:190} INFO - [2025-01-19T21:39:29.918+0000] {override.py:1911} INFO - Created Permission View: can read on DAG:example_branch_dop_operator_v3
[2025-01-19T21:39:29.926+0000] {logging_mixin.py:190} INFO - [2025-01-19T21:39:29.926+0000] {override.py:1911} INFO - Created Permission View: menu access on DAG Run:example_branch_dop_operator_v3
[2025-01-19T21:39:29.934+0000] {logging_mixin.py:190} INFO - [2025-01-19T21:39:29.933+0000] {override.py:1911} INFO - Created Permission View: can create on DAG Run:example_branch_dop_operator_v3
[2025-01-19T21:39:29.939+0000] {logging_mixin.py:190} INFO - [2025-01-19T21:39:29.939+0000] {override.py:1911} INFO - Created Permission View: can delete on DAG Run:example_branch_dop_operator_v3
[2025-01-19T21:39:29.947+0000] {logging_mixin.py:190} INFO - [2025-01-19T21:39:29.947+0000] {override.py:1911} INFO - Created Permission View: can read on DAG Run:example_branch_dop_operator_v3
[2025-01-19T21:39:29.948+0000] {logging_mixin.py:190} INFO - [2025-01-19T21:39:29.948+0000] {dag.py:3239} INFO - Sync 1 DAGs
[2025-01-19T21:39:29.961+0000] {logging_mixin.py:190} INFO - [2025-01-19T21:39:29.961+0000] {dag.py:3262} INFO - Creating ORM DAG for example_branch_dop_operator_v3
[2025-01-19T21:39:29.973+0000] {logging_mixin.py:190} INFO - [2025-01-19T21:39:29.972+0000] {dag.py:4180} INFO - Setting next_dagrun for example_branch_dop_operator_v3 to 2025-01-19 21:38:00+00:00, run_after=2025-01-19 21:39:00+00:00
[2025-01-19T21:39:29.989+0000] {processor.py:208} INFO - Processing /home/airflow/.local/lib/python3.12/site-packages/airflow/example_dags/example_branch_python_dop_operator_3.py took 0.295 seconds
[2025-01-19T21:40:00.620+0000] {processor.py:186} INFO - Started process (PID=198) to work on /home/airflow/.local/lib/python3.12/site-packages/airflow/example_dags/example_branch_python_dop_operator_3.py
[2025-01-19T21:40:00.621+0000] {processor.py:914} INFO - Processing file /home/airflow/.local/lib/python3.12/site-packages/airflow/example_dags/example_branch_python_dop_operator_3.py for tasks to queue
[2025-01-19T21:40:00.625+0000] {logging_mixin.py:190} INFO - [2025-01-19T21:40:00.624+0000] {dagbag.py:588} INFO - Filling up the DagBag from /home/airflow/.local/lib/python3.12/site-packages/airflow/example_dags/example_branch_python_dop_operator_3.py
[2025-01-19T21:40:00.640+0000] {processor.py:925} INFO - DAG(s) 'example_branch_dop_operator_v3' retrieved from /home/airflow/.local/lib/python3.12/site-packages/airflow/example_dags/example_branch_python_dop_operator_3.py
[2025-01-19T21:40:00.669+0000] {logging_mixin.py:190} INFO - [2025-01-19T21:40:00.669+0000] {dag.py:3239} INFO - Sync 1 DAGs
[2025-01-19T21:40:00.704+0000] {logging_mixin.py:190} INFO - [2025-01-19T21:40:00.704+0000] {dag.py:4180} INFO - Setting next_dagrun for example_branch_dop_operator_v3 to 2025-01-19 21:39:00+00:00, run_after=2025-01-19 21:40:00+00:00
[2025-01-19T21:40:00.727+0000] {processor.py:208} INFO - Processing /home/airflow/.local/lib/python3.12/site-packages/airflow/example_dags/example_branch_python_dop_operator_3.py took 0.117 seconds
[2025-01-19T21:40:31.996+0000] {processor.py:186} INFO - Started process (PID=267) to work on /home/airflow/.local/lib/python3.12/site-packages/airflow/example_dags/example_branch_python_dop_operator_3.py
[2025-01-19T21:40:31.998+0000] {processor.py:914} INFO - Processing file /home/airflow/.local/lib/python3.12/site-packages/airflow/example_dags/example_branch_python_dop_operator_3.py for tasks to queue
[2025-01-19T21:40:32.001+0000] {logging_mixin.py:190} INFO - [2025-01-19T21:40:32.001+0000] {dagbag.py:588} INFO - Filling up the DagBag from /home/airflow/.local/lib/python3.12/site-packages/airflow/example_dags/example_branch_python_dop_operator_3.py
[2025-01-19T21:40:32.012+0000] {processor.py:925} INFO - DAG(s) 'example_branch_dop_operator_v3' retrieved from /home/airflow/.local/lib/python3.12/site-packages/airflow/example_dags/example_branch_python_dop_operator_3.py
[2025-01-19T21:40:32.033+0000] {logging_mixin.py:190} INFO - [2025-01-19T21:40:32.033+0000] {dag.py:3239} INFO - Sync 1 DAGs
[2025-01-19T21:40:32.060+0000] {logging_mixin.py:190} INFO - [2025-01-19T21:40:32.060+0000] {dag.py:4180} INFO - Setting next_dagrun for example_branch_dop_operator_v3 to 2025-01-19 21:39:00+00:00, run_after=2025-01-19 21:40:00+00:00
[2025-01-19T21:40:32.110+0000] {processor.py:208} INFO - Processing /home/airflow/.local/lib/python3.12/site-packages/airflow/example_dags/example_branch_python_dop_operator_3.py took 0.122 seconds
[2025-01-19T21:41:05.081+0000] {processor.py:186} INFO - Started process (PID=336) to work on /home/airflow/.local/lib/python3.12/site-packages/airflow/example_dags/example_branch_python_dop_operator_3.py
[2025-01-19T21:41:05.084+0000] {processor.py:914} INFO - Processing file /home/airflow/.local/lib/python3.12/site-packages/airflow/example_dags/example_branch_python_dop_operator_3.py for tasks to queue
[2025-01-19T21:41:05.090+0000] {logging_mixin.py:190} INFO - [2025-01-19T21:41:05.089+0000] {dagbag.py:588} INFO - Filling up the DagBag from /home/airflow/.local/lib/python3.12/site-packages/airflow/example_dags/example_branch_python_dop_operator_3.py
[2025-01-19T21:41:05.104+0000] {processor.py:925} INFO - DAG(s) 'example_branch_dop_operator_v3' retrieved from /home/airflow/.local/lib/python3.12/site-packages/airflow/example_dags/example_branch_python_dop_operator_3.py
[2025-01-19T21:41:05.223+0000] {logging_mixin.py:190} INFO - [2025-01-19T21:41:05.223+0000] {dag.py:3239} INFO - Sync 1 DAGs
[2025-01-19T21:41:05.248+0000] {logging_mixin.py:190} INFO - [2025-01-19T21:41:05.248+0000] {dag.py:4180} INFO - Setting next_dagrun for example_branch_dop_operator_v3 to 2025-01-19 21:40:00+00:00, run_after=2025-01-19 21:41:00+00:00
[2025-01-19T21:41:06.454+0000] {processor.py:208} INFO - Processing /home/airflow/.local/lib/python3.12/site-packages/airflow/example_dags/example_branch_python_dop_operator_3.py took 1.385 seconds
[2025-01-19T21:41:36.752+0000] {processor.py:186} INFO - Started process (PID=405) to work on /home/airflow/.local/lib/python3.12/site-packages/airflow/example_dags/example_branch_python_dop_operator_3.py
[2025-01-19T21:41:36.759+0000] {processor.py:914} INFO - Processing file /home/airflow/.local/lib/python3.12/site-packages/airflow/example_dags/example_branch_python_dop_operator_3.py for tasks to queue
[2025-01-19T21:41:36.765+0000] {logging_mixin.py:190} INFO - [2025-01-19T21:41:36.764+0000] {dagbag.py:588} INFO - Filling up the DagBag from /home/airflow/.local/lib/python3.12/site-packages/airflow/example_dags/example_branch_python_dop_operator_3.py
[2025-01-19T21:41:36.787+0000] {processor.py:925} INFO - DAG(s) 'example_branch_dop_operator_v3' retrieved from /home/airflow/.local/lib/python3.12/site-packages/airflow/example_dags/example_branch_python_dop_operator_3.py
[2025-01-19T21:41:36.826+0000] {logging_mixin.py:190} INFO - [2025-01-19T21:41:36.826+0000] {dag.py:3239} INFO - Sync 1 DAGs
[2025-01-19T21:41:36.854+0000] {logging_mixin.py:190} INFO - [2025-01-19T21:41:36.853+0000] {dag.py:4180} INFO - Setting next_dagrun for example_branch_dop_operator_v3 to 2025-01-19 21:40:00+00:00, run_after=2025-01-19 21:41:00+00:00
[2025-01-19T21:41:37.696+0000] {processor.py:208} INFO - Processing /home/airflow/.local/lib/python3.12/site-packages/airflow/example_dags/example_branch_python_dop_operator_3.py took 0.958 seconds
[2025-01-19T21:42:13.195+0000] {processor.py:186} INFO - Started process (PID=474) to work on /home/airflow/.local/lib/python3.12/site-packages/airflow/example_dags/example_branch_python_dop_operator_3.py
[2025-01-19T21:42:13.196+0000] {processor.py:914} INFO - Processing file /home/airflow/.local/lib/python3.12/site-packages/airflow/example_dags/example_branch_python_dop_operator_3.py for tasks to queue
[2025-01-19T21:42:13.200+0000] {logging_mixin.py:190} INFO - [2025-01-19T21:42:13.200+0000] {dagbag.py:588} INFO - Filling up the DagBag from /home/airflow/.local/lib/python3.12/site-packages/airflow/example_dags/example_branch_python_dop_operator_3.py
[2025-01-19T21:42:13.215+0000] {processor.py:925} INFO - DAG(s) 'example_branch_dop_operator_v3' retrieved from /home/airflow/.local/lib/python3.12/site-packages/airflow/example_dags/example_branch_python_dop_operator_3.py
[2025-01-19T21:42:13.240+0000] {logging_mixin.py:190} INFO - [2025-01-19T21:42:13.240+0000] {dag.py:3239} INFO - Sync 1 DAGs
[2025-01-19T21:42:13.273+0000] {logging_mixin.py:190} INFO - [2025-01-19T21:42:13.273+0000] {dag.py:4180} INFO - Setting next_dagrun for example_branch_dop_operator_v3 to 2025-01-19 21:41:00+00:00, run_after=2025-01-19 21:42:00+00:00
[2025-01-19T21:42:13.299+0000] {processor.py:208} INFO - Processing /home/airflow/.local/lib/python3.12/site-packages/airflow/example_dags/example_branch_python_dop_operator_3.py took 0.112 seconds
[2025-01-19T21:42:43.964+0000] {processor.py:186} INFO - Started process (PID=543) to work on /home/airflow/.local/lib/python3.12/site-packages/airflow/example_dags/example_branch_python_dop_operator_3.py
[2025-01-19T21:42:43.966+0000] {processor.py:914} INFO - Processing file /home/airflow/.local/lib/python3.12/site-packages/airflow/example_dags/example_branch_python_dop_operator_3.py for tasks to queue
[2025-01-19T21:42:43.970+0000] {logging_mixin.py:190} INFO - [2025-01-19T21:42:43.969+0000] {dagbag.py:588} INFO - Filling up the DagBag from /home/airflow/.local/lib/python3.12/site-packages/airflow/example_dags/example_branch_python_dop_operator_3.py
[2025-01-19T21:42:43.982+0000] {processor.py:925} INFO - DAG(s) 'example_branch_dop_operator_v3' retrieved from /home/airflow/.local/lib/python3.12/site-packages/airflow/example_dags/example_branch_python_dop_operator_3.py
[2025-01-19T21:42:44.006+0000] {logging_mixin.py:190} INFO - [2025-01-19T21:42:44.005+0000] {dag.py:3239} INFO - Sync 1 DAGs
[2025-01-19T21:42:44.031+0000] {logging_mixin.py:190} INFO - [2025-01-19T21:42:44.031+0000] {dag.py:4180} INFO - Setting next_dagrun for example_branch_dop_operator_v3 to 2025-01-19 21:41:00+00:00, run_after=2025-01-19 21:42:00+00:00
[2025-01-19T21:42:44.051+0000] {processor.py:208} INFO - Processing /home/airflow/.local/lib/python3.12/site-packages/airflow/example_dags/example_branch_python_dop_operator_3.py took 0.100 seconds
[2025-01-19T21:43:14.691+0000] {processor.py:186} INFO - Started process (PID=611) to work on /home/airflow/.local/lib/python3.12/site-packages/airflow/example_dags/example_branch_python_dop_operator_3.py
[2025-01-19T21:43:14.693+0000] {processor.py:914} INFO - Processing file /home/airflow/.local/lib/python3.12/site-packages/airflow/example_dags/example_branch_python_dop_operator_3.py for tasks to queue
[2025-01-19T21:43:14.696+0000] {logging_mixin.py:190} INFO - [2025-01-19T21:43:14.696+0000] {dagbag.py:588} INFO - Filling up the DagBag from /home/airflow/.local/lib/python3.12/site-packages/airflow/example_dags/example_branch_python_dop_operator_3.py
[2025-01-19T21:43:14.706+0000] {processor.py:925} INFO - DAG(s) 'example_branch_dop_operator_v3' retrieved from /home/airflow/.local/lib/python3.12/site-packages/airflow/example_dags/example_branch_python_dop_operator_3.py
[2025-01-19T21:43:14.726+0000] {logging_mixin.py:190} INFO - [2025-01-19T21:43:14.726+0000] {dag.py:3239} INFO - Sync 1 DAGs
[2025-01-19T21:43:14.755+0000] {logging_mixin.py:190} INFO - [2025-01-19T21:43:14.755+0000] {dag.py:4180} INFO - Setting next_dagrun for example_branch_dop_operator_v3 to 2025-01-19 21:42:00+00:00, run_after=2025-01-19 21:43:00+00:00
[2025-01-19T21:43:14.787+0000] {processor.py:208} INFO - Processing /home/airflow/.local/lib/python3.12/site-packages/airflow/example_dags/example_branch_python_dop_operator_3.py took 0.101 seconds
[2025-01-19T21:43:45.615+0000] {processor.py:186} INFO - Started process (PID=680) to work on /home/airflow/.local/lib/python3.12/site-packages/airflow/example_dags/example_branch_python_dop_operator_3.py
[2025-01-19T21:43:45.616+0000] {processor.py:914} INFO - Processing file /home/airflow/.local/lib/python3.12/site-packages/airflow/example_dags/example_branch_python_dop_operator_3.py for tasks to queue
[2025-01-19T21:43:45.619+0000] {logging_mixin.py:190} INFO - [2025-01-19T21:43:45.618+0000] {dagbag.py:588} INFO - Filling up the DagBag from /home/airflow/.local/lib/python3.12/site-packages/airflow/example_dags/example_branch_python_dop_operator_3.py
[2025-01-19T21:43:45.630+0000] {processor.py:925} INFO - DAG(s) 'example_branch_dop_operator_v3' retrieved from /home/airflow/.local/lib/python3.12/site-packages/airflow/example_dags/example_branch_python_dop_operator_3.py
[2025-01-19T21:43:45.650+0000] {logging_mixin.py:190} INFO - [2025-01-19T21:43:45.650+0000] {dag.py:3239} INFO - Sync 1 DAGs
[2025-01-19T21:43:45.678+0000] {logging_mixin.py:190} INFO - [2025-01-19T21:43:45.678+0000] {dag.py:4180} INFO - Setting next_dagrun for example_branch_dop_operator_v3 to 2025-01-19 21:42:00+00:00, run_after=2025-01-19 21:43:00+00:00
[2025-01-19T21:43:45.697+0000] {processor.py:208} INFO - Processing /home/airflow/.local/lib/python3.12/site-packages/airflow/example_dags/example_branch_python_dop_operator_3.py took 0.088 seconds
[2025-01-19T21:44:16.131+0000] {processor.py:186} INFO - Started process (PID=749) to work on /home/airflow/.local/lib/python3.12/site-packages/airflow/example_dags/example_branch_python_dop_operator_3.py
[2025-01-19T21:44:16.133+0000] {processor.py:914} INFO - Processing file /home/airflow/.local/lib/python3.12/site-packages/airflow/example_dags/example_branch_python_dop_operator_3.py for tasks to queue
[2025-01-19T21:44:16.135+0000] {logging_mixin.py:190} INFO - [2025-01-19T21:44:16.135+0000] {dagbag.py:588} INFO - Filling up the DagBag from /home/airflow/.local/lib/python3.12/site-packages/airflow/example_dags/example_branch_python_dop_operator_3.py
[2025-01-19T21:44:16.146+0000] {processor.py:925} INFO - DAG(s) 'example_branch_dop_operator_v3' retrieved from /home/airflow/.local/lib/python3.12/site-packages/airflow/example_dags/example_branch_python_dop_operator_3.py
[2025-01-19T21:44:16.165+0000] {logging_mixin.py:190} INFO - [2025-01-19T21:44:16.164+0000] {dag.py:3239} INFO - Sync 1 DAGs
[2025-01-19T21:44:16.188+0000] {logging_mixin.py:190} INFO - [2025-01-19T21:44:16.188+0000] {dag.py:4180} INFO - Setting next_dagrun for example_branch_dop_operator_v3 to 2025-01-19 21:43:00+00:00, run_after=2025-01-19 21:44:00+00:00
[2025-01-19T21:44:16.207+0000] {processor.py:208} INFO - Processing /home/airflow/.local/lib/python3.12/site-packages/airflow/example_dags/example_branch_python_dop_operator_3.py took 0.081 seconds
[2025-01-19T21:44:46.570+0000] {processor.py:186} INFO - Started process (PID=817) to work on /home/airflow/.local/lib/python3.12/site-packages/airflow/example_dags/example_branch_python_dop_operator_3.py
[2025-01-19T21:44:46.572+0000] {processor.py:914} INFO - Processing file /home/airflow/.local/lib/python3.12/site-packages/airflow/example_dags/example_branch_python_dop_operator_3.py for tasks to queue
[2025-01-19T21:44:46.575+0000] {logging_mixin.py:190} INFO - [2025-01-19T21:44:46.575+0000] {dagbag.py:588} INFO - Filling up the DagBag from /home/airflow/.local/lib/python3.12/site-packages/airflow/example_dags/example_branch_python_dop_operator_3.py
[2025-01-19T21:44:46.586+0000] {processor.py:925} INFO - DAG(s) 'example_branch_dop_operator_v3' retrieved from /home/airflow/.local/lib/python3.12/site-packages/airflow/example_dags/example_branch_python_dop_operator_3.py
[2025-01-19T21:44:46.613+0000] {logging_mixin.py:190} INFO - [2025-01-19T21:44:46.613+0000] {dag.py:3239} INFO - Sync 1 DAGs
[2025-01-19T21:44:46.639+0000] {logging_mixin.py:190} INFO - [2025-01-19T21:44:46.639+0000] {dag.py:4180} INFO - Setting next_dagrun for example_branch_dop_operator_v3 to 2025-01-19 21:43:00+00:00, run_after=2025-01-19 21:44:00+00:00
[2025-01-19T21:44:46.660+0000] {processor.py:208} INFO - Processing /home/airflow/.local/lib/python3.12/site-packages/airflow/example_dags/example_branch_python_dop_operator_3.py took 0.096 seconds
[2025-01-19T21:45:17.124+0000] {processor.py:186} INFO - Started process (PID=886) to work on /home/airflow/.local/lib/python3.12/site-packages/airflow/example_dags/example_branch_python_dop_operator_3.py
[2025-01-19T21:45:17.126+0000] {processor.py:914} INFO - Processing file /home/airflow/.local/lib/python3.12/site-packages/airflow/example_dags/example_branch_python_dop_operator_3.py for tasks to queue
[2025-01-19T21:45:17.128+0000] {logging_mixin.py:190} INFO - [2025-01-19T21:45:17.128+0000] {dagbag.py:588} INFO - Filling up the DagBag from /home/airflow/.local/lib/python3.12/site-packages/airflow/example_dags/example_branch_python_dop_operator_3.py
[2025-01-19T21:45:17.139+0000] {processor.py:925} INFO - DAG(s) 'example_branch_dop_operator_v3' retrieved from /home/airflow/.local/lib/python3.12/site-packages/airflow/example_dags/example_branch_python_dop_operator_3.py
[2025-01-19T21:45:17.160+0000] {logging_mixin.py:190} INFO - [2025-01-19T21:45:17.160+0000] {dag.py:3239} INFO - Sync 1 DAGs
[2025-01-19T21:45:17.184+0000] {logging_mixin.py:190} INFO - [2025-01-19T21:45:17.183+0000] {dag.py:4180} INFO - Setting next_dagrun for example_branch_dop_operator_v3 to 2025-01-19 21:44:00+00:00, run_after=2025-01-19 21:45:00+00:00
[2025-01-19T21:45:17.201+0000] {processor.py:208} INFO - Processing /home/airflow/.local/lib/python3.12/site-packages/airflow/example_dags/example_branch_python_dop_operator_3.py took 0.082 seconds
[2025-01-19T21:45:47.816+0000] {processor.py:186} INFO - Started process (PID=956) to work on /home/airflow/.local/lib/python3.12/site-packages/airflow/example_dags/example_branch_python_dop_operator_3.py
[2025-01-19T21:45:47.818+0000] {processor.py:914} INFO - Processing file /home/airflow/.local/lib/python3.12/site-packages/airflow/example_dags/example_branch_python_dop_operator_3.py for tasks to queue
[2025-01-19T21:45:47.822+0000] {logging_mixin.py:190} INFO - [2025-01-19T21:45:47.822+0000] {dagbag.py:588} INFO - Filling up the DagBag from /home/airflow/.local/lib/python3.12/site-packages/airflow/example_dags/example_branch_python_dop_operator_3.py
[2025-01-19T21:45:47.837+0000] {processor.py:925} INFO - DAG(s) 'example_branch_dop_operator_v3' retrieved from /home/airflow/.local/lib/python3.12/site-packages/airflow/example_dags/example_branch_python_dop_operator_3.py
[2025-01-19T21:45:47.865+0000] {logging_mixin.py:190} INFO - [2025-01-19T21:45:47.865+0000] {dag.py:3239} INFO - Sync 1 DAGs
[2025-01-19T21:45:47.898+0000] {logging_mixin.py:190} INFO - [2025-01-19T21:45:47.898+0000] {dag.py:4180} INFO - Setting next_dagrun for example_branch_dop_operator_v3 to 2025-01-19 21:44:00+00:00, run_after=2025-01-19 21:45:00+00:00
[2025-01-19T21:45:47.923+0000] {processor.py:208} INFO - Processing /home/airflow/.local/lib/python3.12/site-packages/airflow/example_dags/example_branch_python_dop_operator_3.py took 0.113 seconds
[2025-01-19T21:46:18.728+0000] {processor.py:186} INFO - Started process (PID=1025) to work on /home/airflow/.local/lib/python3.12/site-packages/airflow/example_dags/example_branch_python_dop_operator_3.py
[2025-01-19T21:46:18.729+0000] {processor.py:914} INFO - Processing file /home/airflow/.local/lib/python3.12/site-packages/airflow/example_dags/example_branch_python_dop_operator_3.py for tasks to queue
[2025-01-19T21:46:18.731+0000] {logging_mixin.py:190} INFO - [2025-01-19T21:46:18.731+0000] {dagbag.py:588} INFO - Filling up the DagBag from /home/airflow/.local/lib/python3.12/site-packages/airflow/example_dags/example_branch_python_dop_operator_3.py
[2025-01-19T21:46:18.740+0000] {processor.py:925} INFO - DAG(s) 'example_branch_dop_operator_v3' retrieved from /home/airflow/.local/lib/python3.12/site-packages/airflow/example_dags/example_branch_python_dop_operator_3.py
[2025-01-19T21:46:18.756+0000] {logging_mixin.py:190} INFO - [2025-01-19T21:46:18.756+0000] {dag.py:3239} INFO - Sync 1 DAGs
[2025-01-19T21:46:18.777+0000] {logging_mixin.py:190} INFO - [2025-01-19T21:46:18.777+0000] {dag.py:4180} INFO - Setting next_dagrun for example_branch_dop_operator_v3 to 2025-01-19 21:45:00+00:00, run_after=2025-01-19 21:46:00+00:00
[2025-01-19T21:46:18.793+0000] {processor.py:208} INFO - Processing /home/airflow/.local/lib/python3.12/site-packages/airflow/example_dags/example_branch_python_dop_operator_3.py took 0.071 seconds
[2025-01-19T21:46:51.323+0000] {processor.py:186} INFO - Started process (PID=1100) to work on /home/airflow/.local/lib/python3.12/site-packages/airflow/example_dags/example_branch_python_dop_operator_3.py
[2025-01-19T21:46:51.325+0000] {processor.py:914} INFO - Processing file /home/airflow/.local/lib/python3.12/site-packages/airflow/example_dags/example_branch_python_dop_operator_3.py for tasks to queue
[2025-01-19T21:46:51.329+0000] {logging_mixin.py:190} INFO - [2025-01-19T21:46:51.329+0000] {dagbag.py:588} INFO - Filling up the DagBag from /home/airflow/.local/lib/python3.12/site-packages/airflow/example_dags/example_branch_python_dop_operator_3.py
[2025-01-19T21:46:51.351+0000] {processor.py:925} INFO - DAG(s) 'example_branch_dop_operator_v3' retrieved from /home/airflow/.local/lib/python3.12/site-packages/airflow/example_dags/example_branch_python_dop_operator_3.py
[2025-01-19T21:46:51.375+0000] {logging_mixin.py:190} INFO - [2025-01-19T21:46:51.375+0000] {dag.py:3239} INFO - Sync 1 DAGs
[2025-01-19T21:46:51.400+0000] {logging_mixin.py:190} INFO - [2025-01-19T21:46:51.399+0000] {dag.py:4180} INFO - Setting next_dagrun for example_branch_dop_operator_v3 to 2025-01-19 21:45:00+00:00, run_after=2025-01-19 21:46:00+00:00
[2025-01-19T21:46:51.418+0000] {processor.py:208} INFO - Processing /home/airflow/.local/lib/python3.12/site-packages/airflow/example_dags/example_branch_python_dop_operator_3.py took 0.107 seconds
[2025-01-19T21:47:21.513+0000] {processor.py:186} INFO - Started process (PID=1175) to work on /home/airflow/.local/lib/python3.12/site-packages/airflow/example_dags/example_branch_python_dop_operator_3.py
[2025-01-19T21:47:21.515+0000] {processor.py:914} INFO - Processing file /home/airflow/.local/lib/python3.12/site-packages/airflow/example_dags/example_branch_python_dop_operator_3.py for tasks to queue
[2025-01-19T21:47:21.520+0000] {logging_mixin.py:190} INFO - [2025-01-19T21:47:21.520+0000] {dagbag.py:588} INFO - Filling up the DagBag from /home/airflow/.local/lib/python3.12/site-packages/airflow/example_dags/example_branch_python_dop_operator_3.py
[2025-01-19T21:47:21.534+0000] {processor.py:925} INFO - DAG(s) 'example_branch_dop_operator_v3' retrieved from /home/airflow/.local/lib/python3.12/site-packages/airflow/example_dags/example_branch_python_dop_operator_3.py
[2025-01-19T21:47:21.554+0000] {logging_mixin.py:190} INFO - [2025-01-19T21:47:21.554+0000] {dag.py:3239} INFO - Sync 1 DAGs
[2025-01-19T21:47:21.577+0000] {logging_mixin.py:190} INFO - [2025-01-19T21:47:21.577+0000] {dag.py:4180} INFO - Setting next_dagrun for example_branch_dop_operator_v3 to 2025-01-19 21:46:00+00:00, run_after=2025-01-19 21:47:00+00:00
[2025-01-19T21:47:21.599+0000] {processor.py:208} INFO - Processing /home/airflow/.local/lib/python3.12/site-packages/airflow/example_dags/example_branch_python_dop_operator_3.py took 0.091 seconds
[2025-01-19T21:47:53.801+0000] {processor.py:186} INFO - Started process (PID=1245) to work on /home/airflow/.local/lib/python3.12/site-packages/airflow/example_dags/example_branch_python_dop_operator_3.py
[2025-01-19T21:47:53.803+0000] {processor.py:914} INFO - Processing file /home/airflow/.local/lib/python3.12/site-packages/airflow/example_dags/example_branch_python_dop_operator_3.py for tasks to queue
[2025-01-19T21:47:53.807+0000] {logging_mixin.py:190} INFO - [2025-01-19T21:47:53.806+0000] {dagbag.py:588} INFO - Filling up the DagBag from /home/airflow/.local/lib/python3.12/site-packages/airflow/example_dags/example_branch_python_dop_operator_3.py
[2025-01-19T21:47:53.820+0000] {processor.py:925} INFO - DAG(s) 'example_branch_dop_operator_v3' retrieved from /home/airflow/.local/lib/python3.12/site-packages/airflow/example_dags/example_branch_python_dop_operator_3.py
[2025-01-19T21:47:53.841+0000] {logging_mixin.py:190} INFO - [2025-01-19T21:47:53.841+0000] {dag.py:3239} INFO - Sync 1 DAGs
[2025-01-19T21:47:53.880+0000] {logging_mixin.py:190} INFO - [2025-01-19T21:47:53.880+0000] {dag.py:4180} INFO - Setting next_dagrun for example_branch_dop_operator_v3 to 2025-01-19 21:46:00+00:00, run_after=2025-01-19 21:47:00+00:00
[2025-01-19T21:47:53.912+0000] {processor.py:208} INFO - Processing /home/airflow/.local/lib/python3.12/site-packages/airflow/example_dags/example_branch_python_dop_operator_3.py took 0.118 seconds
[2025-01-19T21:48:24.443+0000] {processor.py:186} INFO - Started process (PID=1314) to work on /home/airflow/.local/lib/python3.12/site-packages/airflow/example_dags/example_branch_python_dop_operator_3.py
[2025-01-19T21:48:24.449+0000] {processor.py:914} INFO - Processing file /home/airflow/.local/lib/python3.12/site-packages/airflow/example_dags/example_branch_python_dop_operator_3.py for tasks to queue
[2025-01-19T21:48:24.459+0000] {logging_mixin.py:190} INFO - [2025-01-19T21:48:24.457+0000] {dagbag.py:588} INFO - Filling up the DagBag from /home/airflow/.local/lib/python3.12/site-packages/airflow/example_dags/example_branch_python_dop_operator_3.py
[2025-01-19T21:48:24.501+0000] {processor.py:925} INFO - DAG(s) 'example_branch_dop_operator_v3' retrieved from /home/airflow/.local/lib/python3.12/site-packages/airflow/example_dags/example_branch_python_dop_operator_3.py
[2025-01-19T21:48:24.555+0000] {logging_mixin.py:190} INFO - [2025-01-19T21:48:24.554+0000] {dag.py:3239} INFO - Sync 1 DAGs
[2025-01-19T21:48:24.597+0000] {logging_mixin.py:190} INFO - [2025-01-19T21:48:24.597+0000] {dag.py:4180} INFO - Setting next_dagrun for example_branch_dop_operator_v3 to 2025-01-19 21:47:00+00:00, run_after=2025-01-19 21:48:00+00:00
[2025-01-19T21:48:24.633+0000] {processor.py:208} INFO - Processing /home/airflow/.local/lib/python3.12/site-packages/airflow/example_dags/example_branch_python_dop_operator_3.py took 0.212 seconds
[2025-01-19T21:48:55.177+0000] {processor.py:186} INFO - Started process (PID=1383) to work on /home/airflow/.local/lib/python3.12/site-packages/airflow/example_dags/example_branch_python_dop_operator_3.py
[2025-01-19T21:48:55.178+0000] {processor.py:914} INFO - Processing file /home/airflow/.local/lib/python3.12/site-packages/airflow/example_dags/example_branch_python_dop_operator_3.py for tasks to queue
[2025-01-19T21:48:55.182+0000] {logging_mixin.py:190} INFO - [2025-01-19T21:48:55.181+0000] {dagbag.py:588} INFO - Filling up the DagBag from /home/airflow/.local/lib/python3.12/site-packages/airflow/example_dags/example_branch_python_dop_operator_3.py
[2025-01-19T21:48:55.197+0000] {processor.py:925} INFO - DAG(s) 'example_branch_dop_operator_v3' retrieved from /home/airflow/.local/lib/python3.12/site-packages/airflow/example_dags/example_branch_python_dop_operator_3.py
[2025-01-19T21:48:55.225+0000] {logging_mixin.py:190} INFO - [2025-01-19T21:48:55.225+0000] {dag.py:3239} INFO - Sync 1 DAGs
[2025-01-19T21:48:55.254+0000] {logging_mixin.py:190} INFO - [2025-01-19T21:48:55.254+0000] {dag.py:4180} INFO - Setting next_dagrun for example_branch_dop_operator_v3 to 2025-01-19 21:47:00+00:00, run_after=2025-01-19 21:48:00+00:00
[2025-01-19T21:48:55.273+0000] {processor.py:208} INFO - Processing /home/airflow/.local/lib/python3.12/site-packages/airflow/example_dags/example_branch_python_dop_operator_3.py took 0.102 seconds
[2025-01-19T21:49:27.234+0000] {processor.py:186} INFO - Started process (PID=1452) to work on /home/airflow/.local/lib/python3.12/site-packages/airflow/example_dags/example_branch_python_dop_operator_3.py
[2025-01-19T21:49:27.236+0000] {processor.py:914} INFO - Processing file /home/airflow/.local/lib/python3.12/site-packages/airflow/example_dags/example_branch_python_dop_operator_3.py for tasks to queue
[2025-01-19T21:49:27.240+0000] {logging_mixin.py:190} INFO - [2025-01-19T21:49:27.240+0000] {dagbag.py:588} INFO - Filling up the DagBag from /home/airflow/.local/lib/python3.12/site-packages/airflow/example_dags/example_branch_python_dop_operator_3.py
[2025-01-19T21:49:27.251+0000] {processor.py:925} INFO - DAG(s) 'example_branch_dop_operator_v3' retrieved from /home/airflow/.local/lib/python3.12/site-packages/airflow/example_dags/example_branch_python_dop_operator_3.py
[2025-01-19T21:49:27.271+0000] {logging_mixin.py:190} INFO - [2025-01-19T21:49:27.270+0000] {dag.py:3239} INFO - Sync 1 DAGs
[2025-01-19T21:49:27.320+0000] {logging_mixin.py:190} INFO - [2025-01-19T21:49:27.319+0000] {dag.py:4180} INFO - Setting next_dagrun for example_branch_dop_operator_v3 to 2025-01-19 21:48:00+00:00, run_after=2025-01-19 21:49:00+00:00
[2025-01-19T21:49:27.346+0000] {processor.py:208} INFO - Processing /home/airflow/.local/lib/python3.12/site-packages/airflow/example_dags/example_branch_python_dop_operator_3.py took 0.120 seconds
[2025-01-19T21:49:58.467+0000] {processor.py:186} INFO - Started process (PID=1521) to work on /home/airflow/.local/lib/python3.12/site-packages/airflow/example_dags/example_branch_python_dop_operator_3.py
[2025-01-19T21:49:58.469+0000] {processor.py:914} INFO - Processing file /home/airflow/.local/lib/python3.12/site-packages/airflow/example_dags/example_branch_python_dop_operator_3.py for tasks to queue
[2025-01-19T21:49:58.473+0000] {logging_mixin.py:190} INFO - [2025-01-19T21:49:58.472+0000] {dagbag.py:588} INFO - Filling up the DagBag from /home/airflow/.local/lib/python3.12/site-packages/airflow/example_dags/example_branch_python_dop_operator_3.py
[2025-01-19T21:49:58.484+0000] {processor.py:925} INFO - DAG(s) 'example_branch_dop_operator_v3' retrieved from /home/airflow/.local/lib/python3.12/site-packages/airflow/example_dags/example_branch_python_dop_operator_3.py
[2025-01-19T21:49:58.501+0000] {logging_mixin.py:190} INFO - [2025-01-19T21:49:58.501+0000] {dag.py:3239} INFO - Sync 1 DAGs
[2025-01-19T21:49:58.524+0000] {logging_mixin.py:190} INFO - [2025-01-19T21:49:58.524+0000] {dag.py:4180} INFO - Setting next_dagrun for example_branch_dop_operator_v3 to 2025-01-19 21:48:00+00:00, run_after=2025-01-19 21:49:00+00:00
[2025-01-19T21:49:58.554+0000] {processor.py:208} INFO - Processing /home/airflow/.local/lib/python3.12/site-packages/airflow/example_dags/example_branch_python_dop_operator_3.py took 0.096 seconds
[2025-01-19T21:50:29.967+0000] {processor.py:186} INFO - Started process (PID=1590) to work on /home/airflow/.local/lib/python3.12/site-packages/airflow/example_dags/example_branch_python_dop_operator_3.py
[2025-01-19T21:50:29.969+0000] {processor.py:914} INFO - Processing file /home/airflow/.local/lib/python3.12/site-packages/airflow/example_dags/example_branch_python_dop_operator_3.py for tasks to queue
[2025-01-19T21:50:29.973+0000] {logging_mixin.py:190} INFO - [2025-01-19T21:50:29.972+0000] {dagbag.py:588} INFO - Filling up the DagBag from /home/airflow/.local/lib/python3.12/site-packages/airflow/example_dags/example_branch_python_dop_operator_3.py
[2025-01-19T21:50:29.987+0000] {processor.py:925} INFO - DAG(s) 'example_branch_dop_operator_v3' retrieved from /home/airflow/.local/lib/python3.12/site-packages/airflow/example_dags/example_branch_python_dop_operator_3.py
[2025-01-19T21:50:30.011+0000] {logging_mixin.py:190} INFO - [2025-01-19T21:50:30.011+0000] {dag.py:3239} INFO - Sync 1 DAGs
[2025-01-19T21:50:30.046+0000] {logging_mixin.py:190} INFO - [2025-01-19T21:50:30.046+0000] {dag.py:4180} INFO - Setting next_dagrun for example_branch_dop_operator_v3 to 2025-01-19 21:49:00+00:00, run_after=2025-01-19 21:50:00+00:00
[2025-01-19T21:50:30.070+0000] {processor.py:208} INFO - Processing /home/airflow/.local/lib/python3.12/site-packages/airflow/example_dags/example_branch_python_dop_operator_3.py took 0.113 seconds
[2025-01-19T21:51:00.682+0000] {processor.py:186} INFO - Started process (PID=1659) to work on /home/airflow/.local/lib/python3.12/site-packages/airflow/example_dags/example_branch_python_dop_operator_3.py
[2025-01-19T21:51:00.685+0000] {processor.py:914} INFO - Processing file /home/airflow/.local/lib/python3.12/site-packages/airflow/example_dags/example_branch_python_dop_operator_3.py for tasks to queue
[2025-01-19T21:51:00.689+0000] {logging_mixin.py:190} INFO - [2025-01-19T21:51:00.689+0000] {dagbag.py:588} INFO - Filling up the DagBag from /home/airflow/.local/lib/python3.12/site-packages/airflow/example_dags/example_branch_python_dop_operator_3.py
[2025-01-19T21:51:00.704+0000] {processor.py:925} INFO - DAG(s) 'example_branch_dop_operator_v3' retrieved from /home/airflow/.local/lib/python3.12/site-packages/airflow/example_dags/example_branch_python_dop_operator_3.py
[2025-01-19T21:51:00.739+0000] {logging_mixin.py:190} INFO - [2025-01-19T21:51:00.738+0000] {dag.py:3239} INFO - Sync 1 DAGs
[2025-01-19T21:51:00.771+0000] {logging_mixin.py:190} INFO - [2025-01-19T21:51:00.771+0000] {dag.py:4180} INFO - Setting next_dagrun for example_branch_dop_operator_v3 to 2025-01-19 21:50:00+00:00, run_after=2025-01-19 21:51:00+00:00
[2025-01-19T21:51:00.790+0000] {processor.py:208} INFO - Processing /home/airflow/.local/lib/python3.12/site-packages/airflow/example_dags/example_branch_python_dop_operator_3.py took 0.121 seconds
[2025-01-19T21:51:32.581+0000] {processor.py:186} INFO - Started process (PID=1728) to work on /home/airflow/.local/lib/python3.12/site-packages/airflow/example_dags/example_branch_python_dop_operator_3.py
[2025-01-19T21:51:32.583+0000] {processor.py:914} INFO - Processing file /home/airflow/.local/lib/python3.12/site-packages/airflow/example_dags/example_branch_python_dop_operator_3.py for tasks to queue
[2025-01-19T21:51:32.587+0000] {logging_mixin.py:190} INFO - [2025-01-19T21:51:32.586+0000] {dagbag.py:588} INFO - Filling up the DagBag from /home/airflow/.local/lib/python3.12/site-packages/airflow/example_dags/example_branch_python_dop_operator_3.py
[2025-01-19T21:51:32.603+0000] {processor.py:925} INFO - DAG(s) 'example_branch_dop_operator_v3' retrieved from /home/airflow/.local/lib/python3.12/site-packages/airflow/example_dags/example_branch_python_dop_operator_3.py
[2025-01-19T21:51:32.628+0000] {logging_mixin.py:190} INFO - [2025-01-19T21:51:32.628+0000] {dag.py:3239} INFO - Sync 1 DAGs
[2025-01-19T21:51:32.681+0000] {logging_mixin.py:190} INFO - [2025-01-19T21:51:32.681+0000] {dag.py:4180} INFO - Setting next_dagrun for example_branch_dop_operator_v3 to 2025-01-19 21:50:00+00:00, run_after=2025-01-19 21:51:00+00:00
[2025-01-19T21:51:32.706+0000] {processor.py:208} INFO - Processing /home/airflow/.local/lib/python3.12/site-packages/airflow/example_dags/example_branch_python_dop_operator_3.py took 0.133 seconds
