[2025-01-19T21:39:20.811+0000] {processor.py:186} INFO - Started process (PID=92) to work on /home/airflow/.local/lib/python3.12/site-packages/airflow/example_dags/example_latest_only_with_trigger.py
[2025-01-19T21:39:20.813+0000] {processor.py:914} INFO - Processing file /home/airflow/.local/lib/python3.12/site-packages/airflow/example_dags/example_latest_only_with_trigger.py for tasks to queue
[2025-01-19T21:39:20.817+0000] {logging_mixin.py:190} INFO - [2025-01-19T21:39:20.816+0000] {dagbag.py:588} INFO - Filling up the DagBag from /home/airflow/.local/lib/python3.12/site-packages/airflow/example_dags/example_latest_only_with_trigger.py
[2025-01-19T21:39:20.827+0000] {processor.py:925} INFO - DAG(s) 'latest_only_with_trigger' retrieved from /home/airflow/.local/lib/python3.12/site-packages/airflow/example_dags/example_latest_only_with_trigger.py
[2025-01-19T21:39:20.949+0000] {logging_mixin.py:190} INFO - [2025-01-19T21:39:20.949+0000] {override.py:1911} INFO - Created Permission View: can edit on DAG:latest_only_with_trigger
[2025-01-19T21:39:20.961+0000] {logging_mixin.py:190} INFO - [2025-01-19T21:39:20.961+0000] {override.py:1911} INFO - Created Permission View: can delete on DAG:latest_only_with_trigger
[2025-01-19T21:39:20.970+0000] {logging_mixin.py:190} INFO - [2025-01-19T21:39:20.969+0000] {override.py:1911} INFO - Created Permission View: can read on DAG:latest_only_with_trigger
[2025-01-19T21:39:20.980+0000] {logging_mixin.py:190} INFO - [2025-01-19T21:39:20.979+0000] {override.py:1911} INFO - Created Permission View: menu access on DAG Run:latest_only_with_trigger
[2025-01-19T21:39:20.990+0000] {logging_mixin.py:190} INFO - [2025-01-19T21:39:20.989+0000] {override.py:1911} INFO - Created Permission View: can create on DAG Run:latest_only_with_trigger
[2025-01-19T21:39:20.999+0000] {logging_mixin.py:190} INFO - [2025-01-19T21:39:20.998+0000] {override.py:1911} INFO - Created Permission View: can delete on DAG Run:latest_only_with_trigger
[2025-01-19T21:39:21.009+0000] {logging_mixin.py:190} INFO - [2025-01-19T21:39:21.009+0000] {override.py:1911} INFO - Created Permission View: can read on DAG Run:latest_only_with_trigger
[2025-01-19T21:39:21.011+0000] {logging_mixin.py:190} INFO - [2025-01-19T21:39:21.010+0000] {dag.py:3239} INFO - Sync 1 DAGs
[2025-01-19T21:39:21.027+0000] {logging_mixin.py:190} INFO - [2025-01-19T21:39:21.027+0000] {dag.py:3262} INFO - Creating ORM DAG for latest_only_with_trigger
[2025-01-19T21:39:21.039+0000] {logging_mixin.py:190} INFO - [2025-01-19T21:39:21.039+0000] {dag.py:4180} INFO - Setting next_dagrun for latest_only_with_trigger to 2025-01-19 16:00:00+00:00, run_after=2025-01-19 20:00:00+00:00
[2025-01-19T21:39:21.059+0000] {processor.py:208} INFO - Processing /home/airflow/.local/lib/python3.12/site-packages/airflow/example_dags/example_latest_only_with_trigger.py took 0.256 seconds
[2025-01-19T21:39:51.968+0000] {processor.py:186} INFO - Started process (PID=161) to work on /home/airflow/.local/lib/python3.12/site-packages/airflow/example_dags/example_latest_only_with_trigger.py
[2025-01-19T21:39:51.970+0000] {processor.py:914} INFO - Processing file /home/airflow/.local/lib/python3.12/site-packages/airflow/example_dags/example_latest_only_with_trigger.py for tasks to queue
[2025-01-19T21:39:51.974+0000] {logging_mixin.py:190} INFO - [2025-01-19T21:39:51.974+0000] {dagbag.py:588} INFO - Filling up the DagBag from /home/airflow/.local/lib/python3.12/site-packages/airflow/example_dags/example_latest_only_with_trigger.py
[2025-01-19T21:39:51.987+0000] {processor.py:925} INFO - DAG(s) 'latest_only_with_trigger' retrieved from /home/airflow/.local/lib/python3.12/site-packages/airflow/example_dags/example_latest_only_with_trigger.py
[2025-01-19T21:39:52.034+0000] {logging_mixin.py:190} INFO - [2025-01-19T21:39:52.034+0000] {dag.py:3239} INFO - Sync 1 DAGs
[2025-01-19T21:39:52.074+0000] {logging_mixin.py:190} INFO - [2025-01-19T21:39:52.073+0000] {dag.py:4180} INFO - Setting next_dagrun for latest_only_with_trigger to 2025-01-19 16:00:00+00:00, run_after=2025-01-19 20:00:00+00:00
[2025-01-19T21:39:52.125+0000] {processor.py:208} INFO - Processing /home/airflow/.local/lib/python3.12/site-packages/airflow/example_dags/example_latest_only_with_trigger.py took 0.166 seconds
[2025-01-19T21:40:22.333+0000] {processor.py:186} INFO - Started process (PID=230) to work on /home/airflow/.local/lib/python3.12/site-packages/airflow/example_dags/example_latest_only_with_trigger.py
[2025-01-19T21:40:22.335+0000] {processor.py:914} INFO - Processing file /home/airflow/.local/lib/python3.12/site-packages/airflow/example_dags/example_latest_only_with_trigger.py for tasks to queue
[2025-01-19T21:40:22.342+0000] {logging_mixin.py:190} INFO - [2025-01-19T21:40:22.341+0000] {dagbag.py:588} INFO - Filling up the DagBag from /home/airflow/.local/lib/python3.12/site-packages/airflow/example_dags/example_latest_only_with_trigger.py
[2025-01-19T21:40:22.351+0000] {processor.py:925} INFO - DAG(s) 'latest_only_with_trigger' retrieved from /home/airflow/.local/lib/python3.12/site-packages/airflow/example_dags/example_latest_only_with_trigger.py
[2025-01-19T21:40:22.377+0000] {logging_mixin.py:190} INFO - [2025-01-19T21:40:22.377+0000] {dag.py:3239} INFO - Sync 1 DAGs
[2025-01-19T21:40:22.410+0000] {logging_mixin.py:190} INFO - [2025-01-19T21:40:22.410+0000] {dag.py:4180} INFO - Setting next_dagrun for latest_only_with_trigger to 2025-01-19 16:00:00+00:00, run_after=2025-01-19 20:00:00+00:00
[2025-01-19T21:40:22.436+0000] {processor.py:208} INFO - Processing /home/airflow/.local/lib/python3.12/site-packages/airflow/example_dags/example_latest_only_with_trigger.py took 0.111 seconds
[2025-01-19T21:40:52.543+0000] {processor.py:186} INFO - Started process (PID=299) to work on /home/airflow/.local/lib/python3.12/site-packages/airflow/example_dags/example_latest_only_with_trigger.py
[2025-01-19T21:40:52.544+0000] {processor.py:914} INFO - Processing file /home/airflow/.local/lib/python3.12/site-packages/airflow/example_dags/example_latest_only_with_trigger.py for tasks to queue
[2025-01-19T21:40:52.547+0000] {logging_mixin.py:190} INFO - [2025-01-19T21:40:52.547+0000] {dagbag.py:588} INFO - Filling up the DagBag from /home/airflow/.local/lib/python3.12/site-packages/airflow/example_dags/example_latest_only_with_trigger.py
[2025-01-19T21:40:52.557+0000] {processor.py:925} INFO - DAG(s) 'latest_only_with_trigger' retrieved from /home/airflow/.local/lib/python3.12/site-packages/airflow/example_dags/example_latest_only_with_trigger.py
[2025-01-19T21:40:52.579+0000] {logging_mixin.py:190} INFO - [2025-01-19T21:40:52.579+0000] {dag.py:3239} INFO - Sync 1 DAGs
[2025-01-19T21:40:52.606+0000] {logging_mixin.py:190} INFO - [2025-01-19T21:40:52.606+0000] {dag.py:4180} INFO - Setting next_dagrun for latest_only_with_trigger to 2025-01-19 16:00:00+00:00, run_after=2025-01-19 20:00:00+00:00
[2025-01-19T21:40:52.634+0000] {processor.py:208} INFO - Processing /home/airflow/.local/lib/python3.12/site-packages/airflow/example_dags/example_latest_only_with_trigger.py took 0.097 seconds
[2025-01-19T21:41:22.768+0000] {processor.py:186} INFO - Started process (PID=367) to work on /home/airflow/.local/lib/python3.12/site-packages/airflow/example_dags/example_latest_only_with_trigger.py
[2025-01-19T21:41:22.770+0000] {processor.py:914} INFO - Processing file /home/airflow/.local/lib/python3.12/site-packages/airflow/example_dags/example_latest_only_with_trigger.py for tasks to queue
[2025-01-19T21:41:22.773+0000] {logging_mixin.py:190} INFO - [2025-01-19T21:41:22.773+0000] {dagbag.py:588} INFO - Filling up the DagBag from /home/airflow/.local/lib/python3.12/site-packages/airflow/example_dags/example_latest_only_with_trigger.py
[2025-01-19T21:41:22.785+0000] {processor.py:925} INFO - DAG(s) 'latest_only_with_trigger' retrieved from /home/airflow/.local/lib/python3.12/site-packages/airflow/example_dags/example_latest_only_with_trigger.py
[2025-01-19T21:41:22.808+0000] {logging_mixin.py:190} INFO - [2025-01-19T21:41:22.808+0000] {dag.py:3239} INFO - Sync 1 DAGs
[2025-01-19T21:41:22.837+0000] {logging_mixin.py:190} INFO - [2025-01-19T21:41:22.837+0000] {dag.py:4180} INFO - Setting next_dagrun for latest_only_with_trigger to 2025-01-19 16:00:00+00:00, run_after=2025-01-19 20:00:00+00:00
[2025-01-19T21:41:22.861+0000] {processor.py:208} INFO - Processing /home/airflow/.local/lib/python3.12/site-packages/airflow/example_dags/example_latest_only_with_trigger.py took 0.102 seconds
[2025-01-19T21:41:53.490+0000] {processor.py:186} INFO - Started process (PID=436) to work on /home/airflow/.local/lib/python3.12/site-packages/airflow/example_dags/example_latest_only_with_trigger.py
[2025-01-19T21:41:53.492+0000] {processor.py:914} INFO - Processing file /home/airflow/.local/lib/python3.12/site-packages/airflow/example_dags/example_latest_only_with_trigger.py for tasks to queue
[2025-01-19T21:41:53.495+0000] {logging_mixin.py:190} INFO - [2025-01-19T21:41:53.495+0000] {dagbag.py:588} INFO - Filling up the DagBag from /home/airflow/.local/lib/python3.12/site-packages/airflow/example_dags/example_latest_only_with_trigger.py
[2025-01-19T21:41:53.504+0000] {processor.py:925} INFO - DAG(s) 'latest_only_with_trigger' retrieved from /home/airflow/.local/lib/python3.12/site-packages/airflow/example_dags/example_latest_only_with_trigger.py
[2025-01-19T21:41:53.528+0000] {logging_mixin.py:190} INFO - [2025-01-19T21:41:53.528+0000] {dag.py:3239} INFO - Sync 1 DAGs
[2025-01-19T21:41:53.563+0000] {logging_mixin.py:190} INFO - [2025-01-19T21:41:53.563+0000] {dag.py:4180} INFO - Setting next_dagrun for latest_only_with_trigger to 2025-01-19 16:00:00+00:00, run_after=2025-01-19 20:00:00+00:00
[2025-01-19T21:41:53.605+0000] {processor.py:208} INFO - Processing /home/airflow/.local/lib/python3.12/site-packages/airflow/example_dags/example_latest_only_with_trigger.py took 0.120 seconds
[2025-01-19T21:42:25.715+0000] {processor.py:186} INFO - Started process (PID=506) to work on /home/airflow/.local/lib/python3.12/site-packages/airflow/example_dags/example_latest_only_with_trigger.py
[2025-01-19T21:42:25.717+0000] {processor.py:914} INFO - Processing file /home/airflow/.local/lib/python3.12/site-packages/airflow/example_dags/example_latest_only_with_trigger.py for tasks to queue
[2025-01-19T21:42:25.720+0000] {logging_mixin.py:190} INFO - [2025-01-19T21:42:25.720+0000] {dagbag.py:588} INFO - Filling up the DagBag from /home/airflow/.local/lib/python3.12/site-packages/airflow/example_dags/example_latest_only_with_trigger.py
[2025-01-19T21:42:25.729+0000] {processor.py:925} INFO - DAG(s) 'latest_only_with_trigger' retrieved from /home/airflow/.local/lib/python3.12/site-packages/airflow/example_dags/example_latest_only_with_trigger.py
[2025-01-19T21:42:25.750+0000] {logging_mixin.py:190} INFO - [2025-01-19T21:42:25.750+0000] {dag.py:3239} INFO - Sync 1 DAGs
[2025-01-19T21:42:25.775+0000] {logging_mixin.py:190} INFO - [2025-01-19T21:42:25.775+0000] {dag.py:4180} INFO - Setting next_dagrun for latest_only_with_trigger to 2025-01-19 16:00:00+00:00, run_after=2025-01-19 20:00:00+00:00
[2025-01-19T21:42:25.944+0000] {processor.py:208} INFO - Processing /home/airflow/.local/lib/python3.12/site-packages/airflow/example_dags/example_latest_only_with_trigger.py took 0.238 seconds
[2025-01-19T21:42:56.867+0000] {processor.py:186} INFO - Started process (PID=575) to work on /home/airflow/.local/lib/python3.12/site-packages/airflow/example_dags/example_latest_only_with_trigger.py
[2025-01-19T21:42:56.875+0000] {processor.py:914} INFO - Processing file /home/airflow/.local/lib/python3.12/site-packages/airflow/example_dags/example_latest_only_with_trigger.py for tasks to queue
[2025-01-19T21:42:56.878+0000] {logging_mixin.py:190} INFO - [2025-01-19T21:42:56.877+0000] {dagbag.py:588} INFO - Filling up the DagBag from /home/airflow/.local/lib/python3.12/site-packages/airflow/example_dags/example_latest_only_with_trigger.py
[2025-01-19T21:42:56.891+0000] {processor.py:925} INFO - DAG(s) 'latest_only_with_trigger' retrieved from /home/airflow/.local/lib/python3.12/site-packages/airflow/example_dags/example_latest_only_with_trigger.py
[2025-01-19T21:42:56.924+0000] {logging_mixin.py:190} INFO - [2025-01-19T21:42:56.923+0000] {dag.py:3239} INFO - Sync 1 DAGs
[2025-01-19T21:42:56.977+0000] {logging_mixin.py:190} INFO - [2025-01-19T21:42:56.977+0000] {dag.py:4180} INFO - Setting next_dagrun for latest_only_with_trigger to 2025-01-19 16:00:00+00:00, run_after=2025-01-19 20:00:00+00:00
[2025-01-19T21:42:57.012+0000] {processor.py:208} INFO - Processing /home/airflow/.local/lib/python3.12/site-packages/airflow/example_dags/example_latest_only_with_trigger.py took 0.153 seconds
[2025-01-19T21:43:27.113+0000] {processor.py:186} INFO - Started process (PID=644) to work on /home/airflow/.local/lib/python3.12/site-packages/airflow/example_dags/example_latest_only_with_trigger.py
[2025-01-19T21:43:27.115+0000] {processor.py:914} INFO - Processing file /home/airflow/.local/lib/python3.12/site-packages/airflow/example_dags/example_latest_only_with_trigger.py for tasks to queue
[2025-01-19T21:43:27.118+0000] {logging_mixin.py:190} INFO - [2025-01-19T21:43:27.118+0000] {dagbag.py:588} INFO - Filling up the DagBag from /home/airflow/.local/lib/python3.12/site-packages/airflow/example_dags/example_latest_only_with_trigger.py
[2025-01-19T21:43:27.128+0000] {processor.py:925} INFO - DAG(s) 'latest_only_with_trigger' retrieved from /home/airflow/.local/lib/python3.12/site-packages/airflow/example_dags/example_latest_only_with_trigger.py
[2025-01-19T21:43:27.151+0000] {logging_mixin.py:190} INFO - [2025-01-19T21:43:27.151+0000] {dag.py:3239} INFO - Sync 1 DAGs
[2025-01-19T21:43:27.179+0000] {logging_mixin.py:190} INFO - [2025-01-19T21:43:27.178+0000] {dag.py:4180} INFO - Setting next_dagrun for latest_only_with_trigger to 2025-01-19 16:00:00+00:00, run_after=2025-01-19 20:00:00+00:00
[2025-01-19T21:43:27.199+0000] {processor.py:208} INFO - Processing /home/airflow/.local/lib/python3.12/site-packages/airflow/example_dags/example_latest_only_with_trigger.py took 0.095 seconds
[2025-01-19T21:43:57.927+0000] {processor.py:186} INFO - Started process (PID=713) to work on /home/airflow/.local/lib/python3.12/site-packages/airflow/example_dags/example_latest_only_with_trigger.py
[2025-01-19T21:43:57.928+0000] {processor.py:914} INFO - Processing file /home/airflow/.local/lib/python3.12/site-packages/airflow/example_dags/example_latest_only_with_trigger.py for tasks to queue
[2025-01-19T21:43:57.930+0000] {logging_mixin.py:190} INFO - [2025-01-19T21:43:57.930+0000] {dagbag.py:588} INFO - Filling up the DagBag from /home/airflow/.local/lib/python3.12/site-packages/airflow/example_dags/example_latest_only_with_trigger.py
[2025-01-19T21:43:57.939+0000] {processor.py:925} INFO - DAG(s) 'latest_only_with_trigger' retrieved from /home/airflow/.local/lib/python3.12/site-packages/airflow/example_dags/example_latest_only_with_trigger.py
[2025-01-19T21:43:57.958+0000] {logging_mixin.py:190} INFO - [2025-01-19T21:43:57.958+0000] {dag.py:3239} INFO - Sync 1 DAGs
[2025-01-19T21:43:57.993+0000] {logging_mixin.py:190} INFO - [2025-01-19T21:43:57.992+0000] {dag.py:4180} INFO - Setting next_dagrun for latest_only_with_trigger to 2025-01-19 16:00:00+00:00, run_after=2025-01-19 20:00:00+00:00
[2025-01-19T21:43:58.013+0000] {processor.py:208} INFO - Processing /home/airflow/.local/lib/python3.12/site-packages/airflow/example_dags/example_latest_only_with_trigger.py took 0.095 seconds
[2025-01-19T21:44:28.366+0000] {processor.py:186} INFO - Started process (PID=782) to work on /home/airflow/.local/lib/python3.12/site-packages/airflow/example_dags/example_latest_only_with_trigger.py
[2025-01-19T21:44:28.368+0000] {processor.py:914} INFO - Processing file /home/airflow/.local/lib/python3.12/site-packages/airflow/example_dags/example_latest_only_with_trigger.py for tasks to queue
[2025-01-19T21:44:28.370+0000] {logging_mixin.py:190} INFO - [2025-01-19T21:44:28.370+0000] {dagbag.py:588} INFO - Filling up the DagBag from /home/airflow/.local/lib/python3.12/site-packages/airflow/example_dags/example_latest_only_with_trigger.py
[2025-01-19T21:44:28.378+0000] {processor.py:925} INFO - DAG(s) 'latest_only_with_trigger' retrieved from /home/airflow/.local/lib/python3.12/site-packages/airflow/example_dags/example_latest_only_with_trigger.py
[2025-01-19T21:44:28.397+0000] {logging_mixin.py:190} INFO - [2025-01-19T21:44:28.397+0000] {dag.py:3239} INFO - Sync 1 DAGs
[2025-01-19T21:44:28.425+0000] {logging_mixin.py:190} INFO - [2025-01-19T21:44:28.424+0000] {dag.py:4180} INFO - Setting next_dagrun for latest_only_with_trigger to 2025-01-19 16:00:00+00:00, run_after=2025-01-19 20:00:00+00:00
[2025-01-19T21:44:28.442+0000] {processor.py:208} INFO - Processing /home/airflow/.local/lib/python3.12/site-packages/airflow/example_dags/example_latest_only_with_trigger.py took 0.082 seconds
[2025-01-19T21:44:58.703+0000] {processor.py:186} INFO - Started process (PID=851) to work on /home/airflow/.local/lib/python3.12/site-packages/airflow/example_dags/example_latest_only_with_trigger.py
[2025-01-19T21:44:58.705+0000] {processor.py:914} INFO - Processing file /home/airflow/.local/lib/python3.12/site-packages/airflow/example_dags/example_latest_only_with_trigger.py for tasks to queue
[2025-01-19T21:44:58.707+0000] {logging_mixin.py:190} INFO - [2025-01-19T21:44:58.707+0000] {dagbag.py:588} INFO - Filling up the DagBag from /home/airflow/.local/lib/python3.12/site-packages/airflow/example_dags/example_latest_only_with_trigger.py
[2025-01-19T21:44:58.715+0000] {processor.py:925} INFO - DAG(s) 'latest_only_with_trigger' retrieved from /home/airflow/.local/lib/python3.12/site-packages/airflow/example_dags/example_latest_only_with_trigger.py
[2025-01-19T21:44:58.733+0000] {logging_mixin.py:190} INFO - [2025-01-19T21:44:58.733+0000] {dag.py:3239} INFO - Sync 1 DAGs
[2025-01-19T21:44:58.763+0000] {logging_mixin.py:190} INFO - [2025-01-19T21:44:58.762+0000] {dag.py:4180} INFO - Setting next_dagrun for latest_only_with_trigger to 2025-01-19 16:00:00+00:00, run_after=2025-01-19 20:00:00+00:00
[2025-01-19T21:44:58.789+0000] {processor.py:208} INFO - Processing /home/airflow/.local/lib/python3.12/site-packages/airflow/example_dags/example_latest_only_with_trigger.py took 0.090 seconds
[2025-01-19T21:45:28.921+0000] {processor.py:186} INFO - Started process (PID=919) to work on /home/airflow/.local/lib/python3.12/site-packages/airflow/example_dags/example_latest_only_with_trigger.py
[2025-01-19T21:45:28.926+0000] {processor.py:914} INFO - Processing file /home/airflow/.local/lib/python3.12/site-packages/airflow/example_dags/example_latest_only_with_trigger.py for tasks to queue
[2025-01-19T21:45:28.937+0000] {logging_mixin.py:190} INFO - [2025-01-19T21:45:28.936+0000] {dagbag.py:588} INFO - Filling up the DagBag from /home/airflow/.local/lib/python3.12/site-packages/airflow/example_dags/example_latest_only_with_trigger.py
[2025-01-19T21:45:28.970+0000] {processor.py:925} INFO - DAG(s) 'latest_only_with_trigger' retrieved from /home/airflow/.local/lib/python3.12/site-packages/airflow/example_dags/example_latest_only_with_trigger.py
[2025-01-19T21:45:29.041+0000] {logging_mixin.py:190} INFO - [2025-01-19T21:45:29.040+0000] {dag.py:3239} INFO - Sync 1 DAGs
[2025-01-19T21:45:29.068+0000] {logging_mixin.py:190} INFO - [2025-01-19T21:45:29.067+0000] {dag.py:4180} INFO - Setting next_dagrun for latest_only_with_trigger to 2025-01-19 16:00:00+00:00, run_after=2025-01-19 20:00:00+00:00
[2025-01-19T21:45:29.087+0000] {processor.py:208} INFO - Processing /home/airflow/.local/lib/python3.12/site-packages/airflow/example_dags/example_latest_only_with_trigger.py took 0.191 seconds
[2025-01-19T21:45:59.316+0000] {processor.py:186} INFO - Started process (PID=988) to work on /home/airflow/.local/lib/python3.12/site-packages/airflow/example_dags/example_latest_only_with_trigger.py
[2025-01-19T21:45:59.320+0000] {processor.py:914} INFO - Processing file /home/airflow/.local/lib/python3.12/site-packages/airflow/example_dags/example_latest_only_with_trigger.py for tasks to queue
[2025-01-19T21:45:59.331+0000] {logging_mixin.py:190} INFO - [2025-01-19T21:45:59.330+0000] {dagbag.py:588} INFO - Filling up the DagBag from /home/airflow/.local/lib/python3.12/site-packages/airflow/example_dags/example_latest_only_with_trigger.py
[2025-01-19T21:45:59.351+0000] {processor.py:925} INFO - DAG(s) 'latest_only_with_trigger' retrieved from /home/airflow/.local/lib/python3.12/site-packages/airflow/example_dags/example_latest_only_with_trigger.py
[2025-01-19T21:45:59.401+0000] {logging_mixin.py:190} INFO - [2025-01-19T21:45:59.401+0000] {dag.py:3239} INFO - Sync 1 DAGs
[2025-01-19T21:45:59.448+0000] {logging_mixin.py:190} INFO - [2025-01-19T21:45:59.447+0000] {dag.py:4180} INFO - Setting next_dagrun for latest_only_with_trigger to 2025-01-19 16:00:00+00:00, run_after=2025-01-19 20:00:00+00:00
[2025-01-19T21:45:59.483+0000] {processor.py:208} INFO - Processing /home/airflow/.local/lib/python3.12/site-packages/airflow/example_dags/example_latest_only_with_trigger.py took 0.183 seconds
[2025-01-19T21:46:29.560+0000] {processor.py:186} INFO - Started process (PID=1056) to work on /home/airflow/.local/lib/python3.12/site-packages/airflow/example_dags/example_latest_only_with_trigger.py
[2025-01-19T21:46:29.563+0000] {processor.py:914} INFO - Processing file /home/airflow/.local/lib/python3.12/site-packages/airflow/example_dags/example_latest_only_with_trigger.py for tasks to queue
[2025-01-19T21:46:29.570+0000] {logging_mixin.py:190} INFO - [2025-01-19T21:46:29.569+0000] {dagbag.py:588} INFO - Filling up the DagBag from /home/airflow/.local/lib/python3.12/site-packages/airflow/example_dags/example_latest_only_with_trigger.py
[2025-01-19T21:46:29.589+0000] {processor.py:925} INFO - DAG(s) 'latest_only_with_trigger' retrieved from /home/airflow/.local/lib/python3.12/site-packages/airflow/example_dags/example_latest_only_with_trigger.py
[2025-01-19T21:46:29.623+0000] {logging_mixin.py:190} INFO - [2025-01-19T21:46:29.622+0000] {dag.py:3239} INFO - Sync 1 DAGs
[2025-01-19T21:46:29.648+0000] {logging_mixin.py:190} INFO - [2025-01-19T21:46:29.648+0000] {dag.py:4180} INFO - Setting next_dagrun for latest_only_with_trigger to 2025-01-19 16:00:00+00:00, run_after=2025-01-19 20:00:00+00:00
[2025-01-19T21:46:29.668+0000] {processor.py:208} INFO - Processing /home/airflow/.local/lib/python3.12/site-packages/airflow/example_dags/example_latest_only_with_trigger.py took 0.114 seconds
[2025-01-19T21:47:00.067+0000] {processor.py:186} INFO - Started process (PID=1131) to work on /home/airflow/.local/lib/python3.12/site-packages/airflow/example_dags/example_latest_only_with_trigger.py
[2025-01-19T21:47:00.069+0000] {processor.py:914} INFO - Processing file /home/airflow/.local/lib/python3.12/site-packages/airflow/example_dags/example_latest_only_with_trigger.py for tasks to queue
[2025-01-19T21:47:00.072+0000] {logging_mixin.py:190} INFO - [2025-01-19T21:47:00.072+0000] {dagbag.py:588} INFO - Filling up the DagBag from /home/airflow/.local/lib/python3.12/site-packages/airflow/example_dags/example_latest_only_with_trigger.py
[2025-01-19T21:47:00.086+0000] {processor.py:925} INFO - DAG(s) 'latest_only_with_trigger' retrieved from /home/airflow/.local/lib/python3.12/site-packages/airflow/example_dags/example_latest_only_with_trigger.py
[2025-01-19T21:47:00.114+0000] {logging_mixin.py:190} INFO - [2025-01-19T21:47:00.113+0000] {dag.py:3239} INFO - Sync 1 DAGs
[2025-01-19T21:47:00.152+0000] {logging_mixin.py:190} INFO - [2025-01-19T21:47:00.152+0000] {dag.py:4180} INFO - Setting next_dagrun for latest_only_with_trigger to 2025-01-19 16:00:00+00:00, run_after=2025-01-19 20:00:00+00:00
[2025-01-19T21:47:00.172+0000] {processor.py:208} INFO - Processing /home/airflow/.local/lib/python3.12/site-packages/airflow/example_dags/example_latest_only_with_trigger.py took 0.115 seconds
[2025-01-19T21:47:30.393+0000] {processor.py:186} INFO - Started process (PID=1201) to work on /home/airflow/.local/lib/python3.12/site-packages/airflow/example_dags/example_latest_only_with_trigger.py
[2025-01-19T21:47:30.397+0000] {processor.py:914} INFO - Processing file /home/airflow/.local/lib/python3.12/site-packages/airflow/example_dags/example_latest_only_with_trigger.py for tasks to queue
[2025-01-19T21:47:30.404+0000] {logging_mixin.py:190} INFO - [2025-01-19T21:47:30.403+0000] {dagbag.py:588} INFO - Filling up the DagBag from /home/airflow/.local/lib/python3.12/site-packages/airflow/example_dags/example_latest_only_with_trigger.py
[2025-01-19T21:47:30.424+0000] {processor.py:925} INFO - DAG(s) 'latest_only_with_trigger' retrieved from /home/airflow/.local/lib/python3.12/site-packages/airflow/example_dags/example_latest_only_with_trigger.py
[2025-01-19T21:47:30.448+0000] {logging_mixin.py:190} INFO - [2025-01-19T21:47:30.448+0000] {dag.py:3239} INFO - Sync 1 DAGs
[2025-01-19T21:47:30.481+0000] {logging_mixin.py:190} INFO - [2025-01-19T21:47:30.480+0000] {dag.py:4180} INFO - Setting next_dagrun for latest_only_with_trigger to 2025-01-19 16:00:00+00:00, run_after=2025-01-19 20:00:00+00:00
[2025-01-19T21:47:30.512+0000] {processor.py:208} INFO - Processing /home/airflow/.local/lib/python3.12/site-packages/airflow/example_dags/example_latest_only_with_trigger.py took 0.137 seconds
[2025-01-19T21:48:01.102+0000] {processor.py:186} INFO - Started process (PID=1269) to work on /home/airflow/.local/lib/python3.12/site-packages/airflow/example_dags/example_latest_only_with_trigger.py
[2025-01-19T21:48:01.105+0000] {processor.py:914} INFO - Processing file /home/airflow/.local/lib/python3.12/site-packages/airflow/example_dags/example_latest_only_with_trigger.py for tasks to queue
[2025-01-19T21:48:01.111+0000] {logging_mixin.py:190} INFO - [2025-01-19T21:48:01.109+0000] {dagbag.py:588} INFO - Filling up the DagBag from /home/airflow/.local/lib/python3.12/site-packages/airflow/example_dags/example_latest_only_with_trigger.py
[2025-01-19T21:48:01.127+0000] {processor.py:925} INFO - DAG(s) 'latest_only_with_trigger' retrieved from /home/airflow/.local/lib/python3.12/site-packages/airflow/example_dags/example_latest_only_with_trigger.py
[2025-01-19T21:48:01.155+0000] {logging_mixin.py:190} INFO - [2025-01-19T21:48:01.155+0000] {dag.py:3239} INFO - Sync 1 DAGs
[2025-01-19T21:48:01.182+0000] {logging_mixin.py:190} INFO - [2025-01-19T21:48:01.182+0000] {dag.py:4180} INFO - Setting next_dagrun for latest_only_with_trigger to 2025-01-19 16:00:00+00:00, run_after=2025-01-19 20:00:00+00:00
[2025-01-19T21:48:01.217+0000] {processor.py:208} INFO - Processing /home/airflow/.local/lib/python3.12/site-packages/airflow/example_dags/example_latest_only_with_trigger.py took 0.126 seconds
[2025-01-19T21:48:32.518+0000] {processor.py:186} INFO - Started process (PID=1338) to work on /home/airflow/.local/lib/python3.12/site-packages/airflow/example_dags/example_latest_only_with_trigger.py
[2025-01-19T21:48:32.522+0000] {processor.py:914} INFO - Processing file /home/airflow/.local/lib/python3.12/site-packages/airflow/example_dags/example_latest_only_with_trigger.py for tasks to queue
[2025-01-19T21:48:32.526+0000] {logging_mixin.py:190} INFO - [2025-01-19T21:48:32.526+0000] {dagbag.py:588} INFO - Filling up the DagBag from /home/airflow/.local/lib/python3.12/site-packages/airflow/example_dags/example_latest_only_with_trigger.py
[2025-01-19T21:48:32.541+0000] {processor.py:925} INFO - DAG(s) 'latest_only_with_trigger' retrieved from /home/airflow/.local/lib/python3.12/site-packages/airflow/example_dags/example_latest_only_with_trigger.py
[2025-01-19T21:48:32.577+0000] {logging_mixin.py:190} INFO - [2025-01-19T21:48:32.576+0000] {dag.py:3239} INFO - Sync 1 DAGs
[2025-01-19T21:48:32.610+0000] {logging_mixin.py:190} INFO - [2025-01-19T21:48:32.609+0000] {dag.py:4180} INFO - Setting next_dagrun for latest_only_with_trigger to 2025-01-19 16:00:00+00:00, run_after=2025-01-19 20:00:00+00:00
[2025-01-19T21:48:33.172+0000] {processor.py:208} INFO - Processing /home/airflow/.local/lib/python3.12/site-packages/airflow/example_dags/example_latest_only_with_trigger.py took 0.669 seconds
[2025-01-19T21:49:04.050+0000] {processor.py:186} INFO - Started process (PID=1408) to work on /home/airflow/.local/lib/python3.12/site-packages/airflow/example_dags/example_latest_only_with_trigger.py
[2025-01-19T21:49:04.054+0000] {processor.py:914} INFO - Processing file /home/airflow/.local/lib/python3.12/site-packages/airflow/example_dags/example_latest_only_with_trigger.py for tasks to queue
[2025-01-19T21:49:04.060+0000] {logging_mixin.py:190} INFO - [2025-01-19T21:49:04.059+0000] {dagbag.py:588} INFO - Filling up the DagBag from /home/airflow/.local/lib/python3.12/site-packages/airflow/example_dags/example_latest_only_with_trigger.py
[2025-01-19T21:49:04.083+0000] {processor.py:925} INFO - DAG(s) 'latest_only_with_trigger' retrieved from /home/airflow/.local/lib/python3.12/site-packages/airflow/example_dags/example_latest_only_with_trigger.py
[2025-01-19T21:49:04.127+0000] {logging_mixin.py:190} INFO - [2025-01-19T21:49:04.127+0000] {dag.py:3239} INFO - Sync 1 DAGs
[2025-01-19T21:49:04.164+0000] {logging_mixin.py:190} INFO - [2025-01-19T21:49:04.163+0000] {dag.py:4180} INFO - Setting next_dagrun for latest_only_with_trigger to 2025-01-19 16:00:00+00:00, run_after=2025-01-19 20:00:00+00:00
[2025-01-19T21:49:04.184+0000] {processor.py:208} INFO - Processing /home/airflow/.local/lib/python3.12/site-packages/airflow/example_dags/example_latest_only_with_trigger.py took 0.146 seconds
[2025-01-19T21:49:34.594+0000] {processor.py:186} INFO - Started process (PID=1477) to work on /home/airflow/.local/lib/python3.12/site-packages/airflow/example_dags/example_latest_only_with_trigger.py
[2025-01-19T21:49:34.595+0000] {processor.py:914} INFO - Processing file /home/airflow/.local/lib/python3.12/site-packages/airflow/example_dags/example_latest_only_with_trigger.py for tasks to queue
[2025-01-19T21:49:34.598+0000] {logging_mixin.py:190} INFO - [2025-01-19T21:49:34.598+0000] {dagbag.py:588} INFO - Filling up the DagBag from /home/airflow/.local/lib/python3.12/site-packages/airflow/example_dags/example_latest_only_with_trigger.py
[2025-01-19T21:49:34.605+0000] {processor.py:925} INFO - DAG(s) 'latest_only_with_trigger' retrieved from /home/airflow/.local/lib/python3.12/site-packages/airflow/example_dags/example_latest_only_with_trigger.py
[2025-01-19T21:49:34.625+0000] {logging_mixin.py:190} INFO - [2025-01-19T21:49:34.624+0000] {dag.py:3239} INFO - Sync 1 DAGs
[2025-01-19T21:49:34.647+0000] {logging_mixin.py:190} INFO - [2025-01-19T21:49:34.647+0000] {dag.py:4180} INFO - Setting next_dagrun for latest_only_with_trigger to 2025-01-19 16:00:00+00:00, run_after=2025-01-19 20:00:00+00:00
[2025-01-19T21:49:34.685+0000] {processor.py:208} INFO - Processing /home/airflow/.local/lib/python3.12/site-packages/airflow/example_dags/example_latest_only_with_trigger.py took 0.097 seconds
[2025-01-19T21:50:05.423+0000] {processor.py:186} INFO - Started process (PID=1546) to work on /home/airflow/.local/lib/python3.12/site-packages/airflow/example_dags/example_latest_only_with_trigger.py
[2025-01-19T21:50:05.425+0000] {processor.py:914} INFO - Processing file /home/airflow/.local/lib/python3.12/site-packages/airflow/example_dags/example_latest_only_with_trigger.py for tasks to queue
[2025-01-19T21:50:05.429+0000] {logging_mixin.py:190} INFO - [2025-01-19T21:50:05.428+0000] {dagbag.py:588} INFO - Filling up the DagBag from /home/airflow/.local/lib/python3.12/site-packages/airflow/example_dags/example_latest_only_with_trigger.py
[2025-01-19T21:50:05.439+0000] {processor.py:925} INFO - DAG(s) 'latest_only_with_trigger' retrieved from /home/airflow/.local/lib/python3.12/site-packages/airflow/example_dags/example_latest_only_with_trigger.py
[2025-01-19T21:50:05.474+0000] {logging_mixin.py:190} INFO - [2025-01-19T21:50:05.474+0000] {dag.py:3239} INFO - Sync 1 DAGs
[2025-01-19T21:50:05.502+0000] {logging_mixin.py:190} INFO - [2025-01-19T21:50:05.501+0000] {dag.py:4180} INFO - Setting next_dagrun for latest_only_with_trigger to 2025-01-19 16:00:00+00:00, run_after=2025-01-19 20:00:00+00:00
[2025-01-19T21:50:05.522+0000] {processor.py:208} INFO - Processing /home/airflow/.local/lib/python3.12/site-packages/airflow/example_dags/example_latest_only_with_trigger.py took 0.104 seconds
[2025-01-19T21:50:36.121+0000] {processor.py:186} INFO - Started process (PID=1615) to work on /home/airflow/.local/lib/python3.12/site-packages/airflow/example_dags/example_latest_only_with_trigger.py
[2025-01-19T21:50:36.123+0000] {processor.py:914} INFO - Processing file /home/airflow/.local/lib/python3.12/site-packages/airflow/example_dags/example_latest_only_with_trigger.py for tasks to queue
[2025-01-19T21:50:36.125+0000] {logging_mixin.py:190} INFO - [2025-01-19T21:50:36.125+0000] {dagbag.py:588} INFO - Filling up the DagBag from /home/airflow/.local/lib/python3.12/site-packages/airflow/example_dags/example_latest_only_with_trigger.py
[2025-01-19T21:50:36.133+0000] {processor.py:925} INFO - DAG(s) 'latest_only_with_trigger' retrieved from /home/airflow/.local/lib/python3.12/site-packages/airflow/example_dags/example_latest_only_with_trigger.py
[2025-01-19T21:50:36.153+0000] {logging_mixin.py:190} INFO - [2025-01-19T21:50:36.153+0000] {dag.py:3239} INFO - Sync 1 DAGs
[2025-01-19T21:50:36.192+0000] {logging_mixin.py:190} INFO - [2025-01-19T21:50:36.191+0000] {dag.py:4180} INFO - Setting next_dagrun for latest_only_with_trigger to 2025-01-19 16:00:00+00:00, run_after=2025-01-19 20:00:00+00:00
[2025-01-19T21:50:36.208+0000] {processor.py:208} INFO - Processing /home/airflow/.local/lib/python3.12/site-packages/airflow/example_dags/example_latest_only_with_trigger.py took 0.093 seconds
[2025-01-19T21:51:07.015+0000] {processor.py:186} INFO - Started process (PID=1684) to work on /home/airflow/.local/lib/python3.12/site-packages/airflow/example_dags/example_latest_only_with_trigger.py
[2025-01-19T21:51:07.017+0000] {processor.py:914} INFO - Processing file /home/airflow/.local/lib/python3.12/site-packages/airflow/example_dags/example_latest_only_with_trigger.py for tasks to queue
[2025-01-19T21:51:07.019+0000] {logging_mixin.py:190} INFO - [2025-01-19T21:51:07.019+0000] {dagbag.py:588} INFO - Filling up the DagBag from /home/airflow/.local/lib/python3.12/site-packages/airflow/example_dags/example_latest_only_with_trigger.py
[2025-01-19T21:51:07.027+0000] {processor.py:925} INFO - DAG(s) 'latest_only_with_trigger' retrieved from /home/airflow/.local/lib/python3.12/site-packages/airflow/example_dags/example_latest_only_with_trigger.py
[2025-01-19T21:51:07.051+0000] {logging_mixin.py:190} INFO - [2025-01-19T21:51:07.051+0000] {dag.py:3239} INFO - Sync 1 DAGs
[2025-01-19T21:51:07.080+0000] {logging_mixin.py:190} INFO - [2025-01-19T21:51:07.080+0000] {dag.py:4180} INFO - Setting next_dagrun for latest_only_with_trigger to 2025-01-19 16:00:00+00:00, run_after=2025-01-19 20:00:00+00:00
[2025-01-19T21:51:07.102+0000] {processor.py:208} INFO - Processing /home/airflow/.local/lib/python3.12/site-packages/airflow/example_dags/example_latest_only_with_trigger.py took 0.093 seconds
