[2025-01-19T21:39:24.989+0000] {processor.py:186} INFO - Started process (PID=105) to work on /home/airflow/.local/lib/python3.12/site-packages/airflow/example_dags/example_external_task_marker_dag.py
[2025-01-19T21:39:24.992+0000] {processor.py:914} INFO - Processing file /home/airflow/.local/lib/python3.12/site-packages/airflow/example_dags/example_external_task_marker_dag.py for tasks to queue
[2025-01-19T21:39:24.999+0000] {logging_mixin.py:190} INFO - [2025-01-19T21:39:24.999+0000] {dagbag.py:588} INFO - Filling up the DagBag from /home/airflow/.local/lib/python3.12/site-packages/airflow/example_dags/example_external_task_marker_dag.py
[2025-01-19T21:39:25.022+0000] {processor.py:925} INFO - DAG(s) 'example_external_task_marker_child', 'example_external_task_marker_parent' retrieved from /home/airflow/.local/lib/python3.12/site-packages/airflow/example_dags/example_external_task_marker_dag.py
[2025-01-19T21:39:25.133+0000] {logging_mixin.py:190} INFO - [2025-01-19T21:39:25.132+0000] {override.py:1911} INFO - Created Permission View: can edit on DAG:example_external_task_marker_child
[2025-01-19T21:39:25.143+0000] {logging_mixin.py:190} INFO - [2025-01-19T21:39:25.143+0000] {override.py:1911} INFO - Created Permission View: can delete on DAG:example_external_task_marker_child
[2025-01-19T21:39:25.150+0000] {logging_mixin.py:190} INFO - [2025-01-19T21:39:25.150+0000] {override.py:1911} INFO - Created Permission View: can read on DAG:example_external_task_marker_child
[2025-01-19T21:39:25.158+0000] {logging_mixin.py:190} INFO - [2025-01-19T21:39:25.158+0000] {override.py:1911} INFO - Created Permission View: menu access on DAG Run:example_external_task_marker_child
[2025-01-19T21:39:25.170+0000] {logging_mixin.py:190} INFO - [2025-01-19T21:39:25.169+0000] {override.py:1911} INFO - Created Permission View: can create on DAG Run:example_external_task_marker_child
[2025-01-19T21:39:25.184+0000] {logging_mixin.py:190} INFO - [2025-01-19T21:39:25.183+0000] {override.py:1911} INFO - Created Permission View: can delete on DAG Run:example_external_task_marker_child
[2025-01-19T21:39:25.192+0000] {logging_mixin.py:190} INFO - [2025-01-19T21:39:25.192+0000] {override.py:1911} INFO - Created Permission View: can read on DAG Run:example_external_task_marker_child
[2025-01-19T21:39:25.204+0000] {logging_mixin.py:190} INFO - [2025-01-19T21:39:25.203+0000] {override.py:1911} INFO - Created Permission View: can edit on DAG:example_external_task_marker_parent
[2025-01-19T21:39:25.211+0000] {logging_mixin.py:190} INFO - [2025-01-19T21:39:25.211+0000] {override.py:1911} INFO - Created Permission View: can delete on DAG:example_external_task_marker_parent
[2025-01-19T21:39:25.218+0000] {logging_mixin.py:190} INFO - [2025-01-19T21:39:25.217+0000] {override.py:1911} INFO - Created Permission View: can read on DAG:example_external_task_marker_parent
[2025-01-19T21:39:25.226+0000] {logging_mixin.py:190} INFO - [2025-01-19T21:39:25.225+0000] {override.py:1911} INFO - Created Permission View: menu access on DAG Run:example_external_task_marker_parent
[2025-01-19T21:39:25.232+0000] {logging_mixin.py:190} INFO - [2025-01-19T21:39:25.232+0000] {override.py:1911} INFO - Created Permission View: can create on DAG Run:example_external_task_marker_parent
[2025-01-19T21:39:25.238+0000] {logging_mixin.py:190} INFO - [2025-01-19T21:39:25.238+0000] {override.py:1911} INFO - Created Permission View: can delete on DAG Run:example_external_task_marker_parent
[2025-01-19T21:39:25.244+0000] {logging_mixin.py:190} INFO - [2025-01-19T21:39:25.244+0000] {override.py:1911} INFO - Created Permission View: can read on DAG Run:example_external_task_marker_parent
[2025-01-19T21:39:25.245+0000] {logging_mixin.py:190} INFO - [2025-01-19T21:39:25.245+0000] {dag.py:3239} INFO - Sync 2 DAGs
[2025-01-19T21:39:25.256+0000] {logging_mixin.py:190} INFO - [2025-01-19T21:39:25.256+0000] {dag.py:3262} INFO - Creating ORM DAG for example_external_task_marker_child
[2025-01-19T21:39:25.258+0000] {logging_mixin.py:190} INFO - [2025-01-19T21:39:25.257+0000] {dag.py:3262} INFO - Creating ORM DAG for example_external_task_marker_parent
[2025-01-19T21:39:25.259+0000] {logging_mixin.py:190} INFO - [2025-01-19T21:39:25.259+0000] {dag.py:4180} INFO - Setting next_dagrun for example_external_task_marker_child to None, run_after=None
[2025-01-19T21:39:25.261+0000] {logging_mixin.py:190} INFO - [2025-01-19T21:39:25.260+0000] {dag.py:4180} INFO - Setting next_dagrun for example_external_task_marker_parent to None, run_after=None
[2025-01-19T21:39:25.278+0000] {processor.py:208} INFO - Processing /home/airflow/.local/lib/python3.12/site-packages/airflow/example_dags/example_external_task_marker_dag.py took 0.302 seconds
[2025-01-19T21:39:56.672+0000] {processor.py:186} INFO - Started process (PID=174) to work on /home/airflow/.local/lib/python3.12/site-packages/airflow/example_dags/example_external_task_marker_dag.py
[2025-01-19T21:39:56.676+0000] {processor.py:914} INFO - Processing file /home/airflow/.local/lib/python3.12/site-packages/airflow/example_dags/example_external_task_marker_dag.py for tasks to queue
[2025-01-19T21:39:56.683+0000] {logging_mixin.py:190} INFO - [2025-01-19T21:39:56.682+0000] {dagbag.py:588} INFO - Filling up the DagBag from /home/airflow/.local/lib/python3.12/site-packages/airflow/example_dags/example_external_task_marker_dag.py
[2025-01-19T21:39:56.707+0000] {processor.py:925} INFO - DAG(s) 'example_external_task_marker_child', 'example_external_task_marker_parent' retrieved from /home/airflow/.local/lib/python3.12/site-packages/airflow/example_dags/example_external_task_marker_dag.py
[2025-01-19T21:39:56.762+0000] {logging_mixin.py:190} INFO - [2025-01-19T21:39:56.762+0000] {dag.py:3239} INFO - Sync 2 DAGs
[2025-01-19T21:39:56.779+0000] {logging_mixin.py:190} INFO - [2025-01-19T21:39:56.779+0000] {dag.py:4180} INFO - Setting next_dagrun for example_external_task_marker_child to None, run_after=None
[2025-01-19T21:39:56.787+0000] {logging_mixin.py:190} INFO - [2025-01-19T21:39:56.787+0000] {dag.py:4180} INFO - Setting next_dagrun for example_external_task_marker_parent to None, run_after=None
[2025-01-19T21:39:56.808+0000] {processor.py:208} INFO - Processing /home/airflow/.local/lib/python3.12/site-packages/airflow/example_dags/example_external_task_marker_dag.py took 0.153 seconds
[2025-01-19T21:40:28.467+0000] {processor.py:186} INFO - Started process (PID=243) to work on /home/airflow/.local/lib/python3.12/site-packages/airflow/example_dags/example_external_task_marker_dag.py
[2025-01-19T21:40:28.469+0000] {processor.py:914} INFO - Processing file /home/airflow/.local/lib/python3.12/site-packages/airflow/example_dags/example_external_task_marker_dag.py for tasks to queue
[2025-01-19T21:40:28.475+0000] {logging_mixin.py:190} INFO - [2025-01-19T21:40:28.474+0000] {dagbag.py:588} INFO - Filling up the DagBag from /home/airflow/.local/lib/python3.12/site-packages/airflow/example_dags/example_external_task_marker_dag.py
[2025-01-19T21:40:28.487+0000] {processor.py:925} INFO - DAG(s) 'example_external_task_marker_child', 'example_external_task_marker_parent' retrieved from /home/airflow/.local/lib/python3.12/site-packages/airflow/example_dags/example_external_task_marker_dag.py
[2025-01-19T21:40:28.518+0000] {logging_mixin.py:190} INFO - [2025-01-19T21:40:28.517+0000] {dag.py:3239} INFO - Sync 2 DAGs
[2025-01-19T21:40:28.536+0000] {logging_mixin.py:190} INFO - [2025-01-19T21:40:28.535+0000] {dag.py:4180} INFO - Setting next_dagrun for example_external_task_marker_child to None, run_after=None
[2025-01-19T21:40:28.546+0000] {logging_mixin.py:190} INFO - [2025-01-19T21:40:28.546+0000] {dag.py:4180} INFO - Setting next_dagrun for example_external_task_marker_parent to None, run_after=None
[2025-01-19T21:40:28.583+0000] {processor.py:208} INFO - Processing /home/airflow/.local/lib/python3.12/site-packages/airflow/example_dags/example_external_task_marker_dag.py took 0.125 seconds
[2025-01-19T21:40:59.632+0000] {processor.py:186} INFO - Started process (PID=312) to work on /home/airflow/.local/lib/python3.12/site-packages/airflow/example_dags/example_external_task_marker_dag.py
[2025-01-19T21:40:59.634+0000] {processor.py:914} INFO - Processing file /home/airflow/.local/lib/python3.12/site-packages/airflow/example_dags/example_external_task_marker_dag.py for tasks to queue
[2025-01-19T21:40:59.639+0000] {logging_mixin.py:190} INFO - [2025-01-19T21:40:59.638+0000] {dagbag.py:588} INFO - Filling up the DagBag from /home/airflow/.local/lib/python3.12/site-packages/airflow/example_dags/example_external_task_marker_dag.py
[2025-01-19T21:40:59.651+0000] {processor.py:925} INFO - DAG(s) 'example_external_task_marker_child', 'example_external_task_marker_parent' retrieved from /home/airflow/.local/lib/python3.12/site-packages/airflow/example_dags/example_external_task_marker_dag.py
[2025-01-19T21:40:59.673+0000] {logging_mixin.py:190} INFO - [2025-01-19T21:40:59.673+0000] {dag.py:3239} INFO - Sync 2 DAGs
[2025-01-19T21:40:59.688+0000] {logging_mixin.py:190} INFO - [2025-01-19T21:40:59.688+0000] {dag.py:4180} INFO - Setting next_dagrun for example_external_task_marker_child to None, run_after=None
[2025-01-19T21:40:59.693+0000] {logging_mixin.py:190} INFO - [2025-01-19T21:40:59.693+0000] {dag.py:4180} INFO - Setting next_dagrun for example_external_task_marker_parent to None, run_after=None
[2025-01-19T21:40:59.710+0000] {processor.py:208} INFO - Processing /home/airflow/.local/lib/python3.12/site-packages/airflow/example_dags/example_external_task_marker_dag.py took 0.086 seconds
[2025-01-19T21:41:31.097+0000] {processor.py:186} INFO - Started process (PID=381) to work on /home/airflow/.local/lib/python3.12/site-packages/airflow/example_dags/example_external_task_marker_dag.py
[2025-01-19T21:41:31.099+0000] {processor.py:914} INFO - Processing file /home/airflow/.local/lib/python3.12/site-packages/airflow/example_dags/example_external_task_marker_dag.py for tasks to queue
[2025-01-19T21:41:31.103+0000] {logging_mixin.py:190} INFO - [2025-01-19T21:41:31.102+0000] {dagbag.py:588} INFO - Filling up the DagBag from /home/airflow/.local/lib/python3.12/site-packages/airflow/example_dags/example_external_task_marker_dag.py
[2025-01-19T21:41:31.112+0000] {processor.py:925} INFO - DAG(s) 'example_external_task_marker_child', 'example_external_task_marker_parent' retrieved from /home/airflow/.local/lib/python3.12/site-packages/airflow/example_dags/example_external_task_marker_dag.py
[2025-01-19T21:41:31.133+0000] {logging_mixin.py:190} INFO - [2025-01-19T21:41:31.133+0000] {dag.py:3239} INFO - Sync 2 DAGs
[2025-01-19T21:41:31.146+0000] {logging_mixin.py:190} INFO - [2025-01-19T21:41:31.146+0000] {dag.py:4180} INFO - Setting next_dagrun for example_external_task_marker_child to None, run_after=None
[2025-01-19T21:41:31.150+0000] {logging_mixin.py:190} INFO - [2025-01-19T21:41:31.150+0000] {dag.py:4180} INFO - Setting next_dagrun for example_external_task_marker_parent to None, run_after=None
[2025-01-19T21:41:31.169+0000] {processor.py:208} INFO - Processing /home/airflow/.local/lib/python3.12/site-packages/airflow/example_dags/example_external_task_marker_dag.py took 0.081 seconds
[2025-01-19T21:42:06.533+0000] {processor.py:186} INFO - Started process (PID=450) to work on /home/airflow/.local/lib/python3.12/site-packages/airflow/example_dags/example_external_task_marker_dag.py
[2025-01-19T21:42:06.535+0000] {processor.py:914} INFO - Processing file /home/airflow/.local/lib/python3.12/site-packages/airflow/example_dags/example_external_task_marker_dag.py for tasks to queue
[2025-01-19T21:42:06.538+0000] {logging_mixin.py:190} INFO - [2025-01-19T21:42:06.537+0000] {dagbag.py:588} INFO - Filling up the DagBag from /home/airflow/.local/lib/python3.12/site-packages/airflow/example_dags/example_external_task_marker_dag.py
[2025-01-19T21:42:06.548+0000] {processor.py:925} INFO - DAG(s) 'example_external_task_marker_child', 'example_external_task_marker_parent' retrieved from /home/airflow/.local/lib/python3.12/site-packages/airflow/example_dags/example_external_task_marker_dag.py
[2025-01-19T21:42:06.574+0000] {logging_mixin.py:190} INFO - [2025-01-19T21:42:06.574+0000] {dag.py:3239} INFO - Sync 2 DAGs
[2025-01-19T21:42:06.589+0000] {logging_mixin.py:190} INFO - [2025-01-19T21:42:06.589+0000] {dag.py:4180} INFO - Setting next_dagrun for example_external_task_marker_child to None, run_after=None
[2025-01-19T21:42:06.594+0000] {logging_mixin.py:190} INFO - [2025-01-19T21:42:06.594+0000] {dag.py:4180} INFO - Setting next_dagrun for example_external_task_marker_parent to None, run_after=None
[2025-01-19T21:42:07.117+0000] {processor.py:208} INFO - Processing /home/airflow/.local/lib/python3.12/site-packages/airflow/example_dags/example_external_task_marker_dag.py took 0.590 seconds
[2025-01-19T21:42:37.793+0000] {processor.py:186} INFO - Started process (PID=519) to work on /home/airflow/.local/lib/python3.12/site-packages/airflow/example_dags/example_external_task_marker_dag.py
[2025-01-19T21:42:37.795+0000] {processor.py:914} INFO - Processing file /home/airflow/.local/lib/python3.12/site-packages/airflow/example_dags/example_external_task_marker_dag.py for tasks to queue
[2025-01-19T21:42:37.800+0000] {logging_mixin.py:190} INFO - [2025-01-19T21:42:37.799+0000] {dagbag.py:588} INFO - Filling up the DagBag from /home/airflow/.local/lib/python3.12/site-packages/airflow/example_dags/example_external_task_marker_dag.py
[2025-01-19T21:42:37.808+0000] {processor.py:925} INFO - DAG(s) 'example_external_task_marker_parent', 'example_external_task_marker_child' retrieved from /home/airflow/.local/lib/python3.12/site-packages/airflow/example_dags/example_external_task_marker_dag.py
[2025-01-19T21:42:37.832+0000] {logging_mixin.py:190} INFO - [2025-01-19T21:42:37.832+0000] {dag.py:3239} INFO - Sync 2 DAGs
[2025-01-19T21:42:37.850+0000] {logging_mixin.py:190} INFO - [2025-01-19T21:42:37.850+0000] {dag.py:4180} INFO - Setting next_dagrun for example_external_task_marker_child to None, run_after=None
[2025-01-19T21:42:37.854+0000] {logging_mixin.py:190} INFO - [2025-01-19T21:42:37.854+0000] {dag.py:4180} INFO - Setting next_dagrun for example_external_task_marker_parent to None, run_after=None
[2025-01-19T21:42:37.869+0000] {processor.py:208} INFO - Processing /home/airflow/.local/lib/python3.12/site-packages/airflow/example_dags/example_external_task_marker_dag.py took 0.082 seconds
[2025-01-19T21:43:08.094+0000] {processor.py:186} INFO - Started process (PID=588) to work on /home/airflow/.local/lib/python3.12/site-packages/airflow/example_dags/example_external_task_marker_dag.py
[2025-01-19T21:43:08.098+0000] {processor.py:914} INFO - Processing file /home/airflow/.local/lib/python3.12/site-packages/airflow/example_dags/example_external_task_marker_dag.py for tasks to queue
[2025-01-19T21:43:08.104+0000] {logging_mixin.py:190} INFO - [2025-01-19T21:43:08.103+0000] {dagbag.py:588} INFO - Filling up the DagBag from /home/airflow/.local/lib/python3.12/site-packages/airflow/example_dags/example_external_task_marker_dag.py
[2025-01-19T21:43:08.123+0000] {processor.py:925} INFO - DAG(s) 'example_external_task_marker_child', 'example_external_task_marker_parent' retrieved from /home/airflow/.local/lib/python3.12/site-packages/airflow/example_dags/example_external_task_marker_dag.py
[2025-01-19T21:43:08.158+0000] {logging_mixin.py:190} INFO - [2025-01-19T21:43:08.158+0000] {dag.py:3239} INFO - Sync 2 DAGs
[2025-01-19T21:43:08.177+0000] {logging_mixin.py:190} INFO - [2025-01-19T21:43:08.177+0000] {dag.py:4180} INFO - Setting next_dagrun for example_external_task_marker_child to None, run_after=None
[2025-01-19T21:43:08.184+0000] {logging_mixin.py:190} INFO - [2025-01-19T21:43:08.183+0000] {dag.py:4180} INFO - Setting next_dagrun for example_external_task_marker_parent to None, run_after=None
[2025-01-19T21:43:08.213+0000] {processor.py:208} INFO - Processing /home/airflow/.local/lib/python3.12/site-packages/airflow/example_dags/example_external_task_marker_dag.py took 0.133 seconds
[2025-01-19T21:43:38.380+0000] {processor.py:186} INFO - Started process (PID=657) to work on /home/airflow/.local/lib/python3.12/site-packages/airflow/example_dags/example_external_task_marker_dag.py
[2025-01-19T21:43:38.383+0000] {processor.py:914} INFO - Processing file /home/airflow/.local/lib/python3.12/site-packages/airflow/example_dags/example_external_task_marker_dag.py for tasks to queue
[2025-01-19T21:43:38.387+0000] {logging_mixin.py:190} INFO - [2025-01-19T21:43:38.386+0000] {dagbag.py:588} INFO - Filling up the DagBag from /home/airflow/.local/lib/python3.12/site-packages/airflow/example_dags/example_external_task_marker_dag.py
[2025-01-19T21:43:38.401+0000] {processor.py:925} INFO - DAG(s) 'example_external_task_marker_parent', 'example_external_task_marker_child' retrieved from /home/airflow/.local/lib/python3.12/site-packages/airflow/example_dags/example_external_task_marker_dag.py
[2025-01-19T21:43:38.431+0000] {logging_mixin.py:190} INFO - [2025-01-19T21:43:38.431+0000] {dag.py:3239} INFO - Sync 2 DAGs
[2025-01-19T21:43:38.446+0000] {logging_mixin.py:190} INFO - [2025-01-19T21:43:38.445+0000] {dag.py:4180} INFO - Setting next_dagrun for example_external_task_marker_child to None, run_after=None
[2025-01-19T21:43:38.450+0000] {logging_mixin.py:190} INFO - [2025-01-19T21:43:38.449+0000] {dag.py:4180} INFO - Setting next_dagrun for example_external_task_marker_parent to None, run_after=None
[2025-01-19T21:43:38.467+0000] {processor.py:208} INFO - Processing /home/airflow/.local/lib/python3.12/site-packages/airflow/example_dags/example_external_task_marker_dag.py took 0.094 seconds
[2025-01-19T21:44:08.893+0000] {processor.py:186} INFO - Started process (PID=726) to work on /home/airflow/.local/lib/python3.12/site-packages/airflow/example_dags/example_external_task_marker_dag.py
[2025-01-19T21:44:08.897+0000] {processor.py:914} INFO - Processing file /home/airflow/.local/lib/python3.12/site-packages/airflow/example_dags/example_external_task_marker_dag.py for tasks to queue
[2025-01-19T21:44:08.906+0000] {logging_mixin.py:190} INFO - [2025-01-19T21:44:08.905+0000] {dagbag.py:588} INFO - Filling up the DagBag from /home/airflow/.local/lib/python3.12/site-packages/airflow/example_dags/example_external_task_marker_dag.py
[2025-01-19T21:44:08.939+0000] {processor.py:925} INFO - DAG(s) 'example_external_task_marker_child', 'example_external_task_marker_parent' retrieved from /home/airflow/.local/lib/python3.12/site-packages/airflow/example_dags/example_external_task_marker_dag.py
[2025-01-19T21:44:09.001+0000] {logging_mixin.py:190} INFO - [2025-01-19T21:44:09.000+0000] {dag.py:3239} INFO - Sync 2 DAGs
[2025-01-19T21:44:09.016+0000] {logging_mixin.py:190} INFO - [2025-01-19T21:44:09.015+0000] {dag.py:4180} INFO - Setting next_dagrun for example_external_task_marker_child to None, run_after=None
[2025-01-19T21:44:09.020+0000] {logging_mixin.py:190} INFO - [2025-01-19T21:44:09.020+0000] {dag.py:4180} INFO - Setting next_dagrun for example_external_task_marker_parent to None, run_after=None
[2025-01-19T21:44:09.035+0000] {processor.py:208} INFO - Processing /home/airflow/.local/lib/python3.12/site-packages/airflow/example_dags/example_external_task_marker_dag.py took 0.151 seconds
[2025-01-19T21:44:41.549+0000] {processor.py:186} INFO - Started process (PID=795) to work on /home/airflow/.local/lib/python3.12/site-packages/airflow/example_dags/example_external_task_marker_dag.py
[2025-01-19T21:44:41.551+0000] {processor.py:914} INFO - Processing file /home/airflow/.local/lib/python3.12/site-packages/airflow/example_dags/example_external_task_marker_dag.py for tasks to queue
[2025-01-19T21:44:41.555+0000] {logging_mixin.py:190} INFO - [2025-01-19T21:44:41.554+0000] {dagbag.py:588} INFO - Filling up the DagBag from /home/airflow/.local/lib/python3.12/site-packages/airflow/example_dags/example_external_task_marker_dag.py
[2025-01-19T21:44:41.571+0000] {processor.py:925} INFO - DAG(s) 'example_external_task_marker_child', 'example_external_task_marker_parent' retrieved from /home/airflow/.local/lib/python3.12/site-packages/airflow/example_dags/example_external_task_marker_dag.py
[2025-01-19T21:44:41.604+0000] {logging_mixin.py:190} INFO - [2025-01-19T21:44:41.604+0000] {dag.py:3239} INFO - Sync 2 DAGs
[2025-01-19T21:44:41.618+0000] {logging_mixin.py:190} INFO - [2025-01-19T21:44:41.617+0000] {dag.py:4180} INFO - Setting next_dagrun for example_external_task_marker_child to None, run_after=None
[2025-01-19T21:44:41.622+0000] {logging_mixin.py:190} INFO - [2025-01-19T21:44:41.622+0000] {dag.py:4180} INFO - Setting next_dagrun for example_external_task_marker_parent to None, run_after=None
[2025-01-19T21:44:41.644+0000] {processor.py:208} INFO - Processing /home/airflow/.local/lib/python3.12/site-packages/airflow/example_dags/example_external_task_marker_dag.py took 0.102 seconds
[2025-01-19T21:45:13.436+0000] {processor.py:186} INFO - Started process (PID=864) to work on /home/airflow/.local/lib/python3.12/site-packages/airflow/example_dags/example_external_task_marker_dag.py
[2025-01-19T21:45:13.438+0000] {processor.py:914} INFO - Processing file /home/airflow/.local/lib/python3.12/site-packages/airflow/example_dags/example_external_task_marker_dag.py for tasks to queue
[2025-01-19T21:45:13.441+0000] {logging_mixin.py:190} INFO - [2025-01-19T21:45:13.441+0000] {dagbag.py:588} INFO - Filling up the DagBag from /home/airflow/.local/lib/python3.12/site-packages/airflow/example_dags/example_external_task_marker_dag.py
[2025-01-19T21:45:13.451+0000] {processor.py:925} INFO - DAG(s) 'example_external_task_marker_child', 'example_external_task_marker_parent' retrieved from /home/airflow/.local/lib/python3.12/site-packages/airflow/example_dags/example_external_task_marker_dag.py
[2025-01-19T21:45:13.473+0000] {logging_mixin.py:190} INFO - [2025-01-19T21:45:13.473+0000] {dag.py:3239} INFO - Sync 2 DAGs
[2025-01-19T21:45:13.488+0000] {logging_mixin.py:190} INFO - [2025-01-19T21:45:13.488+0000] {dag.py:4180} INFO - Setting next_dagrun for example_external_task_marker_child to None, run_after=None
[2025-01-19T21:45:13.493+0000] {logging_mixin.py:190} INFO - [2025-01-19T21:45:13.492+0000] {dag.py:4180} INFO - Setting next_dagrun for example_external_task_marker_parent to None, run_after=None
[2025-01-19T21:45:13.509+0000] {processor.py:208} INFO - Processing /home/airflow/.local/lib/python3.12/site-packages/airflow/example_dags/example_external_task_marker_dag.py took 0.079 seconds
[2025-01-19T21:45:45.723+0000] {processor.py:186} INFO - Started process (PID=934) to work on /home/airflow/.local/lib/python3.12/site-packages/airflow/example_dags/example_external_task_marker_dag.py
[2025-01-19T21:45:45.725+0000] {processor.py:914} INFO - Processing file /home/airflow/.local/lib/python3.12/site-packages/airflow/example_dags/example_external_task_marker_dag.py for tasks to queue
[2025-01-19T21:45:45.729+0000] {logging_mixin.py:190} INFO - [2025-01-19T21:45:45.729+0000] {dagbag.py:588} INFO - Filling up the DagBag from /home/airflow/.local/lib/python3.12/site-packages/airflow/example_dags/example_external_task_marker_dag.py
[2025-01-19T21:45:45.742+0000] {processor.py:925} INFO - DAG(s) 'example_external_task_marker_parent', 'example_external_task_marker_child' retrieved from /home/airflow/.local/lib/python3.12/site-packages/airflow/example_dags/example_external_task_marker_dag.py
[2025-01-19T21:45:45.773+0000] {logging_mixin.py:190} INFO - [2025-01-19T21:45:45.773+0000] {dag.py:3239} INFO - Sync 2 DAGs
[2025-01-19T21:45:45.792+0000] {logging_mixin.py:190} INFO - [2025-01-19T21:45:45.792+0000] {dag.py:4180} INFO - Setting next_dagrun for example_external_task_marker_child to None, run_after=None
[2025-01-19T21:45:45.797+0000] {logging_mixin.py:190} INFO - [2025-01-19T21:45:45.797+0000] {dag.py:4180} INFO - Setting next_dagrun for example_external_task_marker_parent to None, run_after=None
[2025-01-19T21:45:45.822+0000] {processor.py:208} INFO - Processing /home/airflow/.local/lib/python3.12/site-packages/airflow/example_dags/example_external_task_marker_dag.py took 0.107 seconds
[2025-01-19T21:46:16.923+0000] {processor.py:186} INFO - Started process (PID=1003) to work on /home/airflow/.local/lib/python3.12/site-packages/airflow/example_dags/example_external_task_marker_dag.py
[2025-01-19T21:46:16.926+0000] {processor.py:914} INFO - Processing file /home/airflow/.local/lib/python3.12/site-packages/airflow/example_dags/example_external_task_marker_dag.py for tasks to queue
[2025-01-19T21:46:16.933+0000] {logging_mixin.py:190} INFO - [2025-01-19T21:46:16.932+0000] {dagbag.py:588} INFO - Filling up the DagBag from /home/airflow/.local/lib/python3.12/site-packages/airflow/example_dags/example_external_task_marker_dag.py
[2025-01-19T21:46:16.953+0000] {processor.py:925} INFO - DAG(s) 'example_external_task_marker_child', 'example_external_task_marker_parent' retrieved from /home/airflow/.local/lib/python3.12/site-packages/airflow/example_dags/example_external_task_marker_dag.py
[2025-01-19T21:46:16.987+0000] {logging_mixin.py:190} INFO - [2025-01-19T21:46:16.987+0000] {dag.py:3239} INFO - Sync 2 DAGs
[2025-01-19T21:46:17.001+0000] {logging_mixin.py:190} INFO - [2025-01-19T21:46:17.001+0000] {dag.py:4180} INFO - Setting next_dagrun for example_external_task_marker_child to None, run_after=None
[2025-01-19T21:46:17.005+0000] {logging_mixin.py:190} INFO - [2025-01-19T21:46:17.005+0000] {dag.py:4180} INFO - Setting next_dagrun for example_external_task_marker_parent to None, run_after=None
[2025-01-19T21:46:17.021+0000] {processor.py:208} INFO - Processing /home/airflow/.local/lib/python3.12/site-packages/airflow/example_dags/example_external_task_marker_dag.py took 0.112 seconds
[2025-01-19T21:46:48.507+0000] {processor.py:186} INFO - Started process (PID=1072) to work on /home/airflow/.local/lib/python3.12/site-packages/airflow/example_dags/example_external_task_marker_dag.py
[2025-01-19T21:46:48.509+0000] {processor.py:914} INFO - Processing file /home/airflow/.local/lib/python3.12/site-packages/airflow/example_dags/example_external_task_marker_dag.py for tasks to queue
[2025-01-19T21:46:48.513+0000] {logging_mixin.py:190} INFO - [2025-01-19T21:46:48.513+0000] {dagbag.py:588} INFO - Filling up the DagBag from /home/airflow/.local/lib/python3.12/site-packages/airflow/example_dags/example_external_task_marker_dag.py
[2025-01-19T21:46:48.526+0000] {processor.py:925} INFO - DAG(s) 'example_external_task_marker_child', 'example_external_task_marker_parent' retrieved from /home/airflow/.local/lib/python3.12/site-packages/airflow/example_dags/example_external_task_marker_dag.py
[2025-01-19T21:46:48.577+0000] {logging_mixin.py:190} INFO - [2025-01-19T21:46:48.576+0000] {dag.py:3239} INFO - Sync 2 DAGs
[2025-01-19T21:46:48.609+0000] {logging_mixin.py:190} INFO - [2025-01-19T21:46:48.609+0000] {dag.py:4180} INFO - Setting next_dagrun for example_external_task_marker_child to None, run_after=None
[2025-01-19T21:46:48.616+0000] {logging_mixin.py:190} INFO - [2025-01-19T21:46:48.616+0000] {dag.py:4180} INFO - Setting next_dagrun for example_external_task_marker_parent to None, run_after=None
[2025-01-19T21:46:48.650+0000] {processor.py:208} INFO - Processing /home/airflow/.local/lib/python3.12/site-packages/airflow/example_dags/example_external_task_marker_dag.py took 0.150 seconds
[2025-01-19T21:47:19.761+0000] {processor.py:186} INFO - Started process (PID=1146) to work on /home/airflow/.local/lib/python3.12/site-packages/airflow/example_dags/example_external_task_marker_dag.py
[2025-01-19T21:47:19.763+0000] {processor.py:914} INFO - Processing file /home/airflow/.local/lib/python3.12/site-packages/airflow/example_dags/example_external_task_marker_dag.py for tasks to queue
[2025-01-19T21:47:19.765+0000] {logging_mixin.py:190} INFO - [2025-01-19T21:47:19.765+0000] {dagbag.py:588} INFO - Filling up the DagBag from /home/airflow/.local/lib/python3.12/site-packages/airflow/example_dags/example_external_task_marker_dag.py
[2025-01-19T21:47:19.776+0000] {processor.py:925} INFO - DAG(s) 'example_external_task_marker_parent', 'example_external_task_marker_child' retrieved from /home/airflow/.local/lib/python3.12/site-packages/airflow/example_dags/example_external_task_marker_dag.py
[2025-01-19T21:47:19.828+0000] {logging_mixin.py:190} INFO - [2025-01-19T21:47:19.827+0000] {dag.py:3239} INFO - Sync 2 DAGs
[2025-01-19T21:47:19.860+0000] {logging_mixin.py:190} INFO - [2025-01-19T21:47:19.859+0000] {dag.py:4180} INFO - Setting next_dagrun for example_external_task_marker_child to None, run_after=None
[2025-01-19T21:47:19.874+0000] {logging_mixin.py:190} INFO - [2025-01-19T21:47:19.873+0000] {dag.py:4180} INFO - Setting next_dagrun for example_external_task_marker_parent to None, run_after=None
[2025-01-19T21:47:19.907+0000] {processor.py:208} INFO - Processing /home/airflow/.local/lib/python3.12/site-packages/airflow/example_dags/example_external_task_marker_dag.py took 0.153 seconds
[2025-01-19T21:47:50.926+0000] {processor.py:186} INFO - Started process (PID=1223) to work on /home/airflow/.local/lib/python3.12/site-packages/airflow/example_dags/example_external_task_marker_dag.py
[2025-01-19T21:47:50.928+0000] {processor.py:914} INFO - Processing file /home/airflow/.local/lib/python3.12/site-packages/airflow/example_dags/example_external_task_marker_dag.py for tasks to queue
[2025-01-19T21:47:50.933+0000] {logging_mixin.py:190} INFO - [2025-01-19T21:47:50.933+0000] {dagbag.py:588} INFO - Filling up the DagBag from /home/airflow/.local/lib/python3.12/site-packages/airflow/example_dags/example_external_task_marker_dag.py
[2025-01-19T21:47:50.945+0000] {processor.py:925} INFO - DAG(s) 'example_external_task_marker_child', 'example_external_task_marker_parent' retrieved from /home/airflow/.local/lib/python3.12/site-packages/airflow/example_dags/example_external_task_marker_dag.py
[2025-01-19T21:47:50.979+0000] {logging_mixin.py:190} INFO - [2025-01-19T21:47:50.978+0000] {dag.py:3239} INFO - Sync 2 DAGs
[2025-01-19T21:47:51.015+0000] {logging_mixin.py:190} INFO - [2025-01-19T21:47:51.014+0000] {dag.py:4180} INFO - Setting next_dagrun for example_external_task_marker_child to None, run_after=None
[2025-01-19T21:47:51.029+0000] {logging_mixin.py:190} INFO - [2025-01-19T21:47:51.028+0000] {dag.py:4180} INFO - Setting next_dagrun for example_external_task_marker_parent to None, run_after=None
[2025-01-19T21:47:51.090+0000] {processor.py:208} INFO - Processing /home/airflow/.local/lib/python3.12/site-packages/airflow/example_dags/example_external_task_marker_dag.py took 0.172 seconds
[2025-01-19T21:48:22.195+0000] {processor.py:186} INFO - Started process (PID=1292) to work on /home/airflow/.local/lib/python3.12/site-packages/airflow/example_dags/example_external_task_marker_dag.py
[2025-01-19T21:48:22.200+0000] {processor.py:914} INFO - Processing file /home/airflow/.local/lib/python3.12/site-packages/airflow/example_dags/example_external_task_marker_dag.py for tasks to queue
[2025-01-19T21:48:22.208+0000] {logging_mixin.py:190} INFO - [2025-01-19T21:48:22.207+0000] {dagbag.py:588} INFO - Filling up the DagBag from /home/airflow/.local/lib/python3.12/site-packages/airflow/example_dags/example_external_task_marker_dag.py
[2025-01-19T21:48:22.227+0000] {processor.py:925} INFO - DAG(s) 'example_external_task_marker_parent', 'example_external_task_marker_child' retrieved from /home/airflow/.local/lib/python3.12/site-packages/airflow/example_dags/example_external_task_marker_dag.py
[2025-01-19T21:48:22.289+0000] {logging_mixin.py:190} INFO - [2025-01-19T21:48:22.289+0000] {dag.py:3239} INFO - Sync 2 DAGs
[2025-01-19T21:48:22.306+0000] {logging_mixin.py:190} INFO - [2025-01-19T21:48:22.306+0000] {dag.py:4180} INFO - Setting next_dagrun for example_external_task_marker_child to None, run_after=None
[2025-01-19T21:48:22.311+0000] {logging_mixin.py:190} INFO - [2025-01-19T21:48:22.311+0000] {dag.py:4180} INFO - Setting next_dagrun for example_external_task_marker_parent to None, run_after=None
[2025-01-19T21:48:22.330+0000] {processor.py:208} INFO - Processing /home/airflow/.local/lib/python3.12/site-packages/airflow/example_dags/example_external_task_marker_dag.py took 0.156 seconds
[2025-01-19T21:48:53.571+0000] {processor.py:186} INFO - Started process (PID=1361) to work on /home/airflow/.local/lib/python3.12/site-packages/airflow/example_dags/example_external_task_marker_dag.py
[2025-01-19T21:48:53.573+0000] {processor.py:914} INFO - Processing file /home/airflow/.local/lib/python3.12/site-packages/airflow/example_dags/example_external_task_marker_dag.py for tasks to queue
[2025-01-19T21:48:53.580+0000] {logging_mixin.py:190} INFO - [2025-01-19T21:48:53.579+0000] {dagbag.py:588} INFO - Filling up the DagBag from /home/airflow/.local/lib/python3.12/site-packages/airflow/example_dags/example_external_task_marker_dag.py
[2025-01-19T21:48:53.603+0000] {processor.py:925} INFO - DAG(s) 'example_external_task_marker_child', 'example_external_task_marker_parent' retrieved from /home/airflow/.local/lib/python3.12/site-packages/airflow/example_dags/example_external_task_marker_dag.py
[2025-01-19T21:48:53.678+0000] {logging_mixin.py:190} INFO - [2025-01-19T21:48:53.677+0000] {dag.py:3239} INFO - Sync 2 DAGs
[2025-01-19T21:48:53.711+0000] {logging_mixin.py:190} INFO - [2025-01-19T21:48:53.710+0000] {dag.py:4180} INFO - Setting next_dagrun for example_external_task_marker_child to None, run_after=None
[2025-01-19T21:48:53.717+0000] {logging_mixin.py:190} INFO - [2025-01-19T21:48:53.716+0000] {dag.py:4180} INFO - Setting next_dagrun for example_external_task_marker_parent to None, run_after=None
[2025-01-19T21:48:53.741+0000] {processor.py:208} INFO - Processing /home/airflow/.local/lib/python3.12/site-packages/airflow/example_dags/example_external_task_marker_dag.py took 0.177 seconds
[2025-01-19T21:49:24.934+0000] {processor.py:186} INFO - Started process (PID=1430) to work on /home/airflow/.local/lib/python3.12/site-packages/airflow/example_dags/example_external_task_marker_dag.py
[2025-01-19T21:49:24.936+0000] {processor.py:914} INFO - Processing file /home/airflow/.local/lib/python3.12/site-packages/airflow/example_dags/example_external_task_marker_dag.py for tasks to queue
[2025-01-19T21:49:24.941+0000] {logging_mixin.py:190} INFO - [2025-01-19T21:49:24.940+0000] {dagbag.py:588} INFO - Filling up the DagBag from /home/airflow/.local/lib/python3.12/site-packages/airflow/example_dags/example_external_task_marker_dag.py
[2025-01-19T21:49:24.952+0000] {processor.py:925} INFO - DAG(s) 'example_external_task_marker_parent', 'example_external_task_marker_child' retrieved from /home/airflow/.local/lib/python3.12/site-packages/airflow/example_dags/example_external_task_marker_dag.py
[2025-01-19T21:49:24.984+0000] {logging_mixin.py:190} INFO - [2025-01-19T21:49:24.984+0000] {dag.py:3239} INFO - Sync 2 DAGs
[2025-01-19T21:49:25.003+0000] {logging_mixin.py:190} INFO - [2025-01-19T21:49:25.003+0000] {dag.py:4180} INFO - Setting next_dagrun for example_external_task_marker_child to None, run_after=None
[2025-01-19T21:49:25.008+0000] {logging_mixin.py:190} INFO - [2025-01-19T21:49:25.008+0000] {dag.py:4180} INFO - Setting next_dagrun for example_external_task_marker_parent to None, run_after=None
[2025-01-19T21:49:25.033+0000] {processor.py:208} INFO - Processing /home/airflow/.local/lib/python3.12/site-packages/airflow/example_dags/example_external_task_marker_dag.py took 0.107 seconds
[2025-01-19T21:49:55.717+0000] {processor.py:186} INFO - Started process (PID=1499) to work on /home/airflow/.local/lib/python3.12/site-packages/airflow/example_dags/example_external_task_marker_dag.py
[2025-01-19T21:49:55.719+0000] {processor.py:914} INFO - Processing file /home/airflow/.local/lib/python3.12/site-packages/airflow/example_dags/example_external_task_marker_dag.py for tasks to queue
[2025-01-19T21:49:55.722+0000] {logging_mixin.py:190} INFO - [2025-01-19T21:49:55.722+0000] {dagbag.py:588} INFO - Filling up the DagBag from /home/airflow/.local/lib/python3.12/site-packages/airflow/example_dags/example_external_task_marker_dag.py
[2025-01-19T21:49:55.733+0000] {processor.py:925} INFO - DAG(s) 'example_external_task_marker_child', 'example_external_task_marker_parent' retrieved from /home/airflow/.local/lib/python3.12/site-packages/airflow/example_dags/example_external_task_marker_dag.py
[2025-01-19T21:49:55.799+0000] {logging_mixin.py:190} INFO - [2025-01-19T21:49:55.798+0000] {dag.py:3239} INFO - Sync 2 DAGs
[2025-01-19T21:49:55.820+0000] {logging_mixin.py:190} INFO - [2025-01-19T21:49:55.819+0000] {dag.py:4180} INFO - Setting next_dagrun for example_external_task_marker_child to None, run_after=None
[2025-01-19T21:49:55.825+0000] {logging_mixin.py:190} INFO - [2025-01-19T21:49:55.825+0000] {dag.py:4180} INFO - Setting next_dagrun for example_external_task_marker_parent to None, run_after=None
[2025-01-19T21:49:55.870+0000] {processor.py:208} INFO - Processing /home/airflow/.local/lib/python3.12/site-packages/airflow/example_dags/example_external_task_marker_dag.py took 0.159 seconds
[2025-01-19T21:50:27.658+0000] {processor.py:186} INFO - Started process (PID=1568) to work on /home/airflow/.local/lib/python3.12/site-packages/airflow/example_dags/example_external_task_marker_dag.py
[2025-01-19T21:50:27.662+0000] {processor.py:914} INFO - Processing file /home/airflow/.local/lib/python3.12/site-packages/airflow/example_dags/example_external_task_marker_dag.py for tasks to queue
[2025-01-19T21:50:27.666+0000] {logging_mixin.py:190} INFO - [2025-01-19T21:50:27.665+0000] {dagbag.py:588} INFO - Filling up the DagBag from /home/airflow/.local/lib/python3.12/site-packages/airflow/example_dags/example_external_task_marker_dag.py
[2025-01-19T21:50:27.682+0000] {processor.py:925} INFO - DAG(s) 'example_external_task_marker_child', 'example_external_task_marker_parent' retrieved from /home/airflow/.local/lib/python3.12/site-packages/airflow/example_dags/example_external_task_marker_dag.py
[2025-01-19T21:50:27.717+0000] {logging_mixin.py:190} INFO - [2025-01-19T21:50:27.716+0000] {dag.py:3239} INFO - Sync 2 DAGs
[2025-01-19T21:50:27.739+0000] {logging_mixin.py:190} INFO - [2025-01-19T21:50:27.739+0000] {dag.py:4180} INFO - Setting next_dagrun for example_external_task_marker_child to None, run_after=None
[2025-01-19T21:50:27.745+0000] {logging_mixin.py:190} INFO - [2025-01-19T21:50:27.744+0000] {dag.py:4180} INFO - Setting next_dagrun for example_external_task_marker_parent to None, run_after=None
[2025-01-19T21:50:27.773+0000] {processor.py:208} INFO - Processing /home/airflow/.local/lib/python3.12/site-packages/airflow/example_dags/example_external_task_marker_dag.py took 0.129 seconds
[2025-01-19T21:50:58.779+0000] {processor.py:186} INFO - Started process (PID=1637) to work on /home/airflow/.local/lib/python3.12/site-packages/airflow/example_dags/example_external_task_marker_dag.py
[2025-01-19T21:50:58.780+0000] {processor.py:914} INFO - Processing file /home/airflow/.local/lib/python3.12/site-packages/airflow/example_dags/example_external_task_marker_dag.py for tasks to queue
[2025-01-19T21:50:58.783+0000] {logging_mixin.py:190} INFO - [2025-01-19T21:50:58.783+0000] {dagbag.py:588} INFO - Filling up the DagBag from /home/airflow/.local/lib/python3.12/site-packages/airflow/example_dags/example_external_task_marker_dag.py
[2025-01-19T21:50:58.791+0000] {processor.py:925} INFO - DAG(s) 'example_external_task_marker_child', 'example_external_task_marker_parent' retrieved from /home/airflow/.local/lib/python3.12/site-packages/airflow/example_dags/example_external_task_marker_dag.py
[2025-01-19T21:50:58.812+0000] {logging_mixin.py:190} INFO - [2025-01-19T21:50:58.812+0000] {dag.py:3239} INFO - Sync 2 DAGs
[2025-01-19T21:50:58.826+0000] {logging_mixin.py:190} INFO - [2025-01-19T21:50:58.826+0000] {dag.py:4180} INFO - Setting next_dagrun for example_external_task_marker_child to None, run_after=None
[2025-01-19T21:50:58.832+0000] {logging_mixin.py:190} INFO - [2025-01-19T21:50:58.832+0000] {dag.py:4180} INFO - Setting next_dagrun for example_external_task_marker_parent to None, run_after=None
[2025-01-19T21:50:58.851+0000] {processor.py:208} INFO - Processing /home/airflow/.local/lib/python3.12/site-packages/airflow/example_dags/example_external_task_marker_dag.py took 0.078 seconds
[2025-01-19T21:51:30.100+0000] {processor.py:186} INFO - Started process (PID=1706) to work on /home/airflow/.local/lib/python3.12/site-packages/airflow/example_dags/example_external_task_marker_dag.py
[2025-01-19T21:51:30.103+0000] {processor.py:914} INFO - Processing file /home/airflow/.local/lib/python3.12/site-packages/airflow/example_dags/example_external_task_marker_dag.py for tasks to queue
[2025-01-19T21:51:30.110+0000] {logging_mixin.py:190} INFO - [2025-01-19T21:51:30.109+0000] {dagbag.py:588} INFO - Filling up the DagBag from /home/airflow/.local/lib/python3.12/site-packages/airflow/example_dags/example_external_task_marker_dag.py
[2025-01-19T21:51:30.118+0000] {processor.py:925} INFO - DAG(s) 'example_external_task_marker_child', 'example_external_task_marker_parent' retrieved from /home/airflow/.local/lib/python3.12/site-packages/airflow/example_dags/example_external_task_marker_dag.py
[2025-01-19T21:51:30.144+0000] {logging_mixin.py:190} INFO - [2025-01-19T21:51:30.143+0000] {dag.py:3239} INFO - Sync 2 DAGs
[2025-01-19T21:51:30.159+0000] {logging_mixin.py:190} INFO - [2025-01-19T21:51:30.159+0000] {dag.py:4180} INFO - Setting next_dagrun for example_external_task_marker_child to None, run_after=None
[2025-01-19T21:51:30.174+0000] {logging_mixin.py:190} INFO - [2025-01-19T21:51:30.173+0000] {dag.py:4180} INFO - Setting next_dagrun for example_external_task_marker_parent to None, run_after=None
[2025-01-19T21:51:30.195+0000] {processor.py:208} INFO - Processing /home/airflow/.local/lib/python3.12/site-packages/airflow/example_dags/example_external_task_marker_dag.py took 0.102 seconds
