[2025-01-19T21:39:24.247+0000] {processor.py:186} INFO - Started process (PID=100) to work on /home/airflow/.local/lib/python3.12/site-packages/airflow/example_dags/example_xcomargs.py
[2025-01-19T21:39:24.250+0000] {processor.py:914} INFO - Processing file /home/airflow/.local/lib/python3.12/site-packages/airflow/example_dags/example_xcomargs.py for tasks to queue
[2025-01-19T21:39:24.253+0000] {logging_mixin.py:190} INFO - [2025-01-19T21:39:24.253+0000] {dagbag.py:588} INFO - Filling up the DagBag from /home/airflow/.local/lib/python3.12/site-packages/airflow/example_dags/example_xcomargs.py
[2025-01-19T21:39:24.270+0000] {processor.py:925} INFO - DAG(s) 'example_xcom_args', 'example_xcom_args_with_operators' retrieved from /home/airflow/.local/lib/python3.12/site-packages/airflow/example_dags/example_xcomargs.py
[2025-01-19T21:39:24.390+0000] {logging_mixin.py:190} INFO - [2025-01-19T21:39:24.389+0000] {override.py:1911} INFO - Created Permission View: can edit on DAG:example_xcom_args
[2025-01-19T21:39:24.400+0000] {logging_mixin.py:190} INFO - [2025-01-19T21:39:24.400+0000] {override.py:1911} INFO - Created Permission View: can delete on DAG:example_xcom_args
[2025-01-19T21:39:24.407+0000] {logging_mixin.py:190} INFO - [2025-01-19T21:39:24.407+0000] {override.py:1911} INFO - Created Permission View: can read on DAG:example_xcom_args
[2025-01-19T21:39:24.420+0000] {logging_mixin.py:190} INFO - [2025-01-19T21:39:24.419+0000] {override.py:1911} INFO - Created Permission View: menu access on DAG Run:example_xcom_args
[2025-01-19T21:39:24.433+0000] {logging_mixin.py:190} INFO - [2025-01-19T21:39:24.432+0000] {override.py:1911} INFO - Created Permission View: can create on DAG Run:example_xcom_args
[2025-01-19T21:39:24.442+0000] {logging_mixin.py:190} INFO - [2025-01-19T21:39:24.442+0000] {override.py:1911} INFO - Created Permission View: can delete on DAG Run:example_xcom_args
[2025-01-19T21:39:24.448+0000] {logging_mixin.py:190} INFO - [2025-01-19T21:39:24.448+0000] {override.py:1911} INFO - Created Permission View: can read on DAG Run:example_xcom_args
[2025-01-19T21:39:24.464+0000] {logging_mixin.py:190} INFO - [2025-01-19T21:39:24.464+0000] {override.py:1911} INFO - Created Permission View: can edit on DAG:example_xcom_args_with_operators
[2025-01-19T21:39:24.473+0000] {logging_mixin.py:190} INFO - [2025-01-19T21:39:24.473+0000] {override.py:1911} INFO - Created Permission View: can delete on DAG:example_xcom_args_with_operators
[2025-01-19T21:39:24.479+0000] {logging_mixin.py:190} INFO - [2025-01-19T21:39:24.479+0000] {override.py:1911} INFO - Created Permission View: can read on DAG:example_xcom_args_with_operators
[2025-01-19T21:39:24.487+0000] {logging_mixin.py:190} INFO - [2025-01-19T21:39:24.487+0000] {override.py:1911} INFO - Created Permission View: menu access on DAG Run:example_xcom_args_with_operators
[2025-01-19T21:39:24.494+0000] {logging_mixin.py:190} INFO - [2025-01-19T21:39:24.494+0000] {override.py:1911} INFO - Created Permission View: can create on DAG Run:example_xcom_args_with_operators
[2025-01-19T21:39:24.501+0000] {logging_mixin.py:190} INFO - [2025-01-19T21:39:24.501+0000] {override.py:1911} INFO - Created Permission View: can delete on DAG Run:example_xcom_args_with_operators
[2025-01-19T21:39:24.507+0000] {logging_mixin.py:190} INFO - [2025-01-19T21:39:24.507+0000] {override.py:1911} INFO - Created Permission View: can read on DAG Run:example_xcom_args_with_operators
[2025-01-19T21:39:24.508+0000] {logging_mixin.py:190} INFO - [2025-01-19T21:39:24.508+0000] {dag.py:3239} INFO - Sync 2 DAGs
[2025-01-19T21:39:24.520+0000] {logging_mixin.py:190} INFO - [2025-01-19T21:39:24.519+0000] {dag.py:3262} INFO - Creating ORM DAG for example_xcom_args
[2025-01-19T21:39:24.521+0000] {logging_mixin.py:190} INFO - [2025-01-19T21:39:24.521+0000] {dag.py:3262} INFO - Creating ORM DAG for example_xcom_args_with_operators
[2025-01-19T21:39:24.522+0000] {logging_mixin.py:190} INFO - [2025-01-19T21:39:24.522+0000] {dag.py:4180} INFO - Setting next_dagrun for example_xcom_args to None, run_after=None
[2025-01-19T21:39:24.523+0000] {logging_mixin.py:190} INFO - [2025-01-19T21:39:24.523+0000] {dag.py:4180} INFO - Setting next_dagrun for example_xcom_args_with_operators to None, run_after=None
[2025-01-19T21:39:24.538+0000] {processor.py:208} INFO - Processing /home/airflow/.local/lib/python3.12/site-packages/airflow/example_dags/example_xcomargs.py took 0.302 seconds
[2025-01-19T21:39:55.993+0000] {processor.py:186} INFO - Started process (PID=169) to work on /home/airflow/.local/lib/python3.12/site-packages/airflow/example_dags/example_xcomargs.py
[2025-01-19T21:39:55.994+0000] {processor.py:914} INFO - Processing file /home/airflow/.local/lib/python3.12/site-packages/airflow/example_dags/example_xcomargs.py for tasks to queue
[2025-01-19T21:39:55.998+0000] {logging_mixin.py:190} INFO - [2025-01-19T21:39:55.998+0000] {dagbag.py:588} INFO - Filling up the DagBag from /home/airflow/.local/lib/python3.12/site-packages/airflow/example_dags/example_xcomargs.py
[2025-01-19T21:39:56.027+0000] {processor.py:925} INFO - DAG(s) 'example_xcom_args_with_operators', 'example_xcom_args' retrieved from /home/airflow/.local/lib/python3.12/site-packages/airflow/example_dags/example_xcomargs.py
[2025-01-19T21:39:56.089+0000] {logging_mixin.py:190} INFO - [2025-01-19T21:39:56.088+0000] {dag.py:3239} INFO - Sync 2 DAGs
[2025-01-19T21:39:56.140+0000] {logging_mixin.py:190} INFO - [2025-01-19T21:39:56.139+0000] {dag.py:4180} INFO - Setting next_dagrun for example_xcom_args to None, run_after=None
[2025-01-19T21:39:56.155+0000] {logging_mixin.py:190} INFO - [2025-01-19T21:39:56.154+0000] {dag.py:4180} INFO - Setting next_dagrun for example_xcom_args_with_operators to None, run_after=None
[2025-01-19T21:39:56.210+0000] {processor.py:208} INFO - Processing /home/airflow/.local/lib/python3.12/site-packages/airflow/example_dags/example_xcomargs.py took 0.225 seconds
[2025-01-19T21:40:28.081+0000] {processor.py:186} INFO - Started process (PID=238) to work on /home/airflow/.local/lib/python3.12/site-packages/airflow/example_dags/example_xcomargs.py
[2025-01-19T21:40:28.083+0000] {processor.py:914} INFO - Processing file /home/airflow/.local/lib/python3.12/site-packages/airflow/example_dags/example_xcomargs.py for tasks to queue
[2025-01-19T21:40:28.086+0000] {logging_mixin.py:190} INFO - [2025-01-19T21:40:28.086+0000] {dagbag.py:588} INFO - Filling up the DagBag from /home/airflow/.local/lib/python3.12/site-packages/airflow/example_dags/example_xcomargs.py
[2025-01-19T21:40:28.098+0000] {processor.py:925} INFO - DAG(s) 'example_xcom_args_with_operators', 'example_xcom_args' retrieved from /home/airflow/.local/lib/python3.12/site-packages/airflow/example_dags/example_xcomargs.py
[2025-01-19T21:40:28.123+0000] {logging_mixin.py:190} INFO - [2025-01-19T21:40:28.123+0000] {dag.py:3239} INFO - Sync 2 DAGs
[2025-01-19T21:40:28.137+0000] {logging_mixin.py:190} INFO - [2025-01-19T21:40:28.137+0000] {dag.py:4180} INFO - Setting next_dagrun for example_xcom_args to None, run_after=None
[2025-01-19T21:40:28.141+0000] {logging_mixin.py:190} INFO - [2025-01-19T21:40:28.141+0000] {dag.py:4180} INFO - Setting next_dagrun for example_xcom_args_with_operators to None, run_after=None
[2025-01-19T21:40:28.158+0000] {processor.py:208} INFO - Processing /home/airflow/.local/lib/python3.12/site-packages/airflow/example_dags/example_xcomargs.py took 0.082 seconds
[2025-01-19T21:40:59.184+0000] {processor.py:186} INFO - Started process (PID=307) to work on /home/airflow/.local/lib/python3.12/site-packages/airflow/example_dags/example_xcomargs.py
[2025-01-19T21:40:59.188+0000] {processor.py:914} INFO - Processing file /home/airflow/.local/lib/python3.12/site-packages/airflow/example_dags/example_xcomargs.py for tasks to queue
[2025-01-19T21:40:59.194+0000] {logging_mixin.py:190} INFO - [2025-01-19T21:40:59.193+0000] {dagbag.py:588} INFO - Filling up the DagBag from /home/airflow/.local/lib/python3.12/site-packages/airflow/example_dags/example_xcomargs.py
[2025-01-19T21:40:59.208+0000] {processor.py:925} INFO - DAG(s) 'example_xcom_args_with_operators', 'example_xcom_args' retrieved from /home/airflow/.local/lib/python3.12/site-packages/airflow/example_dags/example_xcomargs.py
[2025-01-19T21:40:59.242+0000] {logging_mixin.py:190} INFO - [2025-01-19T21:40:59.241+0000] {dag.py:3239} INFO - Sync 2 DAGs
[2025-01-19T21:40:59.261+0000] {logging_mixin.py:190} INFO - [2025-01-19T21:40:59.260+0000] {dag.py:4180} INFO - Setting next_dagrun for example_xcom_args to None, run_after=None
[2025-01-19T21:40:59.265+0000] {logging_mixin.py:190} INFO - [2025-01-19T21:40:59.265+0000] {dag.py:4180} INFO - Setting next_dagrun for example_xcom_args_with_operators to None, run_after=None
[2025-01-19T21:40:59.287+0000] {processor.py:208} INFO - Processing /home/airflow/.local/lib/python3.12/site-packages/airflow/example_dags/example_xcomargs.py took 0.114 seconds
[2025-01-19T21:41:30.762+0000] {processor.py:186} INFO - Started process (PID=376) to work on /home/airflow/.local/lib/python3.12/site-packages/airflow/example_dags/example_xcomargs.py
[2025-01-19T21:41:30.763+0000] {processor.py:914} INFO - Processing file /home/airflow/.local/lib/python3.12/site-packages/airflow/example_dags/example_xcomargs.py for tasks to queue
[2025-01-19T21:41:30.766+0000] {logging_mixin.py:190} INFO - [2025-01-19T21:41:30.766+0000] {dagbag.py:588} INFO - Filling up the DagBag from /home/airflow/.local/lib/python3.12/site-packages/airflow/example_dags/example_xcomargs.py
[2025-01-19T21:41:30.780+0000] {processor.py:925} INFO - DAG(s) 'example_xcom_args', 'example_xcom_args_with_operators' retrieved from /home/airflow/.local/lib/python3.12/site-packages/airflow/example_dags/example_xcomargs.py
[2025-01-19T21:41:30.807+0000] {logging_mixin.py:190} INFO - [2025-01-19T21:41:30.806+0000] {dag.py:3239} INFO - Sync 2 DAGs
[2025-01-19T21:41:30.822+0000] {logging_mixin.py:190} INFO - [2025-01-19T21:41:30.822+0000] {dag.py:4180} INFO - Setting next_dagrun for example_xcom_args to None, run_after=None
[2025-01-19T21:41:30.827+0000] {logging_mixin.py:190} INFO - [2025-01-19T21:41:30.827+0000] {dag.py:4180} INFO - Setting next_dagrun for example_xcom_args_with_operators to None, run_after=None
[2025-01-19T21:41:30.845+0000] {processor.py:208} INFO - Processing /home/airflow/.local/lib/python3.12/site-packages/airflow/example_dags/example_xcomargs.py took 0.089 seconds
[2025-01-19T21:42:03.071+0000] {processor.py:186} INFO - Started process (PID=445) to work on /home/airflow/.local/lib/python3.12/site-packages/airflow/example_dags/example_xcomargs.py
[2025-01-19T21:42:03.073+0000] {processor.py:914} INFO - Processing file /home/airflow/.local/lib/python3.12/site-packages/airflow/example_dags/example_xcomargs.py for tasks to queue
[2025-01-19T21:42:03.075+0000] {logging_mixin.py:190} INFO - [2025-01-19T21:42:03.075+0000] {dagbag.py:588} INFO - Filling up the DagBag from /home/airflow/.local/lib/python3.12/site-packages/airflow/example_dags/example_xcomargs.py
[2025-01-19T21:42:03.089+0000] {processor.py:925} INFO - DAG(s) 'example_xcom_args', 'example_xcom_args_with_operators' retrieved from /home/airflow/.local/lib/python3.12/site-packages/airflow/example_dags/example_xcomargs.py
[2025-01-19T21:42:03.116+0000] {logging_mixin.py:190} INFO - [2025-01-19T21:42:03.116+0000] {dag.py:3239} INFO - Sync 2 DAGs
[2025-01-19T21:42:03.144+0000] {logging_mixin.py:190} INFO - [2025-01-19T21:42:03.144+0000] {dag.py:4180} INFO - Setting next_dagrun for example_xcom_args to None, run_after=None
[2025-01-19T21:42:03.148+0000] {logging_mixin.py:190} INFO - [2025-01-19T21:42:03.148+0000] {dag.py:4180} INFO - Setting next_dagrun for example_xcom_args_with_operators to None, run_after=None
[2025-01-19T21:42:04.227+0000] {processor.py:208} INFO - Processing /home/airflow/.local/lib/python3.12/site-packages/airflow/example_dags/example_xcomargs.py took 1.161 seconds
[2025-01-19T21:42:34.422+0000] {processor.py:186} INFO - Started process (PID=514) to work on /home/airflow/.local/lib/python3.12/site-packages/airflow/example_dags/example_xcomargs.py
[2025-01-19T21:42:34.424+0000] {processor.py:914} INFO - Processing file /home/airflow/.local/lib/python3.12/site-packages/airflow/example_dags/example_xcomargs.py for tasks to queue
[2025-01-19T21:42:34.430+0000] {logging_mixin.py:190} INFO - [2025-01-19T21:42:34.429+0000] {dagbag.py:588} INFO - Filling up the DagBag from /home/airflow/.local/lib/python3.12/site-packages/airflow/example_dags/example_xcomargs.py
[2025-01-19T21:42:34.461+0000] {processor.py:925} INFO - DAG(s) 'example_xcom_args_with_operators', 'example_xcom_args' retrieved from /home/airflow/.local/lib/python3.12/site-packages/airflow/example_dags/example_xcomargs.py
[2025-01-19T21:42:34.494+0000] {logging_mixin.py:190} INFO - [2025-01-19T21:42:34.494+0000] {dag.py:3239} INFO - Sync 2 DAGs
[2025-01-19T21:42:34.508+0000] {logging_mixin.py:190} INFO - [2025-01-19T21:42:34.507+0000] {dag.py:4180} INFO - Setting next_dagrun for example_xcom_args to None, run_after=None
[2025-01-19T21:42:34.511+0000] {logging_mixin.py:190} INFO - [2025-01-19T21:42:34.511+0000] {dag.py:4180} INFO - Setting next_dagrun for example_xcom_args_with_operators to None, run_after=None
[2025-01-19T21:42:34.529+0000] {processor.py:208} INFO - Processing /home/airflow/.local/lib/python3.12/site-packages/airflow/example_dags/example_xcomargs.py took 0.114 seconds
[2025-01-19T21:43:05.649+0000] {processor.py:186} INFO - Started process (PID=583) to work on /home/airflow/.local/lib/python3.12/site-packages/airflow/example_dags/example_xcomargs.py
[2025-01-19T21:43:05.651+0000] {processor.py:914} INFO - Processing file /home/airflow/.local/lib/python3.12/site-packages/airflow/example_dags/example_xcomargs.py for tasks to queue
[2025-01-19T21:43:05.654+0000] {logging_mixin.py:190} INFO - [2025-01-19T21:43:05.654+0000] {dagbag.py:588} INFO - Filling up the DagBag from /home/airflow/.local/lib/python3.12/site-packages/airflow/example_dags/example_xcomargs.py
[2025-01-19T21:43:05.665+0000] {processor.py:925} INFO - DAG(s) 'example_xcom_args_with_operators', 'example_xcom_args' retrieved from /home/airflow/.local/lib/python3.12/site-packages/airflow/example_dags/example_xcomargs.py
[2025-01-19T21:43:05.690+0000] {logging_mixin.py:190} INFO - [2025-01-19T21:43:05.690+0000] {dag.py:3239} INFO - Sync 2 DAGs
[2025-01-19T21:43:05.706+0000] {logging_mixin.py:190} INFO - [2025-01-19T21:43:05.706+0000] {dag.py:4180} INFO - Setting next_dagrun for example_xcom_args to None, run_after=None
[2025-01-19T21:43:05.711+0000] {logging_mixin.py:190} INFO - [2025-01-19T21:43:05.710+0000] {dag.py:4180} INFO - Setting next_dagrun for example_xcom_args_with_operators to None, run_after=None
[2025-01-19T21:43:05.730+0000] {processor.py:208} INFO - Processing /home/airflow/.local/lib/python3.12/site-packages/airflow/example_dags/example_xcomargs.py took 0.090 seconds
[2025-01-19T21:43:36.853+0000] {processor.py:186} INFO - Started process (PID=652) to work on /home/airflow/.local/lib/python3.12/site-packages/airflow/example_dags/example_xcomargs.py
[2025-01-19T21:43:36.855+0000] {processor.py:914} INFO - Processing file /home/airflow/.local/lib/python3.12/site-packages/airflow/example_dags/example_xcomargs.py for tasks to queue
[2025-01-19T21:43:36.861+0000] {logging_mixin.py:190} INFO - [2025-01-19T21:43:36.860+0000] {dagbag.py:588} INFO - Filling up the DagBag from /home/airflow/.local/lib/python3.12/site-packages/airflow/example_dags/example_xcomargs.py
[2025-01-19T21:43:36.884+0000] {processor.py:925} INFO - DAG(s) 'example_xcom_args', 'example_xcom_args_with_operators' retrieved from /home/airflow/.local/lib/python3.12/site-packages/airflow/example_dags/example_xcomargs.py
[2025-01-19T21:43:36.922+0000] {logging_mixin.py:190} INFO - [2025-01-19T21:43:36.921+0000] {dag.py:3239} INFO - Sync 2 DAGs
[2025-01-19T21:43:36.951+0000] {logging_mixin.py:190} INFO - [2025-01-19T21:43:36.951+0000] {dag.py:4180} INFO - Setting next_dagrun for example_xcom_args to None, run_after=None
[2025-01-19T21:43:36.961+0000] {logging_mixin.py:190} INFO - [2025-01-19T21:43:36.960+0000] {dag.py:4180} INFO - Setting next_dagrun for example_xcom_args_with_operators to None, run_after=None
[2025-01-19T21:43:36.981+0000] {processor.py:208} INFO - Processing /home/airflow/.local/lib/python3.12/site-packages/airflow/example_dags/example_xcomargs.py took 0.141 seconds
[2025-01-19T21:44:08.533+0000] {processor.py:186} INFO - Started process (PID=721) to work on /home/airflow/.local/lib/python3.12/site-packages/airflow/example_dags/example_xcomargs.py
[2025-01-19T21:44:08.534+0000] {processor.py:914} INFO - Processing file /home/airflow/.local/lib/python3.12/site-packages/airflow/example_dags/example_xcomargs.py for tasks to queue
[2025-01-19T21:44:08.537+0000] {logging_mixin.py:190} INFO - [2025-01-19T21:44:08.537+0000] {dagbag.py:588} INFO - Filling up the DagBag from /home/airflow/.local/lib/python3.12/site-packages/airflow/example_dags/example_xcomargs.py
[2025-01-19T21:44:08.547+0000] {processor.py:925} INFO - DAG(s) 'example_xcom_args', 'example_xcom_args_with_operators' retrieved from /home/airflow/.local/lib/python3.12/site-packages/airflow/example_dags/example_xcomargs.py
[2025-01-19T21:44:08.569+0000] {logging_mixin.py:190} INFO - [2025-01-19T21:44:08.568+0000] {dag.py:3239} INFO - Sync 2 DAGs
[2025-01-19T21:44:08.585+0000] {logging_mixin.py:190} INFO - [2025-01-19T21:44:08.585+0000] {dag.py:4180} INFO - Setting next_dagrun for example_xcom_args to None, run_after=None
[2025-01-19T21:44:08.589+0000] {logging_mixin.py:190} INFO - [2025-01-19T21:44:08.588+0000] {dag.py:4180} INFO - Setting next_dagrun for example_xcom_args_with_operators to None, run_after=None
[2025-01-19T21:44:08.604+0000] {processor.py:208} INFO - Processing /home/airflow/.local/lib/python3.12/site-packages/airflow/example_dags/example_xcomargs.py took 0.076 seconds
[2025-01-19T21:44:40.916+0000] {processor.py:186} INFO - Started process (PID=790) to work on /home/airflow/.local/lib/python3.12/site-packages/airflow/example_dags/example_xcomargs.py
[2025-01-19T21:44:40.918+0000] {processor.py:914} INFO - Processing file /home/airflow/.local/lib/python3.12/site-packages/airflow/example_dags/example_xcomargs.py for tasks to queue
[2025-01-19T21:44:40.921+0000] {logging_mixin.py:190} INFO - [2025-01-19T21:44:40.921+0000] {dagbag.py:588} INFO - Filling up the DagBag from /home/airflow/.local/lib/python3.12/site-packages/airflow/example_dags/example_xcomargs.py
[2025-01-19T21:44:40.933+0000] {processor.py:925} INFO - DAG(s) 'example_xcom_args', 'example_xcom_args_with_operators' retrieved from /home/airflow/.local/lib/python3.12/site-packages/airflow/example_dags/example_xcomargs.py
[2025-01-19T21:44:40.960+0000] {logging_mixin.py:190} INFO - [2025-01-19T21:44:40.960+0000] {dag.py:3239} INFO - Sync 2 DAGs
[2025-01-19T21:44:40.974+0000] {logging_mixin.py:190} INFO - [2025-01-19T21:44:40.973+0000] {dag.py:4180} INFO - Setting next_dagrun for example_xcom_args to None, run_after=None
[2025-01-19T21:44:40.979+0000] {logging_mixin.py:190} INFO - [2025-01-19T21:44:40.979+0000] {dag.py:4180} INFO - Setting next_dagrun for example_xcom_args_with_operators to None, run_after=None
[2025-01-19T21:44:40.995+0000] {processor.py:208} INFO - Processing /home/airflow/.local/lib/python3.12/site-packages/airflow/example_dags/example_xcomargs.py took 0.086 seconds
[2025-01-19T21:45:13.108+0000] {processor.py:186} INFO - Started process (PID=859) to work on /home/airflow/.local/lib/python3.12/site-packages/airflow/example_dags/example_xcomargs.py
[2025-01-19T21:45:13.110+0000] {processor.py:914} INFO - Processing file /home/airflow/.local/lib/python3.12/site-packages/airflow/example_dags/example_xcomargs.py for tasks to queue
[2025-01-19T21:45:13.113+0000] {logging_mixin.py:190} INFO - [2025-01-19T21:45:13.113+0000] {dagbag.py:588} INFO - Filling up the DagBag from /home/airflow/.local/lib/python3.12/site-packages/airflow/example_dags/example_xcomargs.py
[2025-01-19T21:45:13.127+0000] {processor.py:925} INFO - DAG(s) 'example_xcom_args_with_operators', 'example_xcom_args' retrieved from /home/airflow/.local/lib/python3.12/site-packages/airflow/example_dags/example_xcomargs.py
[2025-01-19T21:45:13.160+0000] {logging_mixin.py:190} INFO - [2025-01-19T21:45:13.159+0000] {dag.py:3239} INFO - Sync 2 DAGs
[2025-01-19T21:45:13.174+0000] {logging_mixin.py:190} INFO - [2025-01-19T21:45:13.174+0000] {dag.py:4180} INFO - Setting next_dagrun for example_xcom_args to None, run_after=None
[2025-01-19T21:45:13.178+0000] {logging_mixin.py:190} INFO - [2025-01-19T21:45:13.178+0000] {dag.py:4180} INFO - Setting next_dagrun for example_xcom_args_with_operators to None, run_after=None
[2025-01-19T21:45:13.193+0000] {processor.py:208} INFO - Processing /home/airflow/.local/lib/python3.12/site-packages/airflow/example_dags/example_xcomargs.py took 0.092 seconds
[2025-01-19T21:45:45.231+0000] {processor.py:186} INFO - Started process (PID=929) to work on /home/airflow/.local/lib/python3.12/site-packages/airflow/example_dags/example_xcomargs.py
[2025-01-19T21:45:45.235+0000] {processor.py:914} INFO - Processing file /home/airflow/.local/lib/python3.12/site-packages/airflow/example_dags/example_xcomargs.py for tasks to queue
[2025-01-19T21:45:45.239+0000] {logging_mixin.py:190} INFO - [2025-01-19T21:45:45.239+0000] {dagbag.py:588} INFO - Filling up the DagBag from /home/airflow/.local/lib/python3.12/site-packages/airflow/example_dags/example_xcomargs.py
[2025-01-19T21:45:45.257+0000] {processor.py:925} INFO - DAG(s) 'example_xcom_args_with_operators', 'example_xcom_args' retrieved from /home/airflow/.local/lib/python3.12/site-packages/airflow/example_dags/example_xcomargs.py
[2025-01-19T21:45:45.294+0000] {logging_mixin.py:190} INFO - [2025-01-19T21:45:45.294+0000] {dag.py:3239} INFO - Sync 2 DAGs
[2025-01-19T21:45:45.335+0000] {logging_mixin.py:190} INFO - [2025-01-19T21:45:45.334+0000] {dag.py:4180} INFO - Setting next_dagrun for example_xcom_args to None, run_after=None
[2025-01-19T21:45:45.346+0000] {logging_mixin.py:190} INFO - [2025-01-19T21:45:45.345+0000] {dag.py:4180} INFO - Setting next_dagrun for example_xcom_args_with_operators to None, run_after=None
[2025-01-19T21:45:45.384+0000] {processor.py:208} INFO - Processing /home/airflow/.local/lib/python3.12/site-packages/airflow/example_dags/example_xcomargs.py took 0.161 seconds
[2025-01-19T21:46:16.335+0000] {processor.py:186} INFO - Started process (PID=998) to work on /home/airflow/.local/lib/python3.12/site-packages/airflow/example_dags/example_xcomargs.py
[2025-01-19T21:46:16.337+0000] {processor.py:914} INFO - Processing file /home/airflow/.local/lib/python3.12/site-packages/airflow/example_dags/example_xcomargs.py for tasks to queue
[2025-01-19T21:46:16.340+0000] {logging_mixin.py:190} INFO - [2025-01-19T21:46:16.339+0000] {dagbag.py:588} INFO - Filling up the DagBag from /home/airflow/.local/lib/python3.12/site-packages/airflow/example_dags/example_xcomargs.py
[2025-01-19T21:46:16.356+0000] {processor.py:925} INFO - DAG(s) 'example_xcom_args_with_operators', 'example_xcom_args' retrieved from /home/airflow/.local/lib/python3.12/site-packages/airflow/example_dags/example_xcomargs.py
[2025-01-19T21:46:16.379+0000] {logging_mixin.py:190} INFO - [2025-01-19T21:46:16.378+0000] {dag.py:3239} INFO - Sync 2 DAGs
[2025-01-19T21:46:16.394+0000] {logging_mixin.py:190} INFO - [2025-01-19T21:46:16.394+0000] {dag.py:4180} INFO - Setting next_dagrun for example_xcom_args to None, run_after=None
[2025-01-19T21:46:16.398+0000] {logging_mixin.py:190} INFO - [2025-01-19T21:46:16.398+0000] {dag.py:4180} INFO - Setting next_dagrun for example_xcom_args_with_operators to None, run_after=None
[2025-01-19T21:46:16.418+0000] {processor.py:208} INFO - Processing /home/airflow/.local/lib/python3.12/site-packages/airflow/example_dags/example_xcomargs.py took 0.094 seconds
[2025-01-19T21:46:48.089+0000] {processor.py:186} INFO - Started process (PID=1067) to work on /home/airflow/.local/lib/python3.12/site-packages/airflow/example_dags/example_xcomargs.py
[2025-01-19T21:46:48.093+0000] {processor.py:914} INFO - Processing file /home/airflow/.local/lib/python3.12/site-packages/airflow/example_dags/example_xcomargs.py for tasks to queue
[2025-01-19T21:46:48.097+0000] {logging_mixin.py:190} INFO - [2025-01-19T21:46:48.097+0000] {dagbag.py:588} INFO - Filling up the DagBag from /home/airflow/.local/lib/python3.12/site-packages/airflow/example_dags/example_xcomargs.py
[2025-01-19T21:46:48.113+0000] {processor.py:925} INFO - DAG(s) 'example_xcom_args', 'example_xcom_args_with_operators' retrieved from /home/airflow/.local/lib/python3.12/site-packages/airflow/example_dags/example_xcomargs.py
[2025-01-19T21:46:48.152+0000] {logging_mixin.py:190} INFO - [2025-01-19T21:46:48.151+0000] {dag.py:3239} INFO - Sync 2 DAGs
[2025-01-19T21:46:48.181+0000] {logging_mixin.py:190} INFO - [2025-01-19T21:46:48.181+0000] {dag.py:4180} INFO - Setting next_dagrun for example_xcom_args to None, run_after=None
[2025-01-19T21:46:48.190+0000] {logging_mixin.py:190} INFO - [2025-01-19T21:46:48.190+0000] {dag.py:4180} INFO - Setting next_dagrun for example_xcom_args_with_operators to None, run_after=None
[2025-01-19T21:46:48.210+0000] {processor.py:208} INFO - Processing /home/airflow/.local/lib/python3.12/site-packages/airflow/example_dags/example_xcomargs.py took 0.128 seconds
[2025-01-19T21:47:19.378+0000] {processor.py:186} INFO - Started process (PID=1141) to work on /home/airflow/.local/lib/python3.12/site-packages/airflow/example_dags/example_xcomargs.py
[2025-01-19T21:47:19.380+0000] {processor.py:914} INFO - Processing file /home/airflow/.local/lib/python3.12/site-packages/airflow/example_dags/example_xcomargs.py for tasks to queue
[2025-01-19T21:47:19.383+0000] {logging_mixin.py:190} INFO - [2025-01-19T21:47:19.382+0000] {dagbag.py:588} INFO - Filling up the DagBag from /home/airflow/.local/lib/python3.12/site-packages/airflow/example_dags/example_xcomargs.py
[2025-01-19T21:47:19.393+0000] {processor.py:925} INFO - DAG(s) 'example_xcom_args', 'example_xcom_args_with_operators' retrieved from /home/airflow/.local/lib/python3.12/site-packages/airflow/example_dags/example_xcomargs.py
[2025-01-19T21:47:19.416+0000] {logging_mixin.py:190} INFO - [2025-01-19T21:47:19.416+0000] {dag.py:3239} INFO - Sync 2 DAGs
[2025-01-19T21:47:19.430+0000] {logging_mixin.py:190} INFO - [2025-01-19T21:47:19.430+0000] {dag.py:4180} INFO - Setting next_dagrun for example_xcom_args to None, run_after=None
[2025-01-19T21:47:19.434+0000] {logging_mixin.py:190} INFO - [2025-01-19T21:47:19.434+0000] {dag.py:4180} INFO - Setting next_dagrun for example_xcom_args_with_operators to None, run_after=None
[2025-01-19T21:47:19.464+0000] {processor.py:208} INFO - Processing /home/airflow/.local/lib/python3.12/site-packages/airflow/example_dags/example_xcomargs.py took 0.092 seconds
[2025-01-19T21:47:50.495+0000] {processor.py:186} INFO - Started process (PID=1218) to work on /home/airflow/.local/lib/python3.12/site-packages/airflow/example_dags/example_xcomargs.py
[2025-01-19T21:47:50.496+0000] {processor.py:914} INFO - Processing file /home/airflow/.local/lib/python3.12/site-packages/airflow/example_dags/example_xcomargs.py for tasks to queue
[2025-01-19T21:47:50.499+0000] {logging_mixin.py:190} INFO - [2025-01-19T21:47:50.499+0000] {dagbag.py:588} INFO - Filling up the DagBag from /home/airflow/.local/lib/python3.12/site-packages/airflow/example_dags/example_xcomargs.py
[2025-01-19T21:47:50.512+0000] {processor.py:925} INFO - DAG(s) 'example_xcom_args_with_operators', 'example_xcom_args' retrieved from /home/airflow/.local/lib/python3.12/site-packages/airflow/example_dags/example_xcomargs.py
[2025-01-19T21:47:50.545+0000] {logging_mixin.py:190} INFO - [2025-01-19T21:47:50.545+0000] {dag.py:3239} INFO - Sync 2 DAGs
[2025-01-19T21:47:50.565+0000] {logging_mixin.py:190} INFO - [2025-01-19T21:47:50.565+0000] {dag.py:4180} INFO - Setting next_dagrun for example_xcom_args to None, run_after=None
[2025-01-19T21:47:50.570+0000] {logging_mixin.py:190} INFO - [2025-01-19T21:47:50.570+0000] {dag.py:4180} INFO - Setting next_dagrun for example_xcom_args_with_operators to None, run_after=None
[2025-01-19T21:47:50.585+0000] {processor.py:208} INFO - Processing /home/airflow/.local/lib/python3.12/site-packages/airflow/example_dags/example_xcomargs.py took 0.096 seconds
[2025-01-19T21:48:21.723+0000] {processor.py:186} INFO - Started process (PID=1287) to work on /home/airflow/.local/lib/python3.12/site-packages/airflow/example_dags/example_xcomargs.py
[2025-01-19T21:48:21.725+0000] {processor.py:914} INFO - Processing file /home/airflow/.local/lib/python3.12/site-packages/airflow/example_dags/example_xcomargs.py for tasks to queue
[2025-01-19T21:48:21.731+0000] {logging_mixin.py:190} INFO - [2025-01-19T21:48:21.730+0000] {dagbag.py:588} INFO - Filling up the DagBag from /home/airflow/.local/lib/python3.12/site-packages/airflow/example_dags/example_xcomargs.py
[2025-01-19T21:48:21.744+0000] {processor.py:925} INFO - DAG(s) 'example_xcom_args', 'example_xcom_args_with_operators' retrieved from /home/airflow/.local/lib/python3.12/site-packages/airflow/example_dags/example_xcomargs.py
[2025-01-19T21:48:21.770+0000] {logging_mixin.py:190} INFO - [2025-01-19T21:48:21.770+0000] {dag.py:3239} INFO - Sync 2 DAGs
[2025-01-19T21:48:21.785+0000] {logging_mixin.py:190} INFO - [2025-01-19T21:48:21.785+0000] {dag.py:4180} INFO - Setting next_dagrun for example_xcom_args to None, run_after=None
[2025-01-19T21:48:21.789+0000] {logging_mixin.py:190} INFO - [2025-01-19T21:48:21.789+0000] {dag.py:4180} INFO - Setting next_dagrun for example_xcom_args_with_operators to None, run_after=None
[2025-01-19T21:48:21.807+0000] {processor.py:208} INFO - Processing /home/airflow/.local/lib/python3.12/site-packages/airflow/example_dags/example_xcomargs.py took 0.091 seconds
[2025-01-19T21:48:53.194+0000] {processor.py:186} INFO - Started process (PID=1356) to work on /home/airflow/.local/lib/python3.12/site-packages/airflow/example_dags/example_xcomargs.py
[2025-01-19T21:48:53.195+0000] {processor.py:914} INFO - Processing file /home/airflow/.local/lib/python3.12/site-packages/airflow/example_dags/example_xcomargs.py for tasks to queue
[2025-01-19T21:48:53.199+0000] {logging_mixin.py:190} INFO - [2025-01-19T21:48:53.198+0000] {dagbag.py:588} INFO - Filling up the DagBag from /home/airflow/.local/lib/python3.12/site-packages/airflow/example_dags/example_xcomargs.py
[2025-01-19T21:48:53.212+0000] {processor.py:925} INFO - DAG(s) 'example_xcom_args_with_operators', 'example_xcom_args' retrieved from /home/airflow/.local/lib/python3.12/site-packages/airflow/example_dags/example_xcomargs.py
[2025-01-19T21:48:53.236+0000] {logging_mixin.py:190} INFO - [2025-01-19T21:48:53.236+0000] {dag.py:3239} INFO - Sync 2 DAGs
[2025-01-19T21:48:53.251+0000] {logging_mixin.py:190} INFO - [2025-01-19T21:48:53.250+0000] {dag.py:4180} INFO - Setting next_dagrun for example_xcom_args to None, run_after=None
[2025-01-19T21:48:53.255+0000] {logging_mixin.py:190} INFO - [2025-01-19T21:48:53.255+0000] {dag.py:4180} INFO - Setting next_dagrun for example_xcom_args_with_operators to None, run_after=None
[2025-01-19T21:48:53.271+0000] {processor.py:208} INFO - Processing /home/airflow/.local/lib/python3.12/site-packages/airflow/example_dags/example_xcomargs.py took 0.086 seconds
[2025-01-19T21:49:24.365+0000] {processor.py:186} INFO - Started process (PID=1425) to work on /home/airflow/.local/lib/python3.12/site-packages/airflow/example_dags/example_xcomargs.py
[2025-01-19T21:49:24.370+0000] {processor.py:914} INFO - Processing file /home/airflow/.local/lib/python3.12/site-packages/airflow/example_dags/example_xcomargs.py for tasks to queue
[2025-01-19T21:49:24.376+0000] {logging_mixin.py:190} INFO - [2025-01-19T21:49:24.375+0000] {dagbag.py:588} INFO - Filling up the DagBag from /home/airflow/.local/lib/python3.12/site-packages/airflow/example_dags/example_xcomargs.py
[2025-01-19T21:49:24.395+0000] {processor.py:925} INFO - DAG(s) 'example_xcom_args_with_operators', 'example_xcom_args' retrieved from /home/airflow/.local/lib/python3.12/site-packages/airflow/example_dags/example_xcomargs.py
[2025-01-19T21:49:24.424+0000] {logging_mixin.py:190} INFO - [2025-01-19T21:49:24.423+0000] {dag.py:3239} INFO - Sync 2 DAGs
[2025-01-19T21:49:24.437+0000] {logging_mixin.py:190} INFO - [2025-01-19T21:49:24.437+0000] {dag.py:4180} INFO - Setting next_dagrun for example_xcom_args to None, run_after=None
[2025-01-19T21:49:24.441+0000] {logging_mixin.py:190} INFO - [2025-01-19T21:49:24.441+0000] {dag.py:4180} INFO - Setting next_dagrun for example_xcom_args_with_operators to None, run_after=None
[2025-01-19T21:49:24.456+0000] {processor.py:208} INFO - Processing /home/airflow/.local/lib/python3.12/site-packages/airflow/example_dags/example_xcomargs.py took 0.100 seconds
[2025-01-19T21:49:55.234+0000] {processor.py:186} INFO - Started process (PID=1494) to work on /home/airflow/.local/lib/python3.12/site-packages/airflow/example_dags/example_xcomargs.py
[2025-01-19T21:49:55.236+0000] {processor.py:914} INFO - Processing file /home/airflow/.local/lib/python3.12/site-packages/airflow/example_dags/example_xcomargs.py for tasks to queue
[2025-01-19T21:49:55.239+0000] {logging_mixin.py:190} INFO - [2025-01-19T21:49:55.239+0000] {dagbag.py:588} INFO - Filling up the DagBag from /home/airflow/.local/lib/python3.12/site-packages/airflow/example_dags/example_xcomargs.py
[2025-01-19T21:49:55.249+0000] {processor.py:925} INFO - DAG(s) 'example_xcom_args', 'example_xcom_args_with_operators' retrieved from /home/airflow/.local/lib/python3.12/site-packages/airflow/example_dags/example_xcomargs.py
[2025-01-19T21:49:55.272+0000] {logging_mixin.py:190} INFO - [2025-01-19T21:49:55.271+0000] {dag.py:3239} INFO - Sync 2 DAGs
[2025-01-19T21:49:55.286+0000] {logging_mixin.py:190} INFO - [2025-01-19T21:49:55.286+0000] {dag.py:4180} INFO - Setting next_dagrun for example_xcom_args to None, run_after=None
[2025-01-19T21:49:55.290+0000] {logging_mixin.py:190} INFO - [2025-01-19T21:49:55.289+0000] {dag.py:4180} INFO - Setting next_dagrun for example_xcom_args_with_operators to None, run_after=None
[2025-01-19T21:49:55.307+0000] {processor.py:208} INFO - Processing /home/airflow/.local/lib/python3.12/site-packages/airflow/example_dags/example_xcomargs.py took 0.080 seconds
[2025-01-19T21:50:27.075+0000] {processor.py:186} INFO - Started process (PID=1563) to work on /home/airflow/.local/lib/python3.12/site-packages/airflow/example_dags/example_xcomargs.py
[2025-01-19T21:50:27.080+0000] {processor.py:914} INFO - Processing file /home/airflow/.local/lib/python3.12/site-packages/airflow/example_dags/example_xcomargs.py for tasks to queue
[2025-01-19T21:50:27.087+0000] {logging_mixin.py:190} INFO - [2025-01-19T21:50:27.087+0000] {dagbag.py:588} INFO - Filling up the DagBag from /home/airflow/.local/lib/python3.12/site-packages/airflow/example_dags/example_xcomargs.py
[2025-01-19T21:50:27.106+0000] {processor.py:925} INFO - DAG(s) 'example_xcom_args_with_operators', 'example_xcom_args' retrieved from /home/airflow/.local/lib/python3.12/site-packages/airflow/example_dags/example_xcomargs.py
[2025-01-19T21:50:27.132+0000] {logging_mixin.py:190} INFO - [2025-01-19T21:50:27.132+0000] {dag.py:3239} INFO - Sync 2 DAGs
[2025-01-19T21:50:27.151+0000] {logging_mixin.py:190} INFO - [2025-01-19T21:50:27.150+0000] {dag.py:4180} INFO - Setting next_dagrun for example_xcom_args to None, run_after=None
[2025-01-19T21:50:27.155+0000] {logging_mixin.py:190} INFO - [2025-01-19T21:50:27.155+0000] {dag.py:4180} INFO - Setting next_dagrun for example_xcom_args_with_operators to None, run_after=None
[2025-01-19T21:50:27.197+0000] {processor.py:208} INFO - Processing /home/airflow/.local/lib/python3.12/site-packages/airflow/example_dags/example_xcomargs.py took 0.135 seconds
[2025-01-19T21:50:58.409+0000] {processor.py:186} INFO - Started process (PID=1632) to work on /home/airflow/.local/lib/python3.12/site-packages/airflow/example_dags/example_xcomargs.py
[2025-01-19T21:50:58.410+0000] {processor.py:914} INFO - Processing file /home/airflow/.local/lib/python3.12/site-packages/airflow/example_dags/example_xcomargs.py for tasks to queue
[2025-01-19T21:50:58.412+0000] {logging_mixin.py:190} INFO - [2025-01-19T21:50:58.412+0000] {dagbag.py:588} INFO - Filling up the DagBag from /home/airflow/.local/lib/python3.12/site-packages/airflow/example_dags/example_xcomargs.py
[2025-01-19T21:50:58.430+0000] {processor.py:925} INFO - DAG(s) 'example_xcom_args_with_operators', 'example_xcom_args' retrieved from /home/airflow/.local/lib/python3.12/site-packages/airflow/example_dags/example_xcomargs.py
[2025-01-19T21:50:58.478+0000] {logging_mixin.py:190} INFO - [2025-01-19T21:50:58.478+0000] {dag.py:3239} INFO - Sync 2 DAGs
[2025-01-19T21:50:58.495+0000] {logging_mixin.py:190} INFO - [2025-01-19T21:50:58.494+0000] {dag.py:4180} INFO - Setting next_dagrun for example_xcom_args to None, run_after=None
[2025-01-19T21:50:58.499+0000] {logging_mixin.py:190} INFO - [2025-01-19T21:50:58.499+0000] {dag.py:4180} INFO - Setting next_dagrun for example_xcom_args_with_operators to None, run_after=None
[2025-01-19T21:50:58.516+0000] {processor.py:208} INFO - Processing /home/airflow/.local/lib/python3.12/site-packages/airflow/example_dags/example_xcomargs.py took 0.116 seconds
[2025-01-19T21:51:29.646+0000] {processor.py:186} INFO - Started process (PID=1701) to work on /home/airflow/.local/lib/python3.12/site-packages/airflow/example_dags/example_xcomargs.py
[2025-01-19T21:51:29.647+0000] {processor.py:914} INFO - Processing file /home/airflow/.local/lib/python3.12/site-packages/airflow/example_dags/example_xcomargs.py for tasks to queue
[2025-01-19T21:51:29.650+0000] {logging_mixin.py:190} INFO - [2025-01-19T21:51:29.650+0000] {dagbag.py:588} INFO - Filling up the DagBag from /home/airflow/.local/lib/python3.12/site-packages/airflow/example_dags/example_xcomargs.py
[2025-01-19T21:51:29.672+0000] {processor.py:925} INFO - DAG(s) 'example_xcom_args_with_operators', 'example_xcom_args' retrieved from /home/airflow/.local/lib/python3.12/site-packages/airflow/example_dags/example_xcomargs.py
[2025-01-19T21:51:29.730+0000] {logging_mixin.py:190} INFO - [2025-01-19T21:51:29.730+0000] {dag.py:3239} INFO - Sync 2 DAGs
[2025-01-19T21:51:29.757+0000] {logging_mixin.py:190} INFO - [2025-01-19T21:51:29.757+0000] {dag.py:4180} INFO - Setting next_dagrun for example_xcom_args to None, run_after=None
[2025-01-19T21:51:29.762+0000] {logging_mixin.py:190} INFO - [2025-01-19T21:51:29.762+0000] {dag.py:4180} INFO - Setting next_dagrun for example_xcom_args_with_operators to None, run_after=None
[2025-01-19T21:51:29.787+0000] {processor.py:208} INFO - Processing /home/airflow/.local/lib/python3.12/site-packages/airflow/example_dags/example_xcomargs.py took 0.150 seconds
