[2025-01-19T21:39:25.683+0000] {processor.py:186} INFO - Started process (PID=109) to work on /home/airflow/.local/lib/python3.12/site-packages/airflow/example_dags/example_xcom.py
[2025-01-19T21:39:25.685+0000] {processor.py:914} INFO - Processing file /home/airflow/.local/lib/python3.12/site-packages/airflow/example_dags/example_xcom.py for tasks to queue
[2025-01-19T21:39:25.687+0000] {logging_mixin.py:190} INFO - [2025-01-19T21:39:25.687+0000] {dagbag.py:588} INFO - Filling up the DagBag from /home/airflow/.local/lib/python3.12/site-packages/airflow/example_dags/example_xcom.py
[2025-01-19T21:39:25.698+0000] {processor.py:925} INFO - DAG(s) 'example_xcom' retrieved from /home/airflow/.local/lib/python3.12/site-packages/airflow/example_dags/example_xcom.py
[2025-01-19T21:39:25.803+0000] {logging_mixin.py:190} INFO - [2025-01-19T21:39:25.803+0000] {override.py:1911} INFO - Created Permission View: can edit on DAG:example_xcom
[2025-01-19T21:39:25.818+0000] {logging_mixin.py:190} INFO - [2025-01-19T21:39:25.817+0000] {override.py:1911} INFO - Created Permission View: can delete on DAG:example_xcom
[2025-01-19T21:39:25.826+0000] {logging_mixin.py:190} INFO - [2025-01-19T21:39:25.826+0000] {override.py:1911} INFO - Created Permission View: can read on DAG:example_xcom
[2025-01-19T21:39:25.834+0000] {logging_mixin.py:190} INFO - [2025-01-19T21:39:25.833+0000] {override.py:1911} INFO - Created Permission View: menu access on DAG Run:example_xcom
[2025-01-19T21:39:25.840+0000] {logging_mixin.py:190} INFO - [2025-01-19T21:39:25.840+0000] {override.py:1911} INFO - Created Permission View: can create on DAG Run:example_xcom
[2025-01-19T21:39:25.846+0000] {logging_mixin.py:190} INFO - [2025-01-19T21:39:25.846+0000] {override.py:1911} INFO - Created Permission View: can delete on DAG Run:example_xcom
[2025-01-19T21:39:25.852+0000] {logging_mixin.py:190} INFO - [2025-01-19T21:39:25.852+0000] {override.py:1911} INFO - Created Permission View: can read on DAG Run:example_xcom
[2025-01-19T21:39:25.853+0000] {logging_mixin.py:190} INFO - [2025-01-19T21:39:25.853+0000] {dag.py:3239} INFO - Sync 1 DAGs
[2025-01-19T21:39:25.865+0000] {logging_mixin.py:190} INFO - [2025-01-19T21:39:25.865+0000] {dag.py:3262} INFO - Creating ORM DAG for example_xcom
[2025-01-19T21:39:25.876+0000] {logging_mixin.py:190} INFO - [2025-01-19T21:39:25.876+0000] {dag.py:4180} INFO - Setting next_dagrun for example_xcom to 2021-01-01 00:00:00+00:00, run_after=2021-01-01 00:00:00+00:00
[2025-01-19T21:39:25.893+0000] {processor.py:208} INFO - Processing /home/airflow/.local/lib/python3.12/site-packages/airflow/example_dags/example_xcom.py took 0.216 seconds
[2025-01-19T21:39:57.079+0000] {processor.py:186} INFO - Started process (PID=178) to work on /home/airflow/.local/lib/python3.12/site-packages/airflow/example_dags/example_xcom.py
[2025-01-19T21:39:57.083+0000] {processor.py:914} INFO - Processing file /home/airflow/.local/lib/python3.12/site-packages/airflow/example_dags/example_xcom.py for tasks to queue
[2025-01-19T21:39:57.090+0000] {logging_mixin.py:190} INFO - [2025-01-19T21:39:57.089+0000] {dagbag.py:588} INFO - Filling up the DagBag from /home/airflow/.local/lib/python3.12/site-packages/airflow/example_dags/example_xcom.py
[2025-01-19T21:39:57.118+0000] {processor.py:925} INFO - DAG(s) 'example_xcom' retrieved from /home/airflow/.local/lib/python3.12/site-packages/airflow/example_dags/example_xcom.py
[2025-01-19T21:39:57.155+0000] {logging_mixin.py:190} INFO - [2025-01-19T21:39:57.155+0000] {dag.py:3239} INFO - Sync 1 DAGs
[2025-01-19T21:39:57.182+0000] {logging_mixin.py:190} INFO - [2025-01-19T21:39:57.182+0000] {dag.py:4180} INFO - Setting next_dagrun for example_xcom to 2021-01-01 00:00:00+00:00, run_after=2021-01-01 00:00:00+00:00
[2025-01-19T21:39:57.207+0000] {processor.py:208} INFO - Processing /home/airflow/.local/lib/python3.12/site-packages/airflow/example_dags/example_xcom.py took 0.146 seconds
[2025-01-19T21:40:28.817+0000] {processor.py:186} INFO - Started process (PID=247) to work on /home/airflow/.local/lib/python3.12/site-packages/airflow/example_dags/example_xcom.py
[2025-01-19T21:40:28.822+0000] {processor.py:914} INFO - Processing file /home/airflow/.local/lib/python3.12/site-packages/airflow/example_dags/example_xcom.py for tasks to queue
[2025-01-19T21:40:28.826+0000] {logging_mixin.py:190} INFO - [2025-01-19T21:40:28.826+0000] {dagbag.py:588} INFO - Filling up the DagBag from /home/airflow/.local/lib/python3.12/site-packages/airflow/example_dags/example_xcom.py
[2025-01-19T21:40:28.837+0000] {processor.py:925} INFO - DAG(s) 'example_xcom' retrieved from /home/airflow/.local/lib/python3.12/site-packages/airflow/example_dags/example_xcom.py
[2025-01-19T21:40:28.859+0000] {logging_mixin.py:190} INFO - [2025-01-19T21:40:28.858+0000] {dag.py:3239} INFO - Sync 1 DAGs
[2025-01-19T21:40:28.887+0000] {logging_mixin.py:190} INFO - [2025-01-19T21:40:28.887+0000] {dag.py:4180} INFO - Setting next_dagrun for example_xcom to 2021-01-01 00:00:00+00:00, run_after=2021-01-01 00:00:00+00:00
[2025-01-19T21:40:28.918+0000] {processor.py:208} INFO - Processing /home/airflow/.local/lib/python3.12/site-packages/airflow/example_dags/example_xcom.py took 0.110 seconds
[2025-01-19T21:40:59.848+0000] {processor.py:186} INFO - Started process (PID=316) to work on /home/airflow/.local/lib/python3.12/site-packages/airflow/example_dags/example_xcom.py
[2025-01-19T21:40:59.850+0000] {processor.py:914} INFO - Processing file /home/airflow/.local/lib/python3.12/site-packages/airflow/example_dags/example_xcom.py for tasks to queue
[2025-01-19T21:40:59.853+0000] {logging_mixin.py:190} INFO - [2025-01-19T21:40:59.853+0000] {dagbag.py:588} INFO - Filling up the DagBag from /home/airflow/.local/lib/python3.12/site-packages/airflow/example_dags/example_xcom.py
[2025-01-19T21:40:59.863+0000] {processor.py:925} INFO - DAG(s) 'example_xcom' retrieved from /home/airflow/.local/lib/python3.12/site-packages/airflow/example_dags/example_xcom.py
[2025-01-19T21:40:59.886+0000] {logging_mixin.py:190} INFO - [2025-01-19T21:40:59.886+0000] {dag.py:3239} INFO - Sync 1 DAGs
[2025-01-19T21:40:59.908+0000] {logging_mixin.py:190} INFO - [2025-01-19T21:40:59.907+0000] {dag.py:4180} INFO - Setting next_dagrun for example_xcom to 2021-01-01 00:00:00+00:00, run_after=2021-01-01 00:00:00+00:00
[2025-01-19T21:40:59.926+0000] {processor.py:208} INFO - Processing /home/airflow/.local/lib/python3.12/site-packages/airflow/example_dags/example_xcom.py took 0.084 seconds
[2025-01-19T21:41:31.325+0000] {processor.py:186} INFO - Started process (PID=385) to work on /home/airflow/.local/lib/python3.12/site-packages/airflow/example_dags/example_xcom.py
[2025-01-19T21:41:31.326+0000] {processor.py:914} INFO - Processing file /home/airflow/.local/lib/python3.12/site-packages/airflow/example_dags/example_xcom.py for tasks to queue
[2025-01-19T21:41:31.329+0000] {logging_mixin.py:190} INFO - [2025-01-19T21:41:31.329+0000] {dagbag.py:588} INFO - Filling up the DagBag from /home/airflow/.local/lib/python3.12/site-packages/airflow/example_dags/example_xcom.py
[2025-01-19T21:41:31.338+0000] {processor.py:925} INFO - DAG(s) 'example_xcom' retrieved from /home/airflow/.local/lib/python3.12/site-packages/airflow/example_dags/example_xcom.py
[2025-01-19T21:41:31.356+0000] {logging_mixin.py:190} INFO - [2025-01-19T21:41:31.356+0000] {dag.py:3239} INFO - Sync 1 DAGs
[2025-01-19T21:41:31.377+0000] {logging_mixin.py:190} INFO - [2025-01-19T21:41:31.377+0000] {dag.py:4180} INFO - Setting next_dagrun for example_xcom to 2021-01-01 00:00:00+00:00, run_after=2021-01-01 00:00:00+00:00
[2025-01-19T21:41:31.393+0000] {processor.py:208} INFO - Processing /home/airflow/.local/lib/python3.12/site-packages/airflow/example_dags/example_xcom.py took 0.074 seconds
[2025-01-19T21:42:08.247+0000] {processor.py:186} INFO - Started process (PID=454) to work on /home/airflow/.local/lib/python3.12/site-packages/airflow/example_dags/example_xcom.py
[2025-01-19T21:42:08.250+0000] {processor.py:914} INFO - Processing file /home/airflow/.local/lib/python3.12/site-packages/airflow/example_dags/example_xcom.py for tasks to queue
[2025-01-19T21:42:08.253+0000] {logging_mixin.py:190} INFO - [2025-01-19T21:42:08.253+0000] {dagbag.py:588} INFO - Filling up the DagBag from /home/airflow/.local/lib/python3.12/site-packages/airflow/example_dags/example_xcom.py
[2025-01-19T21:42:08.287+0000] {processor.py:925} INFO - DAG(s) 'example_xcom' retrieved from /home/airflow/.local/lib/python3.12/site-packages/airflow/example_dags/example_xcom.py
[2025-01-19T21:42:08.350+0000] {logging_mixin.py:190} INFO - [2025-01-19T21:42:08.350+0000] {dag.py:3239} INFO - Sync 1 DAGs
[2025-01-19T21:42:08.394+0000] {logging_mixin.py:190} INFO - [2025-01-19T21:42:08.393+0000] {dag.py:4180} INFO - Setting next_dagrun for example_xcom to 2021-01-01 00:00:00+00:00, run_after=2021-01-01 00:00:00+00:00
[2025-01-19T21:42:09.183+0000] {processor.py:208} INFO - Processing /home/airflow/.local/lib/python3.12/site-packages/airflow/example_dags/example_xcom.py took 0.953 seconds
[2025-01-19T21:42:40.070+0000] {processor.py:186} INFO - Started process (PID=523) to work on /home/airflow/.local/lib/python3.12/site-packages/airflow/example_dags/example_xcom.py
[2025-01-19T21:42:40.072+0000] {processor.py:914} INFO - Processing file /home/airflow/.local/lib/python3.12/site-packages/airflow/example_dags/example_xcom.py for tasks to queue
[2025-01-19T21:42:40.075+0000] {logging_mixin.py:190} INFO - [2025-01-19T21:42:40.075+0000] {dagbag.py:588} INFO - Filling up the DagBag from /home/airflow/.local/lib/python3.12/site-packages/airflow/example_dags/example_xcom.py
[2025-01-19T21:42:40.089+0000] {processor.py:925} INFO - DAG(s) 'example_xcom' retrieved from /home/airflow/.local/lib/python3.12/site-packages/airflow/example_dags/example_xcom.py
[2025-01-19T21:42:40.121+0000] {logging_mixin.py:190} INFO - [2025-01-19T21:42:40.121+0000] {dag.py:3239} INFO - Sync 1 DAGs
[2025-01-19T21:42:40.158+0000] {logging_mixin.py:190} INFO - [2025-01-19T21:42:40.158+0000] {dag.py:4180} INFO - Setting next_dagrun for example_xcom to 2021-01-01 00:00:00+00:00, run_after=2021-01-01 00:00:00+00:00
[2025-01-19T21:42:40.184+0000] {processor.py:208} INFO - Processing /home/airflow/.local/lib/python3.12/site-packages/airflow/example_dags/example_xcom.py took 0.122 seconds
[2025-01-19T21:43:10.395+0000] {processor.py:186} INFO - Started process (PID=592) to work on /home/airflow/.local/lib/python3.12/site-packages/airflow/example_dags/example_xcom.py
[2025-01-19T21:43:10.398+0000] {processor.py:914} INFO - Processing file /home/airflow/.local/lib/python3.12/site-packages/airflow/example_dags/example_xcom.py for tasks to queue
[2025-01-19T21:43:10.403+0000] {logging_mixin.py:190} INFO - [2025-01-19T21:43:10.402+0000] {dagbag.py:588} INFO - Filling up the DagBag from /home/airflow/.local/lib/python3.12/site-packages/airflow/example_dags/example_xcom.py
[2025-01-19T21:43:10.424+0000] {processor.py:925} INFO - DAG(s) 'example_xcom' retrieved from /home/airflow/.local/lib/python3.12/site-packages/airflow/example_dags/example_xcom.py
[2025-01-19T21:43:10.466+0000] {logging_mixin.py:190} INFO - [2025-01-19T21:43:10.465+0000] {dag.py:3239} INFO - Sync 1 DAGs
[2025-01-19T21:43:10.492+0000] {logging_mixin.py:190} INFO - [2025-01-19T21:43:10.491+0000] {dag.py:4180} INFO - Setting next_dagrun for example_xcom to 2021-01-01 00:00:00+00:00, run_after=2021-01-01 00:00:00+00:00
[2025-01-19T21:43:10.515+0000] {processor.py:208} INFO - Processing /home/airflow/.local/lib/python3.12/site-packages/airflow/example_dags/example_xcom.py took 0.146 seconds
[2025-01-19T21:43:40.696+0000] {processor.py:186} INFO - Started process (PID=662) to work on /home/airflow/.local/lib/python3.12/site-packages/airflow/example_dags/example_xcom.py
[2025-01-19T21:43:40.698+0000] {processor.py:914} INFO - Processing file /home/airflow/.local/lib/python3.12/site-packages/airflow/example_dags/example_xcom.py for tasks to queue
[2025-01-19T21:43:40.701+0000] {logging_mixin.py:190} INFO - [2025-01-19T21:43:40.701+0000] {dagbag.py:588} INFO - Filling up the DagBag from /home/airflow/.local/lib/python3.12/site-packages/airflow/example_dags/example_xcom.py
[2025-01-19T21:43:40.709+0000] {processor.py:925} INFO - DAG(s) 'example_xcom' retrieved from /home/airflow/.local/lib/python3.12/site-packages/airflow/example_dags/example_xcom.py
[2025-01-19T21:43:40.728+0000] {logging_mixin.py:190} INFO - [2025-01-19T21:43:40.728+0000] {dag.py:3239} INFO - Sync 1 DAGs
[2025-01-19T21:43:40.750+0000] {logging_mixin.py:190} INFO - [2025-01-19T21:43:40.750+0000] {dag.py:4180} INFO - Setting next_dagrun for example_xcom to 2021-01-01 00:00:00+00:00, run_after=2021-01-01 00:00:00+00:00
[2025-01-19T21:43:40.768+0000] {processor.py:208} INFO - Processing /home/airflow/.local/lib/python3.12/site-packages/airflow/example_dags/example_xcom.py took 0.078 seconds
[2025-01-19T21:44:11.328+0000] {processor.py:186} INFO - Started process (PID=730) to work on /home/airflow/.local/lib/python3.12/site-packages/airflow/example_dags/example_xcom.py
[2025-01-19T21:44:11.329+0000] {processor.py:914} INFO - Processing file /home/airflow/.local/lib/python3.12/site-packages/airflow/example_dags/example_xcom.py for tasks to queue
[2025-01-19T21:44:11.335+0000] {logging_mixin.py:190} INFO - [2025-01-19T21:44:11.334+0000] {dagbag.py:588} INFO - Filling up the DagBag from /home/airflow/.local/lib/python3.12/site-packages/airflow/example_dags/example_xcom.py
[2025-01-19T21:44:11.357+0000] {processor.py:925} INFO - DAG(s) 'example_xcom' retrieved from /home/airflow/.local/lib/python3.12/site-packages/airflow/example_dags/example_xcom.py
[2025-01-19T21:44:11.412+0000] {logging_mixin.py:190} INFO - [2025-01-19T21:44:11.412+0000] {dag.py:3239} INFO - Sync 1 DAGs
[2025-01-19T21:44:11.451+0000] {logging_mixin.py:190} INFO - [2025-01-19T21:44:11.450+0000] {dag.py:4180} INFO - Setting next_dagrun for example_xcom to 2021-01-01 00:00:00+00:00, run_after=2021-01-01 00:00:00+00:00
[2025-01-19T21:44:11.487+0000] {processor.py:208} INFO - Processing /home/airflow/.local/lib/python3.12/site-packages/airflow/example_dags/example_xcom.py took 0.168 seconds
[2025-01-19T21:44:41.997+0000] {processor.py:186} INFO - Started process (PID=799) to work on /home/airflow/.local/lib/python3.12/site-packages/airflow/example_dags/example_xcom.py
[2025-01-19T21:44:41.999+0000] {processor.py:914} INFO - Processing file /home/airflow/.local/lib/python3.12/site-packages/airflow/example_dags/example_xcom.py for tasks to queue
[2025-01-19T21:44:42.002+0000] {logging_mixin.py:190} INFO - [2025-01-19T21:44:42.002+0000] {dagbag.py:588} INFO - Filling up the DagBag from /home/airflow/.local/lib/python3.12/site-packages/airflow/example_dags/example_xcom.py
[2025-01-19T21:44:42.012+0000] {processor.py:925} INFO - DAG(s) 'example_xcom' retrieved from /home/airflow/.local/lib/python3.12/site-packages/airflow/example_dags/example_xcom.py
[2025-01-19T21:44:42.033+0000] {logging_mixin.py:190} INFO - [2025-01-19T21:44:42.033+0000] {dag.py:3239} INFO - Sync 1 DAGs
[2025-01-19T21:44:42.057+0000] {logging_mixin.py:190} INFO - [2025-01-19T21:44:42.056+0000] {dag.py:4180} INFO - Setting next_dagrun for example_xcom to 2021-01-01 00:00:00+00:00, run_after=2021-01-01 00:00:00+00:00
[2025-01-19T21:44:42.074+0000] {processor.py:208} INFO - Processing /home/airflow/.local/lib/python3.12/site-packages/airflow/example_dags/example_xcom.py took 0.084 seconds
[2025-01-19T21:45:13.660+0000] {processor.py:186} INFO - Started process (PID=868) to work on /home/airflow/.local/lib/python3.12/site-packages/airflow/example_dags/example_xcom.py
[2025-01-19T21:45:13.663+0000] {processor.py:914} INFO - Processing file /home/airflow/.local/lib/python3.12/site-packages/airflow/example_dags/example_xcom.py for tasks to queue
[2025-01-19T21:45:13.665+0000] {logging_mixin.py:190} INFO - [2025-01-19T21:45:13.665+0000] {dagbag.py:588} INFO - Filling up the DagBag from /home/airflow/.local/lib/python3.12/site-packages/airflow/example_dags/example_xcom.py
[2025-01-19T21:45:13.674+0000] {processor.py:925} INFO - DAG(s) 'example_xcom' retrieved from /home/airflow/.local/lib/python3.12/site-packages/airflow/example_dags/example_xcom.py
[2025-01-19T21:45:13.694+0000] {logging_mixin.py:190} INFO - [2025-01-19T21:45:13.693+0000] {dag.py:3239} INFO - Sync 1 DAGs
[2025-01-19T21:45:13.715+0000] {logging_mixin.py:190} INFO - [2025-01-19T21:45:13.715+0000] {dag.py:4180} INFO - Setting next_dagrun for example_xcom to 2021-01-01 00:00:00+00:00, run_after=2021-01-01 00:00:00+00:00
[2025-01-19T21:45:13.733+0000] {processor.py:208} INFO - Processing /home/airflow/.local/lib/python3.12/site-packages/airflow/example_dags/example_xcom.py took 0.079 seconds
[2025-01-19T21:45:46.095+0000] {processor.py:186} INFO - Started process (PID=938) to work on /home/airflow/.local/lib/python3.12/site-packages/airflow/example_dags/example_xcom.py
[2025-01-19T21:45:46.097+0000] {processor.py:914} INFO - Processing file /home/airflow/.local/lib/python3.12/site-packages/airflow/example_dags/example_xcom.py for tasks to queue
[2025-01-19T21:45:46.101+0000] {logging_mixin.py:190} INFO - [2025-01-19T21:45:46.100+0000] {dagbag.py:588} INFO - Filling up the DagBag from /home/airflow/.local/lib/python3.12/site-packages/airflow/example_dags/example_xcom.py
[2025-01-19T21:45:46.117+0000] {processor.py:925} INFO - DAG(s) 'example_xcom' retrieved from /home/airflow/.local/lib/python3.12/site-packages/airflow/example_dags/example_xcom.py
[2025-01-19T21:45:46.153+0000] {logging_mixin.py:190} INFO - [2025-01-19T21:45:46.153+0000] {dag.py:3239} INFO - Sync 1 DAGs
[2025-01-19T21:45:46.192+0000] {logging_mixin.py:190} INFO - [2025-01-19T21:45:46.192+0000] {dag.py:4180} INFO - Setting next_dagrun for example_xcom to 2021-01-01 00:00:00+00:00, run_after=2021-01-01 00:00:00+00:00
[2025-01-19T21:45:46.237+0000] {processor.py:208} INFO - Processing /home/airflow/.local/lib/python3.12/site-packages/airflow/example_dags/example_xcom.py took 0.150 seconds
[2025-01-19T21:46:17.229+0000] {processor.py:186} INFO - Started process (PID=1007) to work on /home/airflow/.local/lib/python3.12/site-packages/airflow/example_dags/example_xcom.py
[2025-01-19T21:46:17.231+0000] {processor.py:914} INFO - Processing file /home/airflow/.local/lib/python3.12/site-packages/airflow/example_dags/example_xcom.py for tasks to queue
[2025-01-19T21:46:17.234+0000] {logging_mixin.py:190} INFO - [2025-01-19T21:46:17.234+0000] {dagbag.py:588} INFO - Filling up the DagBag from /home/airflow/.local/lib/python3.12/site-packages/airflow/example_dags/example_xcom.py
[2025-01-19T21:46:17.244+0000] {processor.py:925} INFO - DAG(s) 'example_xcom' retrieved from /home/airflow/.local/lib/python3.12/site-packages/airflow/example_dags/example_xcom.py
[2025-01-19T21:46:17.277+0000] {logging_mixin.py:190} INFO - [2025-01-19T21:46:17.277+0000] {dag.py:3239} INFO - Sync 1 DAGs
[2025-01-19T21:46:17.319+0000] {logging_mixin.py:190} INFO - [2025-01-19T21:46:17.319+0000] {dag.py:4180} INFO - Setting next_dagrun for example_xcom to 2021-01-01 00:00:00+00:00, run_after=2021-01-01 00:00:00+00:00
[2025-01-19T21:46:17.340+0000] {processor.py:208} INFO - Processing /home/airflow/.local/lib/python3.12/site-packages/airflow/example_dags/example_xcom.py took 0.117 seconds
[2025-01-19T21:46:49.146+0000] {processor.py:186} INFO - Started process (PID=1076) to work on /home/airflow/.local/lib/python3.12/site-packages/airflow/example_dags/example_xcom.py
[2025-01-19T21:46:49.148+0000] {processor.py:914} INFO - Processing file /home/airflow/.local/lib/python3.12/site-packages/airflow/example_dags/example_xcom.py for tasks to queue
[2025-01-19T21:46:49.152+0000] {logging_mixin.py:190} INFO - [2025-01-19T21:46:49.151+0000] {dagbag.py:588} INFO - Filling up the DagBag from /home/airflow/.local/lib/python3.12/site-packages/airflow/example_dags/example_xcom.py
[2025-01-19T21:46:49.166+0000] {processor.py:925} INFO - DAG(s) 'example_xcom' retrieved from /home/airflow/.local/lib/python3.12/site-packages/airflow/example_dags/example_xcom.py
[2025-01-19T21:46:49.193+0000] {logging_mixin.py:190} INFO - [2025-01-19T21:46:49.193+0000] {dag.py:3239} INFO - Sync 1 DAGs
[2025-01-19T21:46:49.216+0000] {logging_mixin.py:190} INFO - [2025-01-19T21:46:49.216+0000] {dag.py:4180} INFO - Setting next_dagrun for example_xcom to 2021-01-01 00:00:00+00:00, run_after=2021-01-01 00:00:00+00:00
[2025-01-19T21:46:49.236+0000] {processor.py:208} INFO - Processing /home/airflow/.local/lib/python3.12/site-packages/airflow/example_dags/example_xcom.py took 0.104 seconds
[2025-01-19T21:47:20.105+0000] {processor.py:186} INFO - Started process (PID=1157) to work on /home/airflow/.local/lib/python3.12/site-packages/airflow/example_dags/example_xcom.py
[2025-01-19T21:47:20.108+0000] {processor.py:914} INFO - Processing file /home/airflow/.local/lib/python3.12/site-packages/airflow/example_dags/example_xcom.py for tasks to queue
[2025-01-19T21:47:20.114+0000] {logging_mixin.py:190} INFO - [2025-01-19T21:47:20.113+0000] {dagbag.py:588} INFO - Filling up the DagBag from /home/airflow/.local/lib/python3.12/site-packages/airflow/example_dags/example_xcom.py
[2025-01-19T21:47:20.137+0000] {processor.py:925} INFO - DAG(s) 'example_xcom' retrieved from /home/airflow/.local/lib/python3.12/site-packages/airflow/example_dags/example_xcom.py
[2025-01-19T21:47:20.179+0000] {logging_mixin.py:190} INFO - [2025-01-19T21:47:20.179+0000] {dag.py:3239} INFO - Sync 1 DAGs
[2025-01-19T21:47:20.220+0000] {logging_mixin.py:190} INFO - [2025-01-19T21:47:20.220+0000] {dag.py:4180} INFO - Setting next_dagrun for example_xcom to 2021-01-01 00:00:00+00:00, run_after=2021-01-01 00:00:00+00:00
[2025-01-19T21:47:20.263+0000] {processor.py:208} INFO - Processing /home/airflow/.local/lib/python3.12/site-packages/airflow/example_dags/example_xcom.py took 0.180 seconds
[2025-01-19T21:47:51.506+0000] {processor.py:186} INFO - Started process (PID=1227) to work on /home/airflow/.local/lib/python3.12/site-packages/airflow/example_dags/example_xcom.py
[2025-01-19T21:47:51.509+0000] {processor.py:914} INFO - Processing file /home/airflow/.local/lib/python3.12/site-packages/airflow/example_dags/example_xcom.py for tasks to queue
[2025-01-19T21:47:51.516+0000] {logging_mixin.py:190} INFO - [2025-01-19T21:47:51.515+0000] {dagbag.py:588} INFO - Filling up the DagBag from /home/airflow/.local/lib/python3.12/site-packages/airflow/example_dags/example_xcom.py
[2025-01-19T21:47:51.534+0000] {processor.py:925} INFO - DAG(s) 'example_xcom' retrieved from /home/airflow/.local/lib/python3.12/site-packages/airflow/example_dags/example_xcom.py
[2025-01-19T21:47:51.571+0000] {logging_mixin.py:190} INFO - [2025-01-19T21:47:51.570+0000] {dag.py:3239} INFO - Sync 1 DAGs
[2025-01-19T21:47:51.606+0000] {logging_mixin.py:190} INFO - [2025-01-19T21:47:51.606+0000] {dag.py:4180} INFO - Setting next_dagrun for example_xcom to 2021-01-01 00:00:00+00:00, run_after=2021-01-01 00:00:00+00:00
[2025-01-19T21:47:51.630+0000] {processor.py:208} INFO - Processing /home/airflow/.local/lib/python3.12/site-packages/airflow/example_dags/example_xcom.py took 0.135 seconds
[2025-01-19T21:48:22.557+0000] {processor.py:186} INFO - Started process (PID=1296) to work on /home/airflow/.local/lib/python3.12/site-packages/airflow/example_dags/example_xcom.py
[2025-01-19T21:48:22.562+0000] {processor.py:914} INFO - Processing file /home/airflow/.local/lib/python3.12/site-packages/airflow/example_dags/example_xcom.py for tasks to queue
[2025-01-19T21:48:22.570+0000] {logging_mixin.py:190} INFO - [2025-01-19T21:48:22.569+0000] {dagbag.py:588} INFO - Filling up the DagBag from /home/airflow/.local/lib/python3.12/site-packages/airflow/example_dags/example_xcom.py
[2025-01-19T21:48:22.603+0000] {processor.py:925} INFO - DAG(s) 'example_xcom' retrieved from /home/airflow/.local/lib/python3.12/site-packages/airflow/example_dags/example_xcom.py
[2025-01-19T21:48:22.654+0000] {logging_mixin.py:190} INFO - [2025-01-19T21:48:22.653+0000] {dag.py:3239} INFO - Sync 1 DAGs
[2025-01-19T21:48:22.684+0000] {logging_mixin.py:190} INFO - [2025-01-19T21:48:22.683+0000] {dag.py:4180} INFO - Setting next_dagrun for example_xcom to 2021-01-01 00:00:00+00:00, run_after=2021-01-01 00:00:00+00:00
[2025-01-19T21:48:22.705+0000] {processor.py:208} INFO - Processing /home/airflow/.local/lib/python3.12/site-packages/airflow/example_dags/example_xcom.py took 0.169 seconds
[2025-01-19T21:48:53.923+0000] {processor.py:186} INFO - Started process (PID=1365) to work on /home/airflow/.local/lib/python3.12/site-packages/airflow/example_dags/example_xcom.py
[2025-01-19T21:48:53.925+0000] {processor.py:914} INFO - Processing file /home/airflow/.local/lib/python3.12/site-packages/airflow/example_dags/example_xcom.py for tasks to queue
[2025-01-19T21:48:53.929+0000] {logging_mixin.py:190} INFO - [2025-01-19T21:48:53.928+0000] {dagbag.py:588} INFO - Filling up the DagBag from /home/airflow/.local/lib/python3.12/site-packages/airflow/example_dags/example_xcom.py
[2025-01-19T21:48:53.943+0000] {processor.py:925} INFO - DAG(s) 'example_xcom' retrieved from /home/airflow/.local/lib/python3.12/site-packages/airflow/example_dags/example_xcom.py
[2025-01-19T21:48:53.967+0000] {logging_mixin.py:190} INFO - [2025-01-19T21:48:53.967+0000] {dag.py:3239} INFO - Sync 1 DAGs
[2025-01-19T21:48:53.992+0000] {logging_mixin.py:190} INFO - [2025-01-19T21:48:53.992+0000] {dag.py:4180} INFO - Setting next_dagrun for example_xcom to 2021-01-01 00:00:00+00:00, run_after=2021-01-01 00:00:00+00:00
[2025-01-19T21:48:54.015+0000] {processor.py:208} INFO - Processing /home/airflow/.local/lib/python3.12/site-packages/airflow/example_dags/example_xcom.py took 0.099 seconds
[2025-01-19T21:49:25.263+0000] {processor.py:186} INFO - Started process (PID=1434) to work on /home/airflow/.local/lib/python3.12/site-packages/airflow/example_dags/example_xcom.py
[2025-01-19T21:49:25.264+0000] {processor.py:914} INFO - Processing file /home/airflow/.local/lib/python3.12/site-packages/airflow/example_dags/example_xcom.py for tasks to queue
[2025-01-19T21:49:25.267+0000] {logging_mixin.py:190} INFO - [2025-01-19T21:49:25.267+0000] {dagbag.py:588} INFO - Filling up the DagBag from /home/airflow/.local/lib/python3.12/site-packages/airflow/example_dags/example_xcom.py
[2025-01-19T21:49:25.283+0000] {processor.py:925} INFO - DAG(s) 'example_xcom' retrieved from /home/airflow/.local/lib/python3.12/site-packages/airflow/example_dags/example_xcom.py
[2025-01-19T21:49:25.317+0000] {logging_mixin.py:190} INFO - [2025-01-19T21:49:25.317+0000] {dag.py:3239} INFO - Sync 1 DAGs
[2025-01-19T21:49:25.351+0000] {logging_mixin.py:190} INFO - [2025-01-19T21:49:25.351+0000] {dag.py:4180} INFO - Setting next_dagrun for example_xcom to 2021-01-01 00:00:00+00:00, run_after=2021-01-01 00:00:00+00:00
[2025-01-19T21:49:25.377+0000] {processor.py:208} INFO - Processing /home/airflow/.local/lib/python3.12/site-packages/airflow/example_dags/example_xcom.py took 0.124 seconds
[2025-01-19T21:49:56.306+0000] {processor.py:186} INFO - Started process (PID=1503) to work on /home/airflow/.local/lib/python3.12/site-packages/airflow/example_dags/example_xcom.py
[2025-01-19T21:49:56.308+0000] {processor.py:914} INFO - Processing file /home/airflow/.local/lib/python3.12/site-packages/airflow/example_dags/example_xcom.py for tasks to queue
[2025-01-19T21:49:56.312+0000] {logging_mixin.py:190} INFO - [2025-01-19T21:49:56.312+0000] {dagbag.py:588} INFO - Filling up the DagBag from /home/airflow/.local/lib/python3.12/site-packages/airflow/example_dags/example_xcom.py
[2025-01-19T21:49:56.332+0000] {processor.py:925} INFO - DAG(s) 'example_xcom' retrieved from /home/airflow/.local/lib/python3.12/site-packages/airflow/example_dags/example_xcom.py
[2025-01-19T21:49:56.355+0000] {logging_mixin.py:190} INFO - [2025-01-19T21:49:56.355+0000] {dag.py:3239} INFO - Sync 1 DAGs
[2025-01-19T21:49:56.375+0000] {logging_mixin.py:190} INFO - [2025-01-19T21:49:56.375+0000] {dag.py:4180} INFO - Setting next_dagrun for example_xcom to 2021-01-01 00:00:00+00:00, run_after=2021-01-01 00:00:00+00:00
[2025-01-19T21:49:56.423+0000] {processor.py:208} INFO - Processing /home/airflow/.local/lib/python3.12/site-packages/airflow/example_dags/example_xcom.py took 0.128 seconds
[2025-01-19T21:50:28.140+0000] {processor.py:186} INFO - Started process (PID=1572) to work on /home/airflow/.local/lib/python3.12/site-packages/airflow/example_dags/example_xcom.py
[2025-01-19T21:50:28.143+0000] {processor.py:914} INFO - Processing file /home/airflow/.local/lib/python3.12/site-packages/airflow/example_dags/example_xcom.py for tasks to queue
[2025-01-19T21:50:28.150+0000] {logging_mixin.py:190} INFO - [2025-01-19T21:50:28.149+0000] {dagbag.py:588} INFO - Filling up the DagBag from /home/airflow/.local/lib/python3.12/site-packages/airflow/example_dags/example_xcom.py
[2025-01-19T21:50:28.169+0000] {processor.py:925} INFO - DAG(s) 'example_xcom' retrieved from /home/airflow/.local/lib/python3.12/site-packages/airflow/example_dags/example_xcom.py
[2025-01-19T21:50:28.232+0000] {logging_mixin.py:190} INFO - [2025-01-19T21:50:28.231+0000] {dag.py:3239} INFO - Sync 1 DAGs
[2025-01-19T21:50:28.259+0000] {logging_mixin.py:190} INFO - [2025-01-19T21:50:28.259+0000] {dag.py:4180} INFO - Setting next_dagrun for example_xcom to 2021-01-01 00:00:00+00:00, run_after=2021-01-01 00:00:00+00:00
[2025-01-19T21:50:28.288+0000] {processor.py:208} INFO - Processing /home/airflow/.local/lib/python3.12/site-packages/airflow/example_dags/example_xcom.py took 0.156 seconds
[2025-01-19T21:50:59.003+0000] {processor.py:186} INFO - Started process (PID=1641) to work on /home/airflow/.local/lib/python3.12/site-packages/airflow/example_dags/example_xcom.py
[2025-01-19T21:50:59.004+0000] {processor.py:914} INFO - Processing file /home/airflow/.local/lib/python3.12/site-packages/airflow/example_dags/example_xcom.py for tasks to queue
[2025-01-19T21:50:59.008+0000] {logging_mixin.py:190} INFO - [2025-01-19T21:50:59.007+0000] {dagbag.py:588} INFO - Filling up the DagBag from /home/airflow/.local/lib/python3.12/site-packages/airflow/example_dags/example_xcom.py
[2025-01-19T21:50:59.020+0000] {processor.py:925} INFO - DAG(s) 'example_xcom' retrieved from /home/airflow/.local/lib/python3.12/site-packages/airflow/example_dags/example_xcom.py
[2025-01-19T21:50:59.048+0000] {logging_mixin.py:190} INFO - [2025-01-19T21:50:59.048+0000] {dag.py:3239} INFO - Sync 1 DAGs
[2025-01-19T21:50:59.078+0000] {logging_mixin.py:190} INFO - [2025-01-19T21:50:59.078+0000] {dag.py:4180} INFO - Setting next_dagrun for example_xcom to 2021-01-01 00:00:00+00:00, run_after=2021-01-01 00:00:00+00:00
[2025-01-19T21:50:59.101+0000] {processor.py:208} INFO - Processing /home/airflow/.local/lib/python3.12/site-packages/airflow/example_dags/example_xcom.py took 0.104 seconds
[2025-01-19T21:51:30.583+0000] {processor.py:186} INFO - Started process (PID=1710) to work on /home/airflow/.local/lib/python3.12/site-packages/airflow/example_dags/example_xcom.py
[2025-01-19T21:51:30.585+0000] {processor.py:914} INFO - Processing file /home/airflow/.local/lib/python3.12/site-packages/airflow/example_dags/example_xcom.py for tasks to queue
[2025-01-19T21:51:30.589+0000] {logging_mixin.py:190} INFO - [2025-01-19T21:51:30.588+0000] {dagbag.py:588} INFO - Filling up the DagBag from /home/airflow/.local/lib/python3.12/site-packages/airflow/example_dags/example_xcom.py
[2025-01-19T21:51:30.604+0000] {processor.py:925} INFO - DAG(s) 'example_xcom' retrieved from /home/airflow/.local/lib/python3.12/site-packages/airflow/example_dags/example_xcom.py
[2025-01-19T21:51:30.633+0000] {logging_mixin.py:190} INFO - [2025-01-19T21:51:30.633+0000] {dag.py:3239} INFO - Sync 1 DAGs
[2025-01-19T21:51:30.668+0000] {logging_mixin.py:190} INFO - [2025-01-19T21:51:30.667+0000] {dag.py:4180} INFO - Setting next_dagrun for example_xcom to 2021-01-01 00:00:00+00:00, run_after=2021-01-01 00:00:00+00:00
[2025-01-19T21:51:30.718+0000] {processor.py:208} INFO - Processing /home/airflow/.local/lib/python3.12/site-packages/airflow/example_dags/example_xcom.py took 0.148 seconds
