[2025-01-19T21:39:21.290+0000] {processor.py:186} INFO - Started process (PID=95) to work on /home/airflow/.local/lib/python3.12/site-packages/airflow/example_dags/example_branch_labels.py
[2025-01-19T21:39:21.293+0000] {processor.py:914} INFO - Processing file /home/airflow/.local/lib/python3.12/site-packages/airflow/example_dags/example_branch_labels.py for tasks to queue
[2025-01-19T21:39:21.298+0000] {logging_mixin.py:190} INFO - [2025-01-19T21:39:21.297+0000] {dagbag.py:588} INFO - Filling up the DagBag from /home/airflow/.local/lib/python3.12/site-packages/airflow/example_dags/example_branch_labels.py
[2025-01-19T21:39:21.320+0000] {processor.py:925} INFO - DAG(s) 'example_branch_labels' retrieved from /home/airflow/.local/lib/python3.12/site-packages/airflow/example_dags/example_branch_labels.py
[2025-01-19T21:39:21.463+0000] {logging_mixin.py:190} INFO - [2025-01-19T21:39:21.463+0000] {override.py:1911} INFO - Created Permission View: can edit on DAG:example_branch_labels
[2025-01-19T21:39:21.474+0000] {logging_mixin.py:190} INFO - [2025-01-19T21:39:21.474+0000] {override.py:1911} INFO - Created Permission View: can delete on DAG:example_branch_labels
[2025-01-19T21:39:21.481+0000] {logging_mixin.py:190} INFO - [2025-01-19T21:39:21.481+0000] {override.py:1911} INFO - Created Permission View: can read on DAG:example_branch_labels
[2025-01-19T21:39:21.493+0000] {logging_mixin.py:190} INFO - [2025-01-19T21:39:21.492+0000] {override.py:1911} INFO - Created Permission View: menu access on DAG Run:example_branch_labels
[2025-01-19T21:39:21.502+0000] {logging_mixin.py:190} INFO - [2025-01-19T21:39:21.501+0000] {override.py:1911} INFO - Created Permission View: can create on DAG Run:example_branch_labels
[2025-01-19T21:39:21.508+0000] {logging_mixin.py:190} INFO - [2025-01-19T21:39:21.508+0000] {override.py:1911} INFO - Created Permission View: can delete on DAG Run:example_branch_labels
[2025-01-19T21:39:21.516+0000] {logging_mixin.py:190} INFO - [2025-01-19T21:39:21.515+0000] {override.py:1911} INFO - Created Permission View: can read on DAG Run:example_branch_labels
[2025-01-19T21:39:21.516+0000] {logging_mixin.py:190} INFO - [2025-01-19T21:39:21.516+0000] {dag.py:3239} INFO - Sync 1 DAGs
[2025-01-19T21:39:21.528+0000] {logging_mixin.py:190} INFO - [2025-01-19T21:39:21.528+0000] {dag.py:3262} INFO - Creating ORM DAG for example_branch_labels
[2025-01-19T21:39:21.540+0000] {logging_mixin.py:190} INFO - [2025-01-19T21:39:21.540+0000] {dag.py:4180} INFO - Setting next_dagrun for example_branch_labels to 2025-01-18 00:00:00+00:00, run_after=2025-01-19 00:00:00+00:00
[2025-01-19T21:39:21.555+0000] {processor.py:208} INFO - Processing /home/airflow/.local/lib/python3.12/site-packages/airflow/example_dags/example_branch_labels.py took 0.277 seconds
[2025-01-19T21:39:52.198+0000] {processor.py:186} INFO - Started process (PID=163) to work on /home/airflow/.local/lib/python3.12/site-packages/airflow/example_dags/example_branch_labels.py
[2025-01-19T21:39:52.200+0000] {processor.py:914} INFO - Processing file /home/airflow/.local/lib/python3.12/site-packages/airflow/example_dags/example_branch_labels.py for tasks to queue
[2025-01-19T21:39:52.204+0000] {logging_mixin.py:190} INFO - [2025-01-19T21:39:52.203+0000] {dagbag.py:588} INFO - Filling up the DagBag from /home/airflow/.local/lib/python3.12/site-packages/airflow/example_dags/example_branch_labels.py
[2025-01-19T21:39:52.222+0000] {processor.py:925} INFO - DAG(s) 'example_branch_labels' retrieved from /home/airflow/.local/lib/python3.12/site-packages/airflow/example_dags/example_branch_labels.py
[2025-01-19T21:39:52.254+0000] {logging_mixin.py:190} INFO - [2025-01-19T21:39:52.254+0000] {dag.py:3239} INFO - Sync 1 DAGs
[2025-01-19T21:39:52.289+0000] {logging_mixin.py:190} INFO - [2025-01-19T21:39:52.288+0000] {dag.py:4180} INFO - Setting next_dagrun for example_branch_labels to 2025-01-18 00:00:00+00:00, run_after=2025-01-19 00:00:00+00:00
[2025-01-19T21:39:52.318+0000] {processor.py:208} INFO - Processing /home/airflow/.local/lib/python3.12/site-packages/airflow/example_dags/example_branch_labels.py took 0.128 seconds
[2025-01-19T21:40:22.489+0000] {processor.py:186} INFO - Started process (PID=232) to work on /home/airflow/.local/lib/python3.12/site-packages/airflow/example_dags/example_branch_labels.py
[2025-01-19T21:40:22.491+0000] {processor.py:914} INFO - Processing file /home/airflow/.local/lib/python3.12/site-packages/airflow/example_dags/example_branch_labels.py for tasks to queue
[2025-01-19T21:40:22.495+0000] {logging_mixin.py:190} INFO - [2025-01-19T21:40:22.495+0000] {dagbag.py:588} INFO - Filling up the DagBag from /home/airflow/.local/lib/python3.12/site-packages/airflow/example_dags/example_branch_labels.py
[2025-01-19T21:40:22.507+0000] {processor.py:925} INFO - DAG(s) 'example_branch_labels' retrieved from /home/airflow/.local/lib/python3.12/site-packages/airflow/example_dags/example_branch_labels.py
[2025-01-19T21:40:22.526+0000] {logging_mixin.py:190} INFO - [2025-01-19T21:40:22.526+0000] {dag.py:3239} INFO - Sync 1 DAGs
[2025-01-19T21:40:22.549+0000] {logging_mixin.py:190} INFO - [2025-01-19T21:40:22.549+0000] {dag.py:4180} INFO - Setting next_dagrun for example_branch_labels to 2025-01-18 00:00:00+00:00, run_after=2025-01-19 00:00:00+00:00
[2025-01-19T21:40:22.566+0000] {processor.py:208} INFO - Processing /home/airflow/.local/lib/python3.12/site-packages/airflow/example_dags/example_branch_labels.py took 0.082 seconds
[2025-01-19T21:40:52.755+0000] {processor.py:186} INFO - Started process (PID=301) to work on /home/airflow/.local/lib/python3.12/site-packages/airflow/example_dags/example_branch_labels.py
[2025-01-19T21:40:52.756+0000] {processor.py:914} INFO - Processing file /home/airflow/.local/lib/python3.12/site-packages/airflow/example_dags/example_branch_labels.py for tasks to queue
[2025-01-19T21:40:52.758+0000] {logging_mixin.py:190} INFO - [2025-01-19T21:40:52.758+0000] {dagbag.py:588} INFO - Filling up the DagBag from /home/airflow/.local/lib/python3.12/site-packages/airflow/example_dags/example_branch_labels.py
[2025-01-19T21:40:52.768+0000] {processor.py:925} INFO - DAG(s) 'example_branch_labels' retrieved from /home/airflow/.local/lib/python3.12/site-packages/airflow/example_dags/example_branch_labels.py
[2025-01-19T21:40:52.796+0000] {logging_mixin.py:190} INFO - [2025-01-19T21:40:52.796+0000] {dag.py:3239} INFO - Sync 1 DAGs
[2025-01-19T21:40:52.822+0000] {logging_mixin.py:190} INFO - [2025-01-19T21:40:52.822+0000] {dag.py:4180} INFO - Setting next_dagrun for example_branch_labels to 2025-01-18 00:00:00+00:00, run_after=2025-01-19 00:00:00+00:00
[2025-01-19T21:40:52.845+0000] {processor.py:208} INFO - Processing /home/airflow/.local/lib/python3.12/site-packages/airflow/example_dags/example_branch_labels.py took 0.096 seconds
[2025-01-19T21:41:23.224+0000] {processor.py:186} INFO - Started process (PID=370) to work on /home/airflow/.local/lib/python3.12/site-packages/airflow/example_dags/example_branch_labels.py
[2025-01-19T21:41:23.227+0000] {processor.py:914} INFO - Processing file /home/airflow/.local/lib/python3.12/site-packages/airflow/example_dags/example_branch_labels.py for tasks to queue
[2025-01-19T21:41:23.233+0000] {logging_mixin.py:190} INFO - [2025-01-19T21:41:23.232+0000] {dagbag.py:588} INFO - Filling up the DagBag from /home/airflow/.local/lib/python3.12/site-packages/airflow/example_dags/example_branch_labels.py
[2025-01-19T21:41:23.252+0000] {processor.py:925} INFO - DAG(s) 'example_branch_labels' retrieved from /home/airflow/.local/lib/python3.12/site-packages/airflow/example_dags/example_branch_labels.py
[2025-01-19T21:41:23.309+0000] {logging_mixin.py:190} INFO - [2025-01-19T21:41:23.308+0000] {dag.py:3239} INFO - Sync 1 DAGs
[2025-01-19T21:41:23.343+0000] {logging_mixin.py:190} INFO - [2025-01-19T21:41:23.343+0000] {dag.py:4180} INFO - Setting next_dagrun for example_branch_labels to 2025-01-18 00:00:00+00:00, run_after=2025-01-19 00:00:00+00:00
[2025-01-19T21:41:23.367+0000] {processor.py:208} INFO - Processing /home/airflow/.local/lib/python3.12/site-packages/airflow/example_dags/example_branch_labels.py took 0.155 seconds
[2025-01-19T21:41:53.844+0000] {processor.py:186} INFO - Started process (PID=439) to work on /home/airflow/.local/lib/python3.12/site-packages/airflow/example_dags/example_branch_labels.py
[2025-01-19T21:41:53.848+0000] {processor.py:914} INFO - Processing file /home/airflow/.local/lib/python3.12/site-packages/airflow/example_dags/example_branch_labels.py for tasks to queue
[2025-01-19T21:41:53.854+0000] {logging_mixin.py:190} INFO - [2025-01-19T21:41:53.854+0000] {dagbag.py:588} INFO - Filling up the DagBag from /home/airflow/.local/lib/python3.12/site-packages/airflow/example_dags/example_branch_labels.py
[2025-01-19T21:41:53.869+0000] {processor.py:925} INFO - DAG(s) 'example_branch_labels' retrieved from /home/airflow/.local/lib/python3.12/site-packages/airflow/example_dags/example_branch_labels.py
[2025-01-19T21:41:53.888+0000] {logging_mixin.py:190} INFO - [2025-01-19T21:41:53.888+0000] {dag.py:3239} INFO - Sync 1 DAGs
[2025-01-19T21:41:53.909+0000] {logging_mixin.py:190} INFO - [2025-01-19T21:41:53.909+0000] {dag.py:4180} INFO - Setting next_dagrun for example_branch_labels to 2025-01-18 00:00:00+00:00, run_after=2025-01-19 00:00:00+00:00
[2025-01-19T21:41:54.184+0000] {processor.py:208} INFO - Processing /home/airflow/.local/lib/python3.12/site-packages/airflow/example_dags/example_branch_labels.py took 0.352 seconds
[2025-01-19T21:42:26.019+0000] {processor.py:186} INFO - Started process (PID=508) to work on /home/airflow/.local/lib/python3.12/site-packages/airflow/example_dags/example_branch_labels.py
[2025-01-19T21:42:26.021+0000] {processor.py:914} INFO - Processing file /home/airflow/.local/lib/python3.12/site-packages/airflow/example_dags/example_branch_labels.py for tasks to queue
[2025-01-19T21:42:26.028+0000] {logging_mixin.py:190} INFO - [2025-01-19T21:42:26.027+0000] {dagbag.py:588} INFO - Filling up the DagBag from /home/airflow/.local/lib/python3.12/site-packages/airflow/example_dags/example_branch_labels.py
[2025-01-19T21:42:26.051+0000] {processor.py:925} INFO - DAG(s) 'example_branch_labels' retrieved from /home/airflow/.local/lib/python3.12/site-packages/airflow/example_dags/example_branch_labels.py
[2025-01-19T21:42:26.075+0000] {logging_mixin.py:190} INFO - [2025-01-19T21:42:26.075+0000] {dag.py:3239} INFO - Sync 1 DAGs
[2025-01-19T21:42:26.099+0000] {logging_mixin.py:190} INFO - [2025-01-19T21:42:26.099+0000] {dag.py:4180} INFO - Setting next_dagrun for example_branch_labels to 2025-01-18 00:00:00+00:00, run_after=2025-01-19 00:00:00+00:00
[2025-01-19T21:42:26.554+0000] {processor.py:208} INFO - Processing /home/airflow/.local/lib/python3.12/site-packages/airflow/example_dags/example_branch_labels.py took 0.551 seconds
[2025-01-19T21:42:57.071+0000] {processor.py:186} INFO - Started process (PID=577) to work on /home/airflow/.local/lib/python3.12/site-packages/airflow/example_dags/example_branch_labels.py
[2025-01-19T21:42:57.073+0000] {processor.py:914} INFO - Processing file /home/airflow/.local/lib/python3.12/site-packages/airflow/example_dags/example_branch_labels.py for tasks to queue
[2025-01-19T21:42:57.076+0000] {logging_mixin.py:190} INFO - [2025-01-19T21:42:57.076+0000] {dagbag.py:588} INFO - Filling up the DagBag from /home/airflow/.local/lib/python3.12/site-packages/airflow/example_dags/example_branch_labels.py
[2025-01-19T21:42:57.091+0000] {processor.py:925} INFO - DAG(s) 'example_branch_labels' retrieved from /home/airflow/.local/lib/python3.12/site-packages/airflow/example_dags/example_branch_labels.py
[2025-01-19T21:42:57.133+0000] {logging_mixin.py:190} INFO - [2025-01-19T21:42:57.132+0000] {dag.py:3239} INFO - Sync 1 DAGs
[2025-01-19T21:42:57.203+0000] {logging_mixin.py:190} INFO - [2025-01-19T21:42:57.203+0000] {dag.py:4180} INFO - Setting next_dagrun for example_branch_labels to 2025-01-18 00:00:00+00:00, run_after=2025-01-19 00:00:00+00:00
[2025-01-19T21:42:57.244+0000] {processor.py:208} INFO - Processing /home/airflow/.local/lib/python3.12/site-packages/airflow/example_dags/example_branch_labels.py took 0.182 seconds
[2025-01-19T21:43:27.359+0000] {processor.py:186} INFO - Started process (PID=646) to work on /home/airflow/.local/lib/python3.12/site-packages/airflow/example_dags/example_branch_labels.py
[2025-01-19T21:43:27.360+0000] {processor.py:914} INFO - Processing file /home/airflow/.local/lib/python3.12/site-packages/airflow/example_dags/example_branch_labels.py for tasks to queue
[2025-01-19T21:43:27.363+0000] {logging_mixin.py:190} INFO - [2025-01-19T21:43:27.363+0000] {dagbag.py:588} INFO - Filling up the DagBag from /home/airflow/.local/lib/python3.12/site-packages/airflow/example_dags/example_branch_labels.py
[2025-01-19T21:43:27.374+0000] {processor.py:925} INFO - DAG(s) 'example_branch_labels' retrieved from /home/airflow/.local/lib/python3.12/site-packages/airflow/example_dags/example_branch_labels.py
[2025-01-19T21:43:27.399+0000] {logging_mixin.py:190} INFO - [2025-01-19T21:43:27.398+0000] {dag.py:3239} INFO - Sync 1 DAGs
[2025-01-19T21:43:27.430+0000] {logging_mixin.py:190} INFO - [2025-01-19T21:43:27.429+0000] {dag.py:4180} INFO - Setting next_dagrun for example_branch_labels to 2025-01-18 00:00:00+00:00, run_after=2025-01-19 00:00:00+00:00
[2025-01-19T21:43:27.460+0000] {processor.py:208} INFO - Processing /home/airflow/.local/lib/python3.12/site-packages/airflow/example_dags/example_branch_labels.py took 0.110 seconds
[2025-01-19T21:43:58.051+0000] {processor.py:186} INFO - Started process (PID=715) to work on /home/airflow/.local/lib/python3.12/site-packages/airflow/example_dags/example_branch_labels.py
[2025-01-19T21:43:58.052+0000] {processor.py:914} INFO - Processing file /home/airflow/.local/lib/python3.12/site-packages/airflow/example_dags/example_branch_labels.py for tasks to queue
[2025-01-19T21:43:58.055+0000] {logging_mixin.py:190} INFO - [2025-01-19T21:43:58.054+0000] {dagbag.py:588} INFO - Filling up the DagBag from /home/airflow/.local/lib/python3.12/site-packages/airflow/example_dags/example_branch_labels.py
[2025-01-19T21:43:58.064+0000] {processor.py:925} INFO - DAG(s) 'example_branch_labels' retrieved from /home/airflow/.local/lib/python3.12/site-packages/airflow/example_dags/example_branch_labels.py
[2025-01-19T21:43:58.084+0000] {logging_mixin.py:190} INFO - [2025-01-19T21:43:58.084+0000] {dag.py:3239} INFO - Sync 1 DAGs
[2025-01-19T21:43:58.107+0000] {logging_mixin.py:190} INFO - [2025-01-19T21:43:58.107+0000] {dag.py:4180} INFO - Setting next_dagrun for example_branch_labels to 2025-01-18 00:00:00+00:00, run_after=2025-01-19 00:00:00+00:00
[2025-01-19T21:43:58.125+0000] {processor.py:208} INFO - Processing /home/airflow/.local/lib/python3.12/site-packages/airflow/example_dags/example_branch_labels.py took 0.080 seconds
[2025-01-19T21:44:28.670+0000] {processor.py:186} INFO - Started process (PID=784) to work on /home/airflow/.local/lib/python3.12/site-packages/airflow/example_dags/example_branch_labels.py
[2025-01-19T21:44:28.672+0000] {processor.py:914} INFO - Processing file /home/airflow/.local/lib/python3.12/site-packages/airflow/example_dags/example_branch_labels.py for tasks to queue
[2025-01-19T21:44:28.676+0000] {logging_mixin.py:190} INFO - [2025-01-19T21:44:28.675+0000] {dagbag.py:588} INFO - Filling up the DagBag from /home/airflow/.local/lib/python3.12/site-packages/airflow/example_dags/example_branch_labels.py
[2025-01-19T21:44:28.685+0000] {processor.py:925} INFO - DAG(s) 'example_branch_labels' retrieved from /home/airflow/.local/lib/python3.12/site-packages/airflow/example_dags/example_branch_labels.py
[2025-01-19T21:44:28.704+0000] {logging_mixin.py:190} INFO - [2025-01-19T21:44:28.704+0000] {dag.py:3239} INFO - Sync 1 DAGs
[2025-01-19T21:44:28.727+0000] {logging_mixin.py:190} INFO - [2025-01-19T21:44:28.727+0000] {dag.py:4180} INFO - Setting next_dagrun for example_branch_labels to 2025-01-18 00:00:00+00:00, run_after=2025-01-19 00:00:00+00:00
[2025-01-19T21:44:28.747+0000] {processor.py:208} INFO - Processing /home/airflow/.local/lib/python3.12/site-packages/airflow/example_dags/example_branch_labels.py took 0.084 seconds
[2025-01-19T21:44:58.974+0000] {processor.py:186} INFO - Started process (PID=853) to work on /home/airflow/.local/lib/python3.12/site-packages/airflow/example_dags/example_branch_labels.py
[2025-01-19T21:44:58.976+0000] {processor.py:914} INFO - Processing file /home/airflow/.local/lib/python3.12/site-packages/airflow/example_dags/example_branch_labels.py for tasks to queue
[2025-01-19T21:44:58.979+0000] {logging_mixin.py:190} INFO - [2025-01-19T21:44:58.979+0000] {dagbag.py:588} INFO - Filling up the DagBag from /home/airflow/.local/lib/python3.12/site-packages/airflow/example_dags/example_branch_labels.py
[2025-01-19T21:44:58.989+0000] {processor.py:925} INFO - DAG(s) 'example_branch_labels' retrieved from /home/airflow/.local/lib/python3.12/site-packages/airflow/example_dags/example_branch_labels.py
[2025-01-19T21:44:59.010+0000] {logging_mixin.py:190} INFO - [2025-01-19T21:44:59.010+0000] {dag.py:3239} INFO - Sync 1 DAGs
[2025-01-19T21:44:59.034+0000] {logging_mixin.py:190} INFO - [2025-01-19T21:44:59.034+0000] {dag.py:4180} INFO - Setting next_dagrun for example_branch_labels to 2025-01-18 00:00:00+00:00, run_after=2025-01-19 00:00:00+00:00
[2025-01-19T21:44:59.050+0000] {processor.py:208} INFO - Processing /home/airflow/.local/lib/python3.12/site-packages/airflow/example_dags/example_branch_labels.py took 0.086 seconds
[2025-01-19T21:45:29.518+0000] {processor.py:186} INFO - Started process (PID=922) to work on /home/airflow/.local/lib/python3.12/site-packages/airflow/example_dags/example_branch_labels.py
[2025-01-19T21:45:29.522+0000] {processor.py:914} INFO - Processing file /home/airflow/.local/lib/python3.12/site-packages/airflow/example_dags/example_branch_labels.py for tasks to queue
[2025-01-19T21:45:29.530+0000] {logging_mixin.py:190} INFO - [2025-01-19T21:45:29.529+0000] {dagbag.py:588} INFO - Filling up the DagBag from /home/airflow/.local/lib/python3.12/site-packages/airflow/example_dags/example_branch_labels.py
[2025-01-19T21:45:29.562+0000] {processor.py:925} INFO - DAG(s) 'example_branch_labels' retrieved from /home/airflow/.local/lib/python3.12/site-packages/airflow/example_dags/example_branch_labels.py
[2025-01-19T21:45:29.615+0000] {logging_mixin.py:190} INFO - [2025-01-19T21:45:29.615+0000] {dag.py:3239} INFO - Sync 1 DAGs
[2025-01-19T21:45:29.643+0000] {logging_mixin.py:190} INFO - [2025-01-19T21:45:29.643+0000] {dag.py:4180} INFO - Setting next_dagrun for example_branch_labels to 2025-01-18 00:00:00+00:00, run_after=2025-01-19 00:00:00+00:00
[2025-01-19T21:45:29.660+0000] {processor.py:208} INFO - Processing /home/airflow/.local/lib/python3.12/site-packages/airflow/example_dags/example_branch_labels.py took 0.165 seconds
[2025-01-19T21:46:00.151+0000] {processor.py:186} INFO - Started process (PID=991) to work on /home/airflow/.local/lib/python3.12/site-packages/airflow/example_dags/example_branch_labels.py
[2025-01-19T21:46:00.154+0000] {processor.py:914} INFO - Processing file /home/airflow/.local/lib/python3.12/site-packages/airflow/example_dags/example_branch_labels.py for tasks to queue
[2025-01-19T21:46:00.160+0000] {logging_mixin.py:190} INFO - [2025-01-19T21:46:00.159+0000] {dagbag.py:588} INFO - Filling up the DagBag from /home/airflow/.local/lib/python3.12/site-packages/airflow/example_dags/example_branch_labels.py
[2025-01-19T21:46:00.181+0000] {processor.py:925} INFO - DAG(s) 'example_branch_labels' retrieved from /home/airflow/.local/lib/python3.12/site-packages/airflow/example_dags/example_branch_labels.py
[2025-01-19T21:46:00.226+0000] {logging_mixin.py:190} INFO - [2025-01-19T21:46:00.226+0000] {dag.py:3239} INFO - Sync 1 DAGs
[2025-01-19T21:46:00.278+0000] {logging_mixin.py:190} INFO - [2025-01-19T21:46:00.278+0000] {dag.py:4180} INFO - Setting next_dagrun for example_branch_labels to 2025-01-18 00:00:00+00:00, run_after=2025-01-19 00:00:00+00:00
[2025-01-19T21:46:00.321+0000] {processor.py:208} INFO - Processing /home/airflow/.local/lib/python3.12/site-packages/airflow/example_dags/example_branch_labels.py took 0.183 seconds
[2025-01-19T21:46:30.933+0000] {processor.py:186} INFO - Started process (PID=1060) to work on /home/airflow/.local/lib/python3.12/site-packages/airflow/example_dags/example_branch_labels.py
[2025-01-19T21:46:30.935+0000] {processor.py:914} INFO - Processing file /home/airflow/.local/lib/python3.12/site-packages/airflow/example_dags/example_branch_labels.py for tasks to queue
[2025-01-19T21:46:30.937+0000] {logging_mixin.py:190} INFO - [2025-01-19T21:46:30.937+0000] {dagbag.py:588} INFO - Filling up the DagBag from /home/airflow/.local/lib/python3.12/site-packages/airflow/example_dags/example_branch_labels.py
[2025-01-19T21:46:30.949+0000] {processor.py:925} INFO - DAG(s) 'example_branch_labels' retrieved from /home/airflow/.local/lib/python3.12/site-packages/airflow/example_dags/example_branch_labels.py
[2025-01-19T21:46:30.975+0000] {logging_mixin.py:190} INFO - [2025-01-19T21:46:30.974+0000] {dag.py:3239} INFO - Sync 1 DAGs
[2025-01-19T21:46:30.999+0000] {logging_mixin.py:190} INFO - [2025-01-19T21:46:30.999+0000] {dag.py:4180} INFO - Setting next_dagrun for example_branch_labels to 2025-01-18 00:00:00+00:00, run_after=2025-01-19 00:00:00+00:00
[2025-01-19T21:46:31.016+0000] {processor.py:208} INFO - Processing /home/airflow/.local/lib/python3.12/site-packages/airflow/example_dags/example_branch_labels.py took 0.090 seconds
[2025-01-19T21:47:01.459+0000] {processor.py:186} INFO - Started process (PID=1134) to work on /home/airflow/.local/lib/python3.12/site-packages/airflow/example_dags/example_branch_labels.py
[2025-01-19T21:47:01.462+0000] {processor.py:914} INFO - Processing file /home/airflow/.local/lib/python3.12/site-packages/airflow/example_dags/example_branch_labels.py for tasks to queue
[2025-01-19T21:47:01.467+0000] {logging_mixin.py:190} INFO - [2025-01-19T21:47:01.467+0000] {dagbag.py:588} INFO - Filling up the DagBag from /home/airflow/.local/lib/python3.12/site-packages/airflow/example_dags/example_branch_labels.py
[2025-01-19T21:47:01.479+0000] {processor.py:925} INFO - DAG(s) 'example_branch_labels' retrieved from /home/airflow/.local/lib/python3.12/site-packages/airflow/example_dags/example_branch_labels.py
[2025-01-19T21:47:01.510+0000] {logging_mixin.py:190} INFO - [2025-01-19T21:47:01.510+0000] {dag.py:3239} INFO - Sync 1 DAGs
[2025-01-19T21:47:01.539+0000] {logging_mixin.py:190} INFO - [2025-01-19T21:47:01.539+0000] {dag.py:4180} INFO - Setting next_dagrun for example_branch_labels to 2025-01-18 00:00:00+00:00, run_after=2025-01-19 00:00:00+00:00
[2025-01-19T21:47:01.559+0000] {processor.py:208} INFO - Processing /home/airflow/.local/lib/python3.12/site-packages/airflow/example_dags/example_branch_labels.py took 0.113 seconds
[2025-01-19T21:47:31.858+0000] {processor.py:186} INFO - Started process (PID=1204) to work on /home/airflow/.local/lib/python3.12/site-packages/airflow/example_dags/example_branch_labels.py
[2025-01-19T21:47:31.860+0000] {processor.py:914} INFO - Processing file /home/airflow/.local/lib/python3.12/site-packages/airflow/example_dags/example_branch_labels.py for tasks to queue
[2025-01-19T21:47:31.864+0000] {logging_mixin.py:190} INFO - [2025-01-19T21:47:31.864+0000] {dagbag.py:588} INFO - Filling up the DagBag from /home/airflow/.local/lib/python3.12/site-packages/airflow/example_dags/example_branch_labels.py
[2025-01-19T21:47:31.875+0000] {processor.py:925} INFO - DAG(s) 'example_branch_labels' retrieved from /home/airflow/.local/lib/python3.12/site-packages/airflow/example_dags/example_branch_labels.py
[2025-01-19T21:47:31.897+0000] {logging_mixin.py:190} INFO - [2025-01-19T21:47:31.897+0000] {dag.py:3239} INFO - Sync 1 DAGs
[2025-01-19T21:47:31.920+0000] {logging_mixin.py:190} INFO - [2025-01-19T21:47:31.920+0000] {dag.py:4180} INFO - Setting next_dagrun for example_branch_labels to 2025-01-18 00:00:00+00:00, run_after=2025-01-19 00:00:00+00:00
[2025-01-19T21:47:31.939+0000] {processor.py:208} INFO - Processing /home/airflow/.local/lib/python3.12/site-packages/airflow/example_dags/example_branch_labels.py took 0.093 seconds
[2025-01-19T21:48:02.498+0000] {processor.py:186} INFO - Started process (PID=1273) to work on /home/airflow/.local/lib/python3.12/site-packages/airflow/example_dags/example_branch_labels.py
[2025-01-19T21:48:02.500+0000] {processor.py:914} INFO - Processing file /home/airflow/.local/lib/python3.12/site-packages/airflow/example_dags/example_branch_labels.py for tasks to queue
[2025-01-19T21:48:02.503+0000] {logging_mixin.py:190} INFO - [2025-01-19T21:48:02.503+0000] {dagbag.py:588} INFO - Filling up the DagBag from /home/airflow/.local/lib/python3.12/site-packages/airflow/example_dags/example_branch_labels.py
[2025-01-19T21:48:02.521+0000] {processor.py:925} INFO - DAG(s) 'example_branch_labels' retrieved from /home/airflow/.local/lib/python3.12/site-packages/airflow/example_dags/example_branch_labels.py
[2025-01-19T21:48:02.569+0000] {logging_mixin.py:190} INFO - [2025-01-19T21:48:02.568+0000] {dag.py:3239} INFO - Sync 1 DAGs
[2025-01-19T21:48:02.604+0000] {logging_mixin.py:190} INFO - [2025-01-19T21:48:02.604+0000] {dag.py:4180} INFO - Setting next_dagrun for example_branch_labels to 2025-01-18 00:00:00+00:00, run_after=2025-01-19 00:00:00+00:00
[2025-01-19T21:48:03.056+0000] {processor.py:208} INFO - Processing /home/airflow/.local/lib/python3.12/site-packages/airflow/example_dags/example_branch_labels.py took 0.568 seconds
[2025-01-19T21:48:33.868+0000] {processor.py:186} INFO - Started process (PID=1342) to work on /home/airflow/.local/lib/python3.12/site-packages/airflow/example_dags/example_branch_labels.py
[2025-01-19T21:48:33.869+0000] {processor.py:914} INFO - Processing file /home/airflow/.local/lib/python3.12/site-packages/airflow/example_dags/example_branch_labels.py for tasks to queue
[2025-01-19T21:48:33.872+0000] {logging_mixin.py:190} INFO - [2025-01-19T21:48:33.872+0000] {dagbag.py:588} INFO - Filling up the DagBag from /home/airflow/.local/lib/python3.12/site-packages/airflow/example_dags/example_branch_labels.py
[2025-01-19T21:48:33.882+0000] {processor.py:925} INFO - DAG(s) 'example_branch_labels' retrieved from /home/airflow/.local/lib/python3.12/site-packages/airflow/example_dags/example_branch_labels.py
[2025-01-19T21:48:33.903+0000] {logging_mixin.py:190} INFO - [2025-01-19T21:48:33.903+0000] {dag.py:3239} INFO - Sync 1 DAGs
[2025-01-19T21:48:33.926+0000] {logging_mixin.py:190} INFO - [2025-01-19T21:48:33.926+0000] {dag.py:4180} INFO - Setting next_dagrun for example_branch_labels to 2025-01-18 00:00:00+00:00, run_after=2025-01-19 00:00:00+00:00
[2025-01-19T21:48:34.586+0000] {processor.py:208} INFO - Processing /home/airflow/.local/lib/python3.12/site-packages/airflow/example_dags/example_branch_labels.py took 0.724 seconds
[2025-01-19T21:49:05.326+0000] {processor.py:186} INFO - Started process (PID=1410) to work on /home/airflow/.local/lib/python3.12/site-packages/airflow/example_dags/example_branch_labels.py
[2025-01-19T21:49:05.329+0000] {processor.py:914} INFO - Processing file /home/airflow/.local/lib/python3.12/site-packages/airflow/example_dags/example_branch_labels.py for tasks to queue
[2025-01-19T21:49:05.334+0000] {logging_mixin.py:190} INFO - [2025-01-19T21:49:05.334+0000] {dagbag.py:588} INFO - Filling up the DagBag from /home/airflow/.local/lib/python3.12/site-packages/airflow/example_dags/example_branch_labels.py
[2025-01-19T21:49:05.351+0000] {processor.py:925} INFO - DAG(s) 'example_branch_labels' retrieved from /home/airflow/.local/lib/python3.12/site-packages/airflow/example_dags/example_branch_labels.py
[2025-01-19T21:49:05.377+0000] {logging_mixin.py:190} INFO - [2025-01-19T21:49:05.377+0000] {dag.py:3239} INFO - Sync 1 DAGs
[2025-01-19T21:49:05.403+0000] {logging_mixin.py:190} INFO - [2025-01-19T21:49:05.403+0000] {dag.py:4180} INFO - Setting next_dagrun for example_branch_labels to 2025-01-18 00:00:00+00:00, run_after=2025-01-19 00:00:00+00:00
[2025-01-19T21:49:05.424+0000] {processor.py:208} INFO - Processing /home/airflow/.local/lib/python3.12/site-packages/airflow/example_dags/example_branch_labels.py took 0.110 seconds
[2025-01-19T21:49:35.931+0000] {processor.py:186} INFO - Started process (PID=1479) to work on /home/airflow/.local/lib/python3.12/site-packages/airflow/example_dags/example_branch_labels.py
[2025-01-19T21:49:35.932+0000] {processor.py:914} INFO - Processing file /home/airflow/.local/lib/python3.12/site-packages/airflow/example_dags/example_branch_labels.py for tasks to queue
[2025-01-19T21:49:35.936+0000] {logging_mixin.py:190} INFO - [2025-01-19T21:49:35.935+0000] {dagbag.py:588} INFO - Filling up the DagBag from /home/airflow/.local/lib/python3.12/site-packages/airflow/example_dags/example_branch_labels.py
[2025-01-19T21:49:35.948+0000] {processor.py:925} INFO - DAG(s) 'example_branch_labels' retrieved from /home/airflow/.local/lib/python3.12/site-packages/airflow/example_dags/example_branch_labels.py
[2025-01-19T21:49:35.968+0000] {logging_mixin.py:190} INFO - [2025-01-19T21:49:35.968+0000] {dag.py:3239} INFO - Sync 1 DAGs
[2025-01-19T21:49:35.998+0000] {logging_mixin.py:190} INFO - [2025-01-19T21:49:35.998+0000] {dag.py:4180} INFO - Setting next_dagrun for example_branch_labels to 2025-01-18 00:00:00+00:00, run_after=2025-01-19 00:00:00+00:00
[2025-01-19T21:49:36.022+0000] {processor.py:208} INFO - Processing /home/airflow/.local/lib/python3.12/site-packages/airflow/example_dags/example_branch_labels.py took 0.097 seconds
[2025-01-19T21:50:06.609+0000] {processor.py:186} INFO - Started process (PID=1548) to work on /home/airflow/.local/lib/python3.12/site-packages/airflow/example_dags/example_branch_labels.py
[2025-01-19T21:50:06.611+0000] {processor.py:914} INFO - Processing file /home/airflow/.local/lib/python3.12/site-packages/airflow/example_dags/example_branch_labels.py for tasks to queue
[2025-01-19T21:50:06.614+0000] {logging_mixin.py:190} INFO - [2025-01-19T21:50:06.614+0000] {dagbag.py:588} INFO - Filling up the DagBag from /home/airflow/.local/lib/python3.12/site-packages/airflow/example_dags/example_branch_labels.py
[2025-01-19T21:50:06.624+0000] {processor.py:925} INFO - DAG(s) 'example_branch_labels' retrieved from /home/airflow/.local/lib/python3.12/site-packages/airflow/example_dags/example_branch_labels.py
[2025-01-19T21:50:06.645+0000] {logging_mixin.py:190} INFO - [2025-01-19T21:50:06.645+0000] {dag.py:3239} INFO - Sync 1 DAGs
[2025-01-19T21:50:06.672+0000] {logging_mixin.py:190} INFO - [2025-01-19T21:50:06.671+0000] {dag.py:4180} INFO - Setting next_dagrun for example_branch_labels to 2025-01-18 00:00:00+00:00, run_after=2025-01-19 00:00:00+00:00
[2025-01-19T21:50:06.692+0000] {processor.py:208} INFO - Processing /home/airflow/.local/lib/python3.12/site-packages/airflow/example_dags/example_branch_labels.py took 0.090 seconds
[2025-01-19T21:50:37.283+0000] {processor.py:186} INFO - Started process (PID=1617) to work on /home/airflow/.local/lib/python3.12/site-packages/airflow/example_dags/example_branch_labels.py
[2025-01-19T21:50:37.284+0000] {processor.py:914} INFO - Processing file /home/airflow/.local/lib/python3.12/site-packages/airflow/example_dags/example_branch_labels.py for tasks to queue
[2025-01-19T21:50:37.287+0000] {logging_mixin.py:190} INFO - [2025-01-19T21:50:37.287+0000] {dagbag.py:588} INFO - Filling up the DagBag from /home/airflow/.local/lib/python3.12/site-packages/airflow/example_dags/example_branch_labels.py
[2025-01-19T21:50:37.297+0000] {processor.py:925} INFO - DAG(s) 'example_branch_labels' retrieved from /home/airflow/.local/lib/python3.12/site-packages/airflow/example_dags/example_branch_labels.py
[2025-01-19T21:50:37.316+0000] {logging_mixin.py:190} INFO - [2025-01-19T21:50:37.315+0000] {dag.py:3239} INFO - Sync 1 DAGs
[2025-01-19T21:50:37.339+0000] {logging_mixin.py:190} INFO - [2025-01-19T21:50:37.339+0000] {dag.py:4180} INFO - Setting next_dagrun for example_branch_labels to 2025-01-18 00:00:00+00:00, run_after=2025-01-19 00:00:00+00:00
[2025-01-19T21:50:37.362+0000] {processor.py:208} INFO - Processing /home/airflow/.local/lib/python3.12/site-packages/airflow/example_dags/example_branch_labels.py took 0.085 seconds
[2025-01-19T21:51:07.592+0000] {processor.py:186} INFO - Started process (PID=1687) to work on /home/airflow/.local/lib/python3.12/site-packages/airflow/example_dags/example_branch_labels.py
[2025-01-19T21:51:07.597+0000] {processor.py:914} INFO - Processing file /home/airflow/.local/lib/python3.12/site-packages/airflow/example_dags/example_branch_labels.py for tasks to queue
[2025-01-19T21:51:07.604+0000] {logging_mixin.py:190} INFO - [2025-01-19T21:51:07.603+0000] {dagbag.py:588} INFO - Filling up the DagBag from /home/airflow/.local/lib/python3.12/site-packages/airflow/example_dags/example_branch_labels.py
[2025-01-19T21:51:07.616+0000] {processor.py:925} INFO - DAG(s) 'example_branch_labels' retrieved from /home/airflow/.local/lib/python3.12/site-packages/airflow/example_dags/example_branch_labels.py
[2025-01-19T21:51:07.640+0000] {logging_mixin.py:190} INFO - [2025-01-19T21:51:07.639+0000] {dag.py:3239} INFO - Sync 1 DAGs
[2025-01-19T21:51:07.691+0000] {logging_mixin.py:190} INFO - [2025-01-19T21:51:07.691+0000] {dag.py:4180} INFO - Setting next_dagrun for example_branch_labels to 2025-01-18 00:00:00+00:00, run_after=2025-01-19 00:00:00+00:00
[2025-01-19T21:51:07.720+0000] {processor.py:208} INFO - Processing /home/airflow/.local/lib/python3.12/site-packages/airflow/example_dags/example_branch_labels.py took 0.136 seconds
