[2025-01-19T21:39:22.244+0000] {processor.py:186} INFO - Started process (PID=98) to work on /home/airflow/.local/lib/python3.12/site-packages/airflow/example_dags/example_datasets.py
[2025-01-19T21:39:22.246+0000] {processor.py:914} INFO - Processing file /home/airflow/.local/lib/python3.12/site-packages/airflow/example_dags/example_datasets.py for tasks to queue
[2025-01-19T21:39:22.250+0000] {logging_mixin.py:190} INFO - [2025-01-19T21:39:22.249+0000] {dagbag.py:588} INFO - Filling up the DagBag from /home/airflow/.local/lib/python3.12/site-packages/airflow/example_dags/example_datasets.py
[2025-01-19T21:39:23.257+0000] {processor.py:925} INFO - DAG(s) 'dataset_produces_2', 'dataset_consumes_1', 'consume_1_and_2_with_dataset_expressions', 'dataset_produces_1', 'consume_1_or_2_with_dataset_expressions', 'consume_1_or_both_2_and_3_with_dataset_expressions', 'dataset_consumes_1_and_2', 'conditional_dataset_and_time_based_timetable', 'dataset_consumes_unknown_never_scheduled', 'dataset_consumes_1_never_scheduled' retrieved from /home/airflow/.local/lib/python3.12/site-packages/airflow/example_dags/example_datasets.py
[2025-01-19T21:39:23.342+0000] {logging_mixin.py:190} INFO - [2025-01-19T21:39:23.341+0000] {override.py:1911} INFO - Created Permission View: can edit on DAG:dataset_produces_2
[2025-01-19T21:39:23.352+0000] {logging_mixin.py:190} INFO - [2025-01-19T21:39:23.352+0000] {override.py:1911} INFO - Created Permission View: can delete on DAG:dataset_produces_2
[2025-01-19T21:39:23.360+0000] {logging_mixin.py:190} INFO - [2025-01-19T21:39:23.360+0000] {override.py:1911} INFO - Created Permission View: can read on DAG:dataset_produces_2
[2025-01-19T21:39:23.367+0000] {logging_mixin.py:190} INFO - [2025-01-19T21:39:23.367+0000] {override.py:1911} INFO - Created Permission View: menu access on DAG Run:dataset_produces_2
[2025-01-19T21:39:23.374+0000] {logging_mixin.py:190} INFO - [2025-01-19T21:39:23.374+0000] {override.py:1911} INFO - Created Permission View: can create on DAG Run:dataset_produces_2
[2025-01-19T21:39:23.382+0000] {logging_mixin.py:190} INFO - [2025-01-19T21:39:23.381+0000] {override.py:1911} INFO - Created Permission View: can delete on DAG Run:dataset_produces_2
[2025-01-19T21:39:23.390+0000] {logging_mixin.py:190} INFO - [2025-01-19T21:39:23.390+0000] {override.py:1911} INFO - Created Permission View: can read on DAG Run:dataset_produces_2
[2025-01-19T21:39:23.403+0000] {logging_mixin.py:190} INFO - [2025-01-19T21:39:23.403+0000] {override.py:1911} INFO - Created Permission View: can edit on DAG:dataset_consumes_1
[2025-01-19T21:39:23.415+0000] {logging_mixin.py:190} INFO - [2025-01-19T21:39:23.414+0000] {override.py:1911} INFO - Created Permission View: can delete on DAG:dataset_consumes_1
[2025-01-19T21:39:23.423+0000] {logging_mixin.py:190} INFO - [2025-01-19T21:39:23.423+0000] {override.py:1911} INFO - Created Permission View: can read on DAG:dataset_consumes_1
[2025-01-19T21:39:23.431+0000] {logging_mixin.py:190} INFO - [2025-01-19T21:39:23.431+0000] {override.py:1911} INFO - Created Permission View: menu access on DAG Run:dataset_consumes_1
[2025-01-19T21:39:23.437+0000] {logging_mixin.py:190} INFO - [2025-01-19T21:39:23.437+0000] {override.py:1911} INFO - Created Permission View: can create on DAG Run:dataset_consumes_1
[2025-01-19T21:39:23.443+0000] {logging_mixin.py:190} INFO - [2025-01-19T21:39:23.443+0000] {override.py:1911} INFO - Created Permission View: can delete on DAG Run:dataset_consumes_1
[2025-01-19T21:39:23.454+0000] {logging_mixin.py:190} INFO - [2025-01-19T21:39:23.453+0000] {override.py:1911} INFO - Created Permission View: can read on DAG Run:dataset_consumes_1
[2025-01-19T21:39:23.474+0000] {logging_mixin.py:190} INFO - [2025-01-19T21:39:23.474+0000] {override.py:1911} INFO - Created Permission View: can edit on DAG:consume_1_and_2_with_dataset_expressions
[2025-01-19T21:39:23.482+0000] {logging_mixin.py:190} INFO - [2025-01-19T21:39:23.482+0000] {override.py:1911} INFO - Created Permission View: can delete on DAG:consume_1_and_2_with_dataset_expressions
[2025-01-19T21:39:23.488+0000] {logging_mixin.py:190} INFO - [2025-01-19T21:39:23.488+0000] {override.py:1911} INFO - Created Permission View: can read on DAG:consume_1_and_2_with_dataset_expressions
[2025-01-19T21:39:23.495+0000] {logging_mixin.py:190} INFO - [2025-01-19T21:39:23.494+0000] {override.py:1911} INFO - Created Permission View: menu access on DAG Run:consume_1_and_2_with_dataset_expressions
[2025-01-19T21:39:23.502+0000] {logging_mixin.py:190} INFO - [2025-01-19T21:39:23.501+0000] {override.py:1911} INFO - Created Permission View: can create on DAG Run:consume_1_and_2_with_dataset_expressions
[2025-01-19T21:39:23.510+0000] {logging_mixin.py:190} INFO - [2025-01-19T21:39:23.509+0000] {override.py:1911} INFO - Created Permission View: can delete on DAG Run:consume_1_and_2_with_dataset_expressions
[2025-01-19T21:39:23.518+0000] {logging_mixin.py:190} INFO - [2025-01-19T21:39:23.518+0000] {override.py:1911} INFO - Created Permission View: can read on DAG Run:consume_1_and_2_with_dataset_expressions
[2025-01-19T21:39:23.531+0000] {logging_mixin.py:190} INFO - [2025-01-19T21:39:23.531+0000] {override.py:1911} INFO - Created Permission View: can edit on DAG:dataset_produces_1
[2025-01-19T21:39:23.537+0000] {logging_mixin.py:190} INFO - [2025-01-19T21:39:23.537+0000] {override.py:1911} INFO - Created Permission View: can delete on DAG:dataset_produces_1
[2025-01-19T21:39:23.543+0000] {logging_mixin.py:190} INFO - [2025-01-19T21:39:23.542+0000] {override.py:1911} INFO - Created Permission View: can read on DAG:dataset_produces_1
[2025-01-19T21:39:23.549+0000] {logging_mixin.py:190} INFO - [2025-01-19T21:39:23.549+0000] {override.py:1911} INFO - Created Permission View: menu access on DAG Run:dataset_produces_1
[2025-01-19T21:39:23.562+0000] {logging_mixin.py:190} INFO - [2025-01-19T21:39:23.561+0000] {override.py:1911} INFO - Created Permission View: can create on DAG Run:dataset_produces_1
[2025-01-19T21:39:23.581+0000] {logging_mixin.py:190} INFO - [2025-01-19T21:39:23.580+0000] {override.py:1911} INFO - Created Permission View: can delete on DAG Run:dataset_produces_1
[2025-01-19T21:39:23.596+0000] {logging_mixin.py:190} INFO - [2025-01-19T21:39:23.595+0000] {override.py:1911} INFO - Created Permission View: can read on DAG Run:dataset_produces_1
[2025-01-19T21:39:23.623+0000] {logging_mixin.py:190} INFO - [2025-01-19T21:39:23.623+0000] {override.py:1911} INFO - Created Permission View: can edit on DAG:consume_1_or_2_with_dataset_expressions
[2025-01-19T21:39:23.640+0000] {logging_mixin.py:190} INFO - [2025-01-19T21:39:23.639+0000] {override.py:1911} INFO - Created Permission View: can delete on DAG:consume_1_or_2_with_dataset_expressions
[2025-01-19T21:39:23.655+0000] {logging_mixin.py:190} INFO - [2025-01-19T21:39:23.654+0000] {override.py:1911} INFO - Created Permission View: can read on DAG:consume_1_or_2_with_dataset_expressions
[2025-01-19T21:39:23.677+0000] {logging_mixin.py:190} INFO - [2025-01-19T21:39:23.675+0000] {override.py:1911} INFO - Created Permission View: menu access on DAG Run:consume_1_or_2_with_dataset_expressions
[2025-01-19T21:39:23.712+0000] {logging_mixin.py:190} INFO - [2025-01-19T21:39:23.711+0000] {override.py:1911} INFO - Created Permission View: can create on DAG Run:consume_1_or_2_with_dataset_expressions
[2025-01-19T21:39:23.733+0000] {logging_mixin.py:190} INFO - [2025-01-19T21:39:23.732+0000] {override.py:1911} INFO - Created Permission View: can delete on DAG Run:consume_1_or_2_with_dataset_expressions
[2025-01-19T21:39:23.747+0000] {logging_mixin.py:190} INFO - [2025-01-19T21:39:23.747+0000] {override.py:1911} INFO - Created Permission View: can read on DAG Run:consume_1_or_2_with_dataset_expressions
[2025-01-19T21:39:23.788+0000] {logging_mixin.py:190} INFO - [2025-01-19T21:39:23.787+0000] {override.py:1911} INFO - Created Permission View: can edit on DAG:consume_1_or_both_2_and_3_with_dataset_expressions
[2025-01-19T21:39:23.813+0000] {logging_mixin.py:190} INFO - [2025-01-19T21:39:23.812+0000] {override.py:1911} INFO - Created Permission View: can delete on DAG:consume_1_or_both_2_and_3_with_dataset_expressions
[2025-01-19T21:39:23.830+0000] {logging_mixin.py:190} INFO - [2025-01-19T21:39:23.830+0000] {override.py:1911} INFO - Created Permission View: can read on DAG:consume_1_or_both_2_and_3_with_dataset_expressions
[2025-01-19T21:39:23.844+0000] {logging_mixin.py:190} INFO - [2025-01-19T21:39:23.844+0000] {override.py:1911} INFO - Created Permission View: menu access on DAG Run:consume_1_or_both_2_and_3_with_dataset_expressions
[2025-01-19T21:39:23.864+0000] {logging_mixin.py:190} INFO - [2025-01-19T21:39:23.863+0000] {override.py:1911} INFO - Created Permission View: can create on DAG Run:consume_1_or_both_2_and_3_with_dataset_expressions
[2025-01-19T21:39:23.890+0000] {logging_mixin.py:190} INFO - [2025-01-19T21:39:23.889+0000] {override.py:1911} INFO - Created Permission View: can delete on DAG Run:consume_1_or_both_2_and_3_with_dataset_expressions
[2025-01-19T21:39:23.918+0000] {logging_mixin.py:190} INFO - [2025-01-19T21:39:23.917+0000] {override.py:1911} INFO - Created Permission View: can read on DAG Run:consume_1_or_both_2_and_3_with_dataset_expressions
[2025-01-19T21:39:23.956+0000] {logging_mixin.py:190} INFO - [2025-01-19T21:39:23.955+0000] {override.py:1911} INFO - Created Permission View: can edit on DAG:dataset_consumes_1_and_2
[2025-01-19T21:39:23.969+0000] {logging_mixin.py:190} INFO - [2025-01-19T21:39:23.968+0000] {override.py:1911} INFO - Created Permission View: can delete on DAG:dataset_consumes_1_and_2
[2025-01-19T21:39:23.986+0000] {logging_mixin.py:190} INFO - [2025-01-19T21:39:23.986+0000] {override.py:1911} INFO - Created Permission View: can read on DAG:dataset_consumes_1_and_2
[2025-01-19T21:39:23.995+0000] {logging_mixin.py:190} INFO - [2025-01-19T21:39:23.995+0000] {override.py:1911} INFO - Created Permission View: menu access on DAG Run:dataset_consumes_1_and_2
[2025-01-19T21:39:24.001+0000] {logging_mixin.py:190} INFO - [2025-01-19T21:39:24.001+0000] {override.py:1911} INFO - Created Permission View: can create on DAG Run:dataset_consumes_1_and_2
[2025-01-19T21:39:24.009+0000] {logging_mixin.py:190} INFO - [2025-01-19T21:39:24.008+0000] {override.py:1911} INFO - Created Permission View: can delete on DAG Run:dataset_consumes_1_and_2
[2025-01-19T21:39:24.017+0000] {logging_mixin.py:190} INFO - [2025-01-19T21:39:24.016+0000] {override.py:1911} INFO - Created Permission View: can read on DAG Run:dataset_consumes_1_and_2
[2025-01-19T21:39:24.029+0000] {logging_mixin.py:190} INFO - [2025-01-19T21:39:24.029+0000] {override.py:1911} INFO - Created Permission View: can edit on DAG:conditional_dataset_and_time_based_timetable
[2025-01-19T21:39:24.036+0000] {logging_mixin.py:190} INFO - [2025-01-19T21:39:24.036+0000] {override.py:1911} INFO - Created Permission View: can delete on DAG:conditional_dataset_and_time_based_timetable
[2025-01-19T21:39:24.052+0000] {logging_mixin.py:190} INFO - [2025-01-19T21:39:24.052+0000] {override.py:1911} INFO - Created Permission View: can read on DAG:conditional_dataset_and_time_based_timetable
[2025-01-19T21:39:24.072+0000] {logging_mixin.py:190} INFO - [2025-01-19T21:39:24.072+0000] {override.py:1911} INFO - Created Permission View: menu access on DAG Run:conditional_dataset_and_time_based_timetable
[2025-01-19T21:39:24.090+0000] {logging_mixin.py:190} INFO - [2025-01-19T21:39:24.089+0000] {override.py:1911} INFO - Created Permission View: can create on DAG Run:conditional_dataset_and_time_based_timetable
[2025-01-19T21:39:24.105+0000] {logging_mixin.py:190} INFO - [2025-01-19T21:39:24.104+0000] {override.py:1911} INFO - Created Permission View: can delete on DAG Run:conditional_dataset_and_time_based_timetable
[2025-01-19T21:39:24.121+0000] {logging_mixin.py:190} INFO - [2025-01-19T21:39:24.120+0000] {override.py:1911} INFO - Created Permission View: can read on DAG Run:conditional_dataset_and_time_based_timetable
[2025-01-19T21:39:24.144+0000] {logging_mixin.py:190} INFO - [2025-01-19T21:39:24.143+0000] {override.py:1911} INFO - Created Permission View: can edit on DAG:dataset_consumes_unknown_never_scheduled
[2025-01-19T21:39:24.157+0000] {logging_mixin.py:190} INFO - [2025-01-19T21:39:24.156+0000] {override.py:1911} INFO - Created Permission View: can delete on DAG:dataset_consumes_unknown_never_scheduled
[2025-01-19T21:39:24.170+0000] {logging_mixin.py:190} INFO - [2025-01-19T21:39:24.170+0000] {override.py:1911} INFO - Created Permission View: can read on DAG:dataset_consumes_unknown_never_scheduled
[2025-01-19T21:39:24.182+0000] {logging_mixin.py:190} INFO - [2025-01-19T21:39:24.182+0000] {override.py:1911} INFO - Created Permission View: menu access on DAG Run:dataset_consumes_unknown_never_scheduled
[2025-01-19T21:39:24.192+0000] {logging_mixin.py:190} INFO - [2025-01-19T21:39:24.192+0000] {override.py:1911} INFO - Created Permission View: can create on DAG Run:dataset_consumes_unknown_never_scheduled
[2025-01-19T21:39:24.203+0000] {logging_mixin.py:190} INFO - [2025-01-19T21:39:24.202+0000] {override.py:1911} INFO - Created Permission View: can delete on DAG Run:dataset_consumes_unknown_never_scheduled
[2025-01-19T21:39:24.213+0000] {logging_mixin.py:190} INFO - [2025-01-19T21:39:24.213+0000] {override.py:1911} INFO - Created Permission View: can read on DAG Run:dataset_consumes_unknown_never_scheduled
[2025-01-19T21:39:24.229+0000] {logging_mixin.py:190} INFO - [2025-01-19T21:39:24.228+0000] {override.py:1911} INFO - Created Permission View: can edit on DAG:dataset_consumes_1_never_scheduled
[2025-01-19T21:39:24.246+0000] {logging_mixin.py:190} INFO - [2025-01-19T21:39:24.245+0000] {override.py:1911} INFO - Created Permission View: can delete on DAG:dataset_consumes_1_never_scheduled
[2025-01-19T21:39:24.258+0000] {logging_mixin.py:190} INFO - [2025-01-19T21:39:24.257+0000] {override.py:1911} INFO - Created Permission View: can read on DAG:dataset_consumes_1_never_scheduled
[2025-01-19T21:39:24.272+0000] {logging_mixin.py:190} INFO - [2025-01-19T21:39:24.272+0000] {override.py:1911} INFO - Created Permission View: menu access on DAG Run:dataset_consumes_1_never_scheduled
[2025-01-19T21:39:24.284+0000] {logging_mixin.py:190} INFO - [2025-01-19T21:39:24.283+0000] {override.py:1911} INFO - Created Permission View: can create on DAG Run:dataset_consumes_1_never_scheduled
[2025-01-19T21:39:24.294+0000] {logging_mixin.py:190} INFO - [2025-01-19T21:39:24.294+0000] {override.py:1911} INFO - Created Permission View: can delete on DAG Run:dataset_consumes_1_never_scheduled
[2025-01-19T21:39:24.303+0000] {logging_mixin.py:190} INFO - [2025-01-19T21:39:24.303+0000] {override.py:1911} INFO - Created Permission View: can read on DAG Run:dataset_consumes_1_never_scheduled
[2025-01-19T21:39:24.305+0000] {logging_mixin.py:190} INFO - [2025-01-19T21:39:24.304+0000] {dag.py:3239} INFO - Sync 10 DAGs
[2025-01-19T21:39:24.320+0000] {logging_mixin.py:190} INFO - [2025-01-19T21:39:24.320+0000] {dag.py:3262} INFO - Creating ORM DAG for consume_1_and_2_with_dataset_expressions
[2025-01-19T21:39:24.322+0000] {logging_mixin.py:190} INFO - [2025-01-19T21:39:24.322+0000] {dag.py:3262} INFO - Creating ORM DAG for consume_1_or_2_with_dataset_expressions
[2025-01-19T21:39:24.323+0000] {logging_mixin.py:190} INFO - [2025-01-19T21:39:24.323+0000] {dag.py:3262} INFO - Creating ORM DAG for dataset_consumes_unknown_never_scheduled
[2025-01-19T21:39:24.324+0000] {logging_mixin.py:190} INFO - [2025-01-19T21:39:24.324+0000] {dag.py:3262} INFO - Creating ORM DAG for dataset_consumes_1_never_scheduled
[2025-01-19T21:39:24.325+0000] {logging_mixin.py:190} INFO - [2025-01-19T21:39:24.324+0000] {dag.py:3262} INFO - Creating ORM DAG for dataset_consumes_1_and_2
[2025-01-19T21:39:24.326+0000] {logging_mixin.py:190} INFO - [2025-01-19T21:39:24.326+0000] {dag.py:3262} INFO - Creating ORM DAG for dataset_consumes_1
[2025-01-19T21:39:24.327+0000] {logging_mixin.py:190} INFO - [2025-01-19T21:39:24.327+0000] {dag.py:3262} INFO - Creating ORM DAG for conditional_dataset_and_time_based_timetable
[2025-01-19T21:39:24.328+0000] {logging_mixin.py:190} INFO - [2025-01-19T21:39:24.328+0000] {dag.py:3262} INFO - Creating ORM DAG for dataset_produces_2
[2025-01-19T21:39:24.329+0000] {logging_mixin.py:190} INFO - [2025-01-19T21:39:24.328+0000] {dag.py:3262} INFO - Creating ORM DAG for consume_1_or_both_2_and_3_with_dataset_expressions
[2025-01-19T21:39:24.329+0000] {logging_mixin.py:190} INFO - [2025-01-19T21:39:24.329+0000] {dag.py:3262} INFO - Creating ORM DAG for dataset_produces_1
[2025-01-19T21:39:24.341+0000] {logging_mixin.py:190} INFO - [2025-01-19T21:39:24.341+0000] {dag.py:4180} INFO - Setting next_dagrun for conditional_dataset_and_time_based_timetable to 2025-01-15 01:00:00+00:00, run_after=2025-01-15 01:00:00+00:00
[2025-01-19T21:39:24.343+0000] {logging_mixin.py:190} INFO - [2025-01-19T21:39:24.343+0000] {dag.py:4180} INFO - Setting next_dagrun for consume_1_and_2_with_dataset_expressions to None, run_after=None
[2025-01-19T21:39:24.344+0000] {logging_mixin.py:190} INFO - [2025-01-19T21:39:24.344+0000] {dag.py:4180} INFO - Setting next_dagrun for consume_1_or_2_with_dataset_expressions to None, run_after=None
[2025-01-19T21:39:24.345+0000] {logging_mixin.py:190} INFO - [2025-01-19T21:39:24.345+0000] {dag.py:4180} INFO - Setting next_dagrun for consume_1_or_both_2_and_3_with_dataset_expressions to None, run_after=None
[2025-01-19T21:39:24.346+0000] {logging_mixin.py:190} INFO - [2025-01-19T21:39:24.346+0000] {dag.py:4180} INFO - Setting next_dagrun for dataset_consumes_1 to None, run_after=None
[2025-01-19T21:39:24.347+0000] {logging_mixin.py:190} INFO - [2025-01-19T21:39:24.347+0000] {dag.py:4180} INFO - Setting next_dagrun for dataset_consumes_1_and_2 to None, run_after=None
[2025-01-19T21:39:24.348+0000] {logging_mixin.py:190} INFO - [2025-01-19T21:39:24.348+0000] {dag.py:4180} INFO - Setting next_dagrun for dataset_consumes_1_never_scheduled to None, run_after=None
[2025-01-19T21:39:24.349+0000] {logging_mixin.py:190} INFO - [2025-01-19T21:39:24.349+0000] {dag.py:4180} INFO - Setting next_dagrun for dataset_consumes_unknown_never_scheduled to None, run_after=None
[2025-01-19T21:39:24.351+0000] {logging_mixin.py:190} INFO - [2025-01-19T21:39:24.351+0000] {dag.py:4180} INFO - Setting next_dagrun for dataset_produces_1 to 2025-01-18 00:00:00+00:00, run_after=2025-01-19 00:00:00+00:00
[2025-01-19T21:39:24.352+0000] {logging_mixin.py:190} INFO - [2025-01-19T21:39:24.352+0000] {dag.py:4180} INFO - Setting next_dagrun for dataset_produces_2 to None, run_after=None
[2025-01-19T21:39:24.402+0000] {processor.py:208} INFO - Processing /home/airflow/.local/lib/python3.12/site-packages/airflow/example_dags/example_datasets.py took 2.165 seconds
[2025-01-19T21:39:54.592+0000] {processor.py:186} INFO - Started process (PID=167) to work on /home/airflow/.local/lib/python3.12/site-packages/airflow/example_dags/example_datasets.py
[2025-01-19T21:39:54.597+0000] {processor.py:914} INFO - Processing file /home/airflow/.local/lib/python3.12/site-packages/airflow/example_dags/example_datasets.py for tasks to queue
[2025-01-19T21:39:54.608+0000] {logging_mixin.py:190} INFO - [2025-01-19T21:39:54.607+0000] {dagbag.py:588} INFO - Filling up the DagBag from /home/airflow/.local/lib/python3.12/site-packages/airflow/example_dags/example_datasets.py
[2025-01-19T21:39:55.688+0000] {processor.py:925} INFO - DAG(s) 'dataset_consumes_1_and_2', 'dataset_consumes_unknown_never_scheduled', 'dataset_produces_1', 'dataset_consumes_1', 'dataset_produces_2', 'conditional_dataset_and_time_based_timetable', 'dataset_consumes_1_never_scheduled', 'consume_1_or_both_2_and_3_with_dataset_expressions', 'consume_1_and_2_with_dataset_expressions', 'consume_1_or_2_with_dataset_expressions' retrieved from /home/airflow/.local/lib/python3.12/site-packages/airflow/example_dags/example_datasets.py
[2025-01-19T21:39:55.754+0000] {logging_mixin.py:190} INFO - [2025-01-19T21:39:55.754+0000] {dag.py:3239} INFO - Sync 10 DAGs
[2025-01-19T21:39:55.801+0000] {logging_mixin.py:190} INFO - [2025-01-19T21:39:55.800+0000] {dag.py:4180} INFO - Setting next_dagrun for conditional_dataset_and_time_based_timetable to 2025-01-15 01:00:00+00:00, run_after=2025-01-15 01:00:00+00:00
[2025-01-19T21:39:55.808+0000] {logging_mixin.py:190} INFO - [2025-01-19T21:39:55.808+0000] {dag.py:4180} INFO - Setting next_dagrun for consume_1_and_2_with_dataset_expressions to None, run_after=None
[2025-01-19T21:39:55.812+0000] {logging_mixin.py:190} INFO - [2025-01-19T21:39:55.811+0000] {dag.py:4180} INFO - Setting next_dagrun for consume_1_or_2_with_dataset_expressions to None, run_after=None
[2025-01-19T21:39:55.819+0000] {logging_mixin.py:190} INFO - [2025-01-19T21:39:55.818+0000] {dag.py:4180} INFO - Setting next_dagrun for consume_1_or_both_2_and_3_with_dataset_expressions to None, run_after=None
[2025-01-19T21:39:55.821+0000] {logging_mixin.py:190} INFO - [2025-01-19T21:39:55.820+0000] {dag.py:4180} INFO - Setting next_dagrun for dataset_consumes_1 to None, run_after=None
[2025-01-19T21:39:55.824+0000] {logging_mixin.py:190} INFO - [2025-01-19T21:39:55.824+0000] {dag.py:4180} INFO - Setting next_dagrun for dataset_consumes_1_and_2 to None, run_after=None
[2025-01-19T21:39:55.829+0000] {logging_mixin.py:190} INFO - [2025-01-19T21:39:55.828+0000] {dag.py:4180} INFO - Setting next_dagrun for dataset_consumes_1_never_scheduled to None, run_after=None
[2025-01-19T21:39:55.834+0000] {logging_mixin.py:190} INFO - [2025-01-19T21:39:55.834+0000] {dag.py:4180} INFO - Setting next_dagrun for dataset_consumes_unknown_never_scheduled to None, run_after=None
[2025-01-19T21:39:55.838+0000] {logging_mixin.py:190} INFO - [2025-01-19T21:39:55.838+0000] {dag.py:4180} INFO - Setting next_dagrun for dataset_produces_1 to 2025-01-18 00:00:00+00:00, run_after=2025-01-19 00:00:00+00:00
[2025-01-19T21:39:55.842+0000] {logging_mixin.py:190} INFO - [2025-01-19T21:39:55.841+0000] {dag.py:4180} INFO - Setting next_dagrun for dataset_produces_2 to None, run_after=None
[2025-01-19T21:39:55.900+0000] {processor.py:208} INFO - Processing /home/airflow/.local/lib/python3.12/site-packages/airflow/example_dags/example_datasets.py took 1.331 seconds
[2025-01-19T21:40:26.881+0000] {processor.py:186} INFO - Started process (PID=236) to work on /home/airflow/.local/lib/python3.12/site-packages/airflow/example_dags/example_datasets.py
[2025-01-19T21:40:26.884+0000] {processor.py:914} INFO - Processing file /home/airflow/.local/lib/python3.12/site-packages/airflow/example_dags/example_datasets.py for tasks to queue
[2025-01-19T21:40:26.891+0000] {logging_mixin.py:190} INFO - [2025-01-19T21:40:26.890+0000] {dagbag.py:588} INFO - Filling up the DagBag from /home/airflow/.local/lib/python3.12/site-packages/airflow/example_dags/example_datasets.py
[2025-01-19T21:40:27.914+0000] {processor.py:925} INFO - DAG(s) 'dataset_produces_1', 'dataset_consumes_1_and_2', 'consume_1_or_2_with_dataset_expressions', 'dataset_consumes_unknown_never_scheduled', 'dataset_produces_2', 'conditional_dataset_and_time_based_timetable', 'dataset_consumes_1_never_scheduled', 'consume_1_and_2_with_dataset_expressions', 'consume_1_or_both_2_and_3_with_dataset_expressions', 'dataset_consumes_1' retrieved from /home/airflow/.local/lib/python3.12/site-packages/airflow/example_dags/example_datasets.py
[2025-01-19T21:40:27.957+0000] {logging_mixin.py:190} INFO - [2025-01-19T21:40:27.957+0000] {dag.py:3239} INFO - Sync 10 DAGs
[2025-01-19T21:40:27.986+0000] {logging_mixin.py:190} INFO - [2025-01-19T21:40:27.985+0000] {dag.py:4180} INFO - Setting next_dagrun for conditional_dataset_and_time_based_timetable to 2025-01-15 01:00:00+00:00, run_after=2025-01-15 01:00:00+00:00
[2025-01-19T21:40:27.990+0000] {logging_mixin.py:190} INFO - [2025-01-19T21:40:27.990+0000] {dag.py:4180} INFO - Setting next_dagrun for consume_1_and_2_with_dataset_expressions to None, run_after=None
[2025-01-19T21:40:27.992+0000] {logging_mixin.py:190} INFO - [2025-01-19T21:40:27.992+0000] {dag.py:4180} INFO - Setting next_dagrun for consume_1_or_2_with_dataset_expressions to None, run_after=None
[2025-01-19T21:40:27.995+0000] {logging_mixin.py:190} INFO - [2025-01-19T21:40:27.994+0000] {dag.py:4180} INFO - Setting next_dagrun for consume_1_or_both_2_and_3_with_dataset_expressions to None, run_after=None
[2025-01-19T21:40:27.997+0000] {logging_mixin.py:190} INFO - [2025-01-19T21:40:27.997+0000] {dag.py:4180} INFO - Setting next_dagrun for dataset_consumes_1 to None, run_after=None
[2025-01-19T21:40:27.998+0000] {logging_mixin.py:190} INFO - [2025-01-19T21:40:27.998+0000] {dag.py:4180} INFO - Setting next_dagrun for dataset_consumes_1_and_2 to None, run_after=None
[2025-01-19T21:40:28.000+0000] {logging_mixin.py:190} INFO - [2025-01-19T21:40:28.000+0000] {dag.py:4180} INFO - Setting next_dagrun for dataset_consumes_1_never_scheduled to None, run_after=None
[2025-01-19T21:40:28.002+0000] {logging_mixin.py:190} INFO - [2025-01-19T21:40:28.002+0000] {dag.py:4180} INFO - Setting next_dagrun for dataset_consumes_unknown_never_scheduled to None, run_after=None
[2025-01-19T21:40:28.006+0000] {logging_mixin.py:190} INFO - [2025-01-19T21:40:28.006+0000] {dag.py:4180} INFO - Setting next_dagrun for dataset_produces_1 to 2025-01-18 00:00:00+00:00, run_after=2025-01-19 00:00:00+00:00
[2025-01-19T21:40:28.008+0000] {logging_mixin.py:190} INFO - [2025-01-19T21:40:28.008+0000] {dag.py:4180} INFO - Setting next_dagrun for dataset_produces_2 to None, run_after=None
[2025-01-19T21:40:28.046+0000] {processor.py:208} INFO - Processing /home/airflow/.local/lib/python3.12/site-packages/airflow/example_dags/example_datasets.py took 1.175 seconds
[2025-01-19T21:40:58.301+0000] {processor.py:186} INFO - Started process (PID=305) to work on /home/airflow/.local/lib/python3.12/site-packages/airflow/example_dags/example_datasets.py
[2025-01-19T21:40:58.302+0000] {processor.py:914} INFO - Processing file /home/airflow/.local/lib/python3.12/site-packages/airflow/example_dags/example_datasets.py for tasks to queue
[2025-01-19T21:40:58.305+0000] {logging_mixin.py:190} INFO - [2025-01-19T21:40:58.304+0000] {dagbag.py:588} INFO - Filling up the DagBag from /home/airflow/.local/lib/python3.12/site-packages/airflow/example_dags/example_datasets.py
[2025-01-19T21:40:59.016+0000] {processor.py:925} INFO - DAG(s) 'conditional_dataset_and_time_based_timetable', 'dataset_consumes_1_never_scheduled', 'dataset_consumes_1_and_2', 'dataset_consumes_unknown_never_scheduled', 'dataset_consumes_1', 'consume_1_or_2_with_dataset_expressions', 'consume_1_and_2_with_dataset_expressions', 'dataset_produces_1', 'consume_1_or_both_2_and_3_with_dataset_expressions', 'dataset_produces_2' retrieved from /home/airflow/.local/lib/python3.12/site-packages/airflow/example_dags/example_datasets.py
[2025-01-19T21:40:59.054+0000] {logging_mixin.py:190} INFO - [2025-01-19T21:40:59.054+0000] {dag.py:3239} INFO - Sync 10 DAGs
[2025-01-19T21:40:59.078+0000] {logging_mixin.py:190} INFO - [2025-01-19T21:40:59.078+0000] {dag.py:4180} INFO - Setting next_dagrun for conditional_dataset_and_time_based_timetable to 2025-01-15 01:00:00+00:00, run_after=2025-01-15 01:00:00+00:00
[2025-01-19T21:40:59.084+0000] {logging_mixin.py:190} INFO - [2025-01-19T21:40:59.083+0000] {dag.py:4180} INFO - Setting next_dagrun for consume_1_and_2_with_dataset_expressions to None, run_after=None
[2025-01-19T21:40:59.086+0000] {logging_mixin.py:190} INFO - [2025-01-19T21:40:59.086+0000] {dag.py:4180} INFO - Setting next_dagrun for consume_1_or_2_with_dataset_expressions to None, run_after=None
[2025-01-19T21:40:59.088+0000] {logging_mixin.py:190} INFO - [2025-01-19T21:40:59.087+0000] {dag.py:4180} INFO - Setting next_dagrun for consume_1_or_both_2_and_3_with_dataset_expressions to None, run_after=None
[2025-01-19T21:40:59.089+0000] {logging_mixin.py:190} INFO - [2025-01-19T21:40:59.089+0000] {dag.py:4180} INFO - Setting next_dagrun for dataset_consumes_1 to None, run_after=None
[2025-01-19T21:40:59.091+0000] {logging_mixin.py:190} INFO - [2025-01-19T21:40:59.091+0000] {dag.py:4180} INFO - Setting next_dagrun for dataset_consumes_1_and_2 to None, run_after=None
[2025-01-19T21:40:59.093+0000] {logging_mixin.py:190} INFO - [2025-01-19T21:40:59.093+0000] {dag.py:4180} INFO - Setting next_dagrun for dataset_consumes_1_never_scheduled to None, run_after=None
[2025-01-19T21:40:59.095+0000] {logging_mixin.py:190} INFO - [2025-01-19T21:40:59.094+0000] {dag.py:4180} INFO - Setting next_dagrun for dataset_consumes_unknown_never_scheduled to None, run_after=None
[2025-01-19T21:40:59.097+0000] {logging_mixin.py:190} INFO - [2025-01-19T21:40:59.097+0000] {dag.py:4180} INFO - Setting next_dagrun for dataset_produces_1 to 2025-01-18 00:00:00+00:00, run_after=2025-01-19 00:00:00+00:00
[2025-01-19T21:40:59.101+0000] {logging_mixin.py:190} INFO - [2025-01-19T21:40:59.101+0000] {dag.py:4180} INFO - Setting next_dagrun for dataset_produces_2 to None, run_after=None
[2025-01-19T21:40:59.130+0000] {processor.py:208} INFO - Processing /home/airflow/.local/lib/python3.12/site-packages/airflow/example_dags/example_datasets.py took 0.835 seconds
[2025-01-19T21:41:29.645+0000] {processor.py:186} INFO - Started process (PID=374) to work on /home/airflow/.local/lib/python3.12/site-packages/airflow/example_dags/example_datasets.py
[2025-01-19T21:41:29.647+0000] {processor.py:914} INFO - Processing file /home/airflow/.local/lib/python3.12/site-packages/airflow/example_dags/example_datasets.py for tasks to queue
[2025-01-19T21:41:29.649+0000] {logging_mixin.py:190} INFO - [2025-01-19T21:41:29.649+0000] {dagbag.py:588} INFO - Filling up the DagBag from /home/airflow/.local/lib/python3.12/site-packages/airflow/example_dags/example_datasets.py
[2025-01-19T21:41:30.540+0000] {processor.py:925} INFO - DAG(s) 'dataset_produces_1', 'dataset_consumes_1_and_2', 'dataset_consumes_1', 'dataset_produces_2', 'consume_1_or_both_2_and_3_with_dataset_expressions', 'conditional_dataset_and_time_based_timetable', 'consume_1_or_2_with_dataset_expressions', 'dataset_consumes_unknown_never_scheduled', 'consume_1_and_2_with_dataset_expressions', 'dataset_consumes_1_never_scheduled' retrieved from /home/airflow/.local/lib/python3.12/site-packages/airflow/example_dags/example_datasets.py
[2025-01-19T21:41:30.581+0000] {logging_mixin.py:190} INFO - [2025-01-19T21:41:30.581+0000] {dag.py:3239} INFO - Sync 10 DAGs
[2025-01-19T21:41:30.641+0000] {logging_mixin.py:190} INFO - [2025-01-19T21:41:30.640+0000] {dag.py:4180} INFO - Setting next_dagrun for conditional_dataset_and_time_based_timetable to 2025-01-15 01:00:00+00:00, run_after=2025-01-15 01:00:00+00:00
[2025-01-19T21:41:30.646+0000] {logging_mixin.py:190} INFO - [2025-01-19T21:41:30.646+0000] {dag.py:4180} INFO - Setting next_dagrun for consume_1_and_2_with_dataset_expressions to None, run_after=None
[2025-01-19T21:41:30.648+0000] {logging_mixin.py:190} INFO - [2025-01-19T21:41:30.648+0000] {dag.py:4180} INFO - Setting next_dagrun for consume_1_or_2_with_dataset_expressions to None, run_after=None
[2025-01-19T21:41:30.650+0000] {logging_mixin.py:190} INFO - [2025-01-19T21:41:30.650+0000] {dag.py:4180} INFO - Setting next_dagrun for consume_1_or_both_2_and_3_with_dataset_expressions to None, run_after=None
[2025-01-19T21:41:30.652+0000] {logging_mixin.py:190} INFO - [2025-01-19T21:41:30.652+0000] {dag.py:4180} INFO - Setting next_dagrun for dataset_consumes_1 to None, run_after=None
[2025-01-19T21:41:30.654+0000] {logging_mixin.py:190} INFO - [2025-01-19T21:41:30.654+0000] {dag.py:4180} INFO - Setting next_dagrun for dataset_consumes_1_and_2 to None, run_after=None
[2025-01-19T21:41:30.656+0000] {logging_mixin.py:190} INFO - [2025-01-19T21:41:30.656+0000] {dag.py:4180} INFO - Setting next_dagrun for dataset_consumes_1_never_scheduled to None, run_after=None
[2025-01-19T21:41:30.657+0000] {logging_mixin.py:190} INFO - [2025-01-19T21:41:30.657+0000] {dag.py:4180} INFO - Setting next_dagrun for dataset_consumes_unknown_never_scheduled to None, run_after=None
[2025-01-19T21:41:30.660+0000] {logging_mixin.py:190} INFO - [2025-01-19T21:41:30.660+0000] {dag.py:4180} INFO - Setting next_dagrun for dataset_produces_1 to 2025-01-18 00:00:00+00:00, run_after=2025-01-19 00:00:00+00:00
[2025-01-19T21:41:30.663+0000] {logging_mixin.py:190} INFO - [2025-01-19T21:41:30.662+0000] {dag.py:4180} INFO - Setting next_dagrun for dataset_produces_2 to None, run_after=None
[2025-01-19T21:41:30.703+0000] {processor.py:208} INFO - Processing /home/airflow/.local/lib/python3.12/site-packages/airflow/example_dags/example_datasets.py took 1.063 seconds
[2025-01-19T21:42:01.136+0000] {processor.py:186} INFO - Started process (PID=443) to work on /home/airflow/.local/lib/python3.12/site-packages/airflow/example_dags/example_datasets.py
[2025-01-19T21:42:01.139+0000] {processor.py:914} INFO - Processing file /home/airflow/.local/lib/python3.12/site-packages/airflow/example_dags/example_datasets.py for tasks to queue
[2025-01-19T21:42:01.142+0000] {logging_mixin.py:190} INFO - [2025-01-19T21:42:01.142+0000] {dagbag.py:588} INFO - Filling up the DagBag from /home/airflow/.local/lib/python3.12/site-packages/airflow/example_dags/example_datasets.py
[2025-01-19T21:42:02.371+0000] {processor.py:925} INFO - DAG(s) 'dataset_produces_1', 'dataset_consumes_1_never_scheduled', 'dataset_consumes_unknown_never_scheduled', 'dataset_consumes_1', 'consume_1_or_2_with_dataset_expressions', 'consume_1_and_2_with_dataset_expressions', 'consume_1_or_both_2_and_3_with_dataset_expressions', 'dataset_produces_2', 'dataset_consumes_1_and_2', 'conditional_dataset_and_time_based_timetable' retrieved from /home/airflow/.local/lib/python3.12/site-packages/airflow/example_dags/example_datasets.py
[2025-01-19T21:42:02.417+0000] {logging_mixin.py:190} INFO - [2025-01-19T21:42:02.416+0000] {dag.py:3239} INFO - Sync 10 DAGs
[2025-01-19T21:42:02.527+0000] {logging_mixin.py:190} INFO - [2025-01-19T21:42:02.527+0000] {dag.py:4180} INFO - Setting next_dagrun for conditional_dataset_and_time_based_timetable to 2025-01-15 01:00:00+00:00, run_after=2025-01-15 01:00:00+00:00
[2025-01-19T21:42:02.531+0000] {logging_mixin.py:190} INFO - [2025-01-19T21:42:02.531+0000] {dag.py:4180} INFO - Setting next_dagrun for consume_1_and_2_with_dataset_expressions to None, run_after=None
[2025-01-19T21:42:02.533+0000] {logging_mixin.py:190} INFO - [2025-01-19T21:42:02.533+0000] {dag.py:4180} INFO - Setting next_dagrun for consume_1_or_2_with_dataset_expressions to None, run_after=None
[2025-01-19T21:42:02.535+0000] {logging_mixin.py:190} INFO - [2025-01-19T21:42:02.535+0000] {dag.py:4180} INFO - Setting next_dagrun for consume_1_or_both_2_and_3_with_dataset_expressions to None, run_after=None
[2025-01-19T21:42:02.536+0000] {logging_mixin.py:190} INFO - [2025-01-19T21:42:02.536+0000] {dag.py:4180} INFO - Setting next_dagrun for dataset_consumes_1 to None, run_after=None
[2025-01-19T21:42:02.538+0000] {logging_mixin.py:190} INFO - [2025-01-19T21:42:02.538+0000] {dag.py:4180} INFO - Setting next_dagrun for dataset_consumes_1_and_2 to None, run_after=None
[2025-01-19T21:42:02.539+0000] {logging_mixin.py:190} INFO - [2025-01-19T21:42:02.539+0000] {dag.py:4180} INFO - Setting next_dagrun for dataset_consumes_1_never_scheduled to None, run_after=None
[2025-01-19T21:42:02.541+0000] {logging_mixin.py:190} INFO - [2025-01-19T21:42:02.541+0000] {dag.py:4180} INFO - Setting next_dagrun for dataset_consumes_unknown_never_scheduled to None, run_after=None
[2025-01-19T21:42:02.543+0000] {logging_mixin.py:190} INFO - [2025-01-19T21:42:02.543+0000] {dag.py:4180} INFO - Setting next_dagrun for dataset_produces_1 to 2025-01-18 00:00:00+00:00, run_after=2025-01-19 00:00:00+00:00
[2025-01-19T21:42:02.545+0000] {logging_mixin.py:190} INFO - [2025-01-19T21:42:02.545+0000] {dag.py:4180} INFO - Setting next_dagrun for dataset_produces_2 to None, run_after=None
[2025-01-19T21:42:02.964+0000] {processor.py:208} INFO - Processing /home/airflow/.local/lib/python3.12/site-packages/airflow/example_dags/example_datasets.py took 1.835 seconds
[2025-01-19T21:42:33.554+0000] {processor.py:186} INFO - Started process (PID=512) to work on /home/airflow/.local/lib/python3.12/site-packages/airflow/example_dags/example_datasets.py
[2025-01-19T21:42:33.557+0000] {processor.py:914} INFO - Processing file /home/airflow/.local/lib/python3.12/site-packages/airflow/example_dags/example_datasets.py for tasks to queue
[2025-01-19T21:42:33.562+0000] {logging_mixin.py:190} INFO - [2025-01-19T21:42:33.562+0000] {dagbag.py:588} INFO - Filling up the DagBag from /home/airflow/.local/lib/python3.12/site-packages/airflow/example_dags/example_datasets.py
[2025-01-19T21:42:34.228+0000] {processor.py:925} INFO - DAG(s) 'dataset_consumes_1', 'conditional_dataset_and_time_based_timetable', 'dataset_consumes_unknown_never_scheduled', 'consume_1_or_both_2_and_3_with_dataset_expressions', 'dataset_produces_1', 'consume_1_and_2_with_dataset_expressions', 'dataset_consumes_1_and_2', 'dataset_produces_2', 'consume_1_or_2_with_dataset_expressions', 'dataset_consumes_1_never_scheduled' retrieved from /home/airflow/.local/lib/python3.12/site-packages/airflow/example_dags/example_datasets.py
[2025-01-19T21:42:34.276+0000] {logging_mixin.py:190} INFO - [2025-01-19T21:42:34.276+0000] {dag.py:3239} INFO - Sync 10 DAGs
[2025-01-19T21:42:34.306+0000] {logging_mixin.py:190} INFO - [2025-01-19T21:42:34.306+0000] {dag.py:4180} INFO - Setting next_dagrun for conditional_dataset_and_time_based_timetable to 2025-01-15 01:00:00+00:00, run_after=2025-01-15 01:00:00+00:00
[2025-01-19T21:42:34.310+0000] {logging_mixin.py:190} INFO - [2025-01-19T21:42:34.310+0000] {dag.py:4180} INFO - Setting next_dagrun for consume_1_and_2_with_dataset_expressions to None, run_after=None
[2025-01-19T21:42:34.312+0000] {logging_mixin.py:190} INFO - [2025-01-19T21:42:34.312+0000] {dag.py:4180} INFO - Setting next_dagrun for consume_1_or_2_with_dataset_expressions to None, run_after=None
[2025-01-19T21:42:34.314+0000] {logging_mixin.py:190} INFO - [2025-01-19T21:42:34.314+0000] {dag.py:4180} INFO - Setting next_dagrun for consume_1_or_both_2_and_3_with_dataset_expressions to None, run_after=None
[2025-01-19T21:42:34.316+0000] {logging_mixin.py:190} INFO - [2025-01-19T21:42:34.315+0000] {dag.py:4180} INFO - Setting next_dagrun for dataset_consumes_1 to None, run_after=None
[2025-01-19T21:42:34.318+0000] {logging_mixin.py:190} INFO - [2025-01-19T21:42:34.317+0000] {dag.py:4180} INFO - Setting next_dagrun for dataset_consumes_1_and_2 to None, run_after=None
[2025-01-19T21:42:34.319+0000] {logging_mixin.py:190} INFO - [2025-01-19T21:42:34.319+0000] {dag.py:4180} INFO - Setting next_dagrun for dataset_consumes_1_never_scheduled to None, run_after=None
[2025-01-19T21:42:34.321+0000] {logging_mixin.py:190} INFO - [2025-01-19T21:42:34.321+0000] {dag.py:4180} INFO - Setting next_dagrun for dataset_consumes_unknown_never_scheduled to None, run_after=None
[2025-01-19T21:42:34.325+0000] {logging_mixin.py:190} INFO - [2025-01-19T21:42:34.324+0000] {dag.py:4180} INFO - Setting next_dagrun for dataset_produces_1 to 2025-01-18 00:00:00+00:00, run_after=2025-01-19 00:00:00+00:00
[2025-01-19T21:42:34.327+0000] {logging_mixin.py:190} INFO - [2025-01-19T21:42:34.326+0000] {dag.py:4180} INFO - Setting next_dagrun for dataset_produces_2 to None, run_after=None
[2025-01-19T21:42:34.356+0000] {processor.py:208} INFO - Processing /home/airflow/.local/lib/python3.12/site-packages/airflow/example_dags/example_datasets.py took 0.814 seconds
[2025-01-19T21:43:04.689+0000] {processor.py:186} INFO - Started process (PID=581) to work on /home/airflow/.local/lib/python3.12/site-packages/airflow/example_dags/example_datasets.py
[2025-01-19T21:43:04.690+0000] {processor.py:914} INFO - Processing file /home/airflow/.local/lib/python3.12/site-packages/airflow/example_dags/example_datasets.py for tasks to queue
[2025-01-19T21:43:04.693+0000] {logging_mixin.py:190} INFO - [2025-01-19T21:43:04.692+0000] {dagbag.py:588} INFO - Filling up the DagBag from /home/airflow/.local/lib/python3.12/site-packages/airflow/example_dags/example_datasets.py
[2025-01-19T21:43:05.412+0000] {processor.py:925} INFO - DAG(s) 'dataset_consumes_1_and_2', 'consume_1_or_2_with_dataset_expressions', 'conditional_dataset_and_time_based_timetable', 'dataset_consumes_1_never_scheduled', 'consume_1_and_2_with_dataset_expressions', 'consume_1_or_both_2_and_3_with_dataset_expressions', 'dataset_consumes_unknown_never_scheduled', 'dataset_consumes_1', 'dataset_produces_2', 'dataset_produces_1' retrieved from /home/airflow/.local/lib/python3.12/site-packages/airflow/example_dags/example_datasets.py
[2025-01-19T21:43:05.457+0000] {logging_mixin.py:190} INFO - [2025-01-19T21:43:05.456+0000] {dag.py:3239} INFO - Sync 10 DAGs
[2025-01-19T21:43:05.481+0000] {logging_mixin.py:190} INFO - [2025-01-19T21:43:05.480+0000] {dag.py:4180} INFO - Setting next_dagrun for conditional_dataset_and_time_based_timetable to 2025-01-15 01:00:00+00:00, run_after=2025-01-15 01:00:00+00:00
[2025-01-19T21:43:05.485+0000] {logging_mixin.py:190} INFO - [2025-01-19T21:43:05.485+0000] {dag.py:4180} INFO - Setting next_dagrun for consume_1_and_2_with_dataset_expressions to None, run_after=None
[2025-01-19T21:43:05.488+0000] {logging_mixin.py:190} INFO - [2025-01-19T21:43:05.488+0000] {dag.py:4180} INFO - Setting next_dagrun for consume_1_or_2_with_dataset_expressions to None, run_after=None
[2025-01-19T21:43:05.491+0000] {logging_mixin.py:190} INFO - [2025-01-19T21:43:05.491+0000] {dag.py:4180} INFO - Setting next_dagrun for consume_1_or_both_2_and_3_with_dataset_expressions to None, run_after=None
[2025-01-19T21:43:05.493+0000] {logging_mixin.py:190} INFO - [2025-01-19T21:43:05.493+0000] {dag.py:4180} INFO - Setting next_dagrun for dataset_consumes_1 to None, run_after=None
[2025-01-19T21:43:05.495+0000] {logging_mixin.py:190} INFO - [2025-01-19T21:43:05.494+0000] {dag.py:4180} INFO - Setting next_dagrun for dataset_consumes_1_and_2 to None, run_after=None
[2025-01-19T21:43:05.496+0000] {logging_mixin.py:190} INFO - [2025-01-19T21:43:05.496+0000] {dag.py:4180} INFO - Setting next_dagrun for dataset_consumes_1_never_scheduled to None, run_after=None
[2025-01-19T21:43:05.498+0000] {logging_mixin.py:190} INFO - [2025-01-19T21:43:05.498+0000] {dag.py:4180} INFO - Setting next_dagrun for dataset_consumes_unknown_never_scheduled to None, run_after=None
[2025-01-19T21:43:05.501+0000] {logging_mixin.py:190} INFO - [2025-01-19T21:43:05.501+0000] {dag.py:4180} INFO - Setting next_dagrun for dataset_produces_1 to 2025-01-18 00:00:00+00:00, run_after=2025-01-19 00:00:00+00:00
[2025-01-19T21:43:05.502+0000] {logging_mixin.py:190} INFO - [2025-01-19T21:43:05.502+0000] {dag.py:4180} INFO - Setting next_dagrun for dataset_produces_2 to None, run_after=None
[2025-01-19T21:43:05.551+0000] {processor.py:208} INFO - Processing /home/airflow/.local/lib/python3.12/site-packages/airflow/example_dags/example_datasets.py took 0.857 seconds
[2025-01-19T21:43:35.994+0000] {processor.py:186} INFO - Started process (PID=650) to work on /home/airflow/.local/lib/python3.12/site-packages/airflow/example_dags/example_datasets.py
[2025-01-19T21:43:35.997+0000] {processor.py:914} INFO - Processing file /home/airflow/.local/lib/python3.12/site-packages/airflow/example_dags/example_datasets.py for tasks to queue
[2025-01-19T21:43:35.999+0000] {logging_mixin.py:190} INFO - [2025-01-19T21:43:35.999+0000] {dagbag.py:588} INFO - Filling up the DagBag from /home/airflow/.local/lib/python3.12/site-packages/airflow/example_dags/example_datasets.py
[2025-01-19T21:43:36.662+0000] {processor.py:925} INFO - DAG(s) 'dataset_consumes_1_and_2', 'consume_1_and_2_with_dataset_expressions', 'dataset_consumes_1', 'dataset_produces_2', 'dataset_consumes_unknown_never_scheduled', 'consume_1_or_2_with_dataset_expressions', 'consume_1_or_both_2_and_3_with_dataset_expressions', 'dataset_produces_1', 'conditional_dataset_and_time_based_timetable', 'dataset_consumes_1_never_scheduled' retrieved from /home/airflow/.local/lib/python3.12/site-packages/airflow/example_dags/example_datasets.py
[2025-01-19T21:43:36.707+0000] {logging_mixin.py:190} INFO - [2025-01-19T21:43:36.706+0000] {dag.py:3239} INFO - Sync 10 DAGs
[2025-01-19T21:43:36.738+0000] {logging_mixin.py:190} INFO - [2025-01-19T21:43:36.738+0000] {dag.py:4180} INFO - Setting next_dagrun for conditional_dataset_and_time_based_timetable to 2025-01-15 01:00:00+00:00, run_after=2025-01-15 01:00:00+00:00
[2025-01-19T21:43:36.744+0000] {logging_mixin.py:190} INFO - [2025-01-19T21:43:36.744+0000] {dag.py:4180} INFO - Setting next_dagrun for consume_1_and_2_with_dataset_expressions to None, run_after=None
[2025-01-19T21:43:36.746+0000] {logging_mixin.py:190} INFO - [2025-01-19T21:43:36.746+0000] {dag.py:4180} INFO - Setting next_dagrun for consume_1_or_2_with_dataset_expressions to None, run_after=None
[2025-01-19T21:43:36.747+0000] {logging_mixin.py:190} INFO - [2025-01-19T21:43:36.747+0000] {dag.py:4180} INFO - Setting next_dagrun for consume_1_or_both_2_and_3_with_dataset_expressions to None, run_after=None
[2025-01-19T21:43:36.752+0000] {logging_mixin.py:190} INFO - [2025-01-19T21:43:36.751+0000] {dag.py:4180} INFO - Setting next_dagrun for dataset_consumes_1 to None, run_after=None
[2025-01-19T21:43:36.756+0000] {logging_mixin.py:190} INFO - [2025-01-19T21:43:36.756+0000] {dag.py:4180} INFO - Setting next_dagrun for dataset_consumes_1_and_2 to None, run_after=None
[2025-01-19T21:43:36.759+0000] {logging_mixin.py:190} INFO - [2025-01-19T21:43:36.759+0000] {dag.py:4180} INFO - Setting next_dagrun for dataset_consumes_1_never_scheduled to None, run_after=None
[2025-01-19T21:43:36.762+0000] {logging_mixin.py:190} INFO - [2025-01-19T21:43:36.762+0000] {dag.py:4180} INFO - Setting next_dagrun for dataset_consumes_unknown_never_scheduled to None, run_after=None
[2025-01-19T21:43:36.765+0000] {logging_mixin.py:190} INFO - [2025-01-19T21:43:36.764+0000] {dag.py:4180} INFO - Setting next_dagrun for dataset_produces_1 to 2025-01-18 00:00:00+00:00, run_after=2025-01-19 00:00:00+00:00
[2025-01-19T21:43:36.766+0000] {logging_mixin.py:190} INFO - [2025-01-19T21:43:36.766+0000] {dag.py:4180} INFO - Setting next_dagrun for dataset_produces_2 to None, run_after=None
[2025-01-19T21:43:36.799+0000] {processor.py:208} INFO - Processing /home/airflow/.local/lib/python3.12/site-packages/airflow/example_dags/example_datasets.py took 0.811 seconds
[2025-01-19T21:44:07.606+0000] {processor.py:186} INFO - Started process (PID=719) to work on /home/airflow/.local/lib/python3.12/site-packages/airflow/example_dags/example_datasets.py
[2025-01-19T21:44:07.607+0000] {processor.py:914} INFO - Processing file /home/airflow/.local/lib/python3.12/site-packages/airflow/example_dags/example_datasets.py for tasks to queue
[2025-01-19T21:44:07.610+0000] {logging_mixin.py:190} INFO - [2025-01-19T21:44:07.610+0000] {dagbag.py:588} INFO - Filling up the DagBag from /home/airflow/.local/lib/python3.12/site-packages/airflow/example_dags/example_datasets.py
[2025-01-19T21:44:08.378+0000] {processor.py:925} INFO - DAG(s) 'dataset_produces_1', 'dataset_consumes_1_and_2', 'dataset_consumes_unknown_never_scheduled', 'dataset_consumes_1_never_scheduled', 'consume_1_and_2_with_dataset_expressions', 'consume_1_or_2_with_dataset_expressions', 'consume_1_or_both_2_and_3_with_dataset_expressions', 'dataset_consumes_1', 'conditional_dataset_and_time_based_timetable', 'dataset_produces_2' retrieved from /home/airflow/.local/lib/python3.12/site-packages/airflow/example_dags/example_datasets.py
[2025-01-19T21:44:08.418+0000] {logging_mixin.py:190} INFO - [2025-01-19T21:44:08.418+0000] {dag.py:3239} INFO - Sync 10 DAGs
[2025-01-19T21:44:08.446+0000] {logging_mixin.py:190} INFO - [2025-01-19T21:44:08.446+0000] {dag.py:4180} INFO - Setting next_dagrun for conditional_dataset_and_time_based_timetable to 2025-01-15 01:00:00+00:00, run_after=2025-01-15 01:00:00+00:00
[2025-01-19T21:44:08.451+0000] {logging_mixin.py:190} INFO - [2025-01-19T21:44:08.451+0000] {dag.py:4180} INFO - Setting next_dagrun for consume_1_and_2_with_dataset_expressions to None, run_after=None
[2025-01-19T21:44:08.453+0000] {logging_mixin.py:190} INFO - [2025-01-19T21:44:08.453+0000] {dag.py:4180} INFO - Setting next_dagrun for consume_1_or_2_with_dataset_expressions to None, run_after=None
[2025-01-19T21:44:08.454+0000] {logging_mixin.py:190} INFO - [2025-01-19T21:44:08.454+0000] {dag.py:4180} INFO - Setting next_dagrun for consume_1_or_both_2_and_3_with_dataset_expressions to None, run_after=None
[2025-01-19T21:44:08.456+0000] {logging_mixin.py:190} INFO - [2025-01-19T21:44:08.456+0000] {dag.py:4180} INFO - Setting next_dagrun for dataset_consumes_1 to None, run_after=None
[2025-01-19T21:44:08.458+0000] {logging_mixin.py:190} INFO - [2025-01-19T21:44:08.457+0000] {dag.py:4180} INFO - Setting next_dagrun for dataset_consumes_1_and_2 to None, run_after=None
[2025-01-19T21:44:08.459+0000] {logging_mixin.py:190} INFO - [2025-01-19T21:44:08.459+0000] {dag.py:4180} INFO - Setting next_dagrun for dataset_consumes_1_never_scheduled to None, run_after=None
[2025-01-19T21:44:08.460+0000] {logging_mixin.py:190} INFO - [2025-01-19T21:44:08.460+0000] {dag.py:4180} INFO - Setting next_dagrun for dataset_consumes_unknown_never_scheduled to None, run_after=None
[2025-01-19T21:44:08.463+0000] {logging_mixin.py:190} INFO - [2025-01-19T21:44:08.463+0000] {dag.py:4180} INFO - Setting next_dagrun for dataset_produces_1 to 2025-01-18 00:00:00+00:00, run_after=2025-01-19 00:00:00+00:00
[2025-01-19T21:44:08.465+0000] {logging_mixin.py:190} INFO - [2025-01-19T21:44:08.465+0000] {dag.py:4180} INFO - Setting next_dagrun for dataset_produces_2 to None, run_after=None
[2025-01-19T21:44:08.495+0000] {processor.py:208} INFO - Processing /home/airflow/.local/lib/python3.12/site-packages/airflow/example_dags/example_datasets.py took 0.894 seconds
[2025-01-19T21:44:39.148+0000] {processor.py:186} INFO - Started process (PID=788) to work on /home/airflow/.local/lib/python3.12/site-packages/airflow/example_dags/example_datasets.py
[2025-01-19T21:44:39.150+0000] {processor.py:914} INFO - Processing file /home/airflow/.local/lib/python3.12/site-packages/airflow/example_dags/example_datasets.py for tasks to queue
[2025-01-19T21:44:39.153+0000] {logging_mixin.py:190} INFO - [2025-01-19T21:44:39.152+0000] {dagbag.py:588} INFO - Filling up the DagBag from /home/airflow/.local/lib/python3.12/site-packages/airflow/example_dags/example_datasets.py
[2025-01-19T21:44:40.628+0000] {processor.py:925} INFO - DAG(s) 'dataset_consumes_1_never_scheduled', 'conditional_dataset_and_time_based_timetable', 'consume_1_or_both_2_and_3_with_dataset_expressions', 'consume_1_and_2_with_dataset_expressions', 'dataset_consumes_1_and_2', 'dataset_produces_2', 'consume_1_or_2_with_dataset_expressions', 'dataset_consumes_unknown_never_scheduled', 'dataset_produces_1', 'dataset_consumes_1' retrieved from /home/airflow/.local/lib/python3.12/site-packages/airflow/example_dags/example_datasets.py
[2025-01-19T21:44:40.711+0000] {logging_mixin.py:190} INFO - [2025-01-19T21:44:40.711+0000] {dag.py:3239} INFO - Sync 10 DAGs
[2025-01-19T21:44:40.797+0000] {logging_mixin.py:190} INFO - [2025-01-19T21:44:40.797+0000] {dag.py:4180} INFO - Setting next_dagrun for conditional_dataset_and_time_based_timetable to 2025-01-15 01:00:00+00:00, run_after=2025-01-15 01:00:00+00:00
[2025-01-19T21:44:40.802+0000] {logging_mixin.py:190} INFO - [2025-01-19T21:44:40.801+0000] {dag.py:4180} INFO - Setting next_dagrun for consume_1_and_2_with_dataset_expressions to None, run_after=None
[2025-01-19T21:44:40.803+0000] {logging_mixin.py:190} INFO - [2025-01-19T21:44:40.803+0000] {dag.py:4180} INFO - Setting next_dagrun for consume_1_or_2_with_dataset_expressions to None, run_after=None
[2025-01-19T21:44:40.805+0000] {logging_mixin.py:190} INFO - [2025-01-19T21:44:40.804+0000] {dag.py:4180} INFO - Setting next_dagrun for consume_1_or_both_2_and_3_with_dataset_expressions to None, run_after=None
[2025-01-19T21:44:40.807+0000] {logging_mixin.py:190} INFO - [2025-01-19T21:44:40.806+0000] {dag.py:4180} INFO - Setting next_dagrun for dataset_consumes_1 to None, run_after=None
[2025-01-19T21:44:40.808+0000] {logging_mixin.py:190} INFO - [2025-01-19T21:44:40.808+0000] {dag.py:4180} INFO - Setting next_dagrun for dataset_consumes_1_and_2 to None, run_after=None
[2025-01-19T21:44:40.809+0000] {logging_mixin.py:190} INFO - [2025-01-19T21:44:40.809+0000] {dag.py:4180} INFO - Setting next_dagrun for dataset_consumes_1_never_scheduled to None, run_after=None
[2025-01-19T21:44:40.811+0000] {logging_mixin.py:190} INFO - [2025-01-19T21:44:40.811+0000] {dag.py:4180} INFO - Setting next_dagrun for dataset_consumes_unknown_never_scheduled to None, run_after=None
[2025-01-19T21:44:40.813+0000] {logging_mixin.py:190} INFO - [2025-01-19T21:44:40.813+0000] {dag.py:4180} INFO - Setting next_dagrun for dataset_produces_1 to 2025-01-18 00:00:00+00:00, run_after=2025-01-19 00:00:00+00:00
[2025-01-19T21:44:40.816+0000] {logging_mixin.py:190} INFO - [2025-01-19T21:44:40.816+0000] {dag.py:4180} INFO - Setting next_dagrun for dataset_produces_2 to None, run_after=None
[2025-01-19T21:44:40.863+0000] {processor.py:208} INFO - Processing /home/airflow/.local/lib/python3.12/site-packages/airflow/example_dags/example_datasets.py took 1.725 seconds
[2025-01-19T21:45:11.475+0000] {processor.py:186} INFO - Started process (PID=857) to work on /home/airflow/.local/lib/python3.12/site-packages/airflow/example_dags/example_datasets.py
[2025-01-19T21:45:11.478+0000] {processor.py:914} INFO - Processing file /home/airflow/.local/lib/python3.12/site-packages/airflow/example_dags/example_datasets.py for tasks to queue
[2025-01-19T21:45:11.488+0000] {logging_mixin.py:190} INFO - [2025-01-19T21:45:11.487+0000] {dagbag.py:588} INFO - Filling up the DagBag from /home/airflow/.local/lib/python3.12/site-packages/airflow/example_dags/example_datasets.py
[2025-01-19T21:45:12.868+0000] {processor.py:925} INFO - DAG(s) 'dataset_consumes_1_and_2', 'dataset_produces_1', 'dataset_consumes_unknown_never_scheduled', 'conditional_dataset_and_time_based_timetable', 'dataset_consumes_1', 'consume_1_or_2_with_dataset_expressions', 'dataset_consumes_1_never_scheduled', 'consume_1_and_2_with_dataset_expressions', 'consume_1_or_both_2_and_3_with_dataset_expressions', 'dataset_produces_2' retrieved from /home/airflow/.local/lib/python3.12/site-packages/airflow/example_dags/example_datasets.py
[2025-01-19T21:45:12.913+0000] {logging_mixin.py:190} INFO - [2025-01-19T21:45:12.913+0000] {dag.py:3239} INFO - Sync 10 DAGs
[2025-01-19T21:45:12.943+0000] {logging_mixin.py:190} INFO - [2025-01-19T21:45:12.943+0000] {dag.py:4180} INFO - Setting next_dagrun for conditional_dataset_and_time_based_timetable to 2025-01-15 01:00:00+00:00, run_after=2025-01-15 01:00:00+00:00
[2025-01-19T21:45:12.948+0000] {logging_mixin.py:190} INFO - [2025-01-19T21:45:12.948+0000] {dag.py:4180} INFO - Setting next_dagrun for consume_1_and_2_with_dataset_expressions to None, run_after=None
[2025-01-19T21:45:12.962+0000] {logging_mixin.py:190} INFO - [2025-01-19T21:45:12.962+0000] {dag.py:4180} INFO - Setting next_dagrun for consume_1_or_2_with_dataset_expressions to None, run_after=None
[2025-01-19T21:45:12.972+0000] {logging_mixin.py:190} INFO - [2025-01-19T21:45:12.972+0000] {dag.py:4180} INFO - Setting next_dagrun for consume_1_or_both_2_and_3_with_dataset_expressions to None, run_after=None
[2025-01-19T21:45:12.974+0000] {logging_mixin.py:190} INFO - [2025-01-19T21:45:12.974+0000] {dag.py:4180} INFO - Setting next_dagrun for dataset_consumes_1 to None, run_after=None
[2025-01-19T21:45:12.975+0000] {logging_mixin.py:190} INFO - [2025-01-19T21:45:12.975+0000] {dag.py:4180} INFO - Setting next_dagrun for dataset_consumes_1_and_2 to None, run_after=None
[2025-01-19T21:45:12.986+0000] {logging_mixin.py:190} INFO - [2025-01-19T21:45:12.986+0000] {dag.py:4180} INFO - Setting next_dagrun for dataset_consumes_1_never_scheduled to None, run_after=None
[2025-01-19T21:45:12.993+0000] {logging_mixin.py:190} INFO - [2025-01-19T21:45:12.993+0000] {dag.py:4180} INFO - Setting next_dagrun for dataset_consumes_unknown_never_scheduled to None, run_after=None
[2025-01-19T21:45:13.006+0000] {logging_mixin.py:190} INFO - [2025-01-19T21:45:13.006+0000] {dag.py:4180} INFO - Setting next_dagrun for dataset_produces_1 to 2025-01-18 00:00:00+00:00, run_after=2025-01-19 00:00:00+00:00
[2025-01-19T21:45:13.008+0000] {logging_mixin.py:190} INFO - [2025-01-19T21:45:13.008+0000] {dag.py:4180} INFO - Setting next_dagrun for dataset_produces_2 to None, run_after=None
[2025-01-19T21:45:13.057+0000] {processor.py:208} INFO - Processing /home/airflow/.local/lib/python3.12/site-packages/airflow/example_dags/example_datasets.py took 1.609 seconds
[2025-01-19T21:45:44.046+0000] {processor.py:186} INFO - Started process (PID=927) to work on /home/airflow/.local/lib/python3.12/site-packages/airflow/example_dags/example_datasets.py
[2025-01-19T21:45:44.049+0000] {processor.py:914} INFO - Processing file /home/airflow/.local/lib/python3.12/site-packages/airflow/example_dags/example_datasets.py for tasks to queue
[2025-01-19T21:45:44.054+0000] {logging_mixin.py:190} INFO - [2025-01-19T21:45:44.053+0000] {dagbag.py:588} INFO - Filling up the DagBag from /home/airflow/.local/lib/python3.12/site-packages/airflow/example_dags/example_datasets.py
[2025-01-19T21:45:44.958+0000] {processor.py:925} INFO - DAG(s) 'dataset_produces_1', 'consume_1_and_2_with_dataset_expressions', 'dataset_consumes_1_and_2', 'dataset_consumes_1', 'conditional_dataset_and_time_based_timetable', 'dataset_consumes_1_never_scheduled', 'consume_1_or_2_with_dataset_expressions', 'consume_1_or_both_2_and_3_with_dataset_expressions', 'dataset_consumes_unknown_never_scheduled', 'dataset_produces_2' retrieved from /home/airflow/.local/lib/python3.12/site-packages/airflow/example_dags/example_datasets.py
[2025-01-19T21:45:45.026+0000] {logging_mixin.py:190} INFO - [2025-01-19T21:45:45.026+0000] {dag.py:3239} INFO - Sync 10 DAGs
[2025-01-19T21:45:45.062+0000] {logging_mixin.py:190} INFO - [2025-01-19T21:45:45.061+0000] {dag.py:4180} INFO - Setting next_dagrun for conditional_dataset_and_time_based_timetable to 2025-01-15 01:00:00+00:00, run_after=2025-01-15 01:00:00+00:00
[2025-01-19T21:45:45.066+0000] {logging_mixin.py:190} INFO - [2025-01-19T21:45:45.066+0000] {dag.py:4180} INFO - Setting next_dagrun for consume_1_and_2_with_dataset_expressions to None, run_after=None
[2025-01-19T21:45:45.068+0000] {logging_mixin.py:190} INFO - [2025-01-19T21:45:45.068+0000] {dag.py:4180} INFO - Setting next_dagrun for consume_1_or_2_with_dataset_expressions to None, run_after=None
[2025-01-19T21:45:45.071+0000] {logging_mixin.py:190} INFO - [2025-01-19T21:45:45.070+0000] {dag.py:4180} INFO - Setting next_dagrun for consume_1_or_both_2_and_3_with_dataset_expressions to None, run_after=None
[2025-01-19T21:45:45.075+0000] {logging_mixin.py:190} INFO - [2025-01-19T21:45:45.075+0000] {dag.py:4180} INFO - Setting next_dagrun for dataset_consumes_1 to None, run_after=None
[2025-01-19T21:45:45.077+0000] {logging_mixin.py:190} INFO - [2025-01-19T21:45:45.077+0000] {dag.py:4180} INFO - Setting next_dagrun for dataset_consumes_1_and_2 to None, run_after=None
[2025-01-19T21:45:45.080+0000] {logging_mixin.py:190} INFO - [2025-01-19T21:45:45.080+0000] {dag.py:4180} INFO - Setting next_dagrun for dataset_consumes_1_never_scheduled to None, run_after=None
[2025-01-19T21:45:45.084+0000] {logging_mixin.py:190} INFO - [2025-01-19T21:45:45.083+0000] {dag.py:4180} INFO - Setting next_dagrun for dataset_consumes_unknown_never_scheduled to None, run_after=None
[2025-01-19T21:45:45.088+0000] {logging_mixin.py:190} INFO - [2025-01-19T21:45:45.088+0000] {dag.py:4180} INFO - Setting next_dagrun for dataset_produces_1 to 2025-01-18 00:00:00+00:00, run_after=2025-01-19 00:00:00+00:00
[2025-01-19T21:45:45.092+0000] {logging_mixin.py:190} INFO - [2025-01-19T21:45:45.092+0000] {dag.py:4180} INFO - Setting next_dagrun for dataset_produces_2 to None, run_after=None
[2025-01-19T21:45:45.150+0000] {processor.py:208} INFO - Processing /home/airflow/.local/lib/python3.12/site-packages/airflow/example_dags/example_datasets.py took 1.113 seconds
[2025-01-19T21:46:15.653+0000] {processor.py:186} INFO - Started process (PID=996) to work on /home/airflow/.local/lib/python3.12/site-packages/airflow/example_dags/example_datasets.py
[2025-01-19T21:46:15.654+0000] {processor.py:914} INFO - Processing file /home/airflow/.local/lib/python3.12/site-packages/airflow/example_dags/example_datasets.py for tasks to queue
[2025-01-19T21:46:15.657+0000] {logging_mixin.py:190} INFO - [2025-01-19T21:46:15.657+0000] {dagbag.py:588} INFO - Filling up the DagBag from /home/airflow/.local/lib/python3.12/site-packages/airflow/example_dags/example_datasets.py
[2025-01-19T21:46:16.352+0000] {processor.py:925} INFO - DAG(s) 'dataset_consumes_1_and_2', 'dataset_consumes_unknown_never_scheduled', 'consume_1_or_both_2_and_3_with_dataset_expressions', 'conditional_dataset_and_time_based_timetable', 'dataset_produces_2', 'dataset_consumes_1', 'consume_1_or_2_with_dataset_expressions', 'dataset_produces_1', 'dataset_consumes_1_never_scheduled', 'consume_1_and_2_with_dataset_expressions' retrieved from /home/airflow/.local/lib/python3.12/site-packages/airflow/example_dags/example_datasets.py
[2025-01-19T21:46:16.394+0000] {logging_mixin.py:190} INFO - [2025-01-19T21:46:16.394+0000] {dag.py:3239} INFO - Sync 10 DAGs
[2025-01-19T21:46:16.421+0000] {logging_mixin.py:190} INFO - [2025-01-19T21:46:16.421+0000] {dag.py:4180} INFO - Setting next_dagrun for conditional_dataset_and_time_based_timetable to 2025-01-15 01:00:00+00:00, run_after=2025-01-15 01:00:00+00:00
[2025-01-19T21:46:16.425+0000] {logging_mixin.py:190} INFO - [2025-01-19T21:46:16.425+0000] {dag.py:4180} INFO - Setting next_dagrun for consume_1_and_2_with_dataset_expressions to None, run_after=None
[2025-01-19T21:46:16.427+0000] {logging_mixin.py:190} INFO - [2025-01-19T21:46:16.427+0000] {dag.py:4180} INFO - Setting next_dagrun for consume_1_or_2_with_dataset_expressions to None, run_after=None
[2025-01-19T21:46:16.429+0000] {logging_mixin.py:190} INFO - [2025-01-19T21:46:16.429+0000] {dag.py:4180} INFO - Setting next_dagrun for consume_1_or_both_2_and_3_with_dataset_expressions to None, run_after=None
[2025-01-19T21:46:16.431+0000] {logging_mixin.py:190} INFO - [2025-01-19T21:46:16.431+0000] {dag.py:4180} INFO - Setting next_dagrun for dataset_consumes_1 to None, run_after=None
[2025-01-19T21:46:16.432+0000] {logging_mixin.py:190} INFO - [2025-01-19T21:46:16.432+0000] {dag.py:4180} INFO - Setting next_dagrun for dataset_consumes_1_and_2 to None, run_after=None
[2025-01-19T21:46:16.435+0000] {logging_mixin.py:190} INFO - [2025-01-19T21:46:16.434+0000] {dag.py:4180} INFO - Setting next_dagrun for dataset_consumes_1_never_scheduled to None, run_after=None
[2025-01-19T21:46:16.437+0000] {logging_mixin.py:190} INFO - [2025-01-19T21:46:16.437+0000] {dag.py:4180} INFO - Setting next_dagrun for dataset_consumes_unknown_never_scheduled to None, run_after=None
[2025-01-19T21:46:16.442+0000] {logging_mixin.py:190} INFO - [2025-01-19T21:46:16.442+0000] {dag.py:4180} INFO - Setting next_dagrun for dataset_produces_1 to 2025-01-18 00:00:00+00:00, run_after=2025-01-19 00:00:00+00:00
[2025-01-19T21:46:16.447+0000] {logging_mixin.py:190} INFO - [2025-01-19T21:46:16.447+0000] {dag.py:4180} INFO - Setting next_dagrun for dataset_produces_2 to None, run_after=None
[2025-01-19T21:46:16.480+0000] {processor.py:208} INFO - Processing /home/airflow/.local/lib/python3.12/site-packages/airflow/example_dags/example_datasets.py took 0.834 seconds
[2025-01-19T21:46:47.083+0000] {processor.py:186} INFO - Started process (PID=1065) to work on /home/airflow/.local/lib/python3.12/site-packages/airflow/example_dags/example_datasets.py
[2025-01-19T21:46:47.085+0000] {processor.py:914} INFO - Processing file /home/airflow/.local/lib/python3.12/site-packages/airflow/example_dags/example_datasets.py for tasks to queue
[2025-01-19T21:46:47.094+0000] {logging_mixin.py:190} INFO - [2025-01-19T21:46:47.092+0000] {dagbag.py:588} INFO - Filling up the DagBag from /home/airflow/.local/lib/python3.12/site-packages/airflow/example_dags/example_datasets.py
[2025-01-19T21:46:47.858+0000] {processor.py:925} INFO - DAG(s) 'dataset_consumes_unknown_never_scheduled', 'dataset_produces_1', 'consume_1_or_2_with_dataset_expressions', 'dataset_produces_2', 'conditional_dataset_and_time_based_timetable', 'dataset_consumes_1_never_scheduled', 'dataset_consumes_1', 'consume_1_or_both_2_and_3_with_dataset_expressions', 'consume_1_and_2_with_dataset_expressions', 'dataset_consumes_1_and_2' retrieved from /home/airflow/.local/lib/python3.12/site-packages/airflow/example_dags/example_datasets.py
[2025-01-19T21:46:47.933+0000] {logging_mixin.py:190} INFO - [2025-01-19T21:46:47.933+0000] {dag.py:3239} INFO - Sync 10 DAGs
[2025-01-19T21:46:47.982+0000] {logging_mixin.py:190} INFO - [2025-01-19T21:46:47.981+0000] {dag.py:4180} INFO - Setting next_dagrun for conditional_dataset_and_time_based_timetable to 2025-01-15 01:00:00+00:00, run_after=2025-01-15 01:00:00+00:00
[2025-01-19T21:46:47.986+0000] {logging_mixin.py:190} INFO - [2025-01-19T21:46:47.986+0000] {dag.py:4180} INFO - Setting next_dagrun for consume_1_and_2_with_dataset_expressions to None, run_after=None
[2025-01-19T21:46:47.988+0000] {logging_mixin.py:190} INFO - [2025-01-19T21:46:47.988+0000] {dag.py:4180} INFO - Setting next_dagrun for consume_1_or_2_with_dataset_expressions to None, run_after=None
[2025-01-19T21:46:47.989+0000] {logging_mixin.py:190} INFO - [2025-01-19T21:46:47.989+0000] {dag.py:4180} INFO - Setting next_dagrun for consume_1_or_both_2_and_3_with_dataset_expressions to None, run_after=None
[2025-01-19T21:46:47.992+0000] {logging_mixin.py:190} INFO - [2025-01-19T21:46:47.991+0000] {dag.py:4180} INFO - Setting next_dagrun for dataset_consumes_1 to None, run_after=None
[2025-01-19T21:46:47.994+0000] {logging_mixin.py:190} INFO - [2025-01-19T21:46:47.994+0000] {dag.py:4180} INFO - Setting next_dagrun for dataset_consumes_1_and_2 to None, run_after=None
[2025-01-19T21:46:47.995+0000] {logging_mixin.py:190} INFO - [2025-01-19T21:46:47.995+0000] {dag.py:4180} INFO - Setting next_dagrun for dataset_consumes_1_never_scheduled to None, run_after=None
[2025-01-19T21:46:47.997+0000] {logging_mixin.py:190} INFO - [2025-01-19T21:46:47.997+0000] {dag.py:4180} INFO - Setting next_dagrun for dataset_consumes_unknown_never_scheduled to None, run_after=None
[2025-01-19T21:46:47.999+0000] {logging_mixin.py:190} INFO - [2025-01-19T21:46:47.999+0000] {dag.py:4180} INFO - Setting next_dagrun for dataset_produces_1 to 2025-01-18 00:00:00+00:00, run_after=2025-01-19 00:00:00+00:00
[2025-01-19T21:46:48.001+0000] {logging_mixin.py:190} INFO - [2025-01-19T21:46:48.000+0000] {dag.py:4180} INFO - Setting next_dagrun for dataset_produces_2 to None, run_after=None
[2025-01-19T21:46:48.038+0000] {processor.py:208} INFO - Processing /home/airflow/.local/lib/python3.12/site-packages/airflow/example_dags/example_datasets.py took 0.963 seconds
[2025-01-19T21:47:18.130+0000] {processor.py:186} INFO - Started process (PID=1139) to work on /home/airflow/.local/lib/python3.12/site-packages/airflow/example_dags/example_datasets.py
[2025-01-19T21:47:18.134+0000] {processor.py:914} INFO - Processing file /home/airflow/.local/lib/python3.12/site-packages/airflow/example_dags/example_datasets.py for tasks to queue
[2025-01-19T21:47:18.141+0000] {logging_mixin.py:190} INFO - [2025-01-19T21:47:18.140+0000] {dagbag.py:588} INFO - Filling up the DagBag from /home/airflow/.local/lib/python3.12/site-packages/airflow/example_dags/example_datasets.py
[2025-01-19T21:47:19.131+0000] {processor.py:925} INFO - DAG(s) 'dataset_consumes_unknown_never_scheduled', 'dataset_consumes_1_and_2', 'consume_1_and_2_with_dataset_expressions', 'dataset_produces_2', 'dataset_produces_1', 'conditional_dataset_and_time_based_timetable', 'consume_1_or_both_2_and_3_with_dataset_expressions', 'consume_1_or_2_with_dataset_expressions', 'dataset_consumes_1', 'dataset_consumes_1_never_scheduled' retrieved from /home/airflow/.local/lib/python3.12/site-packages/airflow/example_dags/example_datasets.py
[2025-01-19T21:47:19.194+0000] {logging_mixin.py:190} INFO - [2025-01-19T21:47:19.193+0000] {dag.py:3239} INFO - Sync 10 DAGs
[2025-01-19T21:47:19.272+0000] {logging_mixin.py:190} INFO - [2025-01-19T21:47:19.272+0000] {dag.py:4180} INFO - Setting next_dagrun for conditional_dataset_and_time_based_timetable to 2025-01-15 01:00:00+00:00, run_after=2025-01-15 01:00:00+00:00
[2025-01-19T21:47:19.276+0000] {logging_mixin.py:190} INFO - [2025-01-19T21:47:19.276+0000] {dag.py:4180} INFO - Setting next_dagrun for consume_1_and_2_with_dataset_expressions to None, run_after=None
[2025-01-19T21:47:19.278+0000] {logging_mixin.py:190} INFO - [2025-01-19T21:47:19.278+0000] {dag.py:4180} INFO - Setting next_dagrun for consume_1_or_2_with_dataset_expressions to None, run_after=None
[2025-01-19T21:47:19.280+0000] {logging_mixin.py:190} INFO - [2025-01-19T21:47:19.280+0000] {dag.py:4180} INFO - Setting next_dagrun for consume_1_or_both_2_and_3_with_dataset_expressions to None, run_after=None
[2025-01-19T21:47:19.282+0000] {logging_mixin.py:190} INFO - [2025-01-19T21:47:19.281+0000] {dag.py:4180} INFO - Setting next_dagrun for dataset_consumes_1 to None, run_after=None
[2025-01-19T21:47:19.283+0000] {logging_mixin.py:190} INFO - [2025-01-19T21:47:19.283+0000] {dag.py:4180} INFO - Setting next_dagrun for dataset_consumes_1_and_2 to None, run_after=None
[2025-01-19T21:47:19.285+0000] {logging_mixin.py:190} INFO - [2025-01-19T21:47:19.285+0000] {dag.py:4180} INFO - Setting next_dagrun for dataset_consumes_1_never_scheduled to None, run_after=None
[2025-01-19T21:47:19.287+0000] {logging_mixin.py:190} INFO - [2025-01-19T21:47:19.287+0000] {dag.py:4180} INFO - Setting next_dagrun for dataset_consumes_unknown_never_scheduled to None, run_after=None
[2025-01-19T21:47:19.290+0000] {logging_mixin.py:190} INFO - [2025-01-19T21:47:19.289+0000] {dag.py:4180} INFO - Setting next_dagrun for dataset_produces_1 to 2025-01-18 00:00:00+00:00, run_after=2025-01-19 00:00:00+00:00
[2025-01-19T21:47:19.292+0000] {logging_mixin.py:190} INFO - [2025-01-19T21:47:19.291+0000] {dag.py:4180} INFO - Setting next_dagrun for dataset_produces_2 to None, run_after=None
[2025-01-19T21:47:19.327+0000] {processor.py:208} INFO - Processing /home/airflow/.local/lib/python3.12/site-packages/airflow/example_dags/example_datasets.py took 1.221 seconds
[2025-01-19T21:47:49.521+0000] {processor.py:186} INFO - Started process (PID=1210) to work on /home/airflow/.local/lib/python3.12/site-packages/airflow/example_dags/example_datasets.py
[2025-01-19T21:47:49.523+0000] {processor.py:914} INFO - Processing file /home/airflow/.local/lib/python3.12/site-packages/airflow/example_dags/example_datasets.py for tasks to queue
[2025-01-19T21:47:49.526+0000] {logging_mixin.py:190} INFO - [2025-01-19T21:47:49.525+0000] {dagbag.py:588} INFO - Filling up the DagBag from /home/airflow/.local/lib/python3.12/site-packages/airflow/example_dags/example_datasets.py
[2025-01-19T21:47:50.294+0000] {processor.py:925} INFO - DAG(s) 'dataset_consumes_1_and_2', 'consume_1_and_2_with_dataset_expressions', 'consume_1_or_2_with_dataset_expressions', 'dataset_produces_2', 'dataset_produces_1', 'dataset_consumes_1', 'conditional_dataset_and_time_based_timetable', 'dataset_consumes_1_never_scheduled', 'dataset_consumes_unknown_never_scheduled', 'consume_1_or_both_2_and_3_with_dataset_expressions' retrieved from /home/airflow/.local/lib/python3.12/site-packages/airflow/example_dags/example_datasets.py
[2025-01-19T21:47:50.348+0000] {logging_mixin.py:190} INFO - [2025-01-19T21:47:50.348+0000] {dag.py:3239} INFO - Sync 10 DAGs
[2025-01-19T21:47:50.379+0000] {logging_mixin.py:190} INFO - [2025-01-19T21:47:50.378+0000] {dag.py:4180} INFO - Setting next_dagrun for conditional_dataset_and_time_based_timetable to 2025-01-15 01:00:00+00:00, run_after=2025-01-15 01:00:00+00:00
[2025-01-19T21:47:50.384+0000] {logging_mixin.py:190} INFO - [2025-01-19T21:47:50.384+0000] {dag.py:4180} INFO - Setting next_dagrun for consume_1_and_2_with_dataset_expressions to None, run_after=None
[2025-01-19T21:47:50.386+0000] {logging_mixin.py:190} INFO - [2025-01-19T21:47:50.386+0000] {dag.py:4180} INFO - Setting next_dagrun for consume_1_or_2_with_dataset_expressions to None, run_after=None
[2025-01-19T21:47:50.388+0000] {logging_mixin.py:190} INFO - [2025-01-19T21:47:50.388+0000] {dag.py:4180} INFO - Setting next_dagrun for consume_1_or_both_2_and_3_with_dataset_expressions to None, run_after=None
[2025-01-19T21:47:50.390+0000] {logging_mixin.py:190} INFO - [2025-01-19T21:47:50.390+0000] {dag.py:4180} INFO - Setting next_dagrun for dataset_consumes_1 to None, run_after=None
[2025-01-19T21:47:50.392+0000] {logging_mixin.py:190} INFO - [2025-01-19T21:47:50.391+0000] {dag.py:4180} INFO - Setting next_dagrun for dataset_consumes_1_and_2 to None, run_after=None
[2025-01-19T21:47:50.393+0000] {logging_mixin.py:190} INFO - [2025-01-19T21:47:50.393+0000] {dag.py:4180} INFO - Setting next_dagrun for dataset_consumes_1_never_scheduled to None, run_after=None
[2025-01-19T21:47:50.395+0000] {logging_mixin.py:190} INFO - [2025-01-19T21:47:50.395+0000] {dag.py:4180} INFO - Setting next_dagrun for dataset_consumes_unknown_never_scheduled to None, run_after=None
[2025-01-19T21:47:50.397+0000] {logging_mixin.py:190} INFO - [2025-01-19T21:47:50.397+0000] {dag.py:4180} INFO - Setting next_dagrun for dataset_produces_1 to 2025-01-18 00:00:00+00:00, run_after=2025-01-19 00:00:00+00:00
[2025-01-19T21:47:50.399+0000] {logging_mixin.py:190} INFO - [2025-01-19T21:47:50.399+0000] {dag.py:4180} INFO - Setting next_dagrun for dataset_produces_2 to None, run_after=None
[2025-01-19T21:47:50.434+0000] {processor.py:208} INFO - Processing /home/airflow/.local/lib/python3.12/site-packages/airflow/example_dags/example_datasets.py took 0.921 seconds
[2025-01-19T21:48:20.746+0000] {processor.py:186} INFO - Started process (PID=1285) to work on /home/airflow/.local/lib/python3.12/site-packages/airflow/example_dags/example_datasets.py
[2025-01-19T21:48:20.749+0000] {processor.py:914} INFO - Processing file /home/airflow/.local/lib/python3.12/site-packages/airflow/example_dags/example_datasets.py for tasks to queue
[2025-01-19T21:48:20.756+0000] {logging_mixin.py:190} INFO - [2025-01-19T21:48:20.755+0000] {dagbag.py:588} INFO - Filling up the DagBag from /home/airflow/.local/lib/python3.12/site-packages/airflow/example_dags/example_datasets.py
[2025-01-19T21:48:21.471+0000] {processor.py:925} INFO - DAG(s) 'dataset_consumes_1_and_2', 'dataset_produces_2', 'conditional_dataset_and_time_based_timetable', 'consume_1_or_2_with_dataset_expressions', 'consume_1_and_2_with_dataset_expressions', 'dataset_produces_1', 'dataset_consumes_unknown_never_scheduled', 'consume_1_or_both_2_and_3_with_dataset_expressions', 'dataset_consumes_1', 'dataset_consumes_1_never_scheduled' retrieved from /home/airflow/.local/lib/python3.12/site-packages/airflow/example_dags/example_datasets.py
[2025-01-19T21:48:21.546+0000] {logging_mixin.py:190} INFO - [2025-01-19T21:48:21.545+0000] {dag.py:3239} INFO - Sync 10 DAGs
[2025-01-19T21:48:21.576+0000] {logging_mixin.py:190} INFO - [2025-01-19T21:48:21.576+0000] {dag.py:4180} INFO - Setting next_dagrun for conditional_dataset_and_time_based_timetable to 2025-01-15 01:00:00+00:00, run_after=2025-01-15 01:00:00+00:00
[2025-01-19T21:48:21.583+0000] {logging_mixin.py:190} INFO - [2025-01-19T21:48:21.582+0000] {dag.py:4180} INFO - Setting next_dagrun for consume_1_and_2_with_dataset_expressions to None, run_after=None
[2025-01-19T21:48:21.586+0000] {logging_mixin.py:190} INFO - [2025-01-19T21:48:21.586+0000] {dag.py:4180} INFO - Setting next_dagrun for consume_1_or_2_with_dataset_expressions to None, run_after=None
[2025-01-19T21:48:21.588+0000] {logging_mixin.py:190} INFO - [2025-01-19T21:48:21.587+0000] {dag.py:4180} INFO - Setting next_dagrun for consume_1_or_both_2_and_3_with_dataset_expressions to None, run_after=None
[2025-01-19T21:48:21.589+0000] {logging_mixin.py:190} INFO - [2025-01-19T21:48:21.589+0000] {dag.py:4180} INFO - Setting next_dagrun for dataset_consumes_1 to None, run_after=None
[2025-01-19T21:48:21.592+0000] {logging_mixin.py:190} INFO - [2025-01-19T21:48:21.592+0000] {dag.py:4180} INFO - Setting next_dagrun for dataset_consumes_1_and_2 to None, run_after=None
[2025-01-19T21:48:21.594+0000] {logging_mixin.py:190} INFO - [2025-01-19T21:48:21.593+0000] {dag.py:4180} INFO - Setting next_dagrun for dataset_consumes_1_never_scheduled to None, run_after=None
[2025-01-19T21:48:21.595+0000] {logging_mixin.py:190} INFO - [2025-01-19T21:48:21.595+0000] {dag.py:4180} INFO - Setting next_dagrun for dataset_consumes_unknown_never_scheduled to None, run_after=None
[2025-01-19T21:48:21.598+0000] {logging_mixin.py:190} INFO - [2025-01-19T21:48:21.598+0000] {dag.py:4180} INFO - Setting next_dagrun for dataset_produces_1 to 2025-01-18 00:00:00+00:00, run_after=2025-01-19 00:00:00+00:00
[2025-01-19T21:48:21.600+0000] {logging_mixin.py:190} INFO - [2025-01-19T21:48:21.600+0000] {dag.py:4180} INFO - Setting next_dagrun for dataset_produces_2 to None, run_after=None
[2025-01-19T21:48:21.643+0000] {processor.py:208} INFO - Processing /home/airflow/.local/lib/python3.12/site-packages/airflow/example_dags/example_datasets.py took 0.912 seconds
[2025-01-19T21:48:52.210+0000] {processor.py:186} INFO - Started process (PID=1354) to work on /home/airflow/.local/lib/python3.12/site-packages/airflow/example_dags/example_datasets.py
[2025-01-19T21:48:52.212+0000] {processor.py:914} INFO - Processing file /home/airflow/.local/lib/python3.12/site-packages/airflow/example_dags/example_datasets.py for tasks to queue
[2025-01-19T21:48:52.216+0000] {logging_mixin.py:190} INFO - [2025-01-19T21:48:52.215+0000] {dagbag.py:588} INFO - Filling up the DagBag from /home/airflow/.local/lib/python3.12/site-packages/airflow/example_dags/example_datasets.py
[2025-01-19T21:48:52.963+0000] {processor.py:925} INFO - DAG(s) 'consume_1_or_both_2_and_3_with_dataset_expressions', 'dataset_produces_2', 'consume_1_and_2_with_dataset_expressions', 'dataset_produces_1', 'dataset_consumes_1', 'consume_1_or_2_with_dataset_expressions', 'dataset_consumes_1_never_scheduled', 'dataset_consumes_unknown_never_scheduled', 'conditional_dataset_and_time_based_timetable', 'dataset_consumes_1_and_2' retrieved from /home/airflow/.local/lib/python3.12/site-packages/airflow/example_dags/example_datasets.py
[2025-01-19T21:48:53.004+0000] {logging_mixin.py:190} INFO - [2025-01-19T21:48:53.004+0000] {dag.py:3239} INFO - Sync 10 DAGs
[2025-01-19T21:48:53.030+0000] {logging_mixin.py:190} INFO - [2025-01-19T21:48:53.029+0000] {dag.py:4180} INFO - Setting next_dagrun for conditional_dataset_and_time_based_timetable to 2025-01-15 01:00:00+00:00, run_after=2025-01-15 01:00:00+00:00
[2025-01-19T21:48:53.038+0000] {logging_mixin.py:190} INFO - [2025-01-19T21:48:53.038+0000] {dag.py:4180} INFO - Setting next_dagrun for consume_1_and_2_with_dataset_expressions to None, run_after=None
[2025-01-19T21:48:53.047+0000] {logging_mixin.py:190} INFO - [2025-01-19T21:48:53.047+0000] {dag.py:4180} INFO - Setting next_dagrun for consume_1_or_2_with_dataset_expressions to None, run_after=None
[2025-01-19T21:48:53.051+0000] {logging_mixin.py:190} INFO - [2025-01-19T21:48:53.051+0000] {dag.py:4180} INFO - Setting next_dagrun for consume_1_or_both_2_and_3_with_dataset_expressions to None, run_after=None
[2025-01-19T21:48:53.063+0000] {logging_mixin.py:190} INFO - [2025-01-19T21:48:53.063+0000] {dag.py:4180} INFO - Setting next_dagrun for dataset_consumes_1 to None, run_after=None
[2025-01-19T21:48:53.072+0000] {logging_mixin.py:190} INFO - [2025-01-19T21:48:53.072+0000] {dag.py:4180} INFO - Setting next_dagrun for dataset_consumes_1_and_2 to None, run_after=None
[2025-01-19T21:48:53.075+0000] {logging_mixin.py:190} INFO - [2025-01-19T21:48:53.074+0000] {dag.py:4180} INFO - Setting next_dagrun for dataset_consumes_1_never_scheduled to None, run_after=None
[2025-01-19T21:48:53.079+0000] {logging_mixin.py:190} INFO - [2025-01-19T21:48:53.079+0000] {dag.py:4180} INFO - Setting next_dagrun for dataset_consumes_unknown_never_scheduled to None, run_after=None
[2025-01-19T21:48:53.085+0000] {logging_mixin.py:190} INFO - [2025-01-19T21:48:53.084+0000] {dag.py:4180} INFO - Setting next_dagrun for dataset_produces_1 to 2025-01-18 00:00:00+00:00, run_after=2025-01-19 00:00:00+00:00
[2025-01-19T21:48:53.087+0000] {logging_mixin.py:190} INFO - [2025-01-19T21:48:53.087+0000] {dag.py:4180} INFO - Setting next_dagrun for dataset_produces_2 to None, run_after=None
[2025-01-19T21:48:53.139+0000] {processor.py:208} INFO - Processing /home/airflow/.local/lib/python3.12/site-packages/airflow/example_dags/example_datasets.py took 0.938 seconds
[2025-01-19T21:49:23.390+0000] {processor.py:186} INFO - Started process (PID=1423) to work on /home/airflow/.local/lib/python3.12/site-packages/airflow/example_dags/example_datasets.py
[2025-01-19T21:49:23.392+0000] {processor.py:914} INFO - Processing file /home/airflow/.local/lib/python3.12/site-packages/airflow/example_dags/example_datasets.py for tasks to queue
[2025-01-19T21:49:23.395+0000] {logging_mixin.py:190} INFO - [2025-01-19T21:49:23.394+0000] {dagbag.py:588} INFO - Filling up the DagBag from /home/airflow/.local/lib/python3.12/site-packages/airflow/example_dags/example_datasets.py
[2025-01-19T21:49:24.157+0000] {processor.py:925} INFO - DAG(s) 'dataset_consumes_1_never_scheduled', 'consume_1_and_2_with_dataset_expressions', 'dataset_produces_2', 'dataset_consumes_1', 'conditional_dataset_and_time_based_timetable', 'dataset_produces_1', 'dataset_consumes_1_and_2', 'dataset_consumes_unknown_never_scheduled', 'consume_1_or_2_with_dataset_expressions', 'consume_1_or_both_2_and_3_with_dataset_expressions' retrieved from /home/airflow/.local/lib/python3.12/site-packages/airflow/example_dags/example_datasets.py
[2025-01-19T21:49:24.195+0000] {logging_mixin.py:190} INFO - [2025-01-19T21:49:24.195+0000] {dag.py:3239} INFO - Sync 10 DAGs
[2025-01-19T21:49:24.217+0000] {logging_mixin.py:190} INFO - [2025-01-19T21:49:24.217+0000] {dag.py:4180} INFO - Setting next_dagrun for conditional_dataset_and_time_based_timetable to 2025-01-15 01:00:00+00:00, run_after=2025-01-15 01:00:00+00:00
[2025-01-19T21:49:24.221+0000] {logging_mixin.py:190} INFO - [2025-01-19T21:49:24.221+0000] {dag.py:4180} INFO - Setting next_dagrun for consume_1_and_2_with_dataset_expressions to None, run_after=None
[2025-01-19T21:49:24.223+0000] {logging_mixin.py:190} INFO - [2025-01-19T21:49:24.223+0000] {dag.py:4180} INFO - Setting next_dagrun for consume_1_or_2_with_dataset_expressions to None, run_after=None
[2025-01-19T21:49:24.225+0000] {logging_mixin.py:190} INFO - [2025-01-19T21:49:24.224+0000] {dag.py:4180} INFO - Setting next_dagrun for consume_1_or_both_2_and_3_with_dataset_expressions to None, run_after=None
[2025-01-19T21:49:24.226+0000] {logging_mixin.py:190} INFO - [2025-01-19T21:49:24.226+0000] {dag.py:4180} INFO - Setting next_dagrun for dataset_consumes_1 to None, run_after=None
[2025-01-19T21:49:24.228+0000] {logging_mixin.py:190} INFO - [2025-01-19T21:49:24.227+0000] {dag.py:4180} INFO - Setting next_dagrun for dataset_consumes_1_and_2 to None, run_after=None
[2025-01-19T21:49:24.229+0000] {logging_mixin.py:190} INFO - [2025-01-19T21:49:24.229+0000] {dag.py:4180} INFO - Setting next_dagrun for dataset_consumes_1_never_scheduled to None, run_after=None
[2025-01-19T21:49:24.231+0000] {logging_mixin.py:190} INFO - [2025-01-19T21:49:24.230+0000] {dag.py:4180} INFO - Setting next_dagrun for dataset_consumes_unknown_never_scheduled to None, run_after=None
[2025-01-19T21:49:24.233+0000] {logging_mixin.py:190} INFO - [2025-01-19T21:49:24.233+0000] {dag.py:4180} INFO - Setting next_dagrun for dataset_produces_1 to 2025-01-18 00:00:00+00:00, run_after=2025-01-19 00:00:00+00:00
[2025-01-19T21:49:24.235+0000] {logging_mixin.py:190} INFO - [2025-01-19T21:49:24.234+0000] {dag.py:4180} INFO - Setting next_dagrun for dataset_produces_2 to None, run_after=None
[2025-01-19T21:49:24.262+0000] {processor.py:208} INFO - Processing /home/airflow/.local/lib/python3.12/site-packages/airflow/example_dags/example_datasets.py took 0.880 seconds
[2025-01-19T21:49:54.432+0000] {processor.py:186} INFO - Started process (PID=1492) to work on /home/airflow/.local/lib/python3.12/site-packages/airflow/example_dags/example_datasets.py
[2025-01-19T21:49:54.434+0000] {processor.py:914} INFO - Processing file /home/airflow/.local/lib/python3.12/site-packages/airflow/example_dags/example_datasets.py for tasks to queue
[2025-01-19T21:49:54.437+0000] {logging_mixin.py:190} INFO - [2025-01-19T21:49:54.437+0000] {dagbag.py:588} INFO - Filling up the DagBag from /home/airflow/.local/lib/python3.12/site-packages/airflow/example_dags/example_datasets.py
[2025-01-19T21:49:55.050+0000] {processor.py:925} INFO - DAG(s) 'consume_1_or_both_2_and_3_with_dataset_expressions', 'dataset_consumes_1_never_scheduled', 'dataset_produces_2', 'dataset_produces_1', 'consume_1_and_2_with_dataset_expressions', 'consume_1_or_2_with_dataset_expressions', 'dataset_consumes_1', 'conditional_dataset_and_time_based_timetable', 'dataset_consumes_1_and_2', 'dataset_consumes_unknown_never_scheduled' retrieved from /home/airflow/.local/lib/python3.12/site-packages/airflow/example_dags/example_datasets.py
[2025-01-19T21:49:55.099+0000] {logging_mixin.py:190} INFO - [2025-01-19T21:49:55.098+0000] {dag.py:3239} INFO - Sync 10 DAGs
[2025-01-19T21:49:55.127+0000] {logging_mixin.py:190} INFO - [2025-01-19T21:49:55.127+0000] {dag.py:4180} INFO - Setting next_dagrun for conditional_dataset_and_time_based_timetable to 2025-01-15 01:00:00+00:00, run_after=2025-01-15 01:00:00+00:00
[2025-01-19T21:49:55.132+0000] {logging_mixin.py:190} INFO - [2025-01-19T21:49:55.131+0000] {dag.py:4180} INFO - Setting next_dagrun for consume_1_and_2_with_dataset_expressions to None, run_after=None
[2025-01-19T21:49:55.135+0000] {logging_mixin.py:190} INFO - [2025-01-19T21:49:55.135+0000] {dag.py:4180} INFO - Setting next_dagrun for consume_1_or_2_with_dataset_expressions to None, run_after=None
[2025-01-19T21:49:55.137+0000] {logging_mixin.py:190} INFO - [2025-01-19T21:49:55.137+0000] {dag.py:4180} INFO - Setting next_dagrun for consume_1_or_both_2_and_3_with_dataset_expressions to None, run_after=None
[2025-01-19T21:49:55.139+0000] {logging_mixin.py:190} INFO - [2025-01-19T21:49:55.139+0000] {dag.py:4180} INFO - Setting next_dagrun for dataset_consumes_1 to None, run_after=None
[2025-01-19T21:49:55.141+0000] {logging_mixin.py:190} INFO - [2025-01-19T21:49:55.141+0000] {dag.py:4180} INFO - Setting next_dagrun for dataset_consumes_1_and_2 to None, run_after=None
[2025-01-19T21:49:55.142+0000] {logging_mixin.py:190} INFO - [2025-01-19T21:49:55.142+0000] {dag.py:4180} INFO - Setting next_dagrun for dataset_consumes_1_never_scheduled to None, run_after=None
[2025-01-19T21:49:55.145+0000] {logging_mixin.py:190} INFO - [2025-01-19T21:49:55.145+0000] {dag.py:4180} INFO - Setting next_dagrun for dataset_consumes_unknown_never_scheduled to None, run_after=None
[2025-01-19T21:49:55.150+0000] {logging_mixin.py:190} INFO - [2025-01-19T21:49:55.150+0000] {dag.py:4180} INFO - Setting next_dagrun for dataset_produces_1 to 2025-01-18 00:00:00+00:00, run_after=2025-01-19 00:00:00+00:00
[2025-01-19T21:49:55.154+0000] {logging_mixin.py:190} INFO - [2025-01-19T21:49:55.154+0000] {dag.py:4180} INFO - Setting next_dagrun for dataset_produces_2 to None, run_after=None
[2025-01-19T21:49:55.190+0000] {processor.py:208} INFO - Processing /home/airflow/.local/lib/python3.12/site-packages/airflow/example_dags/example_datasets.py took 0.768 seconds
[2025-01-19T21:50:25.830+0000] {processor.py:186} INFO - Started process (PID=1561) to work on /home/airflow/.local/lib/python3.12/site-packages/airflow/example_dags/example_datasets.py
[2025-01-19T21:50:25.832+0000] {processor.py:914} INFO - Processing file /home/airflow/.local/lib/python3.12/site-packages/airflow/example_dags/example_datasets.py for tasks to queue
[2025-01-19T21:50:25.838+0000] {logging_mixin.py:190} INFO - [2025-01-19T21:50:25.837+0000] {dagbag.py:588} INFO - Filling up the DagBag from /home/airflow/.local/lib/python3.12/site-packages/airflow/example_dags/example_datasets.py
[2025-01-19T21:50:26.659+0000] {processor.py:925} INFO - DAG(s) 'dataset_consumes_1', 'dataset_consumes_1_and_2', 'dataset_consumes_unknown_never_scheduled', 'consume_1_or_2_with_dataset_expressions', 'consume_1_or_both_2_and_3_with_dataset_expressions', 'dataset_consumes_1_never_scheduled', 'dataset_produces_2', 'consume_1_and_2_with_dataset_expressions', 'conditional_dataset_and_time_based_timetable', 'dataset_produces_1' retrieved from /home/airflow/.local/lib/python3.12/site-packages/airflow/example_dags/example_datasets.py
[2025-01-19T21:50:26.702+0000] {logging_mixin.py:190} INFO - [2025-01-19T21:50:26.702+0000] {dag.py:3239} INFO - Sync 10 DAGs
[2025-01-19T21:50:26.734+0000] {logging_mixin.py:190} INFO - [2025-01-19T21:50:26.733+0000] {dag.py:4180} INFO - Setting next_dagrun for conditional_dataset_and_time_based_timetable to 2025-01-15 01:00:00+00:00, run_after=2025-01-15 01:00:00+00:00
[2025-01-19T21:50:26.739+0000] {logging_mixin.py:190} INFO - [2025-01-19T21:50:26.738+0000] {dag.py:4180} INFO - Setting next_dagrun for consume_1_and_2_with_dataset_expressions to None, run_after=None
[2025-01-19T21:50:26.741+0000] {logging_mixin.py:190} INFO - [2025-01-19T21:50:26.741+0000] {dag.py:4180} INFO - Setting next_dagrun for consume_1_or_2_with_dataset_expressions to None, run_after=None
[2025-01-19T21:50:26.744+0000] {logging_mixin.py:190} INFO - [2025-01-19T21:50:26.743+0000] {dag.py:4180} INFO - Setting next_dagrun for consume_1_or_both_2_and_3_with_dataset_expressions to None, run_after=None
[2025-01-19T21:50:26.747+0000] {logging_mixin.py:190} INFO - [2025-01-19T21:50:26.746+0000] {dag.py:4180} INFO - Setting next_dagrun for dataset_consumes_1 to None, run_after=None
[2025-01-19T21:50:26.751+0000] {logging_mixin.py:190} INFO - [2025-01-19T21:50:26.750+0000] {dag.py:4180} INFO - Setting next_dagrun for dataset_consumes_1_and_2 to None, run_after=None
[2025-01-19T21:50:26.754+0000] {logging_mixin.py:190} INFO - [2025-01-19T21:50:26.754+0000] {dag.py:4180} INFO - Setting next_dagrun for dataset_consumes_1_never_scheduled to None, run_after=None
[2025-01-19T21:50:26.757+0000] {logging_mixin.py:190} INFO - [2025-01-19T21:50:26.757+0000] {dag.py:4180} INFO - Setting next_dagrun for dataset_consumes_unknown_never_scheduled to None, run_after=None
[2025-01-19T21:50:26.762+0000] {logging_mixin.py:190} INFO - [2025-01-19T21:50:26.762+0000] {dag.py:4180} INFO - Setting next_dagrun for dataset_produces_1 to 2025-01-18 00:00:00+00:00, run_after=2025-01-19 00:00:00+00:00
[2025-01-19T21:50:26.765+0000] {logging_mixin.py:190} INFO - [2025-01-19T21:50:26.765+0000] {dag.py:4180} INFO - Setting next_dagrun for dataset_produces_2 to None, run_after=None
[2025-01-19T21:50:26.837+0000] {processor.py:208} INFO - Processing /home/airflow/.local/lib/python3.12/site-packages/airflow/example_dags/example_datasets.py took 1.022 seconds
[2025-01-19T21:50:57.302+0000] {processor.py:186} INFO - Started process (PID=1630) to work on /home/airflow/.local/lib/python3.12/site-packages/airflow/example_dags/example_datasets.py
[2025-01-19T21:50:57.305+0000] {processor.py:914} INFO - Processing file /home/airflow/.local/lib/python3.12/site-packages/airflow/example_dags/example_datasets.py for tasks to queue
[2025-01-19T21:50:57.312+0000] {logging_mixin.py:190} INFO - [2025-01-19T21:50:57.311+0000] {dagbag.py:588} INFO - Filling up the DagBag from /home/airflow/.local/lib/python3.12/site-packages/airflow/example_dags/example_datasets.py
[2025-01-19T21:50:58.206+0000] {processor.py:925} INFO - DAG(s) 'consume_1_or_both_2_and_3_with_dataset_expressions', 'consume_1_or_2_with_dataset_expressions', 'dataset_consumes_1_never_scheduled', 'conditional_dataset_and_time_based_timetable', 'dataset_consumes_unknown_never_scheduled', 'consume_1_and_2_with_dataset_expressions', 'dataset_consumes_1', 'dataset_produces_2', 'dataset_consumes_1_and_2', 'dataset_produces_1' retrieved from /home/airflow/.local/lib/python3.12/site-packages/airflow/example_dags/example_datasets.py
[2025-01-19T21:50:58.258+0000] {logging_mixin.py:190} INFO - [2025-01-19T21:50:58.258+0000] {dag.py:3239} INFO - Sync 10 DAGs
[2025-01-19T21:50:58.282+0000] {logging_mixin.py:190} INFO - [2025-01-19T21:50:58.282+0000] {dag.py:4180} INFO - Setting next_dagrun for conditional_dataset_and_time_based_timetable to 2025-01-15 01:00:00+00:00, run_after=2025-01-15 01:00:00+00:00
[2025-01-19T21:50:58.288+0000] {logging_mixin.py:190} INFO - [2025-01-19T21:50:58.288+0000] {dag.py:4180} INFO - Setting next_dagrun for consume_1_and_2_with_dataset_expressions to None, run_after=None
[2025-01-19T21:50:58.291+0000] {logging_mixin.py:190} INFO - [2025-01-19T21:50:58.291+0000] {dag.py:4180} INFO - Setting next_dagrun for consume_1_or_2_with_dataset_expressions to None, run_after=None
[2025-01-19T21:50:58.293+0000] {logging_mixin.py:190} INFO - [2025-01-19T21:50:58.293+0000] {dag.py:4180} INFO - Setting next_dagrun for consume_1_or_both_2_and_3_with_dataset_expressions to None, run_after=None
[2025-01-19T21:50:58.295+0000] {logging_mixin.py:190} INFO - [2025-01-19T21:50:58.295+0000] {dag.py:4180} INFO - Setting next_dagrun for dataset_consumes_1 to None, run_after=None
[2025-01-19T21:50:58.296+0000] {logging_mixin.py:190} INFO - [2025-01-19T21:50:58.296+0000] {dag.py:4180} INFO - Setting next_dagrun for dataset_consumes_1_and_2 to None, run_after=None
[2025-01-19T21:50:58.298+0000] {logging_mixin.py:190} INFO - [2025-01-19T21:50:58.297+0000] {dag.py:4180} INFO - Setting next_dagrun for dataset_consumes_1_never_scheduled to None, run_after=None
[2025-01-19T21:50:58.299+0000] {logging_mixin.py:190} INFO - [2025-01-19T21:50:58.299+0000] {dag.py:4180} INFO - Setting next_dagrun for dataset_consumes_unknown_never_scheduled to None, run_after=None
[2025-01-19T21:50:58.303+0000] {logging_mixin.py:190} INFO - [2025-01-19T21:50:58.302+0000] {dag.py:4180} INFO - Setting next_dagrun for dataset_produces_1 to 2025-01-18 00:00:00+00:00, run_after=2025-01-19 00:00:00+00:00
[2025-01-19T21:50:58.306+0000] {logging_mixin.py:190} INFO - [2025-01-19T21:50:58.306+0000] {dag.py:4180} INFO - Setting next_dagrun for dataset_produces_2 to None, run_after=None
[2025-01-19T21:50:58.348+0000] {processor.py:208} INFO - Processing /home/airflow/.local/lib/python3.12/site-packages/airflow/example_dags/example_datasets.py took 1.058 seconds
[2025-01-19T21:51:28.667+0000] {processor.py:186} INFO - Started process (PID=1699) to work on /home/airflow/.local/lib/python3.12/site-packages/airflow/example_dags/example_datasets.py
[2025-01-19T21:51:28.671+0000] {processor.py:914} INFO - Processing file /home/airflow/.local/lib/python3.12/site-packages/airflow/example_dags/example_datasets.py for tasks to queue
[2025-01-19T21:51:28.675+0000] {logging_mixin.py:190} INFO - [2025-01-19T21:51:28.675+0000] {dagbag.py:588} INFO - Filling up the DagBag from /home/airflow/.local/lib/python3.12/site-packages/airflow/example_dags/example_datasets.py
[2025-01-19T21:51:29.420+0000] {processor.py:925} INFO - DAG(s) 'dataset_consumes_unknown_never_scheduled', 'dataset_produces_2', 'consume_1_or_both_2_and_3_with_dataset_expressions', 'consume_1_and_2_with_dataset_expressions', 'dataset_consumes_1_never_scheduled', 'consume_1_or_2_with_dataset_expressions', 'dataset_consumes_1', 'dataset_produces_1', 'dataset_consumes_1_and_2', 'conditional_dataset_and_time_based_timetable' retrieved from /home/airflow/.local/lib/python3.12/site-packages/airflow/example_dags/example_datasets.py
[2025-01-19T21:51:29.462+0000] {logging_mixin.py:190} INFO - [2025-01-19T21:51:29.462+0000] {dag.py:3239} INFO - Sync 10 DAGs
[2025-01-19T21:51:29.510+0000] {logging_mixin.py:190} INFO - [2025-01-19T21:51:29.510+0000] {dag.py:4180} INFO - Setting next_dagrun for conditional_dataset_and_time_based_timetable to 2025-01-15 01:00:00+00:00, run_after=2025-01-15 01:00:00+00:00
[2025-01-19T21:51:29.518+0000] {logging_mixin.py:190} INFO - [2025-01-19T21:51:29.518+0000] {dag.py:4180} INFO - Setting next_dagrun for consume_1_and_2_with_dataset_expressions to None, run_after=None
[2025-01-19T21:51:29.521+0000] {logging_mixin.py:190} INFO - [2025-01-19T21:51:29.521+0000] {dag.py:4180} INFO - Setting next_dagrun for consume_1_or_2_with_dataset_expressions to None, run_after=None
[2025-01-19T21:51:29.523+0000] {logging_mixin.py:190} INFO - [2025-01-19T21:51:29.523+0000] {dag.py:4180} INFO - Setting next_dagrun for consume_1_or_both_2_and_3_with_dataset_expressions to None, run_after=None
[2025-01-19T21:51:29.524+0000] {logging_mixin.py:190} INFO - [2025-01-19T21:51:29.524+0000] {dag.py:4180} INFO - Setting next_dagrun for dataset_consumes_1 to None, run_after=None
[2025-01-19T21:51:29.526+0000] {logging_mixin.py:190} INFO - [2025-01-19T21:51:29.526+0000] {dag.py:4180} INFO - Setting next_dagrun for dataset_consumes_1_and_2 to None, run_after=None
[2025-01-19T21:51:29.528+0000] {logging_mixin.py:190} INFO - [2025-01-19T21:51:29.527+0000] {dag.py:4180} INFO - Setting next_dagrun for dataset_consumes_1_never_scheduled to None, run_after=None
[2025-01-19T21:51:29.529+0000] {logging_mixin.py:190} INFO - [2025-01-19T21:51:29.529+0000] {dag.py:4180} INFO - Setting next_dagrun for dataset_consumes_unknown_never_scheduled to None, run_after=None
[2025-01-19T21:51:29.532+0000] {logging_mixin.py:190} INFO - [2025-01-19T21:51:29.532+0000] {dag.py:4180} INFO - Setting next_dagrun for dataset_produces_1 to 2025-01-18 00:00:00+00:00, run_after=2025-01-19 00:00:00+00:00
[2025-01-19T21:51:29.534+0000] {logging_mixin.py:190} INFO - [2025-01-19T21:51:29.534+0000] {dag.py:4180} INFO - Setting next_dagrun for dataset_produces_2 to None, run_after=None
[2025-01-19T21:51:29.591+0000] {processor.py:208} INFO - Processing /home/airflow/.local/lib/python3.12/site-packages/airflow/example_dags/example_datasets.py took 0.944 seconds
