[2025-01-19T21:39:27.402+0000] {processor.py:186} INFO - Started process (PID=120) to work on /home/airflow/.local/lib/python3.12/site-packages/airflow/example_dags/example_trigger_target_dag.py
[2025-01-19T21:39:27.405+0000] {processor.py:914} INFO - Processing file /home/airflow/.local/lib/python3.12/site-packages/airflow/example_dags/example_trigger_target_dag.py for tasks to queue
[2025-01-19T21:39:27.411+0000] {logging_mixin.py:190} INFO - [2025-01-19T21:39:27.410+0000] {dagbag.py:588} INFO - Filling up the DagBag from /home/airflow/.local/lib/python3.12/site-packages/airflow/example_dags/example_trigger_target_dag.py
[2025-01-19T21:39:27.426+0000] {processor.py:925} INFO - DAG(s) 'example_trigger_target_dag' retrieved from /home/airflow/.local/lib/python3.12/site-packages/airflow/example_dags/example_trigger_target_dag.py
[2025-01-19T21:39:27.545+0000] {logging_mixin.py:190} INFO - [2025-01-19T21:39:27.544+0000] {override.py:1911} INFO - Created Permission View: can edit on DAG:example_trigger_target_dag
[2025-01-19T21:39:27.554+0000] {logging_mixin.py:190} INFO - [2025-01-19T21:39:27.554+0000] {override.py:1911} INFO - Created Permission View: can delete on DAG:example_trigger_target_dag
[2025-01-19T21:39:27.562+0000] {logging_mixin.py:190} INFO - [2025-01-19T21:39:27.561+0000] {override.py:1911} INFO - Created Permission View: can read on DAG:example_trigger_target_dag
[2025-01-19T21:39:27.570+0000] {logging_mixin.py:190} INFO - [2025-01-19T21:39:27.570+0000] {override.py:1911} INFO - Created Permission View: menu access on DAG Run:example_trigger_target_dag
[2025-01-19T21:39:27.577+0000] {logging_mixin.py:190} INFO - [2025-01-19T21:39:27.577+0000] {override.py:1911} INFO - Created Permission View: can create on DAG Run:example_trigger_target_dag
[2025-01-19T21:39:27.587+0000] {logging_mixin.py:190} INFO - [2025-01-19T21:39:27.587+0000] {override.py:1911} INFO - Created Permission View: can delete on DAG Run:example_trigger_target_dag
[2025-01-19T21:39:27.594+0000] {logging_mixin.py:190} INFO - [2025-01-19T21:39:27.593+0000] {override.py:1911} INFO - Created Permission View: can read on DAG Run:example_trigger_target_dag
[2025-01-19T21:39:27.595+0000] {logging_mixin.py:190} INFO - [2025-01-19T21:39:27.594+0000] {dag.py:3239} INFO - Sync 1 DAGs
[2025-01-19T21:39:27.608+0000] {logging_mixin.py:190} INFO - [2025-01-19T21:39:27.607+0000] {dag.py:3262} INFO - Creating ORM DAG for example_trigger_target_dag
[2025-01-19T21:39:27.609+0000] {logging_mixin.py:190} INFO - [2025-01-19T21:39:27.609+0000] {dag.py:4180} INFO - Setting next_dagrun for example_trigger_target_dag to None, run_after=None
[2025-01-19T21:39:27.625+0000] {processor.py:208} INFO - Processing /home/airflow/.local/lib/python3.12/site-packages/airflow/example_dags/example_trigger_target_dag.py took 0.234 seconds
[2025-01-19T21:39:58.001+0000] {processor.py:186} INFO - Started process (PID=189) to work on /home/airflow/.local/lib/python3.12/site-packages/airflow/example_dags/example_trigger_target_dag.py
[2025-01-19T21:39:58.002+0000] {processor.py:914} INFO - Processing file /home/airflow/.local/lib/python3.12/site-packages/airflow/example_dags/example_trigger_target_dag.py for tasks to queue
[2025-01-19T21:39:58.005+0000] {logging_mixin.py:190} INFO - [2025-01-19T21:39:58.004+0000] {dagbag.py:588} INFO - Filling up the DagBag from /home/airflow/.local/lib/python3.12/site-packages/airflow/example_dags/example_trigger_target_dag.py
[2025-01-19T21:39:58.013+0000] {processor.py:925} INFO - DAG(s) 'example_trigger_target_dag' retrieved from /home/airflow/.local/lib/python3.12/site-packages/airflow/example_dags/example_trigger_target_dag.py
[2025-01-19T21:39:58.031+0000] {logging_mixin.py:190} INFO - [2025-01-19T21:39:58.031+0000] {dag.py:3239} INFO - Sync 1 DAGs
[2025-01-19T21:39:58.049+0000] {logging_mixin.py:190} INFO - [2025-01-19T21:39:58.049+0000] {dag.py:4180} INFO - Setting next_dagrun for example_trigger_target_dag to None, run_after=None
[2025-01-19T21:39:58.067+0000] {processor.py:208} INFO - Processing /home/airflow/.local/lib/python3.12/site-packages/airflow/example_dags/example_trigger_target_dag.py took 0.072 seconds
[2025-01-19T21:40:29.687+0000] {processor.py:186} INFO - Started process (PID=258) to work on /home/airflow/.local/lib/python3.12/site-packages/airflow/example_dags/example_trigger_target_dag.py
[2025-01-19T21:40:29.689+0000] {processor.py:914} INFO - Processing file /home/airflow/.local/lib/python3.12/site-packages/airflow/example_dags/example_trigger_target_dag.py for tasks to queue
[2025-01-19T21:40:29.693+0000] {logging_mixin.py:190} INFO - [2025-01-19T21:40:29.692+0000] {dagbag.py:588} INFO - Filling up the DagBag from /home/airflow/.local/lib/python3.12/site-packages/airflow/example_dags/example_trigger_target_dag.py
[2025-01-19T21:40:29.700+0000] {processor.py:925} INFO - DAG(s) 'example_trigger_target_dag' retrieved from /home/airflow/.local/lib/python3.12/site-packages/airflow/example_dags/example_trigger_target_dag.py
[2025-01-19T21:40:29.718+0000] {logging_mixin.py:190} INFO - [2025-01-19T21:40:29.718+0000] {dag.py:3239} INFO - Sync 1 DAGs
[2025-01-19T21:40:29.732+0000] {logging_mixin.py:190} INFO - [2025-01-19T21:40:29.731+0000] {dag.py:4180} INFO - Setting next_dagrun for example_trigger_target_dag to None, run_after=None
[2025-01-19T21:40:29.757+0000] {processor.py:208} INFO - Processing /home/airflow/.local/lib/python3.12/site-packages/airflow/example_dags/example_trigger_target_dag.py took 0.075 seconds
[2025-01-19T21:41:00.539+0000] {processor.py:186} INFO - Started process (PID=327) to work on /home/airflow/.local/lib/python3.12/site-packages/airflow/example_dags/example_trigger_target_dag.py
[2025-01-19T21:41:00.541+0000] {processor.py:914} INFO - Processing file /home/airflow/.local/lib/python3.12/site-packages/airflow/example_dags/example_trigger_target_dag.py for tasks to queue
[2025-01-19T21:41:00.543+0000] {logging_mixin.py:190} INFO - [2025-01-19T21:41:00.543+0000] {dagbag.py:588} INFO - Filling up the DagBag from /home/airflow/.local/lib/python3.12/site-packages/airflow/example_dags/example_trigger_target_dag.py
[2025-01-19T21:41:00.551+0000] {processor.py:925} INFO - DAG(s) 'example_trigger_target_dag' retrieved from /home/airflow/.local/lib/python3.12/site-packages/airflow/example_dags/example_trigger_target_dag.py
[2025-01-19T21:41:00.570+0000] {logging_mixin.py:190} INFO - [2025-01-19T21:41:00.570+0000] {dag.py:3239} INFO - Sync 1 DAGs
[2025-01-19T21:41:00.583+0000] {logging_mixin.py:190} INFO - [2025-01-19T21:41:00.583+0000] {dag.py:4180} INFO - Setting next_dagrun for example_trigger_target_dag to None, run_after=None
[2025-01-19T21:41:00.598+0000] {processor.py:208} INFO - Processing /home/airflow/.local/lib/python3.12/site-packages/airflow/example_dags/example_trigger_target_dag.py took 0.065 seconds
[2025-01-19T21:41:32.301+0000] {processor.py:186} INFO - Started process (PID=396) to work on /home/airflow/.local/lib/python3.12/site-packages/airflow/example_dags/example_trigger_target_dag.py
[2025-01-19T21:41:32.304+0000] {processor.py:914} INFO - Processing file /home/airflow/.local/lib/python3.12/site-packages/airflow/example_dags/example_trigger_target_dag.py for tasks to queue
[2025-01-19T21:41:32.309+0000] {logging_mixin.py:190} INFO - [2025-01-19T21:41:32.309+0000] {dagbag.py:588} INFO - Filling up the DagBag from /home/airflow/.local/lib/python3.12/site-packages/airflow/example_dags/example_trigger_target_dag.py
[2025-01-19T21:41:32.318+0000] {processor.py:925} INFO - DAG(s) 'example_trigger_target_dag' retrieved from /home/airflow/.local/lib/python3.12/site-packages/airflow/example_dags/example_trigger_target_dag.py
[2025-01-19T21:41:32.343+0000] {logging_mixin.py:190} INFO - [2025-01-19T21:41:32.343+0000] {dag.py:3239} INFO - Sync 1 DAGs
[2025-01-19T21:41:32.358+0000] {logging_mixin.py:190} INFO - [2025-01-19T21:41:32.358+0000] {dag.py:4180} INFO - Setting next_dagrun for example_trigger_target_dag to None, run_after=None
[2025-01-19T21:41:32.379+0000] {processor.py:208} INFO - Processing /home/airflow/.local/lib/python3.12/site-packages/airflow/example_dags/example_trigger_target_dag.py took 0.083 seconds
[2025-01-19T21:42:11.385+0000] {processor.py:186} INFO - Started process (PID=465) to work on /home/airflow/.local/lib/python3.12/site-packages/airflow/example_dags/example_trigger_target_dag.py
[2025-01-19T21:42:11.387+0000] {processor.py:914} INFO - Processing file /home/airflow/.local/lib/python3.12/site-packages/airflow/example_dags/example_trigger_target_dag.py for tasks to queue
[2025-01-19T21:42:11.392+0000] {logging_mixin.py:190} INFO - [2025-01-19T21:42:11.391+0000] {dagbag.py:588} INFO - Filling up the DagBag from /home/airflow/.local/lib/python3.12/site-packages/airflow/example_dags/example_trigger_target_dag.py
[2025-01-19T21:42:11.403+0000] {processor.py:925} INFO - DAG(s) 'example_trigger_target_dag' retrieved from /home/airflow/.local/lib/python3.12/site-packages/airflow/example_dags/example_trigger_target_dag.py
[2025-01-19T21:42:11.430+0000] {logging_mixin.py:190} INFO - [2025-01-19T21:42:11.430+0000] {dag.py:3239} INFO - Sync 1 DAGs
[2025-01-19T21:42:11.450+0000] {logging_mixin.py:190} INFO - [2025-01-19T21:42:11.450+0000] {dag.py:4180} INFO - Setting next_dagrun for example_trigger_target_dag to None, run_after=None
[2025-01-19T21:42:11.482+0000] {processor.py:208} INFO - Processing /home/airflow/.local/lib/python3.12/site-packages/airflow/example_dags/example_trigger_target_dag.py took 0.105 seconds
[2025-01-19T21:42:42.067+0000] {processor.py:186} INFO - Started process (PID=534) to work on /home/airflow/.local/lib/python3.12/site-packages/airflow/example_dags/example_trigger_target_dag.py
[2025-01-19T21:42:42.069+0000] {processor.py:914} INFO - Processing file /home/airflow/.local/lib/python3.12/site-packages/airflow/example_dags/example_trigger_target_dag.py for tasks to queue
[2025-01-19T21:42:42.073+0000] {logging_mixin.py:190} INFO - [2025-01-19T21:42:42.073+0000] {dagbag.py:588} INFO - Filling up the DagBag from /home/airflow/.local/lib/python3.12/site-packages/airflow/example_dags/example_trigger_target_dag.py
[2025-01-19T21:42:42.084+0000] {processor.py:925} INFO - DAG(s) 'example_trigger_target_dag' retrieved from /home/airflow/.local/lib/python3.12/site-packages/airflow/example_dags/example_trigger_target_dag.py
[2025-01-19T21:42:42.106+0000] {logging_mixin.py:190} INFO - [2025-01-19T21:42:42.105+0000] {dag.py:3239} INFO - Sync 1 DAGs
[2025-01-19T21:42:42.127+0000] {logging_mixin.py:190} INFO - [2025-01-19T21:42:42.127+0000] {dag.py:4180} INFO - Setting next_dagrun for example_trigger_target_dag to None, run_after=None
[2025-01-19T21:42:42.178+0000] {processor.py:208} INFO - Processing /home/airflow/.local/lib/python3.12/site-packages/airflow/example_dags/example_trigger_target_dag.py took 0.117 seconds
[2025-01-19T21:43:12.237+0000] {processor.py:186} INFO - Started process (PID=602) to work on /home/airflow/.local/lib/python3.12/site-packages/airflow/example_dags/example_trigger_target_dag.py
[2025-01-19T21:43:12.239+0000] {processor.py:914} INFO - Processing file /home/airflow/.local/lib/python3.12/site-packages/airflow/example_dags/example_trigger_target_dag.py for tasks to queue
[2025-01-19T21:43:12.241+0000] {logging_mixin.py:190} INFO - [2025-01-19T21:43:12.241+0000] {dagbag.py:588} INFO - Filling up the DagBag from /home/airflow/.local/lib/python3.12/site-packages/airflow/example_dags/example_trigger_target_dag.py
[2025-01-19T21:43:12.250+0000] {processor.py:925} INFO - DAG(s) 'example_trigger_target_dag' retrieved from /home/airflow/.local/lib/python3.12/site-packages/airflow/example_dags/example_trigger_target_dag.py
[2025-01-19T21:43:12.269+0000] {logging_mixin.py:190} INFO - [2025-01-19T21:43:12.269+0000] {dag.py:3239} INFO - Sync 1 DAGs
[2025-01-19T21:43:12.282+0000] {logging_mixin.py:190} INFO - [2025-01-19T21:43:12.282+0000] {dag.py:4180} INFO - Setting next_dagrun for example_trigger_target_dag to None, run_after=None
[2025-01-19T21:43:12.299+0000] {processor.py:208} INFO - Processing /home/airflow/.local/lib/python3.12/site-packages/airflow/example_dags/example_trigger_target_dag.py took 0.068 seconds
[2025-01-19T21:43:42.477+0000] {processor.py:186} INFO - Started process (PID=671) to work on /home/airflow/.local/lib/python3.12/site-packages/airflow/example_dags/example_trigger_target_dag.py
[2025-01-19T21:43:42.479+0000] {processor.py:914} INFO - Processing file /home/airflow/.local/lib/python3.12/site-packages/airflow/example_dags/example_trigger_target_dag.py for tasks to queue
[2025-01-19T21:43:42.482+0000] {logging_mixin.py:190} INFO - [2025-01-19T21:43:42.481+0000] {dagbag.py:588} INFO - Filling up the DagBag from /home/airflow/.local/lib/python3.12/site-packages/airflow/example_dags/example_trigger_target_dag.py
[2025-01-19T21:43:42.492+0000] {processor.py:925} INFO - DAG(s) 'example_trigger_target_dag' retrieved from /home/airflow/.local/lib/python3.12/site-packages/airflow/example_dags/example_trigger_target_dag.py
[2025-01-19T21:43:42.512+0000] {logging_mixin.py:190} INFO - [2025-01-19T21:43:42.512+0000] {dag.py:3239} INFO - Sync 1 DAGs
[2025-01-19T21:43:42.527+0000] {logging_mixin.py:190} INFO - [2025-01-19T21:43:42.527+0000] {dag.py:4180} INFO - Setting next_dagrun for example_trigger_target_dag to None, run_after=None
[2025-01-19T21:43:42.546+0000] {processor.py:208} INFO - Processing /home/airflow/.local/lib/python3.12/site-packages/airflow/example_dags/example_trigger_target_dag.py took 0.075 seconds
[2025-01-19T21:44:13.336+0000] {processor.py:186} INFO - Started process (PID=741) to work on /home/airflow/.local/lib/python3.12/site-packages/airflow/example_dags/example_trigger_target_dag.py
[2025-01-19T21:44:13.337+0000] {processor.py:914} INFO - Processing file /home/airflow/.local/lib/python3.12/site-packages/airflow/example_dags/example_trigger_target_dag.py for tasks to queue
[2025-01-19T21:44:13.339+0000] {logging_mixin.py:190} INFO - [2025-01-19T21:44:13.339+0000] {dagbag.py:588} INFO - Filling up the DagBag from /home/airflow/.local/lib/python3.12/site-packages/airflow/example_dags/example_trigger_target_dag.py
[2025-01-19T21:44:13.348+0000] {processor.py:925} INFO - DAG(s) 'example_trigger_target_dag' retrieved from /home/airflow/.local/lib/python3.12/site-packages/airflow/example_dags/example_trigger_target_dag.py
[2025-01-19T21:44:13.367+0000] {logging_mixin.py:190} INFO - [2025-01-19T21:44:13.367+0000] {dag.py:3239} INFO - Sync 1 DAGs
[2025-01-19T21:44:13.382+0000] {logging_mixin.py:190} INFO - [2025-01-19T21:44:13.382+0000] {dag.py:4180} INFO - Setting next_dagrun for example_trigger_target_dag to None, run_after=None
[2025-01-19T21:44:13.401+0000] {processor.py:208} INFO - Processing /home/airflow/.local/lib/python3.12/site-packages/airflow/example_dags/example_trigger_target_dag.py took 0.072 seconds
[2025-01-19T21:44:44.033+0000] {processor.py:186} INFO - Started process (PID=810) to work on /home/airflow/.local/lib/python3.12/site-packages/airflow/example_dags/example_trigger_target_dag.py
[2025-01-19T21:44:44.035+0000] {processor.py:914} INFO - Processing file /home/airflow/.local/lib/python3.12/site-packages/airflow/example_dags/example_trigger_target_dag.py for tasks to queue
[2025-01-19T21:44:44.037+0000] {logging_mixin.py:190} INFO - [2025-01-19T21:44:44.037+0000] {dagbag.py:588} INFO - Filling up the DagBag from /home/airflow/.local/lib/python3.12/site-packages/airflow/example_dags/example_trigger_target_dag.py
[2025-01-19T21:44:44.045+0000] {processor.py:925} INFO - DAG(s) 'example_trigger_target_dag' retrieved from /home/airflow/.local/lib/python3.12/site-packages/airflow/example_dags/example_trigger_target_dag.py
[2025-01-19T21:44:44.072+0000] {logging_mixin.py:190} INFO - [2025-01-19T21:44:44.072+0000] {dag.py:3239} INFO - Sync 1 DAGs
[2025-01-19T21:44:44.087+0000] {logging_mixin.py:190} INFO - [2025-01-19T21:44:44.087+0000] {dag.py:4180} INFO - Setting next_dagrun for example_trigger_target_dag to None, run_after=None
[2025-01-19T21:44:44.106+0000] {processor.py:208} INFO - Processing /home/airflow/.local/lib/python3.12/site-packages/airflow/example_dags/example_trigger_target_dag.py took 0.081 seconds
[2025-01-19T21:45:14.300+0000] {processor.py:186} INFO - Started process (PID=879) to work on /home/airflow/.local/lib/python3.12/site-packages/airflow/example_dags/example_trigger_target_dag.py
[2025-01-19T21:45:14.301+0000] {processor.py:914} INFO - Processing file /home/airflow/.local/lib/python3.12/site-packages/airflow/example_dags/example_trigger_target_dag.py for tasks to queue
[2025-01-19T21:45:14.304+0000] {logging_mixin.py:190} INFO - [2025-01-19T21:45:14.304+0000] {dagbag.py:588} INFO - Filling up the DagBag from /home/airflow/.local/lib/python3.12/site-packages/airflow/example_dags/example_trigger_target_dag.py
[2025-01-19T21:45:14.312+0000] {processor.py:925} INFO - DAG(s) 'example_trigger_target_dag' retrieved from /home/airflow/.local/lib/python3.12/site-packages/airflow/example_dags/example_trigger_target_dag.py
[2025-01-19T21:45:14.329+0000] {logging_mixin.py:190} INFO - [2025-01-19T21:45:14.328+0000] {dag.py:3239} INFO - Sync 1 DAGs
[2025-01-19T21:45:14.341+0000] {logging_mixin.py:190} INFO - [2025-01-19T21:45:14.341+0000] {dag.py:4180} INFO - Setting next_dagrun for example_trigger_target_dag to None, run_after=None
[2025-01-19T21:45:14.358+0000] {processor.py:208} INFO - Processing /home/airflow/.local/lib/python3.12/site-packages/airflow/example_dags/example_trigger_target_dag.py took 0.064 seconds
[2025-01-19T21:45:47.358+0000] {processor.py:186} INFO - Started process (PID=949) to work on /home/airflow/.local/lib/python3.12/site-packages/airflow/example_dags/example_trigger_target_dag.py
[2025-01-19T21:45:47.360+0000] {processor.py:914} INFO - Processing file /home/airflow/.local/lib/python3.12/site-packages/airflow/example_dags/example_trigger_target_dag.py for tasks to queue
[2025-01-19T21:45:47.363+0000] {logging_mixin.py:190} INFO - [2025-01-19T21:45:47.363+0000] {dagbag.py:588} INFO - Filling up the DagBag from /home/airflow/.local/lib/python3.12/site-packages/airflow/example_dags/example_trigger_target_dag.py
[2025-01-19T21:45:47.374+0000] {processor.py:925} INFO - DAG(s) 'example_trigger_target_dag' retrieved from /home/airflow/.local/lib/python3.12/site-packages/airflow/example_dags/example_trigger_target_dag.py
[2025-01-19T21:45:47.402+0000] {logging_mixin.py:190} INFO - [2025-01-19T21:45:47.401+0000] {dag.py:3239} INFO - Sync 1 DAGs
[2025-01-19T21:45:47.420+0000] {logging_mixin.py:190} INFO - [2025-01-19T21:45:47.419+0000] {dag.py:4180} INFO - Setting next_dagrun for example_trigger_target_dag to None, run_after=None
[2025-01-19T21:45:47.444+0000] {processor.py:208} INFO - Processing /home/airflow/.local/lib/python3.12/site-packages/airflow/example_dags/example_trigger_target_dag.py took 0.095 seconds
[2025-01-19T21:46:18.214+0000] {processor.py:186} INFO - Started process (PID=1018) to work on /home/airflow/.local/lib/python3.12/site-packages/airflow/example_dags/example_trigger_target_dag.py
[2025-01-19T21:46:18.217+0000] {processor.py:914} INFO - Processing file /home/airflow/.local/lib/python3.12/site-packages/airflow/example_dags/example_trigger_target_dag.py for tasks to queue
[2025-01-19T21:46:18.221+0000] {logging_mixin.py:190} INFO - [2025-01-19T21:46:18.221+0000] {dagbag.py:588} INFO - Filling up the DagBag from /home/airflow/.local/lib/python3.12/site-packages/airflow/example_dags/example_trigger_target_dag.py
[2025-01-19T21:46:18.237+0000] {processor.py:925} INFO - DAG(s) 'example_trigger_target_dag' retrieved from /home/airflow/.local/lib/python3.12/site-packages/airflow/example_dags/example_trigger_target_dag.py
[2025-01-19T21:46:18.270+0000] {logging_mixin.py:190} INFO - [2025-01-19T21:46:18.270+0000] {dag.py:3239} INFO - Sync 1 DAGs
[2025-01-19T21:46:18.292+0000] {logging_mixin.py:190} INFO - [2025-01-19T21:46:18.292+0000] {dag.py:4180} INFO - Setting next_dagrun for example_trigger_target_dag to None, run_after=None
[2025-01-19T21:46:18.324+0000] {processor.py:208} INFO - Processing /home/airflow/.local/lib/python3.12/site-packages/airflow/example_dags/example_trigger_target_dag.py took 0.122 seconds
[2025-01-19T21:46:50.470+0000] {processor.py:186} INFO - Started process (PID=1093) to work on /home/airflow/.local/lib/python3.12/site-packages/airflow/example_dags/example_trigger_target_dag.py
[2025-01-19T21:46:50.472+0000] {processor.py:914} INFO - Processing file /home/airflow/.local/lib/python3.12/site-packages/airflow/example_dags/example_trigger_target_dag.py for tasks to queue
[2025-01-19T21:46:50.475+0000] {logging_mixin.py:190} INFO - [2025-01-19T21:46:50.474+0000] {dagbag.py:588} INFO - Filling up the DagBag from /home/airflow/.local/lib/python3.12/site-packages/airflow/example_dags/example_trigger_target_dag.py
[2025-01-19T21:46:50.485+0000] {processor.py:925} INFO - DAG(s) 'example_trigger_target_dag' retrieved from /home/airflow/.local/lib/python3.12/site-packages/airflow/example_dags/example_trigger_target_dag.py
[2025-01-19T21:46:50.509+0000] {logging_mixin.py:190} INFO - [2025-01-19T21:46:50.509+0000] {dag.py:3239} INFO - Sync 1 DAGs
[2025-01-19T21:46:50.533+0000] {logging_mixin.py:190} INFO - [2025-01-19T21:46:50.533+0000] {dag.py:4180} INFO - Setting next_dagrun for example_trigger_target_dag to None, run_after=None
[2025-01-19T21:46:50.573+0000] {processor.py:208} INFO - Processing /home/airflow/.local/lib/python3.12/site-packages/airflow/example_dags/example_trigger_target_dag.py took 0.108 seconds
[2025-01-19T21:47:21.067+0000] {processor.py:186} INFO - Started process (PID=1168) to work on /home/airflow/.local/lib/python3.12/site-packages/airflow/example_dags/example_trigger_target_dag.py
[2025-01-19T21:47:21.069+0000] {processor.py:914} INFO - Processing file /home/airflow/.local/lib/python3.12/site-packages/airflow/example_dags/example_trigger_target_dag.py for tasks to queue
[2025-01-19T21:47:21.073+0000] {logging_mixin.py:190} INFO - [2025-01-19T21:47:21.073+0000] {dagbag.py:588} INFO - Filling up the DagBag from /home/airflow/.local/lib/python3.12/site-packages/airflow/example_dags/example_trigger_target_dag.py
[2025-01-19T21:47:21.096+0000] {processor.py:925} INFO - DAG(s) 'example_trigger_target_dag' retrieved from /home/airflow/.local/lib/python3.12/site-packages/airflow/example_dags/example_trigger_target_dag.py
[2025-01-19T21:47:21.146+0000] {logging_mixin.py:190} INFO - [2025-01-19T21:47:21.145+0000] {dag.py:3239} INFO - Sync 1 DAGs
[2025-01-19T21:47:21.171+0000] {logging_mixin.py:190} INFO - [2025-01-19T21:47:21.171+0000] {dag.py:4180} INFO - Setting next_dagrun for example_trigger_target_dag to None, run_after=None
[2025-01-19T21:47:21.201+0000] {processor.py:208} INFO - Processing /home/airflow/.local/lib/python3.12/site-packages/airflow/example_dags/example_trigger_target_dag.py took 0.143 seconds
[2025-01-19T21:47:53.125+0000] {processor.py:186} INFO - Started process (PID=1238) to work on /home/airflow/.local/lib/python3.12/site-packages/airflow/example_dags/example_trigger_target_dag.py
[2025-01-19T21:47:53.127+0000] {processor.py:914} INFO - Processing file /home/airflow/.local/lib/python3.12/site-packages/airflow/example_dags/example_trigger_target_dag.py for tasks to queue
[2025-01-19T21:47:53.131+0000] {logging_mixin.py:190} INFO - [2025-01-19T21:47:53.131+0000] {dagbag.py:588} INFO - Filling up the DagBag from /home/airflow/.local/lib/python3.12/site-packages/airflow/example_dags/example_trigger_target_dag.py
[2025-01-19T21:47:53.141+0000] {processor.py:925} INFO - DAG(s) 'example_trigger_target_dag' retrieved from /home/airflow/.local/lib/python3.12/site-packages/airflow/example_dags/example_trigger_target_dag.py
[2025-01-19T21:47:53.160+0000] {logging_mixin.py:190} INFO - [2025-01-19T21:47:53.159+0000] {dag.py:3239} INFO - Sync 1 DAGs
[2025-01-19T21:47:53.173+0000] {logging_mixin.py:190} INFO - [2025-01-19T21:47:53.173+0000] {dag.py:4180} INFO - Setting next_dagrun for example_trigger_target_dag to None, run_after=None
[2025-01-19T21:47:53.203+0000] {processor.py:208} INFO - Processing /home/airflow/.local/lib/python3.12/site-packages/airflow/example_dags/example_trigger_target_dag.py took 0.089 seconds
[2025-01-19T21:48:23.834+0000] {processor.py:186} INFO - Started process (PID=1307) to work on /home/airflow/.local/lib/python3.12/site-packages/airflow/example_dags/example_trigger_target_dag.py
[2025-01-19T21:48:23.835+0000] {processor.py:914} INFO - Processing file /home/airflow/.local/lib/python3.12/site-packages/airflow/example_dags/example_trigger_target_dag.py for tasks to queue
[2025-01-19T21:48:23.838+0000] {logging_mixin.py:190} INFO - [2025-01-19T21:48:23.837+0000] {dagbag.py:588} INFO - Filling up the DagBag from /home/airflow/.local/lib/python3.12/site-packages/airflow/example_dags/example_trigger_target_dag.py
[2025-01-19T21:48:23.845+0000] {processor.py:925} INFO - DAG(s) 'example_trigger_target_dag' retrieved from /home/airflow/.local/lib/python3.12/site-packages/airflow/example_dags/example_trigger_target_dag.py
[2025-01-19T21:48:23.890+0000] {logging_mixin.py:190} INFO - [2025-01-19T21:48:23.889+0000] {dag.py:3239} INFO - Sync 1 DAGs
[2025-01-19T21:48:23.915+0000] {logging_mixin.py:190} INFO - [2025-01-19T21:48:23.914+0000] {dag.py:4180} INFO - Setting next_dagrun for example_trigger_target_dag to None, run_after=None
[2025-01-19T21:48:23.938+0000] {processor.py:208} INFO - Processing /home/airflow/.local/lib/python3.12/site-packages/airflow/example_dags/example_trigger_target_dag.py took 0.110 seconds
[2025-01-19T21:48:54.716+0000] {processor.py:186} INFO - Started process (PID=1376) to work on /home/airflow/.local/lib/python3.12/site-packages/airflow/example_dags/example_trigger_target_dag.py
[2025-01-19T21:48:54.719+0000] {processor.py:914} INFO - Processing file /home/airflow/.local/lib/python3.12/site-packages/airflow/example_dags/example_trigger_target_dag.py for tasks to queue
[2025-01-19T21:48:54.724+0000] {logging_mixin.py:190} INFO - [2025-01-19T21:48:54.723+0000] {dagbag.py:588} INFO - Filling up the DagBag from /home/airflow/.local/lib/python3.12/site-packages/airflow/example_dags/example_trigger_target_dag.py
[2025-01-19T21:48:54.740+0000] {processor.py:925} INFO - DAG(s) 'example_trigger_target_dag' retrieved from /home/airflow/.local/lib/python3.12/site-packages/airflow/example_dags/example_trigger_target_dag.py
[2025-01-19T21:48:54.769+0000] {logging_mixin.py:190} INFO - [2025-01-19T21:48:54.769+0000] {dag.py:3239} INFO - Sync 1 DAGs
[2025-01-19T21:48:54.783+0000] {logging_mixin.py:190} INFO - [2025-01-19T21:48:54.783+0000] {dag.py:4180} INFO - Setting next_dagrun for example_trigger_target_dag to None, run_after=None
[2025-01-19T21:48:54.808+0000] {processor.py:208} INFO - Processing /home/airflow/.local/lib/python3.12/site-packages/airflow/example_dags/example_trigger_target_dag.py took 0.098 seconds
[2025-01-19T21:49:26.306+0000] {processor.py:186} INFO - Started process (PID=1445) to work on /home/airflow/.local/lib/python3.12/site-packages/airflow/example_dags/example_trigger_target_dag.py
[2025-01-19T21:49:26.308+0000] {processor.py:914} INFO - Processing file /home/airflow/.local/lib/python3.12/site-packages/airflow/example_dags/example_trigger_target_dag.py for tasks to queue
[2025-01-19T21:49:26.311+0000] {logging_mixin.py:190} INFO - [2025-01-19T21:49:26.310+0000] {dagbag.py:588} INFO - Filling up the DagBag from /home/airflow/.local/lib/python3.12/site-packages/airflow/example_dags/example_trigger_target_dag.py
[2025-01-19T21:49:26.321+0000] {processor.py:925} INFO - DAG(s) 'example_trigger_target_dag' retrieved from /home/airflow/.local/lib/python3.12/site-packages/airflow/example_dags/example_trigger_target_dag.py
[2025-01-19T21:49:26.340+0000] {logging_mixin.py:190} INFO - [2025-01-19T21:49:26.340+0000] {dag.py:3239} INFO - Sync 1 DAGs
[2025-01-19T21:49:26.356+0000] {logging_mixin.py:190} INFO - [2025-01-19T21:49:26.356+0000] {dag.py:4180} INFO - Setting next_dagrun for example_trigger_target_dag to None, run_after=None
[2025-01-19T21:49:26.373+0000] {processor.py:208} INFO - Processing /home/airflow/.local/lib/python3.12/site-packages/airflow/example_dags/example_trigger_target_dag.py took 0.076 seconds
[2025-01-19T21:49:57.714+0000] {processor.py:186} INFO - Started process (PID=1514) to work on /home/airflow/.local/lib/python3.12/site-packages/airflow/example_dags/example_trigger_target_dag.py
[2025-01-19T21:49:57.716+0000] {processor.py:914} INFO - Processing file /home/airflow/.local/lib/python3.12/site-packages/airflow/example_dags/example_trigger_target_dag.py for tasks to queue
[2025-01-19T21:49:57.719+0000] {logging_mixin.py:190} INFO - [2025-01-19T21:49:57.719+0000] {dagbag.py:588} INFO - Filling up the DagBag from /home/airflow/.local/lib/python3.12/site-packages/airflow/example_dags/example_trigger_target_dag.py
[2025-01-19T21:49:57.730+0000] {processor.py:925} INFO - DAG(s) 'example_trigger_target_dag' retrieved from /home/airflow/.local/lib/python3.12/site-packages/airflow/example_dags/example_trigger_target_dag.py
[2025-01-19T21:49:57.754+0000] {logging_mixin.py:190} INFO - [2025-01-19T21:49:57.753+0000] {dag.py:3239} INFO - Sync 1 DAGs
[2025-01-19T21:49:57.769+0000] {logging_mixin.py:190} INFO - [2025-01-19T21:49:57.769+0000] {dag.py:4180} INFO - Setting next_dagrun for example_trigger_target_dag to None, run_after=None
[2025-01-19T21:49:57.797+0000] {processor.py:208} INFO - Processing /home/airflow/.local/lib/python3.12/site-packages/airflow/example_dags/example_trigger_target_dag.py took 0.090 seconds
[2025-01-19T21:50:29.330+0000] {processor.py:186} INFO - Started process (PID=1583) to work on /home/airflow/.local/lib/python3.12/site-packages/airflow/example_dags/example_trigger_target_dag.py
[2025-01-19T21:50:29.332+0000] {processor.py:914} INFO - Processing file /home/airflow/.local/lib/python3.12/site-packages/airflow/example_dags/example_trigger_target_dag.py for tasks to queue
[2025-01-19T21:50:29.335+0000] {logging_mixin.py:190} INFO - [2025-01-19T21:50:29.335+0000] {dagbag.py:588} INFO - Filling up the DagBag from /home/airflow/.local/lib/python3.12/site-packages/airflow/example_dags/example_trigger_target_dag.py
[2025-01-19T21:50:29.344+0000] {processor.py:925} INFO - DAG(s) 'example_trigger_target_dag' retrieved from /home/airflow/.local/lib/python3.12/site-packages/airflow/example_dags/example_trigger_target_dag.py
[2025-01-19T21:50:29.362+0000] {logging_mixin.py:190} INFO - [2025-01-19T21:50:29.362+0000] {dag.py:3239} INFO - Sync 1 DAGs
[2025-01-19T21:50:29.376+0000] {logging_mixin.py:190} INFO - [2025-01-19T21:50:29.376+0000] {dag.py:4180} INFO - Setting next_dagrun for example_trigger_target_dag to None, run_after=None
[2025-01-19T21:50:29.394+0000] {processor.py:208} INFO - Processing /home/airflow/.local/lib/python3.12/site-packages/airflow/example_dags/example_trigger_target_dag.py took 0.069 seconds
[2025-01-19T21:50:59.885+0000] {processor.py:186} INFO - Started process (PID=1652) to work on /home/airflow/.local/lib/python3.12/site-packages/airflow/example_dags/example_trigger_target_dag.py
[2025-01-19T21:50:59.889+0000] {processor.py:914} INFO - Processing file /home/airflow/.local/lib/python3.12/site-packages/airflow/example_dags/example_trigger_target_dag.py for tasks to queue
[2025-01-19T21:50:59.892+0000] {logging_mixin.py:190} INFO - [2025-01-19T21:50:59.892+0000] {dagbag.py:588} INFO - Filling up the DagBag from /home/airflow/.local/lib/python3.12/site-packages/airflow/example_dags/example_trigger_target_dag.py
[2025-01-19T21:50:59.905+0000] {processor.py:925} INFO - DAG(s) 'example_trigger_target_dag' retrieved from /home/airflow/.local/lib/python3.12/site-packages/airflow/example_dags/example_trigger_target_dag.py
[2025-01-19T21:50:59.933+0000] {logging_mixin.py:190} INFO - [2025-01-19T21:50:59.932+0000] {dag.py:3239} INFO - Sync 1 DAGs
[2025-01-19T21:50:59.953+0000] {logging_mixin.py:190} INFO - [2025-01-19T21:50:59.952+0000] {dag.py:4180} INFO - Setting next_dagrun for example_trigger_target_dag to None, run_after=None
[2025-01-19T21:50:59.976+0000] {processor.py:208} INFO - Processing /home/airflow/.local/lib/python3.12/site-packages/airflow/example_dags/example_trigger_target_dag.py took 0.097 seconds
[2025-01-19T21:51:32.049+0000] {processor.py:186} INFO - Started process (PID=1721) to work on /home/airflow/.local/lib/python3.12/site-packages/airflow/example_dags/example_trigger_target_dag.py
[2025-01-19T21:51:32.051+0000] {processor.py:914} INFO - Processing file /home/airflow/.local/lib/python3.12/site-packages/airflow/example_dags/example_trigger_target_dag.py for tasks to queue
[2025-01-19T21:51:32.056+0000] {logging_mixin.py:190} INFO - [2025-01-19T21:51:32.055+0000] {dagbag.py:588} INFO - Filling up the DagBag from /home/airflow/.local/lib/python3.12/site-packages/airflow/example_dags/example_trigger_target_dag.py
[2025-01-19T21:51:32.071+0000] {processor.py:925} INFO - DAG(s) 'example_trigger_target_dag' retrieved from /home/airflow/.local/lib/python3.12/site-packages/airflow/example_dags/example_trigger_target_dag.py
[2025-01-19T21:51:32.098+0000] {logging_mixin.py:190} INFO - [2025-01-19T21:51:32.098+0000] {dag.py:3239} INFO - Sync 1 DAGs
[2025-01-19T21:51:32.114+0000] {logging_mixin.py:190} INFO - [2025-01-19T21:51:32.113+0000] {dag.py:4180} INFO - Setting next_dagrun for example_trigger_target_dag to None, run_after=None
[2025-01-19T21:51:32.136+0000] {processor.py:208} INFO - Processing /home/airflow/.local/lib/python3.12/site-packages/airflow/example_dags/example_trigger_target_dag.py took 0.099 seconds
