[2025-01-19T21:39:30.433+0000] {processor.py:186} INFO - Started process (PID=134) to work on /home/airflow/.local/lib/python3.12/site-packages/airflow/example_dags/example_sensors.py
[2025-01-19T21:39:30.437+0000] {processor.py:914} INFO - Processing file /home/airflow/.local/lib/python3.12/site-packages/airflow/example_dags/example_sensors.py for tasks to queue
[2025-01-19T21:39:30.442+0000] {logging_mixin.py:190} INFO - [2025-01-19T21:39:30.441+0000] {dagbag.py:588} INFO - Filling up the DagBag from /home/airflow/.local/lib/python3.12/site-packages/airflow/example_dags/example_sensors.py
[2025-01-19T21:39:30.463+0000] {processor.py:925} INFO - DAG(s) 'example_sensors' retrieved from /home/airflow/.local/lib/python3.12/site-packages/airflow/example_dags/example_sensors.py
[2025-01-19T21:39:30.572+0000] {logging_mixin.py:190} INFO - [2025-01-19T21:39:30.572+0000] {override.py:1911} INFO - Created Permission View: can edit on DAG:example_sensors
[2025-01-19T21:39:30.582+0000] {logging_mixin.py:190} INFO - [2025-01-19T21:39:30.582+0000] {override.py:1911} INFO - Created Permission View: can delete on DAG:example_sensors
[2025-01-19T21:39:30.588+0000] {logging_mixin.py:190} INFO - [2025-01-19T21:39:30.588+0000] {override.py:1911} INFO - Created Permission View: can read on DAG:example_sensors
[2025-01-19T21:39:30.597+0000] {logging_mixin.py:190} INFO - [2025-01-19T21:39:30.597+0000] {override.py:1911} INFO - Created Permission View: menu access on DAG Run:example_sensors
[2025-01-19T21:39:30.603+0000] {logging_mixin.py:190} INFO - [2025-01-19T21:39:30.603+0000] {override.py:1911} INFO - Created Permission View: can create on DAG Run:example_sensors
[2025-01-19T21:39:30.612+0000] {logging_mixin.py:190} INFO - [2025-01-19T21:39:30.612+0000] {override.py:1911} INFO - Created Permission View: can delete on DAG Run:example_sensors
[2025-01-19T21:39:30.618+0000] {logging_mixin.py:190} INFO - [2025-01-19T21:39:30.617+0000] {override.py:1911} INFO - Created Permission View: can read on DAG Run:example_sensors
[2025-01-19T21:39:30.619+0000] {logging_mixin.py:190} INFO - [2025-01-19T21:39:30.618+0000] {dag.py:3239} INFO - Sync 1 DAGs
[2025-01-19T21:39:30.630+0000] {logging_mixin.py:190} INFO - [2025-01-19T21:39:30.630+0000] {dag.py:3262} INFO - Creating ORM DAG for example_sensors
[2025-01-19T21:39:30.631+0000] {logging_mixin.py:190} INFO - [2025-01-19T21:39:30.631+0000] {dag.py:4180} INFO - Setting next_dagrun for example_sensors to None, run_after=None
[2025-01-19T21:39:30.648+0000] {processor.py:208} INFO - Processing /home/airflow/.local/lib/python3.12/site-packages/airflow/example_dags/example_sensors.py took 0.231 seconds
[2025-01-19T21:40:01.332+0000] {processor.py:186} INFO - Started process (PID=203) to work on /home/airflow/.local/lib/python3.12/site-packages/airflow/example_dags/example_sensors.py
[2025-01-19T21:40:01.336+0000] {processor.py:914} INFO - Processing file /home/airflow/.local/lib/python3.12/site-packages/airflow/example_dags/example_sensors.py for tasks to queue
[2025-01-19T21:40:01.345+0000] {logging_mixin.py:190} INFO - [2025-01-19T21:40:01.344+0000] {dagbag.py:588} INFO - Filling up the DagBag from /home/airflow/.local/lib/python3.12/site-packages/airflow/example_dags/example_sensors.py
[2025-01-19T21:40:01.372+0000] {processor.py:925} INFO - DAG(s) 'example_sensors' retrieved from /home/airflow/.local/lib/python3.12/site-packages/airflow/example_dags/example_sensors.py
[2025-01-19T21:40:01.417+0000] {logging_mixin.py:190} INFO - [2025-01-19T21:40:01.416+0000] {dag.py:3239} INFO - Sync 1 DAGs
[2025-01-19T21:40:01.442+0000] {logging_mixin.py:190} INFO - [2025-01-19T21:40:01.442+0000] {dag.py:4180} INFO - Setting next_dagrun for example_sensors to None, run_after=None
[2025-01-19T21:40:01.463+0000] {processor.py:208} INFO - Processing /home/airflow/.local/lib/python3.12/site-packages/airflow/example_dags/example_sensors.py took 0.144 seconds
[2025-01-19T21:40:32.495+0000] {processor.py:186} INFO - Started process (PID=272) to work on /home/airflow/.local/lib/python3.12/site-packages/airflow/example_dags/example_sensors.py
[2025-01-19T21:40:32.497+0000] {processor.py:914} INFO - Processing file /home/airflow/.local/lib/python3.12/site-packages/airflow/example_dags/example_sensors.py for tasks to queue
[2025-01-19T21:40:32.499+0000] {logging_mixin.py:190} INFO - [2025-01-19T21:40:32.499+0000] {dagbag.py:588} INFO - Filling up the DagBag from /home/airflow/.local/lib/python3.12/site-packages/airflow/example_dags/example_sensors.py
[2025-01-19T21:40:32.513+0000] {processor.py:925} INFO - DAG(s) 'example_sensors' retrieved from /home/airflow/.local/lib/python3.12/site-packages/airflow/example_dags/example_sensors.py
[2025-01-19T21:40:32.544+0000] {logging_mixin.py:190} INFO - [2025-01-19T21:40:32.544+0000] {dag.py:3239} INFO - Sync 1 DAGs
[2025-01-19T21:40:32.562+0000] {logging_mixin.py:190} INFO - [2025-01-19T21:40:32.561+0000] {dag.py:4180} INFO - Setting next_dagrun for example_sensors to None, run_after=None
[2025-01-19T21:40:32.579+0000] {processor.py:208} INFO - Processing /home/airflow/.local/lib/python3.12/site-packages/airflow/example_dags/example_sensors.py took 0.090 seconds
[2025-01-19T21:41:08.273+0000] {processor.py:186} INFO - Started process (PID=341) to work on /home/airflow/.local/lib/python3.12/site-packages/airflow/example_dags/example_sensors.py
[2025-01-19T21:41:08.294+0000] {processor.py:914} INFO - Processing file /home/airflow/.local/lib/python3.12/site-packages/airflow/example_dags/example_sensors.py for tasks to queue
[2025-01-19T21:41:08.301+0000] {logging_mixin.py:190} INFO - [2025-01-19T21:41:08.300+0000] {dagbag.py:588} INFO - Filling up the DagBag from /home/airflow/.local/lib/python3.12/site-packages/airflow/example_dags/example_sensors.py
[2025-01-19T21:41:08.324+0000] {processor.py:925} INFO - DAG(s) 'example_sensors' retrieved from /home/airflow/.local/lib/python3.12/site-packages/airflow/example_dags/example_sensors.py
[2025-01-19T21:41:08.358+0000] {logging_mixin.py:190} INFO - [2025-01-19T21:41:08.357+0000] {dag.py:3239} INFO - Sync 1 DAGs
[2025-01-19T21:41:08.388+0000] {logging_mixin.py:190} INFO - [2025-01-19T21:41:08.387+0000] {dag.py:4180} INFO - Setting next_dagrun for example_sensors to None, run_after=None
[2025-01-19T21:41:09.378+0000] {processor.py:208} INFO - Processing /home/airflow/.local/lib/python3.12/site-packages/airflow/example_dags/example_sensors.py took 1.116 seconds
[2025-01-19T21:41:40.135+0000] {processor.py:186} INFO - Started process (PID=410) to work on /home/airflow/.local/lib/python3.12/site-packages/airflow/example_dags/example_sensors.py
[2025-01-19T21:41:40.138+0000] {processor.py:914} INFO - Processing file /home/airflow/.local/lib/python3.12/site-packages/airflow/example_dags/example_sensors.py for tasks to queue
[2025-01-19T21:41:40.145+0000] {logging_mixin.py:190} INFO - [2025-01-19T21:41:40.144+0000] {dagbag.py:588} INFO - Filling up the DagBag from /home/airflow/.local/lib/python3.12/site-packages/airflow/example_dags/example_sensors.py
[2025-01-19T21:41:40.160+0000] {processor.py:925} INFO - DAG(s) 'example_sensors' retrieved from /home/airflow/.local/lib/python3.12/site-packages/airflow/example_dags/example_sensors.py
[2025-01-19T21:41:40.184+0000] {logging_mixin.py:190} INFO - [2025-01-19T21:41:40.183+0000] {dag.py:3239} INFO - Sync 1 DAGs
[2025-01-19T21:41:40.196+0000] {logging_mixin.py:190} INFO - [2025-01-19T21:41:40.196+0000] {dag.py:4180} INFO - Setting next_dagrun for example_sensors to None, run_after=None
[2025-01-19T21:41:40.545+0000] {processor.py:208} INFO - Processing /home/airflow/.local/lib/python3.12/site-packages/airflow/example_dags/example_sensors.py took 0.422 seconds
[2025-01-19T21:42:13.766+0000] {processor.py:186} INFO - Started process (PID=479) to work on /home/airflow/.local/lib/python3.12/site-packages/airflow/example_dags/example_sensors.py
[2025-01-19T21:42:13.769+0000] {processor.py:914} INFO - Processing file /home/airflow/.local/lib/python3.12/site-packages/airflow/example_dags/example_sensors.py for tasks to queue
[2025-01-19T21:42:13.775+0000] {logging_mixin.py:190} INFO - [2025-01-19T21:42:13.774+0000] {dagbag.py:588} INFO - Filling up the DagBag from /home/airflow/.local/lib/python3.12/site-packages/airflow/example_dags/example_sensors.py
[2025-01-19T21:42:13.794+0000] {processor.py:925} INFO - DAG(s) 'example_sensors' retrieved from /home/airflow/.local/lib/python3.12/site-packages/airflow/example_dags/example_sensors.py
[2025-01-19T21:42:13.827+0000] {logging_mixin.py:190} INFO - [2025-01-19T21:42:13.827+0000] {dag.py:3239} INFO - Sync 1 DAGs
[2025-01-19T21:42:13.840+0000] {logging_mixin.py:190} INFO - [2025-01-19T21:42:13.840+0000] {dag.py:4180} INFO - Setting next_dagrun for example_sensors to None, run_after=None
[2025-01-19T21:42:13.859+0000] {processor.py:208} INFO - Processing /home/airflow/.local/lib/python3.12/site-packages/airflow/example_dags/example_sensors.py took 0.106 seconds
[2025-01-19T21:42:44.707+0000] {processor.py:186} INFO - Started process (PID=548) to work on /home/airflow/.local/lib/python3.12/site-packages/airflow/example_dags/example_sensors.py
[2025-01-19T21:42:44.709+0000] {processor.py:914} INFO - Processing file /home/airflow/.local/lib/python3.12/site-packages/airflow/example_dags/example_sensors.py for tasks to queue
[2025-01-19T21:42:44.711+0000] {logging_mixin.py:190} INFO - [2025-01-19T21:42:44.711+0000] {dagbag.py:588} INFO - Filling up the DagBag from /home/airflow/.local/lib/python3.12/site-packages/airflow/example_dags/example_sensors.py
[2025-01-19T21:42:44.722+0000] {processor.py:925} INFO - DAG(s) 'example_sensors' retrieved from /home/airflow/.local/lib/python3.12/site-packages/airflow/example_dags/example_sensors.py
[2025-01-19T21:42:44.778+0000] {logging_mixin.py:190} INFO - [2025-01-19T21:42:44.777+0000] {dag.py:3239} INFO - Sync 1 DAGs
[2025-01-19T21:42:44.796+0000] {logging_mixin.py:190} INFO - [2025-01-19T21:42:44.796+0000] {dag.py:4180} INFO - Setting next_dagrun for example_sensors to None, run_after=None
[2025-01-19T21:42:44.814+0000] {processor.py:208} INFO - Processing /home/airflow/.local/lib/python3.12/site-packages/airflow/example_dags/example_sensors.py took 0.113 seconds
[2025-01-19T21:43:15.637+0000] {processor.py:186} INFO - Started process (PID=617) to work on /home/airflow/.local/lib/python3.12/site-packages/airflow/example_dags/example_sensors.py
[2025-01-19T21:43:15.639+0000] {processor.py:914} INFO - Processing file /home/airflow/.local/lib/python3.12/site-packages/airflow/example_dags/example_sensors.py for tasks to queue
[2025-01-19T21:43:15.642+0000] {logging_mixin.py:190} INFO - [2025-01-19T21:43:15.642+0000] {dagbag.py:588} INFO - Filling up the DagBag from /home/airflow/.local/lib/python3.12/site-packages/airflow/example_dags/example_sensors.py
[2025-01-19T21:43:15.654+0000] {processor.py:925} INFO - DAG(s) 'example_sensors' retrieved from /home/airflow/.local/lib/python3.12/site-packages/airflow/example_dags/example_sensors.py
[2025-01-19T21:43:15.677+0000] {logging_mixin.py:190} INFO - [2025-01-19T21:43:15.677+0000] {dag.py:3239} INFO - Sync 1 DAGs
[2025-01-19T21:43:15.695+0000] {logging_mixin.py:190} INFO - [2025-01-19T21:43:15.695+0000] {dag.py:4180} INFO - Setting next_dagrun for example_sensors to None, run_after=None
[2025-01-19T21:43:15.717+0000] {processor.py:208} INFO - Processing /home/airflow/.local/lib/python3.12/site-packages/airflow/example_dags/example_sensors.py took 0.089 seconds
[2025-01-19T21:43:46.108+0000] {processor.py:186} INFO - Started process (PID=686) to work on /home/airflow/.local/lib/python3.12/site-packages/airflow/example_dags/example_sensors.py
[2025-01-19T21:43:46.109+0000] {processor.py:914} INFO - Processing file /home/airflow/.local/lib/python3.12/site-packages/airflow/example_dags/example_sensors.py for tasks to queue
[2025-01-19T21:43:46.112+0000] {logging_mixin.py:190} INFO - [2025-01-19T21:43:46.112+0000] {dagbag.py:588} INFO - Filling up the DagBag from /home/airflow/.local/lib/python3.12/site-packages/airflow/example_dags/example_sensors.py
[2025-01-19T21:43:46.122+0000] {processor.py:925} INFO - DAG(s) 'example_sensors' retrieved from /home/airflow/.local/lib/python3.12/site-packages/airflow/example_dags/example_sensors.py
[2025-01-19T21:43:46.146+0000] {logging_mixin.py:190} INFO - [2025-01-19T21:43:46.146+0000] {dag.py:3239} INFO - Sync 1 DAGs
[2025-01-19T21:43:46.160+0000] {logging_mixin.py:190} INFO - [2025-01-19T21:43:46.160+0000] {dag.py:4180} INFO - Setting next_dagrun for example_sensors to None, run_after=None
[2025-01-19T21:43:46.180+0000] {processor.py:208} INFO - Processing /home/airflow/.local/lib/python3.12/site-packages/airflow/example_dags/example_sensors.py took 0.077 seconds
[2025-01-19T21:44:16.896+0000] {processor.py:186} INFO - Started process (PID=754) to work on /home/airflow/.local/lib/python3.12/site-packages/airflow/example_dags/example_sensors.py
[2025-01-19T21:44:16.898+0000] {processor.py:914} INFO - Processing file /home/airflow/.local/lib/python3.12/site-packages/airflow/example_dags/example_sensors.py for tasks to queue
[2025-01-19T21:44:16.901+0000] {logging_mixin.py:190} INFO - [2025-01-19T21:44:16.901+0000] {dagbag.py:588} INFO - Filling up the DagBag from /home/airflow/.local/lib/python3.12/site-packages/airflow/example_dags/example_sensors.py
[2025-01-19T21:44:16.912+0000] {processor.py:925} INFO - DAG(s) 'example_sensors' retrieved from /home/airflow/.local/lib/python3.12/site-packages/airflow/example_dags/example_sensors.py
[2025-01-19T21:44:16.948+0000] {logging_mixin.py:190} INFO - [2025-01-19T21:44:16.948+0000] {dag.py:3239} INFO - Sync 1 DAGs
[2025-01-19T21:44:16.972+0000] {logging_mixin.py:190} INFO - [2025-01-19T21:44:16.971+0000] {dag.py:4180} INFO - Setting next_dagrun for example_sensors to None, run_after=None
[2025-01-19T21:44:16.989+0000] {processor.py:208} INFO - Processing /home/airflow/.local/lib/python3.12/site-packages/airflow/example_dags/example_sensors.py took 0.101 seconds
[2025-01-19T21:44:47.324+0000] {processor.py:186} INFO - Started process (PID=823) to work on /home/airflow/.local/lib/python3.12/site-packages/airflow/example_dags/example_sensors.py
[2025-01-19T21:44:47.329+0000] {processor.py:914} INFO - Processing file /home/airflow/.local/lib/python3.12/site-packages/airflow/example_dags/example_sensors.py for tasks to queue
[2025-01-19T21:44:47.333+0000] {logging_mixin.py:190} INFO - [2025-01-19T21:44:47.332+0000] {dagbag.py:588} INFO - Filling up the DagBag from /home/airflow/.local/lib/python3.12/site-packages/airflow/example_dags/example_sensors.py
[2025-01-19T21:44:47.363+0000] {processor.py:925} INFO - DAG(s) 'example_sensors' retrieved from /home/airflow/.local/lib/python3.12/site-packages/airflow/example_dags/example_sensors.py
[2025-01-19T21:44:47.403+0000] {logging_mixin.py:190} INFO - [2025-01-19T21:44:47.403+0000] {dag.py:3239} INFO - Sync 1 DAGs
[2025-01-19T21:44:47.423+0000] {logging_mixin.py:190} INFO - [2025-01-19T21:44:47.423+0000] {dag.py:4180} INFO - Setting next_dagrun for example_sensors to None, run_after=None
[2025-01-19T21:44:47.450+0000] {processor.py:208} INFO - Processing /home/airflow/.local/lib/python3.12/site-packages/airflow/example_dags/example_sensors.py took 0.132 seconds
[2025-01-19T21:45:17.649+0000] {processor.py:186} INFO - Started process (PID=891) to work on /home/airflow/.local/lib/python3.12/site-packages/airflow/example_dags/example_sensors.py
[2025-01-19T21:45:17.651+0000] {processor.py:914} INFO - Processing file /home/airflow/.local/lib/python3.12/site-packages/airflow/example_dags/example_sensors.py for tasks to queue
[2025-01-19T21:45:17.654+0000] {logging_mixin.py:190} INFO - [2025-01-19T21:45:17.654+0000] {dagbag.py:588} INFO - Filling up the DagBag from /home/airflow/.local/lib/python3.12/site-packages/airflow/example_dags/example_sensors.py
[2025-01-19T21:45:17.669+0000] {processor.py:925} INFO - DAG(s) 'example_sensors' retrieved from /home/airflow/.local/lib/python3.12/site-packages/airflow/example_dags/example_sensors.py
[2025-01-19T21:45:17.701+0000] {logging_mixin.py:190} INFO - [2025-01-19T21:45:17.701+0000] {dag.py:3239} INFO - Sync 1 DAGs
[2025-01-19T21:45:17.720+0000] {logging_mixin.py:190} INFO - [2025-01-19T21:45:17.720+0000] {dag.py:4180} INFO - Setting next_dagrun for example_sensors to None, run_after=None
[2025-01-19T21:45:17.750+0000] {processor.py:208} INFO - Processing /home/airflow/.local/lib/python3.12/site-packages/airflow/example_dags/example_sensors.py took 0.108 seconds
[2025-01-19T21:45:48.310+0000] {processor.py:186} INFO - Started process (PID=961) to work on /home/airflow/.local/lib/python3.12/site-packages/airflow/example_dags/example_sensors.py
[2025-01-19T21:45:48.312+0000] {processor.py:914} INFO - Processing file /home/airflow/.local/lib/python3.12/site-packages/airflow/example_dags/example_sensors.py for tasks to queue
[2025-01-19T21:45:48.316+0000] {logging_mixin.py:190} INFO - [2025-01-19T21:45:48.316+0000] {dagbag.py:588} INFO - Filling up the DagBag from /home/airflow/.local/lib/python3.12/site-packages/airflow/example_dags/example_sensors.py
[2025-01-19T21:45:48.341+0000] {processor.py:925} INFO - DAG(s) 'example_sensors' retrieved from /home/airflow/.local/lib/python3.12/site-packages/airflow/example_dags/example_sensors.py
[2025-01-19T21:45:48.408+0000] {logging_mixin.py:190} INFO - [2025-01-19T21:45:48.407+0000] {dag.py:3239} INFO - Sync 1 DAGs
[2025-01-19T21:45:48.441+0000] {logging_mixin.py:190} INFO - [2025-01-19T21:45:48.441+0000] {dag.py:4180} INFO - Setting next_dagrun for example_sensors to None, run_after=None
[2025-01-19T21:45:48.491+0000] {processor.py:208} INFO - Processing /home/airflow/.local/lib/python3.12/site-packages/airflow/example_dags/example_sensors.py took 0.188 seconds
[2025-01-19T21:46:18.986+0000] {processor.py:186} INFO - Started process (PID=1030) to work on /home/airflow/.local/lib/python3.12/site-packages/airflow/example_dags/example_sensors.py
[2025-01-19T21:46:18.987+0000] {processor.py:914} INFO - Processing file /home/airflow/.local/lib/python3.12/site-packages/airflow/example_dags/example_sensors.py for tasks to queue
[2025-01-19T21:46:18.990+0000] {logging_mixin.py:190} INFO - [2025-01-19T21:46:18.989+0000] {dagbag.py:588} INFO - Filling up the DagBag from /home/airflow/.local/lib/python3.12/site-packages/airflow/example_dags/example_sensors.py
[2025-01-19T21:46:18.998+0000] {processor.py:925} INFO - DAG(s) 'example_sensors' retrieved from /home/airflow/.local/lib/python3.12/site-packages/airflow/example_dags/example_sensors.py
[2025-01-19T21:46:19.023+0000] {logging_mixin.py:190} INFO - [2025-01-19T21:46:19.023+0000] {dag.py:3239} INFO - Sync 1 DAGs
[2025-01-19T21:46:19.041+0000] {logging_mixin.py:190} INFO - [2025-01-19T21:46:19.040+0000] {dag.py:4180} INFO - Setting next_dagrun for example_sensors to None, run_after=None
[2025-01-19T21:46:19.065+0000] {processor.py:208} INFO - Processing /home/airflow/.local/lib/python3.12/site-packages/airflow/example_dags/example_sensors.py took 0.083 seconds
[2025-01-19T21:46:51.806+0000] {processor.py:186} INFO - Started process (PID=1105) to work on /home/airflow/.local/lib/python3.12/site-packages/airflow/example_dags/example_sensors.py
[2025-01-19T21:46:51.808+0000] {processor.py:914} INFO - Processing file /home/airflow/.local/lib/python3.12/site-packages/airflow/example_dags/example_sensors.py for tasks to queue
[2025-01-19T21:46:51.810+0000] {logging_mixin.py:190} INFO - [2025-01-19T21:46:51.810+0000] {dagbag.py:588} INFO - Filling up the DagBag from /home/airflow/.local/lib/python3.12/site-packages/airflow/example_dags/example_sensors.py
[2025-01-19T21:46:51.821+0000] {processor.py:925} INFO - DAG(s) 'example_sensors' retrieved from /home/airflow/.local/lib/python3.12/site-packages/airflow/example_dags/example_sensors.py
[2025-01-19T21:46:51.844+0000] {logging_mixin.py:190} INFO - [2025-01-19T21:46:51.843+0000] {dag.py:3239} INFO - Sync 1 DAGs
[2025-01-19T21:46:51.858+0000] {logging_mixin.py:190} INFO - [2025-01-19T21:46:51.858+0000] {dag.py:4180} INFO - Setting next_dagrun for example_sensors to None, run_after=None
[2025-01-19T21:46:51.876+0000] {processor.py:208} INFO - Processing /home/airflow/.local/lib/python3.12/site-packages/airflow/example_dags/example_sensors.py took 0.075 seconds
[2025-01-19T21:47:22.088+0000] {processor.py:186} INFO - Started process (PID=1180) to work on /home/airflow/.local/lib/python3.12/site-packages/airflow/example_dags/example_sensors.py
[2025-01-19T21:47:22.090+0000] {processor.py:914} INFO - Processing file /home/airflow/.local/lib/python3.12/site-packages/airflow/example_dags/example_sensors.py for tasks to queue
[2025-01-19T21:47:22.093+0000] {logging_mixin.py:190} INFO - [2025-01-19T21:47:22.093+0000] {dagbag.py:588} INFO - Filling up the DagBag from /home/airflow/.local/lib/python3.12/site-packages/airflow/example_dags/example_sensors.py
[2025-01-19T21:47:22.104+0000] {processor.py:925} INFO - DAG(s) 'example_sensors' retrieved from /home/airflow/.local/lib/python3.12/site-packages/airflow/example_dags/example_sensors.py
[2025-01-19T21:47:22.128+0000] {logging_mixin.py:190} INFO - [2025-01-19T21:47:22.128+0000] {dag.py:3239} INFO - Sync 1 DAGs
[2025-01-19T21:47:22.142+0000] {logging_mixin.py:190} INFO - [2025-01-19T21:47:22.142+0000] {dag.py:4180} INFO - Setting next_dagrun for example_sensors to None, run_after=None
[2025-01-19T21:47:22.158+0000] {processor.py:208} INFO - Processing /home/airflow/.local/lib/python3.12/site-packages/airflow/example_dags/example_sensors.py took 0.077 seconds
[2025-01-19T21:47:54.528+0000] {processor.py:186} INFO - Started process (PID=1250) to work on /home/airflow/.local/lib/python3.12/site-packages/airflow/example_dags/example_sensors.py
[2025-01-19T21:47:54.532+0000] {processor.py:914} INFO - Processing file /home/airflow/.local/lib/python3.12/site-packages/airflow/example_dags/example_sensors.py for tasks to queue
[2025-01-19T21:47:54.537+0000] {logging_mixin.py:190} INFO - [2025-01-19T21:47:54.536+0000] {dagbag.py:588} INFO - Filling up the DagBag from /home/airflow/.local/lib/python3.12/site-packages/airflow/example_dags/example_sensors.py
[2025-01-19T21:47:54.555+0000] {processor.py:925} INFO - DAG(s) 'example_sensors' retrieved from /home/airflow/.local/lib/python3.12/site-packages/airflow/example_dags/example_sensors.py
[2025-01-19T21:47:54.598+0000] {logging_mixin.py:190} INFO - [2025-01-19T21:47:54.597+0000] {dag.py:3239} INFO - Sync 1 DAGs
[2025-01-19T21:47:54.628+0000] {logging_mixin.py:190} INFO - [2025-01-19T21:47:54.627+0000] {dag.py:4180} INFO - Setting next_dagrun for example_sensors to None, run_after=None
[2025-01-19T21:47:54.654+0000] {processor.py:208} INFO - Processing /home/airflow/.local/lib/python3.12/site-packages/airflow/example_dags/example_sensors.py took 0.137 seconds
[2025-01-19T21:48:25.121+0000] {processor.py:186} INFO - Started process (PID=1319) to work on /home/airflow/.local/lib/python3.12/site-packages/airflow/example_dags/example_sensors.py
[2025-01-19T21:48:25.126+0000] {processor.py:914} INFO - Processing file /home/airflow/.local/lib/python3.12/site-packages/airflow/example_dags/example_sensors.py for tasks to queue
[2025-01-19T21:48:25.133+0000] {logging_mixin.py:190} INFO - [2025-01-19T21:48:25.132+0000] {dagbag.py:588} INFO - Filling up the DagBag from /home/airflow/.local/lib/python3.12/site-packages/airflow/example_dags/example_sensors.py
[2025-01-19T21:48:25.151+0000] {processor.py:925} INFO - DAG(s) 'example_sensors' retrieved from /home/airflow/.local/lib/python3.12/site-packages/airflow/example_dags/example_sensors.py
[2025-01-19T21:48:25.178+0000] {logging_mixin.py:190} INFO - [2025-01-19T21:48:25.178+0000] {dag.py:3239} INFO - Sync 1 DAGs
[2025-01-19T21:48:25.192+0000] {logging_mixin.py:190} INFO - [2025-01-19T21:48:25.192+0000] {dag.py:4180} INFO - Setting next_dagrun for example_sensors to None, run_after=None
[2025-01-19T21:48:25.224+0000] {processor.py:208} INFO - Processing /home/airflow/.local/lib/python3.12/site-packages/airflow/example_dags/example_sensors.py took 0.115 seconds
[2025-01-19T21:48:55.595+0000] {processor.py:186} INFO - Started process (PID=1388) to work on /home/airflow/.local/lib/python3.12/site-packages/airflow/example_dags/example_sensors.py
[2025-01-19T21:48:55.597+0000] {processor.py:914} INFO - Processing file /home/airflow/.local/lib/python3.12/site-packages/airflow/example_dags/example_sensors.py for tasks to queue
[2025-01-19T21:48:55.601+0000] {logging_mixin.py:190} INFO - [2025-01-19T21:48:55.601+0000] {dagbag.py:588} INFO - Filling up the DagBag from /home/airflow/.local/lib/python3.12/site-packages/airflow/example_dags/example_sensors.py
[2025-01-19T21:48:55.616+0000] {processor.py:925} INFO - DAG(s) 'example_sensors' retrieved from /home/airflow/.local/lib/python3.12/site-packages/airflow/example_dags/example_sensors.py
[2025-01-19T21:48:55.646+0000] {logging_mixin.py:190} INFO - [2025-01-19T21:48:55.646+0000] {dag.py:3239} INFO - Sync 1 DAGs
[2025-01-19T21:48:55.664+0000] {logging_mixin.py:190} INFO - [2025-01-19T21:48:55.664+0000] {dag.py:4180} INFO - Setting next_dagrun for example_sensors to None, run_after=None
[2025-01-19T21:48:55.687+0000] {processor.py:208} INFO - Processing /home/airflow/.local/lib/python3.12/site-packages/airflow/example_dags/example_sensors.py took 0.101 seconds
[2025-01-19T21:49:27.952+0000] {processor.py:186} INFO - Started process (PID=1457) to work on /home/airflow/.local/lib/python3.12/site-packages/airflow/example_dags/example_sensors.py
[2025-01-19T21:49:27.953+0000] {processor.py:914} INFO - Processing file /home/airflow/.local/lib/python3.12/site-packages/airflow/example_dags/example_sensors.py for tasks to queue
[2025-01-19T21:49:27.957+0000] {logging_mixin.py:190} INFO - [2025-01-19T21:49:27.957+0000] {dagbag.py:588} INFO - Filling up the DagBag from /home/airflow/.local/lib/python3.12/site-packages/airflow/example_dags/example_sensors.py
[2025-01-19T21:49:27.972+0000] {processor.py:925} INFO - DAG(s) 'example_sensors' retrieved from /home/airflow/.local/lib/python3.12/site-packages/airflow/example_dags/example_sensors.py
[2025-01-19T21:49:27.996+0000] {logging_mixin.py:190} INFO - [2025-01-19T21:49:27.996+0000] {dag.py:3239} INFO - Sync 1 DAGs
[2025-01-19T21:49:28.012+0000] {logging_mixin.py:190} INFO - [2025-01-19T21:49:28.012+0000] {dag.py:4180} INFO - Setting next_dagrun for example_sensors to None, run_after=None
[2025-01-19T21:49:28.031+0000] {processor.py:208} INFO - Processing /home/airflow/.local/lib/python3.12/site-packages/airflow/example_dags/example_sensors.py took 0.087 seconds
[2025-01-19T21:49:59.116+0000] {processor.py:186} INFO - Started process (PID=1526) to work on /home/airflow/.local/lib/python3.12/site-packages/airflow/example_dags/example_sensors.py
[2025-01-19T21:49:59.121+0000] {processor.py:914} INFO - Processing file /home/airflow/.local/lib/python3.12/site-packages/airflow/example_dags/example_sensors.py for tasks to queue
[2025-01-19T21:49:59.131+0000] {logging_mixin.py:190} INFO - [2025-01-19T21:49:59.129+0000] {dagbag.py:588} INFO - Filling up the DagBag from /home/airflow/.local/lib/python3.12/site-packages/airflow/example_dags/example_sensors.py
[2025-01-19T21:49:59.157+0000] {processor.py:925} INFO - DAG(s) 'example_sensors' retrieved from /home/airflow/.local/lib/python3.12/site-packages/airflow/example_dags/example_sensors.py
[2025-01-19T21:49:59.206+0000] {logging_mixin.py:190} INFO - [2025-01-19T21:49:59.206+0000] {dag.py:3239} INFO - Sync 1 DAGs
[2025-01-19T21:49:59.226+0000] {logging_mixin.py:190} INFO - [2025-01-19T21:49:59.225+0000] {dag.py:4180} INFO - Setting next_dagrun for example_sensors to None, run_after=None
[2025-01-19T21:49:59.245+0000] {processor.py:208} INFO - Processing /home/airflow/.local/lib/python3.12/site-packages/airflow/example_dags/example_sensors.py took 0.152 seconds
[2025-01-19T21:50:30.677+0000] {processor.py:186} INFO - Started process (PID=1595) to work on /home/airflow/.local/lib/python3.12/site-packages/airflow/example_dags/example_sensors.py
[2025-01-19T21:50:30.679+0000] {processor.py:914} INFO - Processing file /home/airflow/.local/lib/python3.12/site-packages/airflow/example_dags/example_sensors.py for tasks to queue
[2025-01-19T21:50:30.681+0000] {logging_mixin.py:190} INFO - [2025-01-19T21:50:30.681+0000] {dagbag.py:588} INFO - Filling up the DagBag from /home/airflow/.local/lib/python3.12/site-packages/airflow/example_dags/example_sensors.py
[2025-01-19T21:50:30.697+0000] {processor.py:925} INFO - DAG(s) 'example_sensors' retrieved from /home/airflow/.local/lib/python3.12/site-packages/airflow/example_dags/example_sensors.py
[2025-01-19T21:50:30.742+0000] {logging_mixin.py:190} INFO - [2025-01-19T21:50:30.742+0000] {dag.py:3239} INFO - Sync 1 DAGs
[2025-01-19T21:50:30.759+0000] {logging_mixin.py:190} INFO - [2025-01-19T21:50:30.758+0000] {dag.py:4180} INFO - Setting next_dagrun for example_sensors to None, run_after=None
[2025-01-19T21:50:30.782+0000] {processor.py:208} INFO - Processing /home/airflow/.local/lib/python3.12/site-packages/airflow/example_dags/example_sensors.py took 0.114 seconds
[2025-01-19T21:51:01.539+0000] {processor.py:186} INFO - Started process (PID=1664) to work on /home/airflow/.local/lib/python3.12/site-packages/airflow/example_dags/example_sensors.py
[2025-01-19T21:51:01.541+0000] {processor.py:914} INFO - Processing file /home/airflow/.local/lib/python3.12/site-packages/airflow/example_dags/example_sensors.py for tasks to queue
[2025-01-19T21:51:01.546+0000] {logging_mixin.py:190} INFO - [2025-01-19T21:51:01.545+0000] {dagbag.py:588} INFO - Filling up the DagBag from /home/airflow/.local/lib/python3.12/site-packages/airflow/example_dags/example_sensors.py
[2025-01-19T21:51:01.567+0000] {processor.py:925} INFO - DAG(s) 'example_sensors' retrieved from /home/airflow/.local/lib/python3.12/site-packages/airflow/example_dags/example_sensors.py
[2025-01-19T21:51:01.619+0000] {logging_mixin.py:190} INFO - [2025-01-19T21:51:01.619+0000] {dag.py:3239} INFO - Sync 1 DAGs
[2025-01-19T21:51:01.640+0000] {logging_mixin.py:190} INFO - [2025-01-19T21:51:01.640+0000] {dag.py:4180} INFO - Setting next_dagrun for example_sensors to None, run_after=None
[2025-01-19T21:51:01.666+0000] {processor.py:208} INFO - Processing /home/airflow/.local/lib/python3.12/site-packages/airflow/example_dags/example_sensors.py took 0.136 seconds
[2025-01-19T21:51:33.002+0000] {processor.py:186} INFO - Started process (PID=1733) to work on /home/airflow/.local/lib/python3.12/site-packages/airflow/example_dags/example_sensors.py
[2025-01-19T21:51:33.005+0000] {processor.py:914} INFO - Processing file /home/airflow/.local/lib/python3.12/site-packages/airflow/example_dags/example_sensors.py for tasks to queue
[2025-01-19T21:51:33.012+0000] {logging_mixin.py:190} INFO - [2025-01-19T21:51:33.011+0000] {dagbag.py:588} INFO - Filling up the DagBag from /home/airflow/.local/lib/python3.12/site-packages/airflow/example_dags/example_sensors.py
[2025-01-19T21:51:33.031+0000] {processor.py:925} INFO - DAG(s) 'example_sensors' retrieved from /home/airflow/.local/lib/python3.12/site-packages/airflow/example_dags/example_sensors.py
[2025-01-19T21:51:33.062+0000] {logging_mixin.py:190} INFO - [2025-01-19T21:51:33.062+0000] {dag.py:3239} INFO - Sync 1 DAGs
[2025-01-19T21:51:33.079+0000] {logging_mixin.py:190} INFO - [2025-01-19T21:51:33.078+0000] {dag.py:4180} INFO - Setting next_dagrun for example_sensors to None, run_after=None
[2025-01-19T21:51:33.113+0000] {processor.py:208} INFO - Processing /home/airflow/.local/lib/python3.12/site-packages/airflow/example_dags/example_sensors.py took 0.128 seconds
