[2025-01-19T21:39:30.622+0000] {processor.py:186} INFO - Started process (PID=135) to work on /home/airflow/.local/lib/python3.12/site-packages/airflow/example_dags/example_python_operator.py
[2025-01-19T21:39:30.624+0000] {processor.py:914} INFO - Processing file /home/airflow/.local/lib/python3.12/site-packages/airflow/example_dags/example_python_operator.py for tasks to queue
[2025-01-19T21:39:30.627+0000] {logging_mixin.py:190} INFO - [2025-01-19T21:39:30.627+0000] {dagbag.py:588} INFO - Filling up the DagBag from /home/airflow/.local/lib/python3.12/site-packages/airflow/example_dags/example_python_operator.py
[2025-01-19T21:39:30.641+0000] {processor.py:925} INFO - DAG(s) 'example_python_operator' retrieved from /home/airflow/.local/lib/python3.12/site-packages/airflow/example_dags/example_python_operator.py
[2025-01-19T21:39:30.734+0000] {logging_mixin.py:190} INFO - [2025-01-19T21:39:30.733+0000] {override.py:1911} INFO - Created Permission View: can edit on DAG:example_python_operator
[2025-01-19T21:39:30.746+0000] {logging_mixin.py:190} INFO - [2025-01-19T21:39:30.745+0000] {override.py:1911} INFO - Created Permission View: can delete on DAG:example_python_operator
[2025-01-19T21:39:30.754+0000] {logging_mixin.py:190} INFO - [2025-01-19T21:39:30.754+0000] {override.py:1911} INFO - Created Permission View: can read on DAG:example_python_operator
[2025-01-19T21:39:30.767+0000] {logging_mixin.py:190} INFO - [2025-01-19T21:39:30.767+0000] {override.py:1911} INFO - Created Permission View: menu access on DAG Run:example_python_operator
[2025-01-19T21:39:30.774+0000] {logging_mixin.py:190} INFO - [2025-01-19T21:39:30.774+0000] {override.py:1911} INFO - Created Permission View: can create on DAG Run:example_python_operator
[2025-01-19T21:39:30.782+0000] {logging_mixin.py:190} INFO - [2025-01-19T21:39:30.782+0000] {override.py:1911} INFO - Created Permission View: can delete on DAG Run:example_python_operator
[2025-01-19T21:39:30.789+0000] {logging_mixin.py:190} INFO - [2025-01-19T21:39:30.788+0000] {override.py:1911} INFO - Created Permission View: can read on DAG Run:example_python_operator
[2025-01-19T21:39:30.790+0000] {logging_mixin.py:190} INFO - [2025-01-19T21:39:30.790+0000] {dag.py:3239} INFO - Sync 1 DAGs
[2025-01-19T21:39:30.806+0000] {logging_mixin.py:190} INFO - [2025-01-19T21:39:30.805+0000] {dag.py:3262} INFO - Creating ORM DAG for example_python_operator
[2025-01-19T21:39:30.807+0000] {logging_mixin.py:190} INFO - [2025-01-19T21:39:30.807+0000] {dag.py:4180} INFO - Setting next_dagrun for example_python_operator to None, run_after=None
[2025-01-19T21:39:30.831+0000] {processor.py:208} INFO - Processing /home/airflow/.local/lib/python3.12/site-packages/airflow/example_dags/example_python_operator.py took 0.215 seconds
[2025-01-19T21:40:01.389+0000] {processor.py:186} INFO - Started process (PID=204) to work on /home/airflow/.local/lib/python3.12/site-packages/airflow/example_dags/example_python_operator.py
[2025-01-19T21:40:01.391+0000] {processor.py:914} INFO - Processing file /home/airflow/.local/lib/python3.12/site-packages/airflow/example_dags/example_python_operator.py for tasks to queue
[2025-01-19T21:40:01.396+0000] {logging_mixin.py:190} INFO - [2025-01-19T21:40:01.395+0000] {dagbag.py:588} INFO - Filling up the DagBag from /home/airflow/.local/lib/python3.12/site-packages/airflow/example_dags/example_python_operator.py
[2025-01-19T21:40:01.418+0000] {processor.py:925} INFO - DAG(s) 'example_python_operator' retrieved from /home/airflow/.local/lib/python3.12/site-packages/airflow/example_dags/example_python_operator.py
[2025-01-19T21:40:01.448+0000] {logging_mixin.py:190} INFO - [2025-01-19T21:40:01.448+0000] {dag.py:3239} INFO - Sync 1 DAGs
[2025-01-19T21:40:01.464+0000] {logging_mixin.py:190} INFO - [2025-01-19T21:40:01.463+0000] {dag.py:4180} INFO - Setting next_dagrun for example_python_operator to None, run_after=None
[2025-01-19T21:40:01.487+0000] {processor.py:208} INFO - Processing /home/airflow/.local/lib/python3.12/site-packages/airflow/example_dags/example_python_operator.py took 0.108 seconds
[2025-01-19T21:40:32.533+0000] {processor.py:186} INFO - Started process (PID=273) to work on /home/airflow/.local/lib/python3.12/site-packages/airflow/example_dags/example_python_operator.py
[2025-01-19T21:40:32.535+0000] {processor.py:914} INFO - Processing file /home/airflow/.local/lib/python3.12/site-packages/airflow/example_dags/example_python_operator.py for tasks to queue
[2025-01-19T21:40:32.538+0000] {logging_mixin.py:190} INFO - [2025-01-19T21:40:32.538+0000] {dagbag.py:588} INFO - Filling up the DagBag from /home/airflow/.local/lib/python3.12/site-packages/airflow/example_dags/example_python_operator.py
[2025-01-19T21:40:32.552+0000] {processor.py:925} INFO - DAG(s) 'example_python_operator' retrieved from /home/airflow/.local/lib/python3.12/site-packages/airflow/example_dags/example_python_operator.py
[2025-01-19T21:40:32.575+0000] {logging_mixin.py:190} INFO - [2025-01-19T21:40:32.575+0000] {dag.py:3239} INFO - Sync 1 DAGs
[2025-01-19T21:40:32.589+0000] {logging_mixin.py:190} INFO - [2025-01-19T21:40:32.589+0000] {dag.py:4180} INFO - Setting next_dagrun for example_python_operator to None, run_after=None
[2025-01-19T21:40:32.606+0000] {processor.py:208} INFO - Processing /home/airflow/.local/lib/python3.12/site-packages/airflow/example_dags/example_python_operator.py took 0.078 seconds
[2025-01-19T21:41:08.396+0000] {processor.py:186} INFO - Started process (PID=342) to work on /home/airflow/.local/lib/python3.12/site-packages/airflow/example_dags/example_python_operator.py
[2025-01-19T21:41:08.398+0000] {processor.py:914} INFO - Processing file /home/airflow/.local/lib/python3.12/site-packages/airflow/example_dags/example_python_operator.py for tasks to queue
[2025-01-19T21:41:08.403+0000] {logging_mixin.py:190} INFO - [2025-01-19T21:41:08.402+0000] {dagbag.py:588} INFO - Filling up the DagBag from /home/airflow/.local/lib/python3.12/site-packages/airflow/example_dags/example_python_operator.py
[2025-01-19T21:41:08.419+0000] {processor.py:925} INFO - DAG(s) 'example_python_operator' retrieved from /home/airflow/.local/lib/python3.12/site-packages/airflow/example_dags/example_python_operator.py
[2025-01-19T21:41:08.448+0000] {logging_mixin.py:190} INFO - [2025-01-19T21:41:08.448+0000] {dag.py:3239} INFO - Sync 1 DAGs
[2025-01-19T21:41:08.470+0000] {logging_mixin.py:190} INFO - [2025-01-19T21:41:08.469+0000] {dag.py:4180} INFO - Setting next_dagrun for example_python_operator to None, run_after=None
[2025-01-19T21:41:09.378+0000] {processor.py:208} INFO - Processing /home/airflow/.local/lib/python3.12/site-packages/airflow/example_dags/example_python_operator.py took 0.988 seconds
[2025-01-19T21:41:40.128+0000] {processor.py:186} INFO - Started process (PID=411) to work on /home/airflow/.local/lib/python3.12/site-packages/airflow/example_dags/example_python_operator.py
[2025-01-19T21:41:40.132+0000] {processor.py:914} INFO - Processing file /home/airflow/.local/lib/python3.12/site-packages/airflow/example_dags/example_python_operator.py for tasks to queue
[2025-01-19T21:41:40.139+0000] {logging_mixin.py:190} INFO - [2025-01-19T21:41:40.139+0000] {dagbag.py:588} INFO - Filling up the DagBag from /home/airflow/.local/lib/python3.12/site-packages/airflow/example_dags/example_python_operator.py
[2025-01-19T21:41:40.160+0000] {processor.py:925} INFO - DAG(s) 'example_python_operator' retrieved from /home/airflow/.local/lib/python3.12/site-packages/airflow/example_dags/example_python_operator.py
[2025-01-19T21:41:40.180+0000] {logging_mixin.py:190} INFO - [2025-01-19T21:41:40.180+0000] {dag.py:3239} INFO - Sync 1 DAGs
[2025-01-19T21:41:40.194+0000] {logging_mixin.py:190} INFO - [2025-01-19T21:41:40.194+0000] {dag.py:4180} INFO - Setting next_dagrun for example_python_operator to None, run_after=None
[2025-01-19T21:41:40.545+0000] {processor.py:208} INFO - Processing /home/airflow/.local/lib/python3.12/site-packages/airflow/example_dags/example_python_operator.py took 0.429 seconds
[2025-01-19T21:42:13.805+0000] {processor.py:186} INFO - Started process (PID=480) to work on /home/airflow/.local/lib/python3.12/site-packages/airflow/example_dags/example_python_operator.py
[2025-01-19T21:42:13.807+0000] {processor.py:914} INFO - Processing file /home/airflow/.local/lib/python3.12/site-packages/airflow/example_dags/example_python_operator.py for tasks to queue
[2025-01-19T21:42:13.812+0000] {logging_mixin.py:190} INFO - [2025-01-19T21:42:13.811+0000] {dagbag.py:588} INFO - Filling up the DagBag from /home/airflow/.local/lib/python3.12/site-packages/airflow/example_dags/example_python_operator.py
[2025-01-19T21:42:13.826+0000] {processor.py:925} INFO - DAG(s) 'example_python_operator' retrieved from /home/airflow/.local/lib/python3.12/site-packages/airflow/example_dags/example_python_operator.py
[2025-01-19T21:42:13.848+0000] {logging_mixin.py:190} INFO - [2025-01-19T21:42:13.847+0000] {dag.py:3239} INFO - Sync 1 DAGs
[2025-01-19T21:42:13.861+0000] {logging_mixin.py:190} INFO - [2025-01-19T21:42:13.861+0000] {dag.py:4180} INFO - Setting next_dagrun for example_python_operator to None, run_after=None
[2025-01-19T21:42:13.879+0000] {processor.py:208} INFO - Processing /home/airflow/.local/lib/python3.12/site-packages/airflow/example_dags/example_python_operator.py took 0.084 seconds
[2025-01-19T21:42:44.822+0000] {processor.py:186} INFO - Started process (PID=549) to work on /home/airflow/.local/lib/python3.12/site-packages/airflow/example_dags/example_python_operator.py
[2025-01-19T21:42:44.823+0000] {processor.py:914} INFO - Processing file /home/airflow/.local/lib/python3.12/site-packages/airflow/example_dags/example_python_operator.py for tasks to queue
[2025-01-19T21:42:44.825+0000] {logging_mixin.py:190} INFO - [2025-01-19T21:42:44.825+0000] {dagbag.py:588} INFO - Filling up the DagBag from /home/airflow/.local/lib/python3.12/site-packages/airflow/example_dags/example_python_operator.py
[2025-01-19T21:42:44.837+0000] {processor.py:925} INFO - DAG(s) 'example_python_operator' retrieved from /home/airflow/.local/lib/python3.12/site-packages/airflow/example_dags/example_python_operator.py
[2025-01-19T21:42:44.857+0000] {logging_mixin.py:190} INFO - [2025-01-19T21:42:44.856+0000] {dag.py:3239} INFO - Sync 1 DAGs
[2025-01-19T21:42:44.876+0000] {logging_mixin.py:190} INFO - [2025-01-19T21:42:44.876+0000] {dag.py:4180} INFO - Setting next_dagrun for example_python_operator to None, run_after=None
[2025-01-19T21:42:44.901+0000] {processor.py:208} INFO - Processing /home/airflow/.local/lib/python3.12/site-packages/airflow/example_dags/example_python_operator.py took 0.085 seconds
[2025-01-19T21:43:15.740+0000] {processor.py:186} INFO - Started process (PID=618) to work on /home/airflow/.local/lib/python3.12/site-packages/airflow/example_dags/example_python_operator.py
[2025-01-19T21:43:15.743+0000] {processor.py:914} INFO - Processing file /home/airflow/.local/lib/python3.12/site-packages/airflow/example_dags/example_python_operator.py for tasks to queue
[2025-01-19T21:43:15.747+0000] {logging_mixin.py:190} INFO - [2025-01-19T21:43:15.747+0000] {dagbag.py:588} INFO - Filling up the DagBag from /home/airflow/.local/lib/python3.12/site-packages/airflow/example_dags/example_python_operator.py
[2025-01-19T21:43:15.765+0000] {processor.py:925} INFO - DAG(s) 'example_python_operator' retrieved from /home/airflow/.local/lib/python3.12/site-packages/airflow/example_dags/example_python_operator.py
[2025-01-19T21:43:15.790+0000] {logging_mixin.py:190} INFO - [2025-01-19T21:43:15.790+0000] {dag.py:3239} INFO - Sync 1 DAGs
[2025-01-19T21:43:15.808+0000] {logging_mixin.py:190} INFO - [2025-01-19T21:43:15.808+0000] {dag.py:4180} INFO - Setting next_dagrun for example_python_operator to None, run_after=None
[2025-01-19T21:43:15.828+0000] {processor.py:208} INFO - Processing /home/airflow/.local/lib/python3.12/site-packages/airflow/example_dags/example_python_operator.py took 0.096 seconds
[2025-01-19T21:43:46.228+0000] {processor.py:186} INFO - Started process (PID=687) to work on /home/airflow/.local/lib/python3.12/site-packages/airflow/example_dags/example_python_operator.py
[2025-01-19T21:43:46.230+0000] {processor.py:914} INFO - Processing file /home/airflow/.local/lib/python3.12/site-packages/airflow/example_dags/example_python_operator.py for tasks to queue
[2025-01-19T21:43:46.233+0000] {logging_mixin.py:190} INFO - [2025-01-19T21:43:46.233+0000] {dagbag.py:588} INFO - Filling up the DagBag from /home/airflow/.local/lib/python3.12/site-packages/airflow/example_dags/example_python_operator.py
[2025-01-19T21:43:46.254+0000] {processor.py:925} INFO - DAG(s) 'example_python_operator' retrieved from /home/airflow/.local/lib/python3.12/site-packages/airflow/example_dags/example_python_operator.py
[2025-01-19T21:43:46.289+0000] {logging_mixin.py:190} INFO - [2025-01-19T21:43:46.289+0000] {dag.py:3239} INFO - Sync 1 DAGs
[2025-01-19T21:43:46.318+0000] {logging_mixin.py:190} INFO - [2025-01-19T21:43:46.317+0000] {dag.py:4180} INFO - Setting next_dagrun for example_python_operator to None, run_after=None
[2025-01-19T21:43:46.354+0000] {processor.py:208} INFO - Processing /home/airflow/.local/lib/python3.12/site-packages/airflow/example_dags/example_python_operator.py took 0.131 seconds
[2025-01-19T21:44:16.896+0000] {processor.py:186} INFO - Started process (PID=755) to work on /home/airflow/.local/lib/python3.12/site-packages/airflow/example_dags/example_python_operator.py
[2025-01-19T21:44:16.898+0000] {processor.py:914} INFO - Processing file /home/airflow/.local/lib/python3.12/site-packages/airflow/example_dags/example_python_operator.py for tasks to queue
[2025-01-19T21:44:16.901+0000] {logging_mixin.py:190} INFO - [2025-01-19T21:44:16.901+0000] {dagbag.py:588} INFO - Filling up the DagBag from /home/airflow/.local/lib/python3.12/site-packages/airflow/example_dags/example_python_operator.py
[2025-01-19T21:44:16.914+0000] {processor.py:925} INFO - DAG(s) 'example_python_operator' retrieved from /home/airflow/.local/lib/python3.12/site-packages/airflow/example_dags/example_python_operator.py
[2025-01-19T21:44:16.952+0000] {logging_mixin.py:190} INFO - [2025-01-19T21:44:16.951+0000] {dag.py:3239} INFO - Sync 1 DAGs
[2025-01-19T21:44:16.972+0000] {logging_mixin.py:190} INFO - [2025-01-19T21:44:16.971+0000] {dag.py:4180} INFO - Setting next_dagrun for example_python_operator to None, run_after=None
[2025-01-19T21:44:16.989+0000] {processor.py:208} INFO - Processing /home/airflow/.local/lib/python3.12/site-packages/airflow/example_dags/example_python_operator.py took 0.099 seconds
[2025-01-19T21:44:47.492+0000] {processor.py:186} INFO - Started process (PID=824) to work on /home/airflow/.local/lib/python3.12/site-packages/airflow/example_dags/example_python_operator.py
[2025-01-19T21:44:47.493+0000] {processor.py:914} INFO - Processing file /home/airflow/.local/lib/python3.12/site-packages/airflow/example_dags/example_python_operator.py for tasks to queue
[2025-01-19T21:44:47.495+0000] {logging_mixin.py:190} INFO - [2025-01-19T21:44:47.495+0000] {dagbag.py:588} INFO - Filling up the DagBag from /home/airflow/.local/lib/python3.12/site-packages/airflow/example_dags/example_python_operator.py
[2025-01-19T21:44:47.513+0000] {processor.py:925} INFO - DAG(s) 'example_python_operator' retrieved from /home/airflow/.local/lib/python3.12/site-packages/airflow/example_dags/example_python_operator.py
[2025-01-19T21:44:47.559+0000] {logging_mixin.py:190} INFO - [2025-01-19T21:44:47.559+0000] {dag.py:3239} INFO - Sync 1 DAGs
[2025-01-19T21:44:47.592+0000] {logging_mixin.py:190} INFO - [2025-01-19T21:44:47.592+0000] {dag.py:4180} INFO - Setting next_dagrun for example_python_operator to None, run_after=None
[2025-01-19T21:44:47.655+0000] {processor.py:208} INFO - Processing /home/airflow/.local/lib/python3.12/site-packages/airflow/example_dags/example_python_operator.py took 0.171 seconds
[2025-01-19T21:45:17.819+0000] {processor.py:186} INFO - Started process (PID=892) to work on /home/airflow/.local/lib/python3.12/site-packages/airflow/example_dags/example_python_operator.py
[2025-01-19T21:45:17.820+0000] {processor.py:914} INFO - Processing file /home/airflow/.local/lib/python3.12/site-packages/airflow/example_dags/example_python_operator.py for tasks to queue
[2025-01-19T21:45:17.823+0000] {logging_mixin.py:190} INFO - [2025-01-19T21:45:17.823+0000] {dagbag.py:588} INFO - Filling up the DagBag from /home/airflow/.local/lib/python3.12/site-packages/airflow/example_dags/example_python_operator.py
[2025-01-19T21:45:17.838+0000] {processor.py:925} INFO - DAG(s) 'example_python_operator' retrieved from /home/airflow/.local/lib/python3.12/site-packages/airflow/example_dags/example_python_operator.py
[2025-01-19T21:45:17.863+0000] {logging_mixin.py:190} INFO - [2025-01-19T21:45:17.862+0000] {dag.py:3239} INFO - Sync 1 DAGs
[2025-01-19T21:45:17.883+0000] {logging_mixin.py:190} INFO - [2025-01-19T21:45:17.883+0000] {dag.py:4180} INFO - Setting next_dagrun for example_python_operator to None, run_after=None
[2025-01-19T21:45:17.923+0000] {processor.py:208} INFO - Processing /home/airflow/.local/lib/python3.12/site-packages/airflow/example_dags/example_python_operator.py took 0.111 seconds
[2025-01-19T21:45:48.435+0000] {processor.py:186} INFO - Started process (PID=962) to work on /home/airflow/.local/lib/python3.12/site-packages/airflow/example_dags/example_python_operator.py
[2025-01-19T21:45:48.437+0000] {processor.py:914} INFO - Processing file /home/airflow/.local/lib/python3.12/site-packages/airflow/example_dags/example_python_operator.py for tasks to queue
[2025-01-19T21:45:48.441+0000] {logging_mixin.py:190} INFO - [2025-01-19T21:45:48.440+0000] {dagbag.py:588} INFO - Filling up the DagBag from /home/airflow/.local/lib/python3.12/site-packages/airflow/example_dags/example_python_operator.py
[2025-01-19T21:45:48.477+0000] {processor.py:925} INFO - DAG(s) 'example_python_operator' retrieved from /home/airflow/.local/lib/python3.12/site-packages/airflow/example_dags/example_python_operator.py
[2025-01-19T21:45:48.524+0000] {logging_mixin.py:190} INFO - [2025-01-19T21:45:48.523+0000] {dag.py:3239} INFO - Sync 1 DAGs
[2025-01-19T21:45:48.558+0000] {logging_mixin.py:190} INFO - [2025-01-19T21:45:48.557+0000] {dag.py:4180} INFO - Setting next_dagrun for example_python_operator to None, run_after=None
[2025-01-19T21:45:48.594+0000] {processor.py:208} INFO - Processing /home/airflow/.local/lib/python3.12/site-packages/airflow/example_dags/example_python_operator.py took 0.174 seconds
[2025-01-19T21:46:19.137+0000] {processor.py:186} INFO - Started process (PID=1031) to work on /home/airflow/.local/lib/python3.12/site-packages/airflow/example_dags/example_python_operator.py
[2025-01-19T21:46:19.139+0000] {processor.py:914} INFO - Processing file /home/airflow/.local/lib/python3.12/site-packages/airflow/example_dags/example_python_operator.py for tasks to queue
[2025-01-19T21:46:19.144+0000] {logging_mixin.py:190} INFO - [2025-01-19T21:46:19.143+0000] {dagbag.py:588} INFO - Filling up the DagBag from /home/airflow/.local/lib/python3.12/site-packages/airflow/example_dags/example_python_operator.py
[2025-01-19T21:46:19.166+0000] {processor.py:925} INFO - DAG(s) 'example_python_operator' retrieved from /home/airflow/.local/lib/python3.12/site-packages/airflow/example_dags/example_python_operator.py
[2025-01-19T21:46:19.197+0000] {logging_mixin.py:190} INFO - [2025-01-19T21:46:19.197+0000] {dag.py:3239} INFO - Sync 1 DAGs
[2025-01-19T21:46:19.223+0000] {logging_mixin.py:190} INFO - [2025-01-19T21:46:19.223+0000] {dag.py:4180} INFO - Setting next_dagrun for example_python_operator to None, run_after=None
[2025-01-19T21:46:19.260+0000] {processor.py:208} INFO - Processing /home/airflow/.local/lib/python3.12/site-packages/airflow/example_dags/example_python_operator.py took 0.134 seconds
[2025-01-19T21:46:51.858+0000] {processor.py:186} INFO - Started process (PID=1106) to work on /home/airflow/.local/lib/python3.12/site-packages/airflow/example_dags/example_python_operator.py
[2025-01-19T21:46:51.859+0000] {processor.py:914} INFO - Processing file /home/airflow/.local/lib/python3.12/site-packages/airflow/example_dags/example_python_operator.py for tasks to queue
[2025-01-19T21:46:51.862+0000] {logging_mixin.py:190} INFO - [2025-01-19T21:46:51.862+0000] {dagbag.py:588} INFO - Filling up the DagBag from /home/airflow/.local/lib/python3.12/site-packages/airflow/example_dags/example_python_operator.py
[2025-01-19T21:46:51.874+0000] {processor.py:925} INFO - DAG(s) 'example_python_operator' retrieved from /home/airflow/.local/lib/python3.12/site-packages/airflow/example_dags/example_python_operator.py
[2025-01-19T21:46:51.896+0000] {logging_mixin.py:190} INFO - [2025-01-19T21:46:51.896+0000] {dag.py:3239} INFO - Sync 1 DAGs
[2025-01-19T21:46:51.912+0000] {logging_mixin.py:190} INFO - [2025-01-19T21:46:51.912+0000] {dag.py:4180} INFO - Setting next_dagrun for example_python_operator to None, run_after=None
[2025-01-19T21:46:51.931+0000] {processor.py:208} INFO - Processing /home/airflow/.local/lib/python3.12/site-packages/airflow/example_dags/example_python_operator.py took 0.080 seconds
[2025-01-19T21:47:22.195+0000] {processor.py:186} INFO - Started process (PID=1181) to work on /home/airflow/.local/lib/python3.12/site-packages/airflow/example_dags/example_python_operator.py
[2025-01-19T21:47:22.196+0000] {processor.py:914} INFO - Processing file /home/airflow/.local/lib/python3.12/site-packages/airflow/example_dags/example_python_operator.py for tasks to queue
[2025-01-19T21:47:22.199+0000] {logging_mixin.py:190} INFO - [2025-01-19T21:47:22.199+0000] {dagbag.py:588} INFO - Filling up the DagBag from /home/airflow/.local/lib/python3.12/site-packages/airflow/example_dags/example_python_operator.py
[2025-01-19T21:47:22.212+0000] {processor.py:925} INFO - DAG(s) 'example_python_operator' retrieved from /home/airflow/.local/lib/python3.12/site-packages/airflow/example_dags/example_python_operator.py
[2025-01-19T21:47:22.233+0000] {logging_mixin.py:190} INFO - [2025-01-19T21:47:22.232+0000] {dag.py:3239} INFO - Sync 1 DAGs
[2025-01-19T21:47:22.248+0000] {logging_mixin.py:190} INFO - [2025-01-19T21:47:22.248+0000] {dag.py:4180} INFO - Setting next_dagrun for example_python_operator to None, run_after=None
[2025-01-19T21:47:22.278+0000] {processor.py:208} INFO - Processing /home/airflow/.local/lib/python3.12/site-packages/airflow/example_dags/example_python_operator.py took 0.088 seconds
[2025-01-19T21:47:54.622+0000] {processor.py:186} INFO - Started process (PID=1251) to work on /home/airflow/.local/lib/python3.12/site-packages/airflow/example_dags/example_python_operator.py
[2025-01-19T21:47:54.626+0000] {processor.py:914} INFO - Processing file /home/airflow/.local/lib/python3.12/site-packages/airflow/example_dags/example_python_operator.py for tasks to queue
[2025-01-19T21:47:54.633+0000] {logging_mixin.py:190} INFO - [2025-01-19T21:47:54.632+0000] {dagbag.py:588} INFO - Filling up the DagBag from /home/airflow/.local/lib/python3.12/site-packages/airflow/example_dags/example_python_operator.py
[2025-01-19T21:47:54.649+0000] {processor.py:925} INFO - DAG(s) 'example_python_operator' retrieved from /home/airflow/.local/lib/python3.12/site-packages/airflow/example_dags/example_python_operator.py
[2025-01-19T21:47:54.679+0000] {logging_mixin.py:190} INFO - [2025-01-19T21:47:54.678+0000] {dag.py:3239} INFO - Sync 1 DAGs
[2025-01-19T21:47:54.714+0000] {logging_mixin.py:190} INFO - [2025-01-19T21:47:54.714+0000] {dag.py:4180} INFO - Setting next_dagrun for example_python_operator to None, run_after=None
[2025-01-19T21:47:54.778+0000] {processor.py:208} INFO - Processing /home/airflow/.local/lib/python3.12/site-packages/airflow/example_dags/example_python_operator.py took 0.169 seconds
[2025-01-19T21:48:25.169+0000] {processor.py:186} INFO - Started process (PID=1320) to work on /home/airflow/.local/lib/python3.12/site-packages/airflow/example_dags/example_python_operator.py
[2025-01-19T21:48:25.171+0000] {processor.py:914} INFO - Processing file /home/airflow/.local/lib/python3.12/site-packages/airflow/example_dags/example_python_operator.py for tasks to queue
[2025-01-19T21:48:25.173+0000] {logging_mixin.py:190} INFO - [2025-01-19T21:48:25.173+0000] {dagbag.py:588} INFO - Filling up the DagBag from /home/airflow/.local/lib/python3.12/site-packages/airflow/example_dags/example_python_operator.py
[2025-01-19T21:48:25.186+0000] {processor.py:925} INFO - DAG(s) 'example_python_operator' retrieved from /home/airflow/.local/lib/python3.12/site-packages/airflow/example_dags/example_python_operator.py
[2025-01-19T21:48:25.212+0000] {logging_mixin.py:190} INFO - [2025-01-19T21:48:25.211+0000] {dag.py:3239} INFO - Sync 1 DAGs
[2025-01-19T21:48:25.228+0000] {logging_mixin.py:190} INFO - [2025-01-19T21:48:25.227+0000] {dag.py:4180} INFO - Setting next_dagrun for example_python_operator to None, run_after=None
[2025-01-19T21:48:25.259+0000] {processor.py:208} INFO - Processing /home/airflow/.local/lib/python3.12/site-packages/airflow/example_dags/example_python_operator.py took 0.098 seconds
[2025-01-19T21:48:55.618+0000] {processor.py:186} INFO - Started process (PID=1389) to work on /home/airflow/.local/lib/python3.12/site-packages/airflow/example_dags/example_python_operator.py
[2025-01-19T21:48:55.619+0000] {processor.py:914} INFO - Processing file /home/airflow/.local/lib/python3.12/site-packages/airflow/example_dags/example_python_operator.py for tasks to queue
[2025-01-19T21:48:55.622+0000] {logging_mixin.py:190} INFO - [2025-01-19T21:48:55.622+0000] {dagbag.py:588} INFO - Filling up the DagBag from /home/airflow/.local/lib/python3.12/site-packages/airflow/example_dags/example_python_operator.py
[2025-01-19T21:48:55.638+0000] {processor.py:925} INFO - DAG(s) 'example_python_operator' retrieved from /home/airflow/.local/lib/python3.12/site-packages/airflow/example_dags/example_python_operator.py
[2025-01-19T21:48:55.668+0000] {logging_mixin.py:190} INFO - [2025-01-19T21:48:55.668+0000] {dag.py:3239} INFO - Sync 1 DAGs
[2025-01-19T21:48:55.685+0000] {logging_mixin.py:190} INFO - [2025-01-19T21:48:55.685+0000] {dag.py:4180} INFO - Setting next_dagrun for example_python_operator to None, run_after=None
[2025-01-19T21:48:55.705+0000] {processor.py:208} INFO - Processing /home/airflow/.local/lib/python3.12/site-packages/airflow/example_dags/example_python_operator.py took 0.094 seconds
[2025-01-19T21:49:28.086+0000] {processor.py:186} INFO - Started process (PID=1458) to work on /home/airflow/.local/lib/python3.12/site-packages/airflow/example_dags/example_python_operator.py
[2025-01-19T21:49:28.088+0000] {processor.py:914} INFO - Processing file /home/airflow/.local/lib/python3.12/site-packages/airflow/example_dags/example_python_operator.py for tasks to queue
[2025-01-19T21:49:28.094+0000] {logging_mixin.py:190} INFO - [2025-01-19T21:49:28.094+0000] {dagbag.py:588} INFO - Filling up the DagBag from /home/airflow/.local/lib/python3.12/site-packages/airflow/example_dags/example_python_operator.py
[2025-01-19T21:49:28.111+0000] {processor.py:925} INFO - DAG(s) 'example_python_operator' retrieved from /home/airflow/.local/lib/python3.12/site-packages/airflow/example_dags/example_python_operator.py
[2025-01-19T21:49:28.141+0000] {logging_mixin.py:190} INFO - [2025-01-19T21:49:28.141+0000] {dag.py:3239} INFO - Sync 1 DAGs
[2025-01-19T21:49:28.169+0000] {logging_mixin.py:190} INFO - [2025-01-19T21:49:28.169+0000] {dag.py:4180} INFO - Setting next_dagrun for example_python_operator to None, run_after=None
[2025-01-19T21:49:28.198+0000] {processor.py:208} INFO - Processing /home/airflow/.local/lib/python3.12/site-packages/airflow/example_dags/example_python_operator.py took 0.120 seconds
[2025-01-19T21:49:59.195+0000] {processor.py:186} INFO - Started process (PID=1527) to work on /home/airflow/.local/lib/python3.12/site-packages/airflow/example_dags/example_python_operator.py
[2025-01-19T21:49:59.198+0000] {processor.py:914} INFO - Processing file /home/airflow/.local/lib/python3.12/site-packages/airflow/example_dags/example_python_operator.py for tasks to queue
[2025-01-19T21:49:59.202+0000] {logging_mixin.py:190} INFO - [2025-01-19T21:49:59.201+0000] {dagbag.py:588} INFO - Filling up the DagBag from /home/airflow/.local/lib/python3.12/site-packages/airflow/example_dags/example_python_operator.py
[2025-01-19T21:49:59.220+0000] {processor.py:925} INFO - DAG(s) 'example_python_operator' retrieved from /home/airflow/.local/lib/python3.12/site-packages/airflow/example_dags/example_python_operator.py
[2025-01-19T21:49:59.243+0000] {logging_mixin.py:190} INFO - [2025-01-19T21:49:59.243+0000] {dag.py:3239} INFO - Sync 1 DAGs
[2025-01-19T21:49:59.258+0000] {logging_mixin.py:190} INFO - [2025-01-19T21:49:59.258+0000] {dag.py:4180} INFO - Setting next_dagrun for example_python_operator to None, run_after=None
[2025-01-19T21:49:59.287+0000] {processor.py:208} INFO - Processing /home/airflow/.local/lib/python3.12/site-packages/airflow/example_dags/example_python_operator.py took 0.105 seconds
[2025-01-19T21:50:30.732+0000] {processor.py:186} INFO - Started process (PID=1596) to work on /home/airflow/.local/lib/python3.12/site-packages/airflow/example_dags/example_python_operator.py
[2025-01-19T21:50:30.735+0000] {processor.py:914} INFO - Processing file /home/airflow/.local/lib/python3.12/site-packages/airflow/example_dags/example_python_operator.py for tasks to queue
[2025-01-19T21:50:30.738+0000] {logging_mixin.py:190} INFO - [2025-01-19T21:50:30.738+0000] {dagbag.py:588} INFO - Filling up the DagBag from /home/airflow/.local/lib/python3.12/site-packages/airflow/example_dags/example_python_operator.py
[2025-01-19T21:50:30.754+0000] {processor.py:925} INFO - DAG(s) 'example_python_operator' retrieved from /home/airflow/.local/lib/python3.12/site-packages/airflow/example_dags/example_python_operator.py
[2025-01-19T21:50:30.781+0000] {logging_mixin.py:190} INFO - [2025-01-19T21:50:30.780+0000] {dag.py:3239} INFO - Sync 1 DAGs
[2025-01-19T21:50:30.809+0000] {logging_mixin.py:190} INFO - [2025-01-19T21:50:30.808+0000] {dag.py:4180} INFO - Setting next_dagrun for example_python_operator to None, run_after=None
[2025-01-19T21:50:30.829+0000] {processor.py:208} INFO - Processing /home/airflow/.local/lib/python3.12/site-packages/airflow/example_dags/example_python_operator.py took 0.106 seconds
[2025-01-19T21:51:01.617+0000] {processor.py:186} INFO - Started process (PID=1665) to work on /home/airflow/.local/lib/python3.12/site-packages/airflow/example_dags/example_python_operator.py
[2025-01-19T21:51:01.623+0000] {processor.py:914} INFO - Processing file /home/airflow/.local/lib/python3.12/site-packages/airflow/example_dags/example_python_operator.py for tasks to queue
[2025-01-19T21:51:01.628+0000] {logging_mixin.py:190} INFO - [2025-01-19T21:51:01.628+0000] {dagbag.py:588} INFO - Filling up the DagBag from /home/airflow/.local/lib/python3.12/site-packages/airflow/example_dags/example_python_operator.py
[2025-01-19T21:51:01.643+0000] {processor.py:925} INFO - DAG(s) 'example_python_operator' retrieved from /home/airflow/.local/lib/python3.12/site-packages/airflow/example_dags/example_python_operator.py
[2025-01-19T21:51:01.669+0000] {logging_mixin.py:190} INFO - [2025-01-19T21:51:01.669+0000] {dag.py:3239} INFO - Sync 1 DAGs
[2025-01-19T21:51:01.698+0000] {logging_mixin.py:190} INFO - [2025-01-19T21:51:01.697+0000] {dag.py:4180} INFO - Setting next_dagrun for example_python_operator to None, run_after=None
[2025-01-19T21:51:01.724+0000] {processor.py:208} INFO - Processing /home/airflow/.local/lib/python3.12/site-packages/airflow/example_dags/example_python_operator.py took 0.116 seconds
[2025-01-19T21:51:33.099+0000] {processor.py:186} INFO - Started process (PID=1734) to work on /home/airflow/.local/lib/python3.12/site-packages/airflow/example_dags/example_python_operator.py
[2025-01-19T21:51:33.102+0000] {processor.py:914} INFO - Processing file /home/airflow/.local/lib/python3.12/site-packages/airflow/example_dags/example_python_operator.py for tasks to queue
[2025-01-19T21:51:33.107+0000] {logging_mixin.py:190} INFO - [2025-01-19T21:51:33.106+0000] {dagbag.py:588} INFO - Filling up the DagBag from /home/airflow/.local/lib/python3.12/site-packages/airflow/example_dags/example_python_operator.py
[2025-01-19T21:51:33.128+0000] {processor.py:925} INFO - DAG(s) 'example_python_operator' retrieved from /home/airflow/.local/lib/python3.12/site-packages/airflow/example_dags/example_python_operator.py
[2025-01-19T21:51:33.176+0000] {logging_mixin.py:190} INFO - [2025-01-19T21:51:33.175+0000] {dag.py:3239} INFO - Sync 1 DAGs
[2025-01-19T21:51:33.209+0000] {logging_mixin.py:190} INFO - [2025-01-19T21:51:33.208+0000] {dag.py:4180} INFO - Setting next_dagrun for example_python_operator to None, run_after=None
[2025-01-19T21:51:33.234+0000] {processor.py:208} INFO - Processing /home/airflow/.local/lib/python3.12/site-packages/airflow/example_dags/example_python_operator.py took 0.147 seconds
