[2025-01-19T21:39:21.104+0000] {processor.py:186} INFO - Started process (PID=94) to work on /home/airflow/.local/lib/python3.12/site-packages/airflow/example_dags/example_dataset_alias.py
[2025-01-19T21:39:21.107+0000] {processor.py:914} INFO - Processing file /home/airflow/.local/lib/python3.12/site-packages/airflow/example_dags/example_dataset_alias.py for tasks to queue
[2025-01-19T21:39:21.110+0000] {logging_mixin.py:190} INFO - [2025-01-19T21:39:21.110+0000] {dagbag.py:588} INFO - Filling up the DagBag from /home/airflow/.local/lib/python3.12/site-packages/airflow/example_dags/example_dataset_alias.py
[2025-01-19T21:39:23.260+0000] {processor.py:925} INFO - DAG(s) 'dataset_alias_example_alias_producer', 'dataset_s3_bucket_consumer', 'dataset_alias_example_alias_consumer', 'dataset_s3_bucket_producer' retrieved from /home/airflow/.local/lib/python3.12/site-packages/airflow/example_dags/example_dataset_alias.py
[2025-01-19T21:39:23.340+0000] {logging_mixin.py:190} INFO - [2025-01-19T21:39:23.340+0000] {override.py:1911} INFO - Created Permission View: can edit on DAG:dataset_alias_example_alias_producer
[2025-01-19T21:39:23.352+0000] {logging_mixin.py:190} INFO - [2025-01-19T21:39:23.351+0000] {override.py:1911} INFO - Created Permission View: can delete on DAG:dataset_alias_example_alias_producer
[2025-01-19T21:39:23.359+0000] {logging_mixin.py:190} INFO - [2025-01-19T21:39:23.359+0000] {override.py:1911} INFO - Created Permission View: can read on DAG:dataset_alias_example_alias_producer
[2025-01-19T21:39:23.366+0000] {logging_mixin.py:190} INFO - [2025-01-19T21:39:23.366+0000] {override.py:1911} INFO - Created Permission View: menu access on DAG Run:dataset_alias_example_alias_producer
[2025-01-19T21:39:23.373+0000] {logging_mixin.py:190} INFO - [2025-01-19T21:39:23.373+0000] {override.py:1911} INFO - Created Permission View: can create on DAG Run:dataset_alias_example_alias_producer
[2025-01-19T21:39:23.379+0000] {logging_mixin.py:190} INFO - [2025-01-19T21:39:23.379+0000] {override.py:1911} INFO - Created Permission View: can delete on DAG Run:dataset_alias_example_alias_producer
[2025-01-19T21:39:23.386+0000] {logging_mixin.py:190} INFO - [2025-01-19T21:39:23.386+0000] {override.py:1911} INFO - Created Permission View: can read on DAG Run:dataset_alias_example_alias_producer
[2025-01-19T21:39:23.399+0000] {logging_mixin.py:190} INFO - [2025-01-19T21:39:23.398+0000] {override.py:1911} INFO - Created Permission View: can edit on DAG:dataset_s3_bucket_consumer
[2025-01-19T21:39:23.407+0000] {logging_mixin.py:190} INFO - [2025-01-19T21:39:23.407+0000] {override.py:1911} INFO - Created Permission View: can delete on DAG:dataset_s3_bucket_consumer
[2025-01-19T21:39:23.416+0000] {logging_mixin.py:190} INFO - [2025-01-19T21:39:23.415+0000] {override.py:1911} INFO - Created Permission View: can read on DAG:dataset_s3_bucket_consumer
[2025-01-19T21:39:23.425+0000] {logging_mixin.py:190} INFO - [2025-01-19T21:39:23.425+0000] {override.py:1911} INFO - Created Permission View: menu access on DAG Run:dataset_s3_bucket_consumer
[2025-01-19T21:39:23.432+0000] {logging_mixin.py:190} INFO - [2025-01-19T21:39:23.432+0000] {override.py:1911} INFO - Created Permission View: can create on DAG Run:dataset_s3_bucket_consumer
[2025-01-19T21:39:23.438+0000] {logging_mixin.py:190} INFO - [2025-01-19T21:39:23.438+0000] {override.py:1911} INFO - Created Permission View: can delete on DAG Run:dataset_s3_bucket_consumer
[2025-01-19T21:39:23.444+0000] {logging_mixin.py:190} INFO - [2025-01-19T21:39:23.444+0000] {override.py:1911} INFO - Created Permission View: can read on DAG Run:dataset_s3_bucket_consumer
[2025-01-19T21:39:23.465+0000] {logging_mixin.py:190} INFO - [2025-01-19T21:39:23.465+0000] {override.py:1911} INFO - Created Permission View: can edit on DAG:dataset_alias_example_alias_consumer
[2025-01-19T21:39:23.475+0000] {logging_mixin.py:190} INFO - [2025-01-19T21:39:23.475+0000] {override.py:1911} INFO - Created Permission View: can delete on DAG:dataset_alias_example_alias_consumer
[2025-01-19T21:39:23.482+0000] {logging_mixin.py:190} INFO - [2025-01-19T21:39:23.481+0000] {override.py:1911} INFO - Created Permission View: can read on DAG:dataset_alias_example_alias_consumer
[2025-01-19T21:39:23.489+0000] {logging_mixin.py:190} INFO - [2025-01-19T21:39:23.488+0000] {override.py:1911} INFO - Created Permission View: menu access on DAG Run:dataset_alias_example_alias_consumer
[2025-01-19T21:39:23.495+0000] {logging_mixin.py:190} INFO - [2025-01-19T21:39:23.495+0000] {override.py:1911} INFO - Created Permission View: can create on DAG Run:dataset_alias_example_alias_consumer
[2025-01-19T21:39:23.502+0000] {logging_mixin.py:190} INFO - [2025-01-19T21:39:23.502+0000] {override.py:1911} INFO - Created Permission View: can delete on DAG Run:dataset_alias_example_alias_consumer
[2025-01-19T21:39:23.510+0000] {logging_mixin.py:190} INFO - [2025-01-19T21:39:23.509+0000] {override.py:1911} INFO - Created Permission View: can read on DAG Run:dataset_alias_example_alias_consumer
[2025-01-19T21:39:23.524+0000] {logging_mixin.py:190} INFO - [2025-01-19T21:39:23.524+0000] {override.py:1911} INFO - Created Permission View: can edit on DAG:dataset_s3_bucket_producer
[2025-01-19T21:39:23.530+0000] {logging_mixin.py:190} INFO - [2025-01-19T21:39:23.530+0000] {override.py:1911} INFO - Created Permission View: can delete on DAG:dataset_s3_bucket_producer
[2025-01-19T21:39:23.536+0000] {logging_mixin.py:190} INFO - [2025-01-19T21:39:23.536+0000] {override.py:1911} INFO - Created Permission View: can read on DAG:dataset_s3_bucket_producer
[2025-01-19T21:39:23.543+0000] {logging_mixin.py:190} INFO - [2025-01-19T21:39:23.543+0000] {override.py:1911} INFO - Created Permission View: menu access on DAG Run:dataset_s3_bucket_producer
[2025-01-19T21:39:23.550+0000] {logging_mixin.py:190} INFO - [2025-01-19T21:39:23.550+0000] {override.py:1911} INFO - Created Permission View: can create on DAG Run:dataset_s3_bucket_producer
[2025-01-19T21:39:23.563+0000] {logging_mixin.py:190} INFO - [2025-01-19T21:39:23.562+0000] {override.py:1911} INFO - Created Permission View: can delete on DAG Run:dataset_s3_bucket_producer
[2025-01-19T21:39:23.583+0000] {logging_mixin.py:190} INFO - [2025-01-19T21:39:23.583+0000] {override.py:1911} INFO - Created Permission View: can read on DAG Run:dataset_s3_bucket_producer
[2025-01-19T21:39:23.586+0000] {logging_mixin.py:190} INFO - [2025-01-19T21:39:23.585+0000] {dag.py:3239} INFO - Sync 4 DAGs
[2025-01-19T21:39:23.612+0000] {logging_mixin.py:190} INFO - [2025-01-19T21:39:23.611+0000] {dag.py:3262} INFO - Creating ORM DAG for dataset_s3_bucket_consumer
[2025-01-19T21:39:23.613+0000] {logging_mixin.py:190} INFO - [2025-01-19T21:39:23.613+0000] {dag.py:3262} INFO - Creating ORM DAG for dataset_s3_bucket_producer
[2025-01-19T21:39:23.616+0000] {logging_mixin.py:190} INFO - [2025-01-19T21:39:23.616+0000] {dag.py:3262} INFO - Creating ORM DAG for dataset_alias_example_alias_consumer
[2025-01-19T21:39:23.618+0000] {logging_mixin.py:190} INFO - [2025-01-19T21:39:23.618+0000] {dag.py:3262} INFO - Creating ORM DAG for dataset_alias_example_alias_producer
[2025-01-19T21:39:23.640+0000] {logging_mixin.py:190} INFO - [2025-01-19T21:39:23.639+0000] {dag.py:4180} INFO - Setting next_dagrun for dataset_alias_example_alias_consumer to None, run_after=None
[2025-01-19T21:39:23.643+0000] {logging_mixin.py:190} INFO - [2025-01-19T21:39:23.642+0000] {dag.py:4180} INFO - Setting next_dagrun for dataset_alias_example_alias_producer to None, run_after=None
[2025-01-19T21:39:23.645+0000] {logging_mixin.py:190} INFO - [2025-01-19T21:39:23.644+0000] {dag.py:4180} INFO - Setting next_dagrun for dataset_s3_bucket_consumer to None, run_after=None
[2025-01-19T21:39:23.647+0000] {logging_mixin.py:190} INFO - [2025-01-19T21:39:23.647+0000] {dag.py:4180} INFO - Setting next_dagrun for dataset_s3_bucket_producer to None, run_after=None
[2025-01-19T21:39:23.736+0000] {processor.py:208} INFO - Processing /home/airflow/.local/lib/python3.12/site-packages/airflow/example_dags/example_dataset_alias.py took 2.639 seconds
[2025-01-19T21:39:54.587+0000] {processor.py:186} INFO - Started process (PID=166) to work on /home/airflow/.local/lib/python3.12/site-packages/airflow/example_dags/example_dataset_alias.py
[2025-01-19T21:39:54.593+0000] {processor.py:914} INFO - Processing file /home/airflow/.local/lib/python3.12/site-packages/airflow/example_dags/example_dataset_alias.py for tasks to queue
[2025-01-19T21:39:54.603+0000] {logging_mixin.py:190} INFO - [2025-01-19T21:39:54.602+0000] {dagbag.py:588} INFO - Filling up the DagBag from /home/airflow/.local/lib/python3.12/site-packages/airflow/example_dags/example_dataset_alias.py
[2025-01-19T21:39:55.713+0000] {processor.py:925} INFO - DAG(s) 'dataset_alias_example_alias_consumer', 'dataset_s3_bucket_consumer', 'dataset_alias_example_alias_producer', 'dataset_s3_bucket_producer' retrieved from /home/airflow/.local/lib/python3.12/site-packages/airflow/example_dags/example_dataset_alias.py
[2025-01-19T21:39:55.742+0000] {logging_mixin.py:190} INFO - [2025-01-19T21:39:55.741+0000] {dag.py:3239} INFO - Sync 4 DAGs
[2025-01-19T21:39:55.779+0000] {logging_mixin.py:190} INFO - [2025-01-19T21:39:55.779+0000] {dag.py:4180} INFO - Setting next_dagrun for dataset_alias_example_alias_consumer to None, run_after=None
[2025-01-19T21:39:55.783+0000] {logging_mixin.py:190} INFO - [2025-01-19T21:39:55.783+0000] {dag.py:4180} INFO - Setting next_dagrun for dataset_alias_example_alias_producer to None, run_after=None
[2025-01-19T21:39:55.786+0000] {logging_mixin.py:190} INFO - [2025-01-19T21:39:55.786+0000] {dag.py:4180} INFO - Setting next_dagrun for dataset_s3_bucket_consumer to None, run_after=None
[2025-01-19T21:39:55.788+0000] {logging_mixin.py:190} INFO - [2025-01-19T21:39:55.788+0000] {dag.py:4180} INFO - Setting next_dagrun for dataset_s3_bucket_producer to None, run_after=None
[2025-01-19T21:39:55.819+0000] {processor.py:208} INFO - Processing /home/airflow/.local/lib/python3.12/site-packages/airflow/example_dags/example_dataset_alias.py took 1.250 seconds
[2025-01-19T21:40:26.880+0000] {processor.py:186} INFO - Started process (PID=235) to work on /home/airflow/.local/lib/python3.12/site-packages/airflow/example_dags/example_dataset_alias.py
[2025-01-19T21:40:26.882+0000] {processor.py:914} INFO - Processing file /home/airflow/.local/lib/python3.12/site-packages/airflow/example_dags/example_dataset_alias.py for tasks to queue
[2025-01-19T21:40:26.890+0000] {logging_mixin.py:190} INFO - [2025-01-19T21:40:26.889+0000] {dagbag.py:588} INFO - Filling up the DagBag from /home/airflow/.local/lib/python3.12/site-packages/airflow/example_dags/example_dataset_alias.py
[2025-01-19T21:40:27.716+0000] {processor.py:925} INFO - DAG(s) 'dataset_s3_bucket_producer', 'dataset_s3_bucket_consumer', 'dataset_alias_example_alias_producer', 'dataset_alias_example_alias_consumer' retrieved from /home/airflow/.local/lib/python3.12/site-packages/airflow/example_dags/example_dataset_alias.py
[2025-01-19T21:40:27.768+0000] {logging_mixin.py:190} INFO - [2025-01-19T21:40:27.766+0000] {dag.py:3239} INFO - Sync 4 DAGs
[2025-01-19T21:40:27.823+0000] {logging_mixin.py:190} INFO - [2025-01-19T21:40:27.823+0000] {dag.py:4180} INFO - Setting next_dagrun for dataset_alias_example_alias_consumer to None, run_after=None
[2025-01-19T21:40:27.829+0000] {logging_mixin.py:190} INFO - [2025-01-19T21:40:27.829+0000] {dag.py:4180} INFO - Setting next_dagrun for dataset_alias_example_alias_producer to None, run_after=None
[2025-01-19T21:40:27.833+0000] {logging_mixin.py:190} INFO - [2025-01-19T21:40:27.832+0000] {dag.py:4180} INFO - Setting next_dagrun for dataset_s3_bucket_consumer to None, run_after=None
[2025-01-19T21:40:27.836+0000] {logging_mixin.py:190} INFO - [2025-01-19T21:40:27.835+0000] {dag.py:4180} INFO - Setting next_dagrun for dataset_s3_bucket_producer to None, run_after=None
[2025-01-19T21:40:27.897+0000] {processor.py:208} INFO - Processing /home/airflow/.local/lib/python3.12/site-packages/airflow/example_dags/example_dataset_alias.py took 1.027 seconds
[2025-01-19T21:40:58.293+0000] {processor.py:186} INFO - Started process (PID=304) to work on /home/airflow/.local/lib/python3.12/site-packages/airflow/example_dags/example_dataset_alias.py
[2025-01-19T21:40:58.294+0000] {processor.py:914} INFO - Processing file /home/airflow/.local/lib/python3.12/site-packages/airflow/example_dags/example_dataset_alias.py for tasks to queue
[2025-01-19T21:40:58.297+0000] {logging_mixin.py:190} INFO - [2025-01-19T21:40:58.297+0000] {dagbag.py:588} INFO - Filling up the DagBag from /home/airflow/.local/lib/python3.12/site-packages/airflow/example_dags/example_dataset_alias.py
[2025-01-19T21:40:59.006+0000] {processor.py:925} INFO - DAG(s) 'dataset_s3_bucket_consumer', 'dataset_alias_example_alias_consumer', 'dataset_alias_example_alias_producer', 'dataset_s3_bucket_producer' retrieved from /home/airflow/.local/lib/python3.12/site-packages/airflow/example_dags/example_dataset_alias.py
[2025-01-19T21:40:59.027+0000] {logging_mixin.py:190} INFO - [2025-01-19T21:40:59.026+0000] {dag.py:3239} INFO - Sync 4 DAGs
[2025-01-19T21:40:59.047+0000] {logging_mixin.py:190} INFO - [2025-01-19T21:40:59.046+0000] {dag.py:4180} INFO - Setting next_dagrun for dataset_alias_example_alias_consumer to None, run_after=None
[2025-01-19T21:40:59.050+0000] {logging_mixin.py:190} INFO - [2025-01-19T21:40:59.049+0000] {dag.py:4180} INFO - Setting next_dagrun for dataset_alias_example_alias_producer to None, run_after=None
[2025-01-19T21:40:59.051+0000] {logging_mixin.py:190} INFO - [2025-01-19T21:40:59.051+0000] {dag.py:4180} INFO - Setting next_dagrun for dataset_s3_bucket_consumer to None, run_after=None
[2025-01-19T21:40:59.053+0000] {logging_mixin.py:190} INFO - [2025-01-19T21:40:59.053+0000] {dag.py:4180} INFO - Setting next_dagrun for dataset_s3_bucket_producer to None, run_after=None
[2025-01-19T21:40:59.079+0000] {processor.py:208} INFO - Processing /home/airflow/.local/lib/python3.12/site-packages/airflow/example_dags/example_dataset_alias.py took 0.793 seconds
[2025-01-19T21:41:29.644+0000] {processor.py:186} INFO - Started process (PID=373) to work on /home/airflow/.local/lib/python3.12/site-packages/airflow/example_dags/example_dataset_alias.py
[2025-01-19T21:41:29.646+0000] {processor.py:914} INFO - Processing file /home/airflow/.local/lib/python3.12/site-packages/airflow/example_dags/example_dataset_alias.py for tasks to queue
[2025-01-19T21:41:29.649+0000] {logging_mixin.py:190} INFO - [2025-01-19T21:41:29.648+0000] {dagbag.py:588} INFO - Filling up the DagBag from /home/airflow/.local/lib/python3.12/site-packages/airflow/example_dags/example_dataset_alias.py
[2025-01-19T21:41:30.551+0000] {processor.py:925} INFO - DAG(s) 'dataset_alias_example_alias_consumer', 'dataset_alias_example_alias_producer', 'dataset_s3_bucket_consumer', 'dataset_s3_bucket_producer' retrieved from /home/airflow/.local/lib/python3.12/site-packages/airflow/example_dags/example_dataset_alias.py
[2025-01-19T21:41:30.571+0000] {logging_mixin.py:190} INFO - [2025-01-19T21:41:30.570+0000] {dag.py:3239} INFO - Sync 4 DAGs
[2025-01-19T21:41:30.631+0000] {logging_mixin.py:190} INFO - [2025-01-19T21:41:30.630+0000] {dag.py:4180} INFO - Setting next_dagrun for dataset_alias_example_alias_consumer to None, run_after=None
[2025-01-19T21:41:30.635+0000] {logging_mixin.py:190} INFO - [2025-01-19T21:41:30.634+0000] {dag.py:4180} INFO - Setting next_dagrun for dataset_alias_example_alias_producer to None, run_after=None
[2025-01-19T21:41:30.637+0000] {logging_mixin.py:190} INFO - [2025-01-19T21:41:30.636+0000] {dag.py:4180} INFO - Setting next_dagrun for dataset_s3_bucket_consumer to None, run_after=None
[2025-01-19T21:41:30.638+0000] {logging_mixin.py:190} INFO - [2025-01-19T21:41:30.638+0000] {dag.py:4180} INFO - Setting next_dagrun for dataset_s3_bucket_producer to None, run_after=None
[2025-01-19T21:41:30.667+0000] {processor.py:208} INFO - Processing /home/airflow/.local/lib/python3.12/site-packages/airflow/example_dags/example_dataset_alias.py took 1.028 seconds
[2025-01-19T21:42:00.752+0000] {processor.py:186} INFO - Started process (PID=442) to work on /home/airflow/.local/lib/python3.12/site-packages/airflow/example_dags/example_dataset_alias.py
[2025-01-19T21:42:00.753+0000] {processor.py:914} INFO - Processing file /home/airflow/.local/lib/python3.12/site-packages/airflow/example_dags/example_dataset_alias.py for tasks to queue
[2025-01-19T21:42:00.756+0000] {logging_mixin.py:190} INFO - [2025-01-19T21:42:00.756+0000] {dagbag.py:588} INFO - Filling up the DagBag from /home/airflow/.local/lib/python3.12/site-packages/airflow/example_dags/example_dataset_alias.py
[2025-01-19T21:42:01.307+0000] {processor.py:925} INFO - DAG(s) 'dataset_s3_bucket_consumer', 'dataset_s3_bucket_producer', 'dataset_alias_example_alias_consumer', 'dataset_alias_example_alias_producer' retrieved from /home/airflow/.local/lib/python3.12/site-packages/airflow/example_dags/example_dataset_alias.py
[2025-01-19T21:42:01.326+0000] {logging_mixin.py:190} INFO - [2025-01-19T21:42:01.326+0000] {dag.py:3239} INFO - Sync 4 DAGs
[2025-01-19T21:42:01.349+0000] {logging_mixin.py:190} INFO - [2025-01-19T21:42:01.348+0000] {dag.py:4180} INFO - Setting next_dagrun for dataset_alias_example_alias_consumer to None, run_after=None
[2025-01-19T21:42:01.351+0000] {logging_mixin.py:190} INFO - [2025-01-19T21:42:01.351+0000] {dag.py:4180} INFO - Setting next_dagrun for dataset_alias_example_alias_producer to None, run_after=None
[2025-01-19T21:42:01.353+0000] {logging_mixin.py:190} INFO - [2025-01-19T21:42:01.353+0000] {dag.py:4180} INFO - Setting next_dagrun for dataset_s3_bucket_consumer to None, run_after=None
[2025-01-19T21:42:01.354+0000] {logging_mixin.py:190} INFO - [2025-01-19T21:42:01.354+0000] {dag.py:4180} INFO - Setting next_dagrun for dataset_s3_bucket_producer to None, run_after=None
[2025-01-19T21:42:02.867+0000] {processor.py:208} INFO - Processing /home/airflow/.local/lib/python3.12/site-packages/airflow/example_dags/example_dataset_alias.py took 2.120 seconds
[2025-01-19T21:42:33.012+0000] {processor.py:186} INFO - Started process (PID=511) to work on /home/airflow/.local/lib/python3.12/site-packages/airflow/example_dags/example_dataset_alias.py
[2025-01-19T21:42:33.015+0000] {processor.py:914} INFO - Processing file /home/airflow/.local/lib/python3.12/site-packages/airflow/example_dags/example_dataset_alias.py for tasks to queue
[2025-01-19T21:42:33.023+0000] {logging_mixin.py:190} INFO - [2025-01-19T21:42:33.022+0000] {dagbag.py:588} INFO - Filling up the DagBag from /home/airflow/.local/lib/python3.12/site-packages/airflow/example_dags/example_dataset_alias.py
[2025-01-19T21:42:33.768+0000] {processor.py:925} INFO - DAG(s) 'dataset_s3_bucket_consumer', 'dataset_s3_bucket_producer', 'dataset_alias_example_alias_producer', 'dataset_alias_example_alias_consumer' retrieved from /home/airflow/.local/lib/python3.12/site-packages/airflow/example_dags/example_dataset_alias.py
[2025-01-19T21:42:33.789+0000] {logging_mixin.py:190} INFO - [2025-01-19T21:42:33.788+0000] {dag.py:3239} INFO - Sync 4 DAGs
[2025-01-19T21:42:33.815+0000] {logging_mixin.py:190} INFO - [2025-01-19T21:42:33.815+0000] {dag.py:4180} INFO - Setting next_dagrun for dataset_alias_example_alias_consumer to None, run_after=None
[2025-01-19T21:42:33.818+0000] {logging_mixin.py:190} INFO - [2025-01-19T21:42:33.818+0000] {dag.py:4180} INFO - Setting next_dagrun for dataset_alias_example_alias_producer to None, run_after=None
[2025-01-19T21:42:33.820+0000] {logging_mixin.py:190} INFO - [2025-01-19T21:42:33.820+0000] {dag.py:4180} INFO - Setting next_dagrun for dataset_s3_bucket_consumer to None, run_after=None
[2025-01-19T21:42:33.822+0000] {logging_mixin.py:190} INFO - [2025-01-19T21:42:33.821+0000] {dag.py:4180} INFO - Setting next_dagrun for dataset_s3_bucket_producer to None, run_after=None
[2025-01-19T21:42:33.845+0000] {processor.py:208} INFO - Processing /home/airflow/.local/lib/python3.12/site-packages/airflow/example_dags/example_dataset_alias.py took 0.849 seconds
[2025-01-19T21:43:04.688+0000] {processor.py:186} INFO - Started process (PID=580) to work on /home/airflow/.local/lib/python3.12/site-packages/airflow/example_dags/example_dataset_alias.py
[2025-01-19T21:43:04.689+0000] {processor.py:914} INFO - Processing file /home/airflow/.local/lib/python3.12/site-packages/airflow/example_dags/example_dataset_alias.py for tasks to queue
[2025-01-19T21:43:04.692+0000] {logging_mixin.py:190} INFO - [2025-01-19T21:43:04.691+0000] {dagbag.py:588} INFO - Filling up the DagBag from /home/airflow/.local/lib/python3.12/site-packages/airflow/example_dags/example_dataset_alias.py
[2025-01-19T21:43:05.389+0000] {processor.py:925} INFO - DAG(s) 'dataset_s3_bucket_consumer', 'dataset_alias_example_alias_producer', 'dataset_s3_bucket_producer', 'dataset_alias_example_alias_consumer' retrieved from /home/airflow/.local/lib/python3.12/site-packages/airflow/example_dags/example_dataset_alias.py
[2025-01-19T21:43:05.422+0000] {logging_mixin.py:190} INFO - [2025-01-19T21:43:05.422+0000] {dag.py:3239} INFO - Sync 4 DAGs
[2025-01-19T21:43:05.448+0000] {logging_mixin.py:190} INFO - [2025-01-19T21:43:05.447+0000] {dag.py:4180} INFO - Setting next_dagrun for dataset_alias_example_alias_consumer to None, run_after=None
[2025-01-19T21:43:05.451+0000] {logging_mixin.py:190} INFO - [2025-01-19T21:43:05.450+0000] {dag.py:4180} INFO - Setting next_dagrun for dataset_alias_example_alias_producer to None, run_after=None
[2025-01-19T21:43:05.452+0000] {logging_mixin.py:190} INFO - [2025-01-19T21:43:05.452+0000] {dag.py:4180} INFO - Setting next_dagrun for dataset_s3_bucket_consumer to None, run_after=None
[2025-01-19T21:43:05.454+0000] {logging_mixin.py:190} INFO - [2025-01-19T21:43:05.454+0000] {dag.py:4180} INFO - Setting next_dagrun for dataset_s3_bucket_producer to None, run_after=None
[2025-01-19T21:43:05.473+0000] {processor.py:208} INFO - Processing /home/airflow/.local/lib/python3.12/site-packages/airflow/example_dags/example_dataset_alias.py took 0.780 seconds
[2025-01-19T21:43:35.993+0000] {processor.py:186} INFO - Started process (PID=649) to work on /home/airflow/.local/lib/python3.12/site-packages/airflow/example_dags/example_dataset_alias.py
[2025-01-19T21:43:35.997+0000] {processor.py:914} INFO - Processing file /home/airflow/.local/lib/python3.12/site-packages/airflow/example_dags/example_dataset_alias.py for tasks to queue
[2025-01-19T21:43:35.999+0000] {logging_mixin.py:190} INFO - [2025-01-19T21:43:35.999+0000] {dagbag.py:588} INFO - Filling up the DagBag from /home/airflow/.local/lib/python3.12/site-packages/airflow/example_dags/example_dataset_alias.py
[2025-01-19T21:43:36.670+0000] {processor.py:925} INFO - DAG(s) 'dataset_s3_bucket_producer', 'dataset_s3_bucket_consumer', 'dataset_alias_example_alias_producer', 'dataset_alias_example_alias_consumer' retrieved from /home/airflow/.local/lib/python3.12/site-packages/airflow/example_dags/example_dataset_alias.py
[2025-01-19T21:43:36.694+0000] {logging_mixin.py:190} INFO - [2025-01-19T21:43:36.693+0000] {dag.py:3239} INFO - Sync 4 DAGs
[2025-01-19T21:43:36.717+0000] {logging_mixin.py:190} INFO - [2025-01-19T21:43:36.716+0000] {dag.py:4180} INFO - Setting next_dagrun for dataset_alias_example_alias_consumer to None, run_after=None
[2025-01-19T21:43:36.722+0000] {logging_mixin.py:190} INFO - [2025-01-19T21:43:36.722+0000] {dag.py:4180} INFO - Setting next_dagrun for dataset_alias_example_alias_producer to None, run_after=None
[2025-01-19T21:43:36.725+0000] {logging_mixin.py:190} INFO - [2025-01-19T21:43:36.725+0000] {dag.py:4180} INFO - Setting next_dagrun for dataset_s3_bucket_consumer to None, run_after=None
[2025-01-19T21:43:36.728+0000] {logging_mixin.py:190} INFO - [2025-01-19T21:43:36.727+0000] {dag.py:4180} INFO - Setting next_dagrun for dataset_s3_bucket_producer to None, run_after=None
[2025-01-19T21:43:36.757+0000] {processor.py:208} INFO - Processing /home/airflow/.local/lib/python3.12/site-packages/airflow/example_dags/example_dataset_alias.py took 0.770 seconds
[2025-01-19T21:44:07.605+0000] {processor.py:186} INFO - Started process (PID=718) to work on /home/airflow/.local/lib/python3.12/site-packages/airflow/example_dags/example_dataset_alias.py
[2025-01-19T21:44:07.607+0000] {processor.py:914} INFO - Processing file /home/airflow/.local/lib/python3.12/site-packages/airflow/example_dags/example_dataset_alias.py for tasks to queue
[2025-01-19T21:44:07.610+0000] {logging_mixin.py:190} INFO - [2025-01-19T21:44:07.609+0000] {dagbag.py:588} INFO - Filling up the DagBag from /home/airflow/.local/lib/python3.12/site-packages/airflow/example_dags/example_dataset_alias.py
[2025-01-19T21:44:08.388+0000] {processor.py:925} INFO - DAG(s) 'dataset_alias_example_alias_producer', 'dataset_s3_bucket_producer', 'dataset_alias_example_alias_consumer', 'dataset_s3_bucket_consumer' retrieved from /home/airflow/.local/lib/python3.12/site-packages/airflow/example_dags/example_dataset_alias.py
[2025-01-19T21:44:08.412+0000] {logging_mixin.py:190} INFO - [2025-01-19T21:44:08.411+0000] {dag.py:3239} INFO - Sync 4 DAGs
[2025-01-19T21:44:08.433+0000] {logging_mixin.py:190} INFO - [2025-01-19T21:44:08.432+0000] {dag.py:4180} INFO - Setting next_dagrun for dataset_alias_example_alias_consumer to None, run_after=None
[2025-01-19T21:44:08.436+0000] {logging_mixin.py:190} INFO - [2025-01-19T21:44:08.435+0000] {dag.py:4180} INFO - Setting next_dagrun for dataset_alias_example_alias_producer to None, run_after=None
[2025-01-19T21:44:08.438+0000] {logging_mixin.py:190} INFO - [2025-01-19T21:44:08.438+0000] {dag.py:4180} INFO - Setting next_dagrun for dataset_s3_bucket_consumer to None, run_after=None
[2025-01-19T21:44:08.440+0000] {logging_mixin.py:190} INFO - [2025-01-19T21:44:08.440+0000] {dag.py:4180} INFO - Setting next_dagrun for dataset_s3_bucket_producer to None, run_after=None
[2025-01-19T21:44:08.462+0000] {processor.py:208} INFO - Processing /home/airflow/.local/lib/python3.12/site-packages/airflow/example_dags/example_dataset_alias.py took 0.862 seconds
[2025-01-19T21:44:39.143+0000] {processor.py:186} INFO - Started process (PID=787) to work on /home/airflow/.local/lib/python3.12/site-packages/airflow/example_dags/example_dataset_alias.py
[2025-01-19T21:44:39.145+0000] {processor.py:914} INFO - Processing file /home/airflow/.local/lib/python3.12/site-packages/airflow/example_dags/example_dataset_alias.py for tasks to queue
[2025-01-19T21:44:39.149+0000] {logging_mixin.py:190} INFO - [2025-01-19T21:44:39.149+0000] {dagbag.py:588} INFO - Filling up the DagBag from /home/airflow/.local/lib/python3.12/site-packages/airflow/example_dags/example_dataset_alias.py
[2025-01-19T21:44:40.684+0000] {processor.py:925} INFO - DAG(s) 'dataset_s3_bucket_consumer', 'dataset_s3_bucket_producer', 'dataset_alias_example_alias_producer', 'dataset_alias_example_alias_consumer' retrieved from /home/airflow/.local/lib/python3.12/site-packages/airflow/example_dags/example_dataset_alias.py
[2025-01-19T21:44:40.743+0000] {logging_mixin.py:190} INFO - [2025-01-19T21:44:40.742+0000] {dag.py:3239} INFO - Sync 4 DAGs
[2025-01-19T21:44:40.795+0000] {logging_mixin.py:190} INFO - [2025-01-19T21:44:40.794+0000] {dag.py:4180} INFO - Setting next_dagrun for dataset_alias_example_alias_consumer to None, run_after=None
[2025-01-19T21:44:40.798+0000] {logging_mixin.py:190} INFO - [2025-01-19T21:44:40.798+0000] {dag.py:4180} INFO - Setting next_dagrun for dataset_alias_example_alias_producer to None, run_after=None
[2025-01-19T21:44:40.800+0000] {logging_mixin.py:190} INFO - [2025-01-19T21:44:40.800+0000] {dag.py:4180} INFO - Setting next_dagrun for dataset_s3_bucket_consumer to None, run_after=None
[2025-01-19T21:44:40.801+0000] {logging_mixin.py:190} INFO - [2025-01-19T21:44:40.801+0000] {dag.py:4180} INFO - Setting next_dagrun for dataset_s3_bucket_producer to None, run_after=None
[2025-01-19T21:44:40.845+0000] {processor.py:208} INFO - Processing /home/airflow/.local/lib/python3.12/site-packages/airflow/example_dags/example_dataset_alias.py took 1.712 seconds
[2025-01-19T21:45:11.431+0000] {processor.py:186} INFO - Started process (PID=856) to work on /home/airflow/.local/lib/python3.12/site-packages/airflow/example_dags/example_dataset_alias.py
[2025-01-19T21:45:11.436+0000] {processor.py:914} INFO - Processing file /home/airflow/.local/lib/python3.12/site-packages/airflow/example_dags/example_dataset_alias.py for tasks to queue
[2025-01-19T21:45:11.443+0000] {logging_mixin.py:190} INFO - [2025-01-19T21:45:11.443+0000] {dagbag.py:588} INFO - Filling up the DagBag from /home/airflow/.local/lib/python3.12/site-packages/airflow/example_dags/example_dataset_alias.py
[2025-01-19T21:45:12.889+0000] {processor.py:925} INFO - DAG(s) 'dataset_alias_example_alias_producer', 'dataset_s3_bucket_consumer', 'dataset_alias_example_alias_consumer', 'dataset_s3_bucket_producer' retrieved from /home/airflow/.local/lib/python3.12/site-packages/airflow/example_dags/example_dataset_alias.py
[2025-01-19T21:45:12.912+0000] {logging_mixin.py:190} INFO - [2025-01-19T21:45:12.911+0000] {dag.py:3239} INFO - Sync 4 DAGs
[2025-01-19T21:45:12.941+0000] {logging_mixin.py:190} INFO - [2025-01-19T21:45:12.941+0000] {dag.py:4180} INFO - Setting next_dagrun for dataset_alias_example_alias_consumer to None, run_after=None
[2025-01-19T21:45:12.945+0000] {logging_mixin.py:190} INFO - [2025-01-19T21:45:12.945+0000] {dag.py:4180} INFO - Setting next_dagrun for dataset_alias_example_alias_producer to None, run_after=None
[2025-01-19T21:45:12.963+0000] {logging_mixin.py:190} INFO - [2025-01-19T21:45:12.963+0000] {dag.py:4180} INFO - Setting next_dagrun for dataset_s3_bucket_consumer to None, run_after=None
[2025-01-19T21:45:12.972+0000] {logging_mixin.py:190} INFO - [2025-01-19T21:45:12.972+0000] {dag.py:4180} INFO - Setting next_dagrun for dataset_s3_bucket_producer to None, run_after=None
[2025-01-19T21:45:13.003+0000] {processor.py:208} INFO - Processing /home/airflow/.local/lib/python3.12/site-packages/airflow/example_dags/example_dataset_alias.py took 1.593 seconds
[2025-01-19T21:45:44.046+0000] {processor.py:186} INFO - Started process (PID=926) to work on /home/airflow/.local/lib/python3.12/site-packages/airflow/example_dags/example_dataset_alias.py
[2025-01-19T21:45:44.049+0000] {processor.py:914} INFO - Processing file /home/airflow/.local/lib/python3.12/site-packages/airflow/example_dags/example_dataset_alias.py for tasks to queue
[2025-01-19T21:45:44.053+0000] {logging_mixin.py:190} INFO - [2025-01-19T21:45:44.053+0000] {dagbag.py:588} INFO - Filling up the DagBag from /home/airflow/.local/lib/python3.12/site-packages/airflow/example_dags/example_dataset_alias.py
[2025-01-19T21:45:44.953+0000] {processor.py:925} INFO - DAG(s) 'dataset_alias_example_alias_producer', 'dataset_s3_bucket_consumer', 'dataset_alias_example_alias_consumer', 'dataset_s3_bucket_producer' retrieved from /home/airflow/.local/lib/python3.12/site-packages/airflow/example_dags/example_dataset_alias.py
[2025-01-19T21:45:44.979+0000] {logging_mixin.py:190} INFO - [2025-01-19T21:45:44.978+0000] {dag.py:3239} INFO - Sync 4 DAGs
[2025-01-19T21:45:45.022+0000] {logging_mixin.py:190} INFO - [2025-01-19T21:45:45.022+0000] {dag.py:4180} INFO - Setting next_dagrun for dataset_alias_example_alias_consumer to None, run_after=None
[2025-01-19T21:45:45.025+0000] {logging_mixin.py:190} INFO - [2025-01-19T21:45:45.025+0000] {dag.py:4180} INFO - Setting next_dagrun for dataset_alias_example_alias_producer to None, run_after=None
[2025-01-19T21:45:45.028+0000] {logging_mixin.py:190} INFO - [2025-01-19T21:45:45.028+0000] {dag.py:4180} INFO - Setting next_dagrun for dataset_s3_bucket_consumer to None, run_after=None
[2025-01-19T21:45:45.030+0000] {logging_mixin.py:190} INFO - [2025-01-19T21:45:45.030+0000] {dag.py:4180} INFO - Setting next_dagrun for dataset_s3_bucket_producer to None, run_after=None
[2025-01-19T21:45:45.057+0000] {processor.py:208} INFO - Processing /home/airflow/.local/lib/python3.12/site-packages/airflow/example_dags/example_dataset_alias.py took 1.020 seconds
[2025-01-19T21:46:15.262+0000] {processor.py:186} INFO - Started process (PID=995) to work on /home/airflow/.local/lib/python3.12/site-packages/airflow/example_dags/example_dataset_alias.py
[2025-01-19T21:46:15.266+0000] {processor.py:914} INFO - Processing file /home/airflow/.local/lib/python3.12/site-packages/airflow/example_dags/example_dataset_alias.py for tasks to queue
[2025-01-19T21:46:15.272+0000] {logging_mixin.py:190} INFO - [2025-01-19T21:46:15.271+0000] {dagbag.py:588} INFO - Filling up the DagBag from /home/airflow/.local/lib/python3.12/site-packages/airflow/example_dags/example_dataset_alias.py
[2025-01-19T21:46:16.015+0000] {processor.py:925} INFO - DAG(s) 'dataset_s3_bucket_producer', 'dataset_alias_example_alias_producer', 'dataset_s3_bucket_consumer', 'dataset_alias_example_alias_consumer' retrieved from /home/airflow/.local/lib/python3.12/site-packages/airflow/example_dags/example_dataset_alias.py
[2025-01-19T21:46:16.039+0000] {logging_mixin.py:190} INFO - [2025-01-19T21:46:16.038+0000] {dag.py:3239} INFO - Sync 4 DAGs
[2025-01-19T21:46:16.096+0000] {logging_mixin.py:190} INFO - [2025-01-19T21:46:16.096+0000] {dag.py:4180} INFO - Setting next_dagrun for dataset_alias_example_alias_consumer to None, run_after=None
[2025-01-19T21:46:16.102+0000] {logging_mixin.py:190} INFO - [2025-01-19T21:46:16.102+0000] {dag.py:4180} INFO - Setting next_dagrun for dataset_alias_example_alias_producer to None, run_after=None
[2025-01-19T21:46:16.104+0000] {logging_mixin.py:190} INFO - [2025-01-19T21:46:16.104+0000] {dag.py:4180} INFO - Setting next_dagrun for dataset_s3_bucket_consumer to None, run_after=None
[2025-01-19T21:46:16.117+0000] {logging_mixin.py:190} INFO - [2025-01-19T21:46:16.117+0000] {dag.py:4180} INFO - Setting next_dagrun for dataset_s3_bucket_producer to None, run_after=None
[2025-01-19T21:46:16.148+0000] {processor.py:208} INFO - Processing /home/airflow/.local/lib/python3.12/site-packages/airflow/example_dags/example_dataset_alias.py took 0.900 seconds
[2025-01-19T21:46:47.083+0000] {processor.py:186} INFO - Started process (PID=1064) to work on /home/airflow/.local/lib/python3.12/site-packages/airflow/example_dags/example_dataset_alias.py
[2025-01-19T21:46:47.086+0000] {processor.py:914} INFO - Processing file /home/airflow/.local/lib/python3.12/site-packages/airflow/example_dags/example_dataset_alias.py for tasks to queue
[2025-01-19T21:46:47.095+0000] {logging_mixin.py:190} INFO - [2025-01-19T21:46:47.094+0000] {dagbag.py:588} INFO - Filling up the DagBag from /home/airflow/.local/lib/python3.12/site-packages/airflow/example_dags/example_dataset_alias.py
[2025-01-19T21:46:47.868+0000] {processor.py:925} INFO - DAG(s) 'dataset_alias_example_alias_producer', 'dataset_s3_bucket_producer', 'dataset_alias_example_alias_consumer', 'dataset_s3_bucket_consumer' retrieved from /home/airflow/.local/lib/python3.12/site-packages/airflow/example_dags/example_dataset_alias.py
[2025-01-19T21:46:47.918+0000] {logging_mixin.py:190} INFO - [2025-01-19T21:46:47.918+0000] {dag.py:3239} INFO - Sync 4 DAGs
[2025-01-19T21:46:47.955+0000] {logging_mixin.py:190} INFO - [2025-01-19T21:46:47.955+0000] {dag.py:4180} INFO - Setting next_dagrun for dataset_alias_example_alias_consumer to None, run_after=None
[2025-01-19T21:46:47.960+0000] {logging_mixin.py:190} INFO - [2025-01-19T21:46:47.959+0000] {dag.py:4180} INFO - Setting next_dagrun for dataset_alias_example_alias_producer to None, run_after=None
[2025-01-19T21:46:47.967+0000] {logging_mixin.py:190} INFO - [2025-01-19T21:46:47.966+0000] {dag.py:4180} INFO - Setting next_dagrun for dataset_s3_bucket_consumer to None, run_after=None
[2025-01-19T21:46:47.970+0000] {logging_mixin.py:190} INFO - [2025-01-19T21:46:47.969+0000] {dag.py:4180} INFO - Setting next_dagrun for dataset_s3_bucket_producer to None, run_after=None
[2025-01-19T21:46:48.014+0000] {processor.py:208} INFO - Processing /home/airflow/.local/lib/python3.12/site-packages/airflow/example_dags/example_dataset_alias.py took 0.939 seconds
[2025-01-19T21:47:18.114+0000] {processor.py:186} INFO - Started process (PID=1138) to work on /home/airflow/.local/lib/python3.12/site-packages/airflow/example_dags/example_dataset_alias.py
[2025-01-19T21:47:18.119+0000] {processor.py:914} INFO - Processing file /home/airflow/.local/lib/python3.12/site-packages/airflow/example_dags/example_dataset_alias.py for tasks to queue
[2025-01-19T21:47:18.129+0000] {logging_mixin.py:190} INFO - [2025-01-19T21:47:18.128+0000] {dagbag.py:588} INFO - Filling up the DagBag from /home/airflow/.local/lib/python3.12/site-packages/airflow/example_dags/example_dataset_alias.py
[2025-01-19T21:47:19.117+0000] {processor.py:925} INFO - DAG(s) 'dataset_alias_example_alias_producer', 'dataset_alias_example_alias_consumer', 'dataset_s3_bucket_consumer', 'dataset_s3_bucket_producer' retrieved from /home/airflow/.local/lib/python3.12/site-packages/airflow/example_dags/example_dataset_alias.py
[2025-01-19T21:47:19.140+0000] {logging_mixin.py:190} INFO - [2025-01-19T21:47:19.140+0000] {dag.py:3239} INFO - Sync 4 DAGs
[2025-01-19T21:47:19.203+0000] {logging_mixin.py:190} INFO - [2025-01-19T21:47:19.202+0000] {dag.py:4180} INFO - Setting next_dagrun for dataset_alias_example_alias_consumer to None, run_after=None
[2025-01-19T21:47:19.206+0000] {logging_mixin.py:190} INFO - [2025-01-19T21:47:19.206+0000] {dag.py:4180} INFO - Setting next_dagrun for dataset_alias_example_alias_producer to None, run_after=None
[2025-01-19T21:47:19.210+0000] {logging_mixin.py:190} INFO - [2025-01-19T21:47:19.209+0000] {dag.py:4180} INFO - Setting next_dagrun for dataset_s3_bucket_consumer to None, run_after=None
[2025-01-19T21:47:19.211+0000] {logging_mixin.py:190} INFO - [2025-01-19T21:47:19.211+0000] {dag.py:4180} INFO - Setting next_dagrun for dataset_s3_bucket_producer to None, run_after=None
[2025-01-19T21:47:19.271+0000] {processor.py:208} INFO - Processing /home/airflow/.local/lib/python3.12/site-packages/airflow/example_dags/example_dataset_alias.py took 1.172 seconds
[2025-01-19T21:47:49.521+0000] {processor.py:186} INFO - Started process (PID=1209) to work on /home/airflow/.local/lib/python3.12/site-packages/airflow/example_dags/example_dataset_alias.py
[2025-01-19T21:47:49.523+0000] {processor.py:914} INFO - Processing file /home/airflow/.local/lib/python3.12/site-packages/airflow/example_dags/example_dataset_alias.py for tasks to queue
[2025-01-19T21:47:49.526+0000] {logging_mixin.py:190} INFO - [2025-01-19T21:47:49.525+0000] {dagbag.py:588} INFO - Filling up the DagBag from /home/airflow/.local/lib/python3.12/site-packages/airflow/example_dags/example_dataset_alias.py
[2025-01-19T21:47:50.340+0000] {processor.py:925} INFO - DAG(s) 'dataset_alias_example_alias_consumer', 'dataset_alias_example_alias_producer', 'dataset_s3_bucket_producer', 'dataset_s3_bucket_consumer' retrieved from /home/airflow/.local/lib/python3.12/site-packages/airflow/example_dags/example_dataset_alias.py
[2025-01-19T21:47:50.362+0000] {logging_mixin.py:190} INFO - [2025-01-19T21:47:50.361+0000] {dag.py:3239} INFO - Sync 4 DAGs
[2025-01-19T21:47:50.387+0000] {logging_mixin.py:190} INFO - [2025-01-19T21:47:50.387+0000] {dag.py:4180} INFO - Setting next_dagrun for dataset_alias_example_alias_consumer to None, run_after=None
[2025-01-19T21:47:50.390+0000] {logging_mixin.py:190} INFO - [2025-01-19T21:47:50.390+0000] {dag.py:4180} INFO - Setting next_dagrun for dataset_alias_example_alias_producer to None, run_after=None
[2025-01-19T21:47:50.393+0000] {logging_mixin.py:190} INFO - [2025-01-19T21:47:50.393+0000] {dag.py:4180} INFO - Setting next_dagrun for dataset_s3_bucket_consumer to None, run_after=None
[2025-01-19T21:47:50.394+0000] {logging_mixin.py:190} INFO - [2025-01-19T21:47:50.394+0000] {dag.py:4180} INFO - Setting next_dagrun for dataset_s3_bucket_producer to None, run_after=None
[2025-01-19T21:47:50.417+0000] {processor.py:208} INFO - Processing /home/airflow/.local/lib/python3.12/site-packages/airflow/example_dags/example_dataset_alias.py took 0.904 seconds
[2025-01-19T21:48:20.741+0000] {processor.py:186} INFO - Started process (PID=1284) to work on /home/airflow/.local/lib/python3.12/site-packages/airflow/example_dags/example_dataset_alias.py
[2025-01-19T21:48:20.745+0000] {processor.py:914} INFO - Processing file /home/airflow/.local/lib/python3.12/site-packages/airflow/example_dags/example_dataset_alias.py for tasks to queue
[2025-01-19T21:48:20.751+0000] {logging_mixin.py:190} INFO - [2025-01-19T21:48:20.750+0000] {dagbag.py:588} INFO - Filling up the DagBag from /home/airflow/.local/lib/python3.12/site-packages/airflow/example_dags/example_dataset_alias.py
[2025-01-19T21:48:21.495+0000] {processor.py:925} INFO - DAG(s) 'dataset_s3_bucket_consumer', 'dataset_s3_bucket_producer', 'dataset_alias_example_alias_consumer', 'dataset_alias_example_alias_producer' retrieved from /home/airflow/.local/lib/python3.12/site-packages/airflow/example_dags/example_dataset_alias.py
[2025-01-19T21:48:21.532+0000] {logging_mixin.py:190} INFO - [2025-01-19T21:48:21.531+0000] {dag.py:3239} INFO - Sync 4 DAGs
[2025-01-19T21:48:21.559+0000] {logging_mixin.py:190} INFO - [2025-01-19T21:48:21.559+0000] {dag.py:4180} INFO - Setting next_dagrun for dataset_alias_example_alias_consumer to None, run_after=None
[2025-01-19T21:48:21.563+0000] {logging_mixin.py:190} INFO - [2025-01-19T21:48:21.562+0000] {dag.py:4180} INFO - Setting next_dagrun for dataset_alias_example_alias_producer to None, run_after=None
[2025-01-19T21:48:21.566+0000] {logging_mixin.py:190} INFO - [2025-01-19T21:48:21.566+0000] {dag.py:4180} INFO - Setting next_dagrun for dataset_s3_bucket_consumer to None, run_after=None
[2025-01-19T21:48:21.568+0000] {logging_mixin.py:190} INFO - [2025-01-19T21:48:21.567+0000] {dag.py:4180} INFO - Setting next_dagrun for dataset_s3_bucket_producer to None, run_after=None
[2025-01-19T21:48:21.593+0000] {processor.py:208} INFO - Processing /home/airflow/.local/lib/python3.12/site-packages/airflow/example_dags/example_dataset_alias.py took 0.865 seconds
[2025-01-19T21:48:52.209+0000] {processor.py:186} INFO - Started process (PID=1353) to work on /home/airflow/.local/lib/python3.12/site-packages/airflow/example_dags/example_dataset_alias.py
[2025-01-19T21:48:52.211+0000] {processor.py:914} INFO - Processing file /home/airflow/.local/lib/python3.12/site-packages/airflow/example_dags/example_dataset_alias.py for tasks to queue
[2025-01-19T21:48:52.215+0000] {logging_mixin.py:190} INFO - [2025-01-19T21:48:52.214+0000] {dagbag.py:588} INFO - Filling up the DagBag from /home/airflow/.local/lib/python3.12/site-packages/airflow/example_dags/example_dataset_alias.py
[2025-01-19T21:48:52.975+0000] {processor.py:925} INFO - DAG(s) 'dataset_alias_example_alias_consumer', 'dataset_s3_bucket_producer', 'dataset_alias_example_alias_producer', 'dataset_s3_bucket_consumer' retrieved from /home/airflow/.local/lib/python3.12/site-packages/airflow/example_dags/example_dataset_alias.py
[2025-01-19T21:48:52.996+0000] {logging_mixin.py:190} INFO - [2025-01-19T21:48:52.996+0000] {dag.py:3239} INFO - Sync 4 DAGs
[2025-01-19T21:48:53.018+0000] {logging_mixin.py:190} INFO - [2025-01-19T21:48:53.017+0000] {dag.py:4180} INFO - Setting next_dagrun for dataset_alias_example_alias_consumer to None, run_after=None
[2025-01-19T21:48:53.031+0000] {logging_mixin.py:190} INFO - [2025-01-19T21:48:53.030+0000] {dag.py:4180} INFO - Setting next_dagrun for dataset_alias_example_alias_producer to None, run_after=None
[2025-01-19T21:48:53.035+0000] {logging_mixin.py:190} INFO - [2025-01-19T21:48:53.035+0000] {dag.py:4180} INFO - Setting next_dagrun for dataset_s3_bucket_consumer to None, run_after=None
[2025-01-19T21:48:53.037+0000] {logging_mixin.py:190} INFO - [2025-01-19T21:48:53.037+0000] {dag.py:4180} INFO - Setting next_dagrun for dataset_s3_bucket_producer to None, run_after=None
[2025-01-19T21:48:53.091+0000] {processor.py:208} INFO - Processing /home/airflow/.local/lib/python3.12/site-packages/airflow/example_dags/example_dataset_alias.py took 0.892 seconds
[2025-01-19T21:49:23.389+0000] {processor.py:186} INFO - Started process (PID=1422) to work on /home/airflow/.local/lib/python3.12/site-packages/airflow/example_dags/example_dataset_alias.py
[2025-01-19T21:49:23.392+0000] {processor.py:914} INFO - Processing file /home/airflow/.local/lib/python3.12/site-packages/airflow/example_dags/example_dataset_alias.py for tasks to queue
[2025-01-19T21:49:23.395+0000] {logging_mixin.py:190} INFO - [2025-01-19T21:49:23.394+0000] {dagbag.py:588} INFO - Filling up the DagBag from /home/airflow/.local/lib/python3.12/site-packages/airflow/example_dags/example_dataset_alias.py
[2025-01-19T21:49:24.167+0000] {processor.py:925} INFO - DAG(s) 'dataset_alias_example_alias_producer', 'dataset_alias_example_alias_consumer', 'dataset_s3_bucket_consumer', 'dataset_s3_bucket_producer' retrieved from /home/airflow/.local/lib/python3.12/site-packages/airflow/example_dags/example_dataset_alias.py
[2025-01-19T21:49:24.187+0000] {logging_mixin.py:190} INFO - [2025-01-19T21:49:24.187+0000] {dag.py:3239} INFO - Sync 4 DAGs
[2025-01-19T21:49:24.207+0000] {logging_mixin.py:190} INFO - [2025-01-19T21:49:24.207+0000] {dag.py:4180} INFO - Setting next_dagrun for dataset_alias_example_alias_consumer to None, run_after=None
[2025-01-19T21:49:24.209+0000] {logging_mixin.py:190} INFO - [2025-01-19T21:49:24.209+0000] {dag.py:4180} INFO - Setting next_dagrun for dataset_alias_example_alias_producer to None, run_after=None
[2025-01-19T21:49:24.211+0000] {logging_mixin.py:190} INFO - [2025-01-19T21:49:24.211+0000] {dag.py:4180} INFO - Setting next_dagrun for dataset_s3_bucket_consumer to None, run_after=None
[2025-01-19T21:49:24.212+0000] {logging_mixin.py:190} INFO - [2025-01-19T21:49:24.212+0000] {dag.py:4180} INFO - Setting next_dagrun for dataset_s3_bucket_producer to None, run_after=None
[2025-01-19T21:49:24.231+0000] {processor.py:208} INFO - Processing /home/airflow/.local/lib/python3.12/site-packages/airflow/example_dags/example_dataset_alias.py took 0.849 seconds
[2025-01-19T21:49:54.431+0000] {processor.py:186} INFO - Started process (PID=1491) to work on /home/airflow/.local/lib/python3.12/site-packages/airflow/example_dags/example_dataset_alias.py
[2025-01-19T21:49:54.434+0000] {processor.py:914} INFO - Processing file /home/airflow/.local/lib/python3.12/site-packages/airflow/example_dags/example_dataset_alias.py for tasks to queue
[2025-01-19T21:49:54.437+0000] {logging_mixin.py:190} INFO - [2025-01-19T21:49:54.437+0000] {dagbag.py:588} INFO - Filling up the DagBag from /home/airflow/.local/lib/python3.12/site-packages/airflow/example_dags/example_dataset_alias.py
[2025-01-19T21:49:55.069+0000] {processor.py:925} INFO - DAG(s) 'dataset_s3_bucket_consumer', 'dataset_alias_example_alias_producer', 'dataset_s3_bucket_producer', 'dataset_alias_example_alias_consumer' retrieved from /home/airflow/.local/lib/python3.12/site-packages/airflow/example_dags/example_dataset_alias.py
[2025-01-19T21:49:55.093+0000] {logging_mixin.py:190} INFO - [2025-01-19T21:49:55.092+0000] {dag.py:3239} INFO - Sync 4 DAGs
[2025-01-19T21:49:55.117+0000] {logging_mixin.py:190} INFO - [2025-01-19T21:49:55.117+0000] {dag.py:4180} INFO - Setting next_dagrun for dataset_alias_example_alias_consumer to None, run_after=None
[2025-01-19T21:49:55.120+0000] {logging_mixin.py:190} INFO - [2025-01-19T21:49:55.120+0000] {dag.py:4180} INFO - Setting next_dagrun for dataset_alias_example_alias_producer to None, run_after=None
[2025-01-19T21:49:55.124+0000] {logging_mixin.py:190} INFO - [2025-01-19T21:49:55.123+0000] {dag.py:4180} INFO - Setting next_dagrun for dataset_s3_bucket_consumer to None, run_after=None
[2025-01-19T21:49:55.127+0000] {logging_mixin.py:190} INFO - [2025-01-19T21:49:55.127+0000] {dag.py:4180} INFO - Setting next_dagrun for dataset_s3_bucket_producer to None, run_after=None
[2025-01-19T21:49:55.158+0000] {processor.py:208} INFO - Processing /home/airflow/.local/lib/python3.12/site-packages/airflow/example_dags/example_dataset_alias.py took 0.737 seconds
[2025-01-19T21:50:25.829+0000] {processor.py:186} INFO - Started process (PID=1560) to work on /home/airflow/.local/lib/python3.12/site-packages/airflow/example_dags/example_dataset_alias.py
[2025-01-19T21:50:25.831+0000] {processor.py:914} INFO - Processing file /home/airflow/.local/lib/python3.12/site-packages/airflow/example_dags/example_dataset_alias.py for tasks to queue
[2025-01-19T21:50:25.837+0000] {logging_mixin.py:190} INFO - [2025-01-19T21:50:25.837+0000] {dagbag.py:588} INFO - Filling up the DagBag from /home/airflow/.local/lib/python3.12/site-packages/airflow/example_dags/example_dataset_alias.py
[2025-01-19T21:50:26.664+0000] {processor.py:925} INFO - DAG(s) 'dataset_s3_bucket_consumer', 'dataset_alias_example_alias_producer', 'dataset_s3_bucket_producer', 'dataset_alias_example_alias_consumer' retrieved from /home/airflow/.local/lib/python3.12/site-packages/airflow/example_dags/example_dataset_alias.py
[2025-01-19T21:50:26.684+0000] {logging_mixin.py:190} INFO - [2025-01-19T21:50:26.684+0000] {dag.py:3239} INFO - Sync 4 DAGs
[2025-01-19T21:50:26.706+0000] {logging_mixin.py:190} INFO - [2025-01-19T21:50:26.706+0000] {dag.py:4180} INFO - Setting next_dagrun for dataset_alias_example_alias_consumer to None, run_after=None
[2025-01-19T21:50:26.711+0000] {logging_mixin.py:190} INFO - [2025-01-19T21:50:26.710+0000] {dag.py:4180} INFO - Setting next_dagrun for dataset_alias_example_alias_producer to None, run_after=None
[2025-01-19T21:50:26.713+0000] {logging_mixin.py:190} INFO - [2025-01-19T21:50:26.713+0000] {dag.py:4180} INFO - Setting next_dagrun for dataset_s3_bucket_consumer to None, run_after=None
[2025-01-19T21:50:26.715+0000] {logging_mixin.py:190} INFO - [2025-01-19T21:50:26.714+0000] {dag.py:4180} INFO - Setting next_dagrun for dataset_s3_bucket_producer to None, run_after=None
[2025-01-19T21:50:26.744+0000] {processor.py:208} INFO - Processing /home/airflow/.local/lib/python3.12/site-packages/airflow/example_dags/example_dataset_alias.py took 0.931 seconds
[2025-01-19T21:50:57.298+0000] {processor.py:186} INFO - Started process (PID=1629) to work on /home/airflow/.local/lib/python3.12/site-packages/airflow/example_dags/example_dataset_alias.py
[2025-01-19T21:50:57.301+0000] {processor.py:914} INFO - Processing file /home/airflow/.local/lib/python3.12/site-packages/airflow/example_dags/example_dataset_alias.py for tasks to queue
[2025-01-19T21:50:57.306+0000] {logging_mixin.py:190} INFO - [2025-01-19T21:50:57.305+0000] {dagbag.py:588} INFO - Filling up the DagBag from /home/airflow/.local/lib/python3.12/site-packages/airflow/example_dags/example_dataset_alias.py
[2025-01-19T21:50:58.216+0000] {processor.py:925} INFO - DAG(s) 'dataset_s3_bucket_producer', 'dataset_s3_bucket_consumer', 'dataset_alias_example_alias_consumer', 'dataset_alias_example_alias_producer' retrieved from /home/airflow/.local/lib/python3.12/site-packages/airflow/example_dags/example_dataset_alias.py
[2025-01-19T21:50:58.243+0000] {logging_mixin.py:190} INFO - [2025-01-19T21:50:58.243+0000] {dag.py:3239} INFO - Sync 4 DAGs
[2025-01-19T21:50:58.264+0000] {logging_mixin.py:190} INFO - [2025-01-19T21:50:58.264+0000] {dag.py:4180} INFO - Setting next_dagrun for dataset_alias_example_alias_consumer to None, run_after=None
[2025-01-19T21:50:58.267+0000] {logging_mixin.py:190} INFO - [2025-01-19T21:50:58.267+0000] {dag.py:4180} INFO - Setting next_dagrun for dataset_alias_example_alias_producer to None, run_after=None
[2025-01-19T21:50:58.269+0000] {logging_mixin.py:190} INFO - [2025-01-19T21:50:58.268+0000] {dag.py:4180} INFO - Setting next_dagrun for dataset_s3_bucket_consumer to None, run_after=None
[2025-01-19T21:50:58.270+0000] {logging_mixin.py:190} INFO - [2025-01-19T21:50:58.270+0000] {dag.py:4180} INFO - Setting next_dagrun for dataset_s3_bucket_producer to None, run_after=None
[2025-01-19T21:50:58.294+0000] {processor.py:208} INFO - Processing /home/airflow/.local/lib/python3.12/site-packages/airflow/example_dags/example_dataset_alias.py took 1.011 seconds
[2025-01-19T21:51:28.667+0000] {processor.py:186} INFO - Started process (PID=1698) to work on /home/airflow/.local/lib/python3.12/site-packages/airflow/example_dags/example_dataset_alias.py
[2025-01-19T21:51:28.671+0000] {processor.py:914} INFO - Processing file /home/airflow/.local/lib/python3.12/site-packages/airflow/example_dags/example_dataset_alias.py for tasks to queue
[2025-01-19T21:51:28.675+0000] {logging_mixin.py:190} INFO - [2025-01-19T21:51:28.675+0000] {dagbag.py:588} INFO - Filling up the DagBag from /home/airflow/.local/lib/python3.12/site-packages/airflow/example_dags/example_dataset_alias.py
[2025-01-19T21:51:29.435+0000] {processor.py:925} INFO - DAG(s) 'dataset_alias_example_alias_consumer', 'dataset_alias_example_alias_producer', 'dataset_s3_bucket_producer', 'dataset_s3_bucket_consumer' retrieved from /home/airflow/.local/lib/python3.12/site-packages/airflow/example_dags/example_dataset_alias.py
[2025-01-19T21:51:29.456+0000] {logging_mixin.py:190} INFO - [2025-01-19T21:51:29.455+0000] {dag.py:3239} INFO - Sync 4 DAGs
[2025-01-19T21:51:29.486+0000] {logging_mixin.py:190} INFO - [2025-01-19T21:51:29.485+0000] {dag.py:4180} INFO - Setting next_dagrun for dataset_alias_example_alias_consumer to None, run_after=None
[2025-01-19T21:51:29.492+0000] {logging_mixin.py:190} INFO - [2025-01-19T21:51:29.491+0000] {dag.py:4180} INFO - Setting next_dagrun for dataset_alias_example_alias_producer to None, run_after=None
[2025-01-19T21:51:29.496+0000] {logging_mixin.py:190} INFO - [2025-01-19T21:51:29.496+0000] {dag.py:4180} INFO - Setting next_dagrun for dataset_s3_bucket_consumer to None, run_after=None
[2025-01-19T21:51:29.500+0000] {logging_mixin.py:190} INFO - [2025-01-19T21:51:29.500+0000] {dag.py:4180} INFO - Setting next_dagrun for dataset_s3_bucket_producer to None, run_after=None
[2025-01-19T21:51:29.554+0000] {processor.py:208} INFO - Processing /home/airflow/.local/lib/python3.12/site-packages/airflow/example_dags/example_dataset_alias.py took 0.908 seconds
