[2025-01-19T21:39:24.460+0000] {processor.py:186} INFO - Started process (PID=101) to work on /home/airflow/.local/lib/python3.12/site-packages/airflow/example_dags/example_bash_decorator.py
[2025-01-19T21:39:24.462+0000] {processor.py:914} INFO - Processing file /home/airflow/.local/lib/python3.12/site-packages/airflow/example_dags/example_bash_decorator.py for tasks to queue
[2025-01-19T21:39:24.467+0000] {logging_mixin.py:190} INFO - [2025-01-19T21:39:24.466+0000] {dagbag.py:588} INFO - Filling up the DagBag from /home/airflow/.local/lib/python3.12/site-packages/airflow/example_dags/example_bash_decorator.py
[2025-01-19T21:39:24.485+0000] {processor.py:925} INFO - DAG(s) 'example_bash_decorator' retrieved from /home/airflow/.local/lib/python3.12/site-packages/airflow/example_dags/example_bash_decorator.py
[2025-01-19T21:39:24.582+0000] {logging_mixin.py:190} INFO - [2025-01-19T21:39:24.581+0000] {override.py:1911} INFO - Created Permission View: can edit on DAG:example_bash_decorator
[2025-01-19T21:39:24.591+0000] {logging_mixin.py:190} INFO - [2025-01-19T21:39:24.591+0000] {override.py:1911} INFO - Created Permission View: can delete on DAG:example_bash_decorator
[2025-01-19T21:39:24.597+0000] {logging_mixin.py:190} INFO - [2025-01-19T21:39:24.597+0000] {override.py:1911} INFO - Created Permission View: can read on DAG:example_bash_decorator
[2025-01-19T21:39:24.605+0000] {logging_mixin.py:190} INFO - [2025-01-19T21:39:24.605+0000] {override.py:1911} INFO - Created Permission View: menu access on DAG Run:example_bash_decorator
[2025-01-19T21:39:24.613+0000] {logging_mixin.py:190} INFO - [2025-01-19T21:39:24.613+0000] {override.py:1911} INFO - Created Permission View: can create on DAG Run:example_bash_decorator
[2025-01-19T21:39:24.621+0000] {logging_mixin.py:190} INFO - [2025-01-19T21:39:24.621+0000] {override.py:1911} INFO - Created Permission View: can delete on DAG Run:example_bash_decorator
[2025-01-19T21:39:24.627+0000] {logging_mixin.py:190} INFO - [2025-01-19T21:39:24.627+0000] {override.py:1911} INFO - Created Permission View: can read on DAG Run:example_bash_decorator
[2025-01-19T21:39:24.628+0000] {logging_mixin.py:190} INFO - [2025-01-19T21:39:24.628+0000] {dag.py:3239} INFO - Sync 1 DAGs
[2025-01-19T21:39:24.639+0000] {logging_mixin.py:190} INFO - [2025-01-19T21:39:24.639+0000] {dag.py:3262} INFO - Creating ORM DAG for example_bash_decorator
[2025-01-19T21:39:24.640+0000] {logging_mixin.py:190} INFO - [2025-01-19T21:39:24.640+0000] {dag.py:4180} INFO - Setting next_dagrun for example_bash_decorator to None, run_after=None
[2025-01-19T21:39:24.656+0000] {processor.py:208} INFO - Processing /home/airflow/.local/lib/python3.12/site-packages/airflow/example_dags/example_bash_decorator.py took 0.202 seconds
[2025-01-19T21:39:56.089+0000] {processor.py:186} INFO - Started process (PID=170) to work on /home/airflow/.local/lib/python3.12/site-packages/airflow/example_dags/example_bash_decorator.py
[2025-01-19T21:39:56.094+0000] {processor.py:914} INFO - Processing file /home/airflow/.local/lib/python3.12/site-packages/airflow/example_dags/example_bash_decorator.py for tasks to queue
[2025-01-19T21:39:56.103+0000] {logging_mixin.py:190} INFO - [2025-01-19T21:39:56.102+0000] {dagbag.py:588} INFO - Filling up the DagBag from /home/airflow/.local/lib/python3.12/site-packages/airflow/example_dags/example_bash_decorator.py
[2025-01-19T21:39:56.157+0000] {processor.py:925} INFO - DAG(s) 'example_bash_decorator' retrieved from /home/airflow/.local/lib/python3.12/site-packages/airflow/example_dags/example_bash_decorator.py
[2025-01-19T21:39:56.224+0000] {logging_mixin.py:190} INFO - [2025-01-19T21:39:56.224+0000] {dag.py:3239} INFO - Sync 1 DAGs
[2025-01-19T21:39:56.262+0000] {logging_mixin.py:190} INFO - [2025-01-19T21:39:56.261+0000] {dag.py:4180} INFO - Setting next_dagrun for example_bash_decorator to None, run_after=None
[2025-01-19T21:39:56.321+0000] {processor.py:208} INFO - Processing /home/airflow/.local/lib/python3.12/site-packages/airflow/example_dags/example_bash_decorator.py took 0.253 seconds
[2025-01-19T21:40:28.106+0000] {processor.py:186} INFO - Started process (PID=239) to work on /home/airflow/.local/lib/python3.12/site-packages/airflow/example_dags/example_bash_decorator.py
[2025-01-19T21:40:28.107+0000] {processor.py:914} INFO - Processing file /home/airflow/.local/lib/python3.12/site-packages/airflow/example_dags/example_bash_decorator.py for tasks to queue
[2025-01-19T21:40:28.110+0000] {logging_mixin.py:190} INFO - [2025-01-19T21:40:28.110+0000] {dagbag.py:588} INFO - Filling up the DagBag from /home/airflow/.local/lib/python3.12/site-packages/airflow/example_dags/example_bash_decorator.py
[2025-01-19T21:40:28.128+0000] {processor.py:925} INFO - DAG(s) 'example_bash_decorator' retrieved from /home/airflow/.local/lib/python3.12/site-packages/airflow/example_dags/example_bash_decorator.py
[2025-01-19T21:40:28.151+0000] {logging_mixin.py:190} INFO - [2025-01-19T21:40:28.151+0000] {dag.py:3239} INFO - Sync 1 DAGs
[2025-01-19T21:40:28.164+0000] {logging_mixin.py:190} INFO - [2025-01-19T21:40:28.164+0000] {dag.py:4180} INFO - Setting next_dagrun for example_bash_decorator to None, run_after=None
[2025-01-19T21:40:28.182+0000] {processor.py:208} INFO - Processing /home/airflow/.local/lib/python3.12/site-packages/airflow/example_dags/example_bash_decorator.py took 0.082 seconds
[2025-01-19T21:40:59.255+0000] {processor.py:186} INFO - Started process (PID=308) to work on /home/airflow/.local/lib/python3.12/site-packages/airflow/example_dags/example_bash_decorator.py
[2025-01-19T21:40:59.256+0000] {processor.py:914} INFO - Processing file /home/airflow/.local/lib/python3.12/site-packages/airflow/example_dags/example_bash_decorator.py for tasks to queue
[2025-01-19T21:40:59.259+0000] {logging_mixin.py:190} INFO - [2025-01-19T21:40:59.259+0000] {dagbag.py:588} INFO - Filling up the DagBag from /home/airflow/.local/lib/python3.12/site-packages/airflow/example_dags/example_bash_decorator.py
[2025-01-19T21:40:59.274+0000] {processor.py:925} INFO - DAG(s) 'example_bash_decorator' retrieved from /home/airflow/.local/lib/python3.12/site-packages/airflow/example_dags/example_bash_decorator.py
[2025-01-19T21:40:59.295+0000] {logging_mixin.py:190} INFO - [2025-01-19T21:40:59.295+0000] {dag.py:3239} INFO - Sync 1 DAGs
[2025-01-19T21:40:59.308+0000] {logging_mixin.py:190} INFO - [2025-01-19T21:40:59.308+0000] {dag.py:4180} INFO - Setting next_dagrun for example_bash_decorator to None, run_after=None
[2025-01-19T21:40:59.325+0000] {processor.py:208} INFO - Processing /home/airflow/.local/lib/python3.12/site-packages/airflow/example_dags/example_bash_decorator.py took 0.080 seconds
[2025-01-19T21:41:30.833+0000] {processor.py:186} INFO - Started process (PID=377) to work on /home/airflow/.local/lib/python3.12/site-packages/airflow/example_dags/example_bash_decorator.py
[2025-01-19T21:41:30.834+0000] {processor.py:914} INFO - Processing file /home/airflow/.local/lib/python3.12/site-packages/airflow/example_dags/example_bash_decorator.py for tasks to queue
[2025-01-19T21:41:30.837+0000] {logging_mixin.py:190} INFO - [2025-01-19T21:41:30.837+0000] {dagbag.py:588} INFO - Filling up the DagBag from /home/airflow/.local/lib/python3.12/site-packages/airflow/example_dags/example_bash_decorator.py
[2025-01-19T21:41:30.858+0000] {processor.py:925} INFO - DAG(s) 'example_bash_decorator' retrieved from /home/airflow/.local/lib/python3.12/site-packages/airflow/example_dags/example_bash_decorator.py
[2025-01-19T21:41:30.888+0000] {logging_mixin.py:190} INFO - [2025-01-19T21:41:30.887+0000] {dag.py:3239} INFO - Sync 1 DAGs
[2025-01-19T21:41:30.903+0000] {logging_mixin.py:190} INFO - [2025-01-19T21:41:30.903+0000] {dag.py:4180} INFO - Setting next_dagrun for example_bash_decorator to None, run_after=None
[2025-01-19T21:41:30.924+0000] {processor.py:208} INFO - Processing /home/airflow/.local/lib/python3.12/site-packages/airflow/example_dags/example_bash_decorator.py took 0.097 seconds
[2025-01-19T21:42:04.062+0000] {processor.py:186} INFO - Started process (PID=446) to work on /home/airflow/.local/lib/python3.12/site-packages/airflow/example_dags/example_bash_decorator.py
[2025-01-19T21:42:04.066+0000] {processor.py:914} INFO - Processing file /home/airflow/.local/lib/python3.12/site-packages/airflow/example_dags/example_bash_decorator.py for tasks to queue
[2025-01-19T21:42:04.071+0000] {logging_mixin.py:190} INFO - [2025-01-19T21:42:04.071+0000] {dagbag.py:588} INFO - Filling up the DagBag from /home/airflow/.local/lib/python3.12/site-packages/airflow/example_dags/example_bash_decorator.py
[2025-01-19T21:42:04.102+0000] {processor.py:925} INFO - DAG(s) 'example_bash_decorator' retrieved from /home/airflow/.local/lib/python3.12/site-packages/airflow/example_dags/example_bash_decorator.py
[2025-01-19T21:42:04.141+0000] {logging_mixin.py:190} INFO - [2025-01-19T21:42:04.141+0000] {dag.py:3239} INFO - Sync 1 DAGs
[2025-01-19T21:42:04.156+0000] {logging_mixin.py:190} INFO - [2025-01-19T21:42:04.156+0000] {dag.py:4180} INFO - Setting next_dagrun for example_bash_decorator to None, run_after=None
[2025-01-19T21:42:04.515+0000] {processor.py:208} INFO - Processing /home/airflow/.local/lib/python3.12/site-packages/airflow/example_dags/example_bash_decorator.py took 0.463 seconds
[2025-01-19T21:42:34.593+0000] {processor.py:186} INFO - Started process (PID=515) to work on /home/airflow/.local/lib/python3.12/site-packages/airflow/example_dags/example_bash_decorator.py
[2025-01-19T21:42:34.595+0000] {processor.py:914} INFO - Processing file /home/airflow/.local/lib/python3.12/site-packages/airflow/example_dags/example_bash_decorator.py for tasks to queue
[2025-01-19T21:42:34.598+0000] {logging_mixin.py:190} INFO - [2025-01-19T21:42:34.597+0000] {dagbag.py:588} INFO - Filling up the DagBag from /home/airflow/.local/lib/python3.12/site-packages/airflow/example_dags/example_bash_decorator.py
[2025-01-19T21:42:34.614+0000] {processor.py:925} INFO - DAG(s) 'example_bash_decorator' retrieved from /home/airflow/.local/lib/python3.12/site-packages/airflow/example_dags/example_bash_decorator.py
[2025-01-19T21:42:34.637+0000] {logging_mixin.py:190} INFO - [2025-01-19T21:42:34.636+0000] {dag.py:3239} INFO - Sync 1 DAGs
[2025-01-19T21:42:34.650+0000] {logging_mixin.py:190} INFO - [2025-01-19T21:42:34.650+0000] {dag.py:4180} INFO - Setting next_dagrun for example_bash_decorator to None, run_after=None
[2025-01-19T21:42:34.668+0000] {processor.py:208} INFO - Processing /home/airflow/.local/lib/python3.12/site-packages/airflow/example_dags/example_bash_decorator.py took 0.081 seconds
[2025-01-19T21:43:05.707+0000] {processor.py:186} INFO - Started process (PID=584) to work on /home/airflow/.local/lib/python3.12/site-packages/airflow/example_dags/example_bash_decorator.py
[2025-01-19T21:43:05.709+0000] {processor.py:914} INFO - Processing file /home/airflow/.local/lib/python3.12/site-packages/airflow/example_dags/example_bash_decorator.py for tasks to queue
[2025-01-19T21:43:05.711+0000] {logging_mixin.py:190} INFO - [2025-01-19T21:43:05.711+0000] {dagbag.py:588} INFO - Filling up the DagBag from /home/airflow/.local/lib/python3.12/site-packages/airflow/example_dags/example_bash_decorator.py
[2025-01-19T21:43:05.729+0000] {processor.py:925} INFO - DAG(s) 'example_bash_decorator' retrieved from /home/airflow/.local/lib/python3.12/site-packages/airflow/example_dags/example_bash_decorator.py
[2025-01-19T21:43:05.754+0000] {logging_mixin.py:190} INFO - [2025-01-19T21:43:05.754+0000] {dag.py:3239} INFO - Sync 1 DAGs
[2025-01-19T21:43:05.771+0000] {logging_mixin.py:190} INFO - [2025-01-19T21:43:05.771+0000] {dag.py:4180} INFO - Setting next_dagrun for example_bash_decorator to None, run_after=None
[2025-01-19T21:43:05.806+0000] {processor.py:208} INFO - Processing /home/airflow/.local/lib/python3.12/site-packages/airflow/example_dags/example_bash_decorator.py took 0.105 seconds
[2025-01-19T21:43:36.960+0000] {processor.py:186} INFO - Started process (PID=653) to work on /home/airflow/.local/lib/python3.12/site-packages/airflow/example_dags/example_bash_decorator.py
[2025-01-19T21:43:36.963+0000] {processor.py:914} INFO - Processing file /home/airflow/.local/lib/python3.12/site-packages/airflow/example_dags/example_bash_decorator.py for tasks to queue
[2025-01-19T21:43:36.967+0000] {logging_mixin.py:190} INFO - [2025-01-19T21:43:36.967+0000] {dagbag.py:588} INFO - Filling up the DagBag from /home/airflow/.local/lib/python3.12/site-packages/airflow/example_dags/example_bash_decorator.py
[2025-01-19T21:43:36.982+0000] {processor.py:925} INFO - DAG(s) 'example_bash_decorator' retrieved from /home/airflow/.local/lib/python3.12/site-packages/airflow/example_dags/example_bash_decorator.py
[2025-01-19T21:43:37.005+0000] {logging_mixin.py:190} INFO - [2025-01-19T21:43:37.005+0000] {dag.py:3239} INFO - Sync 1 DAGs
[2025-01-19T21:43:37.024+0000] {logging_mixin.py:190} INFO - [2025-01-19T21:43:37.023+0000] {dag.py:4180} INFO - Setting next_dagrun for example_bash_decorator to None, run_after=None
[2025-01-19T21:43:37.065+0000] {processor.py:208} INFO - Processing /home/airflow/.local/lib/python3.12/site-packages/airflow/example_dags/example_bash_decorator.py took 0.118 seconds
[2025-01-19T21:44:08.594+0000] {processor.py:186} INFO - Started process (PID=722) to work on /home/airflow/.local/lib/python3.12/site-packages/airflow/example_dags/example_bash_decorator.py
[2025-01-19T21:44:08.595+0000] {processor.py:914} INFO - Processing file /home/airflow/.local/lib/python3.12/site-packages/airflow/example_dags/example_bash_decorator.py for tasks to queue
[2025-01-19T21:44:08.597+0000] {logging_mixin.py:190} INFO - [2025-01-19T21:44:08.597+0000] {dagbag.py:588} INFO - Filling up the DagBag from /home/airflow/.local/lib/python3.12/site-packages/airflow/example_dags/example_bash_decorator.py
[2025-01-19T21:44:08.611+0000] {processor.py:925} INFO - DAG(s) 'example_bash_decorator' retrieved from /home/airflow/.local/lib/python3.12/site-packages/airflow/example_dags/example_bash_decorator.py
[2025-01-19T21:44:08.631+0000] {logging_mixin.py:190} INFO - [2025-01-19T21:44:08.630+0000] {dag.py:3239} INFO - Sync 1 DAGs
[2025-01-19T21:44:08.644+0000] {logging_mixin.py:190} INFO - [2025-01-19T21:44:08.644+0000] {dag.py:4180} INFO - Setting next_dagrun for example_bash_decorator to None, run_after=None
[2025-01-19T21:44:08.662+0000] {processor.py:208} INFO - Processing /home/airflow/.local/lib/python3.12/site-packages/airflow/example_dags/example_bash_decorator.py took 0.074 seconds
[2025-01-19T21:44:41.017+0000] {processor.py:186} INFO - Started process (PID=791) to work on /home/airflow/.local/lib/python3.12/site-packages/airflow/example_dags/example_bash_decorator.py
[2025-01-19T21:44:41.019+0000] {processor.py:914} INFO - Processing file /home/airflow/.local/lib/python3.12/site-packages/airflow/example_dags/example_bash_decorator.py for tasks to queue
[2025-01-19T21:44:41.022+0000] {logging_mixin.py:190} INFO - [2025-01-19T21:44:41.022+0000] {dagbag.py:588} INFO - Filling up the DagBag from /home/airflow/.local/lib/python3.12/site-packages/airflow/example_dags/example_bash_decorator.py
[2025-01-19T21:44:41.038+0000] {processor.py:925} INFO - DAG(s) 'example_bash_decorator' retrieved from /home/airflow/.local/lib/python3.12/site-packages/airflow/example_dags/example_bash_decorator.py
[2025-01-19T21:44:41.062+0000] {logging_mixin.py:190} INFO - [2025-01-19T21:44:41.061+0000] {dag.py:3239} INFO - Sync 1 DAGs
[2025-01-19T21:44:41.074+0000] {logging_mixin.py:190} INFO - [2025-01-19T21:44:41.074+0000] {dag.py:4180} INFO - Setting next_dagrun for example_bash_decorator to None, run_after=None
[2025-01-19T21:44:41.091+0000] {processor.py:208} INFO - Processing /home/airflow/.local/lib/python3.12/site-packages/airflow/example_dags/example_bash_decorator.py took 0.081 seconds
[2025-01-19T21:45:13.194+0000] {processor.py:186} INFO - Started process (PID=860) to work on /home/airflow/.local/lib/python3.12/site-packages/airflow/example_dags/example_bash_decorator.py
[2025-01-19T21:45:13.195+0000] {processor.py:914} INFO - Processing file /home/airflow/.local/lib/python3.12/site-packages/airflow/example_dags/example_bash_decorator.py for tasks to queue
[2025-01-19T21:45:13.198+0000] {logging_mixin.py:190} INFO - [2025-01-19T21:45:13.198+0000] {dagbag.py:588} INFO - Filling up the DagBag from /home/airflow/.local/lib/python3.12/site-packages/airflow/example_dags/example_bash_decorator.py
[2025-01-19T21:45:13.212+0000] {processor.py:925} INFO - DAG(s) 'example_bash_decorator' retrieved from /home/airflow/.local/lib/python3.12/site-packages/airflow/example_dags/example_bash_decorator.py
[2025-01-19T21:45:13.234+0000] {logging_mixin.py:190} INFO - [2025-01-19T21:45:13.234+0000] {dag.py:3239} INFO - Sync 1 DAGs
[2025-01-19T21:45:13.247+0000] {logging_mixin.py:190} INFO - [2025-01-19T21:45:13.247+0000] {dag.py:4180} INFO - Setting next_dagrun for example_bash_decorator to None, run_after=None
[2025-01-19T21:45:13.266+0000] {processor.py:208} INFO - Processing /home/airflow/.local/lib/python3.12/site-packages/airflow/example_dags/example_bash_decorator.py took 0.078 seconds
[2025-01-19T21:45:45.325+0000] {processor.py:186} INFO - Started process (PID=930) to work on /home/airflow/.local/lib/python3.12/site-packages/airflow/example_dags/example_bash_decorator.py
[2025-01-19T21:45:45.329+0000] {processor.py:914} INFO - Processing file /home/airflow/.local/lib/python3.12/site-packages/airflow/example_dags/example_bash_decorator.py for tasks to queue
[2025-01-19T21:45:45.337+0000] {logging_mixin.py:190} INFO - [2025-01-19T21:45:45.336+0000] {dagbag.py:588} INFO - Filling up the DagBag from /home/airflow/.local/lib/python3.12/site-packages/airflow/example_dags/example_bash_decorator.py
[2025-01-19T21:45:45.371+0000] {processor.py:925} INFO - DAG(s) 'example_bash_decorator' retrieved from /home/airflow/.local/lib/python3.12/site-packages/airflow/example_dags/example_bash_decorator.py
[2025-01-19T21:45:45.419+0000] {logging_mixin.py:190} INFO - [2025-01-19T21:45:45.418+0000] {dag.py:3239} INFO - Sync 1 DAGs
[2025-01-19T21:45:45.452+0000] {logging_mixin.py:190} INFO - [2025-01-19T21:45:45.452+0000] {dag.py:4180} INFO - Setting next_dagrun for example_bash_decorator to None, run_after=None
[2025-01-19T21:45:45.487+0000] {processor.py:208} INFO - Processing /home/airflow/.local/lib/python3.12/site-packages/airflow/example_dags/example_bash_decorator.py took 0.180 seconds
[2025-01-19T21:46:16.465+0000] {processor.py:186} INFO - Started process (PID=999) to work on /home/airflow/.local/lib/python3.12/site-packages/airflow/example_dags/example_bash_decorator.py
[2025-01-19T21:46:16.467+0000] {processor.py:914} INFO - Processing file /home/airflow/.local/lib/python3.12/site-packages/airflow/example_dags/example_bash_decorator.py for tasks to queue
[2025-01-19T21:46:16.469+0000] {logging_mixin.py:190} INFO - [2025-01-19T21:46:16.469+0000] {dagbag.py:588} INFO - Filling up the DagBag from /home/airflow/.local/lib/python3.12/site-packages/airflow/example_dags/example_bash_decorator.py
[2025-01-19T21:46:16.485+0000] {processor.py:925} INFO - DAG(s) 'example_bash_decorator' retrieved from /home/airflow/.local/lib/python3.12/site-packages/airflow/example_dags/example_bash_decorator.py
[2025-01-19T21:46:16.509+0000] {logging_mixin.py:190} INFO - [2025-01-19T21:46:16.509+0000] {dag.py:3239} INFO - Sync 1 DAGs
[2025-01-19T21:46:16.528+0000] {logging_mixin.py:190} INFO - [2025-01-19T21:46:16.528+0000] {dag.py:4180} INFO - Setting next_dagrun for example_bash_decorator to None, run_after=None
[2025-01-19T21:46:16.556+0000] {processor.py:208} INFO - Processing /home/airflow/.local/lib/python3.12/site-packages/airflow/example_dags/example_bash_decorator.py took 0.097 seconds
[2025-01-19T21:46:48.209+0000] {processor.py:186} INFO - Started process (PID=1068) to work on /home/airflow/.local/lib/python3.12/site-packages/airflow/example_dags/example_bash_decorator.py
[2025-01-19T21:46:48.211+0000] {processor.py:914} INFO - Processing file /home/airflow/.local/lib/python3.12/site-packages/airflow/example_dags/example_bash_decorator.py for tasks to queue
[2025-01-19T21:46:48.214+0000] {logging_mixin.py:190} INFO - [2025-01-19T21:46:48.213+0000] {dagbag.py:588} INFO - Filling up the DagBag from /home/airflow/.local/lib/python3.12/site-packages/airflow/example_dags/example_bash_decorator.py
[2025-01-19T21:46:48.232+0000] {processor.py:925} INFO - DAG(s) 'example_bash_decorator' retrieved from /home/airflow/.local/lib/python3.12/site-packages/airflow/example_dags/example_bash_decorator.py
[2025-01-19T21:46:48.259+0000] {logging_mixin.py:190} INFO - [2025-01-19T21:46:48.258+0000] {dag.py:3239} INFO - Sync 1 DAGs
[2025-01-19T21:46:48.281+0000] {logging_mixin.py:190} INFO - [2025-01-19T21:46:48.280+0000] {dag.py:4180} INFO - Setting next_dagrun for example_bash_decorator to None, run_after=None
[2025-01-19T21:46:48.299+0000] {processor.py:208} INFO - Processing /home/airflow/.local/lib/python3.12/site-packages/airflow/example_dags/example_bash_decorator.py took 0.096 seconds
[2025-01-19T21:47:19.447+0000] {processor.py:186} INFO - Started process (PID=1142) to work on /home/airflow/.local/lib/python3.12/site-packages/airflow/example_dags/example_bash_decorator.py
[2025-01-19T21:47:19.448+0000] {processor.py:914} INFO - Processing file /home/airflow/.local/lib/python3.12/site-packages/airflow/example_dags/example_bash_decorator.py for tasks to queue
[2025-01-19T21:47:19.453+0000] {logging_mixin.py:190} INFO - [2025-01-19T21:47:19.452+0000] {dagbag.py:588} INFO - Filling up the DagBag from /home/airflow/.local/lib/python3.12/site-packages/airflow/example_dags/example_bash_decorator.py
[2025-01-19T21:47:19.481+0000] {processor.py:925} INFO - DAG(s) 'example_bash_decorator' retrieved from /home/airflow/.local/lib/python3.12/site-packages/airflow/example_dags/example_bash_decorator.py
[2025-01-19T21:47:19.504+0000] {logging_mixin.py:190} INFO - [2025-01-19T21:47:19.504+0000] {dag.py:3239} INFO - Sync 1 DAGs
[2025-01-19T21:47:19.519+0000] {logging_mixin.py:190} INFO - [2025-01-19T21:47:19.519+0000] {dag.py:4180} INFO - Setting next_dagrun for example_bash_decorator to None, run_after=None
[2025-01-19T21:47:19.538+0000] {processor.py:208} INFO - Processing /home/airflow/.local/lib/python3.12/site-packages/airflow/example_dags/example_bash_decorator.py took 0.098 seconds
[2025-01-19T21:47:50.585+0000] {processor.py:186} INFO - Started process (PID=1219) to work on /home/airflow/.local/lib/python3.12/site-packages/airflow/example_dags/example_bash_decorator.py
[2025-01-19T21:47:50.596+0000] {processor.py:914} INFO - Processing file /home/airflow/.local/lib/python3.12/site-packages/airflow/example_dags/example_bash_decorator.py for tasks to queue
[2025-01-19T21:47:50.600+0000] {logging_mixin.py:190} INFO - [2025-01-19T21:47:50.600+0000] {dagbag.py:588} INFO - Filling up the DagBag from /home/airflow/.local/lib/python3.12/site-packages/airflow/example_dags/example_bash_decorator.py
[2025-01-19T21:47:50.621+0000] {processor.py:925} INFO - DAG(s) 'example_bash_decorator' retrieved from /home/airflow/.local/lib/python3.12/site-packages/airflow/example_dags/example_bash_decorator.py
[2025-01-19T21:47:50.654+0000] {logging_mixin.py:190} INFO - [2025-01-19T21:47:50.654+0000] {dag.py:3239} INFO - Sync 1 DAGs
[2025-01-19T21:47:50.672+0000] {logging_mixin.py:190} INFO - [2025-01-19T21:47:50.672+0000] {dag.py:4180} INFO - Setting next_dagrun for example_bash_decorator to None, run_after=None
[2025-01-19T21:47:50.702+0000] {processor.py:208} INFO - Processing /home/airflow/.local/lib/python3.12/site-packages/airflow/example_dags/example_bash_decorator.py took 0.123 seconds
[2025-01-19T21:48:21.793+0000] {processor.py:186} INFO - Started process (PID=1288) to work on /home/airflow/.local/lib/python3.12/site-packages/airflow/example_dags/example_bash_decorator.py
[2025-01-19T21:48:21.795+0000] {processor.py:914} INFO - Processing file /home/airflow/.local/lib/python3.12/site-packages/airflow/example_dags/example_bash_decorator.py for tasks to queue
[2025-01-19T21:48:21.798+0000] {logging_mixin.py:190} INFO - [2025-01-19T21:48:21.797+0000] {dagbag.py:588} INFO - Filling up the DagBag from /home/airflow/.local/lib/python3.12/site-packages/airflow/example_dags/example_bash_decorator.py
[2025-01-19T21:48:21.812+0000] {processor.py:925} INFO - DAG(s) 'example_bash_decorator' retrieved from /home/airflow/.local/lib/python3.12/site-packages/airflow/example_dags/example_bash_decorator.py
[2025-01-19T21:48:21.835+0000] {logging_mixin.py:190} INFO - [2025-01-19T21:48:21.834+0000] {dag.py:3239} INFO - Sync 1 DAGs
[2025-01-19T21:48:21.859+0000] {logging_mixin.py:190} INFO - [2025-01-19T21:48:21.859+0000] {dag.py:4180} INFO - Setting next_dagrun for example_bash_decorator to None, run_after=None
[2025-01-19T21:48:21.890+0000] {processor.py:208} INFO - Processing /home/airflow/.local/lib/python3.12/site-packages/airflow/example_dags/example_bash_decorator.py took 0.102 seconds
[2025-01-19T21:48:53.267+0000] {processor.py:186} INFO - Started process (PID=1357) to work on /home/airflow/.local/lib/python3.12/site-packages/airflow/example_dags/example_bash_decorator.py
[2025-01-19T21:48:53.269+0000] {processor.py:914} INFO - Processing file /home/airflow/.local/lib/python3.12/site-packages/airflow/example_dags/example_bash_decorator.py for tasks to queue
[2025-01-19T21:48:53.271+0000] {logging_mixin.py:190} INFO - [2025-01-19T21:48:53.271+0000] {dagbag.py:588} INFO - Filling up the DagBag from /home/airflow/.local/lib/python3.12/site-packages/airflow/example_dags/example_bash_decorator.py
[2025-01-19T21:48:53.289+0000] {processor.py:925} INFO - DAG(s) 'example_bash_decorator' retrieved from /home/airflow/.local/lib/python3.12/site-packages/airflow/example_dags/example_bash_decorator.py
[2025-01-19T21:48:53.324+0000] {logging_mixin.py:190} INFO - [2025-01-19T21:48:53.324+0000] {dag.py:3239} INFO - Sync 1 DAGs
[2025-01-19T21:48:53.341+0000] {logging_mixin.py:190} INFO - [2025-01-19T21:48:53.341+0000] {dag.py:4180} INFO - Setting next_dagrun for example_bash_decorator to None, run_after=None
[2025-01-19T21:48:53.363+0000] {processor.py:208} INFO - Processing /home/airflow/.local/lib/python3.12/site-packages/airflow/example_dags/example_bash_decorator.py took 0.103 seconds
[2025-01-19T21:49:24.495+0000] {processor.py:186} INFO - Started process (PID=1426) to work on /home/airflow/.local/lib/python3.12/site-packages/airflow/example_dags/example_bash_decorator.py
[2025-01-19T21:49:24.497+0000] {processor.py:914} INFO - Processing file /home/airflow/.local/lib/python3.12/site-packages/airflow/example_dags/example_bash_decorator.py for tasks to queue
[2025-01-19T21:49:24.501+0000] {logging_mixin.py:190} INFO - [2025-01-19T21:49:24.500+0000] {dagbag.py:588} INFO - Filling up the DagBag from /home/airflow/.local/lib/python3.12/site-packages/airflow/example_dags/example_bash_decorator.py
[2025-01-19T21:49:24.517+0000] {processor.py:925} INFO - DAG(s) 'example_bash_decorator' retrieved from /home/airflow/.local/lib/python3.12/site-packages/airflow/example_dags/example_bash_decorator.py
[2025-01-19T21:49:24.579+0000] {logging_mixin.py:190} INFO - [2025-01-19T21:49:24.578+0000] {dag.py:3239} INFO - Sync 1 DAGs
[2025-01-19T21:49:24.611+0000] {logging_mixin.py:190} INFO - [2025-01-19T21:49:24.610+0000] {dag.py:4180} INFO - Setting next_dagrun for example_bash_decorator to None, run_after=None
[2025-01-19T21:49:24.633+0000] {processor.py:208} INFO - Processing /home/airflow/.local/lib/python3.12/site-packages/airflow/example_dags/example_bash_decorator.py took 0.146 seconds
[2025-01-19T21:49:55.302+0000] {processor.py:186} INFO - Started process (PID=1495) to work on /home/airflow/.local/lib/python3.12/site-packages/airflow/example_dags/example_bash_decorator.py
[2025-01-19T21:49:55.304+0000] {processor.py:914} INFO - Processing file /home/airflow/.local/lib/python3.12/site-packages/airflow/example_dags/example_bash_decorator.py for tasks to queue
[2025-01-19T21:49:55.306+0000] {logging_mixin.py:190} INFO - [2025-01-19T21:49:55.306+0000] {dagbag.py:588} INFO - Filling up the DagBag from /home/airflow/.local/lib/python3.12/site-packages/airflow/example_dags/example_bash_decorator.py
[2025-01-19T21:49:55.330+0000] {processor.py:925} INFO - DAG(s) 'example_bash_decorator' retrieved from /home/airflow/.local/lib/python3.12/site-packages/airflow/example_dags/example_bash_decorator.py
[2025-01-19T21:49:55.363+0000] {logging_mixin.py:190} INFO - [2025-01-19T21:49:55.363+0000] {dag.py:3239} INFO - Sync 1 DAGs
[2025-01-19T21:49:55.382+0000] {logging_mixin.py:190} INFO - [2025-01-19T21:49:55.382+0000] {dag.py:4180} INFO - Setting next_dagrun for example_bash_decorator to None, run_after=None
[2025-01-19T21:49:55.403+0000] {processor.py:208} INFO - Processing /home/airflow/.local/lib/python3.12/site-packages/airflow/example_dags/example_bash_decorator.py took 0.108 seconds
[2025-01-19T21:50:27.078+0000] {processor.py:186} INFO - Started process (PID=1564) to work on /home/airflow/.local/lib/python3.12/site-packages/airflow/example_dags/example_bash_decorator.py
[2025-01-19T21:50:27.086+0000] {processor.py:914} INFO - Processing file /home/airflow/.local/lib/python3.12/site-packages/airflow/example_dags/example_bash_decorator.py for tasks to queue
[2025-01-19T21:50:27.094+0000] {logging_mixin.py:190} INFO - [2025-01-19T21:50:27.093+0000] {dagbag.py:588} INFO - Filling up the DagBag from /home/airflow/.local/lib/python3.12/site-packages/airflow/example_dags/example_bash_decorator.py
[2025-01-19T21:50:27.113+0000] {processor.py:925} INFO - DAG(s) 'example_bash_decorator' retrieved from /home/airflow/.local/lib/python3.12/site-packages/airflow/example_dags/example_bash_decorator.py
[2025-01-19T21:50:27.140+0000] {logging_mixin.py:190} INFO - [2025-01-19T21:50:27.139+0000] {dag.py:3239} INFO - Sync 1 DAGs
[2025-01-19T21:50:27.158+0000] {logging_mixin.py:190} INFO - [2025-01-19T21:50:27.158+0000] {dag.py:4180} INFO - Setting next_dagrun for example_bash_decorator to None, run_after=None
[2025-01-19T21:50:27.197+0000] {processor.py:208} INFO - Processing /home/airflow/.local/lib/python3.12/site-packages/airflow/example_dags/example_bash_decorator.py took 0.130 seconds
[2025-01-19T21:50:58.480+0000] {processor.py:186} INFO - Started process (PID=1633) to work on /home/airflow/.local/lib/python3.12/site-packages/airflow/example_dags/example_bash_decorator.py
[2025-01-19T21:50:58.481+0000] {processor.py:914} INFO - Processing file /home/airflow/.local/lib/python3.12/site-packages/airflow/example_dags/example_bash_decorator.py for tasks to queue
[2025-01-19T21:50:58.485+0000] {logging_mixin.py:190} INFO - [2025-01-19T21:50:58.484+0000] {dagbag.py:588} INFO - Filling up the DagBag from /home/airflow/.local/lib/python3.12/site-packages/airflow/example_dags/example_bash_decorator.py
[2025-01-19T21:50:58.499+0000] {processor.py:925} INFO - DAG(s) 'example_bash_decorator' retrieved from /home/airflow/.local/lib/python3.12/site-packages/airflow/example_dags/example_bash_decorator.py
[2025-01-19T21:50:58.528+0000] {logging_mixin.py:190} INFO - [2025-01-19T21:50:58.527+0000] {dag.py:3239} INFO - Sync 1 DAGs
[2025-01-19T21:50:58.549+0000] {logging_mixin.py:190} INFO - [2025-01-19T21:50:58.549+0000] {dag.py:4180} INFO - Setting next_dagrun for example_bash_decorator to None, run_after=None
[2025-01-19T21:50:58.566+0000] {processor.py:208} INFO - Processing /home/airflow/.local/lib/python3.12/site-packages/airflow/example_dags/example_bash_decorator.py took 0.093 seconds
[2025-01-19T21:51:29.803+0000] {processor.py:186} INFO - Started process (PID=1702) to work on /home/airflow/.local/lib/python3.12/site-packages/airflow/example_dags/example_bash_decorator.py
[2025-01-19T21:51:29.804+0000] {processor.py:914} INFO - Processing file /home/airflow/.local/lib/python3.12/site-packages/airflow/example_dags/example_bash_decorator.py for tasks to queue
[2025-01-19T21:51:29.807+0000] {logging_mixin.py:190} INFO - [2025-01-19T21:51:29.807+0000] {dagbag.py:588} INFO - Filling up the DagBag from /home/airflow/.local/lib/python3.12/site-packages/airflow/example_dags/example_bash_decorator.py
[2025-01-19T21:51:29.825+0000] {processor.py:925} INFO - DAG(s) 'example_bash_decorator' retrieved from /home/airflow/.local/lib/python3.12/site-packages/airflow/example_dags/example_bash_decorator.py
[2025-01-19T21:51:29.855+0000] {logging_mixin.py:190} INFO - [2025-01-19T21:51:29.855+0000] {dag.py:3239} INFO - Sync 1 DAGs
[2025-01-19T21:51:29.871+0000] {logging_mixin.py:190} INFO - [2025-01-19T21:51:29.870+0000] {dag.py:4180} INFO - Setting next_dagrun for example_bash_decorator to None, run_after=None
[2025-01-19T21:51:29.889+0000] {processor.py:208} INFO - Processing /home/airflow/.local/lib/python3.12/site-packages/airflow/example_dags/example_bash_decorator.py took 0.095 seconds
