[2025-01-19T21:39:27.666+0000] {processor.py:186} INFO - Started process (PID=122) to work on /home/airflow/.local/lib/python3.12/site-packages/airflow/example_dags/example_outlet_event_extra.py
[2025-01-19T21:39:27.667+0000] {processor.py:914} INFO - Processing file /home/airflow/.local/lib/python3.12/site-packages/airflow/example_dags/example_outlet_event_extra.py for tasks to queue
[2025-01-19T21:39:27.670+0000] {logging_mixin.py:190} INFO - [2025-01-19T21:39:27.670+0000] {dagbag.py:588} INFO - Filling up the DagBag from /home/airflow/.local/lib/python3.12/site-packages/airflow/example_dags/example_outlet_event_extra.py
[2025-01-19T21:39:28.230+0000] {processor.py:925} INFO - DAG(s) 'dataset_with_extra_by_yield', 'dataset_with_extra_from_classic_operator', 'dataset_with_extra_by_context' retrieved from /home/airflow/.local/lib/python3.12/site-packages/airflow/example_dags/example_outlet_event_extra.py
[2025-01-19T21:39:28.323+0000] {logging_mixin.py:190} INFO - [2025-01-19T21:39:28.322+0000] {override.py:1911} INFO - Created Permission View: can edit on DAG:dataset_with_extra_by_yield
[2025-01-19T21:39:28.334+0000] {logging_mixin.py:190} INFO - [2025-01-19T21:39:28.334+0000] {override.py:1911} INFO - Created Permission View: can delete on DAG:dataset_with_extra_by_yield
[2025-01-19T21:39:28.343+0000] {logging_mixin.py:190} INFO - [2025-01-19T21:39:28.343+0000] {override.py:1911} INFO - Created Permission View: can read on DAG:dataset_with_extra_by_yield
[2025-01-19T21:39:28.352+0000] {logging_mixin.py:190} INFO - [2025-01-19T21:39:28.352+0000] {override.py:1911} INFO - Created Permission View: menu access on DAG Run:dataset_with_extra_by_yield
[2025-01-19T21:39:28.360+0000] {logging_mixin.py:190} INFO - [2025-01-19T21:39:28.360+0000] {override.py:1911} INFO - Created Permission View: can create on DAG Run:dataset_with_extra_by_yield
[2025-01-19T21:39:28.367+0000] {logging_mixin.py:190} INFO - [2025-01-19T21:39:28.367+0000] {override.py:1911} INFO - Created Permission View: can delete on DAG Run:dataset_with_extra_by_yield
[2025-01-19T21:39:28.376+0000] {logging_mixin.py:190} INFO - [2025-01-19T21:39:28.376+0000] {override.py:1911} INFO - Created Permission View: can read on DAG Run:dataset_with_extra_by_yield
[2025-01-19T21:39:28.401+0000] {logging_mixin.py:190} INFO - [2025-01-19T21:39:28.400+0000] {override.py:1911} INFO - Created Permission View: can edit on DAG:dataset_with_extra_from_classic_operator
[2025-01-19T21:39:28.418+0000] {logging_mixin.py:190} INFO - [2025-01-19T21:39:28.417+0000] {override.py:1911} INFO - Created Permission View: can delete on DAG:dataset_with_extra_from_classic_operator
[2025-01-19T21:39:28.431+0000] {logging_mixin.py:190} INFO - [2025-01-19T21:39:28.431+0000] {override.py:1911} INFO - Created Permission View: can read on DAG:dataset_with_extra_from_classic_operator
[2025-01-19T21:39:28.442+0000] {logging_mixin.py:190} INFO - [2025-01-19T21:39:28.441+0000] {override.py:1911} INFO - Created Permission View: menu access on DAG Run:dataset_with_extra_from_classic_operator
[2025-01-19T21:39:28.459+0000] {logging_mixin.py:190} INFO - [2025-01-19T21:39:28.458+0000] {override.py:1911} INFO - Created Permission View: can create on DAG Run:dataset_with_extra_from_classic_operator
[2025-01-19T21:39:28.467+0000] {logging_mixin.py:190} INFO - [2025-01-19T21:39:28.467+0000] {override.py:1911} INFO - Created Permission View: can delete on DAG Run:dataset_with_extra_from_classic_operator
[2025-01-19T21:39:28.475+0000] {logging_mixin.py:190} INFO - [2025-01-19T21:39:28.475+0000] {override.py:1911} INFO - Created Permission View: can read on DAG Run:dataset_with_extra_from_classic_operator
[2025-01-19T21:39:28.488+0000] {logging_mixin.py:190} INFO - [2025-01-19T21:39:28.488+0000] {override.py:1911} INFO - Created Permission View: can edit on DAG:dataset_with_extra_by_context
[2025-01-19T21:39:28.496+0000] {logging_mixin.py:190} INFO - [2025-01-19T21:39:28.496+0000] {override.py:1911} INFO - Created Permission View: can delete on DAG:dataset_with_extra_by_context
[2025-01-19T21:39:28.507+0000] {logging_mixin.py:190} INFO - [2025-01-19T21:39:28.506+0000] {override.py:1911} INFO - Created Permission View: can read on DAG:dataset_with_extra_by_context
[2025-01-19T21:39:28.516+0000] {logging_mixin.py:190} INFO - [2025-01-19T21:39:28.516+0000] {override.py:1911} INFO - Created Permission View: menu access on DAG Run:dataset_with_extra_by_context
[2025-01-19T21:39:28.524+0000] {logging_mixin.py:190} INFO - [2025-01-19T21:39:28.524+0000] {override.py:1911} INFO - Created Permission View: can create on DAG Run:dataset_with_extra_by_context
[2025-01-19T21:39:28.531+0000] {logging_mixin.py:190} INFO - [2025-01-19T21:39:28.531+0000] {override.py:1911} INFO - Created Permission View: can delete on DAG Run:dataset_with_extra_by_context
[2025-01-19T21:39:28.541+0000] {logging_mixin.py:190} INFO - [2025-01-19T21:39:28.540+0000] {override.py:1911} INFO - Created Permission View: can read on DAG Run:dataset_with_extra_by_context
[2025-01-19T21:39:28.542+0000] {logging_mixin.py:190} INFO - [2025-01-19T21:39:28.542+0000] {dag.py:3239} INFO - Sync 3 DAGs
[2025-01-19T21:39:28.572+0000] {logging_mixin.py:190} INFO - [2025-01-19T21:39:28.571+0000] {dag.py:3262} INFO - Creating ORM DAG for dataset_with_extra_from_classic_operator
[2025-01-19T21:39:28.575+0000] {logging_mixin.py:190} INFO - [2025-01-19T21:39:28.575+0000] {dag.py:3262} INFO - Creating ORM DAG for dataset_with_extra_by_context
[2025-01-19T21:39:28.578+0000] {logging_mixin.py:190} INFO - [2025-01-19T21:39:28.578+0000] {dag.py:3262} INFO - Creating ORM DAG for dataset_with_extra_by_yield
[2025-01-19T21:39:28.620+0000] {logging_mixin.py:190} INFO - [2025-01-19T21:39:28.618+0000] {dag.py:4180} INFO - Setting next_dagrun for dataset_with_extra_by_context to 2025-01-18 00:00:00+00:00, run_after=2025-01-19 00:00:00+00:00
[2025-01-19T21:39:28.625+0000] {logging_mixin.py:190} INFO - [2025-01-19T21:39:28.625+0000] {dag.py:4180} INFO - Setting next_dagrun for dataset_with_extra_by_yield to 2025-01-18 00:00:00+00:00, run_after=2025-01-19 00:00:00+00:00
[2025-01-19T21:39:28.630+0000] {logging_mixin.py:190} INFO - [2025-01-19T21:39:28.629+0000] {dag.py:4180} INFO - Setting next_dagrun for dataset_with_extra_from_classic_operator to 2025-01-18 00:00:00+00:00, run_after=2025-01-19 00:00:00+00:00
[2025-01-19T21:39:28.688+0000] {processor.py:208} INFO - Processing /home/airflow/.local/lib/python3.12/site-packages/airflow/example_dags/example_outlet_event_extra.py took 1.028 seconds
[2025-01-19T21:39:59.192+0000] {processor.py:186} INFO - Started process (PID=191) to work on /home/airflow/.local/lib/python3.12/site-packages/airflow/example_dags/example_outlet_event_extra.py
[2025-01-19T21:39:59.197+0000] {processor.py:914} INFO - Processing file /home/airflow/.local/lib/python3.12/site-packages/airflow/example_dags/example_outlet_event_extra.py for tasks to queue
[2025-01-19T21:39:59.204+0000] {logging_mixin.py:190} INFO - [2025-01-19T21:39:59.203+0000] {dagbag.py:588} INFO - Filling up the DagBag from /home/airflow/.local/lib/python3.12/site-packages/airflow/example_dags/example_outlet_event_extra.py
[2025-01-19T21:40:00.074+0000] {processor.py:925} INFO - DAG(s) 'dataset_with_extra_from_classic_operator', 'dataset_with_extra_by_context', 'dataset_with_extra_by_yield' retrieved from /home/airflow/.local/lib/python3.12/site-packages/airflow/example_dags/example_outlet_event_extra.py
[2025-01-19T21:40:00.103+0000] {logging_mixin.py:190} INFO - [2025-01-19T21:40:00.102+0000] {dag.py:3239} INFO - Sync 3 DAGs
[2025-01-19T21:40:00.133+0000] {logging_mixin.py:190} INFO - [2025-01-19T21:40:00.133+0000] {dag.py:4180} INFO - Setting next_dagrun for dataset_with_extra_by_context to 2025-01-18 00:00:00+00:00, run_after=2025-01-19 00:00:00+00:00
[2025-01-19T21:40:00.140+0000] {logging_mixin.py:190} INFO - [2025-01-19T21:40:00.140+0000] {dag.py:4180} INFO - Setting next_dagrun for dataset_with_extra_by_yield to 2025-01-18 00:00:00+00:00, run_after=2025-01-19 00:00:00+00:00
[2025-01-19T21:40:00.146+0000] {logging_mixin.py:190} INFO - [2025-01-19T21:40:00.145+0000] {dag.py:4180} INFO - Setting next_dagrun for dataset_with_extra_from_classic_operator to 2025-01-18 00:00:00+00:00, run_after=2025-01-19 00:00:00+00:00
[2025-01-19T21:40:00.183+0000] {processor.py:208} INFO - Processing /home/airflow/.local/lib/python3.12/site-packages/airflow/example_dags/example_outlet_event_extra.py took 1.008 seconds
[2025-01-19T21:40:30.728+0000] {processor.py:186} INFO - Started process (PID=260) to work on /home/airflow/.local/lib/python3.12/site-packages/airflow/example_dags/example_outlet_event_extra.py
[2025-01-19T21:40:30.729+0000] {processor.py:914} INFO - Processing file /home/airflow/.local/lib/python3.12/site-packages/airflow/example_dags/example_outlet_event_extra.py for tasks to queue
[2025-01-19T21:40:30.733+0000] {logging_mixin.py:190} INFO - [2025-01-19T21:40:30.733+0000] {dagbag.py:588} INFO - Filling up the DagBag from /home/airflow/.local/lib/python3.12/site-packages/airflow/example_dags/example_outlet_event_extra.py
[2025-01-19T21:40:31.372+0000] {processor.py:925} INFO - DAG(s) 'dataset_with_extra_by_context', 'dataset_with_extra_by_yield', 'dataset_with_extra_from_classic_operator' retrieved from /home/airflow/.local/lib/python3.12/site-packages/airflow/example_dags/example_outlet_event_extra.py
[2025-01-19T21:40:31.397+0000] {logging_mixin.py:190} INFO - [2025-01-19T21:40:31.397+0000] {dag.py:3239} INFO - Sync 3 DAGs
[2025-01-19T21:40:31.420+0000] {logging_mixin.py:190} INFO - [2025-01-19T21:40:31.420+0000] {dag.py:4180} INFO - Setting next_dagrun for dataset_with_extra_by_context to 2025-01-18 00:00:00+00:00, run_after=2025-01-19 00:00:00+00:00
[2025-01-19T21:40:31.426+0000] {logging_mixin.py:190} INFO - [2025-01-19T21:40:31.426+0000] {dag.py:4180} INFO - Setting next_dagrun for dataset_with_extra_by_yield to 2025-01-18 00:00:00+00:00, run_after=2025-01-19 00:00:00+00:00
[2025-01-19T21:40:31.429+0000] {logging_mixin.py:190} INFO - [2025-01-19T21:40:31.429+0000] {dag.py:4180} INFO - Setting next_dagrun for dataset_with_extra_from_classic_operator to 2025-01-18 00:00:00+00:00, run_after=2025-01-19 00:00:00+00:00
[2025-01-19T21:40:31.449+0000] {processor.py:208} INFO - Processing /home/airflow/.local/lib/python3.12/site-packages/airflow/example_dags/example_outlet_event_extra.py took 0.728 seconds
[2025-01-19T21:41:01.663+0000] {processor.py:186} INFO - Started process (PID=329) to work on /home/airflow/.local/lib/python3.12/site-packages/airflow/example_dags/example_outlet_event_extra.py
[2025-01-19T21:41:01.665+0000] {processor.py:914} INFO - Processing file /home/airflow/.local/lib/python3.12/site-packages/airflow/example_dags/example_outlet_event_extra.py for tasks to queue
[2025-01-19T21:41:01.669+0000] {logging_mixin.py:190} INFO - [2025-01-19T21:41:01.669+0000] {dagbag.py:588} INFO - Filling up the DagBag from /home/airflow/.local/lib/python3.12/site-packages/airflow/example_dags/example_outlet_event_extra.py
[2025-01-19T21:41:02.326+0000] {processor.py:925} INFO - DAG(s) 'dataset_with_extra_from_classic_operator', 'dataset_with_extra_by_yield', 'dataset_with_extra_by_context' retrieved from /home/airflow/.local/lib/python3.12/site-packages/airflow/example_dags/example_outlet_event_extra.py
[2025-01-19T21:41:02.358+0000] {logging_mixin.py:190} INFO - [2025-01-19T21:41:02.357+0000] {dag.py:3239} INFO - Sync 3 DAGs
[2025-01-19T21:41:02.390+0000] {logging_mixin.py:190} INFO - [2025-01-19T21:41:02.389+0000] {dag.py:4180} INFO - Setting next_dagrun for dataset_with_extra_by_context to 2025-01-18 00:00:00+00:00, run_after=2025-01-19 00:00:00+00:00
[2025-01-19T21:41:02.395+0000] {logging_mixin.py:190} INFO - [2025-01-19T21:41:02.395+0000] {dag.py:4180} INFO - Setting next_dagrun for dataset_with_extra_by_yield to 2025-01-18 00:00:00+00:00, run_after=2025-01-19 00:00:00+00:00
[2025-01-19T21:41:02.399+0000] {logging_mixin.py:190} INFO - [2025-01-19T21:41:02.399+0000] {dag.py:4180} INFO - Setting next_dagrun for dataset_with_extra_from_classic_operator to 2025-01-18 00:00:00+00:00, run_after=2025-01-19 00:00:00+00:00
[2025-01-19T21:41:02.949+0000] {processor.py:208} INFO - Processing /home/airflow/.local/lib/python3.12/site-packages/airflow/example_dags/example_outlet_event_extra.py took 1.294 seconds
[2025-01-19T21:41:33.333+0000] {processor.py:186} INFO - Started process (PID=398) to work on /home/airflow/.local/lib/python3.12/site-packages/airflow/example_dags/example_outlet_event_extra.py
[2025-01-19T21:41:33.335+0000] {processor.py:914} INFO - Processing file /home/airflow/.local/lib/python3.12/site-packages/airflow/example_dags/example_outlet_event_extra.py for tasks to queue
[2025-01-19T21:41:33.337+0000] {logging_mixin.py:190} INFO - [2025-01-19T21:41:33.337+0000] {dagbag.py:588} INFO - Filling up the DagBag from /home/airflow/.local/lib/python3.12/site-packages/airflow/example_dags/example_outlet_event_extra.py
[2025-01-19T21:41:33.974+0000] {processor.py:925} INFO - DAG(s) 'dataset_with_extra_by_yield', 'dataset_with_extra_by_context', 'dataset_with_extra_from_classic_operator' retrieved from /home/airflow/.local/lib/python3.12/site-packages/airflow/example_dags/example_outlet_event_extra.py
[2025-01-19T21:41:34.577+0000] {logging_mixin.py:190} INFO - [2025-01-19T21:41:34.576+0000] {dag.py:3239} INFO - Sync 3 DAGs
[2025-01-19T21:41:34.623+0000] {logging_mixin.py:190} INFO - [2025-01-19T21:41:34.622+0000] {dag.py:4180} INFO - Setting next_dagrun for dataset_with_extra_by_context to 2025-01-18 00:00:00+00:00, run_after=2025-01-19 00:00:00+00:00
[2025-01-19T21:41:34.629+0000] {logging_mixin.py:190} INFO - [2025-01-19T21:41:34.629+0000] {dag.py:4180} INFO - Setting next_dagrun for dataset_with_extra_by_yield to 2025-01-18 00:00:00+00:00, run_after=2025-01-19 00:00:00+00:00
[2025-01-19T21:41:34.635+0000] {logging_mixin.py:190} INFO - [2025-01-19T21:41:34.634+0000] {dag.py:4180} INFO - Setting next_dagrun for dataset_with_extra_from_classic_operator to 2025-01-18 00:00:00+00:00, run_after=2025-01-19 00:00:00+00:00
[2025-01-19T21:41:34.803+0000] {processor.py:208} INFO - Processing /home/airflow/.local/lib/python3.12/site-packages/airflow/example_dags/example_outlet_event_extra.py took 1.475 seconds
[2025-01-19T21:42:11.542+0000] {processor.py:186} INFO - Started process (PID=467) to work on /home/airflow/.local/lib/python3.12/site-packages/airflow/example_dags/example_outlet_event_extra.py
[2025-01-19T21:42:11.545+0000] {processor.py:914} INFO - Processing file /home/airflow/.local/lib/python3.12/site-packages/airflow/example_dags/example_outlet_event_extra.py for tasks to queue
[2025-01-19T21:42:11.549+0000] {logging_mixin.py:190} INFO - [2025-01-19T21:42:11.548+0000] {dagbag.py:588} INFO - Filling up the DagBag from /home/airflow/.local/lib/python3.12/site-packages/airflow/example_dags/example_outlet_event_extra.py
[2025-01-19T21:42:12.235+0000] {processor.py:925} INFO - DAG(s) 'dataset_with_extra_by_yield', 'dataset_with_extra_from_classic_operator', 'dataset_with_extra_by_context' retrieved from /home/airflow/.local/lib/python3.12/site-packages/airflow/example_dags/example_outlet_event_extra.py
[2025-01-19T21:42:12.265+0000] {logging_mixin.py:190} INFO - [2025-01-19T21:42:12.265+0000] {dag.py:3239} INFO - Sync 3 DAGs
[2025-01-19T21:42:12.292+0000] {logging_mixin.py:190} INFO - [2025-01-19T21:42:12.292+0000] {dag.py:4180} INFO - Setting next_dagrun for dataset_with_extra_by_context to 2025-01-18 00:00:00+00:00, run_after=2025-01-19 00:00:00+00:00
[2025-01-19T21:42:12.297+0000] {logging_mixin.py:190} INFO - [2025-01-19T21:42:12.297+0000] {dag.py:4180} INFO - Setting next_dagrun for dataset_with_extra_by_yield to 2025-01-18 00:00:00+00:00, run_after=2025-01-19 00:00:00+00:00
[2025-01-19T21:42:12.300+0000] {logging_mixin.py:190} INFO - [2025-01-19T21:42:12.300+0000] {dag.py:4180} INFO - Setting next_dagrun for dataset_with_extra_from_classic_operator to 2025-01-18 00:00:00+00:00, run_after=2025-01-19 00:00:00+00:00
[2025-01-19T21:42:12.325+0000] {processor.py:208} INFO - Processing /home/airflow/.local/lib/python3.12/site-packages/airflow/example_dags/example_outlet_event_extra.py took 0.793 seconds
[2025-01-19T21:42:42.498+0000] {processor.py:186} INFO - Started process (PID=536) to work on /home/airflow/.local/lib/python3.12/site-packages/airflow/example_dags/example_outlet_event_extra.py
[2025-01-19T21:42:42.501+0000] {processor.py:914} INFO - Processing file /home/airflow/.local/lib/python3.12/site-packages/airflow/example_dags/example_outlet_event_extra.py for tasks to queue
[2025-01-19T21:42:42.507+0000] {logging_mixin.py:190} INFO - [2025-01-19T21:42:42.506+0000] {dagbag.py:588} INFO - Filling up the DagBag from /home/airflow/.local/lib/python3.12/site-packages/airflow/example_dags/example_outlet_event_extra.py
[2025-01-19T21:42:43.231+0000] {processor.py:925} INFO - DAG(s) 'dataset_with_extra_from_classic_operator', 'dataset_with_extra_by_context', 'dataset_with_extra_by_yield' retrieved from /home/airflow/.local/lib/python3.12/site-packages/airflow/example_dags/example_outlet_event_extra.py
[2025-01-19T21:42:43.260+0000] {logging_mixin.py:190} INFO - [2025-01-19T21:42:43.260+0000] {dag.py:3239} INFO - Sync 3 DAGs
[2025-01-19T21:42:43.288+0000] {logging_mixin.py:190} INFO - [2025-01-19T21:42:43.288+0000] {dag.py:4180} INFO - Setting next_dagrun for dataset_with_extra_by_context to 2025-01-18 00:00:00+00:00, run_after=2025-01-19 00:00:00+00:00
[2025-01-19T21:42:43.306+0000] {logging_mixin.py:190} INFO - [2025-01-19T21:42:43.306+0000] {dag.py:4180} INFO - Setting next_dagrun for dataset_with_extra_by_yield to 2025-01-18 00:00:00+00:00, run_after=2025-01-19 00:00:00+00:00
[2025-01-19T21:42:43.314+0000] {logging_mixin.py:190} INFO - [2025-01-19T21:42:43.314+0000] {dag.py:4180} INFO - Setting next_dagrun for dataset_with_extra_from_classic_operator to 2025-01-18 00:00:00+00:00, run_after=2025-01-19 00:00:00+00:00
[2025-01-19T21:42:43.342+0000] {processor.py:208} INFO - Processing /home/airflow/.local/lib/python3.12/site-packages/airflow/example_dags/example_outlet_event_extra.py took 0.852 seconds
[2025-01-19T21:43:13.717+0000] {processor.py:186} INFO - Started process (PID=605) to work on /home/airflow/.local/lib/python3.12/site-packages/airflow/example_dags/example_outlet_event_extra.py
[2025-01-19T21:43:13.722+0000] {processor.py:914} INFO - Processing file /home/airflow/.local/lib/python3.12/site-packages/airflow/example_dags/example_outlet_event_extra.py for tasks to queue
[2025-01-19T21:43:13.730+0000] {logging_mixin.py:190} INFO - [2025-01-19T21:43:13.729+0000] {dagbag.py:588} INFO - Filling up the DagBag from /home/airflow/.local/lib/python3.12/site-packages/airflow/example_dags/example_outlet_event_extra.py
[2025-01-19T21:43:14.611+0000] {processor.py:925} INFO - DAG(s) 'dataset_with_extra_from_classic_operator', 'dataset_with_extra_by_yield', 'dataset_with_extra_by_context' retrieved from /home/airflow/.local/lib/python3.12/site-packages/airflow/example_dags/example_outlet_event_extra.py
[2025-01-19T21:43:14.633+0000] {logging_mixin.py:190} INFO - [2025-01-19T21:43:14.633+0000] {dag.py:3239} INFO - Sync 3 DAGs
[2025-01-19T21:43:14.657+0000] {logging_mixin.py:190} INFO - [2025-01-19T21:43:14.657+0000] {dag.py:4180} INFO - Setting next_dagrun for dataset_with_extra_by_context to 2025-01-18 00:00:00+00:00, run_after=2025-01-19 00:00:00+00:00
[2025-01-19T21:43:14.662+0000] {logging_mixin.py:190} INFO - [2025-01-19T21:43:14.662+0000] {dag.py:4180} INFO - Setting next_dagrun for dataset_with_extra_by_yield to 2025-01-18 00:00:00+00:00, run_after=2025-01-19 00:00:00+00:00
[2025-01-19T21:43:14.667+0000] {logging_mixin.py:190} INFO - [2025-01-19T21:43:14.666+0000] {dag.py:4180} INFO - Setting next_dagrun for dataset_with_extra_from_classic_operator to 2025-01-18 00:00:00+00:00, run_after=2025-01-19 00:00:00+00:00
[2025-01-19T21:43:14.687+0000] {processor.py:208} INFO - Processing /home/airflow/.local/lib/python3.12/site-packages/airflow/example_dags/example_outlet_event_extra.py took 0.982 seconds
[2025-01-19T21:43:44.876+0000] {processor.py:186} INFO - Started process (PID=674) to work on /home/airflow/.local/lib/python3.12/site-packages/airflow/example_dags/example_outlet_event_extra.py
[2025-01-19T21:43:44.880+0000] {processor.py:914} INFO - Processing file /home/airflow/.local/lib/python3.12/site-packages/airflow/example_dags/example_outlet_event_extra.py for tasks to queue
[2025-01-19T21:43:44.886+0000] {logging_mixin.py:190} INFO - [2025-01-19T21:43:44.885+0000] {dagbag.py:588} INFO - Filling up the DagBag from /home/airflow/.local/lib/python3.12/site-packages/airflow/example_dags/example_outlet_event_extra.py
[2025-01-19T21:43:45.565+0000] {processor.py:925} INFO - DAG(s) 'dataset_with_extra_by_yield', 'dataset_with_extra_by_context', 'dataset_with_extra_from_classic_operator' retrieved from /home/airflow/.local/lib/python3.12/site-packages/airflow/example_dags/example_outlet_event_extra.py
[2025-01-19T21:43:45.588+0000] {logging_mixin.py:190} INFO - [2025-01-19T21:43:45.588+0000] {dag.py:3239} INFO - Sync 3 DAGs
[2025-01-19T21:43:45.618+0000] {logging_mixin.py:190} INFO - [2025-01-19T21:43:45.617+0000] {dag.py:4180} INFO - Setting next_dagrun for dataset_with_extra_by_context to 2025-01-18 00:00:00+00:00, run_after=2025-01-19 00:00:00+00:00
[2025-01-19T21:43:45.624+0000] {logging_mixin.py:190} INFO - [2025-01-19T21:43:45.623+0000] {dag.py:4180} INFO - Setting next_dagrun for dataset_with_extra_by_yield to 2025-01-18 00:00:00+00:00, run_after=2025-01-19 00:00:00+00:00
[2025-01-19T21:43:45.630+0000] {logging_mixin.py:190} INFO - [2025-01-19T21:43:45.630+0000] {dag.py:4180} INFO - Setting next_dagrun for dataset_with_extra_from_classic_operator to 2025-01-18 00:00:00+00:00, run_after=2025-01-19 00:00:00+00:00
[2025-01-19T21:43:45.651+0000] {processor.py:208} INFO - Processing /home/airflow/.local/lib/python3.12/site-packages/airflow/example_dags/example_outlet_event_extra.py took 0.788 seconds
[2025-01-19T21:44:16.008+0000] {processor.py:186} INFO - Started process (PID=747) to work on /home/airflow/.local/lib/python3.12/site-packages/airflow/example_dags/example_outlet_event_extra.py
[2025-01-19T21:44:16.010+0000] {processor.py:914} INFO - Processing file /home/airflow/.local/lib/python3.12/site-packages/airflow/example_dags/example_outlet_event_extra.py for tasks to queue
[2025-01-19T21:44:16.013+0000] {logging_mixin.py:190} INFO - [2025-01-19T21:44:16.012+0000] {dagbag.py:588} INFO - Filling up the DagBag from /home/airflow/.local/lib/python3.12/site-packages/airflow/example_dags/example_outlet_event_extra.py
[2025-01-19T21:44:16.587+0000] {processor.py:925} INFO - DAG(s) 'dataset_with_extra_by_yield', 'dataset_with_extra_by_context', 'dataset_with_extra_from_classic_operator' retrieved from /home/airflow/.local/lib/python3.12/site-packages/airflow/example_dags/example_outlet_event_extra.py
[2025-01-19T21:44:16.615+0000] {logging_mixin.py:190} INFO - [2025-01-19T21:44:16.615+0000] {dag.py:3239} INFO - Sync 3 DAGs
[2025-01-19T21:44:16.642+0000] {logging_mixin.py:190} INFO - [2025-01-19T21:44:16.641+0000] {dag.py:4180} INFO - Setting next_dagrun for dataset_with_extra_by_context to 2025-01-18 00:00:00+00:00, run_after=2025-01-19 00:00:00+00:00
[2025-01-19T21:44:16.649+0000] {logging_mixin.py:190} INFO - [2025-01-19T21:44:16.649+0000] {dag.py:4180} INFO - Setting next_dagrun for dataset_with_extra_by_yield to 2025-01-18 00:00:00+00:00, run_after=2025-01-19 00:00:00+00:00
[2025-01-19T21:44:16.655+0000] {logging_mixin.py:190} INFO - [2025-01-19T21:44:16.654+0000] {dag.py:4180} INFO - Setting next_dagrun for dataset_with_extra_from_classic_operator to 2025-01-18 00:00:00+00:00, run_after=2025-01-19 00:00:00+00:00
[2025-01-19T21:44:16.687+0000] {processor.py:208} INFO - Processing /home/airflow/.local/lib/python3.12/site-packages/airflow/example_dags/example_outlet_event_extra.py took 0.685 seconds
[2025-01-19T21:44:46.936+0000] {processor.py:186} INFO - Started process (PID=820) to work on /home/airflow/.local/lib/python3.12/site-packages/airflow/example_dags/example_outlet_event_extra.py
[2025-01-19T21:44:46.938+0000] {processor.py:914} INFO - Processing file /home/airflow/.local/lib/python3.12/site-packages/airflow/example_dags/example_outlet_event_extra.py for tasks to queue
[2025-01-19T21:44:46.941+0000] {logging_mixin.py:190} INFO - [2025-01-19T21:44:46.940+0000] {dagbag.py:588} INFO - Filling up the DagBag from /home/airflow/.local/lib/python3.12/site-packages/airflow/example_dags/example_outlet_event_extra.py
[2025-01-19T21:44:47.703+0000] {processor.py:925} INFO - DAG(s) 'dataset_with_extra_by_yield', 'dataset_with_extra_from_classic_operator', 'dataset_with_extra_by_context' retrieved from /home/airflow/.local/lib/python3.12/site-packages/airflow/example_dags/example_outlet_event_extra.py
[2025-01-19T21:44:47.729+0000] {logging_mixin.py:190} INFO - [2025-01-19T21:44:47.729+0000] {dag.py:3239} INFO - Sync 3 DAGs
[2025-01-19T21:44:47.756+0000] {logging_mixin.py:190} INFO - [2025-01-19T21:44:47.756+0000] {dag.py:4180} INFO - Setting next_dagrun for dataset_with_extra_by_context to 2025-01-18 00:00:00+00:00, run_after=2025-01-19 00:00:00+00:00
[2025-01-19T21:44:47.772+0000] {logging_mixin.py:190} INFO - [2025-01-19T21:44:47.772+0000] {dag.py:4180} INFO - Setting next_dagrun for dataset_with_extra_by_yield to 2025-01-18 00:00:00+00:00, run_after=2025-01-19 00:00:00+00:00
[2025-01-19T21:44:47.775+0000] {logging_mixin.py:190} INFO - [2025-01-19T21:44:47.775+0000] {dag.py:4180} INFO - Setting next_dagrun for dataset_with_extra_from_classic_operator to 2025-01-18 00:00:00+00:00, run_after=2025-01-19 00:00:00+00:00
[2025-01-19T21:44:47.804+0000] {processor.py:208} INFO - Processing /home/airflow/.local/lib/python3.12/site-packages/airflow/example_dags/example_outlet_event_extra.py took 0.873 seconds
[2025-01-19T21:45:17.981+0000] {processor.py:186} INFO - Started process (PID=893) to work on /home/airflow/.local/lib/python3.12/site-packages/airflow/example_dags/example_outlet_event_extra.py
[2025-01-19T21:45:17.982+0000] {processor.py:914} INFO - Processing file /home/airflow/.local/lib/python3.12/site-packages/airflow/example_dags/example_outlet_event_extra.py for tasks to queue
[2025-01-19T21:45:17.985+0000] {logging_mixin.py:190} INFO - [2025-01-19T21:45:17.985+0000] {dagbag.py:588} INFO - Filling up the DagBag from /home/airflow/.local/lib/python3.12/site-packages/airflow/example_dags/example_outlet_event_extra.py
[2025-01-19T21:45:18.569+0000] {processor.py:925} INFO - DAG(s) 'dataset_with_extra_from_classic_operator', 'dataset_with_extra_by_context', 'dataset_with_extra_by_yield' retrieved from /home/airflow/.local/lib/python3.12/site-packages/airflow/example_dags/example_outlet_event_extra.py
[2025-01-19T21:45:18.595+0000] {logging_mixin.py:190} INFO - [2025-01-19T21:45:18.595+0000] {dag.py:3239} INFO - Sync 3 DAGs
[2025-01-19T21:45:18.623+0000] {logging_mixin.py:190} INFO - [2025-01-19T21:45:18.623+0000] {dag.py:4180} INFO - Setting next_dagrun for dataset_with_extra_by_context to 2025-01-18 00:00:00+00:00, run_after=2025-01-19 00:00:00+00:00
[2025-01-19T21:45:18.631+0000] {logging_mixin.py:190} INFO - [2025-01-19T21:45:18.630+0000] {dag.py:4180} INFO - Setting next_dagrun for dataset_with_extra_by_yield to 2025-01-18 00:00:00+00:00, run_after=2025-01-19 00:00:00+00:00
[2025-01-19T21:45:18.637+0000] {logging_mixin.py:190} INFO - [2025-01-19T21:45:18.637+0000] {dag.py:4180} INFO - Setting next_dagrun for dataset_with_extra_from_classic_operator to 2025-01-18 00:00:00+00:00, run_after=2025-01-19 00:00:00+00:00
[2025-01-19T21:45:18.671+0000] {processor.py:208} INFO - Processing /home/airflow/.local/lib/python3.12/site-packages/airflow/example_dags/example_outlet_event_extra.py took 0.696 seconds
[2025-01-19T21:45:49.062+0000] {processor.py:186} INFO - Started process (PID=967) to work on /home/airflow/.local/lib/python3.12/site-packages/airflow/example_dags/example_outlet_event_extra.py
[2025-01-19T21:45:49.063+0000] {processor.py:914} INFO - Processing file /home/airflow/.local/lib/python3.12/site-packages/airflow/example_dags/example_outlet_event_extra.py for tasks to queue
[2025-01-19T21:45:49.066+0000] {logging_mixin.py:190} INFO - [2025-01-19T21:45:49.066+0000] {dagbag.py:588} INFO - Filling up the DagBag from /home/airflow/.local/lib/python3.12/site-packages/airflow/example_dags/example_outlet_event_extra.py
[2025-01-19T21:45:49.788+0000] {processor.py:925} INFO - DAG(s) 'dataset_with_extra_by_yield', 'dataset_with_extra_from_classic_operator', 'dataset_with_extra_by_context' retrieved from /home/airflow/.local/lib/python3.12/site-packages/airflow/example_dags/example_outlet_event_extra.py
[2025-01-19T21:45:49.817+0000] {logging_mixin.py:190} INFO - [2025-01-19T21:45:49.816+0000] {dag.py:3239} INFO - Sync 3 DAGs
[2025-01-19T21:45:49.840+0000] {logging_mixin.py:190} INFO - [2025-01-19T21:45:49.840+0000] {dag.py:4180} INFO - Setting next_dagrun for dataset_with_extra_by_context to 2025-01-18 00:00:00+00:00, run_after=2025-01-19 00:00:00+00:00
[2025-01-19T21:45:49.845+0000] {logging_mixin.py:190} INFO - [2025-01-19T21:45:49.845+0000] {dag.py:4180} INFO - Setting next_dagrun for dataset_with_extra_by_yield to 2025-01-18 00:00:00+00:00, run_after=2025-01-19 00:00:00+00:00
[2025-01-19T21:45:49.848+0000] {logging_mixin.py:190} INFO - [2025-01-19T21:45:49.848+0000] {dag.py:4180} INFO - Setting next_dagrun for dataset_with_extra_from_classic_operator to 2025-01-18 00:00:00+00:00, run_after=2025-01-19 00:00:00+00:00
[2025-01-19T21:45:49.869+0000] {processor.py:208} INFO - Processing /home/airflow/.local/lib/python3.12/site-packages/airflow/example_dags/example_outlet_event_extra.py took 0.816 seconds
[2025-01-19T21:46:19.999+0000] {processor.py:186} INFO - Started process (PID=1045) to work on /home/airflow/.local/lib/python3.12/site-packages/airflow/example_dags/example_outlet_event_extra.py
[2025-01-19T21:46:20.003+0000] {processor.py:914} INFO - Processing file /home/airflow/.local/lib/python3.12/site-packages/airflow/example_dags/example_outlet_event_extra.py for tasks to queue
[2025-01-19T21:46:20.012+0000] {logging_mixin.py:190} INFO - [2025-01-19T21:46:20.011+0000] {dagbag.py:588} INFO - Filling up the DagBag from /home/airflow/.local/lib/python3.12/site-packages/airflow/example_dags/example_outlet_event_extra.py
[2025-01-19T21:46:20.820+0000] {processor.py:925} INFO - DAG(s) 'dataset_with_extra_by_yield', 'dataset_with_extra_by_context', 'dataset_with_extra_from_classic_operator' retrieved from /home/airflow/.local/lib/python3.12/site-packages/airflow/example_dags/example_outlet_event_extra.py
[2025-01-19T21:46:20.850+0000] {logging_mixin.py:190} INFO - [2025-01-19T21:46:20.850+0000] {dag.py:3239} INFO - Sync 3 DAGs
[2025-01-19T21:46:20.883+0000] {logging_mixin.py:190} INFO - [2025-01-19T21:46:20.883+0000] {dag.py:4180} INFO - Setting next_dagrun for dataset_with_extra_by_context to 2025-01-18 00:00:00+00:00, run_after=2025-01-19 00:00:00+00:00
[2025-01-19T21:46:20.888+0000] {logging_mixin.py:190} INFO - [2025-01-19T21:46:20.888+0000] {dag.py:4180} INFO - Setting next_dagrun for dataset_with_extra_by_yield to 2025-01-18 00:00:00+00:00, run_after=2025-01-19 00:00:00+00:00
[2025-01-19T21:46:20.893+0000] {logging_mixin.py:190} INFO - [2025-01-19T21:46:20.892+0000] {dag.py:4180} INFO - Setting next_dagrun for dataset_with_extra_from_classic_operator to 2025-01-18 00:00:00+00:00, run_after=2025-01-19 00:00:00+00:00
[2025-01-19T21:46:20.913+0000] {processor.py:208} INFO - Processing /home/airflow/.local/lib/python3.12/site-packages/airflow/example_dags/example_outlet_event_extra.py took 0.926 seconds
[2025-01-19T21:46:52.637+0000] {processor.py:186} INFO - Started process (PID=1114) to work on /home/airflow/.local/lib/python3.12/site-packages/airflow/example_dags/example_outlet_event_extra.py
[2025-01-19T21:46:52.640+0000] {processor.py:914} INFO - Processing file /home/airflow/.local/lib/python3.12/site-packages/airflow/example_dags/example_outlet_event_extra.py for tasks to queue
[2025-01-19T21:46:52.646+0000] {logging_mixin.py:190} INFO - [2025-01-19T21:46:52.645+0000] {dagbag.py:588} INFO - Filling up the DagBag from /home/airflow/.local/lib/python3.12/site-packages/airflow/example_dags/example_outlet_event_extra.py
[2025-01-19T21:46:53.349+0000] {processor.py:925} INFO - DAG(s) 'dataset_with_extra_from_classic_operator', 'dataset_with_extra_by_context', 'dataset_with_extra_by_yield' retrieved from /home/airflow/.local/lib/python3.12/site-packages/airflow/example_dags/example_outlet_event_extra.py
[2025-01-19T21:46:53.393+0000] {logging_mixin.py:190} INFO - [2025-01-19T21:46:53.393+0000] {dag.py:3239} INFO - Sync 3 DAGs
[2025-01-19T21:46:53.424+0000] {logging_mixin.py:190} INFO - [2025-01-19T21:46:53.423+0000] {dag.py:4180} INFO - Setting next_dagrun for dataset_with_extra_by_context to 2025-01-18 00:00:00+00:00, run_after=2025-01-19 00:00:00+00:00
[2025-01-19T21:46:53.432+0000] {logging_mixin.py:190} INFO - [2025-01-19T21:46:53.432+0000] {dag.py:4180} INFO - Setting next_dagrun for dataset_with_extra_by_yield to 2025-01-18 00:00:00+00:00, run_after=2025-01-19 00:00:00+00:00
[2025-01-19T21:46:53.439+0000] {logging_mixin.py:190} INFO - [2025-01-19T21:46:53.438+0000] {dag.py:4180} INFO - Setting next_dagrun for dataset_with_extra_from_classic_operator to 2025-01-18 00:00:00+00:00, run_after=2025-01-19 00:00:00+00:00
[2025-01-19T21:46:53.482+0000] {processor.py:208} INFO - Processing /home/airflow/.local/lib/python3.12/site-packages/airflow/example_dags/example_outlet_event_extra.py took 0.859 seconds
[2025-01-19T21:47:24.126+0000] {processor.py:186} INFO - Started process (PID=1192) to work on /home/airflow/.local/lib/python3.12/site-packages/airflow/example_dags/example_outlet_event_extra.py
[2025-01-19T21:47:24.130+0000] {processor.py:914} INFO - Processing file /home/airflow/.local/lib/python3.12/site-packages/airflow/example_dags/example_outlet_event_extra.py for tasks to queue
[2025-01-19T21:47:24.138+0000] {logging_mixin.py:190} INFO - [2025-01-19T21:47:24.136+0000] {dagbag.py:588} INFO - Filling up the DagBag from /home/airflow/.local/lib/python3.12/site-packages/airflow/example_dags/example_outlet_event_extra.py
[2025-01-19T21:47:24.769+0000] {processor.py:925} INFO - DAG(s) 'dataset_with_extra_by_context', 'dataset_with_extra_by_yield', 'dataset_with_extra_from_classic_operator' retrieved from /home/airflow/.local/lib/python3.12/site-packages/airflow/example_dags/example_outlet_event_extra.py
[2025-01-19T21:47:24.795+0000] {logging_mixin.py:190} INFO - [2025-01-19T21:47:24.794+0000] {dag.py:3239} INFO - Sync 3 DAGs
[2025-01-19T21:47:24.818+0000] {logging_mixin.py:190} INFO - [2025-01-19T21:47:24.817+0000] {dag.py:4180} INFO - Setting next_dagrun for dataset_with_extra_by_context to 2025-01-18 00:00:00+00:00, run_after=2025-01-19 00:00:00+00:00
[2025-01-19T21:47:24.822+0000] {logging_mixin.py:190} INFO - [2025-01-19T21:47:24.822+0000] {dag.py:4180} INFO - Setting next_dagrun for dataset_with_extra_by_yield to 2025-01-18 00:00:00+00:00, run_after=2025-01-19 00:00:00+00:00
[2025-01-19T21:47:24.826+0000] {logging_mixin.py:190} INFO - [2025-01-19T21:47:24.825+0000] {dag.py:4180} INFO - Setting next_dagrun for dataset_with_extra_from_classic_operator to 2025-01-18 00:00:00+00:00, run_after=2025-01-19 00:00:00+00:00
[2025-01-19T21:47:24.854+0000] {processor.py:208} INFO - Processing /home/airflow/.local/lib/python3.12/site-packages/airflow/example_dags/example_outlet_event_extra.py took 0.744 seconds
[2025-01-19T21:47:55.652+0000] {processor.py:186} INFO - Started process (PID=1262) to work on /home/airflow/.local/lib/python3.12/site-packages/airflow/example_dags/example_outlet_event_extra.py
[2025-01-19T21:47:55.654+0000] {processor.py:914} INFO - Processing file /home/airflow/.local/lib/python3.12/site-packages/airflow/example_dags/example_outlet_event_extra.py for tasks to queue
[2025-01-19T21:47:55.657+0000] {logging_mixin.py:190} INFO - [2025-01-19T21:47:55.657+0000] {dagbag.py:588} INFO - Filling up the DagBag from /home/airflow/.local/lib/python3.12/site-packages/airflow/example_dags/example_outlet_event_extra.py
[2025-01-19T21:47:56.466+0000] {processor.py:925} INFO - DAG(s) 'dataset_with_extra_by_context', 'dataset_with_extra_from_classic_operator', 'dataset_with_extra_by_yield' retrieved from /home/airflow/.local/lib/python3.12/site-packages/airflow/example_dags/example_outlet_event_extra.py
[2025-01-19T21:47:56.512+0000] {logging_mixin.py:190} INFO - [2025-01-19T21:47:56.512+0000] {dag.py:3239} INFO - Sync 3 DAGs
[2025-01-19T21:47:56.534+0000] {logging_mixin.py:190} INFO - [2025-01-19T21:47:56.534+0000] {dag.py:4180} INFO - Setting next_dagrun for dataset_with_extra_by_context to 2025-01-18 00:00:00+00:00, run_after=2025-01-19 00:00:00+00:00
[2025-01-19T21:47:56.539+0000] {logging_mixin.py:190} INFO - [2025-01-19T21:47:56.539+0000] {dag.py:4180} INFO - Setting next_dagrun for dataset_with_extra_by_yield to 2025-01-18 00:00:00+00:00, run_after=2025-01-19 00:00:00+00:00
[2025-01-19T21:47:56.542+0000] {logging_mixin.py:190} INFO - [2025-01-19T21:47:56.542+0000] {dag.py:4180} INFO - Setting next_dagrun for dataset_with_extra_from_classic_operator to 2025-01-18 00:00:00+00:00, run_after=2025-01-19 00:00:00+00:00
[2025-01-19T21:47:56.566+0000] {processor.py:208} INFO - Processing /home/airflow/.local/lib/python3.12/site-packages/airflow/example_dags/example_outlet_event_extra.py took 0.919 seconds
[2025-01-19T21:48:27.290+0000] {processor.py:186} INFO - Started process (PID=1331) to work on /home/airflow/.local/lib/python3.12/site-packages/airflow/example_dags/example_outlet_event_extra.py
[2025-01-19T21:48:27.293+0000] {processor.py:914} INFO - Processing file /home/airflow/.local/lib/python3.12/site-packages/airflow/example_dags/example_outlet_event_extra.py for tasks to queue
[2025-01-19T21:48:27.299+0000] {logging_mixin.py:190} INFO - [2025-01-19T21:48:27.298+0000] {dagbag.py:588} INFO - Filling up the DagBag from /home/airflow/.local/lib/python3.12/site-packages/airflow/example_dags/example_outlet_event_extra.py
[2025-01-19T21:48:27.946+0000] {processor.py:925} INFO - DAG(s) 'dataset_with_extra_by_context', 'dataset_with_extra_from_classic_operator', 'dataset_with_extra_by_yield' retrieved from /home/airflow/.local/lib/python3.12/site-packages/airflow/example_dags/example_outlet_event_extra.py
[2025-01-19T21:48:27.976+0000] {logging_mixin.py:190} INFO - [2025-01-19T21:48:27.976+0000] {dag.py:3239} INFO - Sync 3 DAGs
[2025-01-19T21:48:28.019+0000] {logging_mixin.py:190} INFO - [2025-01-19T21:48:28.018+0000] {dag.py:4180} INFO - Setting next_dagrun for dataset_with_extra_by_context to 2025-01-18 00:00:00+00:00, run_after=2025-01-19 00:00:00+00:00
[2025-01-19T21:48:28.024+0000] {logging_mixin.py:190} INFO - [2025-01-19T21:48:28.023+0000] {dag.py:4180} INFO - Setting next_dagrun for dataset_with_extra_by_yield to 2025-01-18 00:00:00+00:00, run_after=2025-01-19 00:00:00+00:00
[2025-01-19T21:48:28.026+0000] {logging_mixin.py:190} INFO - [2025-01-19T21:48:28.026+0000] {dag.py:4180} INFO - Setting next_dagrun for dataset_with_extra_from_classic_operator to 2025-01-18 00:00:00+00:00, run_after=2025-01-19 00:00:00+00:00
[2025-01-19T21:48:28.490+0000] {processor.py:208} INFO - Processing /home/airflow/.local/lib/python3.12/site-packages/airflow/example_dags/example_outlet_event_extra.py took 1.212 seconds
[2025-01-19T21:48:58.626+0000] {processor.py:186} INFO - Started process (PID=1400) to work on /home/airflow/.local/lib/python3.12/site-packages/airflow/example_dags/example_outlet_event_extra.py
[2025-01-19T21:48:58.627+0000] {processor.py:914} INFO - Processing file /home/airflow/.local/lib/python3.12/site-packages/airflow/example_dags/example_outlet_event_extra.py for tasks to queue
[2025-01-19T21:48:58.631+0000] {logging_mixin.py:190} INFO - [2025-01-19T21:48:58.630+0000] {dagbag.py:588} INFO - Filling up the DagBag from /home/airflow/.local/lib/python3.12/site-packages/airflow/example_dags/example_outlet_event_extra.py
[2025-01-19T21:48:59.284+0000] {processor.py:925} INFO - DAG(s) 'dataset_with_extra_from_classic_operator', 'dataset_with_extra_by_context', 'dataset_with_extra_by_yield' retrieved from /home/airflow/.local/lib/python3.12/site-packages/airflow/example_dags/example_outlet_event_extra.py
[2025-01-19T21:48:59.315+0000] {logging_mixin.py:190} INFO - [2025-01-19T21:48:59.315+0000] {dag.py:3239} INFO - Sync 3 DAGs
[2025-01-19T21:48:59.342+0000] {logging_mixin.py:190} INFO - [2025-01-19T21:48:59.342+0000] {dag.py:4180} INFO - Setting next_dagrun for dataset_with_extra_by_context to 2025-01-18 00:00:00+00:00, run_after=2025-01-19 00:00:00+00:00
[2025-01-19T21:48:59.350+0000] {logging_mixin.py:190} INFO - [2025-01-19T21:48:59.350+0000] {dag.py:4180} INFO - Setting next_dagrun for dataset_with_extra_by_yield to 2025-01-18 00:00:00+00:00, run_after=2025-01-19 00:00:00+00:00
[2025-01-19T21:48:59.355+0000] {logging_mixin.py:190} INFO - [2025-01-19T21:48:59.354+0000] {dag.py:4180} INFO - Setting next_dagrun for dataset_with_extra_from_classic_operator to 2025-01-18 00:00:00+00:00, run_after=2025-01-19 00:00:00+00:00
[2025-01-19T21:48:59.384+0000] {processor.py:208} INFO - Processing /home/airflow/.local/lib/python3.12/site-packages/airflow/example_dags/example_outlet_event_extra.py took 0.769 seconds
[2025-01-19T21:49:30.218+0000] {processor.py:186} INFO - Started process (PID=1470) to work on /home/airflow/.local/lib/python3.12/site-packages/airflow/example_dags/example_outlet_event_extra.py
[2025-01-19T21:49:30.220+0000] {processor.py:914} INFO - Processing file /home/airflow/.local/lib/python3.12/site-packages/airflow/example_dags/example_outlet_event_extra.py for tasks to queue
[2025-01-19T21:49:30.223+0000] {logging_mixin.py:190} INFO - [2025-01-19T21:49:30.222+0000] {dagbag.py:588} INFO - Filling up the DagBag from /home/airflow/.local/lib/python3.12/site-packages/airflow/example_dags/example_outlet_event_extra.py
[2025-01-19T21:49:31.048+0000] {processor.py:925} INFO - DAG(s) 'dataset_with_extra_by_context', 'dataset_with_extra_from_classic_operator', 'dataset_with_extra_by_yield' retrieved from /home/airflow/.local/lib/python3.12/site-packages/airflow/example_dags/example_outlet_event_extra.py
[2025-01-19T21:49:31.071+0000] {logging_mixin.py:190} INFO - [2025-01-19T21:49:31.070+0000] {dag.py:3239} INFO - Sync 3 DAGs
[2025-01-19T21:49:31.096+0000] {logging_mixin.py:190} INFO - [2025-01-19T21:49:31.096+0000] {dag.py:4180} INFO - Setting next_dagrun for dataset_with_extra_by_context to 2025-01-18 00:00:00+00:00, run_after=2025-01-19 00:00:00+00:00
[2025-01-19T21:49:31.101+0000] {logging_mixin.py:190} INFO - [2025-01-19T21:49:31.101+0000] {dag.py:4180} INFO - Setting next_dagrun for dataset_with_extra_by_yield to 2025-01-18 00:00:00+00:00, run_after=2025-01-19 00:00:00+00:00
[2025-01-19T21:49:31.104+0000] {logging_mixin.py:190} INFO - [2025-01-19T21:49:31.104+0000] {dag.py:4180} INFO - Setting next_dagrun for dataset_with_extra_from_classic_operator to 2025-01-18 00:00:00+00:00, run_after=2025-01-19 00:00:00+00:00
[2025-01-19T21:49:31.123+0000] {processor.py:208} INFO - Processing /home/airflow/.local/lib/python3.12/site-packages/airflow/example_dags/example_outlet_event_extra.py took 0.913 seconds
[2025-01-19T21:50:01.286+0000] {processor.py:186} INFO - Started process (PID=1539) to work on /home/airflow/.local/lib/python3.12/site-packages/airflow/example_dags/example_outlet_event_extra.py
[2025-01-19T21:50:01.288+0000] {processor.py:914} INFO - Processing file /home/airflow/.local/lib/python3.12/site-packages/airflow/example_dags/example_outlet_event_extra.py for tasks to queue
[2025-01-19T21:50:01.291+0000] {logging_mixin.py:190} INFO - [2025-01-19T21:50:01.291+0000] {dagbag.py:588} INFO - Filling up the DagBag from /home/airflow/.local/lib/python3.12/site-packages/airflow/example_dags/example_outlet_event_extra.py
[2025-01-19T21:50:01.995+0000] {processor.py:925} INFO - DAG(s) 'dataset_with_extra_by_yield', 'dataset_with_extra_from_classic_operator', 'dataset_with_extra_by_context' retrieved from /home/airflow/.local/lib/python3.12/site-packages/airflow/example_dags/example_outlet_event_extra.py
[2025-01-19T21:50:02.018+0000] {logging_mixin.py:190} INFO - [2025-01-19T21:50:02.017+0000] {dag.py:3239} INFO - Sync 3 DAGs
[2025-01-19T21:50:02.043+0000] {logging_mixin.py:190} INFO - [2025-01-19T21:50:02.042+0000] {dag.py:4180} INFO - Setting next_dagrun for dataset_with_extra_by_context to 2025-01-18 00:00:00+00:00, run_after=2025-01-19 00:00:00+00:00
[2025-01-19T21:50:02.047+0000] {logging_mixin.py:190} INFO - [2025-01-19T21:50:02.047+0000] {dag.py:4180} INFO - Setting next_dagrun for dataset_with_extra_by_yield to 2025-01-18 00:00:00+00:00, run_after=2025-01-19 00:00:00+00:00
[2025-01-19T21:50:02.050+0000] {logging_mixin.py:190} INFO - [2025-01-19T21:50:02.050+0000] {dag.py:4180} INFO - Setting next_dagrun for dataset_with_extra_from_classic_operator to 2025-01-18 00:00:00+00:00, run_after=2025-01-19 00:00:00+00:00
[2025-01-19T21:50:02.071+0000] {processor.py:208} INFO - Processing /home/airflow/.local/lib/python3.12/site-packages/airflow/example_dags/example_outlet_event_extra.py took 0.792 seconds
[2025-01-19T21:50:33.119+0000] {processor.py:186} INFO - Started process (PID=1610) to work on /home/airflow/.local/lib/python3.12/site-packages/airflow/example_dags/example_outlet_event_extra.py
[2025-01-19T21:50:33.122+0000] {processor.py:914} INFO - Processing file /home/airflow/.local/lib/python3.12/site-packages/airflow/example_dags/example_outlet_event_extra.py for tasks to queue
[2025-01-19T21:50:33.127+0000] {logging_mixin.py:190} INFO - [2025-01-19T21:50:33.126+0000] {dagbag.py:588} INFO - Filling up the DagBag from /home/airflow/.local/lib/python3.12/site-packages/airflow/example_dags/example_outlet_event_extra.py
[2025-01-19T21:50:33.840+0000] {processor.py:925} INFO - DAG(s) 'dataset_with_extra_from_classic_operator', 'dataset_with_extra_by_context', 'dataset_with_extra_by_yield' retrieved from /home/airflow/.local/lib/python3.12/site-packages/airflow/example_dags/example_outlet_event_extra.py
[2025-01-19T21:50:33.863+0000] {logging_mixin.py:190} INFO - [2025-01-19T21:50:33.862+0000] {dag.py:3239} INFO - Sync 3 DAGs
[2025-01-19T21:50:33.889+0000] {logging_mixin.py:190} INFO - [2025-01-19T21:50:33.889+0000] {dag.py:4180} INFO - Setting next_dagrun for dataset_with_extra_by_context to 2025-01-18 00:00:00+00:00, run_after=2025-01-19 00:00:00+00:00
[2025-01-19T21:50:33.894+0000] {logging_mixin.py:190} INFO - [2025-01-19T21:50:33.894+0000] {dag.py:4180} INFO - Setting next_dagrun for dataset_with_extra_by_yield to 2025-01-18 00:00:00+00:00, run_after=2025-01-19 00:00:00+00:00
[2025-01-19T21:50:33.897+0000] {logging_mixin.py:190} INFO - [2025-01-19T21:50:33.897+0000] {dag.py:4180} INFO - Setting next_dagrun for dataset_with_extra_from_classic_operator to 2025-01-18 00:00:00+00:00, run_after=2025-01-19 00:00:00+00:00
[2025-01-19T21:50:33.914+0000] {processor.py:208} INFO - Processing /home/airflow/.local/lib/python3.12/site-packages/airflow/example_dags/example_outlet_event_extra.py took 0.807 seconds
[2025-01-19T21:51:04.091+0000] {processor.py:186} INFO - Started process (PID=1679) to work on /home/airflow/.local/lib/python3.12/site-packages/airflow/example_dags/example_outlet_event_extra.py
[2025-01-19T21:51:04.096+0000] {processor.py:914} INFO - Processing file /home/airflow/.local/lib/python3.12/site-packages/airflow/example_dags/example_outlet_event_extra.py for tasks to queue
[2025-01-19T21:51:04.105+0000] {logging_mixin.py:190} INFO - [2025-01-19T21:51:04.103+0000] {dagbag.py:588} INFO - Filling up the DagBag from /home/airflow/.local/lib/python3.12/site-packages/airflow/example_dags/example_outlet_event_extra.py
[2025-01-19T21:51:04.769+0000] {processor.py:925} INFO - DAG(s) 'dataset_with_extra_by_yield', 'dataset_with_extra_from_classic_operator', 'dataset_with_extra_by_context' retrieved from /home/airflow/.local/lib/python3.12/site-packages/airflow/example_dags/example_outlet_event_extra.py
[2025-01-19T21:51:04.795+0000] {logging_mixin.py:190} INFO - [2025-01-19T21:51:04.795+0000] {dag.py:3239} INFO - Sync 3 DAGs
[2025-01-19T21:51:04.826+0000] {logging_mixin.py:190} INFO - [2025-01-19T21:51:04.825+0000] {dag.py:4180} INFO - Setting next_dagrun for dataset_with_extra_by_context to 2025-01-18 00:00:00+00:00, run_after=2025-01-19 00:00:00+00:00
[2025-01-19T21:51:04.832+0000] {logging_mixin.py:190} INFO - [2025-01-19T21:51:04.831+0000] {dag.py:4180} INFO - Setting next_dagrun for dataset_with_extra_by_yield to 2025-01-18 00:00:00+00:00, run_after=2025-01-19 00:00:00+00:00
[2025-01-19T21:51:04.836+0000] {logging_mixin.py:190} INFO - [2025-01-19T21:51:04.836+0000] {dag.py:4180} INFO - Setting next_dagrun for dataset_with_extra_from_classic_operator to 2025-01-18 00:00:00+00:00, run_after=2025-01-19 00:00:00+00:00
[2025-01-19T21:51:04.866+0000] {processor.py:208} INFO - Processing /home/airflow/.local/lib/python3.12/site-packages/airflow/example_dags/example_outlet_event_extra.py took 0.794 seconds
[2025-01-19T21:51:35.368+0000] {processor.py:186} INFO - Started process (PID=1748) to work on /home/airflow/.local/lib/python3.12/site-packages/airflow/example_dags/example_outlet_event_extra.py
[2025-01-19T21:51:35.370+0000] {processor.py:914} INFO - Processing file /home/airflow/.local/lib/python3.12/site-packages/airflow/example_dags/example_outlet_event_extra.py for tasks to queue
[2025-01-19T21:51:35.372+0000] {logging_mixin.py:190} INFO - [2025-01-19T21:51:35.372+0000] {dagbag.py:588} INFO - Filling up the DagBag from /home/airflow/.local/lib/python3.12/site-packages/airflow/example_dags/example_outlet_event_extra.py
[2025-01-19T21:51:36.375+0000] {processor.py:925} INFO - DAG(s) 'dataset_with_extra_by_context', 'dataset_with_extra_from_classic_operator', 'dataset_with_extra_by_yield' retrieved from /home/airflow/.local/lib/python3.12/site-packages/airflow/example_dags/example_outlet_event_extra.py
[2025-01-19T21:51:36.413+0000] {logging_mixin.py:190} INFO - [2025-01-19T21:51:36.412+0000] {dag.py:3239} INFO - Sync 3 DAGs
