[2025-01-19T21:39:25.967+0000] {processor.py:186} INFO - Started process (PID=111) to work on /home/airflow/.local/lib/python3.12/site-packages/airflow/example_dags/example_setup_teardown.py
[2025-01-19T21:39:25.968+0000] {processor.py:914} INFO - Processing file /home/airflow/.local/lib/python3.12/site-packages/airflow/example_dags/example_setup_teardown.py for tasks to queue
[2025-01-19T21:39:25.970+0000] {logging_mixin.py:190} INFO - [2025-01-19T21:39:25.970+0000] {dagbag.py:588} INFO - Filling up the DagBag from /home/airflow/.local/lib/python3.12/site-packages/airflow/example_dags/example_setup_teardown.py
[2025-01-19T21:39:25.982+0000] {processor.py:925} INFO - DAG(s) 'example_setup_teardown' retrieved from /home/airflow/.local/lib/python3.12/site-packages/airflow/example_dags/example_setup_teardown.py
[2025-01-19T21:39:26.088+0000] {logging_mixin.py:190} INFO - [2025-01-19T21:39:26.087+0000] {override.py:1911} INFO - Created Permission View: can edit on DAG:example_setup_teardown
[2025-01-19T21:39:26.096+0000] {logging_mixin.py:190} INFO - [2025-01-19T21:39:26.096+0000] {override.py:1911} INFO - Created Permission View: can delete on DAG:example_setup_teardown
[2025-01-19T21:39:26.105+0000] {logging_mixin.py:190} INFO - [2025-01-19T21:39:26.105+0000] {override.py:1911} INFO - Created Permission View: can read on DAG:example_setup_teardown
[2025-01-19T21:39:26.113+0000] {logging_mixin.py:190} INFO - [2025-01-19T21:39:26.113+0000] {override.py:1911} INFO - Created Permission View: menu access on DAG Run:example_setup_teardown
[2025-01-19T21:39:26.120+0000] {logging_mixin.py:190} INFO - [2025-01-19T21:39:26.120+0000] {override.py:1911} INFO - Created Permission View: can create on DAG Run:example_setup_teardown
[2025-01-19T21:39:26.126+0000] {logging_mixin.py:190} INFO - [2025-01-19T21:39:26.126+0000] {override.py:1911} INFO - Created Permission View: can delete on DAG Run:example_setup_teardown
[2025-01-19T21:39:26.132+0000] {logging_mixin.py:190} INFO - [2025-01-19T21:39:26.132+0000] {override.py:1911} INFO - Created Permission View: can read on DAG Run:example_setup_teardown
[2025-01-19T21:39:26.133+0000] {logging_mixin.py:190} INFO - [2025-01-19T21:39:26.133+0000] {dag.py:3239} INFO - Sync 1 DAGs
[2025-01-19T21:39:26.145+0000] {logging_mixin.py:190} INFO - [2025-01-19T21:39:26.144+0000] {dag.py:3262} INFO - Creating ORM DAG for example_setup_teardown
[2025-01-19T21:39:26.146+0000] {logging_mixin.py:190} INFO - [2025-01-19T21:39:26.145+0000] {dag.py:4180} INFO - Setting next_dagrun for example_setup_teardown to None, run_after=None
[2025-01-19T21:39:26.161+0000] {processor.py:208} INFO - Processing /home/airflow/.local/lib/python3.12/site-packages/airflow/example_dags/example_setup_teardown.py took 0.200 seconds
[2025-01-19T21:39:57.282+0000] {processor.py:186} INFO - Started process (PID=180) to work on /home/airflow/.local/lib/python3.12/site-packages/airflow/example_dags/example_setup_teardown.py
[2025-01-19T21:39:57.285+0000] {processor.py:914} INFO - Processing file /home/airflow/.local/lib/python3.12/site-packages/airflow/example_dags/example_setup_teardown.py for tasks to queue
[2025-01-19T21:39:57.289+0000] {logging_mixin.py:190} INFO - [2025-01-19T21:39:57.288+0000] {dagbag.py:588} INFO - Filling up the DagBag from /home/airflow/.local/lib/python3.12/site-packages/airflow/example_dags/example_setup_teardown.py
[2025-01-19T21:39:57.299+0000] {processor.py:925} INFO - DAG(s) 'example_setup_teardown' retrieved from /home/airflow/.local/lib/python3.12/site-packages/airflow/example_dags/example_setup_teardown.py
[2025-01-19T21:39:57.326+0000] {logging_mixin.py:190} INFO - [2025-01-19T21:39:57.326+0000] {dag.py:3239} INFO - Sync 1 DAGs
[2025-01-19T21:39:57.346+0000] {logging_mixin.py:190} INFO - [2025-01-19T21:39:57.345+0000] {dag.py:4180} INFO - Setting next_dagrun for example_setup_teardown to None, run_after=None
[2025-01-19T21:39:57.367+0000] {processor.py:208} INFO - Processing /home/airflow/.local/lib/python3.12/site-packages/airflow/example_dags/example_setup_teardown.py took 0.096 seconds
[2025-01-19T21:40:29.032+0000] {processor.py:186} INFO - Started process (PID=249) to work on /home/airflow/.local/lib/python3.12/site-packages/airflow/example_dags/example_setup_teardown.py
[2025-01-19T21:40:29.037+0000] {processor.py:914} INFO - Processing file /home/airflow/.local/lib/python3.12/site-packages/airflow/example_dags/example_setup_teardown.py for tasks to queue
[2025-01-19T21:40:29.047+0000] {logging_mixin.py:190} INFO - [2025-01-19T21:40:29.045+0000] {dagbag.py:588} INFO - Filling up the DagBag from /home/airflow/.local/lib/python3.12/site-packages/airflow/example_dags/example_setup_teardown.py
[2025-01-19T21:40:29.070+0000] {processor.py:925} INFO - DAG(s) 'example_setup_teardown' retrieved from /home/airflow/.local/lib/python3.12/site-packages/airflow/example_dags/example_setup_teardown.py
[2025-01-19T21:40:29.110+0000] {logging_mixin.py:190} INFO - [2025-01-19T21:40:29.110+0000] {dag.py:3239} INFO - Sync 1 DAGs
[2025-01-19T21:40:29.125+0000] {logging_mixin.py:190} INFO - [2025-01-19T21:40:29.125+0000] {dag.py:4180} INFO - Setting next_dagrun for example_setup_teardown to None, run_after=None
[2025-01-19T21:40:29.143+0000] {processor.py:208} INFO - Processing /home/airflow/.local/lib/python3.12/site-packages/airflow/example_dags/example_setup_teardown.py took 0.131 seconds
[2025-01-19T21:40:59.976+0000] {processor.py:186} INFO - Started process (PID=318) to work on /home/airflow/.local/lib/python3.12/site-packages/airflow/example_dags/example_setup_teardown.py
[2025-01-19T21:40:59.978+0000] {processor.py:914} INFO - Processing file /home/airflow/.local/lib/python3.12/site-packages/airflow/example_dags/example_setup_teardown.py for tasks to queue
[2025-01-19T21:40:59.984+0000] {logging_mixin.py:190} INFO - [2025-01-19T21:40:59.983+0000] {dagbag.py:588} INFO - Filling up the DagBag from /home/airflow/.local/lib/python3.12/site-packages/airflow/example_dags/example_setup_teardown.py
[2025-01-19T21:40:59.994+0000] {processor.py:925} INFO - DAG(s) 'example_setup_teardown' retrieved from /home/airflow/.local/lib/python3.12/site-packages/airflow/example_dags/example_setup_teardown.py
[2025-01-19T21:41:00.018+0000] {logging_mixin.py:190} INFO - [2025-01-19T21:41:00.018+0000] {dag.py:3239} INFO - Sync 1 DAGs
[2025-01-19T21:41:00.044+0000] {logging_mixin.py:190} INFO - [2025-01-19T21:41:00.043+0000] {dag.py:4180} INFO - Setting next_dagrun for example_setup_teardown to None, run_after=None
[2025-01-19T21:41:00.062+0000] {processor.py:208} INFO - Processing /home/airflow/.local/lib/python3.12/site-packages/airflow/example_dags/example_setup_teardown.py took 0.094 seconds
[2025-01-19T21:41:31.424+0000] {processor.py:186} INFO - Started process (PID=387) to work on /home/airflow/.local/lib/python3.12/site-packages/airflow/example_dags/example_setup_teardown.py
[2025-01-19T21:41:31.427+0000] {processor.py:914} INFO - Processing file /home/airflow/.local/lib/python3.12/site-packages/airflow/example_dags/example_setup_teardown.py for tasks to queue
[2025-01-19T21:41:31.430+0000] {logging_mixin.py:190} INFO - [2025-01-19T21:41:31.430+0000] {dagbag.py:588} INFO - Filling up the DagBag from /home/airflow/.local/lib/python3.12/site-packages/airflow/example_dags/example_setup_teardown.py
[2025-01-19T21:41:31.439+0000] {processor.py:925} INFO - DAG(s) 'example_setup_teardown' retrieved from /home/airflow/.local/lib/python3.12/site-packages/airflow/example_dags/example_setup_teardown.py
[2025-01-19T21:41:31.457+0000] {logging_mixin.py:190} INFO - [2025-01-19T21:41:31.457+0000] {dag.py:3239} INFO - Sync 1 DAGs
[2025-01-19T21:41:31.474+0000] {logging_mixin.py:190} INFO - [2025-01-19T21:41:31.474+0000] {dag.py:4180} INFO - Setting next_dagrun for example_setup_teardown to None, run_after=None
[2025-01-19T21:41:31.498+0000] {processor.py:208} INFO - Processing /home/airflow/.local/lib/python3.12/site-packages/airflow/example_dags/example_setup_teardown.py took 0.080 seconds
[2025-01-19T21:42:09.260+0000] {processor.py:186} INFO - Started process (PID=456) to work on /home/airflow/.local/lib/python3.12/site-packages/airflow/example_dags/example_setup_teardown.py
[2025-01-19T21:42:09.262+0000] {processor.py:914} INFO - Processing file /home/airflow/.local/lib/python3.12/site-packages/airflow/example_dags/example_setup_teardown.py for tasks to queue
[2025-01-19T21:42:09.265+0000] {logging_mixin.py:190} INFO - [2025-01-19T21:42:09.264+0000] {dagbag.py:588} INFO - Filling up the DagBag from /home/airflow/.local/lib/python3.12/site-packages/airflow/example_dags/example_setup_teardown.py
[2025-01-19T21:42:09.285+0000] {processor.py:925} INFO - DAG(s) 'example_setup_teardown' retrieved from /home/airflow/.local/lib/python3.12/site-packages/airflow/example_dags/example_setup_teardown.py
[2025-01-19T21:42:09.337+0000] {logging_mixin.py:190} INFO - [2025-01-19T21:42:09.335+0000] {dag.py:3239} INFO - Sync 1 DAGs
[2025-01-19T21:42:09.363+0000] {logging_mixin.py:190} INFO - [2025-01-19T21:42:09.362+0000] {dag.py:4180} INFO - Setting next_dagrun for example_setup_teardown to None, run_after=None
[2025-01-19T21:42:09.556+0000] {processor.py:208} INFO - Processing /home/airflow/.local/lib/python3.12/site-packages/airflow/example_dags/example_setup_teardown.py took 0.303 seconds
[2025-01-19T21:42:40.209+0000] {processor.py:186} INFO - Started process (PID=525) to work on /home/airflow/.local/lib/python3.12/site-packages/airflow/example_dags/example_setup_teardown.py
[2025-01-19T21:42:40.211+0000] {processor.py:914} INFO - Processing file /home/airflow/.local/lib/python3.12/site-packages/airflow/example_dags/example_setup_teardown.py for tasks to queue
[2025-01-19T21:42:40.216+0000] {logging_mixin.py:190} INFO - [2025-01-19T21:42:40.215+0000] {dagbag.py:588} INFO - Filling up the DagBag from /home/airflow/.local/lib/python3.12/site-packages/airflow/example_dags/example_setup_teardown.py
[2025-01-19T21:42:40.228+0000] {processor.py:925} INFO - DAG(s) 'example_setup_teardown' retrieved from /home/airflow/.local/lib/python3.12/site-packages/airflow/example_dags/example_setup_teardown.py
[2025-01-19T21:42:40.267+0000] {logging_mixin.py:190} INFO - [2025-01-19T21:42:40.267+0000] {dag.py:3239} INFO - Sync 1 DAGs
[2025-01-19T21:42:40.290+0000] {logging_mixin.py:190} INFO - [2025-01-19T21:42:40.290+0000] {dag.py:4180} INFO - Setting next_dagrun for example_setup_teardown to None, run_after=None
[2025-01-19T21:42:40.314+0000] {processor.py:208} INFO - Processing /home/airflow/.local/lib/python3.12/site-packages/airflow/example_dags/example_setup_teardown.py took 0.114 seconds
[2025-01-19T21:43:10.552+0000] {processor.py:186} INFO - Started process (PID=594) to work on /home/airflow/.local/lib/python3.12/site-packages/airflow/example_dags/example_setup_teardown.py
[2025-01-19T21:43:10.553+0000] {processor.py:914} INFO - Processing file /home/airflow/.local/lib/python3.12/site-packages/airflow/example_dags/example_setup_teardown.py for tasks to queue
[2025-01-19T21:43:10.558+0000] {logging_mixin.py:190} INFO - [2025-01-19T21:43:10.557+0000] {dagbag.py:588} INFO - Filling up the DagBag from /home/airflow/.local/lib/python3.12/site-packages/airflow/example_dags/example_setup_teardown.py
[2025-01-19T21:43:10.570+0000] {processor.py:925} INFO - DAG(s) 'example_setup_teardown' retrieved from /home/airflow/.local/lib/python3.12/site-packages/airflow/example_dags/example_setup_teardown.py
[2025-01-19T21:43:10.599+0000] {logging_mixin.py:190} INFO - [2025-01-19T21:43:10.598+0000] {dag.py:3239} INFO - Sync 1 DAGs
[2025-01-19T21:43:10.617+0000] {logging_mixin.py:190} INFO - [2025-01-19T21:43:10.617+0000] {dag.py:4180} INFO - Setting next_dagrun for example_setup_teardown to None, run_after=None
[2025-01-19T21:43:10.646+0000] {processor.py:208} INFO - Processing /home/airflow/.local/lib/python3.12/site-packages/airflow/example_dags/example_setup_teardown.py took 0.103 seconds
[2025-01-19T21:43:40.697+0000] {processor.py:186} INFO - Started process (PID=663) to work on /home/airflow/.local/lib/python3.12/site-packages/airflow/example_dags/example_setup_teardown.py
[2025-01-19T21:43:40.698+0000] {processor.py:914} INFO - Processing file /home/airflow/.local/lib/python3.12/site-packages/airflow/example_dags/example_setup_teardown.py for tasks to queue
[2025-01-19T21:43:40.701+0000] {logging_mixin.py:190} INFO - [2025-01-19T21:43:40.701+0000] {dagbag.py:588} INFO - Filling up the DagBag from /home/airflow/.local/lib/python3.12/site-packages/airflow/example_dags/example_setup_teardown.py
[2025-01-19T21:43:40.709+0000] {processor.py:925} INFO - DAG(s) 'example_setup_teardown' retrieved from /home/airflow/.local/lib/python3.12/site-packages/airflow/example_dags/example_setup_teardown.py
[2025-01-19T21:43:40.728+0000] {logging_mixin.py:190} INFO - [2025-01-19T21:43:40.728+0000] {dag.py:3239} INFO - Sync 1 DAGs
[2025-01-19T21:43:40.743+0000] {logging_mixin.py:190} INFO - [2025-01-19T21:43:40.742+0000] {dag.py:4180} INFO - Setting next_dagrun for example_setup_teardown to None, run_after=None
[2025-01-19T21:43:40.760+0000] {processor.py:208} INFO - Processing /home/airflow/.local/lib/python3.12/site-packages/airflow/example_dags/example_setup_teardown.py took 0.070 seconds
[2025-01-19T21:44:11.538+0000] {processor.py:186} INFO - Started process (PID=732) to work on /home/airflow/.local/lib/python3.12/site-packages/airflow/example_dags/example_setup_teardown.py
[2025-01-19T21:44:11.539+0000] {processor.py:914} INFO - Processing file /home/airflow/.local/lib/python3.12/site-packages/airflow/example_dags/example_setup_teardown.py for tasks to queue
[2025-01-19T21:44:11.542+0000] {logging_mixin.py:190} INFO - [2025-01-19T21:44:11.542+0000] {dagbag.py:588} INFO - Filling up the DagBag from /home/airflow/.local/lib/python3.12/site-packages/airflow/example_dags/example_setup_teardown.py
[2025-01-19T21:44:11.554+0000] {processor.py:925} INFO - DAG(s) 'example_setup_teardown' retrieved from /home/airflow/.local/lib/python3.12/site-packages/airflow/example_dags/example_setup_teardown.py
[2025-01-19T21:44:11.579+0000] {logging_mixin.py:190} INFO - [2025-01-19T21:44:11.578+0000] {dag.py:3239} INFO - Sync 1 DAGs
[2025-01-19T21:44:11.600+0000] {logging_mixin.py:190} INFO - [2025-01-19T21:44:11.599+0000] {dag.py:4180} INFO - Setting next_dagrun for example_setup_teardown to None, run_after=None
[2025-01-19T21:44:11.632+0000] {processor.py:208} INFO - Processing /home/airflow/.local/lib/python3.12/site-packages/airflow/example_dags/example_setup_teardown.py took 0.102 seconds
[2025-01-19T21:44:42.121+0000] {processor.py:186} INFO - Started process (PID=801) to work on /home/airflow/.local/lib/python3.12/site-packages/airflow/example_dags/example_setup_teardown.py
[2025-01-19T21:44:42.124+0000] {processor.py:914} INFO - Processing file /home/airflow/.local/lib/python3.12/site-packages/airflow/example_dags/example_setup_teardown.py for tasks to queue
[2025-01-19T21:44:42.129+0000] {logging_mixin.py:190} INFO - [2025-01-19T21:44:42.129+0000] {dagbag.py:588} INFO - Filling up the DagBag from /home/airflow/.local/lib/python3.12/site-packages/airflow/example_dags/example_setup_teardown.py
[2025-01-19T21:44:42.140+0000] {processor.py:925} INFO - DAG(s) 'example_setup_teardown' retrieved from /home/airflow/.local/lib/python3.12/site-packages/airflow/example_dags/example_setup_teardown.py
[2025-01-19T21:44:42.161+0000] {logging_mixin.py:190} INFO - [2025-01-19T21:44:42.161+0000] {dag.py:3239} INFO - Sync 1 DAGs
[2025-01-19T21:44:42.175+0000] {logging_mixin.py:190} INFO - [2025-01-19T21:44:42.174+0000] {dag.py:4180} INFO - Setting next_dagrun for example_setup_teardown to None, run_after=None
[2025-01-19T21:44:42.209+0000] {processor.py:208} INFO - Processing /home/airflow/.local/lib/python3.12/site-packages/airflow/example_dags/example_setup_teardown.py took 0.095 seconds
[2025-01-19T21:45:13.771+0000] {processor.py:186} INFO - Started process (PID=870) to work on /home/airflow/.local/lib/python3.12/site-packages/airflow/example_dags/example_setup_teardown.py
[2025-01-19T21:45:13.772+0000] {processor.py:914} INFO - Processing file /home/airflow/.local/lib/python3.12/site-packages/airflow/example_dags/example_setup_teardown.py for tasks to queue
[2025-01-19T21:45:13.775+0000] {logging_mixin.py:190} INFO - [2025-01-19T21:45:13.775+0000] {dagbag.py:588} INFO - Filling up the DagBag from /home/airflow/.local/lib/python3.12/site-packages/airflow/example_dags/example_setup_teardown.py
[2025-01-19T21:45:13.784+0000] {processor.py:925} INFO - DAG(s) 'example_setup_teardown' retrieved from /home/airflow/.local/lib/python3.12/site-packages/airflow/example_dags/example_setup_teardown.py
[2025-01-19T21:45:13.802+0000] {logging_mixin.py:190} INFO - [2025-01-19T21:45:13.802+0000] {dag.py:3239} INFO - Sync 1 DAGs
[2025-01-19T21:45:13.816+0000] {logging_mixin.py:190} INFO - [2025-01-19T21:45:13.815+0000] {dag.py:4180} INFO - Setting next_dagrun for example_setup_teardown to None, run_after=None
[2025-01-19T21:45:13.833+0000] {processor.py:208} INFO - Processing /home/airflow/.local/lib/python3.12/site-packages/airflow/example_dags/example_setup_teardown.py took 0.068 seconds
[2025-01-19T21:45:46.310+0000] {processor.py:186} INFO - Started process (PID=940) to work on /home/airflow/.local/lib/python3.12/site-packages/airflow/example_dags/example_setup_teardown.py
[2025-01-19T21:45:46.313+0000] {processor.py:914} INFO - Processing file /home/airflow/.local/lib/python3.12/site-packages/airflow/example_dags/example_setup_teardown.py for tasks to queue
[2025-01-19T21:45:46.320+0000] {logging_mixin.py:190} INFO - [2025-01-19T21:45:46.319+0000] {dagbag.py:588} INFO - Filling up the DagBag from /home/airflow/.local/lib/python3.12/site-packages/airflow/example_dags/example_setup_teardown.py
[2025-01-19T21:45:46.338+0000] {processor.py:925} INFO - DAG(s) 'example_setup_teardown' retrieved from /home/airflow/.local/lib/python3.12/site-packages/airflow/example_dags/example_setup_teardown.py
[2025-01-19T21:45:46.376+0000] {logging_mixin.py:190} INFO - [2025-01-19T21:45:46.376+0000] {dag.py:3239} INFO - Sync 1 DAGs
[2025-01-19T21:45:46.399+0000] {logging_mixin.py:190} INFO - [2025-01-19T21:45:46.398+0000] {dag.py:4180} INFO - Setting next_dagrun for example_setup_teardown to None, run_after=None
[2025-01-19T21:45:46.428+0000] {processor.py:208} INFO - Processing /home/airflow/.local/lib/python3.12/site-packages/airflow/example_dags/example_setup_teardown.py took 0.131 seconds
[2025-01-19T21:46:17.388+0000] {processor.py:186} INFO - Started process (PID=1009) to work on /home/airflow/.local/lib/python3.12/site-packages/airflow/example_dags/example_setup_teardown.py
[2025-01-19T21:46:17.390+0000] {processor.py:914} INFO - Processing file /home/airflow/.local/lib/python3.12/site-packages/airflow/example_dags/example_setup_teardown.py for tasks to queue
[2025-01-19T21:46:17.402+0000] {logging_mixin.py:190} INFO - [2025-01-19T21:46:17.401+0000] {dagbag.py:588} INFO - Filling up the DagBag from /home/airflow/.local/lib/python3.12/site-packages/airflow/example_dags/example_setup_teardown.py
[2025-01-19T21:46:17.430+0000] {processor.py:925} INFO - DAG(s) 'example_setup_teardown' retrieved from /home/airflow/.local/lib/python3.12/site-packages/airflow/example_dags/example_setup_teardown.py
[2025-01-19T21:46:17.489+0000] {logging_mixin.py:190} INFO - [2025-01-19T21:46:17.488+0000] {dag.py:3239} INFO - Sync 1 DAGs
[2025-01-19T21:46:17.529+0000] {logging_mixin.py:190} INFO - [2025-01-19T21:46:17.529+0000] {dag.py:4180} INFO - Setting next_dagrun for example_setup_teardown to None, run_after=None
[2025-01-19T21:46:17.565+0000] {processor.py:208} INFO - Processing /home/airflow/.local/lib/python3.12/site-packages/airflow/example_dags/example_setup_teardown.py took 0.183 seconds
[2025-01-19T21:46:49.299+0000] {processor.py:186} INFO - Started process (PID=1078) to work on /home/airflow/.local/lib/python3.12/site-packages/airflow/example_dags/example_setup_teardown.py
[2025-01-19T21:46:49.302+0000] {processor.py:914} INFO - Processing file /home/airflow/.local/lib/python3.12/site-packages/airflow/example_dags/example_setup_teardown.py for tasks to queue
[2025-01-19T21:46:49.308+0000] {logging_mixin.py:190} INFO - [2025-01-19T21:46:49.307+0000] {dagbag.py:588} INFO - Filling up the DagBag from /home/airflow/.local/lib/python3.12/site-packages/airflow/example_dags/example_setup_teardown.py
[2025-01-19T21:46:49.325+0000] {processor.py:925} INFO - DAG(s) 'example_setup_teardown' retrieved from /home/airflow/.local/lib/python3.12/site-packages/airflow/example_dags/example_setup_teardown.py
[2025-01-19T21:46:49.349+0000] {logging_mixin.py:190} INFO - [2025-01-19T21:46:49.349+0000] {dag.py:3239} INFO - Sync 1 DAGs
[2025-01-19T21:46:49.369+0000] {logging_mixin.py:190} INFO - [2025-01-19T21:46:49.369+0000] {dag.py:4180} INFO - Setting next_dagrun for example_setup_teardown to None, run_after=None
[2025-01-19T21:46:49.399+0000] {processor.py:208} INFO - Processing /home/airflow/.local/lib/python3.12/site-packages/airflow/example_dags/example_setup_teardown.py took 0.113 seconds
[2025-01-19T21:47:20.301+0000] {processor.py:186} INFO - Started process (PID=1159) to work on /home/airflow/.local/lib/python3.12/site-packages/airflow/example_dags/example_setup_teardown.py
[2025-01-19T21:47:20.303+0000] {processor.py:914} INFO - Processing file /home/airflow/.local/lib/python3.12/site-packages/airflow/example_dags/example_setup_teardown.py for tasks to queue
[2025-01-19T21:47:20.307+0000] {logging_mixin.py:190} INFO - [2025-01-19T21:47:20.306+0000] {dagbag.py:588} INFO - Filling up the DagBag from /home/airflow/.local/lib/python3.12/site-packages/airflow/example_dags/example_setup_teardown.py
[2025-01-19T21:47:20.320+0000] {processor.py:925} INFO - DAG(s) 'example_setup_teardown' retrieved from /home/airflow/.local/lib/python3.12/site-packages/airflow/example_dags/example_setup_teardown.py
[2025-01-19T21:47:20.358+0000] {logging_mixin.py:190} INFO - [2025-01-19T21:47:20.357+0000] {dag.py:3239} INFO - Sync 1 DAGs
[2025-01-19T21:47:20.379+0000] {logging_mixin.py:190} INFO - [2025-01-19T21:47:20.379+0000] {dag.py:4180} INFO - Setting next_dagrun for example_setup_teardown to None, run_after=None
[2025-01-19T21:47:20.400+0000] {processor.py:208} INFO - Processing /home/airflow/.local/lib/python3.12/site-packages/airflow/example_dags/example_setup_teardown.py took 0.106 seconds
[2025-01-19T21:47:51.684+0000] {processor.py:186} INFO - Started process (PID=1229) to work on /home/airflow/.local/lib/python3.12/site-packages/airflow/example_dags/example_setup_teardown.py
[2025-01-19T21:47:51.685+0000] {processor.py:914} INFO - Processing file /home/airflow/.local/lib/python3.12/site-packages/airflow/example_dags/example_setup_teardown.py for tasks to queue
[2025-01-19T21:47:51.689+0000] {logging_mixin.py:190} INFO - [2025-01-19T21:47:51.689+0000] {dagbag.py:588} INFO - Filling up the DagBag from /home/airflow/.local/lib/python3.12/site-packages/airflow/example_dags/example_setup_teardown.py
[2025-01-19T21:47:51.706+0000] {processor.py:925} INFO - DAG(s) 'example_setup_teardown' retrieved from /home/airflow/.local/lib/python3.12/site-packages/airflow/example_dags/example_setup_teardown.py
[2025-01-19T21:47:51.751+0000] {logging_mixin.py:190} INFO - [2025-01-19T21:47:51.750+0000] {dag.py:3239} INFO - Sync 1 DAGs
[2025-01-19T21:47:51.785+0000] {logging_mixin.py:190} INFO - [2025-01-19T21:47:51.784+0000] {dag.py:4180} INFO - Setting next_dagrun for example_setup_teardown to None, run_after=None
[2025-01-19T21:47:51.814+0000] {processor.py:208} INFO - Processing /home/airflow/.local/lib/python3.12/site-packages/airflow/example_dags/example_setup_teardown.py took 0.140 seconds
[2025-01-19T21:48:22.784+0000] {processor.py:186} INFO - Started process (PID=1298) to work on /home/airflow/.local/lib/python3.12/site-packages/airflow/example_dags/example_setup_teardown.py
[2025-01-19T21:48:22.786+0000] {processor.py:914} INFO - Processing file /home/airflow/.local/lib/python3.12/site-packages/airflow/example_dags/example_setup_teardown.py for tasks to queue
[2025-01-19T21:48:22.789+0000] {logging_mixin.py:190} INFO - [2025-01-19T21:48:22.788+0000] {dagbag.py:588} INFO - Filling up the DagBag from /home/airflow/.local/lib/python3.12/site-packages/airflow/example_dags/example_setup_teardown.py
[2025-01-19T21:48:22.800+0000] {processor.py:925} INFO - DAG(s) 'example_setup_teardown' retrieved from /home/airflow/.local/lib/python3.12/site-packages/airflow/example_dags/example_setup_teardown.py
[2025-01-19T21:48:22.822+0000] {logging_mixin.py:190} INFO - [2025-01-19T21:48:22.822+0000] {dag.py:3239} INFO - Sync 1 DAGs
[2025-01-19T21:48:22.836+0000] {logging_mixin.py:190} INFO - [2025-01-19T21:48:22.836+0000] {dag.py:4180} INFO - Setting next_dagrun for example_setup_teardown to None, run_after=None
[2025-01-19T21:48:22.861+0000] {processor.py:208} INFO - Processing /home/airflow/.local/lib/python3.12/site-packages/airflow/example_dags/example_setup_teardown.py took 0.084 seconds
[2025-01-19T21:48:54.055+0000] {processor.py:186} INFO - Started process (PID=1367) to work on /home/airflow/.local/lib/python3.12/site-packages/airflow/example_dags/example_setup_teardown.py
[2025-01-19T21:48:54.056+0000] {processor.py:914} INFO - Processing file /home/airflow/.local/lib/python3.12/site-packages/airflow/example_dags/example_setup_teardown.py for tasks to queue
[2025-01-19T21:48:54.058+0000] {logging_mixin.py:190} INFO - [2025-01-19T21:48:54.058+0000] {dagbag.py:588} INFO - Filling up the DagBag from /home/airflow/.local/lib/python3.12/site-packages/airflow/example_dags/example_setup_teardown.py
[2025-01-19T21:48:54.067+0000] {processor.py:925} INFO - DAG(s) 'example_setup_teardown' retrieved from /home/airflow/.local/lib/python3.12/site-packages/airflow/example_dags/example_setup_teardown.py
[2025-01-19T21:48:54.086+0000] {logging_mixin.py:190} INFO - [2025-01-19T21:48:54.086+0000] {dag.py:3239} INFO - Sync 1 DAGs
[2025-01-19T21:48:54.103+0000] {logging_mixin.py:190} INFO - [2025-01-19T21:48:54.102+0000] {dag.py:4180} INFO - Setting next_dagrun for example_setup_teardown to None, run_after=None
[2025-01-19T21:48:54.127+0000] {processor.py:208} INFO - Processing /home/airflow/.local/lib/python3.12/site-packages/airflow/example_dags/example_setup_teardown.py took 0.079 seconds
[2025-01-19T21:49:25.448+0000] {processor.py:186} INFO - Started process (PID=1436) to work on /home/airflow/.local/lib/python3.12/site-packages/airflow/example_dags/example_setup_teardown.py
[2025-01-19T21:49:25.451+0000] {processor.py:914} INFO - Processing file /home/airflow/.local/lib/python3.12/site-packages/airflow/example_dags/example_setup_teardown.py for tasks to queue
[2025-01-19T21:49:25.454+0000] {logging_mixin.py:190} INFO - [2025-01-19T21:49:25.454+0000] {dagbag.py:588} INFO - Filling up the DagBag from /home/airflow/.local/lib/python3.12/site-packages/airflow/example_dags/example_setup_teardown.py
[2025-01-19T21:49:25.464+0000] {processor.py:925} INFO - DAG(s) 'example_setup_teardown' retrieved from /home/airflow/.local/lib/python3.12/site-packages/airflow/example_dags/example_setup_teardown.py
[2025-01-19T21:49:25.489+0000] {logging_mixin.py:190} INFO - [2025-01-19T21:49:25.489+0000] {dag.py:3239} INFO - Sync 1 DAGs
[2025-01-19T21:49:25.503+0000] {logging_mixin.py:190} INFO - [2025-01-19T21:49:25.503+0000] {dag.py:4180} INFO - Setting next_dagrun for example_setup_teardown to None, run_after=None
[2025-01-19T21:49:25.522+0000] {processor.py:208} INFO - Processing /home/airflow/.local/lib/python3.12/site-packages/airflow/example_dags/example_setup_teardown.py took 0.085 seconds
[2025-01-19T21:49:56.510+0000] {processor.py:186} INFO - Started process (PID=1505) to work on /home/airflow/.local/lib/python3.12/site-packages/airflow/example_dags/example_setup_teardown.py
[2025-01-19T21:49:56.513+0000] {processor.py:914} INFO - Processing file /home/airflow/.local/lib/python3.12/site-packages/airflow/example_dags/example_setup_teardown.py for tasks to queue
[2025-01-19T21:49:56.520+0000] {logging_mixin.py:190} INFO - [2025-01-19T21:49:56.519+0000] {dagbag.py:588} INFO - Filling up the DagBag from /home/airflow/.local/lib/python3.12/site-packages/airflow/example_dags/example_setup_teardown.py
[2025-01-19T21:49:56.531+0000] {processor.py:925} INFO - DAG(s) 'example_setup_teardown' retrieved from /home/airflow/.local/lib/python3.12/site-packages/airflow/example_dags/example_setup_teardown.py
[2025-01-19T21:49:56.565+0000] {logging_mixin.py:190} INFO - [2025-01-19T21:49:56.565+0000] {dag.py:3239} INFO - Sync 1 DAGs
[2025-01-19T21:49:56.580+0000] {logging_mixin.py:190} INFO - [2025-01-19T21:49:56.580+0000] {dag.py:4180} INFO - Setting next_dagrun for example_setup_teardown to None, run_after=None
[2025-01-19T21:49:56.611+0000] {processor.py:208} INFO - Processing /home/airflow/.local/lib/python3.12/site-packages/airflow/example_dags/example_setup_teardown.py took 0.110 seconds
[2025-01-19T21:50:28.336+0000] {processor.py:186} INFO - Started process (PID=1574) to work on /home/airflow/.local/lib/python3.12/site-packages/airflow/example_dags/example_setup_teardown.py
[2025-01-19T21:50:28.338+0000] {processor.py:914} INFO - Processing file /home/airflow/.local/lib/python3.12/site-packages/airflow/example_dags/example_setup_teardown.py for tasks to queue
[2025-01-19T21:50:28.342+0000] {logging_mixin.py:190} INFO - [2025-01-19T21:50:28.341+0000] {dagbag.py:588} INFO - Filling up the DagBag from /home/airflow/.local/lib/python3.12/site-packages/airflow/example_dags/example_setup_teardown.py
[2025-01-19T21:50:28.360+0000] {processor.py:925} INFO - DAG(s) 'example_setup_teardown' retrieved from /home/airflow/.local/lib/python3.12/site-packages/airflow/example_dags/example_setup_teardown.py
[2025-01-19T21:50:28.401+0000] {logging_mixin.py:190} INFO - [2025-01-19T21:50:28.400+0000] {dag.py:3239} INFO - Sync 1 DAGs
[2025-01-19T21:50:28.439+0000] {logging_mixin.py:190} INFO - [2025-01-19T21:50:28.438+0000] {dag.py:4180} INFO - Setting next_dagrun for example_setup_teardown to None, run_after=None
[2025-01-19T21:50:28.479+0000] {processor.py:208} INFO - Processing /home/airflow/.local/lib/python3.12/site-packages/airflow/example_dags/example_setup_teardown.py took 0.152 seconds
[2025-01-19T21:50:59.144+0000] {processor.py:186} INFO - Started process (PID=1643) to work on /home/airflow/.local/lib/python3.12/site-packages/airflow/example_dags/example_setup_teardown.py
[2025-01-19T21:50:59.145+0000] {processor.py:914} INFO - Processing file /home/airflow/.local/lib/python3.12/site-packages/airflow/example_dags/example_setup_teardown.py for tasks to queue
[2025-01-19T21:50:59.148+0000] {logging_mixin.py:190} INFO - [2025-01-19T21:50:59.148+0000] {dagbag.py:588} INFO - Filling up the DagBag from /home/airflow/.local/lib/python3.12/site-packages/airflow/example_dags/example_setup_teardown.py
[2025-01-19T21:50:59.156+0000] {processor.py:925} INFO - DAG(s) 'example_setup_teardown' retrieved from /home/airflow/.local/lib/python3.12/site-packages/airflow/example_dags/example_setup_teardown.py
[2025-01-19T21:50:59.175+0000] {logging_mixin.py:190} INFO - [2025-01-19T21:50:59.174+0000] {dag.py:3239} INFO - Sync 1 DAGs
[2025-01-19T21:50:59.191+0000] {logging_mixin.py:190} INFO - [2025-01-19T21:50:59.191+0000] {dag.py:4180} INFO - Setting next_dagrun for example_setup_teardown to None, run_after=None
[2025-01-19T21:50:59.214+0000] {processor.py:208} INFO - Processing /home/airflow/.local/lib/python3.12/site-packages/airflow/example_dags/example_setup_teardown.py took 0.076 seconds
[2025-01-19T21:51:30.935+0000] {processor.py:186} INFO - Started process (PID=1712) to work on /home/airflow/.local/lib/python3.12/site-packages/airflow/example_dags/example_setup_teardown.py
[2025-01-19T21:51:30.940+0000] {processor.py:914} INFO - Processing file /home/airflow/.local/lib/python3.12/site-packages/airflow/example_dags/example_setup_teardown.py for tasks to queue
[2025-01-19T21:51:30.947+0000] {logging_mixin.py:190} INFO - [2025-01-19T21:51:30.946+0000] {dagbag.py:588} INFO - Filling up the DagBag from /home/airflow/.local/lib/python3.12/site-packages/airflow/example_dags/example_setup_teardown.py
[2025-01-19T21:51:30.960+0000] {processor.py:925} INFO - DAG(s) 'example_setup_teardown' retrieved from /home/airflow/.local/lib/python3.12/site-packages/airflow/example_dags/example_setup_teardown.py
[2025-01-19T21:51:30.982+0000] {logging_mixin.py:190} INFO - [2025-01-19T21:51:30.982+0000] {dag.py:3239} INFO - Sync 1 DAGs
[2025-01-19T21:51:30.996+0000] {logging_mixin.py:190} INFO - [2025-01-19T21:51:30.996+0000] {dag.py:4180} INFO - Setting next_dagrun for example_setup_teardown to None, run_after=None
[2025-01-19T21:51:31.022+0000] {processor.py:208} INFO - Processing /home/airflow/.local/lib/python3.12/site-packages/airflow/example_dags/example_setup_teardown.py took 0.095 seconds
