[2025-01-19T21:39:30.961+0000] {processor.py:186} INFO - Started process (PID=138) to work on /home/airflow/.local/lib/python3.12/site-packages/airflow/example_dags/example_dataset_alias_with_no_taskflow.py
[2025-01-19T21:39:30.963+0000] {processor.py:914} INFO - Processing file /home/airflow/.local/lib/python3.12/site-packages/airflow/example_dags/example_dataset_alias_with_no_taskflow.py for tasks to queue
[2025-01-19T21:39:30.966+0000] {logging_mixin.py:190} INFO - [2025-01-19T21:39:30.965+0000] {dagbag.py:588} INFO - Filling up the DagBag from /home/airflow/.local/lib/python3.12/site-packages/airflow/example_dags/example_dataset_alias_with_no_taskflow.py
[2025-01-19T21:39:31.733+0000] {processor.py:925} INFO - DAG(s) 'dataset_s3_bucket_consumer_with_no_taskflow', 'dataset_alias_example_alias_consumer_with_no_taskflow', 'dataset_s3_bucket_producer_with_no_taskflow', 'dataset_alias_example_alias_producer_with_no_taskflow' retrieved from /home/airflow/.local/lib/python3.12/site-packages/airflow/example_dags/example_dataset_alias_with_no_taskflow.py
[2025-01-19T21:39:31.883+0000] {logging_mixin.py:190} INFO - [2025-01-19T21:39:31.882+0000] {override.py:1911} INFO - Created Permission View: can edit on DAG:dataset_s3_bucket_consumer_with_no_taskflow
[2025-01-19T21:39:31.900+0000] {logging_mixin.py:190} INFO - [2025-01-19T21:39:31.900+0000] {override.py:1911} INFO - Created Permission View: can delete on DAG:dataset_s3_bucket_consumer_with_no_taskflow
[2025-01-19T21:39:31.912+0000] {logging_mixin.py:190} INFO - [2025-01-19T21:39:31.912+0000] {override.py:1911} INFO - Created Permission View: can read on DAG:dataset_s3_bucket_consumer_with_no_taskflow
[2025-01-19T21:39:31.922+0000] {logging_mixin.py:190} INFO - [2025-01-19T21:39:31.922+0000] {override.py:1911} INFO - Created Permission View: menu access on DAG Run:dataset_s3_bucket_consumer_with_no_taskflow
[2025-01-19T21:39:31.935+0000] {logging_mixin.py:190} INFO - [2025-01-19T21:39:31.934+0000] {override.py:1911} INFO - Created Permission View: can create on DAG Run:dataset_s3_bucket_consumer_with_no_taskflow
[2025-01-19T21:39:31.945+0000] {logging_mixin.py:190} INFO - [2025-01-19T21:39:31.944+0000] {override.py:1911} INFO - Created Permission View: can delete on DAG Run:dataset_s3_bucket_consumer_with_no_taskflow
[2025-01-19T21:39:31.952+0000] {logging_mixin.py:190} INFO - [2025-01-19T21:39:31.952+0000] {override.py:1911} INFO - Created Permission View: can read on DAG Run:dataset_s3_bucket_consumer_with_no_taskflow
[2025-01-19T21:39:31.970+0000] {logging_mixin.py:190} INFO - [2025-01-19T21:39:31.969+0000] {override.py:1911} INFO - Created Permission View: can edit on DAG:dataset_alias_example_alias_consumer_with_no_taskflow
[2025-01-19T21:39:31.978+0000] {logging_mixin.py:190} INFO - [2025-01-19T21:39:31.978+0000] {override.py:1911} INFO - Created Permission View: can delete on DAG:dataset_alias_example_alias_consumer_with_no_taskflow
[2025-01-19T21:39:31.990+0000] {logging_mixin.py:190} INFO - [2025-01-19T21:39:31.989+0000] {override.py:1911} INFO - Created Permission View: can read on DAG:dataset_alias_example_alias_consumer_with_no_taskflow
[2025-01-19T21:39:32.003+0000] {logging_mixin.py:190} INFO - [2025-01-19T21:39:32.002+0000] {override.py:1911} INFO - Created Permission View: menu access on DAG Run:dataset_alias_example_alias_consumer_with_no_taskflow
[2025-01-19T21:39:32.018+0000] {logging_mixin.py:190} INFO - [2025-01-19T21:39:32.018+0000] {override.py:1911} INFO - Created Permission View: can create on DAG Run:dataset_alias_example_alias_consumer_with_no_taskflow
[2025-01-19T21:39:32.034+0000] {logging_mixin.py:190} INFO - [2025-01-19T21:39:32.033+0000] {override.py:1911} INFO - Created Permission View: can delete on DAG Run:dataset_alias_example_alias_consumer_with_no_taskflow
[2025-01-19T21:39:32.051+0000] {logging_mixin.py:190} INFO - [2025-01-19T21:39:32.051+0000] {override.py:1911} INFO - Created Permission View: can read on DAG Run:dataset_alias_example_alias_consumer_with_no_taskflow
[2025-01-19T21:39:32.074+0000] {logging_mixin.py:190} INFO - [2025-01-19T21:39:32.074+0000] {override.py:1911} INFO - Created Permission View: can edit on DAG:dataset_s3_bucket_producer_with_no_taskflow
[2025-01-19T21:39:32.087+0000] {logging_mixin.py:190} INFO - [2025-01-19T21:39:32.086+0000] {override.py:1911} INFO - Created Permission View: can delete on DAG:dataset_s3_bucket_producer_with_no_taskflow
[2025-01-19T21:39:32.102+0000] {logging_mixin.py:190} INFO - [2025-01-19T21:39:32.101+0000] {override.py:1911} INFO - Created Permission View: can read on DAG:dataset_s3_bucket_producer_with_no_taskflow
[2025-01-19T21:39:32.118+0000] {logging_mixin.py:190} INFO - [2025-01-19T21:39:32.118+0000] {override.py:1911} INFO - Created Permission View: menu access on DAG Run:dataset_s3_bucket_producer_with_no_taskflow
[2025-01-19T21:39:32.133+0000] {logging_mixin.py:190} INFO - [2025-01-19T21:39:32.132+0000] {override.py:1911} INFO - Created Permission View: can create on DAG Run:dataset_s3_bucket_producer_with_no_taskflow
[2025-01-19T21:39:32.147+0000] {logging_mixin.py:190} INFO - [2025-01-19T21:39:32.147+0000] {override.py:1911} INFO - Created Permission View: can delete on DAG Run:dataset_s3_bucket_producer_with_no_taskflow
[2025-01-19T21:39:32.161+0000] {logging_mixin.py:190} INFO - [2025-01-19T21:39:32.161+0000] {override.py:1911} INFO - Created Permission View: can read on DAG Run:dataset_s3_bucket_producer_with_no_taskflow
[2025-01-19T21:39:32.197+0000] {logging_mixin.py:190} INFO - [2025-01-19T21:39:32.196+0000] {override.py:1911} INFO - Created Permission View: can edit on DAG:dataset_alias_example_alias_producer_with_no_taskflow
[2025-01-19T21:39:32.209+0000] {logging_mixin.py:190} INFO - [2025-01-19T21:39:32.207+0000] {override.py:1911} INFO - Created Permission View: can delete on DAG:dataset_alias_example_alias_producer_with_no_taskflow
[2025-01-19T21:39:32.223+0000] {logging_mixin.py:190} INFO - [2025-01-19T21:39:32.222+0000] {override.py:1911} INFO - Created Permission View: can read on DAG:dataset_alias_example_alias_producer_with_no_taskflow
[2025-01-19T21:39:32.234+0000] {logging_mixin.py:190} INFO - [2025-01-19T21:39:32.234+0000] {override.py:1911} INFO - Created Permission View: menu access on DAG Run:dataset_alias_example_alias_producer_with_no_taskflow
[2025-01-19T21:39:32.245+0000] {logging_mixin.py:190} INFO - [2025-01-19T21:39:32.244+0000] {override.py:1911} INFO - Created Permission View: can create on DAG Run:dataset_alias_example_alias_producer_with_no_taskflow
[2025-01-19T21:39:32.257+0000] {logging_mixin.py:190} INFO - [2025-01-19T21:39:32.256+0000] {override.py:1911} INFO - Created Permission View: can delete on DAG Run:dataset_alias_example_alias_producer_with_no_taskflow
[2025-01-19T21:39:32.269+0000] {logging_mixin.py:190} INFO - [2025-01-19T21:39:32.268+0000] {override.py:1911} INFO - Created Permission View: can read on DAG Run:dataset_alias_example_alias_producer_with_no_taskflow
[2025-01-19T21:39:32.272+0000] {logging_mixin.py:190} INFO - [2025-01-19T21:39:32.271+0000] {dag.py:3239} INFO - Sync 4 DAGs
[2025-01-19T21:39:32.300+0000] {logging_mixin.py:190} INFO - [2025-01-19T21:39:32.300+0000] {dag.py:3262} INFO - Creating ORM DAG for dataset_s3_bucket_producer_with_no_taskflow
[2025-01-19T21:39:32.302+0000] {logging_mixin.py:190} INFO - [2025-01-19T21:39:32.301+0000] {dag.py:3262} INFO - Creating ORM DAG for dataset_s3_bucket_consumer_with_no_taskflow
[2025-01-19T21:39:32.303+0000] {logging_mixin.py:190} INFO - [2025-01-19T21:39:32.303+0000] {dag.py:3262} INFO - Creating ORM DAG for dataset_alias_example_alias_producer_with_no_taskflow
[2025-01-19T21:39:32.304+0000] {logging_mixin.py:190} INFO - [2025-01-19T21:39:32.304+0000] {dag.py:3262} INFO - Creating ORM DAG for dataset_alias_example_alias_consumer_with_no_taskflow
[2025-01-19T21:39:32.317+0000] {logging_mixin.py:190} INFO - [2025-01-19T21:39:32.317+0000] {dag.py:4180} INFO - Setting next_dagrun for dataset_alias_example_alias_consumer_with_no_taskflow to None, run_after=None
[2025-01-19T21:39:32.319+0000] {logging_mixin.py:190} INFO - [2025-01-19T21:39:32.319+0000] {dag.py:4180} INFO - Setting next_dagrun for dataset_alias_example_alias_producer_with_no_taskflow to None, run_after=None
[2025-01-19T21:39:32.321+0000] {logging_mixin.py:190} INFO - [2025-01-19T21:39:32.320+0000] {dag.py:4180} INFO - Setting next_dagrun for dataset_s3_bucket_consumer_with_no_taskflow to None, run_after=None
[2025-01-19T21:39:32.322+0000] {logging_mixin.py:190} INFO - [2025-01-19T21:39:32.322+0000] {dag.py:4180} INFO - Setting next_dagrun for dataset_s3_bucket_producer_with_no_taskflow to None, run_after=None
[2025-01-19T21:39:32.379+0000] {processor.py:208} INFO - Processing /home/airflow/.local/lib/python3.12/site-packages/airflow/example_dags/example_dataset_alias_with_no_taskflow.py took 1.424 seconds
[2025-01-19T21:40:02.855+0000] {processor.py:186} INFO - Started process (PID=208) to work on /home/airflow/.local/lib/python3.12/site-packages/airflow/example_dags/example_dataset_alias_with_no_taskflow.py
[2025-01-19T21:40:02.861+0000] {processor.py:914} INFO - Processing file /home/airflow/.local/lib/python3.12/site-packages/airflow/example_dags/example_dataset_alias_with_no_taskflow.py for tasks to queue
[2025-01-19T21:40:02.870+0000] {logging_mixin.py:190} INFO - [2025-01-19T21:40:02.869+0000] {dagbag.py:588} INFO - Filling up the DagBag from /home/airflow/.local/lib/python3.12/site-packages/airflow/example_dags/example_dataset_alias_with_no_taskflow.py
[2025-01-19T21:40:03.508+0000] {processor.py:925} INFO - DAG(s) 'dataset_s3_bucket_consumer_with_no_taskflow', 'dataset_s3_bucket_producer_with_no_taskflow', 'dataset_alias_example_alias_producer_with_no_taskflow', 'dataset_alias_example_alias_consumer_with_no_taskflow' retrieved from /home/airflow/.local/lib/python3.12/site-packages/airflow/example_dags/example_dataset_alias_with_no_taskflow.py
[2025-01-19T21:40:03.528+0000] {logging_mixin.py:190} INFO - [2025-01-19T21:40:03.528+0000] {dag.py:3239} INFO - Sync 4 DAGs
[2025-01-19T21:40:03.570+0000] {logging_mixin.py:190} INFO - [2025-01-19T21:40:03.569+0000] {dag.py:4180} INFO - Setting next_dagrun for dataset_alias_example_alias_consumer_with_no_taskflow to None, run_after=None
[2025-01-19T21:40:03.575+0000] {logging_mixin.py:190} INFO - [2025-01-19T21:40:03.575+0000] {dag.py:4180} INFO - Setting next_dagrun for dataset_alias_example_alias_producer_with_no_taskflow to None, run_after=None
[2025-01-19T21:40:03.580+0000] {logging_mixin.py:190} INFO - [2025-01-19T21:40:03.579+0000] {dag.py:4180} INFO - Setting next_dagrun for dataset_s3_bucket_consumer_with_no_taskflow to None, run_after=None
[2025-01-19T21:40:03.583+0000] {logging_mixin.py:190} INFO - [2025-01-19T21:40:03.582+0000] {dag.py:4180} INFO - Setting next_dagrun for dataset_s3_bucket_producer_with_no_taskflow to None, run_after=None
[2025-01-19T21:40:03.627+0000] {processor.py:208} INFO - Processing /home/airflow/.local/lib/python3.12/site-packages/airflow/example_dags/example_dataset_alias_with_no_taskflow.py took 0.788 seconds
[2025-01-19T21:40:33.938+0000] {processor.py:186} INFO - Started process (PID=277) to work on /home/airflow/.local/lib/python3.12/site-packages/airflow/example_dags/example_dataset_alias_with_no_taskflow.py
[2025-01-19T21:40:33.940+0000] {processor.py:914} INFO - Processing file /home/airflow/.local/lib/python3.12/site-packages/airflow/example_dags/example_dataset_alias_with_no_taskflow.py for tasks to queue
[2025-01-19T21:40:33.943+0000] {logging_mixin.py:190} INFO - [2025-01-19T21:40:33.943+0000] {dagbag.py:588} INFO - Filling up the DagBag from /home/airflow/.local/lib/python3.12/site-packages/airflow/example_dags/example_dataset_alias_with_no_taskflow.py
[2025-01-19T21:40:34.680+0000] {processor.py:925} INFO - DAG(s) 'dataset_alias_example_alias_producer_with_no_taskflow', 'dataset_alias_example_alias_consumer_with_no_taskflow', 'dataset_s3_bucket_producer_with_no_taskflow', 'dataset_s3_bucket_consumer_with_no_taskflow' retrieved from /home/airflow/.local/lib/python3.12/site-packages/airflow/example_dags/example_dataset_alias_with_no_taskflow.py
[2025-01-19T21:40:34.711+0000] {logging_mixin.py:190} INFO - [2025-01-19T21:40:34.711+0000] {dag.py:3239} INFO - Sync 4 DAGs
[2025-01-19T21:40:34.736+0000] {logging_mixin.py:190} INFO - [2025-01-19T21:40:34.735+0000] {dag.py:4180} INFO - Setting next_dagrun for dataset_alias_example_alias_consumer_with_no_taskflow to None, run_after=None
[2025-01-19T21:40:34.738+0000] {logging_mixin.py:190} INFO - [2025-01-19T21:40:34.738+0000] {dag.py:4180} INFO - Setting next_dagrun for dataset_alias_example_alias_producer_with_no_taskflow to None, run_after=None
[2025-01-19T21:40:34.740+0000] {logging_mixin.py:190} INFO - [2025-01-19T21:40:34.740+0000] {dag.py:4180} INFO - Setting next_dagrun for dataset_s3_bucket_consumer_with_no_taskflow to None, run_after=None
[2025-01-19T21:40:34.742+0000] {logging_mixin.py:190} INFO - [2025-01-19T21:40:34.741+0000] {dag.py:4180} INFO - Setting next_dagrun for dataset_s3_bucket_producer_with_no_taskflow to None, run_after=None
[2025-01-19T21:40:34.772+0000] {processor.py:208} INFO - Processing /home/airflow/.local/lib/python3.12/site-packages/airflow/example_dags/example_dataset_alias_with_no_taskflow.py took 0.840 seconds
[2025-01-19T21:41:09.851+0000] {processor.py:186} INFO - Started process (PID=345) to work on /home/airflow/.local/lib/python3.12/site-packages/airflow/example_dags/example_dataset_alias_with_no_taskflow.py
[2025-01-19T21:41:09.853+0000] {processor.py:914} INFO - Processing file /home/airflow/.local/lib/python3.12/site-packages/airflow/example_dags/example_dataset_alias_with_no_taskflow.py for tasks to queue
[2025-01-19T21:41:09.856+0000] {logging_mixin.py:190} INFO - [2025-01-19T21:41:09.855+0000] {dagbag.py:588} INFO - Filling up the DagBag from /home/airflow/.local/lib/python3.12/site-packages/airflow/example_dags/example_dataset_alias_with_no_taskflow.py
[2025-01-19T21:41:10.604+0000] {processor.py:925} INFO - DAG(s) 'dataset_alias_example_alias_producer_with_no_taskflow', 'dataset_s3_bucket_consumer_with_no_taskflow', 'dataset_alias_example_alias_consumer_with_no_taskflow', 'dataset_s3_bucket_producer_with_no_taskflow' retrieved from /home/airflow/.local/lib/python3.12/site-packages/airflow/example_dags/example_dataset_alias_with_no_taskflow.py
[2025-01-19T21:41:10.635+0000] {logging_mixin.py:190} INFO - [2025-01-19T21:41:10.634+0000] {dag.py:3239} INFO - Sync 4 DAGs
[2025-01-19T21:41:10.661+0000] {logging_mixin.py:190} INFO - [2025-01-19T21:41:10.661+0000] {dag.py:4180} INFO - Setting next_dagrun for dataset_alias_example_alias_consumer_with_no_taskflow to None, run_after=None
[2025-01-19T21:41:10.665+0000] {logging_mixin.py:190} INFO - [2025-01-19T21:41:10.665+0000] {dag.py:4180} INFO - Setting next_dagrun for dataset_alias_example_alias_producer_with_no_taskflow to None, run_after=None
[2025-01-19T21:41:10.667+0000] {logging_mixin.py:190} INFO - [2025-01-19T21:41:10.667+0000] {dag.py:4180} INFO - Setting next_dagrun for dataset_s3_bucket_consumer_with_no_taskflow to None, run_after=None
[2025-01-19T21:41:10.669+0000] {logging_mixin.py:190} INFO - [2025-01-19T21:41:10.669+0000] {dag.py:4180} INFO - Setting next_dagrun for dataset_s3_bucket_producer_with_no_taskflow to None, run_after=None
[2025-01-19T21:41:12.163+0000] {processor.py:208} INFO - Processing /home/airflow/.local/lib/python3.12/site-packages/airflow/example_dags/example_dataset_alias_with_no_taskflow.py took 2.320 seconds
[2025-01-19T21:41:43.060+0000] {processor.py:186} INFO - Started process (PID=416) to work on /home/airflow/.local/lib/python3.12/site-packages/airflow/example_dags/example_dataset_alias_with_no_taskflow.py
[2025-01-19T21:41:43.063+0000] {processor.py:914} INFO - Processing file /home/airflow/.local/lib/python3.12/site-packages/airflow/example_dags/example_dataset_alias_with_no_taskflow.py for tasks to queue
[2025-01-19T21:41:43.068+0000] {logging_mixin.py:190} INFO - [2025-01-19T21:41:43.067+0000] {dagbag.py:588} INFO - Filling up the DagBag from /home/airflow/.local/lib/python3.12/site-packages/airflow/example_dags/example_dataset_alias_with_no_taskflow.py
[2025-01-19T21:41:43.964+0000] {processor.py:925} INFO - DAG(s) 'dataset_s3_bucket_producer_with_no_taskflow', 'dataset_alias_example_alias_consumer_with_no_taskflow', 'dataset_s3_bucket_consumer_with_no_taskflow', 'dataset_alias_example_alias_producer_with_no_taskflow' retrieved from /home/airflow/.local/lib/python3.12/site-packages/airflow/example_dags/example_dataset_alias_with_no_taskflow.py
[2025-01-19T21:41:44.038+0000] {logging_mixin.py:190} INFO - [2025-01-19T21:41:44.037+0000] {dag.py:3239} INFO - Sync 4 DAGs
[2025-01-19T21:41:44.102+0000] {logging_mixin.py:190} INFO - [2025-01-19T21:41:44.102+0000] {dag.py:4180} INFO - Setting next_dagrun for dataset_alias_example_alias_consumer_with_no_taskflow to None, run_after=None
[2025-01-19T21:41:44.108+0000] {logging_mixin.py:190} INFO - [2025-01-19T21:41:44.108+0000] {dag.py:4180} INFO - Setting next_dagrun for dataset_alias_example_alias_producer_with_no_taskflow to None, run_after=None
[2025-01-19T21:41:44.116+0000] {logging_mixin.py:190} INFO - [2025-01-19T21:41:44.115+0000] {dag.py:4180} INFO - Setting next_dagrun for dataset_s3_bucket_consumer_with_no_taskflow to None, run_after=None
[2025-01-19T21:41:44.119+0000] {logging_mixin.py:190} INFO - [2025-01-19T21:41:44.119+0000] {dag.py:4180} INFO - Setting next_dagrun for dataset_s3_bucket_producer_with_no_taskflow to None, run_after=None
[2025-01-19T21:41:44.164+0000] {processor.py:208} INFO - Processing /home/airflow/.local/lib/python3.12/site-packages/airflow/example_dags/example_dataset_alias_with_no_taskflow.py took 1.114 seconds
[2025-01-19T21:42:14.540+0000] {processor.py:186} INFO - Started process (PID=489) to work on /home/airflow/.local/lib/python3.12/site-packages/airflow/example_dags/example_dataset_alias_with_no_taskflow.py
[2025-01-19T21:42:14.541+0000] {processor.py:914} INFO - Processing file /home/airflow/.local/lib/python3.12/site-packages/airflow/example_dags/example_dataset_alias_with_no_taskflow.py for tasks to queue
[2025-01-19T21:42:14.545+0000] {logging_mixin.py:190} INFO - [2025-01-19T21:42:14.544+0000] {dagbag.py:588} INFO - Filling up the DagBag from /home/airflow/.local/lib/python3.12/site-packages/airflow/example_dags/example_dataset_alias_with_no_taskflow.py
[2025-01-19T21:42:15.117+0000] {processor.py:925} INFO - DAG(s) 'dataset_s3_bucket_producer_with_no_taskflow', 'dataset_alias_example_alias_producer_with_no_taskflow', 'dataset_alias_example_alias_consumer_with_no_taskflow', 'dataset_s3_bucket_consumer_with_no_taskflow' retrieved from /home/airflow/.local/lib/python3.12/site-packages/airflow/example_dags/example_dataset_alias_with_no_taskflow.py
[2025-01-19T21:42:15.137+0000] {logging_mixin.py:190} INFO - [2025-01-19T21:42:15.136+0000] {dag.py:3239} INFO - Sync 4 DAGs
[2025-01-19T21:42:15.156+0000] {logging_mixin.py:190} INFO - [2025-01-19T21:42:15.156+0000] {dag.py:4180} INFO - Setting next_dagrun for dataset_alias_example_alias_consumer_with_no_taskflow to None, run_after=None
[2025-01-19T21:42:15.160+0000] {logging_mixin.py:190} INFO - [2025-01-19T21:42:15.159+0000] {dag.py:4180} INFO - Setting next_dagrun for dataset_alias_example_alias_producer_with_no_taskflow to None, run_after=None
[2025-01-19T21:42:15.163+0000] {logging_mixin.py:190} INFO - [2025-01-19T21:42:15.163+0000] {dag.py:4180} INFO - Setting next_dagrun for dataset_s3_bucket_consumer_with_no_taskflow to None, run_after=None
[2025-01-19T21:42:15.165+0000] {logging_mixin.py:190} INFO - [2025-01-19T21:42:15.165+0000] {dag.py:4180} INFO - Setting next_dagrun for dataset_s3_bucket_producer_with_no_taskflow to None, run_after=None
[2025-01-19T21:42:15.187+0000] {processor.py:208} INFO - Processing /home/airflow/.local/lib/python3.12/site-packages/airflow/example_dags/example_dataset_alias_with_no_taskflow.py took 0.653 seconds
[2025-01-19T21:42:45.529+0000] {processor.py:186} INFO - Started process (PID=558) to work on /home/airflow/.local/lib/python3.12/site-packages/airflow/example_dags/example_dataset_alias_with_no_taskflow.py
[2025-01-19T21:42:45.533+0000] {processor.py:914} INFO - Processing file /home/airflow/.local/lib/python3.12/site-packages/airflow/example_dags/example_dataset_alias_with_no_taskflow.py for tasks to queue
[2025-01-19T21:42:45.537+0000] {logging_mixin.py:190} INFO - [2025-01-19T21:42:45.537+0000] {dagbag.py:588} INFO - Filling up the DagBag from /home/airflow/.local/lib/python3.12/site-packages/airflow/example_dags/example_dataset_alias_with_no_taskflow.py
[2025-01-19T21:42:46.380+0000] {processor.py:925} INFO - DAG(s) 'dataset_alias_example_alias_producer_with_no_taskflow', 'dataset_alias_example_alias_consumer_with_no_taskflow', 'dataset_s3_bucket_producer_with_no_taskflow', 'dataset_s3_bucket_consumer_with_no_taskflow' retrieved from /home/airflow/.local/lib/python3.12/site-packages/airflow/example_dags/example_dataset_alias_with_no_taskflow.py
[2025-01-19T21:42:46.411+0000] {logging_mixin.py:190} INFO - [2025-01-19T21:42:46.410+0000] {dag.py:3239} INFO - Sync 4 DAGs
[2025-01-19T21:42:46.453+0000] {logging_mixin.py:190} INFO - [2025-01-19T21:42:46.453+0000] {dag.py:4180} INFO - Setting next_dagrun for dataset_alias_example_alias_consumer_with_no_taskflow to None, run_after=None
[2025-01-19T21:42:46.460+0000] {logging_mixin.py:190} INFO - [2025-01-19T21:42:46.460+0000] {dag.py:4180} INFO - Setting next_dagrun for dataset_alias_example_alias_producer_with_no_taskflow to None, run_after=None
[2025-01-19T21:42:46.465+0000] {logging_mixin.py:190} INFO - [2025-01-19T21:42:46.465+0000] {dag.py:4180} INFO - Setting next_dagrun for dataset_s3_bucket_consumer_with_no_taskflow to None, run_after=None
[2025-01-19T21:42:46.468+0000] {logging_mixin.py:190} INFO - [2025-01-19T21:42:46.468+0000] {dag.py:4180} INFO - Setting next_dagrun for dataset_s3_bucket_producer_with_no_taskflow to None, run_after=None
[2025-01-19T21:42:46.501+0000] {processor.py:208} INFO - Processing /home/airflow/.local/lib/python3.12/site-packages/airflow/example_dags/example_dataset_alias_with_no_taskflow.py took 0.986 seconds
[2025-01-19T21:43:17.438+0000] {processor.py:186} INFO - Started process (PID=629) to work on /home/airflow/.local/lib/python3.12/site-packages/airflow/example_dags/example_dataset_alias_with_no_taskflow.py
[2025-01-19T21:43:17.440+0000] {processor.py:914} INFO - Processing file /home/airflow/.local/lib/python3.12/site-packages/airflow/example_dags/example_dataset_alias_with_no_taskflow.py for tasks to queue
[2025-01-19T21:43:17.445+0000] {logging_mixin.py:190} INFO - [2025-01-19T21:43:17.444+0000] {dagbag.py:588} INFO - Filling up the DagBag from /home/airflow/.local/lib/python3.12/site-packages/airflow/example_dags/example_dataset_alias_with_no_taskflow.py
[2025-01-19T21:43:18.190+0000] {processor.py:925} INFO - DAG(s) 'dataset_s3_bucket_consumer_with_no_taskflow', 'dataset_s3_bucket_producer_with_no_taskflow', 'dataset_alias_example_alias_consumer_with_no_taskflow', 'dataset_alias_example_alias_producer_with_no_taskflow' retrieved from /home/airflow/.local/lib/python3.12/site-packages/airflow/example_dags/example_dataset_alias_with_no_taskflow.py
[2025-01-19T21:43:18.219+0000] {logging_mixin.py:190} INFO - [2025-01-19T21:43:18.219+0000] {dag.py:3239} INFO - Sync 4 DAGs
[2025-01-19T21:43:18.241+0000] {logging_mixin.py:190} INFO - [2025-01-19T21:43:18.241+0000] {dag.py:4180} INFO - Setting next_dagrun for dataset_alias_example_alias_consumer_with_no_taskflow to None, run_after=None
[2025-01-19T21:43:18.248+0000] {logging_mixin.py:190} INFO - [2025-01-19T21:43:18.248+0000] {dag.py:4180} INFO - Setting next_dagrun for dataset_alias_example_alias_producer_with_no_taskflow to None, run_after=None
[2025-01-19T21:43:18.251+0000] {logging_mixin.py:190} INFO - [2025-01-19T21:43:18.251+0000] {dag.py:4180} INFO - Setting next_dagrun for dataset_s3_bucket_consumer_with_no_taskflow to None, run_after=None
[2025-01-19T21:43:18.253+0000] {logging_mixin.py:190} INFO - [2025-01-19T21:43:18.253+0000] {dag.py:4180} INFO - Setting next_dagrun for dataset_s3_bucket_producer_with_no_taskflow to None, run_after=None
[2025-01-19T21:43:18.280+0000] {processor.py:208} INFO - Processing /home/airflow/.local/lib/python3.12/site-packages/airflow/example_dags/example_dataset_alias_with_no_taskflow.py took 0.854 seconds
[2025-01-19T21:43:49.178+0000] {processor.py:186} INFO - Started process (PID=698) to work on /home/airflow/.local/lib/python3.12/site-packages/airflow/example_dags/example_dataset_alias_with_no_taskflow.py
[2025-01-19T21:43:49.180+0000] {processor.py:914} INFO - Processing file /home/airflow/.local/lib/python3.12/site-packages/airflow/example_dags/example_dataset_alias_with_no_taskflow.py for tasks to queue
[2025-01-19T21:43:49.183+0000] {logging_mixin.py:190} INFO - [2025-01-19T21:43:49.183+0000] {dagbag.py:588} INFO - Filling up the DagBag from /home/airflow/.local/lib/python3.12/site-packages/airflow/example_dags/example_dataset_alias_with_no_taskflow.py
[2025-01-19T21:43:49.870+0000] {processor.py:925} INFO - DAG(s) 'dataset_s3_bucket_consumer_with_no_taskflow', 'dataset_alias_example_alias_producer_with_no_taskflow', 'dataset_alias_example_alias_consumer_with_no_taskflow', 'dataset_s3_bucket_producer_with_no_taskflow' retrieved from /home/airflow/.local/lib/python3.12/site-packages/airflow/example_dags/example_dataset_alias_with_no_taskflow.py
[2025-01-19T21:43:49.891+0000] {logging_mixin.py:190} INFO - [2025-01-19T21:43:49.890+0000] {dag.py:3239} INFO - Sync 4 DAGs
[2025-01-19T21:43:49.910+0000] {logging_mixin.py:190} INFO - [2025-01-19T21:43:49.910+0000] {dag.py:4180} INFO - Setting next_dagrun for dataset_alias_example_alias_consumer_with_no_taskflow to None, run_after=None
[2025-01-19T21:43:49.913+0000] {logging_mixin.py:190} INFO - [2025-01-19T21:43:49.913+0000] {dag.py:4180} INFO - Setting next_dagrun for dataset_alias_example_alias_producer_with_no_taskflow to None, run_after=None
[2025-01-19T21:43:49.915+0000] {logging_mixin.py:190} INFO - [2025-01-19T21:43:49.915+0000] {dag.py:4180} INFO - Setting next_dagrun for dataset_s3_bucket_consumer_with_no_taskflow to None, run_after=None
[2025-01-19T21:43:49.917+0000] {logging_mixin.py:190} INFO - [2025-01-19T21:43:49.917+0000] {dag.py:4180} INFO - Setting next_dagrun for dataset_s3_bucket_producer_with_no_taskflow to None, run_after=None
[2025-01-19T21:43:49.935+0000] {processor.py:208} INFO - Processing /home/airflow/.local/lib/python3.12/site-packages/airflow/example_dags/example_dataset_alias_with_no_taskflow.py took 0.768 seconds
[2025-01-19T21:44:20.712+0000] {processor.py:186} INFO - Started process (PID=773) to work on /home/airflow/.local/lib/python3.12/site-packages/airflow/example_dags/example_dataset_alias_with_no_taskflow.py
[2025-01-19T21:44:20.715+0000] {processor.py:914} INFO - Processing file /home/airflow/.local/lib/python3.12/site-packages/airflow/example_dags/example_dataset_alias_with_no_taskflow.py for tasks to queue
[2025-01-19T21:44:20.722+0000] {logging_mixin.py:190} INFO - [2025-01-19T21:44:20.721+0000] {dagbag.py:588} INFO - Filling up the DagBag from /home/airflow/.local/lib/python3.12/site-packages/airflow/example_dags/example_dataset_alias_with_no_taskflow.py
[2025-01-19T21:44:21.344+0000] {processor.py:925} INFO - DAG(s) 'dataset_alias_example_alias_producer_with_no_taskflow', 'dataset_alias_example_alias_consumer_with_no_taskflow', 'dataset_s3_bucket_consumer_with_no_taskflow', 'dataset_s3_bucket_producer_with_no_taskflow' retrieved from /home/airflow/.local/lib/python3.12/site-packages/airflow/example_dags/example_dataset_alias_with_no_taskflow.py
[2025-01-19T21:44:21.390+0000] {logging_mixin.py:190} INFO - [2025-01-19T21:44:21.389+0000] {dag.py:3239} INFO - Sync 4 DAGs
[2025-01-19T21:44:21.415+0000] {logging_mixin.py:190} INFO - [2025-01-19T21:44:21.415+0000] {dag.py:4180} INFO - Setting next_dagrun for dataset_alias_example_alias_consumer_with_no_taskflow to None, run_after=None
[2025-01-19T21:44:21.419+0000] {logging_mixin.py:190} INFO - [2025-01-19T21:44:21.418+0000] {dag.py:4180} INFO - Setting next_dagrun for dataset_alias_example_alias_producer_with_no_taskflow to None, run_after=None
[2025-01-19T21:44:21.421+0000] {logging_mixin.py:190} INFO - [2025-01-19T21:44:21.421+0000] {dag.py:4180} INFO - Setting next_dagrun for dataset_s3_bucket_consumer_with_no_taskflow to None, run_after=None
[2025-01-19T21:44:21.424+0000] {logging_mixin.py:190} INFO - [2025-01-19T21:44:21.424+0000] {dag.py:4180} INFO - Setting next_dagrun for dataset_s3_bucket_producer_with_no_taskflow to None, run_after=None
[2025-01-19T21:44:21.450+0000] {processor.py:208} INFO - Processing /home/airflow/.local/lib/python3.12/site-packages/airflow/example_dags/example_dataset_alias_with_no_taskflow.py took 0.745 seconds
[2025-01-19T21:44:51.920+0000] {processor.py:186} INFO - Started process (PID=842) to work on /home/airflow/.local/lib/python3.12/site-packages/airflow/example_dags/example_dataset_alias_with_no_taskflow.py
[2025-01-19T21:44:51.922+0000] {processor.py:914} INFO - Processing file /home/airflow/.local/lib/python3.12/site-packages/airflow/example_dags/example_dataset_alias_with_no_taskflow.py for tasks to queue
[2025-01-19T21:44:51.926+0000] {logging_mixin.py:190} INFO - [2025-01-19T21:44:51.925+0000] {dagbag.py:588} INFO - Filling up the DagBag from /home/airflow/.local/lib/python3.12/site-packages/airflow/example_dags/example_dataset_alias_with_no_taskflow.py
[2025-01-19T21:44:52.607+0000] {processor.py:925} INFO - DAG(s) 'dataset_s3_bucket_consumer_with_no_taskflow', 'dataset_alias_example_alias_consumer_with_no_taskflow', 'dataset_alias_example_alias_producer_with_no_taskflow', 'dataset_s3_bucket_producer_with_no_taskflow' retrieved from /home/airflow/.local/lib/python3.12/site-packages/airflow/example_dags/example_dataset_alias_with_no_taskflow.py
[2025-01-19T21:44:52.627+0000] {logging_mixin.py:190} INFO - [2025-01-19T21:44:52.627+0000] {dag.py:3239} INFO - Sync 4 DAGs
[2025-01-19T21:44:52.648+0000] {logging_mixin.py:190} INFO - [2025-01-19T21:44:52.647+0000] {dag.py:4180} INFO - Setting next_dagrun for dataset_alias_example_alias_consumer_with_no_taskflow to None, run_after=None
[2025-01-19T21:44:52.650+0000] {logging_mixin.py:190} INFO - [2025-01-19T21:44:52.650+0000] {dag.py:4180} INFO - Setting next_dagrun for dataset_alias_example_alias_producer_with_no_taskflow to None, run_after=None
[2025-01-19T21:44:52.652+0000] {logging_mixin.py:190} INFO - [2025-01-19T21:44:52.651+0000] {dag.py:4180} INFO - Setting next_dagrun for dataset_s3_bucket_consumer_with_no_taskflow to None, run_after=None
[2025-01-19T21:44:52.653+0000] {logging_mixin.py:190} INFO - [2025-01-19T21:44:52.653+0000] {dag.py:4180} INFO - Setting next_dagrun for dataset_s3_bucket_producer_with_no_taskflow to None, run_after=None
[2025-01-19T21:44:52.673+0000] {processor.py:208} INFO - Processing /home/airflow/.local/lib/python3.12/site-packages/airflow/example_dags/example_dataset_alias_with_no_taskflow.py took 0.765 seconds
[2025-01-19T21:45:23.210+0000] {processor.py:186} INFO - Started process (PID=911) to work on /home/airflow/.local/lib/python3.12/site-packages/airflow/example_dags/example_dataset_alias_with_no_taskflow.py
[2025-01-19T21:45:23.211+0000] {processor.py:914} INFO - Processing file /home/airflow/.local/lib/python3.12/site-packages/airflow/example_dags/example_dataset_alias_with_no_taskflow.py for tasks to queue
[2025-01-19T21:45:23.215+0000] {logging_mixin.py:190} INFO - [2025-01-19T21:45:23.214+0000] {dagbag.py:588} INFO - Filling up the DagBag from /home/airflow/.local/lib/python3.12/site-packages/airflow/example_dags/example_dataset_alias_with_no_taskflow.py
[2025-01-19T21:45:24.020+0000] {processor.py:925} INFO - DAG(s) 'dataset_s3_bucket_producer_with_no_taskflow', 'dataset_alias_example_alias_consumer_with_no_taskflow', 'dataset_s3_bucket_consumer_with_no_taskflow', 'dataset_alias_example_alias_producer_with_no_taskflow' retrieved from /home/airflow/.local/lib/python3.12/site-packages/airflow/example_dags/example_dataset_alias_with_no_taskflow.py
[2025-01-19T21:45:24.045+0000] {logging_mixin.py:190} INFO - [2025-01-19T21:45:24.043+0000] {dag.py:3239} INFO - Sync 4 DAGs
[2025-01-19T21:45:24.071+0000] {logging_mixin.py:190} INFO - [2025-01-19T21:45:24.070+0000] {dag.py:4180} INFO - Setting next_dagrun for dataset_alias_example_alias_consumer_with_no_taskflow to None, run_after=None
[2025-01-19T21:45:24.075+0000] {logging_mixin.py:190} INFO - [2025-01-19T21:45:24.075+0000] {dag.py:4180} INFO - Setting next_dagrun for dataset_alias_example_alias_producer_with_no_taskflow to None, run_after=None
[2025-01-19T21:45:24.077+0000] {logging_mixin.py:190} INFO - [2025-01-19T21:45:24.077+0000] {dag.py:4180} INFO - Setting next_dagrun for dataset_s3_bucket_consumer_with_no_taskflow to None, run_after=None
[2025-01-19T21:45:24.079+0000] {logging_mixin.py:190} INFO - [2025-01-19T21:45:24.079+0000] {dag.py:4180} INFO - Setting next_dagrun for dataset_s3_bucket_producer_with_no_taskflow to None, run_after=None
[2025-01-19T21:45:24.105+0000] {processor.py:208} INFO - Processing /home/airflow/.local/lib/python3.12/site-packages/airflow/example_dags/example_dataset_alias_with_no_taskflow.py took 0.901 seconds
[2025-01-19T21:45:54.666+0000] {processor.py:186} INFO - Started process (PID=981) to work on /home/airflow/.local/lib/python3.12/site-packages/airflow/example_dags/example_dataset_alias_with_no_taskflow.py
[2025-01-19T21:45:54.667+0000] {processor.py:914} INFO - Processing file /home/airflow/.local/lib/python3.12/site-packages/airflow/example_dags/example_dataset_alias_with_no_taskflow.py for tasks to queue
[2025-01-19T21:45:54.671+0000] {logging_mixin.py:190} INFO - [2025-01-19T21:45:54.670+0000] {dagbag.py:588} INFO - Filling up the DagBag from /home/airflow/.local/lib/python3.12/site-packages/airflow/example_dags/example_dataset_alias_with_no_taskflow.py
[2025-01-19T21:45:55.303+0000] {processor.py:925} INFO - DAG(s) 'dataset_s3_bucket_producer_with_no_taskflow', 'dataset_alias_example_alias_producer_with_no_taskflow', 'dataset_s3_bucket_consumer_with_no_taskflow', 'dataset_alias_example_alias_consumer_with_no_taskflow' retrieved from /home/airflow/.local/lib/python3.12/site-packages/airflow/example_dags/example_dataset_alias_with_no_taskflow.py
[2025-01-19T21:45:55.323+0000] {logging_mixin.py:190} INFO - [2025-01-19T21:45:55.323+0000] {dag.py:3239} INFO - Sync 4 DAGs
[2025-01-19T21:45:55.343+0000] {logging_mixin.py:190} INFO - [2025-01-19T21:45:55.343+0000] {dag.py:4180} INFO - Setting next_dagrun for dataset_alias_example_alias_consumer_with_no_taskflow to None, run_after=None
[2025-01-19T21:45:55.348+0000] {logging_mixin.py:190} INFO - [2025-01-19T21:45:55.348+0000] {dag.py:4180} INFO - Setting next_dagrun for dataset_alias_example_alias_producer_with_no_taskflow to None, run_after=None
[2025-01-19T21:45:55.351+0000] {logging_mixin.py:190} INFO - [2025-01-19T21:45:55.350+0000] {dag.py:4180} INFO - Setting next_dagrun for dataset_s3_bucket_consumer_with_no_taskflow to None, run_after=None
[2025-01-19T21:45:55.353+0000] {logging_mixin.py:190} INFO - [2025-01-19T21:45:55.353+0000] {dag.py:4180} INFO - Setting next_dagrun for dataset_s3_bucket_producer_with_no_taskflow to None, run_after=None
[2025-01-19T21:45:55.378+0000] {processor.py:208} INFO - Processing /home/airflow/.local/lib/python3.12/site-packages/airflow/example_dags/example_dataset_alias_with_no_taskflow.py took 0.718 seconds
[2025-01-19T21:46:26.012+0000] {processor.py:186} INFO - Started process (PID=1051) to work on /home/airflow/.local/lib/python3.12/site-packages/airflow/example_dags/example_dataset_alias_with_no_taskflow.py
[2025-01-19T21:46:26.013+0000] {processor.py:914} INFO - Processing file /home/airflow/.local/lib/python3.12/site-packages/airflow/example_dags/example_dataset_alias_with_no_taskflow.py for tasks to queue
[2025-01-19T21:46:26.017+0000] {logging_mixin.py:190} INFO - [2025-01-19T21:46:26.017+0000] {dagbag.py:588} INFO - Filling up the DagBag from /home/airflow/.local/lib/python3.12/site-packages/airflow/example_dags/example_dataset_alias_with_no_taskflow.py
[2025-01-19T21:46:26.621+0000] {processor.py:925} INFO - DAG(s) 'dataset_alias_example_alias_consumer_with_no_taskflow', 'dataset_alias_example_alias_producer_with_no_taskflow', 'dataset_s3_bucket_consumer_with_no_taskflow', 'dataset_s3_bucket_producer_with_no_taskflow' retrieved from /home/airflow/.local/lib/python3.12/site-packages/airflow/example_dags/example_dataset_alias_with_no_taskflow.py
[2025-01-19T21:46:26.639+0000] {logging_mixin.py:190} INFO - [2025-01-19T21:46:26.639+0000] {dag.py:3239} INFO - Sync 4 DAGs
[2025-01-19T21:46:26.661+0000] {logging_mixin.py:190} INFO - [2025-01-19T21:46:26.661+0000] {dag.py:4180} INFO - Setting next_dagrun for dataset_alias_example_alias_consumer_with_no_taskflow to None, run_after=None
[2025-01-19T21:46:26.665+0000] {logging_mixin.py:190} INFO - [2025-01-19T21:46:26.665+0000] {dag.py:4180} INFO - Setting next_dagrun for dataset_alias_example_alias_producer_with_no_taskflow to None, run_after=None
[2025-01-19T21:46:26.668+0000] {logging_mixin.py:190} INFO - [2025-01-19T21:46:26.668+0000] {dag.py:4180} INFO - Setting next_dagrun for dataset_s3_bucket_consumer_with_no_taskflow to None, run_after=None
[2025-01-19T21:46:26.670+0000] {logging_mixin.py:190} INFO - [2025-01-19T21:46:26.670+0000] {dag.py:4180} INFO - Setting next_dagrun for dataset_s3_bucket_producer_with_no_taskflow to None, run_after=None
[2025-01-19T21:46:26.719+0000] {processor.py:208} INFO - Processing /home/airflow/.local/lib/python3.12/site-packages/airflow/example_dags/example_dataset_alias_with_no_taskflow.py took 0.719 seconds
[2025-01-19T21:46:58.067+0000] {processor.py:186} INFO - Started process (PID=1123) to work on /home/airflow/.local/lib/python3.12/site-packages/airflow/example_dags/example_dataset_alias_with_no_taskflow.py
[2025-01-19T21:46:58.068+0000] {processor.py:914} INFO - Processing file /home/airflow/.local/lib/python3.12/site-packages/airflow/example_dags/example_dataset_alias_with_no_taskflow.py for tasks to queue
[2025-01-19T21:46:58.072+0000] {logging_mixin.py:190} INFO - [2025-01-19T21:46:58.071+0000] {dagbag.py:588} INFO - Filling up the DagBag from /home/airflow/.local/lib/python3.12/site-packages/airflow/example_dags/example_dataset_alias_with_no_taskflow.py
[2025-01-19T21:46:58.812+0000] {processor.py:925} INFO - DAG(s) 'dataset_alias_example_alias_producer_with_no_taskflow', 'dataset_s3_bucket_producer_with_no_taskflow', 'dataset_alias_example_alias_consumer_with_no_taskflow', 'dataset_s3_bucket_consumer_with_no_taskflow' retrieved from /home/airflow/.local/lib/python3.12/site-packages/airflow/example_dags/example_dataset_alias_with_no_taskflow.py
[2025-01-19T21:46:58.863+0000] {logging_mixin.py:190} INFO - [2025-01-19T21:46:58.862+0000] {dag.py:3239} INFO - Sync 4 DAGs
[2025-01-19T21:46:58.895+0000] {logging_mixin.py:190} INFO - [2025-01-19T21:46:58.894+0000] {dag.py:4180} INFO - Setting next_dagrun for dataset_alias_example_alias_consumer_with_no_taskflow to None, run_after=None
[2025-01-19T21:46:58.900+0000] {logging_mixin.py:190} INFO - [2025-01-19T21:46:58.899+0000] {dag.py:4180} INFO - Setting next_dagrun for dataset_alias_example_alias_producer_with_no_taskflow to None, run_after=None
[2025-01-19T21:46:58.903+0000] {logging_mixin.py:190} INFO - [2025-01-19T21:46:58.903+0000] {dag.py:4180} INFO - Setting next_dagrun for dataset_s3_bucket_consumer_with_no_taskflow to None, run_after=None
[2025-01-19T21:46:58.906+0000] {logging_mixin.py:190} INFO - [2025-01-19T21:46:58.906+0000] {dag.py:4180} INFO - Setting next_dagrun for dataset_s3_bucket_producer_with_no_taskflow to None, run_after=None
[2025-01-19T21:46:58.936+0000] {processor.py:208} INFO - Processing /home/airflow/.local/lib/python3.12/site-packages/airflow/example_dags/example_dataset_alias_with_no_taskflow.py took 0.877 seconds
[2025-01-19T21:47:29.560+0000] {processor.py:186} INFO - Started process (PID=1199) to work on /home/airflow/.local/lib/python3.12/site-packages/airflow/example_dags/example_dataset_alias_with_no_taskflow.py
[2025-01-19T21:47:29.561+0000] {processor.py:914} INFO - Processing file /home/airflow/.local/lib/python3.12/site-packages/airflow/example_dags/example_dataset_alias_with_no_taskflow.py for tasks to queue
[2025-01-19T21:47:29.564+0000] {logging_mixin.py:190} INFO - [2025-01-19T21:47:29.564+0000] {dagbag.py:588} INFO - Filling up the DagBag from /home/airflow/.local/lib/python3.12/site-packages/airflow/example_dags/example_dataset_alias_with_no_taskflow.py
[2025-01-19T21:47:30.230+0000] {processor.py:925} INFO - DAG(s) 'dataset_alias_example_alias_consumer_with_no_taskflow', 'dataset_s3_bucket_consumer_with_no_taskflow', 'dataset_s3_bucket_producer_with_no_taskflow', 'dataset_alias_example_alias_producer_with_no_taskflow' retrieved from /home/airflow/.local/lib/python3.12/site-packages/airflow/example_dags/example_dataset_alias_with_no_taskflow.py
[2025-01-19T21:47:30.253+0000] {logging_mixin.py:190} INFO - [2025-01-19T21:47:30.253+0000] {dag.py:3239} INFO - Sync 4 DAGs
[2025-01-19T21:47:30.273+0000] {logging_mixin.py:190} INFO - [2025-01-19T21:47:30.273+0000] {dag.py:4180} INFO - Setting next_dagrun for dataset_alias_example_alias_consumer_with_no_taskflow to None, run_after=None
[2025-01-19T21:47:30.276+0000] {logging_mixin.py:190} INFO - [2025-01-19T21:47:30.276+0000] {dag.py:4180} INFO - Setting next_dagrun for dataset_alias_example_alias_producer_with_no_taskflow to None, run_after=None
[2025-01-19T21:47:30.278+0000] {logging_mixin.py:190} INFO - [2025-01-19T21:47:30.278+0000] {dag.py:4180} INFO - Setting next_dagrun for dataset_s3_bucket_consumer_with_no_taskflow to None, run_after=None
[2025-01-19T21:47:30.280+0000] {logging_mixin.py:190} INFO - [2025-01-19T21:47:30.280+0000] {dag.py:4180} INFO - Setting next_dagrun for dataset_s3_bucket_producer_with_no_taskflow to None, run_after=None
[2025-01-19T21:47:30.309+0000] {processor.py:208} INFO - Processing /home/airflow/.local/lib/python3.12/site-packages/airflow/example_dags/example_dataset_alias_with_no_taskflow.py took 0.754 seconds
[2025-01-19T21:48:01.253+0000] {processor.py:186} INFO - Started process (PID=1270) to work on /home/airflow/.local/lib/python3.12/site-packages/airflow/example_dags/example_dataset_alias_with_no_taskflow.py
[2025-01-19T21:48:01.255+0000] {processor.py:914} INFO - Processing file /home/airflow/.local/lib/python3.12/site-packages/airflow/example_dags/example_dataset_alias_with_no_taskflow.py for tasks to queue
[2025-01-19T21:48:01.258+0000] {logging_mixin.py:190} INFO - [2025-01-19T21:48:01.258+0000] {dagbag.py:588} INFO - Filling up the DagBag from /home/airflow/.local/lib/python3.12/site-packages/airflow/example_dags/example_dataset_alias_with_no_taskflow.py
[2025-01-19T21:48:02.084+0000] {processor.py:925} INFO - DAG(s) 'dataset_alias_example_alias_producer_with_no_taskflow', 'dataset_s3_bucket_producer_with_no_taskflow', 'dataset_alias_example_alias_consumer_with_no_taskflow', 'dataset_s3_bucket_consumer_with_no_taskflow' retrieved from /home/airflow/.local/lib/python3.12/site-packages/airflow/example_dags/example_dataset_alias_with_no_taskflow.py
[2025-01-19T21:48:02.104+0000] {logging_mixin.py:190} INFO - [2025-01-19T21:48:02.104+0000] {dag.py:3239} INFO - Sync 4 DAGs
[2025-01-19T21:48:02.124+0000] {logging_mixin.py:190} INFO - [2025-01-19T21:48:02.123+0000] {dag.py:4180} INFO - Setting next_dagrun for dataset_alias_example_alias_consumer_with_no_taskflow to None, run_after=None
[2025-01-19T21:48:02.126+0000] {logging_mixin.py:190} INFO - [2025-01-19T21:48:02.126+0000] {dag.py:4180} INFO - Setting next_dagrun for dataset_alias_example_alias_producer_with_no_taskflow to None, run_after=None
[2025-01-19T21:48:02.127+0000] {logging_mixin.py:190} INFO - [2025-01-19T21:48:02.127+0000] {dag.py:4180} INFO - Setting next_dagrun for dataset_s3_bucket_consumer_with_no_taskflow to None, run_after=None
[2025-01-19T21:48:02.129+0000] {logging_mixin.py:190} INFO - [2025-01-19T21:48:02.129+0000] {dag.py:4180} INFO - Setting next_dagrun for dataset_s3_bucket_producer_with_no_taskflow to None, run_after=None
[2025-01-19T21:48:02.234+0000] {processor.py:208} INFO - Processing /home/airflow/.local/lib/python3.12/site-packages/airflow/example_dags/example_dataset_alias_with_no_taskflow.py took 0.988 seconds
[2025-01-19T21:48:33.602+0000] {processor.py:186} INFO - Started process (PID=1341) to work on /home/airflow/.local/lib/python3.12/site-packages/airflow/example_dags/example_dataset_alias_with_no_taskflow.py
[2025-01-19T21:48:33.605+0000] {processor.py:914} INFO - Processing file /home/airflow/.local/lib/python3.12/site-packages/airflow/example_dags/example_dataset_alias_with_no_taskflow.py for tasks to queue
[2025-01-19T21:48:33.611+0000] {logging_mixin.py:190} INFO - [2025-01-19T21:48:33.610+0000] {dagbag.py:588} INFO - Filling up the DagBag from /home/airflow/.local/lib/python3.12/site-packages/airflow/example_dags/example_dataset_alias_with_no_taskflow.py
[2025-01-19T21:48:34.349+0000] {processor.py:925} INFO - DAG(s) 'dataset_alias_example_alias_consumer_with_no_taskflow', 'dataset_s3_bucket_producer_with_no_taskflow', 'dataset_s3_bucket_consumer_with_no_taskflow', 'dataset_alias_example_alias_producer_with_no_taskflow' retrieved from /home/airflow/.local/lib/python3.12/site-packages/airflow/example_dags/example_dataset_alias_with_no_taskflow.py
[2025-01-19T21:48:34.375+0000] {logging_mixin.py:190} INFO - [2025-01-19T21:48:34.374+0000] {dag.py:3239} INFO - Sync 4 DAGs
[2025-01-19T21:48:34.410+0000] {logging_mixin.py:190} INFO - [2025-01-19T21:48:34.410+0000] {dag.py:4180} INFO - Setting next_dagrun for dataset_alias_example_alias_consumer_with_no_taskflow to None, run_after=None
[2025-01-19T21:48:34.419+0000] {logging_mixin.py:190} INFO - [2025-01-19T21:48:34.419+0000] {dag.py:4180} INFO - Setting next_dagrun for dataset_alias_example_alias_producer_with_no_taskflow to None, run_after=None
[2025-01-19T21:48:34.422+0000] {logging_mixin.py:190} INFO - [2025-01-19T21:48:34.422+0000] {dag.py:4180} INFO - Setting next_dagrun for dataset_s3_bucket_consumer_with_no_taskflow to None, run_after=None
[2025-01-19T21:48:34.426+0000] {logging_mixin.py:190} INFO - [2025-01-19T21:48:34.425+0000] {dag.py:4180} INFO - Setting next_dagrun for dataset_s3_bucket_producer_with_no_taskflow to None, run_after=None
[2025-01-19T21:48:35.089+0000] {processor.py:208} INFO - Processing /home/airflow/.local/lib/python3.12/site-packages/airflow/example_dags/example_dataset_alias_with_no_taskflow.py took 1.501 seconds
[2025-01-19T21:49:05.318+0000] {processor.py:186} INFO - Started process (PID=1411) to work on /home/airflow/.local/lib/python3.12/site-packages/airflow/example_dags/example_dataset_alias_with_no_taskflow.py
[2025-01-19T21:49:05.322+0000] {processor.py:914} INFO - Processing file /home/airflow/.local/lib/python3.12/site-packages/airflow/example_dags/example_dataset_alias_with_no_taskflow.py for tasks to queue
[2025-01-19T21:49:05.327+0000] {logging_mixin.py:190} INFO - [2025-01-19T21:49:05.326+0000] {dagbag.py:588} INFO - Filling up the DagBag from /home/airflow/.local/lib/python3.12/site-packages/airflow/example_dags/example_dataset_alias_with_no_taskflow.py
[2025-01-19T21:49:05.976+0000] {processor.py:925} INFO - DAG(s) 'dataset_alias_example_alias_consumer_with_no_taskflow', 'dataset_s3_bucket_consumer_with_no_taskflow', 'dataset_s3_bucket_producer_with_no_taskflow', 'dataset_alias_example_alias_producer_with_no_taskflow' retrieved from /home/airflow/.local/lib/python3.12/site-packages/airflow/example_dags/example_dataset_alias_with_no_taskflow.py
[2025-01-19T21:49:05.997+0000] {logging_mixin.py:190} INFO - [2025-01-19T21:49:05.996+0000] {dag.py:3239} INFO - Sync 4 DAGs
[2025-01-19T21:49:06.019+0000] {logging_mixin.py:190} INFO - [2025-01-19T21:49:06.018+0000] {dag.py:4180} INFO - Setting next_dagrun for dataset_alias_example_alias_consumer_with_no_taskflow to None, run_after=None
[2025-01-19T21:49:06.022+0000] {logging_mixin.py:190} INFO - [2025-01-19T21:49:06.022+0000] {dag.py:4180} INFO - Setting next_dagrun for dataset_alias_example_alias_producer_with_no_taskflow to None, run_after=None
[2025-01-19T21:49:06.024+0000] {logging_mixin.py:190} INFO - [2025-01-19T21:49:06.024+0000] {dag.py:4180} INFO - Setting next_dagrun for dataset_s3_bucket_consumer_with_no_taskflow to None, run_after=None
[2025-01-19T21:49:06.027+0000] {logging_mixin.py:190} INFO - [2025-01-19T21:49:06.027+0000] {dag.py:4180} INFO - Setting next_dagrun for dataset_s3_bucket_producer_with_no_taskflow to None, run_after=None
[2025-01-19T21:49:06.047+0000] {processor.py:208} INFO - Processing /home/airflow/.local/lib/python3.12/site-packages/airflow/example_dags/example_dataset_alias_with_no_taskflow.py took 0.729 seconds
[2025-01-19T21:49:37.210+0000] {processor.py:186} INFO - Started process (PID=1482) to work on /home/airflow/.local/lib/python3.12/site-packages/airflow/example_dags/example_dataset_alias_with_no_taskflow.py
[2025-01-19T21:49:37.212+0000] {processor.py:914} INFO - Processing file /home/airflow/.local/lib/python3.12/site-packages/airflow/example_dags/example_dataset_alias_with_no_taskflow.py for tasks to queue
[2025-01-19T21:49:37.216+0000] {logging_mixin.py:190} INFO - [2025-01-19T21:49:37.216+0000] {dagbag.py:588} INFO - Filling up the DagBag from /home/airflow/.local/lib/python3.12/site-packages/airflow/example_dags/example_dataset_alias_with_no_taskflow.py
[2025-01-19T21:49:37.915+0000] {processor.py:925} INFO - DAG(s) 'dataset_alias_example_alias_consumer_with_no_taskflow', 'dataset_s3_bucket_producer_with_no_taskflow', 'dataset_s3_bucket_consumer_with_no_taskflow', 'dataset_alias_example_alias_producer_with_no_taskflow' retrieved from /home/airflow/.local/lib/python3.12/site-packages/airflow/example_dags/example_dataset_alias_with_no_taskflow.py
[2025-01-19T21:49:37.959+0000] {logging_mixin.py:190} INFO - [2025-01-19T21:49:37.958+0000] {dag.py:3239} INFO - Sync 4 DAGs
[2025-01-19T21:49:37.990+0000] {logging_mixin.py:190} INFO - [2025-01-19T21:49:37.990+0000] {dag.py:4180} INFO - Setting next_dagrun for dataset_alias_example_alias_consumer_with_no_taskflow to None, run_after=None
[2025-01-19T21:49:37.996+0000] {logging_mixin.py:190} INFO - [2025-01-19T21:49:37.996+0000] {dag.py:4180} INFO - Setting next_dagrun for dataset_alias_example_alias_producer_with_no_taskflow to None, run_after=None
[2025-01-19T21:49:37.999+0000] {logging_mixin.py:190} INFO - [2025-01-19T21:49:37.998+0000] {dag.py:4180} INFO - Setting next_dagrun for dataset_s3_bucket_consumer_with_no_taskflow to None, run_after=None
[2025-01-19T21:49:38.001+0000] {logging_mixin.py:190} INFO - [2025-01-19T21:49:38.000+0000] {dag.py:4180} INFO - Setting next_dagrun for dataset_s3_bucket_producer_with_no_taskflow to None, run_after=None
[2025-01-19T21:49:38.028+0000] {processor.py:208} INFO - Processing /home/airflow/.local/lib/python3.12/site-packages/airflow/example_dags/example_dataset_alias_with_no_taskflow.py took 0.826 seconds
[2025-01-19T21:50:08.803+0000] {processor.py:186} INFO - Started process (PID=1551) to work on /home/airflow/.local/lib/python3.12/site-packages/airflow/example_dags/example_dataset_alias_with_no_taskflow.py
[2025-01-19T21:50:08.804+0000] {processor.py:914} INFO - Processing file /home/airflow/.local/lib/python3.12/site-packages/airflow/example_dags/example_dataset_alias_with_no_taskflow.py for tasks to queue
[2025-01-19T21:50:08.807+0000] {logging_mixin.py:190} INFO - [2025-01-19T21:50:08.807+0000] {dagbag.py:588} INFO - Filling up the DagBag from /home/airflow/.local/lib/python3.12/site-packages/airflow/example_dags/example_dataset_alias_with_no_taskflow.py
[2025-01-19T21:50:09.668+0000] {processor.py:925} INFO - DAG(s) 'dataset_s3_bucket_consumer_with_no_taskflow', 'dataset_alias_example_alias_consumer_with_no_taskflow', 'dataset_s3_bucket_producer_with_no_taskflow', 'dataset_alias_example_alias_producer_with_no_taskflow' retrieved from /home/airflow/.local/lib/python3.12/site-packages/airflow/example_dags/example_dataset_alias_with_no_taskflow.py
[2025-01-19T21:50:09.726+0000] {logging_mixin.py:190} INFO - [2025-01-19T21:50:09.725+0000] {dag.py:3239} INFO - Sync 4 DAGs
[2025-01-19T21:50:09.762+0000] {logging_mixin.py:190} INFO - [2025-01-19T21:50:09.762+0000] {dag.py:4180} INFO - Setting next_dagrun for dataset_alias_example_alias_consumer_with_no_taskflow to None, run_after=None
[2025-01-19T21:50:09.774+0000] {logging_mixin.py:190} INFO - [2025-01-19T21:50:09.774+0000] {dag.py:4180} INFO - Setting next_dagrun for dataset_alias_example_alias_producer_with_no_taskflow to None, run_after=None
[2025-01-19T21:50:09.788+0000] {logging_mixin.py:190} INFO - [2025-01-19T21:50:09.788+0000] {dag.py:4180} INFO - Setting next_dagrun for dataset_s3_bucket_consumer_with_no_taskflow to None, run_after=None
[2025-01-19T21:50:09.793+0000] {logging_mixin.py:190} INFO - [2025-01-19T21:50:09.792+0000] {dag.py:4180} INFO - Setting next_dagrun for dataset_s3_bucket_producer_with_no_taskflow to None, run_after=None
[2025-01-19T21:50:09.851+0000] {processor.py:208} INFO - Processing /home/airflow/.local/lib/python3.12/site-packages/airflow/example_dags/example_dataset_alias_with_no_taskflow.py took 1.056 seconds
[2025-01-19T21:50:40.496+0000] {processor.py:186} INFO - Started process (PID=1620) to work on /home/airflow/.local/lib/python3.12/site-packages/airflow/example_dags/example_dataset_alias_with_no_taskflow.py
[2025-01-19T21:50:40.498+0000] {processor.py:914} INFO - Processing file /home/airflow/.local/lib/python3.12/site-packages/airflow/example_dags/example_dataset_alias_with_no_taskflow.py for tasks to queue
[2025-01-19T21:50:40.501+0000] {logging_mixin.py:190} INFO - [2025-01-19T21:50:40.501+0000] {dagbag.py:588} INFO - Filling up the DagBag from /home/airflow/.local/lib/python3.12/site-packages/airflow/example_dags/example_dataset_alias_with_no_taskflow.py
[2025-01-19T21:50:41.441+0000] {processor.py:925} INFO - DAG(s) 'dataset_s3_bucket_producer_with_no_taskflow', 'dataset_s3_bucket_consumer_with_no_taskflow', 'dataset_alias_example_alias_consumer_with_no_taskflow', 'dataset_alias_example_alias_producer_with_no_taskflow' retrieved from /home/airflow/.local/lib/python3.12/site-packages/airflow/example_dags/example_dataset_alias_with_no_taskflow.py
[2025-01-19T21:50:41.475+0000] {logging_mixin.py:190} INFO - [2025-01-19T21:50:41.474+0000] {dag.py:3239} INFO - Sync 4 DAGs
[2025-01-19T21:50:41.517+0000] {logging_mixin.py:190} INFO - [2025-01-19T21:50:41.517+0000] {dag.py:4180} INFO - Setting next_dagrun for dataset_alias_example_alias_consumer_with_no_taskflow to None, run_after=None
[2025-01-19T21:50:41.522+0000] {logging_mixin.py:190} INFO - [2025-01-19T21:50:41.522+0000] {dag.py:4180} INFO - Setting next_dagrun for dataset_alias_example_alias_producer_with_no_taskflow to None, run_after=None
[2025-01-19T21:50:41.526+0000] {logging_mixin.py:190} INFO - [2025-01-19T21:50:41.525+0000] {dag.py:4180} INFO - Setting next_dagrun for dataset_s3_bucket_consumer_with_no_taskflow to None, run_after=None
[2025-01-19T21:50:41.529+0000] {logging_mixin.py:190} INFO - [2025-01-19T21:50:41.529+0000] {dag.py:4180} INFO - Setting next_dagrun for dataset_s3_bucket_producer_with_no_taskflow to None, run_after=None
[2025-01-19T21:50:41.604+0000] {processor.py:208} INFO - Processing /home/airflow/.local/lib/python3.12/site-packages/airflow/example_dags/example_dataset_alias_with_no_taskflow.py took 1.117 seconds
[2025-01-19T21:51:11.984+0000] {processor.py:186} INFO - Started process (PID=1691) to work on /home/airflow/.local/lib/python3.12/site-packages/airflow/example_dags/example_dataset_alias_with_no_taskflow.py
[2025-01-19T21:51:11.987+0000] {processor.py:914} INFO - Processing file /home/airflow/.local/lib/python3.12/site-packages/airflow/example_dags/example_dataset_alias_with_no_taskflow.py for tasks to queue
[2025-01-19T21:51:11.990+0000] {logging_mixin.py:190} INFO - [2025-01-19T21:51:11.990+0000] {dagbag.py:588} INFO - Filling up the DagBag from /home/airflow/.local/lib/python3.12/site-packages/airflow/example_dags/example_dataset_alias_with_no_taskflow.py
[2025-01-19T21:51:12.881+0000] {processor.py:925} INFO - DAG(s) 'dataset_alias_example_alias_consumer_with_no_taskflow', 'dataset_s3_bucket_consumer_with_no_taskflow', 'dataset_s3_bucket_producer_with_no_taskflow', 'dataset_alias_example_alias_producer_with_no_taskflow' retrieved from /home/airflow/.local/lib/python3.12/site-packages/airflow/example_dags/example_dataset_alias_with_no_taskflow.py
[2025-01-19T21:51:12.901+0000] {logging_mixin.py:190} INFO - [2025-01-19T21:51:12.900+0000] {dag.py:3239} INFO - Sync 4 DAGs
[2025-01-19T21:51:12.921+0000] {logging_mixin.py:190} INFO - [2025-01-19T21:51:12.921+0000] {dag.py:4180} INFO - Setting next_dagrun for dataset_alias_example_alias_consumer_with_no_taskflow to None, run_after=None
[2025-01-19T21:51:12.924+0000] {logging_mixin.py:190} INFO - [2025-01-19T21:51:12.924+0000] {dag.py:4180} INFO - Setting next_dagrun for dataset_alias_example_alias_producer_with_no_taskflow to None, run_after=None
[2025-01-19T21:51:12.926+0000] {logging_mixin.py:190} INFO - [2025-01-19T21:51:12.926+0000] {dag.py:4180} INFO - Setting next_dagrun for dataset_s3_bucket_consumer_with_no_taskflow to None, run_after=None
[2025-01-19T21:51:12.928+0000] {logging_mixin.py:190} INFO - [2025-01-19T21:51:12.928+0000] {dag.py:4180} INFO - Setting next_dagrun for dataset_s3_bucket_producer_with_no_taskflow to None, run_after=None
[2025-01-19T21:51:12.968+0000] {processor.py:208} INFO - Processing /home/airflow/.local/lib/python3.12/site-packages/airflow/example_dags/example_dataset_alias_with_no_taskflow.py took 0.990 seconds
