[2025-01-19T21:39:25.966+0000] {processor.py:186} INFO - Started process (PID=110) to work on /home/airflow/.local/lib/python3.12/site-packages/airflow/example_dags/tutorial_objectstorage.py
[2025-01-19T21:39:25.968+0000] {processor.py:914} INFO - Processing file /home/airflow/.local/lib/python3.12/site-packages/airflow/example_dags/tutorial_objectstorage.py for tasks to queue
[2025-01-19T21:39:25.970+0000] {logging_mixin.py:190} INFO - [2025-01-19T21:39:25.970+0000] {dagbag.py:588} INFO - Filling up the DagBag from /home/airflow/.local/lib/python3.12/site-packages/airflow/example_dags/tutorial_objectstorage.py
[2025-01-19T21:39:25.984+0000] {processor.py:925} INFO - DAG(s) 'tutorial_objectstorage' retrieved from /home/airflow/.local/lib/python3.12/site-packages/airflow/example_dags/tutorial_objectstorage.py
[2025-01-19T21:39:26.086+0000] {logging_mixin.py:190} INFO - [2025-01-19T21:39:26.085+0000] {override.py:1911} INFO - Created Permission View: can edit on DAG:tutorial_objectstorage
[2025-01-19T21:39:26.095+0000] {logging_mixin.py:190} INFO - [2025-01-19T21:39:26.095+0000] {override.py:1911} INFO - Created Permission View: can delete on DAG:tutorial_objectstorage
[2025-01-19T21:39:26.104+0000] {logging_mixin.py:190} INFO - [2025-01-19T21:39:26.104+0000] {override.py:1911} INFO - Created Permission View: can read on DAG:tutorial_objectstorage
[2025-01-19T21:39:26.113+0000] {logging_mixin.py:190} INFO - [2025-01-19T21:39:26.112+0000] {override.py:1911} INFO - Created Permission View: menu access on DAG Run:tutorial_objectstorage
[2025-01-19T21:39:26.119+0000] {logging_mixin.py:190} INFO - [2025-01-19T21:39:26.119+0000] {override.py:1911} INFO - Created Permission View: can create on DAG Run:tutorial_objectstorage
[2025-01-19T21:39:26.125+0000] {logging_mixin.py:190} INFO - [2025-01-19T21:39:26.125+0000] {override.py:1911} INFO - Created Permission View: can delete on DAG Run:tutorial_objectstorage
[2025-01-19T21:39:26.132+0000] {logging_mixin.py:190} INFO - [2025-01-19T21:39:26.131+0000] {override.py:1911} INFO - Created Permission View: can read on DAG Run:tutorial_objectstorage
[2025-01-19T21:39:26.132+0000] {logging_mixin.py:190} INFO - [2025-01-19T21:39:26.132+0000] {dag.py:3239} INFO - Sync 1 DAGs
[2025-01-19T21:39:26.144+0000] {logging_mixin.py:190} INFO - [2025-01-19T21:39:26.144+0000] {dag.py:3262} INFO - Creating ORM DAG for tutorial_objectstorage
[2025-01-19T21:39:26.145+0000] {logging_mixin.py:190} INFO - [2025-01-19T21:39:26.145+0000] {dag.py:4180} INFO - Setting next_dagrun for tutorial_objectstorage to None, run_after=None
[2025-01-19T21:39:26.160+0000] {processor.py:208} INFO - Processing /home/airflow/.local/lib/python3.12/site-packages/airflow/example_dags/tutorial_objectstorage.py took 0.200 seconds
[2025-01-19T21:39:57.203+0000] {processor.py:186} INFO - Started process (PID=179) to work on /home/airflow/.local/lib/python3.12/site-packages/airflow/example_dags/tutorial_objectstorage.py
[2025-01-19T21:39:57.205+0000] {processor.py:914} INFO - Processing file /home/airflow/.local/lib/python3.12/site-packages/airflow/example_dags/tutorial_objectstorage.py for tasks to queue
[2025-01-19T21:39:57.209+0000] {logging_mixin.py:190} INFO - [2025-01-19T21:39:57.208+0000] {dagbag.py:588} INFO - Filling up the DagBag from /home/airflow/.local/lib/python3.12/site-packages/airflow/example_dags/tutorial_objectstorage.py
[2025-01-19T21:39:57.230+0000] {processor.py:925} INFO - DAG(s) 'tutorial_objectstorage' retrieved from /home/airflow/.local/lib/python3.12/site-packages/airflow/example_dags/tutorial_objectstorage.py
[2025-01-19T21:39:57.269+0000] {logging_mixin.py:190} INFO - [2025-01-19T21:39:57.268+0000] {dag.py:3239} INFO - Sync 1 DAGs
[2025-01-19T21:39:57.289+0000] {logging_mixin.py:190} INFO - [2025-01-19T21:39:57.289+0000] {dag.py:4180} INFO - Setting next_dagrun for tutorial_objectstorage to None, run_after=None
[2025-01-19T21:39:57.315+0000] {processor.py:208} INFO - Processing /home/airflow/.local/lib/python3.12/site-packages/airflow/example_dags/tutorial_objectstorage.py took 0.120 seconds
[2025-01-19T21:40:28.895+0000] {processor.py:186} INFO - Started process (PID=248) to work on /home/airflow/.local/lib/python3.12/site-packages/airflow/example_dags/tutorial_objectstorage.py
[2025-01-19T21:40:28.897+0000] {processor.py:914} INFO - Processing file /home/airflow/.local/lib/python3.12/site-packages/airflow/example_dags/tutorial_objectstorage.py for tasks to queue
[2025-01-19T21:40:28.900+0000] {logging_mixin.py:190} INFO - [2025-01-19T21:40:28.900+0000] {dagbag.py:588} INFO - Filling up the DagBag from /home/airflow/.local/lib/python3.12/site-packages/airflow/example_dags/tutorial_objectstorage.py
[2025-01-19T21:40:28.916+0000] {processor.py:925} INFO - DAG(s) 'tutorial_objectstorage' retrieved from /home/airflow/.local/lib/python3.12/site-packages/airflow/example_dags/tutorial_objectstorage.py
[2025-01-19T21:40:28.956+0000] {logging_mixin.py:190} INFO - [2025-01-19T21:40:28.955+0000] {dag.py:3239} INFO - Sync 1 DAGs
[2025-01-19T21:40:29.004+0000] {logging_mixin.py:190} INFO - [2025-01-19T21:40:29.003+0000] {dag.py:4180} INFO - Setting next_dagrun for tutorial_objectstorage to None, run_after=None
[2025-01-19T21:40:29.069+0000] {processor.py:208} INFO - Processing /home/airflow/.local/lib/python3.12/site-packages/airflow/example_dags/tutorial_objectstorage.py took 0.182 seconds
[2025-01-19T21:40:59.885+0000] {processor.py:186} INFO - Started process (PID=317) to work on /home/airflow/.local/lib/python3.12/site-packages/airflow/example_dags/tutorial_objectstorage.py
[2025-01-19T21:40:59.887+0000] {processor.py:914} INFO - Processing file /home/airflow/.local/lib/python3.12/site-packages/airflow/example_dags/tutorial_objectstorage.py for tasks to queue
[2025-01-19T21:40:59.889+0000] {logging_mixin.py:190} INFO - [2025-01-19T21:40:59.889+0000] {dagbag.py:588} INFO - Filling up the DagBag from /home/airflow/.local/lib/python3.12/site-packages/airflow/example_dags/tutorial_objectstorage.py
[2025-01-19T21:40:59.898+0000] {processor.py:925} INFO - DAG(s) 'tutorial_objectstorage' retrieved from /home/airflow/.local/lib/python3.12/site-packages/airflow/example_dags/tutorial_objectstorage.py
[2025-01-19T21:40:59.915+0000] {logging_mixin.py:190} INFO - [2025-01-19T21:40:59.915+0000] {dag.py:3239} INFO - Sync 1 DAGs
[2025-01-19T21:40:59.930+0000] {logging_mixin.py:190} INFO - [2025-01-19T21:40:59.929+0000] {dag.py:4180} INFO - Setting next_dagrun for tutorial_objectstorage to None, run_after=None
[2025-01-19T21:40:59.950+0000] {processor.py:208} INFO - Processing /home/airflow/.local/lib/python3.12/site-packages/airflow/example_dags/tutorial_objectstorage.py took 0.070 seconds
[2025-01-19T21:41:31.376+0000] {processor.py:186} INFO - Started process (PID=386) to work on /home/airflow/.local/lib/python3.12/site-packages/airflow/example_dags/tutorial_objectstorage.py
[2025-01-19T21:41:31.378+0000] {processor.py:914} INFO - Processing file /home/airflow/.local/lib/python3.12/site-packages/airflow/example_dags/tutorial_objectstorage.py for tasks to queue
[2025-01-19T21:41:31.381+0000] {logging_mixin.py:190} INFO - [2025-01-19T21:41:31.380+0000] {dagbag.py:588} INFO - Filling up the DagBag from /home/airflow/.local/lib/python3.12/site-packages/airflow/example_dags/tutorial_objectstorage.py
[2025-01-19T21:41:31.390+0000] {processor.py:925} INFO - DAG(s) 'tutorial_objectstorage' retrieved from /home/airflow/.local/lib/python3.12/site-packages/airflow/example_dags/tutorial_objectstorage.py
[2025-01-19T21:41:31.409+0000] {logging_mixin.py:190} INFO - [2025-01-19T21:41:31.408+0000] {dag.py:3239} INFO - Sync 1 DAGs
[2025-01-19T21:41:31.423+0000] {logging_mixin.py:190} INFO - [2025-01-19T21:41:31.423+0000] {dag.py:4180} INFO - Setting next_dagrun for tutorial_objectstorage to None, run_after=None
[2025-01-19T21:41:31.444+0000] {processor.py:208} INFO - Processing /home/airflow/.local/lib/python3.12/site-packages/airflow/example_dags/tutorial_objectstorage.py took 0.073 seconds
[2025-01-19T21:42:08.828+0000] {processor.py:186} INFO - Started process (PID=455) to work on /home/airflow/.local/lib/python3.12/site-packages/airflow/example_dags/tutorial_objectstorage.py
[2025-01-19T21:42:08.831+0000] {processor.py:914} INFO - Processing file /home/airflow/.local/lib/python3.12/site-packages/airflow/example_dags/tutorial_objectstorage.py for tasks to queue
[2025-01-19T21:42:08.835+0000] {logging_mixin.py:190} INFO - [2025-01-19T21:42:08.835+0000] {dagbag.py:588} INFO - Filling up the DagBag from /home/airflow/.local/lib/python3.12/site-packages/airflow/example_dags/tutorial_objectstorage.py
[2025-01-19T21:42:08.848+0000] {processor.py:925} INFO - DAG(s) 'tutorial_objectstorage' retrieved from /home/airflow/.local/lib/python3.12/site-packages/airflow/example_dags/tutorial_objectstorage.py
[2025-01-19T21:42:08.868+0000] {logging_mixin.py:190} INFO - [2025-01-19T21:42:08.868+0000] {dag.py:3239} INFO - Sync 1 DAGs
[2025-01-19T21:42:08.883+0000] {logging_mixin.py:190} INFO - [2025-01-19T21:42:08.883+0000] {dag.py:4180} INFO - Setting next_dagrun for tutorial_objectstorage to None, run_after=None
[2025-01-19T21:42:09.179+0000] {processor.py:208} INFO - Processing /home/airflow/.local/lib/python3.12/site-packages/airflow/example_dags/tutorial_objectstorage.py took 0.363 seconds
[2025-01-19T21:42:40.070+0000] {processor.py:186} INFO - Started process (PID=524) to work on /home/airflow/.local/lib/python3.12/site-packages/airflow/example_dags/tutorial_objectstorage.py
[2025-01-19T21:42:40.072+0000] {processor.py:914} INFO - Processing file /home/airflow/.local/lib/python3.12/site-packages/airflow/example_dags/tutorial_objectstorage.py for tasks to queue
[2025-01-19T21:42:40.076+0000] {logging_mixin.py:190} INFO - [2025-01-19T21:42:40.075+0000] {dagbag.py:588} INFO - Filling up the DagBag from /home/airflow/.local/lib/python3.12/site-packages/airflow/example_dags/tutorial_objectstorage.py
[2025-01-19T21:42:40.090+0000] {processor.py:925} INFO - DAG(s) 'tutorial_objectstorage' retrieved from /home/airflow/.local/lib/python3.12/site-packages/airflow/example_dags/tutorial_objectstorage.py
[2025-01-19T21:42:40.117+0000] {logging_mixin.py:190} INFO - [2025-01-19T21:42:40.117+0000] {dag.py:3239} INFO - Sync 1 DAGs
[2025-01-19T21:42:40.139+0000] {logging_mixin.py:190} INFO - [2025-01-19T21:42:40.139+0000] {dag.py:4180} INFO - Setting next_dagrun for tutorial_objectstorage to None, run_after=None
[2025-01-19T21:42:40.165+0000] {processor.py:208} INFO - Processing /home/airflow/.local/lib/python3.12/site-packages/airflow/example_dags/tutorial_objectstorage.py took 0.103 seconds
[2025-01-19T21:43:10.394+0000] {processor.py:186} INFO - Started process (PID=593) to work on /home/airflow/.local/lib/python3.12/site-packages/airflow/example_dags/tutorial_objectstorage.py
[2025-01-19T21:43:10.398+0000] {processor.py:914} INFO - Processing file /home/airflow/.local/lib/python3.12/site-packages/airflow/example_dags/tutorial_objectstorage.py for tasks to queue
[2025-01-19T21:43:10.402+0000] {logging_mixin.py:190} INFO - [2025-01-19T21:43:10.401+0000] {dagbag.py:588} INFO - Filling up the DagBag from /home/airflow/.local/lib/python3.12/site-packages/airflow/example_dags/tutorial_objectstorage.py
[2025-01-19T21:43:10.425+0000] {processor.py:925} INFO - DAG(s) 'tutorial_objectstorage' retrieved from /home/airflow/.local/lib/python3.12/site-packages/airflow/example_dags/tutorial_objectstorage.py
[2025-01-19T21:43:10.461+0000] {logging_mixin.py:190} INFO - [2025-01-19T21:43:10.461+0000] {dag.py:3239} INFO - Sync 1 DAGs
[2025-01-19T21:43:10.479+0000] {logging_mixin.py:190} INFO - [2025-01-19T21:43:10.478+0000] {dag.py:4180} INFO - Setting next_dagrun for tutorial_objectstorage to None, run_after=None
[2025-01-19T21:43:10.499+0000] {processor.py:208} INFO - Processing /home/airflow/.local/lib/python3.12/site-packages/airflow/example_dags/tutorial_objectstorage.py took 0.129 seconds
[2025-01-19T21:43:40.565+0000] {processor.py:186} INFO - Started process (PID=661) to work on /home/airflow/.local/lib/python3.12/site-packages/airflow/example_dags/tutorial_objectstorage.py
[2025-01-19T21:43:40.567+0000] {processor.py:914} INFO - Processing file /home/airflow/.local/lib/python3.12/site-packages/airflow/example_dags/tutorial_objectstorage.py for tasks to queue
[2025-01-19T21:43:40.570+0000] {logging_mixin.py:190} INFO - [2025-01-19T21:43:40.569+0000] {dagbag.py:588} INFO - Filling up the DagBag from /home/airflow/.local/lib/python3.12/site-packages/airflow/example_dags/tutorial_objectstorage.py
[2025-01-19T21:43:40.579+0000] {processor.py:925} INFO - DAG(s) 'tutorial_objectstorage' retrieved from /home/airflow/.local/lib/python3.12/site-packages/airflow/example_dags/tutorial_objectstorage.py
[2025-01-19T21:43:40.596+0000] {logging_mixin.py:190} INFO - [2025-01-19T21:43:40.596+0000] {dag.py:3239} INFO - Sync 1 DAGs
[2025-01-19T21:43:40.609+0000] {logging_mixin.py:190} INFO - [2025-01-19T21:43:40.609+0000] {dag.py:4180} INFO - Setting next_dagrun for tutorial_objectstorage to None, run_after=None
[2025-01-19T21:43:40.644+0000] {processor.py:208} INFO - Processing /home/airflow/.local/lib/python3.12/site-packages/airflow/example_dags/tutorial_objectstorage.py took 0.086 seconds
[2025-01-19T21:44:11.329+0000] {processor.py:186} INFO - Started process (PID=731) to work on /home/airflow/.local/lib/python3.12/site-packages/airflow/example_dags/tutorial_objectstorage.py
[2025-01-19T21:44:11.331+0000] {processor.py:914} INFO - Processing file /home/airflow/.local/lib/python3.12/site-packages/airflow/example_dags/tutorial_objectstorage.py for tasks to queue
[2025-01-19T21:44:11.337+0000] {logging_mixin.py:190} INFO - [2025-01-19T21:44:11.336+0000] {dagbag.py:588} INFO - Filling up the DagBag from /home/airflow/.local/lib/python3.12/site-packages/airflow/example_dags/tutorial_objectstorage.py
[2025-01-19T21:44:11.362+0000] {processor.py:925} INFO - DAG(s) 'tutorial_objectstorage' retrieved from /home/airflow/.local/lib/python3.12/site-packages/airflow/example_dags/tutorial_objectstorage.py
[2025-01-19T21:44:11.414+0000] {logging_mixin.py:190} INFO - [2025-01-19T21:44:11.414+0000] {dag.py:3239} INFO - Sync 1 DAGs
[2025-01-19T21:44:11.439+0000] {logging_mixin.py:190} INFO - [2025-01-19T21:44:11.439+0000] {dag.py:4180} INFO - Setting next_dagrun for tutorial_objectstorage to None, run_after=None
[2025-01-19T21:44:11.481+0000] {processor.py:208} INFO - Processing /home/airflow/.local/lib/python3.12/site-packages/airflow/example_dags/tutorial_objectstorage.py took 0.162 seconds
[2025-01-19T21:44:41.997+0000] {processor.py:186} INFO - Started process (PID=800) to work on /home/airflow/.local/lib/python3.12/site-packages/airflow/example_dags/tutorial_objectstorage.py
[2025-01-19T21:44:41.999+0000] {processor.py:914} INFO - Processing file /home/airflow/.local/lib/python3.12/site-packages/airflow/example_dags/tutorial_objectstorage.py for tasks to queue
[2025-01-19T21:44:42.002+0000] {logging_mixin.py:190} INFO - [2025-01-19T21:44:42.001+0000] {dagbag.py:588} INFO - Filling up the DagBag from /home/airflow/.local/lib/python3.12/site-packages/airflow/example_dags/tutorial_objectstorage.py
[2025-01-19T21:44:42.012+0000] {processor.py:925} INFO - DAG(s) 'tutorial_objectstorage' retrieved from /home/airflow/.local/lib/python3.12/site-packages/airflow/example_dags/tutorial_objectstorage.py
[2025-01-19T21:44:42.031+0000] {logging_mixin.py:190} INFO - [2025-01-19T21:44:42.031+0000] {dag.py:3239} INFO - Sync 1 DAGs
[2025-01-19T21:44:42.050+0000] {logging_mixin.py:190} INFO - [2025-01-19T21:44:42.049+0000] {dag.py:4180} INFO - Setting next_dagrun for tutorial_objectstorage to None, run_after=None
[2025-01-19T21:44:42.067+0000] {processor.py:208} INFO - Processing /home/airflow/.local/lib/python3.12/site-packages/airflow/example_dags/tutorial_objectstorage.py took 0.077 seconds
[2025-01-19T21:45:13.712+0000] {processor.py:186} INFO - Started process (PID=869) to work on /home/airflow/.local/lib/python3.12/site-packages/airflow/example_dags/tutorial_objectstorage.py
[2025-01-19T21:45:13.714+0000] {processor.py:914} INFO - Processing file /home/airflow/.local/lib/python3.12/site-packages/airflow/example_dags/tutorial_objectstorage.py for tasks to queue
[2025-01-19T21:45:13.717+0000] {logging_mixin.py:190} INFO - [2025-01-19T21:45:13.717+0000] {dagbag.py:588} INFO - Filling up the DagBag from /home/airflow/.local/lib/python3.12/site-packages/airflow/example_dags/tutorial_objectstorage.py
[2025-01-19T21:45:13.726+0000] {processor.py:925} INFO - DAG(s) 'tutorial_objectstorage' retrieved from /home/airflow/.local/lib/python3.12/site-packages/airflow/example_dags/tutorial_objectstorage.py
[2025-01-19T21:45:13.744+0000] {logging_mixin.py:190} INFO - [2025-01-19T21:45:13.744+0000] {dag.py:3239} INFO - Sync 1 DAGs
[2025-01-19T21:45:13.758+0000] {logging_mixin.py:190} INFO - [2025-01-19T21:45:13.758+0000] {dag.py:4180} INFO - Setting next_dagrun for tutorial_objectstorage to None, run_after=None
[2025-01-19T21:45:13.776+0000] {processor.py:208} INFO - Processing /home/airflow/.local/lib/python3.12/site-packages/airflow/example_dags/tutorial_objectstorage.py took 0.070 seconds
[2025-01-19T21:45:46.179+0000] {processor.py:186} INFO - Started process (PID=939) to work on /home/airflow/.local/lib/python3.12/site-packages/airflow/example_dags/tutorial_objectstorage.py
[2025-01-19T21:45:46.181+0000] {processor.py:914} INFO - Processing file /home/airflow/.local/lib/python3.12/site-packages/airflow/example_dags/tutorial_objectstorage.py for tasks to queue
[2025-01-19T21:45:46.185+0000] {logging_mixin.py:190} INFO - [2025-01-19T21:45:46.185+0000] {dagbag.py:588} INFO - Filling up the DagBag from /home/airflow/.local/lib/python3.12/site-packages/airflow/example_dags/tutorial_objectstorage.py
[2025-01-19T21:45:46.207+0000] {processor.py:925} INFO - DAG(s) 'tutorial_objectstorage' retrieved from /home/airflow/.local/lib/python3.12/site-packages/airflow/example_dags/tutorial_objectstorage.py
[2025-01-19T21:45:46.249+0000] {logging_mixin.py:190} INFO - [2025-01-19T21:45:46.249+0000] {dag.py:3239} INFO - Sync 1 DAGs
[2025-01-19T21:45:46.278+0000] {logging_mixin.py:190} INFO - [2025-01-19T21:45:46.278+0000] {dag.py:4180} INFO - Setting next_dagrun for tutorial_objectstorage to None, run_after=None
[2025-01-19T21:45:46.320+0000] {processor.py:208} INFO - Processing /home/airflow/.local/lib/python3.12/site-packages/airflow/example_dags/tutorial_objectstorage.py took 0.151 seconds
[2025-01-19T21:46:17.308+0000] {processor.py:186} INFO - Started process (PID=1008) to work on /home/airflow/.local/lib/python3.12/site-packages/airflow/example_dags/tutorial_objectstorage.py
[2025-01-19T21:46:17.310+0000] {processor.py:914} INFO - Processing file /home/airflow/.local/lib/python3.12/site-packages/airflow/example_dags/tutorial_objectstorage.py for tasks to queue
[2025-01-19T21:46:17.316+0000] {logging_mixin.py:190} INFO - [2025-01-19T21:46:17.316+0000] {dagbag.py:588} INFO - Filling up the DagBag from /home/airflow/.local/lib/python3.12/site-packages/airflow/example_dags/tutorial_objectstorage.py
[2025-01-19T21:46:17.326+0000] {processor.py:925} INFO - DAG(s) 'tutorial_objectstorage' retrieved from /home/airflow/.local/lib/python3.12/site-packages/airflow/example_dags/tutorial_objectstorage.py
[2025-01-19T21:46:17.350+0000] {logging_mixin.py:190} INFO - [2025-01-19T21:46:17.350+0000] {dag.py:3239} INFO - Sync 1 DAGs
[2025-01-19T21:46:17.370+0000] {logging_mixin.py:190} INFO - [2025-01-19T21:46:17.370+0000] {dag.py:4180} INFO - Setting next_dagrun for tutorial_objectstorage to None, run_after=None
[2025-01-19T21:46:17.405+0000] {processor.py:208} INFO - Processing /home/airflow/.local/lib/python3.12/site-packages/airflow/example_dags/tutorial_objectstorage.py took 0.103 seconds
[2025-01-19T21:46:49.146+0000] {processor.py:186} INFO - Started process (PID=1077) to work on /home/airflow/.local/lib/python3.12/site-packages/airflow/example_dags/tutorial_objectstorage.py
[2025-01-19T21:46:49.148+0000] {processor.py:914} INFO - Processing file /home/airflow/.local/lib/python3.12/site-packages/airflow/example_dags/tutorial_objectstorage.py for tasks to queue
[2025-01-19T21:46:49.152+0000] {logging_mixin.py:190} INFO - [2025-01-19T21:46:49.151+0000] {dagbag.py:588} INFO - Filling up the DagBag from /home/airflow/.local/lib/python3.12/site-packages/airflow/example_dags/tutorial_objectstorage.py
[2025-01-19T21:46:49.166+0000] {processor.py:925} INFO - DAG(s) 'tutorial_objectstorage' retrieved from /home/airflow/.local/lib/python3.12/site-packages/airflow/example_dags/tutorial_objectstorage.py
[2025-01-19T21:46:49.192+0000] {logging_mixin.py:190} INFO - [2025-01-19T21:46:49.192+0000] {dag.py:3239} INFO - Sync 1 DAGs
[2025-01-19T21:46:49.208+0000] {logging_mixin.py:190} INFO - [2025-01-19T21:46:49.207+0000] {dag.py:4180} INFO - Setting next_dagrun for tutorial_objectstorage to None, run_after=None
[2025-01-19T21:46:49.227+0000] {processor.py:208} INFO - Processing /home/airflow/.local/lib/python3.12/site-packages/airflow/example_dags/tutorial_objectstorage.py took 0.096 seconds
[2025-01-19T21:47:20.186+0000] {processor.py:186} INFO - Started process (PID=1158) to work on /home/airflow/.local/lib/python3.12/site-packages/airflow/example_dags/tutorial_objectstorage.py
[2025-01-19T21:47:20.189+0000] {processor.py:914} INFO - Processing file /home/airflow/.local/lib/python3.12/site-packages/airflow/example_dags/tutorial_objectstorage.py for tasks to queue
[2025-01-19T21:47:20.194+0000] {logging_mixin.py:190} INFO - [2025-01-19T21:47:20.194+0000] {dagbag.py:588} INFO - Filling up the DagBag from /home/airflow/.local/lib/python3.12/site-packages/airflow/example_dags/tutorial_objectstorage.py
[2025-01-19T21:47:20.213+0000] {processor.py:925} INFO - DAG(s) 'tutorial_objectstorage' retrieved from /home/airflow/.local/lib/python3.12/site-packages/airflow/example_dags/tutorial_objectstorage.py
[2025-01-19T21:47:20.262+0000] {logging_mixin.py:190} INFO - [2025-01-19T21:47:20.262+0000] {dag.py:3239} INFO - Sync 1 DAGs
[2025-01-19T21:47:20.276+0000] {logging_mixin.py:190} INFO - [2025-01-19T21:47:20.276+0000] {dag.py:4180} INFO - Setting next_dagrun for tutorial_objectstorage to None, run_after=None
[2025-01-19T21:47:20.293+0000] {processor.py:208} INFO - Processing /home/airflow/.local/lib/python3.12/site-packages/airflow/example_dags/tutorial_objectstorage.py took 0.115 seconds
[2025-01-19T21:47:51.506+0000] {processor.py:186} INFO - Started process (PID=1228) to work on /home/airflow/.local/lib/python3.12/site-packages/airflow/example_dags/tutorial_objectstorage.py
[2025-01-19T21:47:51.509+0000] {processor.py:914} INFO - Processing file /home/airflow/.local/lib/python3.12/site-packages/airflow/example_dags/tutorial_objectstorage.py for tasks to queue
[2025-01-19T21:47:51.516+0000] {logging_mixin.py:190} INFO - [2025-01-19T21:47:51.515+0000] {dagbag.py:588} INFO - Filling up the DagBag from /home/airflow/.local/lib/python3.12/site-packages/airflow/example_dags/tutorial_objectstorage.py
[2025-01-19T21:47:51.534+0000] {processor.py:925} INFO - DAG(s) 'tutorial_objectstorage' retrieved from /home/airflow/.local/lib/python3.12/site-packages/airflow/example_dags/tutorial_objectstorage.py
[2025-01-19T21:47:51.567+0000] {logging_mixin.py:190} INFO - [2025-01-19T21:47:51.567+0000] {dag.py:3239} INFO - Sync 1 DAGs
[2025-01-19T21:47:51.589+0000] {logging_mixin.py:190} INFO - [2025-01-19T21:47:51.588+0000] {dag.py:4180} INFO - Setting next_dagrun for tutorial_objectstorage to None, run_after=None
[2025-01-19T21:47:51.618+0000] {processor.py:208} INFO - Processing /home/airflow/.local/lib/python3.12/site-packages/airflow/example_dags/tutorial_objectstorage.py took 0.123 seconds
[2025-01-19T21:48:22.707+0000] {processor.py:186} INFO - Started process (PID=1297) to work on /home/airflow/.local/lib/python3.12/site-packages/airflow/example_dags/tutorial_objectstorage.py
[2025-01-19T21:48:22.709+0000] {processor.py:914} INFO - Processing file /home/airflow/.local/lib/python3.12/site-packages/airflow/example_dags/tutorial_objectstorage.py for tasks to queue
[2025-01-19T21:48:22.711+0000] {logging_mixin.py:190} INFO - [2025-01-19T21:48:22.711+0000] {dagbag.py:588} INFO - Filling up the DagBag from /home/airflow/.local/lib/python3.12/site-packages/airflow/example_dags/tutorial_objectstorage.py
[2025-01-19T21:48:22.721+0000] {processor.py:925} INFO - DAG(s) 'tutorial_objectstorage' retrieved from /home/airflow/.local/lib/python3.12/site-packages/airflow/example_dags/tutorial_objectstorage.py
[2025-01-19T21:48:22.759+0000] {logging_mixin.py:190} INFO - [2025-01-19T21:48:22.758+0000] {dag.py:3239} INFO - Sync 1 DAGs
[2025-01-19T21:48:22.779+0000] {logging_mixin.py:190} INFO - [2025-01-19T21:48:22.779+0000] {dag.py:4180} INFO - Setting next_dagrun for tutorial_objectstorage to None, run_after=None
[2025-01-19T21:48:22.813+0000] {processor.py:208} INFO - Processing /home/airflow/.local/lib/python3.12/site-packages/airflow/example_dags/tutorial_objectstorage.py took 0.112 seconds
[2025-01-19T21:48:54.002+0000] {processor.py:186} INFO - Started process (PID=1366) to work on /home/airflow/.local/lib/python3.12/site-packages/airflow/example_dags/tutorial_objectstorage.py
[2025-01-19T21:48:54.004+0000] {processor.py:914} INFO - Processing file /home/airflow/.local/lib/python3.12/site-packages/airflow/example_dags/tutorial_objectstorage.py for tasks to queue
[2025-01-19T21:48:54.006+0000] {logging_mixin.py:190} INFO - [2025-01-19T21:48:54.006+0000] {dagbag.py:588} INFO - Filling up the DagBag from /home/airflow/.local/lib/python3.12/site-packages/airflow/example_dags/tutorial_objectstorage.py
[2025-01-19T21:48:54.017+0000] {processor.py:925} INFO - DAG(s) 'tutorial_objectstorage' retrieved from /home/airflow/.local/lib/python3.12/site-packages/airflow/example_dags/tutorial_objectstorage.py
[2025-01-19T21:48:54.040+0000] {logging_mixin.py:190} INFO - [2025-01-19T21:48:54.040+0000] {dag.py:3239} INFO - Sync 1 DAGs
[2025-01-19T21:48:54.055+0000] {logging_mixin.py:190} INFO - [2025-01-19T21:48:54.055+0000] {dag.py:4180} INFO - Setting next_dagrun for tutorial_objectstorage to None, run_after=None
[2025-01-19T21:48:54.074+0000] {processor.py:208} INFO - Processing /home/airflow/.local/lib/python3.12/site-packages/airflow/example_dags/tutorial_objectstorage.py took 0.078 seconds
[2025-01-19T21:49:25.404+0000] {processor.py:186} INFO - Started process (PID=1435) to work on /home/airflow/.local/lib/python3.12/site-packages/airflow/example_dags/tutorial_objectstorage.py
[2025-01-19T21:49:25.406+0000] {processor.py:914} INFO - Processing file /home/airflow/.local/lib/python3.12/site-packages/airflow/example_dags/tutorial_objectstorage.py for tasks to queue
[2025-01-19T21:49:25.410+0000] {logging_mixin.py:190} INFO - [2025-01-19T21:49:25.409+0000] {dagbag.py:588} INFO - Filling up the DagBag from /home/airflow/.local/lib/python3.12/site-packages/airflow/example_dags/tutorial_objectstorage.py
[2025-01-19T21:49:25.427+0000] {processor.py:925} INFO - DAG(s) 'tutorial_objectstorage' retrieved from /home/airflow/.local/lib/python3.12/site-packages/airflow/example_dags/tutorial_objectstorage.py
[2025-01-19T21:49:25.457+0000] {logging_mixin.py:190} INFO - [2025-01-19T21:49:25.457+0000] {dag.py:3239} INFO - Sync 1 DAGs
[2025-01-19T21:49:25.474+0000] {logging_mixin.py:190} INFO - [2025-01-19T21:49:25.474+0000] {dag.py:4180} INFO - Setting next_dagrun for tutorial_objectstorage to None, run_after=None
[2025-01-19T21:49:25.496+0000] {processor.py:208} INFO - Processing /home/airflow/.local/lib/python3.12/site-packages/airflow/example_dags/tutorial_objectstorage.py took 0.104 seconds
[2025-01-19T21:49:56.305+0000] {processor.py:186} INFO - Started process (PID=1504) to work on /home/airflow/.local/lib/python3.12/site-packages/airflow/example_dags/tutorial_objectstorage.py
[2025-01-19T21:49:56.308+0000] {processor.py:914} INFO - Processing file /home/airflow/.local/lib/python3.12/site-packages/airflow/example_dags/tutorial_objectstorage.py for tasks to queue
[2025-01-19T21:49:56.312+0000] {logging_mixin.py:190} INFO - [2025-01-19T21:49:56.312+0000] {dagbag.py:588} INFO - Filling up the DagBag from /home/airflow/.local/lib/python3.12/site-packages/airflow/example_dags/tutorial_objectstorage.py
[2025-01-19T21:49:56.331+0000] {processor.py:925} INFO - DAG(s) 'tutorial_objectstorage' retrieved from /home/airflow/.local/lib/python3.12/site-packages/airflow/example_dags/tutorial_objectstorage.py
[2025-01-19T21:49:56.354+0000] {logging_mixin.py:190} INFO - [2025-01-19T21:49:56.353+0000] {dag.py:3239} INFO - Sync 1 DAGs
[2025-01-19T21:49:56.367+0000] {logging_mixin.py:190} INFO - [2025-01-19T21:49:56.367+0000] {dag.py:4180} INFO - Setting next_dagrun for tutorial_objectstorage to None, run_after=None
[2025-01-19T21:49:56.425+0000] {processor.py:208} INFO - Processing /home/airflow/.local/lib/python3.12/site-packages/airflow/example_dags/tutorial_objectstorage.py took 0.130 seconds
[2025-01-19T21:50:28.140+0000] {processor.py:186} INFO - Started process (PID=1573) to work on /home/airflow/.local/lib/python3.12/site-packages/airflow/example_dags/tutorial_objectstorage.py
[2025-01-19T21:50:28.143+0000] {processor.py:914} INFO - Processing file /home/airflow/.local/lib/python3.12/site-packages/airflow/example_dags/tutorial_objectstorage.py for tasks to queue
[2025-01-19T21:50:28.150+0000] {logging_mixin.py:190} INFO - [2025-01-19T21:50:28.149+0000] {dagbag.py:588} INFO - Filling up the DagBag from /home/airflow/.local/lib/python3.12/site-packages/airflow/example_dags/tutorial_objectstorage.py
[2025-01-19T21:50:28.169+0000] {processor.py:925} INFO - DAG(s) 'tutorial_objectstorage' retrieved from /home/airflow/.local/lib/python3.12/site-packages/airflow/example_dags/tutorial_objectstorage.py
[2025-01-19T21:50:28.230+0000] {logging_mixin.py:190} INFO - [2025-01-19T21:50:28.230+0000] {dag.py:3239} INFO - Sync 1 DAGs
[2025-01-19T21:50:28.249+0000] {logging_mixin.py:190} INFO - [2025-01-19T21:50:28.249+0000] {dag.py:4180} INFO - Setting next_dagrun for tutorial_objectstorage to None, run_after=None
[2025-01-19T21:50:28.273+0000] {processor.py:208} INFO - Processing /home/airflow/.local/lib/python3.12/site-packages/airflow/example_dags/tutorial_objectstorage.py took 0.140 seconds
[2025-01-19T21:50:59.111+0000] {processor.py:186} INFO - Started process (PID=1642) to work on /home/airflow/.local/lib/python3.12/site-packages/airflow/example_dags/tutorial_objectstorage.py
[2025-01-19T21:50:59.112+0000] {processor.py:914} INFO - Processing file /home/airflow/.local/lib/python3.12/site-packages/airflow/example_dags/tutorial_objectstorage.py for tasks to queue
[2025-01-19T21:50:59.115+0000] {logging_mixin.py:190} INFO - [2025-01-19T21:50:59.115+0000] {dagbag.py:588} INFO - Filling up the DagBag from /home/airflow/.local/lib/python3.12/site-packages/airflow/example_dags/tutorial_objectstorage.py
[2025-01-19T21:50:59.125+0000] {processor.py:925} INFO - DAG(s) 'tutorial_objectstorage' retrieved from /home/airflow/.local/lib/python3.12/site-packages/airflow/example_dags/tutorial_objectstorage.py
[2025-01-19T21:50:59.142+0000] {logging_mixin.py:190} INFO - [2025-01-19T21:50:59.141+0000] {dag.py:3239} INFO - Sync 1 DAGs
[2025-01-19T21:50:59.155+0000] {logging_mixin.py:190} INFO - [2025-01-19T21:50:59.155+0000] {dag.py:4180} INFO - Setting next_dagrun for tutorial_objectstorage to None, run_after=None
[2025-01-19T21:50:59.173+0000] {processor.py:208} INFO - Processing /home/airflow/.local/lib/python3.12/site-packages/airflow/example_dags/tutorial_objectstorage.py took 0.070 seconds
[2025-01-19T21:51:30.755+0000] {processor.py:186} INFO - Started process (PID=1711) to work on /home/airflow/.local/lib/python3.12/site-packages/airflow/example_dags/tutorial_objectstorage.py
[2025-01-19T21:51:30.757+0000] {processor.py:914} INFO - Processing file /home/airflow/.local/lib/python3.12/site-packages/airflow/example_dags/tutorial_objectstorage.py for tasks to queue
[2025-01-19T21:51:30.760+0000] {logging_mixin.py:190} INFO - [2025-01-19T21:51:30.760+0000] {dagbag.py:588} INFO - Filling up the DagBag from /home/airflow/.local/lib/python3.12/site-packages/airflow/example_dags/tutorial_objectstorage.py
[2025-01-19T21:51:30.774+0000] {processor.py:925} INFO - DAG(s) 'tutorial_objectstorage' retrieved from /home/airflow/.local/lib/python3.12/site-packages/airflow/example_dags/tutorial_objectstorage.py
[2025-01-19T21:51:30.812+0000] {logging_mixin.py:190} INFO - [2025-01-19T21:51:30.811+0000] {dag.py:3239} INFO - Sync 1 DAGs
[2025-01-19T21:51:30.830+0000] {logging_mixin.py:190} INFO - [2025-01-19T21:51:30.830+0000] {dag.py:4180} INFO - Setting next_dagrun for tutorial_objectstorage to None, run_after=None
[2025-01-19T21:51:30.856+0000] {processor.py:208} INFO - Processing /home/airflow/.local/lib/python3.12/site-packages/airflow/example_dags/tutorial_objectstorage.py took 0.112 seconds
