[2025-01-19T21:39:29.534+0000] {processor.py:186} INFO - Started process (PID=128) to work on /home/airflow/.local/lib/python3.12/site-packages/airflow/example_dags/tutorial.py
[2025-01-19T21:39:29.536+0000] {processor.py:914} INFO - Processing file /home/airflow/.local/lib/python3.12/site-packages/airflow/example_dags/tutorial.py for tasks to queue
[2025-01-19T21:39:29.539+0000] {logging_mixin.py:190} INFO - [2025-01-19T21:39:29.538+0000] {dagbag.py:588} INFO - Filling up the DagBag from /home/airflow/.local/lib/python3.12/site-packages/airflow/example_dags/tutorial.py
[2025-01-19T21:39:29.548+0000] {processor.py:925} INFO - DAG(s) 'tutorial' retrieved from /home/airflow/.local/lib/python3.12/site-packages/airflow/example_dags/tutorial.py
[2025-01-19T21:39:29.639+0000] {logging_mixin.py:190} INFO - [2025-01-19T21:39:29.639+0000] {override.py:1911} INFO - Created Permission View: can edit on DAG:tutorial
[2025-01-19T21:39:29.649+0000] {logging_mixin.py:190} INFO - [2025-01-19T21:39:29.649+0000] {override.py:1911} INFO - Created Permission View: can delete on DAG:tutorial
[2025-01-19T21:39:29.656+0000] {logging_mixin.py:190} INFO - [2025-01-19T21:39:29.656+0000] {override.py:1911} INFO - Created Permission View: can read on DAG:tutorial
[2025-01-19T21:39:29.665+0000] {logging_mixin.py:190} INFO - [2025-01-19T21:39:29.665+0000] {override.py:1911} INFO - Created Permission View: menu access on DAG Run:tutorial
[2025-01-19T21:39:29.672+0000] {logging_mixin.py:190} INFO - [2025-01-19T21:39:29.672+0000] {override.py:1911} INFO - Created Permission View: can create on DAG Run:tutorial
[2025-01-19T21:39:29.679+0000] {logging_mixin.py:190} INFO - [2025-01-19T21:39:29.679+0000] {override.py:1911} INFO - Created Permission View: can delete on DAG Run:tutorial
[2025-01-19T21:39:29.686+0000] {logging_mixin.py:190} INFO - [2025-01-19T21:39:29.686+0000] {override.py:1911} INFO - Created Permission View: can read on DAG Run:tutorial
[2025-01-19T21:39:29.687+0000] {logging_mixin.py:190} INFO - [2025-01-19T21:39:29.687+0000] {dag.py:3239} INFO - Sync 1 DAGs
[2025-01-19T21:39:29.701+0000] {logging_mixin.py:190} INFO - [2025-01-19T21:39:29.701+0000] {dag.py:3262} INFO - Creating ORM DAG for tutorial
[2025-01-19T21:39:29.715+0000] {logging_mixin.py:190} INFO - [2025-01-19T21:39:29.714+0000] {dag.py:4180} INFO - Setting next_dagrun for tutorial to 2025-01-18 00:00:00+00:00, run_after=2025-01-19 00:00:00+00:00
[2025-01-19T21:39:29.734+0000] {processor.py:208} INFO - Processing /home/airflow/.local/lib/python3.12/site-packages/airflow/example_dags/tutorial.py took 0.209 seconds
[2025-01-19T21:40:00.619+0000] {processor.py:186} INFO - Started process (PID=197) to work on /home/airflow/.local/lib/python3.12/site-packages/airflow/example_dags/tutorial.py
[2025-01-19T21:40:00.621+0000] {processor.py:914} INFO - Processing file /home/airflow/.local/lib/python3.12/site-packages/airflow/example_dags/tutorial.py for tasks to queue
[2025-01-19T21:40:00.624+0000] {logging_mixin.py:190} INFO - [2025-01-19T21:40:00.624+0000] {dagbag.py:588} INFO - Filling up the DagBag from /home/airflow/.local/lib/python3.12/site-packages/airflow/example_dags/tutorial.py
[2025-01-19T21:40:00.634+0000] {processor.py:925} INFO - DAG(s) 'tutorial' retrieved from /home/airflow/.local/lib/python3.12/site-packages/airflow/example_dags/tutorial.py
[2025-01-19T21:40:00.661+0000] {logging_mixin.py:190} INFO - [2025-01-19T21:40:00.661+0000] {dag.py:3239} INFO - Sync 1 DAGs
[2025-01-19T21:40:00.693+0000] {logging_mixin.py:190} INFO - [2025-01-19T21:40:00.692+0000] {dag.py:4180} INFO - Setting next_dagrun for tutorial to 2025-01-18 00:00:00+00:00, run_after=2025-01-19 00:00:00+00:00
[2025-01-19T21:40:00.719+0000] {processor.py:208} INFO - Processing /home/airflow/.local/lib/python3.12/site-packages/airflow/example_dags/tutorial.py took 0.109 seconds
[2025-01-19T21:40:31.997+0000] {processor.py:186} INFO - Started process (PID=266) to work on /home/airflow/.local/lib/python3.12/site-packages/airflow/example_dags/tutorial.py
[2025-01-19T21:40:31.999+0000] {processor.py:914} INFO - Processing file /home/airflow/.local/lib/python3.12/site-packages/airflow/example_dags/tutorial.py for tasks to queue
[2025-01-19T21:40:32.001+0000] {logging_mixin.py:190} INFO - [2025-01-19T21:40:32.001+0000] {dagbag.py:588} INFO - Filling up the DagBag from /home/airflow/.local/lib/python3.12/site-packages/airflow/example_dags/tutorial.py
[2025-01-19T21:40:32.009+0000] {processor.py:925} INFO - DAG(s) 'tutorial' retrieved from /home/airflow/.local/lib/python3.12/site-packages/airflow/example_dags/tutorial.py
[2025-01-19T21:40:32.033+0000] {logging_mixin.py:190} INFO - [2025-01-19T21:40:32.033+0000] {dag.py:3239} INFO - Sync 1 DAGs
[2025-01-19T21:40:32.058+0000] {logging_mixin.py:190} INFO - [2025-01-19T21:40:32.058+0000] {dag.py:4180} INFO - Setting next_dagrun for tutorial to 2025-01-18 00:00:00+00:00, run_after=2025-01-19 00:00:00+00:00
[2025-01-19T21:40:32.101+0000] {processor.py:208} INFO - Processing /home/airflow/.local/lib/python3.12/site-packages/airflow/example_dags/tutorial.py took 0.114 seconds
[2025-01-19T21:41:04.539+0000] {processor.py:186} INFO - Started process (PID=335) to work on /home/airflow/.local/lib/python3.12/site-packages/airflow/example_dags/tutorial.py
[2025-01-19T21:41:04.541+0000] {processor.py:914} INFO - Processing file /home/airflow/.local/lib/python3.12/site-packages/airflow/example_dags/tutorial.py for tasks to queue
[2025-01-19T21:41:04.544+0000] {logging_mixin.py:190} INFO - [2025-01-19T21:41:04.544+0000] {dagbag.py:588} INFO - Filling up the DagBag from /home/airflow/.local/lib/python3.12/site-packages/airflow/example_dags/tutorial.py
[2025-01-19T21:41:04.552+0000] {processor.py:925} INFO - DAG(s) 'tutorial' retrieved from /home/airflow/.local/lib/python3.12/site-packages/airflow/example_dags/tutorial.py
[2025-01-19T21:41:04.608+0000] {logging_mixin.py:190} INFO - [2025-01-19T21:41:04.608+0000] {dag.py:3239} INFO - Sync 1 DAGs
[2025-01-19T21:41:04.646+0000] {logging_mixin.py:190} INFO - [2025-01-19T21:41:04.646+0000] {dag.py:4180} INFO - Setting next_dagrun for tutorial to 2025-01-18 00:00:00+00:00, run_after=2025-01-19 00:00:00+00:00
[2025-01-19T21:41:05.637+0000] {processor.py:208} INFO - Processing /home/airflow/.local/lib/python3.12/site-packages/airflow/example_dags/tutorial.py took 1.104 seconds
[2025-01-19T21:41:35.910+0000] {processor.py:186} INFO - Started process (PID=404) to work on /home/airflow/.local/lib/python3.12/site-packages/airflow/example_dags/tutorial.py
[2025-01-19T21:41:35.912+0000] {processor.py:914} INFO - Processing file /home/airflow/.local/lib/python3.12/site-packages/airflow/example_dags/tutorial.py for tasks to queue
[2025-01-19T21:41:35.915+0000] {logging_mixin.py:190} INFO - [2025-01-19T21:41:35.914+0000] {dagbag.py:588} INFO - Filling up the DagBag from /home/airflow/.local/lib/python3.12/site-packages/airflow/example_dags/tutorial.py
[2025-01-19T21:41:35.924+0000] {processor.py:925} INFO - DAG(s) 'tutorial' retrieved from /home/airflow/.local/lib/python3.12/site-packages/airflow/example_dags/tutorial.py
[2025-01-19T21:41:35.943+0000] {logging_mixin.py:190} INFO - [2025-01-19T21:41:35.943+0000] {dag.py:3239} INFO - Sync 1 DAGs
[2025-01-19T21:41:35.966+0000] {logging_mixin.py:190} INFO - [2025-01-19T21:41:35.966+0000] {dag.py:4180} INFO - Setting next_dagrun for tutorial to 2025-01-18 00:00:00+00:00, run_after=2025-01-19 00:00:00+00:00
[2025-01-19T21:41:36.663+0000] {processor.py:208} INFO - Processing /home/airflow/.local/lib/python3.12/site-packages/airflow/example_dags/tutorial.py took 0.758 seconds
[2025-01-19T21:42:13.021+0000] {processor.py:186} INFO - Started process (PID=473) to work on /home/airflow/.local/lib/python3.12/site-packages/airflow/example_dags/tutorial.py
[2025-01-19T21:42:13.022+0000] {processor.py:914} INFO - Processing file /home/airflow/.local/lib/python3.12/site-packages/airflow/example_dags/tutorial.py for tasks to queue
[2025-01-19T21:42:13.026+0000] {logging_mixin.py:190} INFO - [2025-01-19T21:42:13.026+0000] {dagbag.py:588} INFO - Filling up the DagBag from /home/airflow/.local/lib/python3.12/site-packages/airflow/example_dags/tutorial.py
[2025-01-19T21:42:13.035+0000] {processor.py:925} INFO - DAG(s) 'tutorial' retrieved from /home/airflow/.local/lib/python3.12/site-packages/airflow/example_dags/tutorial.py
[2025-01-19T21:42:13.067+0000] {logging_mixin.py:190} INFO - [2025-01-19T21:42:13.066+0000] {dag.py:3239} INFO - Sync 1 DAGs
[2025-01-19T21:42:13.110+0000] {logging_mixin.py:190} INFO - [2025-01-19T21:42:13.109+0000] {dag.py:4180} INFO - Setting next_dagrun for tutorial to 2025-01-18 00:00:00+00:00, run_after=2025-01-19 00:00:00+00:00
[2025-01-19T21:42:13.144+0000] {processor.py:208} INFO - Processing /home/airflow/.local/lib/python3.12/site-packages/airflow/example_dags/tutorial.py took 0.129 seconds
[2025-01-19T21:42:43.730+0000] {processor.py:186} INFO - Started process (PID=541) to work on /home/airflow/.local/lib/python3.12/site-packages/airflow/example_dags/tutorial.py
[2025-01-19T21:42:43.732+0000] {processor.py:914} INFO - Processing file /home/airflow/.local/lib/python3.12/site-packages/airflow/example_dags/tutorial.py for tasks to queue
[2025-01-19T21:42:43.735+0000] {logging_mixin.py:190} INFO - [2025-01-19T21:42:43.735+0000] {dagbag.py:588} INFO - Filling up the DagBag from /home/airflow/.local/lib/python3.12/site-packages/airflow/example_dags/tutorial.py
[2025-01-19T21:42:43.748+0000] {processor.py:925} INFO - DAG(s) 'tutorial' retrieved from /home/airflow/.local/lib/python3.12/site-packages/airflow/example_dags/tutorial.py
[2025-01-19T21:42:43.779+0000] {logging_mixin.py:190} INFO - [2025-01-19T21:42:43.779+0000] {dag.py:3239} INFO - Sync 1 DAGs
[2025-01-19T21:42:43.820+0000] {logging_mixin.py:190} INFO - [2025-01-19T21:42:43.820+0000] {dag.py:4180} INFO - Setting next_dagrun for tutorial to 2025-01-18 00:00:00+00:00, run_after=2025-01-19 00:00:00+00:00
[2025-01-19T21:42:43.860+0000] {processor.py:208} INFO - Processing /home/airflow/.local/lib/python3.12/site-packages/airflow/example_dags/tutorial.py took 0.141 seconds
[2025-01-19T21:43:14.567+0000] {processor.py:186} INFO - Started process (PID=610) to work on /home/airflow/.local/lib/python3.12/site-packages/airflow/example_dags/tutorial.py
[2025-01-19T21:43:14.568+0000] {processor.py:914} INFO - Processing file /home/airflow/.local/lib/python3.12/site-packages/airflow/example_dags/tutorial.py for tasks to queue
[2025-01-19T21:43:14.571+0000] {logging_mixin.py:190} INFO - [2025-01-19T21:43:14.571+0000] {dagbag.py:588} INFO - Filling up the DagBag from /home/airflow/.local/lib/python3.12/site-packages/airflow/example_dags/tutorial.py
[2025-01-19T21:43:14.579+0000] {processor.py:925} INFO - DAG(s) 'tutorial' retrieved from /home/airflow/.local/lib/python3.12/site-packages/airflow/example_dags/tutorial.py
[2025-01-19T21:43:14.599+0000] {logging_mixin.py:190} INFO - [2025-01-19T21:43:14.599+0000] {dag.py:3239} INFO - Sync 1 DAGs
[2025-01-19T21:43:14.623+0000] {logging_mixin.py:190} INFO - [2025-01-19T21:43:14.623+0000] {dag.py:4180} INFO - Setting next_dagrun for tutorial to 2025-01-18 00:00:00+00:00, run_after=2025-01-19 00:00:00+00:00
[2025-01-19T21:43:14.640+0000] {processor.py:208} INFO - Processing /home/airflow/.local/lib/python3.12/site-packages/airflow/example_dags/tutorial.py took 0.079 seconds
[2025-01-19T21:43:45.479+0000] {processor.py:186} INFO - Started process (PID=679) to work on /home/airflow/.local/lib/python3.12/site-packages/airflow/example_dags/tutorial.py
[2025-01-19T21:43:45.480+0000] {processor.py:914} INFO - Processing file /home/airflow/.local/lib/python3.12/site-packages/airflow/example_dags/tutorial.py for tasks to queue
[2025-01-19T21:43:45.483+0000] {logging_mixin.py:190} INFO - [2025-01-19T21:43:45.482+0000] {dagbag.py:588} INFO - Filling up the DagBag from /home/airflow/.local/lib/python3.12/site-packages/airflow/example_dags/tutorial.py
[2025-01-19T21:43:45.490+0000] {processor.py:925} INFO - DAG(s) 'tutorial' retrieved from /home/airflow/.local/lib/python3.12/site-packages/airflow/example_dags/tutorial.py
[2025-01-19T21:43:45.509+0000] {logging_mixin.py:190} INFO - [2025-01-19T21:43:45.509+0000] {dag.py:3239} INFO - Sync 1 DAGs
[2025-01-19T21:43:45.540+0000] {logging_mixin.py:190} INFO - [2025-01-19T21:43:45.540+0000] {dag.py:4180} INFO - Setting next_dagrun for tutorial to 2025-01-18 00:00:00+00:00, run_after=2025-01-19 00:00:00+00:00
[2025-01-19T21:43:45.561+0000] {processor.py:208} INFO - Processing /home/airflow/.local/lib/python3.12/site-packages/airflow/example_dags/tutorial.py took 0.088 seconds
[2025-01-19T21:44:16.008+0000] {processor.py:186} INFO - Started process (PID=748) to work on /home/airflow/.local/lib/python3.12/site-packages/airflow/example_dags/tutorial.py
[2025-01-19T21:44:16.010+0000] {processor.py:914} INFO - Processing file /home/airflow/.local/lib/python3.12/site-packages/airflow/example_dags/tutorial.py for tasks to queue
[2025-01-19T21:44:16.013+0000] {logging_mixin.py:190} INFO - [2025-01-19T21:44:16.012+0000] {dagbag.py:588} INFO - Filling up the DagBag from /home/airflow/.local/lib/python3.12/site-packages/airflow/example_dags/tutorial.py
[2025-01-19T21:44:16.021+0000] {processor.py:925} INFO - DAG(s) 'tutorial' retrieved from /home/airflow/.local/lib/python3.12/site-packages/airflow/example_dags/tutorial.py
[2025-01-19T21:44:16.043+0000] {logging_mixin.py:190} INFO - [2025-01-19T21:44:16.042+0000] {dag.py:3239} INFO - Sync 1 DAGs
[2025-01-19T21:44:16.069+0000] {logging_mixin.py:190} INFO - [2025-01-19T21:44:16.069+0000] {dag.py:4180} INFO - Setting next_dagrun for tutorial to 2025-01-18 00:00:00+00:00, run_after=2025-01-19 00:00:00+00:00
[2025-01-19T21:44:16.091+0000] {processor.py:208} INFO - Processing /home/airflow/.local/lib/python3.12/site-packages/airflow/example_dags/tutorial.py took 0.089 seconds
[2025-01-19T21:44:46.570+0000] {processor.py:186} INFO - Started process (PID=816) to work on /home/airflow/.local/lib/python3.12/site-packages/airflow/example_dags/tutorial.py
[2025-01-19T21:44:46.572+0000] {processor.py:914} INFO - Processing file /home/airflow/.local/lib/python3.12/site-packages/airflow/example_dags/tutorial.py for tasks to queue
[2025-01-19T21:44:46.575+0000] {logging_mixin.py:190} INFO - [2025-01-19T21:44:46.575+0000] {dagbag.py:588} INFO - Filling up the DagBag from /home/airflow/.local/lib/python3.12/site-packages/airflow/example_dags/tutorial.py
[2025-01-19T21:44:46.583+0000] {processor.py:925} INFO - DAG(s) 'tutorial' retrieved from /home/airflow/.local/lib/python3.12/site-packages/airflow/example_dags/tutorial.py
[2025-01-19T21:44:46.610+0000] {logging_mixin.py:190} INFO - [2025-01-19T21:44:46.610+0000] {dag.py:3239} INFO - Sync 1 DAGs
[2025-01-19T21:44:46.634+0000] {logging_mixin.py:190} INFO - [2025-01-19T21:44:46.634+0000] {dag.py:4180} INFO - Setting next_dagrun for tutorial to 2025-01-18 00:00:00+00:00, run_after=2025-01-19 00:00:00+00:00
[2025-01-19T21:44:46.652+0000] {processor.py:208} INFO - Processing /home/airflow/.local/lib/python3.12/site-packages/airflow/example_dags/tutorial.py took 0.088 seconds
[2025-01-19T21:45:16.957+0000] {processor.py:186} INFO - Started process (PID=885) to work on /home/airflow/.local/lib/python3.12/site-packages/airflow/example_dags/tutorial.py
[2025-01-19T21:45:16.960+0000] {processor.py:914} INFO - Processing file /home/airflow/.local/lib/python3.12/site-packages/airflow/example_dags/tutorial.py for tasks to queue
[2025-01-19T21:45:16.966+0000] {logging_mixin.py:190} INFO - [2025-01-19T21:45:16.965+0000] {dagbag.py:588} INFO - Filling up the DagBag from /home/airflow/.local/lib/python3.12/site-packages/airflow/example_dags/tutorial.py
[2025-01-19T21:45:16.977+0000] {processor.py:925} INFO - DAG(s) 'tutorial' retrieved from /home/airflow/.local/lib/python3.12/site-packages/airflow/example_dags/tutorial.py
[2025-01-19T21:45:17.021+0000] {logging_mixin.py:190} INFO - [2025-01-19T21:45:17.020+0000] {dag.py:3239} INFO - Sync 1 DAGs
[2025-01-19T21:45:17.059+0000] {logging_mixin.py:190} INFO - [2025-01-19T21:45:17.058+0000] {dag.py:4180} INFO - Setting next_dagrun for tutorial to 2025-01-18 00:00:00+00:00, run_after=2025-01-19 00:00:00+00:00
[2025-01-19T21:45:17.076+0000] {processor.py:208} INFO - Processing /home/airflow/.local/lib/python3.12/site-packages/airflow/example_dags/tutorial.py took 0.125 seconds
[2025-01-19T21:45:47.794+0000] {processor.py:186} INFO - Started process (PID=955) to work on /home/airflow/.local/lib/python3.12/site-packages/airflow/example_dags/tutorial.py
[2025-01-19T21:45:47.796+0000] {processor.py:914} INFO - Processing file /home/airflow/.local/lib/python3.12/site-packages/airflow/example_dags/tutorial.py for tasks to queue
[2025-01-19T21:45:47.800+0000] {logging_mixin.py:190} INFO - [2025-01-19T21:45:47.800+0000] {dagbag.py:588} INFO - Filling up the DagBag from /home/airflow/.local/lib/python3.12/site-packages/airflow/example_dags/tutorial.py
[2025-01-19T21:45:47.813+0000] {processor.py:925} INFO - DAG(s) 'tutorial' retrieved from /home/airflow/.local/lib/python3.12/site-packages/airflow/example_dags/tutorial.py
[2025-01-19T21:45:47.838+0000] {logging_mixin.py:190} INFO - [2025-01-19T21:45:47.838+0000] {dag.py:3239} INFO - Sync 1 DAGs
[2025-01-19T21:45:47.873+0000] {logging_mixin.py:190} INFO - [2025-01-19T21:45:47.872+0000] {dag.py:4180} INFO - Setting next_dagrun for tutorial to 2025-01-18 00:00:00+00:00, run_after=2025-01-19 00:00:00+00:00
[2025-01-19T21:45:47.895+0000] {processor.py:208} INFO - Processing /home/airflow/.local/lib/python3.12/site-packages/airflow/example_dags/tutorial.py took 0.109 seconds
[2025-01-19T21:46:18.713+0000] {processor.py:186} INFO - Started process (PID=1024) to work on /home/airflow/.local/lib/python3.12/site-packages/airflow/example_dags/tutorial.py
[2025-01-19T21:46:18.714+0000] {processor.py:914} INFO - Processing file /home/airflow/.local/lib/python3.12/site-packages/airflow/example_dags/tutorial.py for tasks to queue
[2025-01-19T21:46:18.716+0000] {logging_mixin.py:190} INFO - [2025-01-19T21:46:18.716+0000] {dagbag.py:588} INFO - Filling up the DagBag from /home/airflow/.local/lib/python3.12/site-packages/airflow/example_dags/tutorial.py
[2025-01-19T21:46:18.723+0000] {processor.py:925} INFO - DAG(s) 'tutorial' retrieved from /home/airflow/.local/lib/python3.12/site-packages/airflow/example_dags/tutorial.py
[2025-01-19T21:46:18.738+0000] {logging_mixin.py:190} INFO - [2025-01-19T21:46:18.738+0000] {dag.py:3239} INFO - Sync 1 DAGs
[2025-01-19T21:46:18.757+0000] {logging_mixin.py:190} INFO - [2025-01-19T21:46:18.757+0000] {dag.py:4180} INFO - Setting next_dagrun for tutorial to 2025-01-18 00:00:00+00:00, run_after=2025-01-19 00:00:00+00:00
[2025-01-19T21:46:18.772+0000] {processor.py:208} INFO - Processing /home/airflow/.local/lib/python3.12/site-packages/airflow/example_dags/tutorial.py took 0.064 seconds
[2025-01-19T21:46:51.323+0000] {processor.py:186} INFO - Started process (PID=1099) to work on /home/airflow/.local/lib/python3.12/site-packages/airflow/example_dags/tutorial.py
[2025-01-19T21:46:51.326+0000] {processor.py:914} INFO - Processing file /home/airflow/.local/lib/python3.12/site-packages/airflow/example_dags/tutorial.py for tasks to queue
[2025-01-19T21:46:51.330+0000] {logging_mixin.py:190} INFO - [2025-01-19T21:46:51.329+0000] {dagbag.py:588} INFO - Filling up the DagBag from /home/airflow/.local/lib/python3.12/site-packages/airflow/example_dags/tutorial.py
[2025-01-19T21:46:51.347+0000] {processor.py:925} INFO - DAG(s) 'tutorial' retrieved from /home/airflow/.local/lib/python3.12/site-packages/airflow/example_dags/tutorial.py
[2025-01-19T21:46:51.373+0000] {logging_mixin.py:190} INFO - [2025-01-19T21:46:51.373+0000] {dag.py:3239} INFO - Sync 1 DAGs
[2025-01-19T21:46:51.396+0000] {logging_mixin.py:190} INFO - [2025-01-19T21:46:51.396+0000] {dag.py:4180} INFO - Setting next_dagrun for tutorial to 2025-01-18 00:00:00+00:00, run_after=2025-01-19 00:00:00+00:00
[2025-01-19T21:46:51.416+0000] {processor.py:208} INFO - Processing /home/airflow/.local/lib/python3.12/site-packages/airflow/example_dags/tutorial.py took 0.103 seconds
[2025-01-19T21:47:21.513+0000] {processor.py:186} INFO - Started process (PID=1174) to work on /home/airflow/.local/lib/python3.12/site-packages/airflow/example_dags/tutorial.py
[2025-01-19T21:47:21.515+0000] {processor.py:914} INFO - Processing file /home/airflow/.local/lib/python3.12/site-packages/airflow/example_dags/tutorial.py for tasks to queue
[2025-01-19T21:47:21.518+0000] {logging_mixin.py:190} INFO - [2025-01-19T21:47:21.517+0000] {dagbag.py:588} INFO - Filling up the DagBag from /home/airflow/.local/lib/python3.12/site-packages/airflow/example_dags/tutorial.py
[2025-01-19T21:47:21.529+0000] {processor.py:925} INFO - DAG(s) 'tutorial' retrieved from /home/airflow/.local/lib/python3.12/site-packages/airflow/example_dags/tutorial.py
[2025-01-19T21:47:21.550+0000] {logging_mixin.py:190} INFO - [2025-01-19T21:47:21.550+0000] {dag.py:3239} INFO - Sync 1 DAGs
[2025-01-19T21:47:21.572+0000] {logging_mixin.py:190} INFO - [2025-01-19T21:47:21.572+0000] {dag.py:4180} INFO - Setting next_dagrun for tutorial to 2025-01-18 00:00:00+00:00, run_after=2025-01-19 00:00:00+00:00
[2025-01-19T21:47:21.597+0000] {processor.py:208} INFO - Processing /home/airflow/.local/lib/python3.12/site-packages/airflow/example_dags/tutorial.py took 0.090 seconds
[2025-01-19T21:47:53.702+0000] {processor.py:186} INFO - Started process (PID=1244) to work on /home/airflow/.local/lib/python3.12/site-packages/airflow/example_dags/tutorial.py
[2025-01-19T21:47:53.704+0000] {processor.py:914} INFO - Processing file /home/airflow/.local/lib/python3.12/site-packages/airflow/example_dags/tutorial.py for tasks to queue
[2025-01-19T21:47:53.707+0000] {logging_mixin.py:190} INFO - [2025-01-19T21:47:53.707+0000] {dagbag.py:588} INFO - Filling up the DagBag from /home/airflow/.local/lib/python3.12/site-packages/airflow/example_dags/tutorial.py
[2025-01-19T21:47:53.717+0000] {processor.py:925} INFO - DAG(s) 'tutorial' retrieved from /home/airflow/.local/lib/python3.12/site-packages/airflow/example_dags/tutorial.py
[2025-01-19T21:47:53.741+0000] {logging_mixin.py:190} INFO - [2025-01-19T21:47:53.741+0000] {dag.py:3239} INFO - Sync 1 DAGs
[2025-01-19T21:47:53.776+0000] {logging_mixin.py:190} INFO - [2025-01-19T21:47:53.776+0000] {dag.py:4180} INFO - Setting next_dagrun for tutorial to 2025-01-18 00:00:00+00:00, run_after=2025-01-19 00:00:00+00:00
[2025-01-19T21:47:53.798+0000] {processor.py:208} INFO - Processing /home/airflow/.local/lib/python3.12/site-packages/airflow/example_dags/tutorial.py took 0.102 seconds
[2025-01-19T21:48:24.299+0000] {processor.py:186} INFO - Started process (PID=1313) to work on /home/airflow/.local/lib/python3.12/site-packages/airflow/example_dags/tutorial.py
[2025-01-19T21:48:24.301+0000] {processor.py:914} INFO - Processing file /home/airflow/.local/lib/python3.12/site-packages/airflow/example_dags/tutorial.py for tasks to queue
[2025-01-19T21:48:24.305+0000] {logging_mixin.py:190} INFO - [2025-01-19T21:48:24.305+0000] {dagbag.py:588} INFO - Filling up the DagBag from /home/airflow/.local/lib/python3.12/site-packages/airflow/example_dags/tutorial.py
[2025-01-19T21:48:24.317+0000] {processor.py:925} INFO - DAG(s) 'tutorial' retrieved from /home/airflow/.local/lib/python3.12/site-packages/airflow/example_dags/tutorial.py
[2025-01-19T21:48:24.350+0000] {logging_mixin.py:190} INFO - [2025-01-19T21:48:24.349+0000] {dag.py:3239} INFO - Sync 1 DAGs
[2025-01-19T21:48:24.376+0000] {logging_mixin.py:190} INFO - [2025-01-19T21:48:24.376+0000] {dag.py:4180} INFO - Setting next_dagrun for tutorial to 2025-01-18 00:00:00+00:00, run_after=2025-01-19 00:00:00+00:00
[2025-01-19T21:48:24.396+0000] {processor.py:208} INFO - Processing /home/airflow/.local/lib/python3.12/site-packages/airflow/example_dags/tutorial.py took 0.104 seconds
[2025-01-19T21:48:55.121+0000] {processor.py:186} INFO - Started process (PID=1382) to work on /home/airflow/.local/lib/python3.12/site-packages/airflow/example_dags/tutorial.py
[2025-01-19T21:48:55.125+0000] {processor.py:914} INFO - Processing file /home/airflow/.local/lib/python3.12/site-packages/airflow/example_dags/tutorial.py for tasks to queue
[2025-01-19T21:48:55.129+0000] {logging_mixin.py:190} INFO - [2025-01-19T21:48:55.128+0000] {dagbag.py:588} INFO - Filling up the DagBag from /home/airflow/.local/lib/python3.12/site-packages/airflow/example_dags/tutorial.py
[2025-01-19T21:48:55.148+0000] {processor.py:925} INFO - DAG(s) 'tutorial' retrieved from /home/airflow/.local/lib/python3.12/site-packages/airflow/example_dags/tutorial.py
[2025-01-19T21:48:55.174+0000] {logging_mixin.py:190} INFO - [2025-01-19T21:48:55.174+0000] {dag.py:3239} INFO - Sync 1 DAGs
[2025-01-19T21:48:55.201+0000] {logging_mixin.py:190} INFO - [2025-01-19T21:48:55.201+0000] {dag.py:4180} INFO - Setting next_dagrun for tutorial to 2025-01-18 00:00:00+00:00, run_after=2025-01-19 00:00:00+00:00
[2025-01-19T21:48:55.228+0000] {processor.py:208} INFO - Processing /home/airflow/.local/lib/python3.12/site-packages/airflow/example_dags/tutorial.py took 0.115 seconds
[2025-01-19T21:49:27.036+0000] {processor.py:186} INFO - Started process (PID=1451) to work on /home/airflow/.local/lib/python3.12/site-packages/airflow/example_dags/tutorial.py
[2025-01-19T21:49:27.039+0000] {processor.py:914} INFO - Processing file /home/airflow/.local/lib/python3.12/site-packages/airflow/example_dags/tutorial.py for tasks to queue
[2025-01-19T21:49:27.044+0000] {logging_mixin.py:190} INFO - [2025-01-19T21:49:27.044+0000] {dagbag.py:588} INFO - Filling up the DagBag from /home/airflow/.local/lib/python3.12/site-packages/airflow/example_dags/tutorial.py
[2025-01-19T21:49:27.058+0000] {processor.py:925} INFO - DAG(s) 'tutorial' retrieved from /home/airflow/.local/lib/python3.12/site-packages/airflow/example_dags/tutorial.py
[2025-01-19T21:49:27.080+0000] {logging_mixin.py:190} INFO - [2025-01-19T21:49:27.080+0000] {dag.py:3239} INFO - Sync 1 DAGs
[2025-01-19T21:49:27.101+0000] {logging_mixin.py:190} INFO - [2025-01-19T21:49:27.101+0000] {dag.py:4180} INFO - Setting next_dagrun for tutorial to 2025-01-18 00:00:00+00:00, run_after=2025-01-19 00:00:00+00:00
[2025-01-19T21:49:27.118+0000] {processor.py:208} INFO - Processing /home/airflow/.local/lib/python3.12/site-packages/airflow/example_dags/tutorial.py took 0.096 seconds
[2025-01-19T21:49:58.467+0000] {processor.py:186} INFO - Started process (PID=1520) to work on /home/airflow/.local/lib/python3.12/site-packages/airflow/example_dags/tutorial.py
[2025-01-19T21:49:58.469+0000] {processor.py:914} INFO - Processing file /home/airflow/.local/lib/python3.12/site-packages/airflow/example_dags/tutorial.py for tasks to queue
[2025-01-19T21:49:58.473+0000] {logging_mixin.py:190} INFO - [2025-01-19T21:49:58.472+0000] {dagbag.py:588} INFO - Filling up the DagBag from /home/airflow/.local/lib/python3.12/site-packages/airflow/example_dags/tutorial.py
[2025-01-19T21:49:58.482+0000] {processor.py:925} INFO - DAG(s) 'tutorial' retrieved from /home/airflow/.local/lib/python3.12/site-packages/airflow/example_dags/tutorial.py
[2025-01-19T21:49:58.500+0000] {logging_mixin.py:190} INFO - [2025-01-19T21:49:58.500+0000] {dag.py:3239} INFO - Sync 1 DAGs
[2025-01-19T21:49:58.522+0000] {logging_mixin.py:190} INFO - [2025-01-19T21:49:58.521+0000] {dag.py:4180} INFO - Setting next_dagrun for tutorial to 2025-01-18 00:00:00+00:00, run_after=2025-01-19 00:00:00+00:00
[2025-01-19T21:49:58.550+0000] {processor.py:208} INFO - Processing /home/airflow/.local/lib/python3.12/site-packages/airflow/example_dags/tutorial.py took 0.093 seconds
[2025-01-19T21:50:29.967+0000] {processor.py:186} INFO - Started process (PID=1589) to work on /home/airflow/.local/lib/python3.12/site-packages/airflow/example_dags/tutorial.py
[2025-01-19T21:50:29.969+0000] {processor.py:914} INFO - Processing file /home/airflow/.local/lib/python3.12/site-packages/airflow/example_dags/tutorial.py for tasks to queue
[2025-01-19T21:50:29.973+0000] {logging_mixin.py:190} INFO - [2025-01-19T21:50:29.972+0000] {dagbag.py:588} INFO - Filling up the DagBag from /home/airflow/.local/lib/python3.12/site-packages/airflow/example_dags/tutorial.py
[2025-01-19T21:50:29.985+0000] {processor.py:925} INFO - DAG(s) 'tutorial' retrieved from /home/airflow/.local/lib/python3.12/site-packages/airflow/example_dags/tutorial.py
[2025-01-19T21:50:30.010+0000] {logging_mixin.py:190} INFO - [2025-01-19T21:50:30.009+0000] {dag.py:3239} INFO - Sync 1 DAGs
[2025-01-19T21:50:30.041+0000] {logging_mixin.py:190} INFO - [2025-01-19T21:50:30.040+0000] {dag.py:4180} INFO - Setting next_dagrun for tutorial to 2025-01-18 00:00:00+00:00, run_after=2025-01-19 00:00:00+00:00
[2025-01-19T21:50:30.065+0000] {processor.py:208} INFO - Processing /home/airflow/.local/lib/python3.12/site-packages/airflow/example_dags/tutorial.py took 0.107 seconds
[2025-01-19T21:51:00.682+0000] {processor.py:186} INFO - Started process (PID=1658) to work on /home/airflow/.local/lib/python3.12/site-packages/airflow/example_dags/tutorial.py
[2025-01-19T21:51:00.685+0000] {processor.py:914} INFO - Processing file /home/airflow/.local/lib/python3.12/site-packages/airflow/example_dags/tutorial.py for tasks to queue
[2025-01-19T21:51:00.690+0000] {logging_mixin.py:190} INFO - [2025-01-19T21:51:00.689+0000] {dagbag.py:588} INFO - Filling up the DagBag from /home/airflow/.local/lib/python3.12/site-packages/airflow/example_dags/tutorial.py
[2025-01-19T21:51:00.701+0000] {processor.py:925} INFO - DAG(s) 'tutorial' retrieved from /home/airflow/.local/lib/python3.12/site-packages/airflow/example_dags/tutorial.py
[2025-01-19T21:51:00.737+0000] {logging_mixin.py:190} INFO - [2025-01-19T21:51:00.736+0000] {dag.py:3239} INFO - Sync 1 DAGs
[2025-01-19T21:51:00.768+0000] {logging_mixin.py:190} INFO - [2025-01-19T21:51:00.768+0000] {dag.py:4180} INFO - Setting next_dagrun for tutorial to 2025-01-18 00:00:00+00:00, run_after=2025-01-19 00:00:00+00:00
[2025-01-19T21:51:00.788+0000] {processor.py:208} INFO - Processing /home/airflow/.local/lib/python3.12/site-packages/airflow/example_dags/tutorial.py took 0.119 seconds
[2025-01-19T21:51:32.480+0000] {processor.py:186} INFO - Started process (PID=1727) to work on /home/airflow/.local/lib/python3.12/site-packages/airflow/example_dags/tutorial.py
[2025-01-19T21:51:32.482+0000] {processor.py:914} INFO - Processing file /home/airflow/.local/lib/python3.12/site-packages/airflow/example_dags/tutorial.py for tasks to queue
[2025-01-19T21:51:32.485+0000] {logging_mixin.py:190} INFO - [2025-01-19T21:51:32.485+0000] {dagbag.py:588} INFO - Filling up the DagBag from /home/airflow/.local/lib/python3.12/site-packages/airflow/example_dags/tutorial.py
[2025-01-19T21:51:32.496+0000] {processor.py:925} INFO - DAG(s) 'tutorial' retrieved from /home/airflow/.local/lib/python3.12/site-packages/airflow/example_dags/tutorial.py
[2025-01-19T21:51:32.515+0000] {logging_mixin.py:190} INFO - [2025-01-19T21:51:32.515+0000] {dag.py:3239} INFO - Sync 1 DAGs
[2025-01-19T21:51:32.541+0000] {logging_mixin.py:190} INFO - [2025-01-19T21:51:32.541+0000] {dag.py:4180} INFO - Setting next_dagrun for tutorial to 2025-01-18 00:00:00+00:00, run_after=2025-01-19 00:00:00+00:00
[2025-01-19T21:51:32.560+0000] {processor.py:208} INFO - Processing /home/airflow/.local/lib/python3.12/site-packages/airflow/example_dags/tutorial.py took 0.088 seconds
