[2025-01-01T21:07:59.370+0000] {local_task_job_runner.py:123} INFO - ::group::Pre task execution logs
[2025-01-01T21:07:59.426+0000] {taskinstance.py:2613} INFO - Dependencies all met for dep_context=non-requeueable deps ti=<TaskInstance: prediction_dag_v1.extract_execution_date manual__2025-01-01T21:07:56.822125+00:00 [queued]>
[2025-01-01T21:07:59.441+0000] {taskinstance.py:2613} INFO - Dependencies all met for dep_context=requeueable deps ti=<TaskInstance: prediction_dag_v1.extract_execution_date manual__2025-01-01T21:07:56.822125+00:00 [queued]>
[2025-01-01T21:07:59.443+0000] {taskinstance.py:2866} INFO - Starting attempt 1 of 2
[2025-01-01T21:07:59.472+0000] {taskinstance.py:2889} INFO - Executing <Task(_PythonDecoratedOperator): extract_execution_date> on 2025-01-01 21:07:56.822125+00:00
[2025-01-01T21:07:59.490+0000] {warnings.py:112} WARNING - /home/***/.local/lib/python3.12/site-packages/***/task/task_runner/standard_task_runner.py:70: DeprecationWarning: This process (pid=286) is multi-threaded, use of fork() may lead to deadlocks in the child.
  pid = os.fork()

[2025-01-01T21:07:59.499+0000] {standard_task_runner.py:72} INFO - Started process 290 to run task
[2025-01-01T21:07:59.497+0000] {standard_task_runner.py:104} INFO - Running: ['***', 'tasks', 'run', 'prediction_dag_v1', 'extract_execution_date', 'manual__2025-01-01T21:07:56.822125+00:00', '--job-id', '6', '--raw', '--subdir', 'DAGS_FOLDER/02_prediction/02_prediction_v1.py', '--cfg-path', '/tmp/tmpobnxeev3']
[2025-01-01T21:07:59.503+0000] {standard_task_runner.py:105} INFO - Job 6: Subtask extract_execution_date
[2025-01-01T21:07:59.597+0000] {task_command.py:467} INFO - Running <TaskInstance: prediction_dag_v1.extract_execution_date manual__2025-01-01T21:07:56.822125+00:00 [running]> on host 935cb972f608
[2025-01-01T21:07:59.677+0000] {taskinstance.py:3132} INFO - Exporting env vars: AIRFLOW_CTX_DAG_OWNER='cm' AIRFLOW_CTX_DAG_ID='prediction_dag_v1' AIRFLOW_CTX_TASK_ID='extract_execution_date' AIRFLOW_CTX_EXECUTION_DATE='2025-01-01T21:07:56.822125+00:00' AIRFLOW_CTX_TRY_NUMBER='1' AIRFLOW_CTX_DAG_RUN_ID='manual__2025-01-01T21:07:56.822125+00:00'
[2025-01-01T21:07:59.678+0000] {logging_mixin.py:190} INFO - Task instance is in running state
[2025-01-01T21:07:59.679+0000] {logging_mixin.py:190} INFO -  Previous state of the Task instance: queued
[2025-01-01T21:07:59.680+0000] {logging_mixin.py:190} INFO - Current task name:extract_execution_date state:running start_date:2025-01-01 21:07:59.427356+00:00
[2025-01-01T21:07:59.681+0000] {logging_mixin.py:190} INFO - Dag name:prediction_dag_v1 and current dag run status:running
[2025-01-01T21:07:59.682+0000] {taskinstance.py:731} INFO - ::endgroup::
[2025-01-01T21:07:59.684+0000] {python.py:240} INFO - Done. Returned value was: 2025-01-01 16:07:56.822125-05:00
[2025-01-01T21:07:59.707+0000] {taskinstance.py:340} INFO - ::group::Post task execution logs
[2025-01-01T21:07:59.708+0000] {taskinstance.py:352} INFO - Marking task as SUCCESS. dag_id=prediction_dag_v1, task_id=extract_execution_date, run_id=manual__2025-01-01T21:07:56.822125+00:00, execution_date=20250101T210756, start_date=20250101T210759, end_date=20250101T210759
[2025-01-01T21:07:59.718+0000] {logging_mixin.py:190} INFO - Task instance in success state
[2025-01-01T21:07:59.719+0000] {logging_mixin.py:190} INFO -  Previous state of the Task instance: running
[2025-01-01T21:07:59.719+0000] {logging_mixin.py:190} INFO - Dag name:prediction_dag_v1 queued_at:2025-01-01 21:07:56.840338+00:00
[2025-01-01T21:07:59.720+0000] {logging_mixin.py:190} INFO - Task hostname:935cb972f608 operator:_PythonDecoratedOperator
[2025-01-01T21:07:59.762+0000] {local_task_job_runner.py:266} INFO - Task exited with return code 0
[2025-01-01T21:07:59.788+0000] {taskinstance.py:3895} INFO - 0 downstream tasks scheduled from follow-on schedule check
[2025-01-01T21:07:59.791+0000] {local_task_job_runner.py:245} INFO - ::endgroup::
