[2024-12-28T21:05:17.387+0000] {processor.py:186} INFO - Started process (PID=112) to work on /home/airflow/.local/lib/python3.12/site-packages/airflow/example_dags/example_complex.py
[2024-12-28T21:05:17.388+0000] {processor.py:914} INFO - Processing file /home/airflow/.local/lib/python3.12/site-packages/airflow/example_dags/example_complex.py for tasks to queue
[2024-12-28T21:05:17.391+0000] {logging_mixin.py:190} INFO - [2024-12-28T21:05:17.391+0000] {dagbag.py:588} INFO - Filling up the DagBag from /home/airflow/.local/lib/python3.12/site-packages/airflow/example_dags/example_complex.py
[2024-12-28T21:05:17.406+0000] {processor.py:925} INFO - DAG(s) 'example_complex' retrieved from /home/airflow/.local/lib/python3.12/site-packages/airflow/example_dags/example_complex.py
[2024-12-28T21:05:17.593+0000] {logging_mixin.py:190} INFO - [2024-12-28T21:05:17.592+0000] {override.py:1911} INFO - Created Permission View: can edit on DAG:example_complex
[2024-12-28T21:05:17.621+0000] {logging_mixin.py:190} INFO - [2024-12-28T21:05:17.620+0000] {override.py:1911} INFO - Created Permission View: can read on DAG:example_complex
[2024-12-28T21:05:17.640+0000] {logging_mixin.py:190} INFO - [2024-12-28T21:05:17.640+0000] {override.py:1911} INFO - Created Permission View: can delete on DAG:example_complex
[2024-12-28T21:05:17.659+0000] {logging_mixin.py:190} INFO - [2024-12-28T21:05:17.658+0000] {override.py:1911} INFO - Created Permission View: menu access on DAG Run:example_complex
[2024-12-28T21:05:17.672+0000] {logging_mixin.py:190} INFO - [2024-12-28T21:05:17.671+0000] {override.py:1911} INFO - Created Permission View: can read on DAG Run:example_complex
[2024-12-28T21:05:17.688+0000] {logging_mixin.py:190} INFO - [2024-12-28T21:05:17.687+0000] {override.py:1911} INFO - Created Permission View: can delete on DAG Run:example_complex
[2024-12-28T21:05:17.697+0000] {logging_mixin.py:190} INFO - [2024-12-28T21:05:17.697+0000] {override.py:1911} INFO - Created Permission View: can create on DAG Run:example_complex
[2024-12-28T21:05:17.698+0000] {logging_mixin.py:190} INFO - [2024-12-28T21:05:17.698+0000] {dag.py:3239} INFO - Sync 1 DAGs
[2024-12-28T21:05:17.711+0000] {logging_mixin.py:190} INFO - [2024-12-28T21:05:17.710+0000] {dag.py:3262} INFO - Creating ORM DAG for example_complex
[2024-12-28T21:05:17.712+0000] {logging_mixin.py:190} INFO - [2024-12-28T21:05:17.712+0000] {dag.py:4180} INFO - Setting next_dagrun for example_complex to None, run_after=None
[2024-12-28T21:05:17.731+0000] {processor.py:208} INFO - Processing /home/airflow/.local/lib/python3.12/site-packages/airflow/example_dags/example_complex.py took 0.350 seconds
[2024-12-28T21:05:47.948+0000] {processor.py:186} INFO - Started process (PID=181) to work on /home/airflow/.local/lib/python3.12/site-packages/airflow/example_dags/example_complex.py
[2024-12-28T21:05:47.949+0000] {processor.py:914} INFO - Processing file /home/airflow/.local/lib/python3.12/site-packages/airflow/example_dags/example_complex.py for tasks to queue
[2024-12-28T21:05:47.952+0000] {logging_mixin.py:190} INFO - [2024-12-28T21:05:47.952+0000] {dagbag.py:588} INFO - Filling up the DagBag from /home/airflow/.local/lib/python3.12/site-packages/airflow/example_dags/example_complex.py
[2024-12-28T21:05:47.966+0000] {processor.py:925} INFO - DAG(s) 'example_complex' retrieved from /home/airflow/.local/lib/python3.12/site-packages/airflow/example_dags/example_complex.py
[2024-12-28T21:05:48.002+0000] {logging_mixin.py:190} INFO - [2024-12-28T21:05:48.002+0000] {dag.py:3239} INFO - Sync 1 DAGs
[2024-12-28T21:05:48.016+0000] {logging_mixin.py:190} INFO - [2024-12-28T21:05:48.015+0000] {dag.py:4180} INFO - Setting next_dagrun for example_complex to None, run_after=None
[2024-12-28T21:05:48.042+0000] {processor.py:208} INFO - Processing /home/airflow/.local/lib/python3.12/site-packages/airflow/example_dags/example_complex.py took 0.100 seconds
[2024-12-28T21:06:18.748+0000] {processor.py:186} INFO - Started process (PID=250) to work on /home/airflow/.local/lib/python3.12/site-packages/airflow/example_dags/example_complex.py
[2024-12-28T21:06:18.753+0000] {processor.py:914} INFO - Processing file /home/airflow/.local/lib/python3.12/site-packages/airflow/example_dags/example_complex.py for tasks to queue
[2024-12-28T21:06:18.758+0000] {logging_mixin.py:190} INFO - [2024-12-28T21:06:18.758+0000] {dagbag.py:588} INFO - Filling up the DagBag from /home/airflow/.local/lib/python3.12/site-packages/airflow/example_dags/example_complex.py
[2024-12-28T21:06:18.780+0000] {processor.py:925} INFO - DAG(s) 'example_complex' retrieved from /home/airflow/.local/lib/python3.12/site-packages/airflow/example_dags/example_complex.py
[2024-12-28T21:06:18.821+0000] {logging_mixin.py:190} INFO - [2024-12-28T21:06:18.821+0000] {dag.py:3239} INFO - Sync 1 DAGs
[2024-12-28T21:06:18.834+0000] {logging_mixin.py:190} INFO - [2024-12-28T21:06:18.834+0000] {dag.py:4180} INFO - Setting next_dagrun for example_complex to None, run_after=None
[2024-12-28T21:06:18.851+0000] {processor.py:208} INFO - Processing /home/airflow/.local/lib/python3.12/site-packages/airflow/example_dags/example_complex.py took 0.114 seconds
[2024-12-28T21:06:49.711+0000] {processor.py:186} INFO - Started process (PID=319) to work on /home/airflow/.local/lib/python3.12/site-packages/airflow/example_dags/example_complex.py
[2024-12-28T21:06:49.714+0000] {processor.py:914} INFO - Processing file /home/airflow/.local/lib/python3.12/site-packages/airflow/example_dags/example_complex.py for tasks to queue
[2024-12-28T21:06:49.718+0000] {logging_mixin.py:190} INFO - [2024-12-28T21:06:49.717+0000] {dagbag.py:588} INFO - Filling up the DagBag from /home/airflow/.local/lib/python3.12/site-packages/airflow/example_dags/example_complex.py
[2024-12-28T21:06:49.735+0000] {processor.py:925} INFO - DAG(s) 'example_complex' retrieved from /home/airflow/.local/lib/python3.12/site-packages/airflow/example_dags/example_complex.py
[2024-12-28T21:06:49.769+0000] {logging_mixin.py:190} INFO - [2024-12-28T21:06:49.769+0000] {dag.py:3239} INFO - Sync 1 DAGs
[2024-12-28T21:06:49.784+0000] {logging_mixin.py:190} INFO - [2024-12-28T21:06:49.784+0000] {dag.py:4180} INFO - Setting next_dagrun for example_complex to None, run_after=None
[2024-12-28T21:06:49.804+0000] {processor.py:208} INFO - Processing /home/airflow/.local/lib/python3.12/site-packages/airflow/example_dags/example_complex.py took 0.102 seconds
[2024-12-28T21:07:21.254+0000] {processor.py:186} INFO - Started process (PID=388) to work on /home/airflow/.local/lib/python3.12/site-packages/airflow/example_dags/example_complex.py
[2024-12-28T21:07:21.255+0000] {processor.py:914} INFO - Processing file /home/airflow/.local/lib/python3.12/site-packages/airflow/example_dags/example_complex.py for tasks to queue
[2024-12-28T21:07:21.261+0000] {logging_mixin.py:190} INFO - [2024-12-28T21:07:21.260+0000] {dagbag.py:588} INFO - Filling up the DagBag from /home/airflow/.local/lib/python3.12/site-packages/airflow/example_dags/example_complex.py
[2024-12-28T21:07:21.273+0000] {processor.py:925} INFO - DAG(s) 'example_complex' retrieved from /home/airflow/.local/lib/python3.12/site-packages/airflow/example_dags/example_complex.py
[2024-12-28T21:07:21.313+0000] {logging_mixin.py:190} INFO - [2024-12-28T21:07:21.312+0000] {dag.py:3239} INFO - Sync 1 DAGs
[2024-12-28T21:07:21.328+0000] {logging_mixin.py:190} INFO - [2024-12-28T21:07:21.328+0000] {dag.py:4180} INFO - Setting next_dagrun for example_complex to None, run_after=None
[2024-12-28T21:07:21.349+0000] {processor.py:208} INFO - Processing /home/airflow/.local/lib/python3.12/site-packages/airflow/example_dags/example_complex.py took 0.102 seconds
[2024-12-28T21:07:54.604+0000] {processor.py:186} INFO - Started process (PID=458) to work on /home/airflow/.local/lib/python3.12/site-packages/airflow/example_dags/example_complex.py
[2024-12-28T21:07:54.605+0000] {processor.py:914} INFO - Processing file /home/airflow/.local/lib/python3.12/site-packages/airflow/example_dags/example_complex.py for tasks to queue
[2024-12-28T21:07:54.608+0000] {logging_mixin.py:190} INFO - [2024-12-28T21:07:54.608+0000] {dagbag.py:588} INFO - Filling up the DagBag from /home/airflow/.local/lib/python3.12/site-packages/airflow/example_dags/example_complex.py
[2024-12-28T21:07:54.619+0000] {processor.py:925} INFO - DAG(s) 'example_complex' retrieved from /home/airflow/.local/lib/python3.12/site-packages/airflow/example_dags/example_complex.py
[2024-12-28T21:07:54.647+0000] {logging_mixin.py:190} INFO - [2024-12-28T21:07:54.647+0000] {dag.py:3239} INFO - Sync 1 DAGs
[2024-12-28T21:07:54.661+0000] {logging_mixin.py:190} INFO - [2024-12-28T21:07:54.661+0000] {dag.py:4180} INFO - Setting next_dagrun for example_complex to None, run_after=None
[2024-12-28T21:07:54.697+0000] {processor.py:208} INFO - Processing /home/airflow/.local/lib/python3.12/site-packages/airflow/example_dags/example_complex.py took 0.099 seconds
[2024-12-28T21:08:24.812+0000] {processor.py:186} INFO - Started process (PID=526) to work on /home/airflow/.local/lib/python3.12/site-packages/airflow/example_dags/example_complex.py
[2024-12-28T21:08:24.814+0000] {processor.py:914} INFO - Processing file /home/airflow/.local/lib/python3.12/site-packages/airflow/example_dags/example_complex.py for tasks to queue
[2024-12-28T21:08:24.818+0000] {logging_mixin.py:190} INFO - [2024-12-28T21:08:24.818+0000] {dagbag.py:588} INFO - Filling up the DagBag from /home/airflow/.local/lib/python3.12/site-packages/airflow/example_dags/example_complex.py
[2024-12-28T21:08:24.835+0000] {processor.py:925} INFO - DAG(s) 'example_complex' retrieved from /home/airflow/.local/lib/python3.12/site-packages/airflow/example_dags/example_complex.py
[2024-12-28T21:08:24.871+0000] {logging_mixin.py:190} INFO - [2024-12-28T21:08:24.871+0000] {dag.py:3239} INFO - Sync 1 DAGs
[2024-12-28T21:08:24.888+0000] {logging_mixin.py:190} INFO - [2024-12-28T21:08:24.887+0000] {dag.py:4180} INFO - Setting next_dagrun for example_complex to None, run_after=None
[2024-12-28T21:08:24.912+0000] {processor.py:208} INFO - Processing /home/airflow/.local/lib/python3.12/site-packages/airflow/example_dags/example_complex.py took 0.111 seconds
[2024-12-28T21:08:55.672+0000] {processor.py:186} INFO - Started process (PID=596) to work on /home/airflow/.local/lib/python3.12/site-packages/airflow/example_dags/example_complex.py
[2024-12-28T21:08:55.675+0000] {processor.py:914} INFO - Processing file /home/airflow/.local/lib/python3.12/site-packages/airflow/example_dags/example_complex.py for tasks to queue
[2024-12-28T21:08:55.678+0000] {logging_mixin.py:190} INFO - [2024-12-28T21:08:55.678+0000] {dagbag.py:588} INFO - Filling up the DagBag from /home/airflow/.local/lib/python3.12/site-packages/airflow/example_dags/example_complex.py
[2024-12-28T21:08:55.690+0000] {processor.py:925} INFO - DAG(s) 'example_complex' retrieved from /home/airflow/.local/lib/python3.12/site-packages/airflow/example_dags/example_complex.py
[2024-12-28T21:08:55.724+0000] {logging_mixin.py:190} INFO - [2024-12-28T21:08:55.724+0000] {dag.py:3239} INFO - Sync 1 DAGs
[2024-12-28T21:08:55.751+0000] {logging_mixin.py:190} INFO - [2024-12-28T21:08:55.750+0000] {dag.py:4180} INFO - Setting next_dagrun for example_complex to None, run_after=None
[2024-12-28T21:08:55.781+0000] {processor.py:208} INFO - Processing /home/airflow/.local/lib/python3.12/site-packages/airflow/example_dags/example_complex.py took 0.123 seconds
[2024-12-28T21:09:26.804+0000] {processor.py:186} INFO - Started process (PID=665) to work on /home/airflow/.local/lib/python3.12/site-packages/airflow/example_dags/example_complex.py
[2024-12-28T21:09:26.806+0000] {processor.py:914} INFO - Processing file /home/airflow/.local/lib/python3.12/site-packages/airflow/example_dags/example_complex.py for tasks to queue
[2024-12-28T21:09:26.808+0000] {logging_mixin.py:190} INFO - [2024-12-28T21:09:26.808+0000] {dagbag.py:588} INFO - Filling up the DagBag from /home/airflow/.local/lib/python3.12/site-packages/airflow/example_dags/example_complex.py
[2024-12-28T21:09:26.819+0000] {processor.py:925} INFO - DAG(s) 'example_complex' retrieved from /home/airflow/.local/lib/python3.12/site-packages/airflow/example_dags/example_complex.py
[2024-12-28T21:09:26.852+0000] {logging_mixin.py:190} INFO - [2024-12-28T21:09:26.851+0000] {dag.py:3239} INFO - Sync 1 DAGs
[2024-12-28T21:09:26.865+0000] {logging_mixin.py:190} INFO - [2024-12-28T21:09:26.865+0000] {dag.py:4180} INFO - Setting next_dagrun for example_complex to None, run_after=None
[2024-12-28T21:09:26.882+0000] {processor.py:208} INFO - Processing /home/airflow/.local/lib/python3.12/site-packages/airflow/example_dags/example_complex.py took 0.084 seconds
[2024-12-28T21:09:58.040+0000] {processor.py:186} INFO - Started process (PID=734) to work on /home/airflow/.local/lib/python3.12/site-packages/airflow/example_dags/example_complex.py
[2024-12-28T21:09:58.042+0000] {processor.py:914} INFO - Processing file /home/airflow/.local/lib/python3.12/site-packages/airflow/example_dags/example_complex.py for tasks to queue
[2024-12-28T21:09:58.045+0000] {logging_mixin.py:190} INFO - [2024-12-28T21:09:58.044+0000] {dagbag.py:588} INFO - Filling up the DagBag from /home/airflow/.local/lib/python3.12/site-packages/airflow/example_dags/example_complex.py
[2024-12-28T21:09:58.062+0000] {processor.py:925} INFO - DAG(s) 'example_complex' retrieved from /home/airflow/.local/lib/python3.12/site-packages/airflow/example_dags/example_complex.py
[2024-12-28T21:09:58.097+0000] {logging_mixin.py:190} INFO - [2024-12-28T21:09:58.097+0000] {dag.py:3239} INFO - Sync 1 DAGs
[2024-12-28T21:09:58.110+0000] {logging_mixin.py:190} INFO - [2024-12-28T21:09:58.110+0000] {dag.py:4180} INFO - Setting next_dagrun for example_complex to None, run_after=None
[2024-12-28T21:09:58.128+0000] {processor.py:208} INFO - Processing /home/airflow/.local/lib/python3.12/site-packages/airflow/example_dags/example_complex.py took 0.096 seconds
[2024-12-28T21:10:29.414+0000] {processor.py:186} INFO - Started process (PID=803) to work on /home/airflow/.local/lib/python3.12/site-packages/airflow/example_dags/example_complex.py
[2024-12-28T21:10:29.415+0000] {processor.py:914} INFO - Processing file /home/airflow/.local/lib/python3.12/site-packages/airflow/example_dags/example_complex.py for tasks to queue
[2024-12-28T21:10:29.421+0000] {logging_mixin.py:190} INFO - [2024-12-28T21:10:29.420+0000] {dagbag.py:588} INFO - Filling up the DagBag from /home/airflow/.local/lib/python3.12/site-packages/airflow/example_dags/example_complex.py
[2024-12-28T21:10:29.438+0000] {processor.py:925} INFO - DAG(s) 'example_complex' retrieved from /home/airflow/.local/lib/python3.12/site-packages/airflow/example_dags/example_complex.py
[2024-12-28T21:10:29.475+0000] {logging_mixin.py:190} INFO - [2024-12-28T21:10:29.475+0000] {dag.py:3239} INFO - Sync 1 DAGs
[2024-12-28T21:10:29.491+0000] {logging_mixin.py:190} INFO - [2024-12-28T21:10:29.490+0000] {dag.py:4180} INFO - Setting next_dagrun for example_complex to None, run_after=None
[2024-12-28T21:10:29.521+0000] {processor.py:208} INFO - Processing /home/airflow/.local/lib/python3.12/site-packages/airflow/example_dags/example_complex.py took 0.117 seconds
[2024-12-28T21:11:00.687+0000] {processor.py:186} INFO - Started process (PID=871) to work on /home/airflow/.local/lib/python3.12/site-packages/airflow/example_dags/example_complex.py
[2024-12-28T21:11:00.689+0000] {processor.py:914} INFO - Processing file /home/airflow/.local/lib/python3.12/site-packages/airflow/example_dags/example_complex.py for tasks to queue
[2024-12-28T21:11:00.693+0000] {logging_mixin.py:190} INFO - [2024-12-28T21:11:00.693+0000] {dagbag.py:588} INFO - Filling up the DagBag from /home/airflow/.local/lib/python3.12/site-packages/airflow/example_dags/example_complex.py
[2024-12-28T21:11:00.716+0000] {processor.py:925} INFO - DAG(s) 'example_complex' retrieved from /home/airflow/.local/lib/python3.12/site-packages/airflow/example_dags/example_complex.py
[2024-12-28T21:11:00.752+0000] {logging_mixin.py:190} INFO - [2024-12-28T21:11:00.752+0000] {dag.py:3239} INFO - Sync 1 DAGs
[2024-12-28T21:11:00.766+0000] {logging_mixin.py:190} INFO - [2024-12-28T21:11:00.766+0000] {dag.py:4180} INFO - Setting next_dagrun for example_complex to None, run_after=None
[2024-12-28T21:11:00.785+0000] {processor.py:208} INFO - Processing /home/airflow/.local/lib/python3.12/site-packages/airflow/example_dags/example_complex.py took 0.104 seconds
[2024-12-28T21:11:32.810+0000] {processor.py:186} INFO - Started process (PID=941) to work on /home/airflow/.local/lib/python3.12/site-packages/airflow/example_dags/example_complex.py
[2024-12-28T21:11:32.812+0000] {processor.py:914} INFO - Processing file /home/airflow/.local/lib/python3.12/site-packages/airflow/example_dags/example_complex.py for tasks to queue
[2024-12-28T21:11:32.819+0000] {logging_mixin.py:190} INFO - [2024-12-28T21:11:32.818+0000] {dagbag.py:588} INFO - Filling up the DagBag from /home/airflow/.local/lib/python3.12/site-packages/airflow/example_dags/example_complex.py
[2024-12-28T21:11:32.842+0000] {processor.py:925} INFO - DAG(s) 'example_complex' retrieved from /home/airflow/.local/lib/python3.12/site-packages/airflow/example_dags/example_complex.py
[2024-12-28T21:11:32.924+0000] {logging_mixin.py:190} INFO - [2024-12-28T21:11:32.923+0000] {dag.py:3239} INFO - Sync 1 DAGs
[2024-12-28T21:11:32.978+0000] {logging_mixin.py:190} INFO - [2024-12-28T21:11:32.974+0000] {dag.py:4180} INFO - Setting next_dagrun for example_complex to None, run_after=None
[2024-12-28T21:11:33.019+0000] {processor.py:208} INFO - Processing /home/airflow/.local/lib/python3.12/site-packages/airflow/example_dags/example_complex.py took 0.217 seconds
[2024-12-28T21:12:04.487+0000] {processor.py:186} INFO - Started process (PID=1010) to work on /home/airflow/.local/lib/python3.12/site-packages/airflow/example_dags/example_complex.py
[2024-12-28T21:12:04.490+0000] {processor.py:914} INFO - Processing file /home/airflow/.local/lib/python3.12/site-packages/airflow/example_dags/example_complex.py for tasks to queue
[2024-12-28T21:12:04.496+0000] {logging_mixin.py:190} INFO - [2024-12-28T21:12:04.496+0000] {dagbag.py:588} INFO - Filling up the DagBag from /home/airflow/.local/lib/python3.12/site-packages/airflow/example_dags/example_complex.py
[2024-12-28T21:12:04.510+0000] {processor.py:925} INFO - DAG(s) 'example_complex' retrieved from /home/airflow/.local/lib/python3.12/site-packages/airflow/example_dags/example_complex.py
[2024-12-28T21:12:04.542+0000] {logging_mixin.py:190} INFO - [2024-12-28T21:12:04.541+0000] {dag.py:3239} INFO - Sync 1 DAGs
[2024-12-28T21:12:04.557+0000] {logging_mixin.py:190} INFO - [2024-12-28T21:12:04.557+0000] {dag.py:4180} INFO - Setting next_dagrun for example_complex to None, run_after=None
[2024-12-28T21:12:04.581+0000] {processor.py:208} INFO - Processing /home/airflow/.local/lib/python3.12/site-packages/airflow/example_dags/example_complex.py took 0.103 seconds
[2024-12-28T21:12:35.725+0000] {processor.py:186} INFO - Started process (PID=1079) to work on /home/airflow/.local/lib/python3.12/site-packages/airflow/example_dags/example_complex.py
[2024-12-28T21:12:35.728+0000] {processor.py:914} INFO - Processing file /home/airflow/.local/lib/python3.12/site-packages/airflow/example_dags/example_complex.py for tasks to queue
[2024-12-28T21:12:35.730+0000] {logging_mixin.py:190} INFO - [2024-12-28T21:12:35.730+0000] {dagbag.py:588} INFO - Filling up the DagBag from /home/airflow/.local/lib/python3.12/site-packages/airflow/example_dags/example_complex.py
[2024-12-28T21:12:35.742+0000] {processor.py:925} INFO - DAG(s) 'example_complex' retrieved from /home/airflow/.local/lib/python3.12/site-packages/airflow/example_dags/example_complex.py
[2024-12-28T21:12:35.772+0000] {logging_mixin.py:190} INFO - [2024-12-28T21:12:35.772+0000] {dag.py:3239} INFO - Sync 1 DAGs
[2024-12-28T21:12:35.791+0000] {logging_mixin.py:190} INFO - [2024-12-28T21:12:35.791+0000] {dag.py:4180} INFO - Setting next_dagrun for example_complex to None, run_after=None
[2024-12-28T21:12:35.836+0000] {processor.py:208} INFO - Processing /home/airflow/.local/lib/python3.12/site-packages/airflow/example_dags/example_complex.py took 0.120 seconds
[2024-12-28T21:13:06.540+0000] {processor.py:186} INFO - Started process (PID=1149) to work on /home/airflow/.local/lib/python3.12/site-packages/airflow/example_dags/example_complex.py
[2024-12-28T21:13:06.542+0000] {processor.py:914} INFO - Processing file /home/airflow/.local/lib/python3.12/site-packages/airflow/example_dags/example_complex.py for tasks to queue
[2024-12-28T21:13:06.545+0000] {logging_mixin.py:190} INFO - [2024-12-28T21:13:06.545+0000] {dagbag.py:588} INFO - Filling up the DagBag from /home/airflow/.local/lib/python3.12/site-packages/airflow/example_dags/example_complex.py
[2024-12-28T21:13:06.558+0000] {processor.py:925} INFO - DAG(s) 'example_complex' retrieved from /home/airflow/.local/lib/python3.12/site-packages/airflow/example_dags/example_complex.py
[2024-12-28T21:13:06.604+0000] {logging_mixin.py:190} INFO - [2024-12-28T21:13:06.604+0000] {dag.py:3239} INFO - Sync 1 DAGs
[2024-12-28T21:13:06.618+0000] {logging_mixin.py:190} INFO - [2024-12-28T21:13:06.618+0000] {dag.py:4180} INFO - Setting next_dagrun for example_complex to None, run_after=None
[2024-12-28T21:13:06.635+0000] {processor.py:208} INFO - Processing /home/airflow/.local/lib/python3.12/site-packages/airflow/example_dags/example_complex.py took 0.103 seconds
[2024-12-28T21:13:37.845+0000] {processor.py:186} INFO - Started process (PID=1217) to work on /home/airflow/.local/lib/python3.12/site-packages/airflow/example_dags/example_complex.py
[2024-12-28T21:13:37.850+0000] {processor.py:914} INFO - Processing file /home/airflow/.local/lib/python3.12/site-packages/airflow/example_dags/example_complex.py for tasks to queue
[2024-12-28T21:13:37.857+0000] {logging_mixin.py:190} INFO - [2024-12-28T21:13:37.856+0000] {dagbag.py:588} INFO - Filling up the DagBag from /home/airflow/.local/lib/python3.12/site-packages/airflow/example_dags/example_complex.py
[2024-12-28T21:13:37.882+0000] {processor.py:925} INFO - DAG(s) 'example_complex' retrieved from /home/airflow/.local/lib/python3.12/site-packages/airflow/example_dags/example_complex.py
[2024-12-28T21:13:37.931+0000] {logging_mixin.py:190} INFO - [2024-12-28T21:13:37.931+0000] {dag.py:3239} INFO - Sync 1 DAGs
[2024-12-28T21:13:37.949+0000] {logging_mixin.py:190} INFO - [2024-12-28T21:13:37.949+0000] {dag.py:4180} INFO - Setting next_dagrun for example_complex to None, run_after=None
[2024-12-28T21:13:37.969+0000] {processor.py:208} INFO - Processing /home/airflow/.local/lib/python3.12/site-packages/airflow/example_dags/example_complex.py took 0.136 seconds
[2024-12-28T21:14:09.725+0000] {processor.py:186} INFO - Started process (PID=1287) to work on /home/airflow/.local/lib/python3.12/site-packages/airflow/example_dags/example_complex.py
[2024-12-28T21:14:09.728+0000] {processor.py:914} INFO - Processing file /home/airflow/.local/lib/python3.12/site-packages/airflow/example_dags/example_complex.py for tasks to queue
[2024-12-28T21:14:09.732+0000] {logging_mixin.py:190} INFO - [2024-12-28T21:14:09.732+0000] {dagbag.py:588} INFO - Filling up the DagBag from /home/airflow/.local/lib/python3.12/site-packages/airflow/example_dags/example_complex.py
[2024-12-28T21:14:09.744+0000] {processor.py:925} INFO - DAG(s) 'example_complex' retrieved from /home/airflow/.local/lib/python3.12/site-packages/airflow/example_dags/example_complex.py
[2024-12-28T21:14:09.774+0000] {logging_mixin.py:190} INFO - [2024-12-28T21:14:09.773+0000] {dag.py:3239} INFO - Sync 1 DAGs
[2024-12-28T21:14:09.791+0000] {logging_mixin.py:190} INFO - [2024-12-28T21:14:09.791+0000] {dag.py:4180} INFO - Setting next_dagrun for example_complex to None, run_after=None
[2024-12-28T21:14:09.815+0000] {processor.py:208} INFO - Processing /home/airflow/.local/lib/python3.12/site-packages/airflow/example_dags/example_complex.py took 0.099 seconds
[2024-12-28T21:14:41.510+0000] {processor.py:186} INFO - Started process (PID=1356) to work on /home/airflow/.local/lib/python3.12/site-packages/airflow/example_dags/example_complex.py
[2024-12-28T21:14:41.512+0000] {processor.py:914} INFO - Processing file /home/airflow/.local/lib/python3.12/site-packages/airflow/example_dags/example_complex.py for tasks to queue
[2024-12-28T21:14:41.516+0000] {logging_mixin.py:190} INFO - [2024-12-28T21:14:41.515+0000] {dagbag.py:588} INFO - Filling up the DagBag from /home/airflow/.local/lib/python3.12/site-packages/airflow/example_dags/example_complex.py
[2024-12-28T21:14:41.527+0000] {processor.py:925} INFO - DAG(s) 'example_complex' retrieved from /home/airflow/.local/lib/python3.12/site-packages/airflow/example_dags/example_complex.py
[2024-12-28T21:14:41.559+0000] {logging_mixin.py:190} INFO - [2024-12-28T21:14:41.558+0000] {dag.py:3239} INFO - Sync 1 DAGs
[2024-12-28T21:14:41.587+0000] {logging_mixin.py:190} INFO - [2024-12-28T21:14:41.587+0000] {dag.py:4180} INFO - Setting next_dagrun for example_complex to None, run_after=None
[2024-12-28T21:14:41.621+0000] {processor.py:208} INFO - Processing /home/airflow/.local/lib/python3.12/site-packages/airflow/example_dags/example_complex.py took 0.120 seconds
[2024-12-28T21:15:12.928+0000] {processor.py:186} INFO - Started process (PID=1431) to work on /home/airflow/.local/lib/python3.12/site-packages/airflow/example_dags/example_complex.py
[2024-12-28T21:15:12.930+0000] {processor.py:914} INFO - Processing file /home/airflow/.local/lib/python3.12/site-packages/airflow/example_dags/example_complex.py for tasks to queue
[2024-12-28T21:15:12.934+0000] {logging_mixin.py:190} INFO - [2024-12-28T21:15:12.934+0000] {dagbag.py:588} INFO - Filling up the DagBag from /home/airflow/.local/lib/python3.12/site-packages/airflow/example_dags/example_complex.py
[2024-12-28T21:15:12.954+0000] {processor.py:925} INFO - DAG(s) 'example_complex' retrieved from /home/airflow/.local/lib/python3.12/site-packages/airflow/example_dags/example_complex.py
[2024-12-28T21:15:13.014+0000] {logging_mixin.py:190} INFO - [2024-12-28T21:15:13.014+0000] {dag.py:3239} INFO - Sync 1 DAGs
[2024-12-28T21:15:13.030+0000] {logging_mixin.py:190} INFO - [2024-12-28T21:15:13.030+0000] {dag.py:4180} INFO - Setting next_dagrun for example_complex to None, run_after=None
[2024-12-28T21:15:13.065+0000] {processor.py:208} INFO - Processing /home/airflow/.local/lib/python3.12/site-packages/airflow/example_dags/example_complex.py took 0.143 seconds
[2024-12-28T21:15:44.666+0000] {processor.py:186} INFO - Started process (PID=1500) to work on /home/airflow/.local/lib/python3.12/site-packages/airflow/example_dags/example_complex.py
[2024-12-28T21:15:44.668+0000] {processor.py:914} INFO - Processing file /home/airflow/.local/lib/python3.12/site-packages/airflow/example_dags/example_complex.py for tasks to queue
[2024-12-28T21:15:44.670+0000] {logging_mixin.py:190} INFO - [2024-12-28T21:15:44.670+0000] {dagbag.py:588} INFO - Filling up the DagBag from /home/airflow/.local/lib/python3.12/site-packages/airflow/example_dags/example_complex.py
[2024-12-28T21:15:44.682+0000] {processor.py:925} INFO - DAG(s) 'example_complex' retrieved from /home/airflow/.local/lib/python3.12/site-packages/airflow/example_dags/example_complex.py
[2024-12-28T21:15:44.712+0000] {logging_mixin.py:190} INFO - [2024-12-28T21:15:44.712+0000] {dag.py:3239} INFO - Sync 1 DAGs
[2024-12-28T21:15:44.726+0000] {logging_mixin.py:190} INFO - [2024-12-28T21:15:44.726+0000] {dag.py:4180} INFO - Setting next_dagrun for example_complex to None, run_after=None
[2024-12-28T21:15:44.745+0000] {processor.py:208} INFO - Processing /home/airflow/.local/lib/python3.12/site-packages/airflow/example_dags/example_complex.py took 0.085 seconds
[2024-12-28T21:16:15.999+0000] {processor.py:186} INFO - Started process (PID=1569) to work on /home/airflow/.local/lib/python3.12/site-packages/airflow/example_dags/example_complex.py
[2024-12-28T21:16:16.002+0000] {processor.py:914} INFO - Processing file /home/airflow/.local/lib/python3.12/site-packages/airflow/example_dags/example_complex.py for tasks to queue
[2024-12-28T21:16:16.006+0000] {logging_mixin.py:190} INFO - [2024-12-28T21:16:16.005+0000] {dagbag.py:588} INFO - Filling up the DagBag from /home/airflow/.local/lib/python3.12/site-packages/airflow/example_dags/example_complex.py
[2024-12-28T21:16:16.024+0000] {processor.py:925} INFO - DAG(s) 'example_complex' retrieved from /home/airflow/.local/lib/python3.12/site-packages/airflow/example_dags/example_complex.py
[2024-12-28T21:16:16.059+0000] {logging_mixin.py:190} INFO - [2024-12-28T21:16:16.058+0000] {dag.py:3239} INFO - Sync 1 DAGs
[2024-12-28T21:16:16.088+0000] {logging_mixin.py:190} INFO - [2024-12-28T21:16:16.087+0000] {dag.py:4180} INFO - Setting next_dagrun for example_complex to None, run_after=None
[2024-12-28T21:16:16.122+0000] {processor.py:208} INFO - Processing /home/airflow/.local/lib/python3.12/site-packages/airflow/example_dags/example_complex.py took 0.135 seconds
[2024-12-28T21:16:47.180+0000] {processor.py:186} INFO - Started process (PID=1638) to work on /home/airflow/.local/lib/python3.12/site-packages/airflow/example_dags/example_complex.py
[2024-12-28T21:16:47.182+0000] {processor.py:914} INFO - Processing file /home/airflow/.local/lib/python3.12/site-packages/airflow/example_dags/example_complex.py for tasks to queue
[2024-12-28T21:16:47.186+0000] {logging_mixin.py:190} INFO - [2024-12-28T21:16:47.186+0000] {dagbag.py:588} INFO - Filling up the DagBag from /home/airflow/.local/lib/python3.12/site-packages/airflow/example_dags/example_complex.py
[2024-12-28T21:16:47.200+0000] {processor.py:925} INFO - DAG(s) 'example_complex' retrieved from /home/airflow/.local/lib/python3.12/site-packages/airflow/example_dags/example_complex.py
[2024-12-28T21:16:47.229+0000] {logging_mixin.py:190} INFO - [2024-12-28T21:16:47.228+0000] {dag.py:3239} INFO - Sync 1 DAGs
[2024-12-28T21:16:47.244+0000] {logging_mixin.py:190} INFO - [2024-12-28T21:16:47.243+0000] {dag.py:4180} INFO - Setting next_dagrun for example_complex to None, run_after=None
[2024-12-28T21:16:47.261+0000] {processor.py:208} INFO - Processing /home/airflow/.local/lib/python3.12/site-packages/airflow/example_dags/example_complex.py took 0.088 seconds
[2024-12-28T21:17:18.454+0000] {processor.py:186} INFO - Started process (PID=1707) to work on /home/airflow/.local/lib/python3.12/site-packages/airflow/example_dags/example_complex.py
[2024-12-28T21:17:18.456+0000] {processor.py:914} INFO - Processing file /home/airflow/.local/lib/python3.12/site-packages/airflow/example_dags/example_complex.py for tasks to queue
[2024-12-28T21:17:18.461+0000] {logging_mixin.py:190} INFO - [2024-12-28T21:17:18.460+0000] {dagbag.py:588} INFO - Filling up the DagBag from /home/airflow/.local/lib/python3.12/site-packages/airflow/example_dags/example_complex.py
[2024-12-28T21:17:18.480+0000] {processor.py:925} INFO - DAG(s) 'example_complex' retrieved from /home/airflow/.local/lib/python3.12/site-packages/airflow/example_dags/example_complex.py
[2024-12-28T21:17:18.515+0000] {logging_mixin.py:190} INFO - [2024-12-28T21:17:18.514+0000] {dag.py:3239} INFO - Sync 1 DAGs
[2024-12-28T21:17:18.531+0000] {logging_mixin.py:190} INFO - [2024-12-28T21:17:18.531+0000] {dag.py:4180} INFO - Setting next_dagrun for example_complex to None, run_after=None
[2024-12-28T21:17:18.550+0000] {processor.py:208} INFO - Processing /home/airflow/.local/lib/python3.12/site-packages/airflow/example_dags/example_complex.py took 0.107 seconds
[2024-12-28T21:17:49.718+0000] {processor.py:186} INFO - Started process (PID=1776) to work on /home/airflow/.local/lib/python3.12/site-packages/airflow/example_dags/example_complex.py
[2024-12-28T21:17:49.720+0000] {processor.py:914} INFO - Processing file /home/airflow/.local/lib/python3.12/site-packages/airflow/example_dags/example_complex.py for tasks to queue
[2024-12-28T21:17:49.722+0000] {logging_mixin.py:190} INFO - [2024-12-28T21:17:49.722+0000] {dagbag.py:588} INFO - Filling up the DagBag from /home/airflow/.local/lib/python3.12/site-packages/airflow/example_dags/example_complex.py
[2024-12-28T21:17:49.734+0000] {processor.py:925} INFO - DAG(s) 'example_complex' retrieved from /home/airflow/.local/lib/python3.12/site-packages/airflow/example_dags/example_complex.py
[2024-12-28T21:17:49.764+0000] {logging_mixin.py:190} INFO - [2024-12-28T21:17:49.763+0000] {dag.py:3239} INFO - Sync 1 DAGs
[2024-12-28T21:17:49.777+0000] {logging_mixin.py:190} INFO - [2024-12-28T21:17:49.777+0000] {dag.py:4180} INFO - Setting next_dagrun for example_complex to None, run_after=None
[2024-12-28T21:17:49.793+0000] {processor.py:208} INFO - Processing /home/airflow/.local/lib/python3.12/site-packages/airflow/example_dags/example_complex.py took 0.080 seconds
[2024-12-28T21:18:21.868+0000] {processor.py:186} INFO - Started process (PID=1845) to work on /home/airflow/.local/lib/python3.12/site-packages/airflow/example_dags/example_complex.py
[2024-12-28T21:18:21.870+0000] {processor.py:914} INFO - Processing file /home/airflow/.local/lib/python3.12/site-packages/airflow/example_dags/example_complex.py for tasks to queue
[2024-12-28T21:18:21.876+0000] {logging_mixin.py:190} INFO - [2024-12-28T21:18:21.875+0000] {dagbag.py:588} INFO - Filling up the DagBag from /home/airflow/.local/lib/python3.12/site-packages/airflow/example_dags/example_complex.py
[2024-12-28T21:18:21.894+0000] {processor.py:925} INFO - DAG(s) 'example_complex' retrieved from /home/airflow/.local/lib/python3.12/site-packages/airflow/example_dags/example_complex.py
[2024-12-28T21:18:21.931+0000] {logging_mixin.py:190} INFO - [2024-12-28T21:18:21.931+0000] {dag.py:3239} INFO - Sync 1 DAGs
[2024-12-28T21:18:21.948+0000] {logging_mixin.py:190} INFO - [2024-12-28T21:18:21.947+0000] {dag.py:4180} INFO - Setting next_dagrun for example_complex to None, run_after=None
[2024-12-28T21:18:21.972+0000] {processor.py:208} INFO - Processing /home/airflow/.local/lib/python3.12/site-packages/airflow/example_dags/example_complex.py took 0.116 seconds
[2024-12-28T21:18:53.335+0000] {processor.py:186} INFO - Started process (PID=1914) to work on /home/airflow/.local/lib/python3.12/site-packages/airflow/example_dags/example_complex.py
[2024-12-28T21:18:53.338+0000] {processor.py:914} INFO - Processing file /home/airflow/.local/lib/python3.12/site-packages/airflow/example_dags/example_complex.py for tasks to queue
[2024-12-28T21:18:53.342+0000] {logging_mixin.py:190} INFO - [2024-12-28T21:18:53.341+0000] {dagbag.py:588} INFO - Filling up the DagBag from /home/airflow/.local/lib/python3.12/site-packages/airflow/example_dags/example_complex.py
[2024-12-28T21:18:53.387+0000] {processor.py:925} INFO - DAG(s) 'example_complex' retrieved from /home/airflow/.local/lib/python3.12/site-packages/airflow/example_dags/example_complex.py
[2024-12-28T21:18:53.427+0000] {logging_mixin.py:190} INFO - [2024-12-28T21:18:53.427+0000] {dag.py:3239} INFO - Sync 1 DAGs
[2024-12-28T21:18:53.442+0000] {logging_mixin.py:190} INFO - [2024-12-28T21:18:53.442+0000] {dag.py:4180} INFO - Setting next_dagrun for example_complex to None, run_after=None
[2024-12-28T21:18:53.463+0000] {processor.py:208} INFO - Processing /home/airflow/.local/lib/python3.12/site-packages/airflow/example_dags/example_complex.py took 0.138 seconds
[2024-12-28T21:19:24.508+0000] {processor.py:186} INFO - Started process (PID=1983) to work on /home/airflow/.local/lib/python3.12/site-packages/airflow/example_dags/example_complex.py
[2024-12-28T21:19:24.512+0000] {processor.py:914} INFO - Processing file /home/airflow/.local/lib/python3.12/site-packages/airflow/example_dags/example_complex.py for tasks to queue
[2024-12-28T21:19:24.515+0000] {logging_mixin.py:190} INFO - [2024-12-28T21:19:24.515+0000] {dagbag.py:588} INFO - Filling up the DagBag from /home/airflow/.local/lib/python3.12/site-packages/airflow/example_dags/example_complex.py
[2024-12-28T21:19:24.540+0000] {processor.py:925} INFO - DAG(s) 'example_complex' retrieved from /home/airflow/.local/lib/python3.12/site-packages/airflow/example_dags/example_complex.py
[2024-12-28T21:19:24.584+0000] {logging_mixin.py:190} INFO - [2024-12-28T21:19:24.584+0000] {dag.py:3239} INFO - Sync 1 DAGs
[2024-12-28T21:19:24.598+0000] {logging_mixin.py:190} INFO - [2024-12-28T21:19:24.597+0000] {dag.py:4180} INFO - Setting next_dagrun for example_complex to None, run_after=None
[2024-12-28T21:19:24.614+0000] {processor.py:208} INFO - Processing /home/airflow/.local/lib/python3.12/site-packages/airflow/example_dags/example_complex.py took 0.119 seconds
[2024-12-28T21:19:55.327+0000] {processor.py:186} INFO - Started process (PID=2052) to work on /home/airflow/.local/lib/python3.12/site-packages/airflow/example_dags/example_complex.py
[2024-12-28T21:19:55.329+0000] {processor.py:914} INFO - Processing file /home/airflow/.local/lib/python3.12/site-packages/airflow/example_dags/example_complex.py for tasks to queue
[2024-12-28T21:19:55.332+0000] {logging_mixin.py:190} INFO - [2024-12-28T21:19:55.331+0000] {dagbag.py:588} INFO - Filling up the DagBag from /home/airflow/.local/lib/python3.12/site-packages/airflow/example_dags/example_complex.py
[2024-12-28T21:19:55.343+0000] {processor.py:925} INFO - DAG(s) 'example_complex' retrieved from /home/airflow/.local/lib/python3.12/site-packages/airflow/example_dags/example_complex.py
[2024-12-28T21:19:55.373+0000] {logging_mixin.py:190} INFO - [2024-12-28T21:19:55.372+0000] {dag.py:3239} INFO - Sync 1 DAGs
[2024-12-28T21:19:55.386+0000] {logging_mixin.py:190} INFO - [2024-12-28T21:19:55.386+0000] {dag.py:4180} INFO - Setting next_dagrun for example_complex to None, run_after=None
[2024-12-28T21:19:55.406+0000] {processor.py:208} INFO - Processing /home/airflow/.local/lib/python3.12/site-packages/airflow/example_dags/example_complex.py took 0.084 seconds
[2024-12-28T21:20:25.845+0000] {processor.py:186} INFO - Started process (PID=2120) to work on /home/airflow/.local/lib/python3.12/site-packages/airflow/example_dags/example_complex.py
[2024-12-28T21:20:25.849+0000] {processor.py:914} INFO - Processing file /home/airflow/.local/lib/python3.12/site-packages/airflow/example_dags/example_complex.py for tasks to queue
[2024-12-28T21:20:25.857+0000] {logging_mixin.py:190} INFO - [2024-12-28T21:20:25.856+0000] {dagbag.py:588} INFO - Filling up the DagBag from /home/airflow/.local/lib/python3.12/site-packages/airflow/example_dags/example_complex.py
[2024-12-28T21:20:25.880+0000] {processor.py:925} INFO - DAG(s) 'example_complex' retrieved from /home/airflow/.local/lib/python3.12/site-packages/airflow/example_dags/example_complex.py
[2024-12-28T21:20:25.915+0000] {logging_mixin.py:190} INFO - [2024-12-28T21:20:25.915+0000] {dag.py:3239} INFO - Sync 1 DAGs
[2024-12-28T21:20:25.929+0000] {logging_mixin.py:190} INFO - [2024-12-28T21:20:25.929+0000] {dag.py:4180} INFO - Setting next_dagrun for example_complex to None, run_after=None
[2024-12-28T21:20:25.949+0000] {processor.py:208} INFO - Processing /home/airflow/.local/lib/python3.12/site-packages/airflow/example_dags/example_complex.py took 0.120 seconds
[2024-12-28T21:20:56.113+0000] {processor.py:186} INFO - Started process (PID=2188) to work on /home/airflow/.local/lib/python3.12/site-packages/airflow/example_dags/example_complex.py
[2024-12-28T21:20:56.117+0000] {processor.py:914} INFO - Processing file /home/airflow/.local/lib/python3.12/site-packages/airflow/example_dags/example_complex.py for tasks to queue
[2024-12-28T21:20:56.123+0000] {logging_mixin.py:190} INFO - [2024-12-28T21:20:56.122+0000] {dagbag.py:588} INFO - Filling up the DagBag from /home/airflow/.local/lib/python3.12/site-packages/airflow/example_dags/example_complex.py
[2024-12-28T21:20:56.151+0000] {processor.py:925} INFO - DAG(s) 'example_complex' retrieved from /home/airflow/.local/lib/python3.12/site-packages/airflow/example_dags/example_complex.py
[2024-12-28T21:20:56.236+0000] {logging_mixin.py:190} INFO - [2024-12-28T21:20:56.236+0000] {dag.py:3239} INFO - Sync 1 DAGs
[2024-12-28T21:20:56.257+0000] {logging_mixin.py:190} INFO - [2024-12-28T21:20:56.257+0000] {dag.py:4180} INFO - Setting next_dagrun for example_complex to None, run_after=None
[2024-12-28T21:20:56.290+0000] {processor.py:208} INFO - Processing /home/airflow/.local/lib/python3.12/site-packages/airflow/example_dags/example_complex.py took 0.189 seconds
[2024-12-28T21:21:27.323+0000] {processor.py:186} INFO - Started process (PID=2257) to work on /home/airflow/.local/lib/python3.12/site-packages/airflow/example_dags/example_complex.py
[2024-12-28T21:21:27.326+0000] {processor.py:914} INFO - Processing file /home/airflow/.local/lib/python3.12/site-packages/airflow/example_dags/example_complex.py for tasks to queue
[2024-12-28T21:21:27.332+0000] {logging_mixin.py:190} INFO - [2024-12-28T21:21:27.331+0000] {dagbag.py:588} INFO - Filling up the DagBag from /home/airflow/.local/lib/python3.12/site-packages/airflow/example_dags/example_complex.py
[2024-12-28T21:21:27.359+0000] {processor.py:925} INFO - DAG(s) 'example_complex' retrieved from /home/airflow/.local/lib/python3.12/site-packages/airflow/example_dags/example_complex.py
[2024-12-28T21:21:27.408+0000] {logging_mixin.py:190} INFO - [2024-12-28T21:21:27.408+0000] {dag.py:3239} INFO - Sync 1 DAGs
[2024-12-28T21:21:27.428+0000] {logging_mixin.py:190} INFO - [2024-12-28T21:21:27.428+0000] {dag.py:4180} INFO - Setting next_dagrun for example_complex to None, run_after=None
[2024-12-28T21:21:27.479+0000] {processor.py:208} INFO - Processing /home/airflow/.local/lib/python3.12/site-packages/airflow/example_dags/example_complex.py took 0.169 seconds
[2024-12-28T21:21:58.085+0000] {processor.py:186} INFO - Started process (PID=2326) to work on /home/airflow/.local/lib/python3.12/site-packages/airflow/example_dags/example_complex.py
[2024-12-28T21:21:58.089+0000] {processor.py:914} INFO - Processing file /home/airflow/.local/lib/python3.12/site-packages/airflow/example_dags/example_complex.py for tasks to queue
[2024-12-28T21:21:58.094+0000] {logging_mixin.py:190} INFO - [2024-12-28T21:21:58.093+0000] {dagbag.py:588} INFO - Filling up the DagBag from /home/airflow/.local/lib/python3.12/site-packages/airflow/example_dags/example_complex.py
[2024-12-28T21:21:58.119+0000] {processor.py:925} INFO - DAG(s) 'example_complex' retrieved from /home/airflow/.local/lib/python3.12/site-packages/airflow/example_dags/example_complex.py
[2024-12-28T21:21:58.156+0000] {logging_mixin.py:190} INFO - [2024-12-28T21:21:58.155+0000] {dag.py:3239} INFO - Sync 1 DAGs
[2024-12-28T21:21:58.169+0000] {logging_mixin.py:190} INFO - [2024-12-28T21:21:58.169+0000] {dag.py:4180} INFO - Setting next_dagrun for example_complex to None, run_after=None
[2024-12-28T21:21:58.186+0000] {processor.py:208} INFO - Processing /home/airflow/.local/lib/python3.12/site-packages/airflow/example_dags/example_complex.py took 0.111 seconds
[2024-12-28T21:22:28.739+0000] {processor.py:186} INFO - Started process (PID=2395) to work on /home/airflow/.local/lib/python3.12/site-packages/airflow/example_dags/example_complex.py
[2024-12-28T21:22:28.741+0000] {processor.py:914} INFO - Processing file /home/airflow/.local/lib/python3.12/site-packages/airflow/example_dags/example_complex.py for tasks to queue
[2024-12-28T21:22:28.744+0000] {logging_mixin.py:190} INFO - [2024-12-28T21:22:28.744+0000] {dagbag.py:588} INFO - Filling up the DagBag from /home/airflow/.local/lib/python3.12/site-packages/airflow/example_dags/example_complex.py
[2024-12-28T21:22:28.766+0000] {processor.py:925} INFO - DAG(s) 'example_complex' retrieved from /home/airflow/.local/lib/python3.12/site-packages/airflow/example_dags/example_complex.py
[2024-12-28T21:22:28.821+0000] {logging_mixin.py:190} INFO - [2024-12-28T21:22:28.821+0000] {dag.py:3239} INFO - Sync 1 DAGs
[2024-12-28T21:22:28.839+0000] {logging_mixin.py:190} INFO - [2024-12-28T21:22:28.838+0000] {dag.py:4180} INFO - Setting next_dagrun for example_complex to None, run_after=None
[2024-12-28T21:22:28.879+0000] {processor.py:208} INFO - Processing /home/airflow/.local/lib/python3.12/site-packages/airflow/example_dags/example_complex.py took 0.150 seconds
[2024-12-28T21:22:59.699+0000] {processor.py:186} INFO - Started process (PID=2464) to work on /home/airflow/.local/lib/python3.12/site-packages/airflow/example_dags/example_complex.py
[2024-12-28T21:22:59.701+0000] {processor.py:914} INFO - Processing file /home/airflow/.local/lib/python3.12/site-packages/airflow/example_dags/example_complex.py for tasks to queue
[2024-12-28T21:22:59.703+0000] {logging_mixin.py:190} INFO - [2024-12-28T21:22:59.703+0000] {dagbag.py:588} INFO - Filling up the DagBag from /home/airflow/.local/lib/python3.12/site-packages/airflow/example_dags/example_complex.py
[2024-12-28T21:22:59.716+0000] {processor.py:925} INFO - DAG(s) 'example_complex' retrieved from /home/airflow/.local/lib/python3.12/site-packages/airflow/example_dags/example_complex.py
[2024-12-28T21:22:59.746+0000] {logging_mixin.py:190} INFO - [2024-12-28T21:22:59.746+0000] {dag.py:3239} INFO - Sync 1 DAGs
[2024-12-28T21:22:59.763+0000] {logging_mixin.py:190} INFO - [2024-12-28T21:22:59.763+0000] {dag.py:4180} INFO - Setting next_dagrun for example_complex to None, run_after=None
[2024-12-28T21:22:59.783+0000] {processor.py:208} INFO - Processing /home/airflow/.local/lib/python3.12/site-packages/airflow/example_dags/example_complex.py took 0.089 seconds
[2024-12-28T21:23:30.411+0000] {processor.py:186} INFO - Started process (PID=2533) to work on /home/airflow/.local/lib/python3.12/site-packages/airflow/example_dags/example_complex.py
[2024-12-28T21:23:30.413+0000] {processor.py:914} INFO - Processing file /home/airflow/.local/lib/python3.12/site-packages/airflow/example_dags/example_complex.py for tasks to queue
[2024-12-28T21:23:30.416+0000] {logging_mixin.py:190} INFO - [2024-12-28T21:23:30.415+0000] {dagbag.py:588} INFO - Filling up the DagBag from /home/airflow/.local/lib/python3.12/site-packages/airflow/example_dags/example_complex.py
[2024-12-28T21:23:30.427+0000] {processor.py:925} INFO - DAG(s) 'example_complex' retrieved from /home/airflow/.local/lib/python3.12/site-packages/airflow/example_dags/example_complex.py
[2024-12-28T21:23:30.458+0000] {logging_mixin.py:190} INFO - [2024-12-28T21:23:30.458+0000] {dag.py:3239} INFO - Sync 1 DAGs
[2024-12-28T21:23:30.473+0000] {logging_mixin.py:190} INFO - [2024-12-28T21:23:30.473+0000] {dag.py:4180} INFO - Setting next_dagrun for example_complex to None, run_after=None
[2024-12-28T21:23:30.492+0000] {processor.py:208} INFO - Processing /home/airflow/.local/lib/python3.12/site-packages/airflow/example_dags/example_complex.py took 0.087 seconds
[2024-12-28T21:24:00.872+0000] {processor.py:186} INFO - Started process (PID=2602) to work on /home/airflow/.local/lib/python3.12/site-packages/airflow/example_dags/example_complex.py
[2024-12-28T21:24:00.875+0000] {processor.py:914} INFO - Processing file /home/airflow/.local/lib/python3.12/site-packages/airflow/example_dags/example_complex.py for tasks to queue
[2024-12-28T21:24:00.880+0000] {logging_mixin.py:190} INFO - [2024-12-28T21:24:00.879+0000] {dagbag.py:588} INFO - Filling up the DagBag from /home/airflow/.local/lib/python3.12/site-packages/airflow/example_dags/example_complex.py
[2024-12-28T21:24:00.905+0000] {processor.py:925} INFO - DAG(s) 'example_complex' retrieved from /home/airflow/.local/lib/python3.12/site-packages/airflow/example_dags/example_complex.py
[2024-12-28T21:24:00.959+0000] {logging_mixin.py:190} INFO - [2024-12-28T21:24:00.959+0000] {dag.py:3239} INFO - Sync 1 DAGs
[2024-12-28T21:24:00.973+0000] {logging_mixin.py:190} INFO - [2024-12-28T21:24:00.973+0000] {dag.py:4180} INFO - Setting next_dagrun for example_complex to None, run_after=None
[2024-12-28T21:24:00.993+0000] {processor.py:208} INFO - Processing /home/airflow/.local/lib/python3.12/site-packages/airflow/example_dags/example_complex.py took 0.129 seconds
[2024-12-28T21:24:31.506+0000] {processor.py:186} INFO - Started process (PID=2672) to work on /home/airflow/.local/lib/python3.12/site-packages/airflow/example_dags/example_complex.py
[2024-12-28T21:24:31.511+0000] {processor.py:914} INFO - Processing file /home/airflow/.local/lib/python3.12/site-packages/airflow/example_dags/example_complex.py for tasks to queue
[2024-12-28T21:24:31.517+0000] {logging_mixin.py:190} INFO - [2024-12-28T21:24:31.516+0000] {dagbag.py:588} INFO - Filling up the DagBag from /home/airflow/.local/lib/python3.12/site-packages/airflow/example_dags/example_complex.py
[2024-12-28T21:24:31.551+0000] {processor.py:925} INFO - DAG(s) 'example_complex' retrieved from /home/airflow/.local/lib/python3.12/site-packages/airflow/example_dags/example_complex.py
[2024-12-28T21:24:31.614+0000] {logging_mixin.py:190} INFO - [2024-12-28T21:24:31.614+0000] {dag.py:3239} INFO - Sync 1 DAGs
[2024-12-28T21:24:31.657+0000] {logging_mixin.py:190} INFO - [2024-12-28T21:24:31.656+0000] {dag.py:4180} INFO - Setting next_dagrun for example_complex to None, run_after=None
[2024-12-28T21:24:31.698+0000] {processor.py:208} INFO - Processing /home/airflow/.local/lib/python3.12/site-packages/airflow/example_dags/example_complex.py took 0.205 seconds
[2024-12-28T21:25:02.181+0000] {processor.py:186} INFO - Started process (PID=2740) to work on /home/airflow/.local/lib/python3.12/site-packages/airflow/example_dags/example_complex.py
[2024-12-28T21:25:02.184+0000] {processor.py:914} INFO - Processing file /home/airflow/.local/lib/python3.12/site-packages/airflow/example_dags/example_complex.py for tasks to queue
[2024-12-28T21:25:02.194+0000] {logging_mixin.py:190} INFO - [2024-12-28T21:25:02.193+0000] {dagbag.py:588} INFO - Filling up the DagBag from /home/airflow/.local/lib/python3.12/site-packages/airflow/example_dags/example_complex.py
[2024-12-28T21:25:02.217+0000] {processor.py:925} INFO - DAG(s) 'example_complex' retrieved from /home/airflow/.local/lib/python3.12/site-packages/airflow/example_dags/example_complex.py
[2024-12-28T21:25:02.258+0000] {logging_mixin.py:190} INFO - [2024-12-28T21:25:02.258+0000] {dag.py:3239} INFO - Sync 1 DAGs
[2024-12-28T21:25:02.278+0000] {logging_mixin.py:190} INFO - [2024-12-28T21:25:02.277+0000] {dag.py:4180} INFO - Setting next_dagrun for example_complex to None, run_after=None
[2024-12-28T21:25:02.308+0000] {processor.py:208} INFO - Processing /home/airflow/.local/lib/python3.12/site-packages/airflow/example_dags/example_complex.py took 0.145 seconds
[2024-12-28T21:25:32.465+0000] {processor.py:186} INFO - Started process (PID=2809) to work on /home/airflow/.local/lib/python3.12/site-packages/airflow/example_dags/example_complex.py
[2024-12-28T21:25:32.467+0000] {processor.py:914} INFO - Processing file /home/airflow/.local/lib/python3.12/site-packages/airflow/example_dags/example_complex.py for tasks to queue
[2024-12-28T21:25:32.469+0000] {logging_mixin.py:190} INFO - [2024-12-28T21:25:32.469+0000] {dagbag.py:588} INFO - Filling up the DagBag from /home/airflow/.local/lib/python3.12/site-packages/airflow/example_dags/example_complex.py
[2024-12-28T21:25:32.491+0000] {processor.py:925} INFO - DAG(s) 'example_complex' retrieved from /home/airflow/.local/lib/python3.12/site-packages/airflow/example_dags/example_complex.py
[2024-12-28T21:25:32.587+0000] {logging_mixin.py:190} INFO - [2024-12-28T21:25:32.587+0000] {dag.py:3239} INFO - Sync 1 DAGs
[2024-12-28T21:25:32.603+0000] {logging_mixin.py:190} INFO - [2024-12-28T21:25:32.602+0000] {dag.py:4180} INFO - Setting next_dagrun for example_complex to None, run_after=None
[2024-12-28T21:25:32.630+0000] {processor.py:208} INFO - Processing /home/airflow/.local/lib/python3.12/site-packages/airflow/example_dags/example_complex.py took 0.171 seconds
[2024-12-28T21:26:03.775+0000] {processor.py:186} INFO - Started process (PID=2878) to work on /home/airflow/.local/lib/python3.12/site-packages/airflow/example_dags/example_complex.py
[2024-12-28T21:26:03.779+0000] {processor.py:914} INFO - Processing file /home/airflow/.local/lib/python3.12/site-packages/airflow/example_dags/example_complex.py for tasks to queue
[2024-12-28T21:26:03.786+0000] {logging_mixin.py:190} INFO - [2024-12-28T21:26:03.785+0000] {dagbag.py:588} INFO - Filling up the DagBag from /home/airflow/.local/lib/python3.12/site-packages/airflow/example_dags/example_complex.py
[2024-12-28T21:26:03.838+0000] {processor.py:925} INFO - DAG(s) 'example_complex' retrieved from /home/airflow/.local/lib/python3.12/site-packages/airflow/example_dags/example_complex.py
[2024-12-28T21:26:03.904+0000] {logging_mixin.py:190} INFO - [2024-12-28T21:26:03.904+0000] {dag.py:3239} INFO - Sync 1 DAGs
[2024-12-28T21:26:03.932+0000] {logging_mixin.py:190} INFO - [2024-12-28T21:26:03.931+0000] {dag.py:4180} INFO - Setting next_dagrun for example_complex to None, run_after=None
[2024-12-28T21:26:03.993+0000] {processor.py:208} INFO - Processing /home/airflow/.local/lib/python3.12/site-packages/airflow/example_dags/example_complex.py took 0.230 seconds
[2024-12-28T21:26:34.909+0000] {processor.py:186} INFO - Started process (PID=2948) to work on /home/airflow/.local/lib/python3.12/site-packages/airflow/example_dags/example_complex.py
[2024-12-28T21:26:34.913+0000] {processor.py:914} INFO - Processing file /home/airflow/.local/lib/python3.12/site-packages/airflow/example_dags/example_complex.py for tasks to queue
[2024-12-28T21:26:34.920+0000] {logging_mixin.py:190} INFO - [2024-12-28T21:26:34.919+0000] {dagbag.py:588} INFO - Filling up the DagBag from /home/airflow/.local/lib/python3.12/site-packages/airflow/example_dags/example_complex.py
[2024-12-28T21:26:34.946+0000] {processor.py:925} INFO - DAG(s) 'example_complex' retrieved from /home/airflow/.local/lib/python3.12/site-packages/airflow/example_dags/example_complex.py
[2024-12-28T21:26:35.037+0000] {logging_mixin.py:190} INFO - [2024-12-28T21:26:35.036+0000] {dag.py:3239} INFO - Sync 1 DAGs
[2024-12-28T21:26:35.354+0000] {logging_mixin.py:190} INFO - [2024-12-28T21:26:35.353+0000] {dag.py:4180} INFO - Setting next_dagrun for example_complex to None, run_after=None
[2024-12-28T21:26:35.396+0000] {processor.py:208} INFO - Processing /home/airflow/.local/lib/python3.12/site-packages/airflow/example_dags/example_complex.py took 0.497 seconds
[2024-12-28T21:27:06.179+0000] {processor.py:186} INFO - Started process (PID=3017) to work on /home/airflow/.local/lib/python3.12/site-packages/airflow/example_dags/example_complex.py
[2024-12-28T21:27:06.193+0000] {processor.py:914} INFO - Processing file /home/airflow/.local/lib/python3.12/site-packages/airflow/example_dags/example_complex.py for tasks to queue
[2024-12-28T21:27:06.196+0000] {logging_mixin.py:190} INFO - [2024-12-28T21:27:06.195+0000] {dagbag.py:588} INFO - Filling up the DagBag from /home/airflow/.local/lib/python3.12/site-packages/airflow/example_dags/example_complex.py
[2024-12-28T21:27:06.221+0000] {processor.py:925} INFO - DAG(s) 'example_complex' retrieved from /home/airflow/.local/lib/python3.12/site-packages/airflow/example_dags/example_complex.py
[2024-12-28T21:27:06.261+0000] {logging_mixin.py:190} INFO - [2024-12-28T21:27:06.261+0000] {dag.py:3239} INFO - Sync 1 DAGs
[2024-12-28T21:27:06.476+0000] {logging_mixin.py:190} INFO - [2024-12-28T21:27:06.476+0000] {dag.py:4180} INFO - Setting next_dagrun for example_complex to None, run_after=None
[2024-12-28T21:27:06.509+0000] {processor.py:208} INFO - Processing /home/airflow/.local/lib/python3.12/site-packages/airflow/example_dags/example_complex.py took 0.338 seconds
[2024-12-28T21:27:36.893+0000] {processor.py:186} INFO - Started process (PID=3086) to work on /home/airflow/.local/lib/python3.12/site-packages/airflow/example_dags/example_complex.py
[2024-12-28T21:27:36.896+0000] {processor.py:914} INFO - Processing file /home/airflow/.local/lib/python3.12/site-packages/airflow/example_dags/example_complex.py for tasks to queue
[2024-12-28T21:27:36.900+0000] {logging_mixin.py:190} INFO - [2024-12-28T21:27:36.900+0000] {dagbag.py:588} INFO - Filling up the DagBag from /home/airflow/.local/lib/python3.12/site-packages/airflow/example_dags/example_complex.py
[2024-12-28T21:27:36.914+0000] {processor.py:925} INFO - DAG(s) 'example_complex' retrieved from /home/airflow/.local/lib/python3.12/site-packages/airflow/example_dags/example_complex.py
[2024-12-28T21:27:36.941+0000] {logging_mixin.py:190} INFO - [2024-12-28T21:27:36.941+0000] {dag.py:3239} INFO - Sync 1 DAGs
[2024-12-28T21:27:37.113+0000] {logging_mixin.py:190} INFO - [2024-12-28T21:27:37.112+0000] {dag.py:4180} INFO - Setting next_dagrun for example_complex to None, run_after=None
[2024-12-28T21:27:37.171+0000] {processor.py:208} INFO - Processing /home/airflow/.local/lib/python3.12/site-packages/airflow/example_dags/example_complex.py took 0.291 seconds
[2024-12-28T21:28:08.192+0000] {processor.py:186} INFO - Started process (PID=3155) to work on /home/airflow/.local/lib/python3.12/site-packages/airflow/example_dags/example_complex.py
[2024-12-28T21:28:08.195+0000] {processor.py:914} INFO - Processing file /home/airflow/.local/lib/python3.12/site-packages/airflow/example_dags/example_complex.py for tasks to queue
[2024-12-28T21:28:08.201+0000] {logging_mixin.py:190} INFO - [2024-12-28T21:28:08.200+0000] {dagbag.py:588} INFO - Filling up the DagBag from /home/airflow/.local/lib/python3.12/site-packages/airflow/example_dags/example_complex.py
[2024-12-28T21:28:08.222+0000] {processor.py:925} INFO - DAG(s) 'example_complex' retrieved from /home/airflow/.local/lib/python3.12/site-packages/airflow/example_dags/example_complex.py
[2024-12-28T21:28:08.258+0000] {logging_mixin.py:190} INFO - [2024-12-28T21:28:08.257+0000] {dag.py:3239} INFO - Sync 1 DAGs
[2024-12-28T21:28:08.275+0000] {logging_mixin.py:190} INFO - [2024-12-28T21:28:08.275+0000] {dag.py:4180} INFO - Setting next_dagrun for example_complex to None, run_after=None
[2024-12-28T21:28:08.317+0000] {processor.py:208} INFO - Processing /home/airflow/.local/lib/python3.12/site-packages/airflow/example_dags/example_complex.py took 0.137 seconds
[2024-12-28T21:28:38.706+0000] {processor.py:186} INFO - Started process (PID=3225) to work on /home/airflow/.local/lib/python3.12/site-packages/airflow/example_dags/example_complex.py
[2024-12-28T21:28:38.708+0000] {processor.py:914} INFO - Processing file /home/airflow/.local/lib/python3.12/site-packages/airflow/example_dags/example_complex.py for tasks to queue
[2024-12-28T21:28:38.714+0000] {logging_mixin.py:190} INFO - [2024-12-28T21:28:38.714+0000] {dagbag.py:588} INFO - Filling up the DagBag from /home/airflow/.local/lib/python3.12/site-packages/airflow/example_dags/example_complex.py
[2024-12-28T21:28:38.730+0000] {processor.py:925} INFO - DAG(s) 'example_complex' retrieved from /home/airflow/.local/lib/python3.12/site-packages/airflow/example_dags/example_complex.py
[2024-12-28T21:28:38.787+0000] {logging_mixin.py:190} INFO - [2024-12-28T21:28:38.786+0000] {dag.py:3239} INFO - Sync 1 DAGs
[2024-12-28T21:28:38.804+0000] {logging_mixin.py:190} INFO - [2024-12-28T21:28:38.804+0000] {dag.py:4180} INFO - Setting next_dagrun for example_complex to None, run_after=None
[2024-12-28T21:28:38.824+0000] {processor.py:208} INFO - Processing /home/airflow/.local/lib/python3.12/site-packages/airflow/example_dags/example_complex.py took 0.133 seconds
[2024-12-28T21:29:09.264+0000] {processor.py:186} INFO - Started process (PID=3293) to work on /home/airflow/.local/lib/python3.12/site-packages/airflow/example_dags/example_complex.py
[2024-12-28T21:29:09.267+0000] {processor.py:914} INFO - Processing file /home/airflow/.local/lib/python3.12/site-packages/airflow/example_dags/example_complex.py for tasks to queue
[2024-12-28T21:29:09.271+0000] {logging_mixin.py:190} INFO - [2024-12-28T21:29:09.270+0000] {dagbag.py:588} INFO - Filling up the DagBag from /home/airflow/.local/lib/python3.12/site-packages/airflow/example_dags/example_complex.py
[2024-12-28T21:29:09.284+0000] {processor.py:925} INFO - DAG(s) 'example_complex' retrieved from /home/airflow/.local/lib/python3.12/site-packages/airflow/example_dags/example_complex.py
[2024-12-28T21:29:09.317+0000] {logging_mixin.py:190} INFO - [2024-12-28T21:29:09.316+0000] {dag.py:3239} INFO - Sync 1 DAGs
[2024-12-28T21:29:09.337+0000] {logging_mixin.py:190} INFO - [2024-12-28T21:29:09.337+0000] {dag.py:4180} INFO - Setting next_dagrun for example_complex to None, run_after=None
[2024-12-28T21:29:09.367+0000] {processor.py:208} INFO - Processing /home/airflow/.local/lib/python3.12/site-packages/airflow/example_dags/example_complex.py took 0.110 seconds
[2024-12-28T21:29:39.754+0000] {processor.py:186} INFO - Started process (PID=3362) to work on /home/airflow/.local/lib/python3.12/site-packages/airflow/example_dags/example_complex.py
[2024-12-28T21:29:39.755+0000] {processor.py:914} INFO - Processing file /home/airflow/.local/lib/python3.12/site-packages/airflow/example_dags/example_complex.py for tasks to queue
[2024-12-28T21:29:39.758+0000] {logging_mixin.py:190} INFO - [2024-12-28T21:29:39.758+0000] {dagbag.py:588} INFO - Filling up the DagBag from /home/airflow/.local/lib/python3.12/site-packages/airflow/example_dags/example_complex.py
[2024-12-28T21:29:39.770+0000] {processor.py:925} INFO - DAG(s) 'example_complex' retrieved from /home/airflow/.local/lib/python3.12/site-packages/airflow/example_dags/example_complex.py
[2024-12-28T21:29:39.801+0000] {logging_mixin.py:190} INFO - [2024-12-28T21:29:39.800+0000] {dag.py:3239} INFO - Sync 1 DAGs
[2024-12-28T21:29:39.815+0000] {logging_mixin.py:190} INFO - [2024-12-28T21:29:39.815+0000] {dag.py:4180} INFO - Setting next_dagrun for example_complex to None, run_after=None
[2024-12-28T21:29:39.836+0000] {processor.py:208} INFO - Processing /home/airflow/.local/lib/python3.12/site-packages/airflow/example_dags/example_complex.py took 0.088 seconds
[2024-12-28T21:30:10.182+0000] {processor.py:186} INFO - Started process (PID=3432) to work on /home/airflow/.local/lib/python3.12/site-packages/airflow/example_dags/example_complex.py
[2024-12-28T21:30:10.184+0000] {processor.py:914} INFO - Processing file /home/airflow/.local/lib/python3.12/site-packages/airflow/example_dags/example_complex.py for tasks to queue
[2024-12-28T21:30:10.188+0000] {logging_mixin.py:190} INFO - [2024-12-28T21:30:10.187+0000] {dagbag.py:588} INFO - Filling up the DagBag from /home/airflow/.local/lib/python3.12/site-packages/airflow/example_dags/example_complex.py
[2024-12-28T21:30:10.207+0000] {processor.py:925} INFO - DAG(s) 'example_complex' retrieved from /home/airflow/.local/lib/python3.12/site-packages/airflow/example_dags/example_complex.py
[2024-12-28T21:30:10.254+0000] {logging_mixin.py:190} INFO - [2024-12-28T21:30:10.253+0000] {dag.py:3239} INFO - Sync 1 DAGs
[2024-12-28T21:30:10.267+0000] {logging_mixin.py:190} INFO - [2024-12-28T21:30:10.267+0000] {dag.py:4180} INFO - Setting next_dagrun for example_complex to None, run_after=None
[2024-12-28T21:30:10.284+0000] {processor.py:208} INFO - Processing /home/airflow/.local/lib/python3.12/site-packages/airflow/example_dags/example_complex.py took 0.113 seconds
[2024-12-28T21:30:40.340+0000] {processor.py:186} INFO - Started process (PID=3500) to work on /home/airflow/.local/lib/python3.12/site-packages/airflow/example_dags/example_complex.py
[2024-12-28T21:30:40.342+0000] {processor.py:914} INFO - Processing file /home/airflow/.local/lib/python3.12/site-packages/airflow/example_dags/example_complex.py for tasks to queue
[2024-12-28T21:30:40.345+0000] {logging_mixin.py:190} INFO - [2024-12-28T21:30:40.344+0000] {dagbag.py:588} INFO - Filling up the DagBag from /home/airflow/.local/lib/python3.12/site-packages/airflow/example_dags/example_complex.py
[2024-12-28T21:30:40.356+0000] {processor.py:925} INFO - DAG(s) 'example_complex' retrieved from /home/airflow/.local/lib/python3.12/site-packages/airflow/example_dags/example_complex.py
[2024-12-28T21:30:40.382+0000] {logging_mixin.py:190} INFO - [2024-12-28T21:30:40.382+0000] {dag.py:3239} INFO - Sync 1 DAGs
[2024-12-28T21:30:40.395+0000] {logging_mixin.py:190} INFO - [2024-12-28T21:30:40.395+0000] {dag.py:4180} INFO - Setting next_dagrun for example_complex to None, run_after=None
[2024-12-28T21:30:40.411+0000] {processor.py:208} INFO - Processing /home/airflow/.local/lib/python3.12/site-packages/airflow/example_dags/example_complex.py took 0.078 seconds
[2024-12-28T21:31:10.967+0000] {processor.py:186} INFO - Started process (PID=3570) to work on /home/airflow/.local/lib/python3.12/site-packages/airflow/example_dags/example_complex.py
[2024-12-28T21:31:10.968+0000] {processor.py:914} INFO - Processing file /home/airflow/.local/lib/python3.12/site-packages/airflow/example_dags/example_complex.py for tasks to queue
[2024-12-28T21:31:10.971+0000] {logging_mixin.py:190} INFO - [2024-12-28T21:31:10.971+0000] {dagbag.py:588} INFO - Filling up the DagBag from /home/airflow/.local/lib/python3.12/site-packages/airflow/example_dags/example_complex.py
[2024-12-28T21:31:10.986+0000] {processor.py:925} INFO - DAG(s) 'example_complex' retrieved from /home/airflow/.local/lib/python3.12/site-packages/airflow/example_dags/example_complex.py
[2024-12-28T21:31:11.016+0000] {logging_mixin.py:190} INFO - [2024-12-28T21:31:11.015+0000] {dag.py:3239} INFO - Sync 1 DAGs
[2024-12-28T21:31:11.029+0000] {logging_mixin.py:190} INFO - [2024-12-28T21:31:11.029+0000] {dag.py:4180} INFO - Setting next_dagrun for example_complex to None, run_after=None
[2024-12-28T21:31:11.046+0000] {processor.py:208} INFO - Processing /home/airflow/.local/lib/python3.12/site-packages/airflow/example_dags/example_complex.py took 0.087 seconds
[2024-12-28T21:31:41.570+0000] {processor.py:186} INFO - Started process (PID=3640) to work on /home/airflow/.local/lib/python3.12/site-packages/airflow/example_dags/example_complex.py
[2024-12-28T21:31:41.575+0000] {processor.py:914} INFO - Processing file /home/airflow/.local/lib/python3.12/site-packages/airflow/example_dags/example_complex.py for tasks to queue
[2024-12-28T21:31:41.581+0000] {logging_mixin.py:190} INFO - [2024-12-28T21:31:41.580+0000] {dagbag.py:588} INFO - Filling up the DagBag from /home/airflow/.local/lib/python3.12/site-packages/airflow/example_dags/example_complex.py
[2024-12-28T21:31:41.604+0000] {processor.py:925} INFO - DAG(s) 'example_complex' retrieved from /home/airflow/.local/lib/python3.12/site-packages/airflow/example_dags/example_complex.py
[2024-12-28T21:31:41.648+0000] {logging_mixin.py:190} INFO - [2024-12-28T21:31:41.648+0000] {dag.py:3239} INFO - Sync 1 DAGs
[2024-12-28T21:31:41.676+0000] {logging_mixin.py:190} INFO - [2024-12-28T21:31:41.676+0000] {dag.py:4180} INFO - Setting next_dagrun for example_complex to None, run_after=None
[2024-12-28T21:31:41.700+0000] {processor.py:208} INFO - Processing /home/airflow/.local/lib/python3.12/site-packages/airflow/example_dags/example_complex.py took 0.142 seconds
[2024-12-28T21:32:12.272+0000] {processor.py:186} INFO - Started process (PID=3710) to work on /home/airflow/.local/lib/python3.12/site-packages/airflow/example_dags/example_complex.py
[2024-12-28T21:32:12.276+0000] {processor.py:914} INFO - Processing file /home/airflow/.local/lib/python3.12/site-packages/airflow/example_dags/example_complex.py for tasks to queue
[2024-12-28T21:32:12.285+0000] {logging_mixin.py:190} INFO - [2024-12-28T21:32:12.284+0000] {dagbag.py:588} INFO - Filling up the DagBag from /home/airflow/.local/lib/python3.12/site-packages/airflow/example_dags/example_complex.py
[2024-12-28T21:32:12.313+0000] {processor.py:925} INFO - DAG(s) 'example_complex' retrieved from /home/airflow/.local/lib/python3.12/site-packages/airflow/example_dags/example_complex.py
[2024-12-28T21:32:12.382+0000] {logging_mixin.py:190} INFO - [2024-12-28T21:32:12.381+0000] {dag.py:3239} INFO - Sync 1 DAGs
[2024-12-28T21:32:12.406+0000] {logging_mixin.py:190} INFO - [2024-12-28T21:32:12.406+0000] {dag.py:4180} INFO - Setting next_dagrun for example_complex to None, run_after=None
[2024-12-28T21:32:12.444+0000] {processor.py:208} INFO - Processing /home/airflow/.local/lib/python3.12/site-packages/airflow/example_dags/example_complex.py took 0.192 seconds
[2024-12-28T21:32:43.149+0000] {processor.py:186} INFO - Started process (PID=3779) to work on /home/airflow/.local/lib/python3.12/site-packages/airflow/example_dags/example_complex.py
[2024-12-28T21:32:43.152+0000] {processor.py:914} INFO - Processing file /home/airflow/.local/lib/python3.12/site-packages/airflow/example_dags/example_complex.py for tasks to queue
[2024-12-28T21:32:43.158+0000] {logging_mixin.py:190} INFO - [2024-12-28T21:32:43.157+0000] {dagbag.py:588} INFO - Filling up the DagBag from /home/airflow/.local/lib/python3.12/site-packages/airflow/example_dags/example_complex.py
[2024-12-28T21:32:43.177+0000] {processor.py:925} INFO - DAG(s) 'example_complex' retrieved from /home/airflow/.local/lib/python3.12/site-packages/airflow/example_dags/example_complex.py
[2024-12-28T21:32:43.211+0000] {logging_mixin.py:190} INFO - [2024-12-28T21:32:43.211+0000] {dag.py:3239} INFO - Sync 1 DAGs
[2024-12-28T21:32:43.226+0000] {logging_mixin.py:190} INFO - [2024-12-28T21:32:43.226+0000] {dag.py:4180} INFO - Setting next_dagrun for example_complex to None, run_after=None
[2024-12-28T21:32:43.246+0000] {processor.py:208} INFO - Processing /home/airflow/.local/lib/python3.12/site-packages/airflow/example_dags/example_complex.py took 0.113 seconds
[2024-12-28T21:33:13.614+0000] {processor.py:186} INFO - Started process (PID=3848) to work on /home/airflow/.local/lib/python3.12/site-packages/airflow/example_dags/example_complex.py
[2024-12-28T21:33:13.621+0000] {processor.py:914} INFO - Processing file /home/airflow/.local/lib/python3.12/site-packages/airflow/example_dags/example_complex.py for tasks to queue
[2024-12-28T21:33:13.627+0000] {logging_mixin.py:190} INFO - [2024-12-28T21:33:13.626+0000] {dagbag.py:588} INFO - Filling up the DagBag from /home/airflow/.local/lib/python3.12/site-packages/airflow/example_dags/example_complex.py
[2024-12-28T21:33:13.648+0000] {processor.py:925} INFO - DAG(s) 'example_complex' retrieved from /home/airflow/.local/lib/python3.12/site-packages/airflow/example_dags/example_complex.py
[2024-12-28T21:33:13.686+0000] {logging_mixin.py:190} INFO - [2024-12-28T21:33:13.686+0000] {dag.py:3239} INFO - Sync 1 DAGs
[2024-12-28T21:33:13.701+0000] {logging_mixin.py:190} INFO - [2024-12-28T21:33:13.701+0000] {dag.py:4180} INFO - Setting next_dagrun for example_complex to None, run_after=None
[2024-12-28T21:33:13.723+0000] {processor.py:208} INFO - Processing /home/airflow/.local/lib/python3.12/site-packages/airflow/example_dags/example_complex.py took 0.123 seconds
[2024-12-28T21:33:43.881+0000] {processor.py:186} INFO - Started process (PID=3917) to work on /home/airflow/.local/lib/python3.12/site-packages/airflow/example_dags/example_complex.py
[2024-12-28T21:33:43.883+0000] {processor.py:914} INFO - Processing file /home/airflow/.local/lib/python3.12/site-packages/airflow/example_dags/example_complex.py for tasks to queue
[2024-12-28T21:33:43.887+0000] {logging_mixin.py:190} INFO - [2024-12-28T21:33:43.886+0000] {dagbag.py:588} INFO - Filling up the DagBag from /home/airflow/.local/lib/python3.12/site-packages/airflow/example_dags/example_complex.py
[2024-12-28T21:33:43.900+0000] {processor.py:925} INFO - DAG(s) 'example_complex' retrieved from /home/airflow/.local/lib/python3.12/site-packages/airflow/example_dags/example_complex.py
[2024-12-28T21:33:43.964+0000] {logging_mixin.py:190} INFO - [2024-12-28T21:33:43.964+0000] {dag.py:3239} INFO - Sync 1 DAGs
[2024-12-28T21:33:43.984+0000] {logging_mixin.py:190} INFO - [2024-12-28T21:33:43.983+0000] {dag.py:4180} INFO - Setting next_dagrun for example_complex to None, run_after=None
[2024-12-28T21:33:44.007+0000] {processor.py:208} INFO - Processing /home/airflow/.local/lib/python3.12/site-packages/airflow/example_dags/example_complex.py took 0.132 seconds
[2024-12-28T21:34:14.782+0000] {processor.py:186} INFO - Started process (PID=3986) to work on /home/airflow/.local/lib/python3.12/site-packages/airflow/example_dags/example_complex.py
[2024-12-28T21:34:14.785+0000] {processor.py:914} INFO - Processing file /home/airflow/.local/lib/python3.12/site-packages/airflow/example_dags/example_complex.py for tasks to queue
[2024-12-28T21:34:14.794+0000] {logging_mixin.py:190} INFO - [2024-12-28T21:34:14.793+0000] {dagbag.py:588} INFO - Filling up the DagBag from /home/airflow/.local/lib/python3.12/site-packages/airflow/example_dags/example_complex.py
[2024-12-28T21:34:14.817+0000] {processor.py:925} INFO - DAG(s) 'example_complex' retrieved from /home/airflow/.local/lib/python3.12/site-packages/airflow/example_dags/example_complex.py
[2024-12-28T21:34:14.853+0000] {logging_mixin.py:190} INFO - [2024-12-28T21:34:14.853+0000] {dag.py:3239} INFO - Sync 1 DAGs
[2024-12-28T21:34:14.874+0000] {logging_mixin.py:190} INFO - [2024-12-28T21:34:14.874+0000] {dag.py:4180} INFO - Setting next_dagrun for example_complex to None, run_after=None
[2024-12-28T21:34:14.915+0000] {processor.py:208} INFO - Processing /home/airflow/.local/lib/python3.12/site-packages/airflow/example_dags/example_complex.py took 0.154 seconds
[2024-12-28T21:34:45.299+0000] {processor.py:186} INFO - Started process (PID=4055) to work on /home/airflow/.local/lib/python3.12/site-packages/airflow/example_dags/example_complex.py
[2024-12-28T21:34:45.302+0000] {processor.py:914} INFO - Processing file /home/airflow/.local/lib/python3.12/site-packages/airflow/example_dags/example_complex.py for tasks to queue
[2024-12-28T21:34:45.307+0000] {logging_mixin.py:190} INFO - [2024-12-28T21:34:45.306+0000] {dagbag.py:588} INFO - Filling up the DagBag from /home/airflow/.local/lib/python3.12/site-packages/airflow/example_dags/example_complex.py
[2024-12-28T21:34:45.324+0000] {processor.py:925} INFO - DAG(s) 'example_complex' retrieved from /home/airflow/.local/lib/python3.12/site-packages/airflow/example_dags/example_complex.py
[2024-12-28T21:34:45.364+0000] {logging_mixin.py:190} INFO - [2024-12-28T21:34:45.363+0000] {dag.py:3239} INFO - Sync 1 DAGs
[2024-12-28T21:34:45.392+0000] {logging_mixin.py:190} INFO - [2024-12-28T21:34:45.392+0000] {dag.py:4180} INFO - Setting next_dagrun for example_complex to None, run_after=None
[2024-12-28T21:34:45.423+0000] {processor.py:208} INFO - Processing /home/airflow/.local/lib/python3.12/site-packages/airflow/example_dags/example_complex.py took 0.132 seconds
[2024-12-28T21:35:15.909+0000] {processor.py:186} INFO - Started process (PID=4124) to work on /home/airflow/.local/lib/python3.12/site-packages/airflow/example_dags/example_complex.py
[2024-12-28T21:35:15.912+0000] {processor.py:914} INFO - Processing file /home/airflow/.local/lib/python3.12/site-packages/airflow/example_dags/example_complex.py for tasks to queue
[2024-12-28T21:35:15.915+0000] {logging_mixin.py:190} INFO - [2024-12-28T21:35:15.915+0000] {dagbag.py:588} INFO - Filling up the DagBag from /home/airflow/.local/lib/python3.12/site-packages/airflow/example_dags/example_complex.py
[2024-12-28T21:35:15.929+0000] {processor.py:925} INFO - DAG(s) 'example_complex' retrieved from /home/airflow/.local/lib/python3.12/site-packages/airflow/example_dags/example_complex.py
[2024-12-28T21:35:15.966+0000] {logging_mixin.py:190} INFO - [2024-12-28T21:35:15.965+0000] {dag.py:3239} INFO - Sync 1 DAGs
[2024-12-28T21:35:15.984+0000] {logging_mixin.py:190} INFO - [2024-12-28T21:35:15.983+0000] {dag.py:4180} INFO - Setting next_dagrun for example_complex to None, run_after=None
[2024-12-28T21:35:16.011+0000] {processor.py:208} INFO - Processing /home/airflow/.local/lib/python3.12/site-packages/airflow/example_dags/example_complex.py took 0.108 seconds
[2024-12-28T21:35:46.728+0000] {processor.py:186} INFO - Started process (PID=4192) to work on /home/airflow/.local/lib/python3.12/site-packages/airflow/example_dags/example_complex.py
[2024-12-28T21:35:46.731+0000] {processor.py:914} INFO - Processing file /home/airflow/.local/lib/python3.12/site-packages/airflow/example_dags/example_complex.py for tasks to queue
[2024-12-28T21:35:46.736+0000] {logging_mixin.py:190} INFO - [2024-12-28T21:35:46.736+0000] {dagbag.py:588} INFO - Filling up the DagBag from /home/airflow/.local/lib/python3.12/site-packages/airflow/example_dags/example_complex.py
[2024-12-28T21:35:46.749+0000] {processor.py:925} INFO - DAG(s) 'example_complex' retrieved from /home/airflow/.local/lib/python3.12/site-packages/airflow/example_dags/example_complex.py
[2024-12-28T21:35:46.779+0000] {logging_mixin.py:190} INFO - [2024-12-28T21:35:46.778+0000] {dag.py:3239} INFO - Sync 1 DAGs
[2024-12-28T21:35:46.793+0000] {logging_mixin.py:190} INFO - [2024-12-28T21:35:46.792+0000] {dag.py:4180} INFO - Setting next_dagrun for example_complex to None, run_after=None
[2024-12-28T21:35:46.821+0000] {processor.py:208} INFO - Processing /home/airflow/.local/lib/python3.12/site-packages/airflow/example_dags/example_complex.py took 0.102 seconds
[2024-12-28T21:36:17.432+0000] {processor.py:186} INFO - Started process (PID=4261) to work on /home/airflow/.local/lib/python3.12/site-packages/airflow/example_dags/example_complex.py
[2024-12-28T21:36:17.435+0000] {processor.py:914} INFO - Processing file /home/airflow/.local/lib/python3.12/site-packages/airflow/example_dags/example_complex.py for tasks to queue
[2024-12-28T21:36:17.441+0000] {logging_mixin.py:190} INFO - [2024-12-28T21:36:17.441+0000] {dagbag.py:588} INFO - Filling up the DagBag from /home/airflow/.local/lib/python3.12/site-packages/airflow/example_dags/example_complex.py
[2024-12-28T21:36:17.459+0000] {processor.py:925} INFO - DAG(s) 'example_complex' retrieved from /home/airflow/.local/lib/python3.12/site-packages/airflow/example_dags/example_complex.py
[2024-12-28T21:36:17.487+0000] {logging_mixin.py:190} INFO - [2024-12-28T21:36:17.487+0000] {dag.py:3239} INFO - Sync 1 DAGs
[2024-12-28T21:36:17.501+0000] {logging_mixin.py:190} INFO - [2024-12-28T21:36:17.501+0000] {dag.py:4180} INFO - Setting next_dagrun for example_complex to None, run_after=None
[2024-12-28T21:36:17.520+0000] {processor.py:208} INFO - Processing /home/airflow/.local/lib/python3.12/site-packages/airflow/example_dags/example_complex.py took 0.101 seconds
