[2024-12-28T21:05:15.903+0000] {processor.py:186} INFO - Started process (PID=102) to work on /home/airflow/.local/lib/python3.12/site-packages/airflow/example_dags/example_display_name.py
[2024-12-28T21:05:15.905+0000] {processor.py:914} INFO - Processing file /home/airflow/.local/lib/python3.12/site-packages/airflow/example_dags/example_display_name.py for tasks to queue
[2024-12-28T21:05:15.908+0000] {logging_mixin.py:190} INFO - [2024-12-28T21:05:15.908+0000] {dagbag.py:588} INFO - Filling up the DagBag from /home/airflow/.local/lib/python3.12/site-packages/airflow/example_dags/example_display_name.py
[2024-12-28T21:05:15.916+0000] {processor.py:925} INFO - DAG(s) 'example_display_name' retrieved from /home/airflow/.local/lib/python3.12/site-packages/airflow/example_dags/example_display_name.py
[2024-12-28T21:05:16.097+0000] {logging_mixin.py:190} INFO - [2024-12-28T21:05:16.095+0000] {override.py:1911} INFO - Created Permission View: can edit on DAG:example_display_name
[2024-12-28T21:05:16.113+0000] {logging_mixin.py:190} INFO - [2024-12-28T21:05:16.113+0000] {override.py:1911} INFO - Created Permission View: can read on DAG:example_display_name
[2024-12-28T21:05:16.124+0000] {logging_mixin.py:190} INFO - [2024-12-28T21:05:16.123+0000] {override.py:1911} INFO - Created Permission View: can delete on DAG:example_display_name
[2024-12-28T21:05:16.133+0000] {logging_mixin.py:190} INFO - [2024-12-28T21:05:16.133+0000] {override.py:1911} INFO - Created Permission View: menu access on DAG Run:example_display_name
[2024-12-28T21:05:16.141+0000] {logging_mixin.py:190} INFO - [2024-12-28T21:05:16.140+0000] {override.py:1911} INFO - Created Permission View: can read on DAG Run:example_display_name
[2024-12-28T21:05:16.148+0000] {logging_mixin.py:190} INFO - [2024-12-28T21:05:16.147+0000] {override.py:1911} INFO - Created Permission View: can delete on DAG Run:example_display_name
[2024-12-28T21:05:16.154+0000] {logging_mixin.py:190} INFO - [2024-12-28T21:05:16.154+0000] {override.py:1911} INFO - Created Permission View: can create on DAG Run:example_display_name
[2024-12-28T21:05:16.156+0000] {logging_mixin.py:190} INFO - [2024-12-28T21:05:16.155+0000] {dag.py:3239} INFO - Sync 1 DAGs
[2024-12-28T21:05:16.167+0000] {logging_mixin.py:190} INFO - [2024-12-28T21:05:16.167+0000] {dag.py:3262} INFO - Creating ORM DAG for example_display_name
[2024-12-28T21:05:16.169+0000] {logging_mixin.py:190} INFO - [2024-12-28T21:05:16.168+0000] {dag.py:4180} INFO - Setting next_dagrun for example_display_name to None, run_after=None
[2024-12-28T21:05:16.184+0000] {processor.py:208} INFO - Processing /home/airflow/.local/lib/python3.12/site-packages/airflow/example_dags/example_display_name.py took 0.288 seconds
[2024-12-28T21:05:46.524+0000] {processor.py:186} INFO - Started process (PID=171) to work on /home/airflow/.local/lib/python3.12/site-packages/airflow/example_dags/example_display_name.py
[2024-12-28T21:05:46.526+0000] {processor.py:914} INFO - Processing file /home/airflow/.local/lib/python3.12/site-packages/airflow/example_dags/example_display_name.py for tasks to queue
[2024-12-28T21:05:46.529+0000] {logging_mixin.py:190} INFO - [2024-12-28T21:05:46.529+0000] {dagbag.py:588} INFO - Filling up the DagBag from /home/airflow/.local/lib/python3.12/site-packages/airflow/example_dags/example_display_name.py
[2024-12-28T21:05:46.537+0000] {processor.py:925} INFO - DAG(s) 'example_display_name' retrieved from /home/airflow/.local/lib/python3.12/site-packages/airflow/example_dags/example_display_name.py
[2024-12-28T21:05:46.557+0000] {logging_mixin.py:190} INFO - [2024-12-28T21:05:46.556+0000] {dag.py:3239} INFO - Sync 1 DAGs
[2024-12-28T21:05:46.573+0000] {logging_mixin.py:190} INFO - [2024-12-28T21:05:46.572+0000] {dag.py:4180} INFO - Setting next_dagrun for example_display_name to None, run_after=None
[2024-12-28T21:05:46.590+0000] {processor.py:208} INFO - Processing /home/airflow/.local/lib/python3.12/site-packages/airflow/example_dags/example_display_name.py took 0.075 seconds
[2024-12-28T21:06:17.839+0000] {processor.py:186} INFO - Started process (PID=240) to work on /home/airflow/.local/lib/python3.12/site-packages/airflow/example_dags/example_display_name.py
[2024-12-28T21:06:17.842+0000] {processor.py:914} INFO - Processing file /home/airflow/.local/lib/python3.12/site-packages/airflow/example_dags/example_display_name.py for tasks to queue
[2024-12-28T21:06:17.846+0000] {logging_mixin.py:190} INFO - [2024-12-28T21:06:17.845+0000] {dagbag.py:588} INFO - Filling up the DagBag from /home/airflow/.local/lib/python3.12/site-packages/airflow/example_dags/example_display_name.py
[2024-12-28T21:06:17.859+0000] {processor.py:925} INFO - DAG(s) 'example_display_name' retrieved from /home/airflow/.local/lib/python3.12/site-packages/airflow/example_dags/example_display_name.py
[2024-12-28T21:06:17.886+0000] {logging_mixin.py:190} INFO - [2024-12-28T21:06:17.886+0000] {dag.py:3239} INFO - Sync 1 DAGs
[2024-12-28T21:06:17.901+0000] {logging_mixin.py:190} INFO - [2024-12-28T21:06:17.900+0000] {dag.py:4180} INFO - Setting next_dagrun for example_display_name to None, run_after=None
[2024-12-28T21:06:17.916+0000] {processor.py:208} INFO - Processing /home/airflow/.local/lib/python3.12/site-packages/airflow/example_dags/example_display_name.py took 0.087 seconds
[2024-12-28T21:06:48.926+0000] {processor.py:186} INFO - Started process (PID=309) to work on /home/airflow/.local/lib/python3.12/site-packages/airflow/example_dags/example_display_name.py
[2024-12-28T21:06:48.928+0000] {processor.py:914} INFO - Processing file /home/airflow/.local/lib/python3.12/site-packages/airflow/example_dags/example_display_name.py for tasks to queue
[2024-12-28T21:06:48.932+0000] {logging_mixin.py:190} INFO - [2024-12-28T21:06:48.931+0000] {dagbag.py:588} INFO - Filling up the DagBag from /home/airflow/.local/lib/python3.12/site-packages/airflow/example_dags/example_display_name.py
[2024-12-28T21:06:48.948+0000] {processor.py:925} INFO - DAG(s) 'example_display_name' retrieved from /home/airflow/.local/lib/python3.12/site-packages/airflow/example_dags/example_display_name.py
[2024-12-28T21:06:48.972+0000] {logging_mixin.py:190} INFO - [2024-12-28T21:06:48.971+0000] {dag.py:3239} INFO - Sync 1 DAGs
[2024-12-28T21:06:48.986+0000] {logging_mixin.py:190} INFO - [2024-12-28T21:06:48.986+0000] {dag.py:4180} INFO - Setting next_dagrun for example_display_name to None, run_after=None
[2024-12-28T21:06:49.006+0000] {processor.py:208} INFO - Processing /home/airflow/.local/lib/python3.12/site-packages/airflow/example_dags/example_display_name.py took 0.092 seconds
[2024-12-28T21:07:20.508+0000] {processor.py:186} INFO - Started process (PID=378) to work on /home/airflow/.local/lib/python3.12/site-packages/airflow/example_dags/example_display_name.py
[2024-12-28T21:07:20.511+0000] {processor.py:914} INFO - Processing file /home/airflow/.local/lib/python3.12/site-packages/airflow/example_dags/example_display_name.py for tasks to queue
[2024-12-28T21:07:20.518+0000] {logging_mixin.py:190} INFO - [2024-12-28T21:07:20.517+0000] {dagbag.py:588} INFO - Filling up the DagBag from /home/airflow/.local/lib/python3.12/site-packages/airflow/example_dags/example_display_name.py
[2024-12-28T21:07:20.534+0000] {processor.py:925} INFO - DAG(s) 'example_display_name' retrieved from /home/airflow/.local/lib/python3.12/site-packages/airflow/example_dags/example_display_name.py
[2024-12-28T21:07:20.565+0000] {logging_mixin.py:190} INFO - [2024-12-28T21:07:20.565+0000] {dag.py:3239} INFO - Sync 1 DAGs
[2024-12-28T21:07:20.590+0000] {logging_mixin.py:190} INFO - [2024-12-28T21:07:20.590+0000] {dag.py:4180} INFO - Setting next_dagrun for example_display_name to None, run_after=None
[2024-12-28T21:07:20.611+0000] {processor.py:208} INFO - Processing /home/airflow/.local/lib/python3.12/site-packages/airflow/example_dags/example_display_name.py took 0.113 seconds
[2024-12-28T21:07:52.381+0000] {processor.py:186} INFO - Started process (PID=448) to work on /home/airflow/.local/lib/python3.12/site-packages/airflow/example_dags/example_display_name.py
[2024-12-28T21:07:52.384+0000] {processor.py:914} INFO - Processing file /home/airflow/.local/lib/python3.12/site-packages/airflow/example_dags/example_display_name.py for tasks to queue
[2024-12-28T21:07:52.389+0000] {logging_mixin.py:190} INFO - [2024-12-28T21:07:52.388+0000] {dagbag.py:588} INFO - Filling up the DagBag from /home/airflow/.local/lib/python3.12/site-packages/airflow/example_dags/example_display_name.py
[2024-12-28T21:07:52.407+0000] {processor.py:925} INFO - DAG(s) 'example_display_name' retrieved from /home/airflow/.local/lib/python3.12/site-packages/airflow/example_dags/example_display_name.py
[2024-12-28T21:07:52.446+0000] {logging_mixin.py:190} INFO - [2024-12-28T21:07:52.445+0000] {dag.py:3239} INFO - Sync 1 DAGs
[2024-12-28T21:07:52.472+0000] {logging_mixin.py:190} INFO - [2024-12-28T21:07:52.472+0000] {dag.py:4180} INFO - Setting next_dagrun for example_display_name to None, run_after=None
[2024-12-28T21:07:52.535+0000] {processor.py:208} INFO - Processing /home/airflow/.local/lib/python3.12/site-packages/airflow/example_dags/example_display_name.py took 0.165 seconds
[2024-12-28T21:08:23.411+0000] {processor.py:186} INFO - Started process (PID=516) to work on /home/airflow/.local/lib/python3.12/site-packages/airflow/example_dags/example_display_name.py
[2024-12-28T21:08:23.416+0000] {processor.py:914} INFO - Processing file /home/airflow/.local/lib/python3.12/site-packages/airflow/example_dags/example_display_name.py for tasks to queue
[2024-12-28T21:08:23.423+0000] {logging_mixin.py:190} INFO - [2024-12-28T21:08:23.422+0000] {dagbag.py:588} INFO - Filling up the DagBag from /home/airflow/.local/lib/python3.12/site-packages/airflow/example_dags/example_display_name.py
[2024-12-28T21:08:23.437+0000] {processor.py:925} INFO - DAG(s) 'example_display_name' retrieved from /home/airflow/.local/lib/python3.12/site-packages/airflow/example_dags/example_display_name.py
[2024-12-28T21:08:23.498+0000] {logging_mixin.py:190} INFO - [2024-12-28T21:08:23.497+0000] {dag.py:3239} INFO - Sync 1 DAGs
[2024-12-28T21:08:23.521+0000] {logging_mixin.py:190} INFO - [2024-12-28T21:08:23.520+0000] {dag.py:4180} INFO - Setting next_dagrun for example_display_name to None, run_after=None
[2024-12-28T21:08:23.547+0000] {processor.py:208} INFO - Processing /home/airflow/.local/lib/python3.12/site-packages/airflow/example_dags/example_display_name.py took 0.158 seconds
[2024-12-28T21:08:54.305+0000] {processor.py:186} INFO - Started process (PID=586) to work on /home/airflow/.local/lib/python3.12/site-packages/airflow/example_dags/example_display_name.py
[2024-12-28T21:08:54.308+0000] {processor.py:914} INFO - Processing file /home/airflow/.local/lib/python3.12/site-packages/airflow/example_dags/example_display_name.py for tasks to queue
[2024-12-28T21:08:54.315+0000] {logging_mixin.py:190} INFO - [2024-12-28T21:08:54.314+0000] {dagbag.py:588} INFO - Filling up the DagBag from /home/airflow/.local/lib/python3.12/site-packages/airflow/example_dags/example_display_name.py
[2024-12-28T21:08:54.348+0000] {processor.py:925} INFO - DAG(s) 'example_display_name' retrieved from /home/airflow/.local/lib/python3.12/site-packages/airflow/example_dags/example_display_name.py
[2024-12-28T21:08:54.372+0000] {logging_mixin.py:190} INFO - [2024-12-28T21:08:54.371+0000] {dag.py:3239} INFO - Sync 1 DAGs
[2024-12-28T21:08:54.399+0000] {logging_mixin.py:190} INFO - [2024-12-28T21:08:54.399+0000] {dag.py:4180} INFO - Setting next_dagrun for example_display_name to None, run_after=None
[2024-12-28T21:08:54.439+0000] {processor.py:208} INFO - Processing /home/airflow/.local/lib/python3.12/site-packages/airflow/example_dags/example_display_name.py took 0.145 seconds
[2024-12-28T21:09:24.751+0000] {processor.py:186} INFO - Started process (PID=654) to work on /home/airflow/.local/lib/python3.12/site-packages/airflow/example_dags/example_display_name.py
[2024-12-28T21:09:24.752+0000] {processor.py:914} INFO - Processing file /home/airflow/.local/lib/python3.12/site-packages/airflow/example_dags/example_display_name.py for tasks to queue
[2024-12-28T21:09:24.756+0000] {logging_mixin.py:190} INFO - [2024-12-28T21:09:24.755+0000] {dagbag.py:588} INFO - Filling up the DagBag from /home/airflow/.local/lib/python3.12/site-packages/airflow/example_dags/example_display_name.py
[2024-12-28T21:09:24.766+0000] {processor.py:925} INFO - DAG(s) 'example_display_name' retrieved from /home/airflow/.local/lib/python3.12/site-packages/airflow/example_dags/example_display_name.py
[2024-12-28T21:09:24.797+0000] {logging_mixin.py:190} INFO - [2024-12-28T21:09:24.797+0000] {dag.py:3239} INFO - Sync 1 DAGs
[2024-12-28T21:09:24.825+0000] {logging_mixin.py:190} INFO - [2024-12-28T21:09:24.824+0000] {dag.py:4180} INFO - Setting next_dagrun for example_display_name to None, run_after=None
[2024-12-28T21:09:24.861+0000] {processor.py:208} INFO - Processing /home/airflow/.local/lib/python3.12/site-packages/airflow/example_dags/example_display_name.py took 0.117 seconds
[2024-12-28T21:09:55.067+0000] {processor.py:186} INFO - Started process (PID=722) to work on /home/airflow/.local/lib/python3.12/site-packages/airflow/example_dags/example_display_name.py
[2024-12-28T21:09:55.069+0000] {processor.py:914} INFO - Processing file /home/airflow/.local/lib/python3.12/site-packages/airflow/example_dags/example_display_name.py for tasks to queue
[2024-12-28T21:09:55.073+0000] {logging_mixin.py:190} INFO - [2024-12-28T21:09:55.072+0000] {dagbag.py:588} INFO - Filling up the DagBag from /home/airflow/.local/lib/python3.12/site-packages/airflow/example_dags/example_display_name.py
[2024-12-28T21:09:55.084+0000] {processor.py:925} INFO - DAG(s) 'example_display_name' retrieved from /home/airflow/.local/lib/python3.12/site-packages/airflow/example_dags/example_display_name.py
[2024-12-28T21:09:55.115+0000] {logging_mixin.py:190} INFO - [2024-12-28T21:09:55.115+0000] {dag.py:3239} INFO - Sync 1 DAGs
[2024-12-28T21:09:55.154+0000] {logging_mixin.py:190} INFO - [2024-12-28T21:09:55.153+0000] {dag.py:4180} INFO - Setting next_dagrun for example_display_name to None, run_after=None
[2024-12-28T21:09:55.210+0000] {processor.py:208} INFO - Processing /home/airflow/.local/lib/python3.12/site-packages/airflow/example_dags/example_display_name.py took 0.153 seconds
[2024-12-28T21:10:25.915+0000] {processor.py:186} INFO - Started process (PID=791) to work on /home/airflow/.local/lib/python3.12/site-packages/airflow/example_dags/example_display_name.py
[2024-12-28T21:10:25.917+0000] {processor.py:914} INFO - Processing file /home/airflow/.local/lib/python3.12/site-packages/airflow/example_dags/example_display_name.py for tasks to queue
[2024-12-28T21:10:25.920+0000] {logging_mixin.py:190} INFO - [2024-12-28T21:10:25.919+0000] {dagbag.py:588} INFO - Filling up the DagBag from /home/airflow/.local/lib/python3.12/site-packages/airflow/example_dags/example_display_name.py
[2024-12-28T21:10:25.937+0000] {processor.py:925} INFO - DAG(s) 'example_display_name' retrieved from /home/airflow/.local/lib/python3.12/site-packages/airflow/example_dags/example_display_name.py
[2024-12-28T21:10:25.968+0000] {logging_mixin.py:190} INFO - [2024-12-28T21:10:25.968+0000] {dag.py:3239} INFO - Sync 1 DAGs
[2024-12-28T21:10:25.993+0000] {logging_mixin.py:190} INFO - [2024-12-28T21:10:25.993+0000] {dag.py:4180} INFO - Setting next_dagrun for example_display_name to None, run_after=None
[2024-12-28T21:10:26.018+0000] {processor.py:208} INFO - Processing /home/airflow/.local/lib/python3.12/site-packages/airflow/example_dags/example_display_name.py took 0.114 seconds
[2024-12-28T21:10:56.669+0000] {processor.py:186} INFO - Started process (PID=859) to work on /home/airflow/.local/lib/python3.12/site-packages/airflow/example_dags/example_display_name.py
[2024-12-28T21:10:56.672+0000] {processor.py:914} INFO - Processing file /home/airflow/.local/lib/python3.12/site-packages/airflow/example_dags/example_display_name.py for tasks to queue
[2024-12-28T21:10:56.677+0000] {logging_mixin.py:190} INFO - [2024-12-28T21:10:56.676+0000] {dagbag.py:588} INFO - Filling up the DagBag from /home/airflow/.local/lib/python3.12/site-packages/airflow/example_dags/example_display_name.py
[2024-12-28T21:10:56.692+0000] {processor.py:925} INFO - DAG(s) 'example_display_name' retrieved from /home/airflow/.local/lib/python3.12/site-packages/airflow/example_dags/example_display_name.py
[2024-12-28T21:10:56.730+0000] {logging_mixin.py:190} INFO - [2024-12-28T21:10:56.730+0000] {dag.py:3239} INFO - Sync 1 DAGs
[2024-12-28T21:10:56.751+0000] {logging_mixin.py:190} INFO - [2024-12-28T21:10:56.751+0000] {dag.py:4180} INFO - Setting next_dagrun for example_display_name to None, run_after=None
[2024-12-28T21:10:56.769+0000] {processor.py:208} INFO - Processing /home/airflow/.local/lib/python3.12/site-packages/airflow/example_dags/example_display_name.py took 0.112 seconds
[2024-12-28T21:11:27.247+0000] {processor.py:186} INFO - Started process (PID=928) to work on /home/airflow/.local/lib/python3.12/site-packages/airflow/example_dags/example_display_name.py
[2024-12-28T21:11:27.250+0000] {processor.py:914} INFO - Processing file /home/airflow/.local/lib/python3.12/site-packages/airflow/example_dags/example_display_name.py for tasks to queue
[2024-12-28T21:11:27.255+0000] {logging_mixin.py:190} INFO - [2024-12-28T21:11:27.255+0000] {dagbag.py:588} INFO - Filling up the DagBag from /home/airflow/.local/lib/python3.12/site-packages/airflow/example_dags/example_display_name.py
[2024-12-28T21:11:27.276+0000] {processor.py:925} INFO - DAG(s) 'example_display_name' retrieved from /home/airflow/.local/lib/python3.12/site-packages/airflow/example_dags/example_display_name.py
[2024-12-28T21:11:27.339+0000] {logging_mixin.py:190} INFO - [2024-12-28T21:11:27.338+0000] {dag.py:3239} INFO - Sync 1 DAGs
[2024-12-28T21:11:27.382+0000] {logging_mixin.py:190} INFO - [2024-12-28T21:11:27.381+0000] {dag.py:4180} INFO - Setting next_dagrun for example_display_name to None, run_after=None
[2024-12-28T21:11:27.433+0000] {processor.py:208} INFO - Processing /home/airflow/.local/lib/python3.12/site-packages/airflow/example_dags/example_display_name.py took 0.202 seconds
[2024-12-28T21:11:57.834+0000] {processor.py:186} INFO - Started process (PID=997) to work on /home/airflow/.local/lib/python3.12/site-packages/airflow/example_dags/example_display_name.py
[2024-12-28T21:11:57.837+0000] {processor.py:914} INFO - Processing file /home/airflow/.local/lib/python3.12/site-packages/airflow/example_dags/example_display_name.py for tasks to queue
[2024-12-28T21:11:57.842+0000] {logging_mixin.py:190} INFO - [2024-12-28T21:11:57.841+0000] {dagbag.py:588} INFO - Filling up the DagBag from /home/airflow/.local/lib/python3.12/site-packages/airflow/example_dags/example_display_name.py
[2024-12-28T21:11:57.853+0000] {processor.py:925} INFO - DAG(s) 'example_display_name' retrieved from /home/airflow/.local/lib/python3.12/site-packages/airflow/example_dags/example_display_name.py
[2024-12-28T21:11:57.875+0000] {logging_mixin.py:190} INFO - [2024-12-28T21:11:57.875+0000] {dag.py:3239} INFO - Sync 1 DAGs
[2024-12-28T21:11:57.891+0000] {logging_mixin.py:190} INFO - [2024-12-28T21:11:57.890+0000] {dag.py:4180} INFO - Setting next_dagrun for example_display_name to None, run_after=None
[2024-12-28T21:11:57.909+0000] {processor.py:208} INFO - Processing /home/airflow/.local/lib/python3.12/site-packages/airflow/example_dags/example_display_name.py took 0.084 seconds
[2024-12-28T21:12:28.479+0000] {processor.py:186} INFO - Started process (PID=1066) to work on /home/airflow/.local/lib/python3.12/site-packages/airflow/example_dags/example_display_name.py
[2024-12-28T21:12:28.483+0000] {processor.py:914} INFO - Processing file /home/airflow/.local/lib/python3.12/site-packages/airflow/example_dags/example_display_name.py for tasks to queue
[2024-12-28T21:12:28.490+0000] {logging_mixin.py:190} INFO - [2024-12-28T21:12:28.489+0000] {dagbag.py:588} INFO - Filling up the DagBag from /home/airflow/.local/lib/python3.12/site-packages/airflow/example_dags/example_display_name.py
[2024-12-28T21:12:28.507+0000] {processor.py:925} INFO - DAG(s) 'example_display_name' retrieved from /home/airflow/.local/lib/python3.12/site-packages/airflow/example_dags/example_display_name.py
[2024-12-28T21:12:28.537+0000] {logging_mixin.py:190} INFO - [2024-12-28T21:12:28.537+0000] {dag.py:3239} INFO - Sync 1 DAGs
[2024-12-28T21:12:28.561+0000] {logging_mixin.py:190} INFO - [2024-12-28T21:12:28.561+0000] {dag.py:4180} INFO - Setting next_dagrun for example_display_name to None, run_after=None
[2024-12-28T21:12:28.597+0000] {processor.py:208} INFO - Processing /home/airflow/.local/lib/python3.12/site-packages/airflow/example_dags/example_display_name.py took 0.131 seconds
[2024-12-28T21:12:59.279+0000] {processor.py:186} INFO - Started process (PID=1135) to work on /home/airflow/.local/lib/python3.12/site-packages/airflow/example_dags/example_display_name.py
[2024-12-28T21:12:59.283+0000] {processor.py:914} INFO - Processing file /home/airflow/.local/lib/python3.12/site-packages/airflow/example_dags/example_display_name.py for tasks to queue
[2024-12-28T21:12:59.291+0000] {logging_mixin.py:190} INFO - [2024-12-28T21:12:59.290+0000] {dagbag.py:588} INFO - Filling up the DagBag from /home/airflow/.local/lib/python3.12/site-packages/airflow/example_dags/example_display_name.py
[2024-12-28T21:12:59.307+0000] {processor.py:925} INFO - DAG(s) 'example_display_name' retrieved from /home/airflow/.local/lib/python3.12/site-packages/airflow/example_dags/example_display_name.py
[2024-12-28T21:12:59.336+0000] {logging_mixin.py:190} INFO - [2024-12-28T21:12:59.336+0000] {dag.py:3239} INFO - Sync 1 DAGs
[2024-12-28T21:12:59.362+0000] {logging_mixin.py:190} INFO - [2024-12-28T21:12:59.362+0000] {dag.py:4180} INFO - Setting next_dagrun for example_display_name to None, run_after=None
[2024-12-28T21:12:59.384+0000] {processor.py:208} INFO - Processing /home/airflow/.local/lib/python3.12/site-packages/airflow/example_dags/example_display_name.py took 0.120 seconds
[2024-12-28T21:13:29.676+0000] {processor.py:186} INFO - Started process (PID=1204) to work on /home/airflow/.local/lib/python3.12/site-packages/airflow/example_dags/example_display_name.py
[2024-12-28T21:13:29.677+0000] {processor.py:914} INFO - Processing file /home/airflow/.local/lib/python3.12/site-packages/airflow/example_dags/example_display_name.py for tasks to queue
[2024-12-28T21:13:29.680+0000] {logging_mixin.py:190} INFO - [2024-12-28T21:13:29.680+0000] {dagbag.py:588} INFO - Filling up the DagBag from /home/airflow/.local/lib/python3.12/site-packages/airflow/example_dags/example_display_name.py
[2024-12-28T21:13:29.687+0000] {processor.py:925} INFO - DAG(s) 'example_display_name' retrieved from /home/airflow/.local/lib/python3.12/site-packages/airflow/example_dags/example_display_name.py
[2024-12-28T21:13:29.705+0000] {logging_mixin.py:190} INFO - [2024-12-28T21:13:29.705+0000] {dag.py:3239} INFO - Sync 1 DAGs
[2024-12-28T21:13:29.719+0000] {logging_mixin.py:190} INFO - [2024-12-28T21:13:29.719+0000] {dag.py:4180} INFO - Setting next_dagrun for example_display_name to None, run_after=None
[2024-12-28T21:13:29.739+0000] {processor.py:208} INFO - Processing /home/airflow/.local/lib/python3.12/site-packages/airflow/example_dags/example_display_name.py took 0.068 seconds
[2024-12-28T21:14:00.199+0000] {processor.py:186} INFO - Started process (PID=1273) to work on /home/airflow/.local/lib/python3.12/site-packages/airflow/example_dags/example_display_name.py
[2024-12-28T21:14:00.201+0000] {processor.py:914} INFO - Processing file /home/airflow/.local/lib/python3.12/site-packages/airflow/example_dags/example_display_name.py for tasks to queue
[2024-12-28T21:14:00.204+0000] {logging_mixin.py:190} INFO - [2024-12-28T21:14:00.204+0000] {dagbag.py:588} INFO - Filling up the DagBag from /home/airflow/.local/lib/python3.12/site-packages/airflow/example_dags/example_display_name.py
[2024-12-28T21:14:00.213+0000] {processor.py:925} INFO - DAG(s) 'example_display_name' retrieved from /home/airflow/.local/lib/python3.12/site-packages/airflow/example_dags/example_display_name.py
[2024-12-28T21:14:00.235+0000] {logging_mixin.py:190} INFO - [2024-12-28T21:14:00.234+0000] {dag.py:3239} INFO - Sync 1 DAGs
[2024-12-28T21:14:00.251+0000] {logging_mixin.py:190} INFO - [2024-12-28T21:14:00.251+0000] {dag.py:4180} INFO - Setting next_dagrun for example_display_name to None, run_after=None
[2024-12-28T21:14:00.271+0000] {processor.py:208} INFO - Processing /home/airflow/.local/lib/python3.12/site-packages/airflow/example_dags/example_display_name.py took 0.078 seconds
[2024-12-28T21:14:31.000+0000] {processor.py:186} INFO - Started process (PID=1342) to work on /home/airflow/.local/lib/python3.12/site-packages/airflow/example_dags/example_display_name.py
[2024-12-28T21:14:31.002+0000] {processor.py:914} INFO - Processing file /home/airflow/.local/lib/python3.12/site-packages/airflow/example_dags/example_display_name.py for tasks to queue
[2024-12-28T21:14:31.007+0000] {logging_mixin.py:190} INFO - [2024-12-28T21:14:31.006+0000] {dagbag.py:588} INFO - Filling up the DagBag from /home/airflow/.local/lib/python3.12/site-packages/airflow/example_dags/example_display_name.py
[2024-12-28T21:14:31.017+0000] {processor.py:925} INFO - DAG(s) 'example_display_name' retrieved from /home/airflow/.local/lib/python3.12/site-packages/airflow/example_dags/example_display_name.py
[2024-12-28T21:14:31.043+0000] {logging_mixin.py:190} INFO - [2024-12-28T21:14:31.043+0000] {dag.py:3239} INFO - Sync 1 DAGs
[2024-12-28T21:14:31.066+0000] {logging_mixin.py:190} INFO - [2024-12-28T21:14:31.066+0000] {dag.py:4180} INFO - Setting next_dagrun for example_display_name to None, run_after=None
[2024-12-28T21:14:31.092+0000] {processor.py:208} INFO - Processing /home/airflow/.local/lib/python3.12/site-packages/airflow/example_dags/example_display_name.py took 0.101 seconds
[2024-12-28T21:15:01.536+0000] {processor.py:186} INFO - Started process (PID=1411) to work on /home/airflow/.local/lib/python3.12/site-packages/airflow/example_dags/example_display_name.py
[2024-12-28T21:15:01.540+0000] {processor.py:914} INFO - Processing file /home/airflow/.local/lib/python3.12/site-packages/airflow/example_dags/example_display_name.py for tasks to queue
[2024-12-28T21:15:01.545+0000] {logging_mixin.py:190} INFO - [2024-12-28T21:15:01.545+0000] {dagbag.py:588} INFO - Filling up the DagBag from /home/airflow/.local/lib/python3.12/site-packages/airflow/example_dags/example_display_name.py
[2024-12-28T21:15:01.562+0000] {processor.py:925} INFO - DAG(s) 'example_display_name' retrieved from /home/airflow/.local/lib/python3.12/site-packages/airflow/example_dags/example_display_name.py
[2024-12-28T21:15:01.623+0000] {logging_mixin.py:190} INFO - [2024-12-28T21:15:01.622+0000] {dag.py:3239} INFO - Sync 1 DAGs
[2024-12-28T21:15:01.657+0000] {logging_mixin.py:190} INFO - [2024-12-28T21:15:01.656+0000] {dag.py:4180} INFO - Setting next_dagrun for example_display_name to None, run_after=None
[2024-12-28T21:15:01.701+0000] {processor.py:208} INFO - Processing /home/airflow/.local/lib/python3.12/site-packages/airflow/example_dags/example_display_name.py took 0.180 seconds
[2024-12-28T21:15:32.054+0000] {processor.py:186} INFO - Started process (PID=1480) to work on /home/airflow/.local/lib/python3.12/site-packages/airflow/example_dags/example_display_name.py
[2024-12-28T21:15:32.056+0000] {processor.py:914} INFO - Processing file /home/airflow/.local/lib/python3.12/site-packages/airflow/example_dags/example_display_name.py for tasks to queue
[2024-12-28T21:15:32.059+0000] {logging_mixin.py:190} INFO - [2024-12-28T21:15:32.058+0000] {dagbag.py:588} INFO - Filling up the DagBag from /home/airflow/.local/lib/python3.12/site-packages/airflow/example_dags/example_display_name.py
[2024-12-28T21:15:32.068+0000] {processor.py:925} INFO - DAG(s) 'example_display_name' retrieved from /home/airflow/.local/lib/python3.12/site-packages/airflow/example_dags/example_display_name.py
[2024-12-28T21:15:32.089+0000] {logging_mixin.py:190} INFO - [2024-12-28T21:15:32.089+0000] {dag.py:3239} INFO - Sync 1 DAGs
[2024-12-28T21:15:32.104+0000] {logging_mixin.py:190} INFO - [2024-12-28T21:15:32.103+0000] {dag.py:4180} INFO - Setting next_dagrun for example_display_name to None, run_after=None
[2024-12-28T21:15:32.121+0000] {processor.py:208} INFO - Processing /home/airflow/.local/lib/python3.12/site-packages/airflow/example_dags/example_display_name.py took 0.074 seconds
[2024-12-28T21:16:02.831+0000] {processor.py:186} INFO - Started process (PID=1549) to work on /home/airflow/.local/lib/python3.12/site-packages/airflow/example_dags/example_display_name.py
[2024-12-28T21:16:02.833+0000] {processor.py:914} INFO - Processing file /home/airflow/.local/lib/python3.12/site-packages/airflow/example_dags/example_display_name.py for tasks to queue
[2024-12-28T21:16:02.841+0000] {logging_mixin.py:190} INFO - [2024-12-28T21:16:02.840+0000] {dagbag.py:588} INFO - Filling up the DagBag from /home/airflow/.local/lib/python3.12/site-packages/airflow/example_dags/example_display_name.py
[2024-12-28T21:16:02.853+0000] {processor.py:925} INFO - DAG(s) 'example_display_name' retrieved from /home/airflow/.local/lib/python3.12/site-packages/airflow/example_dags/example_display_name.py
[2024-12-28T21:16:02.881+0000] {logging_mixin.py:190} INFO - [2024-12-28T21:16:02.881+0000] {dag.py:3239} INFO - Sync 1 DAGs
[2024-12-28T21:16:02.896+0000] {logging_mixin.py:190} INFO - [2024-12-28T21:16:02.895+0000] {dag.py:4180} INFO - Setting next_dagrun for example_display_name to None, run_after=None
[2024-12-28T21:16:02.918+0000] {processor.py:208} INFO - Processing /home/airflow/.local/lib/python3.12/site-packages/airflow/example_dags/example_display_name.py took 0.095 seconds
[2024-12-28T21:16:33.161+0000] {processor.py:186} INFO - Started process (PID=1618) to work on /home/airflow/.local/lib/python3.12/site-packages/airflow/example_dags/example_display_name.py
[2024-12-28T21:16:33.164+0000] {processor.py:914} INFO - Processing file /home/airflow/.local/lib/python3.12/site-packages/airflow/example_dags/example_display_name.py for tasks to queue
[2024-12-28T21:16:33.168+0000] {logging_mixin.py:190} INFO - [2024-12-28T21:16:33.168+0000] {dagbag.py:588} INFO - Filling up the DagBag from /home/airflow/.local/lib/python3.12/site-packages/airflow/example_dags/example_display_name.py
[2024-12-28T21:16:33.184+0000] {processor.py:925} INFO - DAG(s) 'example_display_name' retrieved from /home/airflow/.local/lib/python3.12/site-packages/airflow/example_dags/example_display_name.py
[2024-12-28T21:16:33.216+0000] {logging_mixin.py:190} INFO - [2024-12-28T21:16:33.216+0000] {dag.py:3239} INFO - Sync 1 DAGs
[2024-12-28T21:16:33.245+0000] {logging_mixin.py:190} INFO - [2024-12-28T21:16:33.245+0000] {dag.py:4180} INFO - Setting next_dagrun for example_display_name to None, run_after=None
[2024-12-28T21:16:33.270+0000] {processor.py:208} INFO - Processing /home/airflow/.local/lib/python3.12/site-packages/airflow/example_dags/example_display_name.py took 0.122 seconds
[2024-12-28T21:17:03.946+0000] {processor.py:186} INFO - Started process (PID=1687) to work on /home/airflow/.local/lib/python3.12/site-packages/airflow/example_dags/example_display_name.py
[2024-12-28T21:17:03.950+0000] {processor.py:914} INFO - Processing file /home/airflow/.local/lib/python3.12/site-packages/airflow/example_dags/example_display_name.py for tasks to queue
[2024-12-28T21:17:03.962+0000] {logging_mixin.py:190} INFO - [2024-12-28T21:17:03.961+0000] {dagbag.py:588} INFO - Filling up the DagBag from /home/airflow/.local/lib/python3.12/site-packages/airflow/example_dags/example_display_name.py
[2024-12-28T21:17:03.987+0000] {processor.py:925} INFO - DAG(s) 'example_display_name' retrieved from /home/airflow/.local/lib/python3.12/site-packages/airflow/example_dags/example_display_name.py
[2024-12-28T21:17:04.028+0000] {logging_mixin.py:190} INFO - [2024-12-28T21:17:04.027+0000] {dag.py:3239} INFO - Sync 1 DAGs
[2024-12-28T21:17:04.056+0000] {logging_mixin.py:190} INFO - [2024-12-28T21:17:04.055+0000] {dag.py:4180} INFO - Setting next_dagrun for example_display_name to None, run_after=None
[2024-12-28T21:17:04.083+0000] {processor.py:208} INFO - Processing /home/airflow/.local/lib/python3.12/site-packages/airflow/example_dags/example_display_name.py took 0.158 seconds
[2024-12-28T21:17:34.326+0000] {processor.py:186} INFO - Started process (PID=1756) to work on /home/airflow/.local/lib/python3.12/site-packages/airflow/example_dags/example_display_name.py
[2024-12-28T21:17:34.331+0000] {processor.py:914} INFO - Processing file /home/airflow/.local/lib/python3.12/site-packages/airflow/example_dags/example_display_name.py for tasks to queue
[2024-12-28T21:17:34.339+0000] {logging_mixin.py:190} INFO - [2024-12-28T21:17:34.339+0000] {dagbag.py:588} INFO - Filling up the DagBag from /home/airflow/.local/lib/python3.12/site-packages/airflow/example_dags/example_display_name.py
[2024-12-28T21:17:34.360+0000] {processor.py:925} INFO - DAG(s) 'example_display_name' retrieved from /home/airflow/.local/lib/python3.12/site-packages/airflow/example_dags/example_display_name.py
[2024-12-28T21:17:34.402+0000] {logging_mixin.py:190} INFO - [2024-12-28T21:17:34.401+0000] {dag.py:3239} INFO - Sync 1 DAGs
[2024-12-28T21:17:34.432+0000] {logging_mixin.py:190} INFO - [2024-12-28T21:17:34.432+0000] {dag.py:4180} INFO - Setting next_dagrun for example_display_name to None, run_after=None
[2024-12-28T21:17:34.459+0000] {processor.py:208} INFO - Processing /home/airflow/.local/lib/python3.12/site-packages/airflow/example_dags/example_display_name.py took 0.140 seconds
[2024-12-28T21:18:04.803+0000] {processor.py:186} INFO - Started process (PID=1825) to work on /home/airflow/.local/lib/python3.12/site-packages/airflow/example_dags/example_display_name.py
[2024-12-28T21:18:04.805+0000] {processor.py:914} INFO - Processing file /home/airflow/.local/lib/python3.12/site-packages/airflow/example_dags/example_display_name.py for tasks to queue
[2024-12-28T21:18:04.809+0000] {logging_mixin.py:190} INFO - [2024-12-28T21:18:04.809+0000] {dagbag.py:588} INFO - Filling up the DagBag from /home/airflow/.local/lib/python3.12/site-packages/airflow/example_dags/example_display_name.py
[2024-12-28T21:18:04.819+0000] {processor.py:925} INFO - DAG(s) 'example_display_name' retrieved from /home/airflow/.local/lib/python3.12/site-packages/airflow/example_dags/example_display_name.py
[2024-12-28T21:18:04.837+0000] {logging_mixin.py:190} INFO - [2024-12-28T21:18:04.837+0000] {dag.py:3239} INFO - Sync 1 DAGs
[2024-12-28T21:18:04.850+0000] {logging_mixin.py:190} INFO - [2024-12-28T21:18:04.849+0000] {dag.py:4180} INFO - Setting next_dagrun for example_display_name to None, run_after=None
[2024-12-28T21:18:04.867+0000] {processor.py:208} INFO - Processing /home/airflow/.local/lib/python3.12/site-packages/airflow/example_dags/example_display_name.py took 0.077 seconds
[2024-12-28T21:18:35.505+0000] {processor.py:186} INFO - Started process (PID=1894) to work on /home/airflow/.local/lib/python3.12/site-packages/airflow/example_dags/example_display_name.py
[2024-12-28T21:18:35.509+0000] {processor.py:914} INFO - Processing file /home/airflow/.local/lib/python3.12/site-packages/airflow/example_dags/example_display_name.py for tasks to queue
[2024-12-28T21:18:35.513+0000] {logging_mixin.py:190} INFO - [2024-12-28T21:18:35.513+0000] {dagbag.py:588} INFO - Filling up the DagBag from /home/airflow/.local/lib/python3.12/site-packages/airflow/example_dags/example_display_name.py
[2024-12-28T21:18:35.521+0000] {processor.py:925} INFO - DAG(s) 'example_display_name' retrieved from /home/airflow/.local/lib/python3.12/site-packages/airflow/example_dags/example_display_name.py
[2024-12-28T21:18:35.550+0000] {logging_mixin.py:190} INFO - [2024-12-28T21:18:35.550+0000] {dag.py:3239} INFO - Sync 1 DAGs
[2024-12-28T21:18:35.574+0000] {logging_mixin.py:190} INFO - [2024-12-28T21:18:35.574+0000] {dag.py:4180} INFO - Setting next_dagrun for example_display_name to None, run_after=None
[2024-12-28T21:18:35.627+0000] {processor.py:208} INFO - Processing /home/airflow/.local/lib/python3.12/site-packages/airflow/example_dags/example_display_name.py took 0.136 seconds
[2024-12-28T21:19:05.765+0000] {processor.py:186} INFO - Started process (PID=1963) to work on /home/airflow/.local/lib/python3.12/site-packages/airflow/example_dags/example_display_name.py
[2024-12-28T21:19:05.767+0000] {processor.py:914} INFO - Processing file /home/airflow/.local/lib/python3.12/site-packages/airflow/example_dags/example_display_name.py for tasks to queue
[2024-12-28T21:19:05.770+0000] {logging_mixin.py:190} INFO - [2024-12-28T21:19:05.769+0000] {dagbag.py:588} INFO - Filling up the DagBag from /home/airflow/.local/lib/python3.12/site-packages/airflow/example_dags/example_display_name.py
[2024-12-28T21:19:05.779+0000] {processor.py:925} INFO - DAG(s) 'example_display_name' retrieved from /home/airflow/.local/lib/python3.12/site-packages/airflow/example_dags/example_display_name.py
[2024-12-28T21:19:05.799+0000] {logging_mixin.py:190} INFO - [2024-12-28T21:19:05.799+0000] {dag.py:3239} INFO - Sync 1 DAGs
[2024-12-28T21:19:05.813+0000] {logging_mixin.py:190} INFO - [2024-12-28T21:19:05.813+0000] {dag.py:4180} INFO - Setting next_dagrun for example_display_name to None, run_after=None
[2024-12-28T21:19:05.833+0000] {processor.py:208} INFO - Processing /home/airflow/.local/lib/python3.12/site-packages/airflow/example_dags/example_display_name.py took 0.076 seconds
[2024-12-28T21:19:36.275+0000] {processor.py:186} INFO - Started process (PID=2032) to work on /home/airflow/.local/lib/python3.12/site-packages/airflow/example_dags/example_display_name.py
[2024-12-28T21:19:36.277+0000] {processor.py:914} INFO - Processing file /home/airflow/.local/lib/python3.12/site-packages/airflow/example_dags/example_display_name.py for tasks to queue
[2024-12-28T21:19:36.281+0000] {logging_mixin.py:190} INFO - [2024-12-28T21:19:36.280+0000] {dagbag.py:588} INFO - Filling up the DagBag from /home/airflow/.local/lib/python3.12/site-packages/airflow/example_dags/example_display_name.py
[2024-12-28T21:19:36.291+0000] {processor.py:925} INFO - DAG(s) 'example_display_name' retrieved from /home/airflow/.local/lib/python3.12/site-packages/airflow/example_dags/example_display_name.py
[2024-12-28T21:19:36.311+0000] {logging_mixin.py:190} INFO - [2024-12-28T21:19:36.310+0000] {dag.py:3239} INFO - Sync 1 DAGs
[2024-12-28T21:19:36.327+0000] {logging_mixin.py:190} INFO - [2024-12-28T21:19:36.326+0000] {dag.py:4180} INFO - Setting next_dagrun for example_display_name to None, run_after=None
[2024-12-28T21:19:36.345+0000] {processor.py:208} INFO - Processing /home/airflow/.local/lib/python3.12/site-packages/airflow/example_dags/example_display_name.py took 0.081 seconds
[2024-12-28T21:20:07.211+0000] {processor.py:186} INFO - Started process (PID=2101) to work on /home/airflow/.local/lib/python3.12/site-packages/airflow/example_dags/example_display_name.py
[2024-12-28T21:20:07.214+0000] {processor.py:914} INFO - Processing file /home/airflow/.local/lib/python3.12/site-packages/airflow/example_dags/example_display_name.py for tasks to queue
[2024-12-28T21:20:07.221+0000] {logging_mixin.py:190} INFO - [2024-12-28T21:20:07.220+0000] {dagbag.py:588} INFO - Filling up the DagBag from /home/airflow/.local/lib/python3.12/site-packages/airflow/example_dags/example_display_name.py
[2024-12-28T21:20:07.237+0000] {processor.py:925} INFO - DAG(s) 'example_display_name' retrieved from /home/airflow/.local/lib/python3.12/site-packages/airflow/example_dags/example_display_name.py
[2024-12-28T21:20:07.264+0000] {logging_mixin.py:190} INFO - [2024-12-28T21:20:07.264+0000] {dag.py:3239} INFO - Sync 1 DAGs
[2024-12-28T21:20:07.286+0000] {logging_mixin.py:190} INFO - [2024-12-28T21:20:07.285+0000] {dag.py:4180} INFO - Setting next_dagrun for example_display_name to None, run_after=None
[2024-12-28T21:20:07.327+0000] {processor.py:208} INFO - Processing /home/airflow/.local/lib/python3.12/site-packages/airflow/example_dags/example_display_name.py took 0.127 seconds
[2024-12-28T21:20:37.478+0000] {processor.py:186} INFO - Started process (PID=2170) to work on /home/airflow/.local/lib/python3.12/site-packages/airflow/example_dags/example_display_name.py
[2024-12-28T21:20:37.483+0000] {processor.py:914} INFO - Processing file /home/airflow/.local/lib/python3.12/site-packages/airflow/example_dags/example_display_name.py for tasks to queue
[2024-12-28T21:20:37.491+0000] {logging_mixin.py:190} INFO - [2024-12-28T21:20:37.490+0000] {dagbag.py:588} INFO - Filling up the DagBag from /home/airflow/.local/lib/python3.12/site-packages/airflow/example_dags/example_display_name.py
[2024-12-28T21:20:37.511+0000] {processor.py:925} INFO - DAG(s) 'example_display_name' retrieved from /home/airflow/.local/lib/python3.12/site-packages/airflow/example_dags/example_display_name.py
[2024-12-28T21:20:37.548+0000] {logging_mixin.py:190} INFO - [2024-12-28T21:20:37.548+0000] {dag.py:3239} INFO - Sync 1 DAGs
[2024-12-28T21:20:37.573+0000] {logging_mixin.py:190} INFO - [2024-12-28T21:20:37.573+0000] {dag.py:4180} INFO - Setting next_dagrun for example_display_name to None, run_after=None
[2024-12-28T21:20:37.616+0000] {processor.py:208} INFO - Processing /home/airflow/.local/lib/python3.12/site-packages/airflow/example_dags/example_display_name.py took 0.156 seconds
[2024-12-28T21:21:07.786+0000] {processor.py:186} INFO - Started process (PID=2239) to work on /home/airflow/.local/lib/python3.12/site-packages/airflow/example_dags/example_display_name.py
[2024-12-28T21:21:07.787+0000] {processor.py:914} INFO - Processing file /home/airflow/.local/lib/python3.12/site-packages/airflow/example_dags/example_display_name.py for tasks to queue
[2024-12-28T21:21:07.791+0000] {logging_mixin.py:190} INFO - [2024-12-28T21:21:07.790+0000] {dagbag.py:588} INFO - Filling up the DagBag from /home/airflow/.local/lib/python3.12/site-packages/airflow/example_dags/example_display_name.py
[2024-12-28T21:21:07.800+0000] {processor.py:925} INFO - DAG(s) 'example_display_name' retrieved from /home/airflow/.local/lib/python3.12/site-packages/airflow/example_dags/example_display_name.py
[2024-12-28T21:21:07.825+0000] {logging_mixin.py:190} INFO - [2024-12-28T21:21:07.825+0000] {dag.py:3239} INFO - Sync 1 DAGs
[2024-12-28T21:21:07.849+0000] {logging_mixin.py:190} INFO - [2024-12-28T21:21:07.849+0000] {dag.py:4180} INFO - Setting next_dagrun for example_display_name to None, run_after=None
[2024-12-28T21:21:07.887+0000] {processor.py:208} INFO - Processing /home/airflow/.local/lib/python3.12/site-packages/airflow/example_dags/example_display_name.py took 0.108 seconds
[2024-12-28T21:21:38.546+0000] {processor.py:186} INFO - Started process (PID=2307) to work on /home/airflow/.local/lib/python3.12/site-packages/airflow/example_dags/example_display_name.py
[2024-12-28T21:21:38.548+0000] {processor.py:914} INFO - Processing file /home/airflow/.local/lib/python3.12/site-packages/airflow/example_dags/example_display_name.py for tasks to queue
[2024-12-28T21:21:38.551+0000] {logging_mixin.py:190} INFO - [2024-12-28T21:21:38.551+0000] {dagbag.py:588} INFO - Filling up the DagBag from /home/airflow/.local/lib/python3.12/site-packages/airflow/example_dags/example_display_name.py
[2024-12-28T21:21:38.559+0000] {processor.py:925} INFO - DAG(s) 'example_display_name' retrieved from /home/airflow/.local/lib/python3.12/site-packages/airflow/example_dags/example_display_name.py
[2024-12-28T21:21:38.579+0000] {logging_mixin.py:190} INFO - [2024-12-28T21:21:38.579+0000] {dag.py:3239} INFO - Sync 1 DAGs
[2024-12-28T21:21:38.593+0000] {logging_mixin.py:190} INFO - [2024-12-28T21:21:38.592+0000] {dag.py:4180} INFO - Setting next_dagrun for example_display_name to None, run_after=None
[2024-12-28T21:21:38.613+0000] {processor.py:208} INFO - Processing /home/airflow/.local/lib/python3.12/site-packages/airflow/example_dags/example_display_name.py took 0.075 seconds
[2024-12-28T21:22:10.535+0000] {processor.py:186} INFO - Started process (PID=2376) to work on /home/airflow/.local/lib/python3.12/site-packages/airflow/example_dags/example_display_name.py
[2024-12-28T21:22:10.538+0000] {processor.py:914} INFO - Processing file /home/airflow/.local/lib/python3.12/site-packages/airflow/example_dags/example_display_name.py for tasks to queue
[2024-12-28T21:22:10.545+0000] {logging_mixin.py:190} INFO - [2024-12-28T21:22:10.544+0000] {dagbag.py:588} INFO - Filling up the DagBag from /home/airflow/.local/lib/python3.12/site-packages/airflow/example_dags/example_display_name.py
[2024-12-28T21:22:10.561+0000] {processor.py:925} INFO - DAG(s) 'example_display_name' retrieved from /home/airflow/.local/lib/python3.12/site-packages/airflow/example_dags/example_display_name.py
[2024-12-28T21:22:10.590+0000] {logging_mixin.py:190} INFO - [2024-12-28T21:22:10.590+0000] {dag.py:3239} INFO - Sync 1 DAGs
[2024-12-28T21:22:10.613+0000] {logging_mixin.py:190} INFO - [2024-12-28T21:22:10.613+0000] {dag.py:4180} INFO - Setting next_dagrun for example_display_name to None, run_after=None
[2024-12-28T21:22:10.640+0000] {processor.py:208} INFO - Processing /home/airflow/.local/lib/python3.12/site-packages/airflow/example_dags/example_display_name.py took 0.117 seconds
[2024-12-28T21:22:40.923+0000] {processor.py:186} INFO - Started process (PID=2445) to work on /home/airflow/.local/lib/python3.12/site-packages/airflow/example_dags/example_display_name.py
[2024-12-28T21:22:40.925+0000] {processor.py:914} INFO - Processing file /home/airflow/.local/lib/python3.12/site-packages/airflow/example_dags/example_display_name.py for tasks to queue
[2024-12-28T21:22:40.928+0000] {logging_mixin.py:190} INFO - [2024-12-28T21:22:40.927+0000] {dagbag.py:588} INFO - Filling up the DagBag from /home/airflow/.local/lib/python3.12/site-packages/airflow/example_dags/example_display_name.py
[2024-12-28T21:22:40.938+0000] {processor.py:925} INFO - DAG(s) 'example_display_name' retrieved from /home/airflow/.local/lib/python3.12/site-packages/airflow/example_dags/example_display_name.py
[2024-12-28T21:22:40.961+0000] {logging_mixin.py:190} INFO - [2024-12-28T21:22:40.961+0000] {dag.py:3239} INFO - Sync 1 DAGs
[2024-12-28T21:22:40.979+0000] {logging_mixin.py:190} INFO - [2024-12-28T21:22:40.979+0000] {dag.py:4180} INFO - Setting next_dagrun for example_display_name to None, run_after=None
[2024-12-28T21:22:40.997+0000] {processor.py:208} INFO - Processing /home/airflow/.local/lib/python3.12/site-packages/airflow/example_dags/example_display_name.py took 0.082 seconds
[2024-12-28T21:23:12.263+0000] {processor.py:186} INFO - Started process (PID=2514) to work on /home/airflow/.local/lib/python3.12/site-packages/airflow/example_dags/example_display_name.py
[2024-12-28T21:23:12.265+0000] {processor.py:914} INFO - Processing file /home/airflow/.local/lib/python3.12/site-packages/airflow/example_dags/example_display_name.py for tasks to queue
[2024-12-28T21:23:12.268+0000] {logging_mixin.py:190} INFO - [2024-12-28T21:23:12.268+0000] {dagbag.py:588} INFO - Filling up the DagBag from /home/airflow/.local/lib/python3.12/site-packages/airflow/example_dags/example_display_name.py
[2024-12-28T21:23:12.293+0000] {processor.py:925} INFO - DAG(s) 'example_display_name' retrieved from /home/airflow/.local/lib/python3.12/site-packages/airflow/example_dags/example_display_name.py
[2024-12-28T21:23:12.344+0000] {logging_mixin.py:190} INFO - [2024-12-28T21:23:12.343+0000] {dag.py:3239} INFO - Sync 1 DAGs
[2024-12-28T21:23:12.369+0000] {logging_mixin.py:190} INFO - [2024-12-28T21:23:12.369+0000] {dag.py:4180} INFO - Setting next_dagrun for example_display_name to None, run_after=None
[2024-12-28T21:23:12.392+0000] {processor.py:208} INFO - Processing /home/airflow/.local/lib/python3.12/site-packages/airflow/example_dags/example_display_name.py took 0.135 seconds
[2024-12-28T21:23:43.653+0000] {processor.py:186} INFO - Started process (PID=2577) to work on /home/airflow/.local/lib/python3.12/site-packages/airflow/example_dags/example_display_name.py
[2024-12-28T21:23:43.659+0000] {processor.py:914} INFO - Processing file /home/airflow/.local/lib/python3.12/site-packages/airflow/example_dags/example_display_name.py for tasks to queue
[2024-12-28T21:23:43.666+0000] {logging_mixin.py:190} INFO - [2024-12-28T21:23:43.666+0000] {dagbag.py:588} INFO - Filling up the DagBag from /home/airflow/.local/lib/python3.12/site-packages/airflow/example_dags/example_display_name.py
[2024-12-28T21:23:43.695+0000] {processor.py:925} INFO - DAG(s) 'example_display_name' retrieved from /home/airflow/.local/lib/python3.12/site-packages/airflow/example_dags/example_display_name.py
[2024-12-28T21:23:43.734+0000] {logging_mixin.py:190} INFO - [2024-12-28T21:23:43.734+0000] {dag.py:3239} INFO - Sync 1 DAGs
[2024-12-28T21:23:43.750+0000] {logging_mixin.py:190} INFO - [2024-12-28T21:23:43.750+0000] {dag.py:4180} INFO - Setting next_dagrun for example_display_name to None, run_after=None
[2024-12-28T21:23:43.769+0000] {processor.py:208} INFO - Processing /home/airflow/.local/lib/python3.12/site-packages/airflow/example_dags/example_display_name.py took 0.126 seconds
[2024-12-28T21:24:15.079+0000] {processor.py:186} INFO - Started process (PID=2652) to work on /home/airflow/.local/lib/python3.12/site-packages/airflow/example_dags/example_display_name.py
[2024-12-28T21:24:15.083+0000] {processor.py:914} INFO - Processing file /home/airflow/.local/lib/python3.12/site-packages/airflow/example_dags/example_display_name.py for tasks to queue
[2024-12-28T21:24:15.089+0000] {logging_mixin.py:190} INFO - [2024-12-28T21:24:15.088+0000] {dagbag.py:588} INFO - Filling up the DagBag from /home/airflow/.local/lib/python3.12/site-packages/airflow/example_dags/example_display_name.py
[2024-12-28T21:24:15.102+0000] {processor.py:925} INFO - DAG(s) 'example_display_name' retrieved from /home/airflow/.local/lib/python3.12/site-packages/airflow/example_dags/example_display_name.py
[2024-12-28T21:24:15.148+0000] {logging_mixin.py:190} INFO - [2024-12-28T21:24:15.147+0000] {dag.py:3239} INFO - Sync 1 DAGs
[2024-12-28T21:24:15.187+0000] {logging_mixin.py:190} INFO - [2024-12-28T21:24:15.186+0000] {dag.py:4180} INFO - Setting next_dagrun for example_display_name to None, run_after=None
[2024-12-28T21:24:15.245+0000] {processor.py:208} INFO - Processing /home/airflow/.local/lib/python3.12/site-packages/airflow/example_dags/example_display_name.py took 0.190 seconds
[2024-12-28T21:24:45.528+0000] {processor.py:186} INFO - Started process (PID=2717) to work on /home/airflow/.local/lib/python3.12/site-packages/airflow/example_dags/example_display_name.py
[2024-12-28T21:24:45.530+0000] {processor.py:914} INFO - Processing file /home/airflow/.local/lib/python3.12/site-packages/airflow/example_dags/example_display_name.py for tasks to queue
[2024-12-28T21:24:45.534+0000] {logging_mixin.py:190} INFO - [2024-12-28T21:24:45.533+0000] {dagbag.py:588} INFO - Filling up the DagBag from /home/airflow/.local/lib/python3.12/site-packages/airflow/example_dags/example_display_name.py
[2024-12-28T21:24:45.544+0000] {processor.py:925} INFO - DAG(s) 'example_display_name' retrieved from /home/airflow/.local/lib/python3.12/site-packages/airflow/example_dags/example_display_name.py
[2024-12-28T21:24:45.566+0000] {logging_mixin.py:190} INFO - [2024-12-28T21:24:45.565+0000] {dag.py:3239} INFO - Sync 1 DAGs
[2024-12-28T21:24:45.599+0000] {logging_mixin.py:190} INFO - [2024-12-28T21:24:45.599+0000] {dag.py:4180} INFO - Setting next_dagrun for example_display_name to None, run_after=None
[2024-12-28T21:24:45.669+0000] {processor.py:208} INFO - Processing /home/airflow/.local/lib/python3.12/site-packages/airflow/example_dags/example_display_name.py took 0.152 seconds
[2024-12-28T21:25:16.090+0000] {processor.py:186} INFO - Started process (PID=2786) to work on /home/airflow/.local/lib/python3.12/site-packages/airflow/example_dags/example_display_name.py
[2024-12-28T21:25:16.093+0000] {processor.py:914} INFO - Processing file /home/airflow/.local/lib/python3.12/site-packages/airflow/example_dags/example_display_name.py for tasks to queue
[2024-12-28T21:25:16.097+0000] {logging_mixin.py:190} INFO - [2024-12-28T21:25:16.097+0000] {dagbag.py:588} INFO - Filling up the DagBag from /home/airflow/.local/lib/python3.12/site-packages/airflow/example_dags/example_display_name.py
[2024-12-28T21:25:16.107+0000] {processor.py:925} INFO - DAG(s) 'example_display_name' retrieved from /home/airflow/.local/lib/python3.12/site-packages/airflow/example_dags/example_display_name.py
[2024-12-28T21:25:16.130+0000] {logging_mixin.py:190} INFO - [2024-12-28T21:25:16.130+0000] {dag.py:3239} INFO - Sync 1 DAGs
[2024-12-28T21:25:16.144+0000] {logging_mixin.py:190} INFO - [2024-12-28T21:25:16.144+0000] {dag.py:4180} INFO - Setting next_dagrun for example_display_name to None, run_after=None
[2024-12-28T21:25:16.320+0000] {processor.py:208} INFO - Processing /home/airflow/.local/lib/python3.12/site-packages/airflow/example_dags/example_display_name.py took 0.244 seconds
[2024-12-28T21:25:47.496+0000] {processor.py:186} INFO - Started process (PID=2854) to work on /home/airflow/.local/lib/python3.12/site-packages/airflow/example_dags/example_display_name.py
[2024-12-28T21:25:47.498+0000] {processor.py:914} INFO - Processing file /home/airflow/.local/lib/python3.12/site-packages/airflow/example_dags/example_display_name.py for tasks to queue
[2024-12-28T21:25:47.501+0000] {logging_mixin.py:190} INFO - [2024-12-28T21:25:47.500+0000] {dagbag.py:588} INFO - Filling up the DagBag from /home/airflow/.local/lib/python3.12/site-packages/airflow/example_dags/example_display_name.py
[2024-12-28T21:25:47.509+0000] {processor.py:925} INFO - DAG(s) 'example_display_name' retrieved from /home/airflow/.local/lib/python3.12/site-packages/airflow/example_dags/example_display_name.py
[2024-12-28T21:25:47.529+0000] {logging_mixin.py:190} INFO - [2024-12-28T21:25:47.529+0000] {dag.py:3239} INFO - Sync 1 DAGs
[2024-12-28T21:25:47.545+0000] {logging_mixin.py:190} INFO - [2024-12-28T21:25:47.544+0000] {dag.py:4180} INFO - Setting next_dagrun for example_display_name to None, run_after=None
[2024-12-28T21:25:47.568+0000] {processor.py:208} INFO - Processing /home/airflow/.local/lib/python3.12/site-packages/airflow/example_dags/example_display_name.py took 0.077 seconds
[2024-12-28T21:26:18.931+0000] {processor.py:186} INFO - Started process (PID=2924) to work on /home/airflow/.local/lib/python3.12/site-packages/airflow/example_dags/example_display_name.py
[2024-12-28T21:26:18.933+0000] {processor.py:914} INFO - Processing file /home/airflow/.local/lib/python3.12/site-packages/airflow/example_dags/example_display_name.py for tasks to queue
[2024-12-28T21:26:18.936+0000] {logging_mixin.py:190} INFO - [2024-12-28T21:26:18.935+0000] {dagbag.py:588} INFO - Filling up the DagBag from /home/airflow/.local/lib/python3.12/site-packages/airflow/example_dags/example_display_name.py
[2024-12-28T21:26:18.946+0000] {processor.py:925} INFO - DAG(s) 'example_display_name' retrieved from /home/airflow/.local/lib/python3.12/site-packages/airflow/example_dags/example_display_name.py
[2024-12-28T21:26:18.965+0000] {logging_mixin.py:190} INFO - [2024-12-28T21:26:18.964+0000] {dag.py:3239} INFO - Sync 1 DAGs
[2024-12-28T21:26:18.978+0000] {logging_mixin.py:190} INFO - [2024-12-28T21:26:18.978+0000] {dag.py:4180} INFO - Setting next_dagrun for example_display_name to None, run_after=None
[2024-12-28T21:26:18.996+0000] {processor.py:208} INFO - Processing /home/airflow/.local/lib/python3.12/site-packages/airflow/example_dags/example_display_name.py took 0.071 seconds
[2024-12-28T21:26:50.109+0000] {processor.py:186} INFO - Started process (PID=2993) to work on /home/airflow/.local/lib/python3.12/site-packages/airflow/example_dags/example_display_name.py
[2024-12-28T21:26:50.115+0000] {processor.py:914} INFO - Processing file /home/airflow/.local/lib/python3.12/site-packages/airflow/example_dags/example_display_name.py for tasks to queue
[2024-12-28T21:26:50.122+0000] {logging_mixin.py:190} INFO - [2024-12-28T21:26:50.121+0000] {dagbag.py:588} INFO - Filling up the DagBag from /home/airflow/.local/lib/python3.12/site-packages/airflow/example_dags/example_display_name.py
[2024-12-28T21:26:50.134+0000] {processor.py:925} INFO - DAG(s) 'example_display_name' retrieved from /home/airflow/.local/lib/python3.12/site-packages/airflow/example_dags/example_display_name.py
[2024-12-28T21:26:50.162+0000] {logging_mixin.py:190} INFO - [2024-12-28T21:26:50.162+0000] {dag.py:3239} INFO - Sync 1 DAGs
[2024-12-28T21:26:50.194+0000] {logging_mixin.py:190} INFO - [2024-12-28T21:26:50.194+0000] {dag.py:4180} INFO - Setting next_dagrun for example_display_name to None, run_after=None
[2024-12-28T21:26:50.231+0000] {processor.py:208} INFO - Processing /home/airflow/.local/lib/python3.12/site-packages/airflow/example_dags/example_display_name.py took 0.134 seconds
[2024-12-28T21:27:20.856+0000] {processor.py:186} INFO - Started process (PID=3059) to work on /home/airflow/.local/lib/python3.12/site-packages/airflow/example_dags/example_display_name.py
[2024-12-28T21:27:20.860+0000] {processor.py:914} INFO - Processing file /home/airflow/.local/lib/python3.12/site-packages/airflow/example_dags/example_display_name.py for tasks to queue
[2024-12-28T21:27:20.866+0000] {logging_mixin.py:190} INFO - [2024-12-28T21:27:20.865+0000] {dagbag.py:588} INFO - Filling up the DagBag from /home/airflow/.local/lib/python3.12/site-packages/airflow/example_dags/example_display_name.py
[2024-12-28T21:27:20.878+0000] {processor.py:925} INFO - DAG(s) 'example_display_name' retrieved from /home/airflow/.local/lib/python3.12/site-packages/airflow/example_dags/example_display_name.py
[2024-12-28T21:27:20.903+0000] {logging_mixin.py:190} INFO - [2024-12-28T21:27:20.903+0000] {dag.py:3239} INFO - Sync 1 DAGs
[2024-12-28T21:27:20.920+0000] {logging_mixin.py:190} INFO - [2024-12-28T21:27:20.920+0000] {dag.py:4180} INFO - Setting next_dagrun for example_display_name to None, run_after=None
[2024-12-28T21:27:20.941+0000] {processor.py:208} INFO - Processing /home/airflow/.local/lib/python3.12/site-packages/airflow/example_dags/example_display_name.py took 0.097 seconds
[2024-12-28T21:27:52.831+0000] {processor.py:186} INFO - Started process (PID=3128) to work on /home/airflow/.local/lib/python3.12/site-packages/airflow/example_dags/example_display_name.py
[2024-12-28T21:27:52.833+0000] {processor.py:914} INFO - Processing file /home/airflow/.local/lib/python3.12/site-packages/airflow/example_dags/example_display_name.py for tasks to queue
[2024-12-28T21:27:52.836+0000] {logging_mixin.py:190} INFO - [2024-12-28T21:27:52.835+0000] {dagbag.py:588} INFO - Filling up the DagBag from /home/airflow/.local/lib/python3.12/site-packages/airflow/example_dags/example_display_name.py
[2024-12-28T21:27:52.852+0000] {processor.py:925} INFO - DAG(s) 'example_display_name' retrieved from /home/airflow/.local/lib/python3.12/site-packages/airflow/example_dags/example_display_name.py
[2024-12-28T21:27:52.892+0000] {logging_mixin.py:190} INFO - [2024-12-28T21:27:52.892+0000] {dag.py:3239} INFO - Sync 1 DAGs
[2024-12-28T21:27:52.930+0000] {logging_mixin.py:190} INFO - [2024-12-28T21:27:52.930+0000] {dag.py:4180} INFO - Setting next_dagrun for example_display_name to None, run_after=None
[2024-12-28T21:27:52.976+0000] {processor.py:208} INFO - Processing /home/airflow/.local/lib/python3.12/site-packages/airflow/example_dags/example_display_name.py took 0.157 seconds
[2024-12-28T21:28:23.818+0000] {processor.py:186} INFO - Started process (PID=3197) to work on /home/airflow/.local/lib/python3.12/site-packages/airflow/example_dags/example_display_name.py
[2024-12-28T21:28:23.820+0000] {processor.py:914} INFO - Processing file /home/airflow/.local/lib/python3.12/site-packages/airflow/example_dags/example_display_name.py for tasks to queue
[2024-12-28T21:28:23.824+0000] {logging_mixin.py:190} INFO - [2024-12-28T21:28:23.823+0000] {dagbag.py:588} INFO - Filling up the DagBag from /home/airflow/.local/lib/python3.12/site-packages/airflow/example_dags/example_display_name.py
[2024-12-28T21:28:23.836+0000] {processor.py:925} INFO - DAG(s) 'example_display_name' retrieved from /home/airflow/.local/lib/python3.12/site-packages/airflow/example_dags/example_display_name.py
[2024-12-28T21:28:23.861+0000] {logging_mixin.py:190} INFO - [2024-12-28T21:28:23.861+0000] {dag.py:3239} INFO - Sync 1 DAGs
[2024-12-28T21:28:23.877+0000] {logging_mixin.py:190} INFO - [2024-12-28T21:28:23.877+0000] {dag.py:4180} INFO - Setting next_dagrun for example_display_name to None, run_after=None
[2024-12-28T21:28:23.893+0000] {processor.py:208} INFO - Processing /home/airflow/.local/lib/python3.12/site-packages/airflow/example_dags/example_display_name.py took 0.085 seconds
[2024-12-28T21:28:54.988+0000] {processor.py:186} INFO - Started process (PID=3261) to work on /home/airflow/.local/lib/python3.12/site-packages/airflow/example_dags/example_display_name.py
[2024-12-28T21:28:54.992+0000] {processor.py:914} INFO - Processing file /home/airflow/.local/lib/python3.12/site-packages/airflow/example_dags/example_display_name.py for tasks to queue
[2024-12-28T21:28:54.997+0000] {logging_mixin.py:190} INFO - [2024-12-28T21:28:54.997+0000] {dagbag.py:588} INFO - Filling up the DagBag from /home/airflow/.local/lib/python3.12/site-packages/airflow/example_dags/example_display_name.py
[2024-12-28T21:28:55.015+0000] {processor.py:925} INFO - DAG(s) 'example_display_name' retrieved from /home/airflow/.local/lib/python3.12/site-packages/airflow/example_dags/example_display_name.py
[2024-12-28T21:28:55.063+0000] {logging_mixin.py:190} INFO - [2024-12-28T21:28:55.063+0000] {dag.py:3239} INFO - Sync 1 DAGs
[2024-12-28T21:28:55.090+0000] {logging_mixin.py:190} INFO - [2024-12-28T21:28:55.090+0000] {dag.py:4180} INFO - Setting next_dagrun for example_display_name to None, run_after=None
[2024-12-28T21:28:55.130+0000] {processor.py:208} INFO - Processing /home/airflow/.local/lib/python3.12/site-packages/airflow/example_dags/example_display_name.py took 0.159 seconds
[2024-12-28T21:29:25.883+0000] {processor.py:186} INFO - Started process (PID=3330) to work on /home/airflow/.local/lib/python3.12/site-packages/airflow/example_dags/example_display_name.py
[2024-12-28T21:29:25.885+0000] {processor.py:914} INFO - Processing file /home/airflow/.local/lib/python3.12/site-packages/airflow/example_dags/example_display_name.py for tasks to queue
[2024-12-28T21:29:25.888+0000] {logging_mixin.py:190} INFO - [2024-12-28T21:29:25.888+0000] {dagbag.py:588} INFO - Filling up the DagBag from /home/airflow/.local/lib/python3.12/site-packages/airflow/example_dags/example_display_name.py
[2024-12-28T21:29:25.898+0000] {processor.py:925} INFO - DAG(s) 'example_display_name' retrieved from /home/airflow/.local/lib/python3.12/site-packages/airflow/example_dags/example_display_name.py
[2024-12-28T21:29:25.920+0000] {logging_mixin.py:190} INFO - [2024-12-28T21:29:25.919+0000] {dag.py:3239} INFO - Sync 1 DAGs
[2024-12-28T21:29:25.933+0000] {logging_mixin.py:190} INFO - [2024-12-28T21:29:25.933+0000] {dag.py:4180} INFO - Setting next_dagrun for example_display_name to None, run_after=None
[2024-12-28T21:29:25.975+0000] {processor.py:208} INFO - Processing /home/airflow/.local/lib/python3.12/site-packages/airflow/example_dags/example_display_name.py took 0.098 seconds
[2024-12-28T21:29:56.265+0000] {processor.py:186} INFO - Started process (PID=3397) to work on /home/airflow/.local/lib/python3.12/site-packages/airflow/example_dags/example_display_name.py
[2024-12-28T21:29:56.268+0000] {processor.py:914} INFO - Processing file /home/airflow/.local/lib/python3.12/site-packages/airflow/example_dags/example_display_name.py for tasks to queue
[2024-12-28T21:29:56.274+0000] {logging_mixin.py:190} INFO - [2024-12-28T21:29:56.274+0000] {dagbag.py:588} INFO - Filling up the DagBag from /home/airflow/.local/lib/python3.12/site-packages/airflow/example_dags/example_display_name.py
[2024-12-28T21:29:56.288+0000] {processor.py:925} INFO - DAG(s) 'example_display_name' retrieved from /home/airflow/.local/lib/python3.12/site-packages/airflow/example_dags/example_display_name.py
[2024-12-28T21:29:56.310+0000] {logging_mixin.py:190} INFO - [2024-12-28T21:29:56.309+0000] {dag.py:3239} INFO - Sync 1 DAGs
[2024-12-28T21:29:56.326+0000] {logging_mixin.py:190} INFO - [2024-12-28T21:29:56.326+0000] {dag.py:4180} INFO - Setting next_dagrun for example_display_name to None, run_after=None
[2024-12-28T21:29:56.345+0000] {processor.py:208} INFO - Processing /home/airflow/.local/lib/python3.12/site-packages/airflow/example_dags/example_display_name.py took 0.093 seconds
[2024-12-28T21:30:26.549+0000] {processor.py:186} INFO - Started process (PID=3465) to work on /home/airflow/.local/lib/python3.12/site-packages/airflow/example_dags/example_display_name.py
[2024-12-28T21:30:26.552+0000] {processor.py:914} INFO - Processing file /home/airflow/.local/lib/python3.12/site-packages/airflow/example_dags/example_display_name.py for tasks to queue
[2024-12-28T21:30:26.557+0000] {logging_mixin.py:190} INFO - [2024-12-28T21:30:26.556+0000] {dagbag.py:588} INFO - Filling up the DagBag from /home/airflow/.local/lib/python3.12/site-packages/airflow/example_dags/example_display_name.py
[2024-12-28T21:30:26.576+0000] {processor.py:925} INFO - DAG(s) 'example_display_name' retrieved from /home/airflow/.local/lib/python3.12/site-packages/airflow/example_dags/example_display_name.py
[2024-12-28T21:30:26.599+0000] {logging_mixin.py:190} INFO - [2024-12-28T21:30:26.599+0000] {dag.py:3239} INFO - Sync 1 DAGs
[2024-12-28T21:30:26.613+0000] {logging_mixin.py:190} INFO - [2024-12-28T21:30:26.613+0000] {dag.py:4180} INFO - Setting next_dagrun for example_display_name to None, run_after=None
[2024-12-28T21:30:26.632+0000] {processor.py:208} INFO - Processing /home/airflow/.local/lib/python3.12/site-packages/airflow/example_dags/example_display_name.py took 0.095 seconds
[2024-12-28T21:30:57.321+0000] {processor.py:186} INFO - Started process (PID=3535) to work on /home/airflow/.local/lib/python3.12/site-packages/airflow/example_dags/example_display_name.py
[2024-12-28T21:30:57.324+0000] {processor.py:914} INFO - Processing file /home/airflow/.local/lib/python3.12/site-packages/airflow/example_dags/example_display_name.py for tasks to queue
[2024-12-28T21:30:57.329+0000] {logging_mixin.py:190} INFO - [2024-12-28T21:30:57.329+0000] {dagbag.py:588} INFO - Filling up the DagBag from /home/airflow/.local/lib/python3.12/site-packages/airflow/example_dags/example_display_name.py
[2024-12-28T21:30:57.343+0000] {processor.py:925} INFO - DAG(s) 'example_display_name' retrieved from /home/airflow/.local/lib/python3.12/site-packages/airflow/example_dags/example_display_name.py
[2024-12-28T21:30:57.362+0000] {logging_mixin.py:190} INFO - [2024-12-28T21:30:57.362+0000] {dag.py:3239} INFO - Sync 1 DAGs
[2024-12-28T21:30:57.376+0000] {logging_mixin.py:190} INFO - [2024-12-28T21:30:57.376+0000] {dag.py:4180} INFO - Setting next_dagrun for example_display_name to None, run_after=None
[2024-12-28T21:30:57.395+0000] {processor.py:208} INFO - Processing /home/airflow/.local/lib/python3.12/site-packages/airflow/example_dags/example_display_name.py took 0.083 seconds
[2024-12-28T21:31:27.822+0000] {processor.py:186} INFO - Started process (PID=3604) to work on /home/airflow/.local/lib/python3.12/site-packages/airflow/example_dags/example_display_name.py
[2024-12-28T21:31:27.828+0000] {processor.py:914} INFO - Processing file /home/airflow/.local/lib/python3.12/site-packages/airflow/example_dags/example_display_name.py for tasks to queue
[2024-12-28T21:31:27.838+0000] {logging_mixin.py:190} INFO - [2024-12-28T21:31:27.837+0000] {dagbag.py:588} INFO - Filling up the DagBag from /home/airflow/.local/lib/python3.12/site-packages/airflow/example_dags/example_display_name.py
[2024-12-28T21:31:27.858+0000] {processor.py:925} INFO - DAG(s) 'example_display_name' retrieved from /home/airflow/.local/lib/python3.12/site-packages/airflow/example_dags/example_display_name.py
[2024-12-28T21:31:27.905+0000] {logging_mixin.py:190} INFO - [2024-12-28T21:31:27.905+0000] {dag.py:3239} INFO - Sync 1 DAGs
[2024-12-28T21:31:27.941+0000] {logging_mixin.py:190} INFO - [2024-12-28T21:31:27.940+0000] {dag.py:4180} INFO - Setting next_dagrun for example_display_name to None, run_after=None
[2024-12-28T21:31:27.979+0000] {processor.py:208} INFO - Processing /home/airflow/.local/lib/python3.12/site-packages/airflow/example_dags/example_display_name.py took 0.170 seconds
[2024-12-28T21:31:58.153+0000] {processor.py:186} INFO - Started process (PID=3674) to work on /home/airflow/.local/lib/python3.12/site-packages/airflow/example_dags/example_display_name.py
[2024-12-28T21:31:58.155+0000] {processor.py:914} INFO - Processing file /home/airflow/.local/lib/python3.12/site-packages/airflow/example_dags/example_display_name.py for tasks to queue
[2024-12-28T21:31:58.158+0000] {logging_mixin.py:190} INFO - [2024-12-28T21:31:58.157+0000] {dagbag.py:588} INFO - Filling up the DagBag from /home/airflow/.local/lib/python3.12/site-packages/airflow/example_dags/example_display_name.py
[2024-12-28T21:31:58.166+0000] {processor.py:925} INFO - DAG(s) 'example_display_name' retrieved from /home/airflow/.local/lib/python3.12/site-packages/airflow/example_dags/example_display_name.py
[2024-12-28T21:31:58.186+0000] {logging_mixin.py:190} INFO - [2024-12-28T21:31:58.185+0000] {dag.py:3239} INFO - Sync 1 DAGs
[2024-12-28T21:31:58.199+0000] {logging_mixin.py:190} INFO - [2024-12-28T21:31:58.199+0000] {dag.py:4180} INFO - Setting next_dagrun for example_display_name to None, run_after=None
[2024-12-28T21:31:58.218+0000] {processor.py:208} INFO - Processing /home/airflow/.local/lib/python3.12/site-packages/airflow/example_dags/example_display_name.py took 0.072 seconds
[2024-12-28T21:32:28.303+0000] {processor.py:186} INFO - Started process (PID=3743) to work on /home/airflow/.local/lib/python3.12/site-packages/airflow/example_dags/example_display_name.py
[2024-12-28T21:32:28.306+0000] {processor.py:914} INFO - Processing file /home/airflow/.local/lib/python3.12/site-packages/airflow/example_dags/example_display_name.py for tasks to queue
[2024-12-28T21:32:28.308+0000] {logging_mixin.py:190} INFO - [2024-12-28T21:32:28.308+0000] {dagbag.py:588} INFO - Filling up the DagBag from /home/airflow/.local/lib/python3.12/site-packages/airflow/example_dags/example_display_name.py
[2024-12-28T21:32:28.316+0000] {processor.py:925} INFO - DAG(s) 'example_display_name' retrieved from /home/airflow/.local/lib/python3.12/site-packages/airflow/example_dags/example_display_name.py
[2024-12-28T21:32:28.344+0000] {logging_mixin.py:190} INFO - [2024-12-28T21:32:28.344+0000] {dag.py:3239} INFO - Sync 1 DAGs
[2024-12-28T21:32:28.368+0000] {logging_mixin.py:190} INFO - [2024-12-28T21:32:28.368+0000] {dag.py:4180} INFO - Setting next_dagrun for example_display_name to None, run_after=None
[2024-12-28T21:32:28.391+0000] {processor.py:208} INFO - Processing /home/airflow/.local/lib/python3.12/site-packages/airflow/example_dags/example_display_name.py took 0.093 seconds
[2024-12-28T21:32:59.282+0000] {processor.py:186} INFO - Started process (PID=3812) to work on /home/airflow/.local/lib/python3.12/site-packages/airflow/example_dags/example_display_name.py
[2024-12-28T21:32:59.284+0000] {processor.py:914} INFO - Processing file /home/airflow/.local/lib/python3.12/site-packages/airflow/example_dags/example_display_name.py for tasks to queue
[2024-12-28T21:32:59.289+0000] {logging_mixin.py:190} INFO - [2024-12-28T21:32:59.288+0000] {dagbag.py:588} INFO - Filling up the DagBag from /home/airflow/.local/lib/python3.12/site-packages/airflow/example_dags/example_display_name.py
[2024-12-28T21:32:59.306+0000] {processor.py:925} INFO - DAG(s) 'example_display_name' retrieved from /home/airflow/.local/lib/python3.12/site-packages/airflow/example_dags/example_display_name.py
[2024-12-28T21:32:59.349+0000] {logging_mixin.py:190} INFO - [2024-12-28T21:32:59.348+0000] {dag.py:3239} INFO - Sync 1 DAGs
[2024-12-28T21:32:59.376+0000] {logging_mixin.py:190} INFO - [2024-12-28T21:32:59.375+0000] {dag.py:4180} INFO - Setting next_dagrun for example_display_name to None, run_after=None
[2024-12-28T21:32:59.418+0000] {processor.py:208} INFO - Processing /home/airflow/.local/lib/python3.12/site-packages/airflow/example_dags/example_display_name.py took 0.147 seconds
[2024-12-28T21:33:29.743+0000] {processor.py:186} INFO - Started process (PID=3881) to work on /home/airflow/.local/lib/python3.12/site-packages/airflow/example_dags/example_display_name.py
[2024-12-28T21:33:29.745+0000] {processor.py:914} INFO - Processing file /home/airflow/.local/lib/python3.12/site-packages/airflow/example_dags/example_display_name.py for tasks to queue
[2024-12-28T21:33:29.749+0000] {logging_mixin.py:190} INFO - [2024-12-28T21:33:29.748+0000] {dagbag.py:588} INFO - Filling up the DagBag from /home/airflow/.local/lib/python3.12/site-packages/airflow/example_dags/example_display_name.py
[2024-12-28T21:33:29.761+0000] {processor.py:925} INFO - DAG(s) 'example_display_name' retrieved from /home/airflow/.local/lib/python3.12/site-packages/airflow/example_dags/example_display_name.py
[2024-12-28T21:33:29.780+0000] {logging_mixin.py:190} INFO - [2024-12-28T21:33:29.780+0000] {dag.py:3239} INFO - Sync 1 DAGs
[2024-12-28T21:33:29.793+0000] {logging_mixin.py:190} INFO - [2024-12-28T21:33:29.792+0000] {dag.py:4180} INFO - Setting next_dagrun for example_display_name to None, run_after=None
[2024-12-28T21:33:29.809+0000] {processor.py:208} INFO - Processing /home/airflow/.local/lib/python3.12/site-packages/airflow/example_dags/example_display_name.py took 0.074 seconds
[2024-12-28T21:34:01.372+0000] {processor.py:186} INFO - Started process (PID=3951) to work on /home/airflow/.local/lib/python3.12/site-packages/airflow/example_dags/example_display_name.py
[2024-12-28T21:34:01.375+0000] {processor.py:914} INFO - Processing file /home/airflow/.local/lib/python3.12/site-packages/airflow/example_dags/example_display_name.py for tasks to queue
[2024-12-28T21:34:01.380+0000] {logging_mixin.py:190} INFO - [2024-12-28T21:34:01.380+0000] {dagbag.py:588} INFO - Filling up the DagBag from /home/airflow/.local/lib/python3.12/site-packages/airflow/example_dags/example_display_name.py
[2024-12-28T21:34:01.395+0000] {processor.py:925} INFO - DAG(s) 'example_display_name' retrieved from /home/airflow/.local/lib/python3.12/site-packages/airflow/example_dags/example_display_name.py
[2024-12-28T21:34:01.435+0000] {logging_mixin.py:190} INFO - [2024-12-28T21:34:01.434+0000] {dag.py:3239} INFO - Sync 1 DAGs
[2024-12-28T21:34:01.467+0000] {logging_mixin.py:190} INFO - [2024-12-28T21:34:01.467+0000] {dag.py:4180} INFO - Setting next_dagrun for example_display_name to None, run_after=None
[2024-12-28T21:34:01.525+0000] {processor.py:208} INFO - Processing /home/airflow/.local/lib/python3.12/site-packages/airflow/example_dags/example_display_name.py took 0.167 seconds
[2024-12-28T21:34:31.917+0000] {processor.py:186} INFO - Started process (PID=4019) to work on /home/airflow/.local/lib/python3.12/site-packages/airflow/example_dags/example_display_name.py
[2024-12-28T21:34:31.920+0000] {processor.py:914} INFO - Processing file /home/airflow/.local/lib/python3.12/site-packages/airflow/example_dags/example_display_name.py for tasks to queue
[2024-12-28T21:34:31.923+0000] {logging_mixin.py:190} INFO - [2024-12-28T21:34:31.923+0000] {dagbag.py:588} INFO - Filling up the DagBag from /home/airflow/.local/lib/python3.12/site-packages/airflow/example_dags/example_display_name.py
[2024-12-28T21:34:31.932+0000] {processor.py:925} INFO - DAG(s) 'example_display_name' retrieved from /home/airflow/.local/lib/python3.12/site-packages/airflow/example_dags/example_display_name.py
[2024-12-28T21:34:31.950+0000] {logging_mixin.py:190} INFO - [2024-12-28T21:34:31.950+0000] {dag.py:3239} INFO - Sync 1 DAGs
[2024-12-28T21:34:31.964+0000] {logging_mixin.py:190} INFO - [2024-12-28T21:34:31.964+0000] {dag.py:4180} INFO - Setting next_dagrun for example_display_name to None, run_after=None
[2024-12-28T21:34:31.986+0000] {processor.py:208} INFO - Processing /home/airflow/.local/lib/python3.12/site-packages/airflow/example_dags/example_display_name.py took 0.076 seconds
[2024-12-28T21:35:02.640+0000] {processor.py:186} INFO - Started process (PID=4089) to work on /home/airflow/.local/lib/python3.12/site-packages/airflow/example_dags/example_display_name.py
[2024-12-28T21:35:02.641+0000] {processor.py:914} INFO - Processing file /home/airflow/.local/lib/python3.12/site-packages/airflow/example_dags/example_display_name.py for tasks to queue
[2024-12-28T21:35:02.643+0000] {logging_mixin.py:190} INFO - [2024-12-28T21:35:02.643+0000] {dagbag.py:588} INFO - Filling up the DagBag from /home/airflow/.local/lib/python3.12/site-packages/airflow/example_dags/example_display_name.py
[2024-12-28T21:35:02.654+0000] {processor.py:925} INFO - DAG(s) 'example_display_name' retrieved from /home/airflow/.local/lib/python3.12/site-packages/airflow/example_dags/example_display_name.py
[2024-12-28T21:35:02.675+0000] {logging_mixin.py:190} INFO - [2024-12-28T21:35:02.675+0000] {dag.py:3239} INFO - Sync 1 DAGs
[2024-12-28T21:35:02.702+0000] {logging_mixin.py:190} INFO - [2024-12-28T21:35:02.701+0000] {dag.py:4180} INFO - Setting next_dagrun for example_display_name to None, run_after=None
[2024-12-28T21:35:02.739+0000] {processor.py:208} INFO - Processing /home/airflow/.local/lib/python3.12/site-packages/airflow/example_dags/example_display_name.py took 0.108 seconds
[2024-12-28T21:35:34.577+0000] {processor.py:186} INFO - Started process (PID=4158) to work on /home/airflow/.local/lib/python3.12/site-packages/airflow/example_dags/example_display_name.py
[2024-12-28T21:35:34.579+0000] {processor.py:914} INFO - Processing file /home/airflow/.local/lib/python3.12/site-packages/airflow/example_dags/example_display_name.py for tasks to queue
[2024-12-28T21:35:34.582+0000] {logging_mixin.py:190} INFO - [2024-12-28T21:35:34.581+0000] {dagbag.py:588} INFO - Filling up the DagBag from /home/airflow/.local/lib/python3.12/site-packages/airflow/example_dags/example_display_name.py
[2024-12-28T21:35:34.593+0000] {processor.py:925} INFO - DAG(s) 'example_display_name' retrieved from /home/airflow/.local/lib/python3.12/site-packages/airflow/example_dags/example_display_name.py
[2024-12-28T21:35:34.658+0000] {logging_mixin.py:190} INFO - [2024-12-28T21:35:34.657+0000] {dag.py:3239} INFO - Sync 1 DAGs
[2024-12-28T21:35:34.697+0000] {logging_mixin.py:190} INFO - [2024-12-28T21:35:34.697+0000] {dag.py:4180} INFO - Setting next_dagrun for example_display_name to None, run_after=None
[2024-12-28T21:35:34.717+0000] {processor.py:208} INFO - Processing /home/airflow/.local/lib/python3.12/site-packages/airflow/example_dags/example_display_name.py took 0.148 seconds
[2024-12-28T21:36:05.737+0000] {processor.py:186} INFO - Started process (PID=4226) to work on /home/airflow/.local/lib/python3.12/site-packages/airflow/example_dags/example_display_name.py
[2024-12-28T21:36:05.741+0000] {processor.py:914} INFO - Processing file /home/airflow/.local/lib/python3.12/site-packages/airflow/example_dags/example_display_name.py for tasks to queue
[2024-12-28T21:36:05.747+0000] {logging_mixin.py:190} INFO - [2024-12-28T21:36:05.747+0000] {dagbag.py:588} INFO - Filling up the DagBag from /home/airflow/.local/lib/python3.12/site-packages/airflow/example_dags/example_display_name.py
[2024-12-28T21:36:05.765+0000] {processor.py:925} INFO - DAG(s) 'example_display_name' retrieved from /home/airflow/.local/lib/python3.12/site-packages/airflow/example_dags/example_display_name.py
[2024-12-28T21:36:05.800+0000] {logging_mixin.py:190} INFO - [2024-12-28T21:36:05.800+0000] {dag.py:3239} INFO - Sync 1 DAGs
[2024-12-28T21:36:05.816+0000] {logging_mixin.py:190} INFO - [2024-12-28T21:36:05.816+0000] {dag.py:4180} INFO - Setting next_dagrun for example_display_name to None, run_after=None
[2024-12-28T21:36:05.835+0000] {processor.py:208} INFO - Processing /home/airflow/.local/lib/python3.12/site-packages/airflow/example_dags/example_display_name.py took 0.110 seconds
[2024-12-28T21:36:36.171+0000] {processor.py:186} INFO - Started process (PID=4295) to work on /home/airflow/.local/lib/python3.12/site-packages/airflow/example_dags/example_display_name.py
[2024-12-28T21:36:36.173+0000] {processor.py:914} INFO - Processing file /home/airflow/.local/lib/python3.12/site-packages/airflow/example_dags/example_display_name.py for tasks to queue
[2024-12-28T21:36:36.177+0000] {logging_mixin.py:190} INFO - [2024-12-28T21:36:36.176+0000] {dagbag.py:588} INFO - Filling up the DagBag from /home/airflow/.local/lib/python3.12/site-packages/airflow/example_dags/example_display_name.py
[2024-12-28T21:36:36.190+0000] {processor.py:925} INFO - DAG(s) 'example_display_name' retrieved from /home/airflow/.local/lib/python3.12/site-packages/airflow/example_dags/example_display_name.py
[2024-12-28T21:36:36.212+0000] {logging_mixin.py:190} INFO - [2024-12-28T21:36:36.212+0000] {dag.py:3239} INFO - Sync 1 DAGs
[2024-12-28T21:36:36.228+0000] {logging_mixin.py:190} INFO - [2024-12-28T21:36:36.227+0000] {dag.py:4180} INFO - Setting next_dagrun for example_display_name to None, run_after=None
[2024-12-28T21:36:36.247+0000] {processor.py:208} INFO - Processing /home/airflow/.local/lib/python3.12/site-packages/airflow/example_dags/example_display_name.py took 0.085 seconds
