[2024-12-28T21:05:21.976+0000] {processor.py:186} INFO - Started process (PID=134) to work on /home/airflow/.local/lib/python3.12/site-packages/airflow/example_dags/example_sensors.py
[2024-12-28T21:05:21.977+0000] {processor.py:914} INFO - Processing file /home/airflow/.local/lib/python3.12/site-packages/airflow/example_dags/example_sensors.py for tasks to queue
[2024-12-28T21:05:21.981+0000] {logging_mixin.py:190} INFO - [2024-12-28T21:05:21.980+0000] {dagbag.py:588} INFO - Filling up the DagBag from /home/airflow/.local/lib/python3.12/site-packages/airflow/example_dags/example_sensors.py
[2024-12-28T21:05:21.993+0000] {processor.py:925} INFO - DAG(s) 'example_sensors' retrieved from /home/airflow/.local/lib/python3.12/site-packages/airflow/example_dags/example_sensors.py
[2024-12-28T21:05:22.122+0000] {logging_mixin.py:190} INFO - [2024-12-28T21:05:22.121+0000] {override.py:1911} INFO - Created Permission View: can edit on DAG:example_sensors
[2024-12-28T21:05:22.133+0000] {logging_mixin.py:190} INFO - [2024-12-28T21:05:22.133+0000] {override.py:1911} INFO - Created Permission View: can read on DAG:example_sensors
[2024-12-28T21:05:22.140+0000] {logging_mixin.py:190} INFO - [2024-12-28T21:05:22.140+0000] {override.py:1911} INFO - Created Permission View: can delete on DAG:example_sensors
[2024-12-28T21:05:22.149+0000] {logging_mixin.py:190} INFO - [2024-12-28T21:05:22.148+0000] {override.py:1911} INFO - Created Permission View: menu access on DAG Run:example_sensors
[2024-12-28T21:05:22.156+0000] {logging_mixin.py:190} INFO - [2024-12-28T21:05:22.155+0000] {override.py:1911} INFO - Created Permission View: can read on DAG Run:example_sensors
[2024-12-28T21:05:22.162+0000] {logging_mixin.py:190} INFO - [2024-12-28T21:05:22.162+0000] {override.py:1911} INFO - Created Permission View: can delete on DAG Run:example_sensors
[2024-12-28T21:05:22.169+0000] {logging_mixin.py:190} INFO - [2024-12-28T21:05:22.169+0000] {override.py:1911} INFO - Created Permission View: can create on DAG Run:example_sensors
[2024-12-28T21:05:22.170+0000] {logging_mixin.py:190} INFO - [2024-12-28T21:05:22.170+0000] {dag.py:3239} INFO - Sync 1 DAGs
[2024-12-28T21:05:22.181+0000] {logging_mixin.py:190} INFO - [2024-12-28T21:05:22.181+0000] {dag.py:3262} INFO - Creating ORM DAG for example_sensors
[2024-12-28T21:05:22.183+0000] {logging_mixin.py:190} INFO - [2024-12-28T21:05:22.182+0000] {dag.py:4180} INFO - Setting next_dagrun for example_sensors to None, run_after=None
[2024-12-28T21:05:22.199+0000] {processor.py:208} INFO - Processing /home/airflow/.local/lib/python3.12/site-packages/airflow/example_dags/example_sensors.py took 0.229 seconds
[2024-12-28T21:05:52.519+0000] {processor.py:186} INFO - Started process (PID=203) to work on /home/airflow/.local/lib/python3.12/site-packages/airflow/example_dags/example_sensors.py
[2024-12-28T21:05:52.521+0000] {processor.py:914} INFO - Processing file /home/airflow/.local/lib/python3.12/site-packages/airflow/example_dags/example_sensors.py for tasks to queue
[2024-12-28T21:05:52.524+0000] {logging_mixin.py:190} INFO - [2024-12-28T21:05:52.524+0000] {dagbag.py:588} INFO - Filling up the DagBag from /home/airflow/.local/lib/python3.12/site-packages/airflow/example_dags/example_sensors.py
[2024-12-28T21:05:52.536+0000] {processor.py:925} INFO - DAG(s) 'example_sensors' retrieved from /home/airflow/.local/lib/python3.12/site-packages/airflow/example_dags/example_sensors.py
[2024-12-28T21:05:52.562+0000] {logging_mixin.py:190} INFO - [2024-12-28T21:05:52.562+0000] {dag.py:3239} INFO - Sync 1 DAGs
[2024-12-28T21:05:52.580+0000] {logging_mixin.py:190} INFO - [2024-12-28T21:05:52.580+0000] {dag.py:4180} INFO - Setting next_dagrun for example_sensors to None, run_after=None
[2024-12-28T21:05:52.616+0000] {processor.py:208} INFO - Processing /home/airflow/.local/lib/python3.12/site-packages/airflow/example_dags/example_sensors.py took 0.105 seconds
[2024-12-28T21:06:24.127+0000] {processor.py:186} INFO - Started process (PID=272) to work on /home/airflow/.local/lib/python3.12/site-packages/airflow/example_dags/example_sensors.py
[2024-12-28T21:06:24.130+0000] {processor.py:914} INFO - Processing file /home/airflow/.local/lib/python3.12/site-packages/airflow/example_dags/example_sensors.py for tasks to queue
[2024-12-28T21:06:24.135+0000] {logging_mixin.py:190} INFO - [2024-12-28T21:06:24.134+0000] {dagbag.py:588} INFO - Filling up the DagBag from /home/airflow/.local/lib/python3.12/site-packages/airflow/example_dags/example_sensors.py
[2024-12-28T21:06:24.149+0000] {processor.py:925} INFO - DAG(s) 'example_sensors' retrieved from /home/airflow/.local/lib/python3.12/site-packages/airflow/example_dags/example_sensors.py
[2024-12-28T21:06:24.176+0000] {logging_mixin.py:190} INFO - [2024-12-28T21:06:24.176+0000] {dag.py:3239} INFO - Sync 1 DAGs
[2024-12-28T21:06:24.191+0000] {logging_mixin.py:190} INFO - [2024-12-28T21:06:24.191+0000] {dag.py:4180} INFO - Setting next_dagrun for example_sensors to None, run_after=None
[2024-12-28T21:06:24.214+0000] {processor.py:208} INFO - Processing /home/airflow/.local/lib/python3.12/site-packages/airflow/example_dags/example_sensors.py took 0.098 seconds
[2024-12-28T21:06:55.730+0000] {processor.py:186} INFO - Started process (PID=341) to work on /home/airflow/.local/lib/python3.12/site-packages/airflow/example_dags/example_sensors.py
[2024-12-28T21:06:55.734+0000] {processor.py:914} INFO - Processing file /home/airflow/.local/lib/python3.12/site-packages/airflow/example_dags/example_sensors.py for tasks to queue
[2024-12-28T21:06:55.739+0000] {logging_mixin.py:190} INFO - [2024-12-28T21:06:55.738+0000] {dagbag.py:588} INFO - Filling up the DagBag from /home/airflow/.local/lib/python3.12/site-packages/airflow/example_dags/example_sensors.py
[2024-12-28T21:06:55.753+0000] {processor.py:925} INFO - DAG(s) 'example_sensors' retrieved from /home/airflow/.local/lib/python3.12/site-packages/airflow/example_dags/example_sensors.py
[2024-12-28T21:06:55.784+0000] {logging_mixin.py:190} INFO - [2024-12-28T21:06:55.784+0000] {dag.py:3239} INFO - Sync 1 DAGs
[2024-12-28T21:06:55.810+0000] {logging_mixin.py:190} INFO - [2024-12-28T21:06:55.809+0000] {dag.py:4180} INFO - Setting next_dagrun for example_sensors to None, run_after=None
[2024-12-28T21:06:55.844+0000] {processor.py:208} INFO - Processing /home/airflow/.local/lib/python3.12/site-packages/airflow/example_dags/example_sensors.py took 0.120 seconds
[2024-12-28T21:07:27.006+0000] {processor.py:186} INFO - Started process (PID=410) to work on /home/airflow/.local/lib/python3.12/site-packages/airflow/example_dags/example_sensors.py
[2024-12-28T21:07:27.008+0000] {processor.py:914} INFO - Processing file /home/airflow/.local/lib/python3.12/site-packages/airflow/example_dags/example_sensors.py for tasks to queue
[2024-12-28T21:07:27.011+0000] {logging_mixin.py:190} INFO - [2024-12-28T21:07:27.010+0000] {dagbag.py:588} INFO - Filling up the DagBag from /home/airflow/.local/lib/python3.12/site-packages/airflow/example_dags/example_sensors.py
[2024-12-28T21:07:27.024+0000] {processor.py:925} INFO - DAG(s) 'example_sensors' retrieved from /home/airflow/.local/lib/python3.12/site-packages/airflow/example_dags/example_sensors.py
[2024-12-28T21:07:27.052+0000] {logging_mixin.py:190} INFO - [2024-12-28T21:07:27.052+0000] {dag.py:3239} INFO - Sync 1 DAGs
[2024-12-28T21:07:27.068+0000] {logging_mixin.py:190} INFO - [2024-12-28T21:07:27.067+0000] {dag.py:4180} INFO - Setting next_dagrun for example_sensors to None, run_after=None
[2024-12-28T21:07:27.092+0000] {processor.py:208} INFO - Processing /home/airflow/.local/lib/python3.12/site-packages/airflow/example_dags/example_sensors.py took 0.092 seconds
[2024-12-28T21:07:59.099+0000] {processor.py:186} INFO - Started process (PID=480) to work on /home/airflow/.local/lib/python3.12/site-packages/airflow/example_dags/example_sensors.py
[2024-12-28T21:07:59.102+0000] {processor.py:914} INFO - Processing file /home/airflow/.local/lib/python3.12/site-packages/airflow/example_dags/example_sensors.py for tasks to queue
[2024-12-28T21:07:59.105+0000] {logging_mixin.py:190} INFO - [2024-12-28T21:07:59.105+0000] {dagbag.py:588} INFO - Filling up the DagBag from /home/airflow/.local/lib/python3.12/site-packages/airflow/example_dags/example_sensors.py
[2024-12-28T21:07:59.119+0000] {processor.py:925} INFO - DAG(s) 'example_sensors' retrieved from /home/airflow/.local/lib/python3.12/site-packages/airflow/example_dags/example_sensors.py
[2024-12-28T21:07:59.160+0000] {logging_mixin.py:190} INFO - [2024-12-28T21:07:59.160+0000] {dag.py:3239} INFO - Sync 1 DAGs
[2024-12-28T21:07:59.184+0000] {logging_mixin.py:190} INFO - [2024-12-28T21:07:59.184+0000] {dag.py:4180} INFO - Setting next_dagrun for example_sensors to None, run_after=None
[2024-12-28T21:07:59.219+0000] {processor.py:208} INFO - Processing /home/airflow/.local/lib/python3.12/site-packages/airflow/example_dags/example_sensors.py took 0.131 seconds
[2024-12-28T21:08:29.757+0000] {processor.py:186} INFO - Started process (PID=549) to work on /home/airflow/.local/lib/python3.12/site-packages/airflow/example_dags/example_sensors.py
[2024-12-28T21:08:29.763+0000] {processor.py:914} INFO - Processing file /home/airflow/.local/lib/python3.12/site-packages/airflow/example_dags/example_sensors.py for tasks to queue
[2024-12-28T21:08:29.770+0000] {logging_mixin.py:190} INFO - [2024-12-28T21:08:29.769+0000] {dagbag.py:588} INFO - Filling up the DagBag from /home/airflow/.local/lib/python3.12/site-packages/airflow/example_dags/example_sensors.py
[2024-12-28T21:08:29.796+0000] {processor.py:925} INFO - DAG(s) 'example_sensors' retrieved from /home/airflow/.local/lib/python3.12/site-packages/airflow/example_dags/example_sensors.py
[2024-12-28T21:08:29.829+0000] {logging_mixin.py:190} INFO - [2024-12-28T21:08:29.829+0000] {dag.py:3239} INFO - Sync 1 DAGs
[2024-12-28T21:08:29.843+0000] {logging_mixin.py:190} INFO - [2024-12-28T21:08:29.842+0000] {dag.py:4180} INFO - Setting next_dagrun for example_sensors to None, run_after=None
[2024-12-28T21:08:29.861+0000] {processor.py:208} INFO - Processing /home/airflow/.local/lib/python3.12/site-packages/airflow/example_dags/example_sensors.py took 0.116 seconds
[2024-12-28T21:09:00.999+0000] {processor.py:186} INFO - Started process (PID=619) to work on /home/airflow/.local/lib/python3.12/site-packages/airflow/example_dags/example_sensors.py
[2024-12-28T21:09:01.001+0000] {processor.py:914} INFO - Processing file /home/airflow/.local/lib/python3.12/site-packages/airflow/example_dags/example_sensors.py for tasks to queue
[2024-12-28T21:09:01.004+0000] {logging_mixin.py:190} INFO - [2024-12-28T21:09:01.004+0000] {dagbag.py:588} INFO - Filling up the DagBag from /home/airflow/.local/lib/python3.12/site-packages/airflow/example_dags/example_sensors.py
[2024-12-28T21:09:01.015+0000] {processor.py:925} INFO - DAG(s) 'example_sensors' retrieved from /home/airflow/.local/lib/python3.12/site-packages/airflow/example_dags/example_sensors.py
[2024-12-28T21:09:01.063+0000] {logging_mixin.py:190} INFO - [2024-12-28T21:09:01.062+0000] {dag.py:3239} INFO - Sync 1 DAGs
[2024-12-28T21:09:01.092+0000] {logging_mixin.py:190} INFO - [2024-12-28T21:09:01.092+0000] {dag.py:4180} INFO - Setting next_dagrun for example_sensors to None, run_after=None
[2024-12-28T21:09:01.121+0000] {processor.py:208} INFO - Processing /home/airflow/.local/lib/python3.12/site-packages/airflow/example_dags/example_sensors.py took 0.127 seconds
[2024-12-28T21:09:33.265+0000] {processor.py:186} INFO - Started process (PID=689) to work on /home/airflow/.local/lib/python3.12/site-packages/airflow/example_dags/example_sensors.py
[2024-12-28T21:09:33.267+0000] {processor.py:914} INFO - Processing file /home/airflow/.local/lib/python3.12/site-packages/airflow/example_dags/example_sensors.py for tasks to queue
[2024-12-28T21:09:33.271+0000] {logging_mixin.py:190} INFO - [2024-12-28T21:09:33.271+0000] {dagbag.py:588} INFO - Filling up the DagBag from /home/airflow/.local/lib/python3.12/site-packages/airflow/example_dags/example_sensors.py
[2024-12-28T21:09:33.284+0000] {processor.py:925} INFO - DAG(s) 'example_sensors' retrieved from /home/airflow/.local/lib/python3.12/site-packages/airflow/example_dags/example_sensors.py
[2024-12-28T21:09:33.314+0000] {logging_mixin.py:190} INFO - [2024-12-28T21:09:33.314+0000] {dag.py:3239} INFO - Sync 1 DAGs
[2024-12-28T21:09:33.327+0000] {logging_mixin.py:190} INFO - [2024-12-28T21:09:33.327+0000] {dag.py:4180} INFO - Setting next_dagrun for example_sensors to None, run_after=None
[2024-12-28T21:09:33.345+0000] {processor.py:208} INFO - Processing /home/airflow/.local/lib/python3.12/site-packages/airflow/example_dags/example_sensors.py took 0.090 seconds
[2024-12-28T21:10:04.848+0000] {processor.py:186} INFO - Started process (PID=758) to work on /home/airflow/.local/lib/python3.12/site-packages/airflow/example_dags/example_sensors.py
[2024-12-28T21:10:04.851+0000] {processor.py:914} INFO - Processing file /home/airflow/.local/lib/python3.12/site-packages/airflow/example_dags/example_sensors.py for tasks to queue
[2024-12-28T21:10:04.856+0000] {logging_mixin.py:190} INFO - [2024-12-28T21:10:04.855+0000] {dagbag.py:588} INFO - Filling up the DagBag from /home/airflow/.local/lib/python3.12/site-packages/airflow/example_dags/example_sensors.py
[2024-12-28T21:10:04.872+0000] {processor.py:925} INFO - DAG(s) 'example_sensors' retrieved from /home/airflow/.local/lib/python3.12/site-packages/airflow/example_dags/example_sensors.py
[2024-12-28T21:10:04.898+0000] {logging_mixin.py:190} INFO - [2024-12-28T21:10:04.898+0000] {dag.py:3239} INFO - Sync 1 DAGs
[2024-12-28T21:10:04.913+0000] {logging_mixin.py:190} INFO - [2024-12-28T21:10:04.913+0000] {dag.py:4180} INFO - Setting next_dagrun for example_sensors to None, run_after=None
[2024-12-28T21:10:04.934+0000] {processor.py:208} INFO - Processing /home/airflow/.local/lib/python3.12/site-packages/airflow/example_dags/example_sensors.py took 0.097 seconds
[2024-12-28T21:10:36.008+0000] {processor.py:186} INFO - Started process (PID=827) to work on /home/airflow/.local/lib/python3.12/site-packages/airflow/example_dags/example_sensors.py
[2024-12-28T21:10:36.010+0000] {processor.py:914} INFO - Processing file /home/airflow/.local/lib/python3.12/site-packages/airflow/example_dags/example_sensors.py for tasks to queue
[2024-12-28T21:10:36.013+0000] {logging_mixin.py:190} INFO - [2024-12-28T21:10:36.012+0000] {dagbag.py:588} INFO - Filling up the DagBag from /home/airflow/.local/lib/python3.12/site-packages/airflow/example_dags/example_sensors.py
[2024-12-28T21:10:36.023+0000] {processor.py:925} INFO - DAG(s) 'example_sensors' retrieved from /home/airflow/.local/lib/python3.12/site-packages/airflow/example_dags/example_sensors.py
[2024-12-28T21:10:36.051+0000] {logging_mixin.py:190} INFO - [2024-12-28T21:10:36.051+0000] {dag.py:3239} INFO - Sync 1 DAGs
[2024-12-28T21:10:36.066+0000] {logging_mixin.py:190} INFO - [2024-12-28T21:10:36.065+0000] {dag.py:4180} INFO - Setting next_dagrun for example_sensors to None, run_after=None
[2024-12-28T21:10:36.087+0000] {processor.py:208} INFO - Processing /home/airflow/.local/lib/python3.12/site-packages/airflow/example_dags/example_sensors.py took 0.087 seconds
[2024-12-28T21:11:07.535+0000] {processor.py:186} INFO - Started process (PID=895) to work on /home/airflow/.local/lib/python3.12/site-packages/airflow/example_dags/example_sensors.py
[2024-12-28T21:11:07.537+0000] {processor.py:914} INFO - Processing file /home/airflow/.local/lib/python3.12/site-packages/airflow/example_dags/example_sensors.py for tasks to queue
[2024-12-28T21:11:07.539+0000] {logging_mixin.py:190} INFO - [2024-12-28T21:11:07.539+0000] {dagbag.py:588} INFO - Filling up the DagBag from /home/airflow/.local/lib/python3.12/site-packages/airflow/example_dags/example_sensors.py
[2024-12-28T21:11:07.549+0000] {processor.py:925} INFO - DAG(s) 'example_sensors' retrieved from /home/airflow/.local/lib/python3.12/site-packages/airflow/example_dags/example_sensors.py
[2024-12-28T21:11:07.584+0000] {logging_mixin.py:190} INFO - [2024-12-28T21:11:07.584+0000] {dag.py:3239} INFO - Sync 1 DAGs
[2024-12-28T21:11:07.598+0000] {logging_mixin.py:190} INFO - [2024-12-28T21:11:07.598+0000] {dag.py:4180} INFO - Setting next_dagrun for example_sensors to None, run_after=None
[2024-12-28T21:11:07.618+0000] {processor.py:208} INFO - Processing /home/airflow/.local/lib/python3.12/site-packages/airflow/example_dags/example_sensors.py took 0.088 seconds
[2024-12-28T21:11:38.325+0000] {processor.py:186} INFO - Started process (PID=964) to work on /home/airflow/.local/lib/python3.12/site-packages/airflow/example_dags/example_sensors.py
[2024-12-28T21:11:38.327+0000] {processor.py:914} INFO - Processing file /home/airflow/.local/lib/python3.12/site-packages/airflow/example_dags/example_sensors.py for tasks to queue
[2024-12-28T21:11:38.330+0000] {logging_mixin.py:190} INFO - [2024-12-28T21:11:38.330+0000] {dagbag.py:588} INFO - Filling up the DagBag from /home/airflow/.local/lib/python3.12/site-packages/airflow/example_dags/example_sensors.py
[2024-12-28T21:11:38.347+0000] {processor.py:925} INFO - DAG(s) 'example_sensors' retrieved from /home/airflow/.local/lib/python3.12/site-packages/airflow/example_dags/example_sensors.py
[2024-12-28T21:11:38.377+0000] {logging_mixin.py:190} INFO - [2024-12-28T21:11:38.377+0000] {dag.py:3239} INFO - Sync 1 DAGs
[2024-12-28T21:11:38.394+0000] {logging_mixin.py:190} INFO - [2024-12-28T21:11:38.393+0000] {dag.py:4180} INFO - Setting next_dagrun for example_sensors to None, run_after=None
[2024-12-28T21:11:38.417+0000] {processor.py:208} INFO - Processing /home/airflow/.local/lib/python3.12/site-packages/airflow/example_dags/example_sensors.py took 0.099 seconds
[2024-12-28T21:12:10.048+0000] {processor.py:186} INFO - Started process (PID=1033) to work on /home/airflow/.local/lib/python3.12/site-packages/airflow/example_dags/example_sensors.py
[2024-12-28T21:12:10.050+0000] {processor.py:914} INFO - Processing file /home/airflow/.local/lib/python3.12/site-packages/airflow/example_dags/example_sensors.py for tasks to queue
[2024-12-28T21:12:10.053+0000] {logging_mixin.py:190} INFO - [2024-12-28T21:12:10.053+0000] {dagbag.py:588} INFO - Filling up the DagBag from /home/airflow/.local/lib/python3.12/site-packages/airflow/example_dags/example_sensors.py
[2024-12-28T21:12:10.069+0000] {processor.py:925} INFO - DAG(s) 'example_sensors' retrieved from /home/airflow/.local/lib/python3.12/site-packages/airflow/example_dags/example_sensors.py
[2024-12-28T21:12:10.110+0000] {logging_mixin.py:190} INFO - [2024-12-28T21:12:10.110+0000] {dag.py:3239} INFO - Sync 1 DAGs
[2024-12-28T21:12:10.125+0000] {logging_mixin.py:190} INFO - [2024-12-28T21:12:10.125+0000] {dag.py:4180} INFO - Setting next_dagrun for example_sensors to None, run_after=None
[2024-12-28T21:12:10.145+0000] {processor.py:208} INFO - Processing /home/airflow/.local/lib/python3.12/site-packages/airflow/example_dags/example_sensors.py took 0.108 seconds
[2024-12-28T21:12:40.981+0000] {processor.py:186} INFO - Started process (PID=1102) to work on /home/airflow/.local/lib/python3.12/site-packages/airflow/example_dags/example_sensors.py
[2024-12-28T21:12:40.982+0000] {processor.py:914} INFO - Processing file /home/airflow/.local/lib/python3.12/site-packages/airflow/example_dags/example_sensors.py for tasks to queue
[2024-12-28T21:12:40.986+0000] {logging_mixin.py:190} INFO - [2024-12-28T21:12:40.985+0000] {dagbag.py:588} INFO - Filling up the DagBag from /home/airflow/.local/lib/python3.12/site-packages/airflow/example_dags/example_sensors.py
[2024-12-28T21:12:41.016+0000] {processor.py:925} INFO - DAG(s) 'example_sensors' retrieved from /home/airflow/.local/lib/python3.12/site-packages/airflow/example_dags/example_sensors.py
[2024-12-28T21:12:41.056+0000] {logging_mixin.py:190} INFO - [2024-12-28T21:12:41.056+0000] {dag.py:3239} INFO - Sync 1 DAGs
[2024-12-28T21:12:41.078+0000] {logging_mixin.py:190} INFO - [2024-12-28T21:12:41.077+0000] {dag.py:4180} INFO - Setting next_dagrun for example_sensors to None, run_after=None
[2024-12-28T21:12:41.103+0000] {processor.py:208} INFO - Processing /home/airflow/.local/lib/python3.12/site-packages/airflow/example_dags/example_sensors.py took 0.133 seconds
[2024-12-28T21:13:12.384+0000] {processor.py:186} INFO - Started process (PID=1177) to work on /home/airflow/.local/lib/python3.12/site-packages/airflow/example_dags/example_sensors.py
[2024-12-28T21:13:12.386+0000] {processor.py:914} INFO - Processing file /home/airflow/.local/lib/python3.12/site-packages/airflow/example_dags/example_sensors.py for tasks to queue
[2024-12-28T21:13:12.389+0000] {logging_mixin.py:190} INFO - [2024-12-28T21:13:12.389+0000] {dagbag.py:588} INFO - Filling up the DagBag from /home/airflow/.local/lib/python3.12/site-packages/airflow/example_dags/example_sensors.py
[2024-12-28T21:13:12.403+0000] {processor.py:925} INFO - DAG(s) 'example_sensors' retrieved from /home/airflow/.local/lib/python3.12/site-packages/airflow/example_dags/example_sensors.py
[2024-12-28T21:13:12.430+0000] {logging_mixin.py:190} INFO - [2024-12-28T21:13:12.429+0000] {dag.py:3239} INFO - Sync 1 DAGs
[2024-12-28T21:13:12.445+0000] {logging_mixin.py:190} INFO - [2024-12-28T21:13:12.444+0000] {dag.py:4180} INFO - Setting next_dagrun for example_sensors to None, run_after=None
[2024-12-28T21:13:12.463+0000] {processor.py:208} INFO - Processing /home/airflow/.local/lib/python3.12/site-packages/airflow/example_dags/example_sensors.py took 0.089 seconds
[2024-12-28T21:13:44.408+0000] {processor.py:186} INFO - Started process (PID=1246) to work on /home/airflow/.local/lib/python3.12/site-packages/airflow/example_dags/example_sensors.py
[2024-12-28T21:13:44.410+0000] {processor.py:914} INFO - Processing file /home/airflow/.local/lib/python3.12/site-packages/airflow/example_dags/example_sensors.py for tasks to queue
[2024-12-28T21:13:44.413+0000] {logging_mixin.py:190} INFO - [2024-12-28T21:13:44.413+0000] {dagbag.py:588} INFO - Filling up the DagBag from /home/airflow/.local/lib/python3.12/site-packages/airflow/example_dags/example_sensors.py
[2024-12-28T21:13:44.433+0000] {processor.py:925} INFO - DAG(s) 'example_sensors' retrieved from /home/airflow/.local/lib/python3.12/site-packages/airflow/example_dags/example_sensors.py
[2024-12-28T21:13:44.489+0000] {logging_mixin.py:190} INFO - [2024-12-28T21:13:44.488+0000] {dag.py:3239} INFO - Sync 1 DAGs
[2024-12-28T21:13:44.506+0000] {logging_mixin.py:190} INFO - [2024-12-28T21:13:44.506+0000] {dag.py:4180} INFO - Setting next_dagrun for example_sensors to None, run_after=None
[2024-12-28T21:13:44.535+0000] {processor.py:208} INFO - Processing /home/airflow/.local/lib/python3.12/site-packages/airflow/example_dags/example_sensors.py took 0.135 seconds
[2024-12-28T21:14:15.975+0000] {processor.py:186} INFO - Started process (PID=1315) to work on /home/airflow/.local/lib/python3.12/site-packages/airflow/example_dags/example_sensors.py
[2024-12-28T21:14:15.977+0000] {processor.py:914} INFO - Processing file /home/airflow/.local/lib/python3.12/site-packages/airflow/example_dags/example_sensors.py for tasks to queue
[2024-12-28T21:14:15.982+0000] {logging_mixin.py:190} INFO - [2024-12-28T21:14:15.982+0000] {dagbag.py:588} INFO - Filling up the DagBag from /home/airflow/.local/lib/python3.12/site-packages/airflow/example_dags/example_sensors.py
[2024-12-28T21:14:16.000+0000] {processor.py:925} INFO - DAG(s) 'example_sensors' retrieved from /home/airflow/.local/lib/python3.12/site-packages/airflow/example_dags/example_sensors.py
[2024-12-28T21:14:16.033+0000] {logging_mixin.py:190} INFO - [2024-12-28T21:14:16.033+0000] {dag.py:3239} INFO - Sync 1 DAGs
[2024-12-28T21:14:16.062+0000] {logging_mixin.py:190} INFO - [2024-12-28T21:14:16.061+0000] {dag.py:4180} INFO - Setting next_dagrun for example_sensors to None, run_after=None
[2024-12-28T21:14:16.112+0000] {processor.py:208} INFO - Processing /home/airflow/.local/lib/python3.12/site-packages/airflow/example_dags/example_sensors.py took 0.153 seconds
[2024-12-28T21:14:46.823+0000] {processor.py:186} INFO - Started process (PID=1384) to work on /home/airflow/.local/lib/python3.12/site-packages/airflow/example_dags/example_sensors.py
[2024-12-28T21:14:46.824+0000] {processor.py:914} INFO - Processing file /home/airflow/.local/lib/python3.12/site-packages/airflow/example_dags/example_sensors.py for tasks to queue
[2024-12-28T21:14:46.828+0000] {logging_mixin.py:190} INFO - [2024-12-28T21:14:46.828+0000] {dagbag.py:588} INFO - Filling up the DagBag from /home/airflow/.local/lib/python3.12/site-packages/airflow/example_dags/example_sensors.py
[2024-12-28T21:14:46.844+0000] {processor.py:925} INFO - DAG(s) 'example_sensors' retrieved from /home/airflow/.local/lib/python3.12/site-packages/airflow/example_dags/example_sensors.py
[2024-12-28T21:14:46.881+0000] {logging_mixin.py:190} INFO - [2024-12-28T21:14:46.881+0000] {dag.py:3239} INFO - Sync 1 DAGs
[2024-12-28T21:14:46.895+0000] {logging_mixin.py:190} INFO - [2024-12-28T21:14:46.895+0000] {dag.py:4180} INFO - Setting next_dagrun for example_sensors to None, run_after=None
[2024-12-28T21:14:46.915+0000] {processor.py:208} INFO - Processing /home/airflow/.local/lib/python3.12/site-packages/airflow/example_dags/example_sensors.py took 0.100 seconds
[2024-12-28T21:15:18.099+0000] {processor.py:186} INFO - Started process (PID=1453) to work on /home/airflow/.local/lib/python3.12/site-packages/airflow/example_dags/example_sensors.py
[2024-12-28T21:15:18.102+0000] {processor.py:914} INFO - Processing file /home/airflow/.local/lib/python3.12/site-packages/airflow/example_dags/example_sensors.py for tasks to queue
[2024-12-28T21:15:18.108+0000] {logging_mixin.py:190} INFO - [2024-12-28T21:15:18.108+0000] {dagbag.py:588} INFO - Filling up the DagBag from /home/airflow/.local/lib/python3.12/site-packages/airflow/example_dags/example_sensors.py
[2024-12-28T21:15:18.133+0000] {processor.py:925} INFO - DAG(s) 'example_sensors' retrieved from /home/airflow/.local/lib/python3.12/site-packages/airflow/example_dags/example_sensors.py
[2024-12-28T21:15:18.184+0000] {logging_mixin.py:190} INFO - [2024-12-28T21:15:18.183+0000] {dag.py:3239} INFO - Sync 1 DAGs
[2024-12-28T21:15:18.215+0000] {logging_mixin.py:190} INFO - [2024-12-28T21:15:18.215+0000] {dag.py:4180} INFO - Setting next_dagrun for example_sensors to None, run_after=None
[2024-12-28T21:15:18.249+0000] {processor.py:208} INFO - Processing /home/airflow/.local/lib/python3.12/site-packages/airflow/example_dags/example_sensors.py took 0.162 seconds
[2024-12-28T21:15:49.619+0000] {processor.py:186} INFO - Started process (PID=1522) to work on /home/airflow/.local/lib/python3.12/site-packages/airflow/example_dags/example_sensors.py
[2024-12-28T21:15:49.627+0000] {processor.py:914} INFO - Processing file /home/airflow/.local/lib/python3.12/site-packages/airflow/example_dags/example_sensors.py for tasks to queue
[2024-12-28T21:15:49.637+0000] {logging_mixin.py:190} INFO - [2024-12-28T21:15:49.636+0000] {dagbag.py:588} INFO - Filling up the DagBag from /home/airflow/.local/lib/python3.12/site-packages/airflow/example_dags/example_sensors.py
[2024-12-28T21:15:49.664+0000] {processor.py:925} INFO - DAG(s) 'example_sensors' retrieved from /home/airflow/.local/lib/python3.12/site-packages/airflow/example_dags/example_sensors.py
[2024-12-28T21:15:49.695+0000] {logging_mixin.py:190} INFO - [2024-12-28T21:15:49.695+0000] {dag.py:3239} INFO - Sync 1 DAGs
[2024-12-28T21:15:49.725+0000] {logging_mixin.py:190} INFO - [2024-12-28T21:15:49.724+0000] {dag.py:4180} INFO - Setting next_dagrun for example_sensors to None, run_after=None
[2024-12-28T21:15:49.762+0000] {processor.py:208} INFO - Processing /home/airflow/.local/lib/python3.12/site-packages/airflow/example_dags/example_sensors.py took 0.148 seconds
[2024-12-28T21:16:21.357+0000] {processor.py:186} INFO - Started process (PID=1591) to work on /home/airflow/.local/lib/python3.12/site-packages/airflow/example_dags/example_sensors.py
[2024-12-28T21:16:21.358+0000] {processor.py:914} INFO - Processing file /home/airflow/.local/lib/python3.12/site-packages/airflow/example_dags/example_sensors.py for tasks to queue
[2024-12-28T21:16:21.361+0000] {logging_mixin.py:190} INFO - [2024-12-28T21:16:21.361+0000] {dagbag.py:588} INFO - Filling up the DagBag from /home/airflow/.local/lib/python3.12/site-packages/airflow/example_dags/example_sensors.py
[2024-12-28T21:16:21.378+0000] {processor.py:925} INFO - DAG(s) 'example_sensors' retrieved from /home/airflow/.local/lib/python3.12/site-packages/airflow/example_dags/example_sensors.py
[2024-12-28T21:16:21.415+0000] {logging_mixin.py:190} INFO - [2024-12-28T21:16:21.415+0000] {dag.py:3239} INFO - Sync 1 DAGs
[2024-12-28T21:16:21.435+0000] {logging_mixin.py:190} INFO - [2024-12-28T21:16:21.435+0000] {dag.py:4180} INFO - Setting next_dagrun for example_sensors to None, run_after=None
[2024-12-28T21:16:21.495+0000] {processor.py:208} INFO - Processing /home/airflow/.local/lib/python3.12/site-packages/airflow/example_dags/example_sensors.py took 0.144 seconds
[2024-12-28T21:16:52.410+0000] {processor.py:186} INFO - Started process (PID=1660) to work on /home/airflow/.local/lib/python3.12/site-packages/airflow/example_dags/example_sensors.py
[2024-12-28T21:16:52.412+0000] {processor.py:914} INFO - Processing file /home/airflow/.local/lib/python3.12/site-packages/airflow/example_dags/example_sensors.py for tasks to queue
[2024-12-28T21:16:52.414+0000] {logging_mixin.py:190} INFO - [2024-12-28T21:16:52.414+0000] {dagbag.py:588} INFO - Filling up the DagBag from /home/airflow/.local/lib/python3.12/site-packages/airflow/example_dags/example_sensors.py
[2024-12-28T21:16:52.426+0000] {processor.py:925} INFO - DAG(s) 'example_sensors' retrieved from /home/airflow/.local/lib/python3.12/site-packages/airflow/example_dags/example_sensors.py
[2024-12-28T21:16:52.452+0000] {logging_mixin.py:190} INFO - [2024-12-28T21:16:52.452+0000] {dag.py:3239} INFO - Sync 1 DAGs
[2024-12-28T21:16:52.466+0000] {logging_mixin.py:190} INFO - [2024-12-28T21:16:52.466+0000] {dag.py:4180} INFO - Setting next_dagrun for example_sensors to None, run_after=None
[2024-12-28T21:16:52.484+0000] {processor.py:208} INFO - Processing /home/airflow/.local/lib/python3.12/site-packages/airflow/example_dags/example_sensors.py took 0.088 seconds
[2024-12-28T21:17:22.983+0000] {processor.py:186} INFO - Started process (PID=1729) to work on /home/airflow/.local/lib/python3.12/site-packages/airflow/example_dags/example_sensors.py
[2024-12-28T21:17:22.985+0000] {processor.py:914} INFO - Processing file /home/airflow/.local/lib/python3.12/site-packages/airflow/example_dags/example_sensors.py for tasks to queue
[2024-12-28T21:17:22.988+0000] {logging_mixin.py:190} INFO - [2024-12-28T21:17:22.988+0000] {dagbag.py:588} INFO - Filling up the DagBag from /home/airflow/.local/lib/python3.12/site-packages/airflow/example_dags/example_sensors.py
[2024-12-28T21:17:23.006+0000] {processor.py:925} INFO - DAG(s) 'example_sensors' retrieved from /home/airflow/.local/lib/python3.12/site-packages/airflow/example_dags/example_sensors.py
[2024-12-28T21:17:23.031+0000] {logging_mixin.py:190} INFO - [2024-12-28T21:17:23.031+0000] {dag.py:3239} INFO - Sync 1 DAGs
[2024-12-28T21:17:23.046+0000] {logging_mixin.py:190} INFO - [2024-12-28T21:17:23.046+0000] {dag.py:4180} INFO - Setting next_dagrun for example_sensors to None, run_after=None
[2024-12-28T21:17:23.063+0000] {processor.py:208} INFO - Processing /home/airflow/.local/lib/python3.12/site-packages/airflow/example_dags/example_sensors.py took 0.089 seconds
[2024-12-28T21:17:54.966+0000] {processor.py:186} INFO - Started process (PID=1798) to work on /home/airflow/.local/lib/python3.12/site-packages/airflow/example_dags/example_sensors.py
[2024-12-28T21:17:54.968+0000] {processor.py:914} INFO - Processing file /home/airflow/.local/lib/python3.12/site-packages/airflow/example_dags/example_sensors.py for tasks to queue
[2024-12-28T21:17:54.972+0000] {logging_mixin.py:190} INFO - [2024-12-28T21:17:54.971+0000] {dagbag.py:588} INFO - Filling up the DagBag from /home/airflow/.local/lib/python3.12/site-packages/airflow/example_dags/example_sensors.py
[2024-12-28T21:17:54.983+0000] {processor.py:925} INFO - DAG(s) 'example_sensors' retrieved from /home/airflow/.local/lib/python3.12/site-packages/airflow/example_dags/example_sensors.py
[2024-12-28T21:17:55.007+0000] {logging_mixin.py:190} INFO - [2024-12-28T21:17:55.007+0000] {dag.py:3239} INFO - Sync 1 DAGs
[2024-12-28T21:17:55.025+0000] {logging_mixin.py:190} INFO - [2024-12-28T21:17:55.025+0000] {dag.py:4180} INFO - Setting next_dagrun for example_sensors to None, run_after=None
[2024-12-28T21:17:55.058+0000] {processor.py:208} INFO - Processing /home/airflow/.local/lib/python3.12/site-packages/airflow/example_dags/example_sensors.py took 0.101 seconds
[2024-12-28T21:18:27.168+0000] {processor.py:186} INFO - Started process (PID=1867) to work on /home/airflow/.local/lib/python3.12/site-packages/airflow/example_dags/example_sensors.py
[2024-12-28T21:18:27.170+0000] {processor.py:914} INFO - Processing file /home/airflow/.local/lib/python3.12/site-packages/airflow/example_dags/example_sensors.py for tasks to queue
[2024-12-28T21:18:27.175+0000] {logging_mixin.py:190} INFO - [2024-12-28T21:18:27.174+0000] {dagbag.py:588} INFO - Filling up the DagBag from /home/airflow/.local/lib/python3.12/site-packages/airflow/example_dags/example_sensors.py
[2024-12-28T21:18:27.201+0000] {processor.py:925} INFO - DAG(s) 'example_sensors' retrieved from /home/airflow/.local/lib/python3.12/site-packages/airflow/example_dags/example_sensors.py
[2024-12-28T21:18:27.258+0000] {logging_mixin.py:190} INFO - [2024-12-28T21:18:27.257+0000] {dag.py:3239} INFO - Sync 1 DAGs
[2024-12-28T21:18:27.307+0000] {logging_mixin.py:190} INFO - [2024-12-28T21:18:27.306+0000] {dag.py:4180} INFO - Setting next_dagrun for example_sensors to None, run_after=None
[2024-12-28T21:18:27.340+0000] {processor.py:208} INFO - Processing /home/airflow/.local/lib/python3.12/site-packages/airflow/example_dags/example_sensors.py took 0.185 seconds
[2024-12-28T21:18:59.074+0000] {processor.py:186} INFO - Started process (PID=1938) to work on /home/airflow/.local/lib/python3.12/site-packages/airflow/example_dags/example_sensors.py
[2024-12-28T21:18:59.076+0000] {processor.py:914} INFO - Processing file /home/airflow/.local/lib/python3.12/site-packages/airflow/example_dags/example_sensors.py for tasks to queue
[2024-12-28T21:18:59.080+0000] {logging_mixin.py:190} INFO - [2024-12-28T21:18:59.079+0000] {dagbag.py:588} INFO - Filling up the DagBag from /home/airflow/.local/lib/python3.12/site-packages/airflow/example_dags/example_sensors.py
[2024-12-28T21:18:59.094+0000] {processor.py:925} INFO - DAG(s) 'example_sensors' retrieved from /home/airflow/.local/lib/python3.12/site-packages/airflow/example_dags/example_sensors.py
[2024-12-28T21:18:59.125+0000] {logging_mixin.py:190} INFO - [2024-12-28T21:18:59.125+0000] {dag.py:3239} INFO - Sync 1 DAGs
[2024-12-28T21:18:59.144+0000] {logging_mixin.py:190} INFO - [2024-12-28T21:18:59.144+0000] {dag.py:4180} INFO - Setting next_dagrun for example_sensors to None, run_after=None
[2024-12-28T21:18:59.172+0000] {processor.py:208} INFO - Processing /home/airflow/.local/lib/python3.12/site-packages/airflow/example_dags/example_sensors.py took 0.106 seconds
[2024-12-28T21:19:30.291+0000] {processor.py:186} INFO - Started process (PID=2007) to work on /home/airflow/.local/lib/python3.12/site-packages/airflow/example_dags/example_sensors.py
[2024-12-28T21:19:30.293+0000] {processor.py:914} INFO - Processing file /home/airflow/.local/lib/python3.12/site-packages/airflow/example_dags/example_sensors.py for tasks to queue
[2024-12-28T21:19:30.298+0000] {logging_mixin.py:190} INFO - [2024-12-28T21:19:30.297+0000] {dagbag.py:588} INFO - Filling up the DagBag from /home/airflow/.local/lib/python3.12/site-packages/airflow/example_dags/example_sensors.py
[2024-12-28T21:19:30.320+0000] {processor.py:925} INFO - DAG(s) 'example_sensors' retrieved from /home/airflow/.local/lib/python3.12/site-packages/airflow/example_dags/example_sensors.py
[2024-12-28T21:19:30.364+0000] {logging_mixin.py:190} INFO - [2024-12-28T21:19:30.363+0000] {dag.py:3239} INFO - Sync 1 DAGs
[2024-12-28T21:19:30.389+0000] {logging_mixin.py:190} INFO - [2024-12-28T21:19:30.389+0000] {dag.py:4180} INFO - Setting next_dagrun for example_sensors to None, run_after=None
[2024-12-28T21:19:30.419+0000] {processor.py:208} INFO - Processing /home/airflow/.local/lib/python3.12/site-packages/airflow/example_dags/example_sensors.py took 0.145 seconds
[2024-12-28T21:20:01.262+0000] {processor.py:186} INFO - Started process (PID=2076) to work on /home/airflow/.local/lib/python3.12/site-packages/airflow/example_dags/example_sensors.py
[2024-12-28T21:20:01.264+0000] {processor.py:914} INFO - Processing file /home/airflow/.local/lib/python3.12/site-packages/airflow/example_dags/example_sensors.py for tasks to queue
[2024-12-28T21:20:01.269+0000] {logging_mixin.py:190} INFO - [2024-12-28T21:20:01.269+0000] {dagbag.py:588} INFO - Filling up the DagBag from /home/airflow/.local/lib/python3.12/site-packages/airflow/example_dags/example_sensors.py
[2024-12-28T21:20:01.282+0000] {processor.py:925} INFO - DAG(s) 'example_sensors' retrieved from /home/airflow/.local/lib/python3.12/site-packages/airflow/example_dags/example_sensors.py
[2024-12-28T21:20:01.328+0000] {logging_mixin.py:190} INFO - [2024-12-28T21:20:01.327+0000] {dag.py:3239} INFO - Sync 1 DAGs
[2024-12-28T21:20:01.360+0000] {logging_mixin.py:190} INFO - [2024-12-28T21:20:01.359+0000] {dag.py:4180} INFO - Setting next_dagrun for example_sensors to None, run_after=None
[2024-12-28T21:20:01.403+0000] {processor.py:208} INFO - Processing /home/airflow/.local/lib/python3.12/site-packages/airflow/example_dags/example_sensors.py took 0.152 seconds
[2024-12-28T21:20:32.611+0000] {processor.py:186} INFO - Started process (PID=2147) to work on /home/airflow/.local/lib/python3.12/site-packages/airflow/example_dags/example_sensors.py
[2024-12-28T21:20:32.613+0000] {processor.py:914} INFO - Processing file /home/airflow/.local/lib/python3.12/site-packages/airflow/example_dags/example_sensors.py for tasks to queue
[2024-12-28T21:20:32.616+0000] {logging_mixin.py:190} INFO - [2024-12-28T21:20:32.616+0000] {dagbag.py:588} INFO - Filling up the DagBag from /home/airflow/.local/lib/python3.12/site-packages/airflow/example_dags/example_sensors.py
[2024-12-28T21:20:32.632+0000] {processor.py:925} INFO - DAG(s) 'example_sensors' retrieved from /home/airflow/.local/lib/python3.12/site-packages/airflow/example_dags/example_sensors.py
[2024-12-28T21:20:32.659+0000] {logging_mixin.py:190} INFO - [2024-12-28T21:20:32.658+0000] {dag.py:3239} INFO - Sync 1 DAGs
[2024-12-28T21:20:32.673+0000] {logging_mixin.py:190} INFO - [2024-12-28T21:20:32.673+0000] {dag.py:4180} INFO - Setting next_dagrun for example_sensors to None, run_after=None
[2024-12-28T21:20:32.699+0000] {processor.py:208} INFO - Processing /home/airflow/.local/lib/python3.12/site-packages/airflow/example_dags/example_sensors.py took 0.095 seconds
[2024-12-28T21:21:04.082+0000] {processor.py:186} INFO - Started process (PID=2216) to work on /home/airflow/.local/lib/python3.12/site-packages/airflow/example_dags/example_sensors.py
[2024-12-28T21:21:04.086+0000] {processor.py:914} INFO - Processing file /home/airflow/.local/lib/python3.12/site-packages/airflow/example_dags/example_sensors.py for tasks to queue
[2024-12-28T21:21:04.092+0000] {logging_mixin.py:190} INFO - [2024-12-28T21:21:04.091+0000] {dagbag.py:588} INFO - Filling up the DagBag from /home/airflow/.local/lib/python3.12/site-packages/airflow/example_dags/example_sensors.py
[2024-12-28T21:21:04.106+0000] {processor.py:925} INFO - DAG(s) 'example_sensors' retrieved from /home/airflow/.local/lib/python3.12/site-packages/airflow/example_dags/example_sensors.py
[2024-12-28T21:21:04.134+0000] {logging_mixin.py:190} INFO - [2024-12-28T21:21:04.134+0000] {dag.py:3239} INFO - Sync 1 DAGs
[2024-12-28T21:21:04.148+0000] {logging_mixin.py:190} INFO - [2024-12-28T21:21:04.148+0000] {dag.py:4180} INFO - Setting next_dagrun for example_sensors to None, run_after=None
[2024-12-28T21:21:04.168+0000] {processor.py:208} INFO - Processing /home/airflow/.local/lib/python3.12/site-packages/airflow/example_dags/example_sensors.py took 0.099 seconds
[2024-12-28T21:21:35.464+0000] {processor.py:186} INFO - Started process (PID=2285) to work on /home/airflow/.local/lib/python3.12/site-packages/airflow/example_dags/example_sensors.py
[2024-12-28T21:21:35.467+0000] {processor.py:914} INFO - Processing file /home/airflow/.local/lib/python3.12/site-packages/airflow/example_dags/example_sensors.py for tasks to queue
[2024-12-28T21:21:35.470+0000] {logging_mixin.py:190} INFO - [2024-12-28T21:21:35.470+0000] {dagbag.py:588} INFO - Filling up the DagBag from /home/airflow/.local/lib/python3.12/site-packages/airflow/example_dags/example_sensors.py
[2024-12-28T21:21:35.480+0000] {processor.py:925} INFO - DAG(s) 'example_sensors' retrieved from /home/airflow/.local/lib/python3.12/site-packages/airflow/example_dags/example_sensors.py
[2024-12-28T21:21:35.505+0000] {logging_mixin.py:190} INFO - [2024-12-28T21:21:35.505+0000] {dag.py:3239} INFO - Sync 1 DAGs
[2024-12-28T21:21:35.519+0000] {logging_mixin.py:190} INFO - [2024-12-28T21:21:35.519+0000] {dag.py:4180} INFO - Setting next_dagrun for example_sensors to None, run_after=None
[2024-12-28T21:21:35.539+0000] {processor.py:208} INFO - Processing /home/airflow/.local/lib/python3.12/site-packages/airflow/example_dags/example_sensors.py took 0.080 seconds
[2024-12-28T21:22:06.941+0000] {processor.py:186} INFO - Started process (PID=2354) to work on /home/airflow/.local/lib/python3.12/site-packages/airflow/example_dags/example_sensors.py
[2024-12-28T21:22:06.944+0000] {processor.py:914} INFO - Processing file /home/airflow/.local/lib/python3.12/site-packages/airflow/example_dags/example_sensors.py for tasks to queue
[2024-12-28T21:22:06.950+0000] {logging_mixin.py:190} INFO - [2024-12-28T21:22:06.949+0000] {dagbag.py:588} INFO - Filling up the DagBag from /home/airflow/.local/lib/python3.12/site-packages/airflow/example_dags/example_sensors.py
[2024-12-28T21:22:06.972+0000] {processor.py:925} INFO - DAG(s) 'example_sensors' retrieved from /home/airflow/.local/lib/python3.12/site-packages/airflow/example_dags/example_sensors.py
[2024-12-28T21:22:06.997+0000] {logging_mixin.py:190} INFO - [2024-12-28T21:22:06.997+0000] {dag.py:3239} INFO - Sync 1 DAGs
[2024-12-28T21:22:07.010+0000] {logging_mixin.py:190} INFO - [2024-12-28T21:22:07.010+0000] {dag.py:4180} INFO - Setting next_dagrun for example_sensors to None, run_after=None
[2024-12-28T21:22:07.030+0000] {processor.py:208} INFO - Processing /home/airflow/.local/lib/python3.12/site-packages/airflow/example_dags/example_sensors.py took 0.103 seconds
[2024-12-28T21:22:37.465+0000] {processor.py:186} INFO - Started process (PID=2422) to work on /home/airflow/.local/lib/python3.12/site-packages/airflow/example_dags/example_sensors.py
[2024-12-28T21:22:37.467+0000] {processor.py:914} INFO - Processing file /home/airflow/.local/lib/python3.12/site-packages/airflow/example_dags/example_sensors.py for tasks to queue
[2024-12-28T21:22:37.470+0000] {logging_mixin.py:190} INFO - [2024-12-28T21:22:37.469+0000] {dagbag.py:588} INFO - Filling up the DagBag from /home/airflow/.local/lib/python3.12/site-packages/airflow/example_dags/example_sensors.py
[2024-12-28T21:22:37.481+0000] {processor.py:925} INFO - DAG(s) 'example_sensors' retrieved from /home/airflow/.local/lib/python3.12/site-packages/airflow/example_dags/example_sensors.py
[2024-12-28T21:22:37.506+0000] {logging_mixin.py:190} INFO - [2024-12-28T21:22:37.505+0000] {dag.py:3239} INFO - Sync 1 DAGs
[2024-12-28T21:22:37.521+0000] {logging_mixin.py:190} INFO - [2024-12-28T21:22:37.521+0000] {dag.py:4180} INFO - Setting next_dagrun for example_sensors to None, run_after=None
[2024-12-28T21:22:37.542+0000] {processor.py:208} INFO - Processing /home/airflow/.local/lib/python3.12/site-packages/airflow/example_dags/example_sensors.py took 0.085 seconds
[2024-12-28T21:23:08.805+0000] {processor.py:186} INFO - Started process (PID=2492) to work on /home/airflow/.local/lib/python3.12/site-packages/airflow/example_dags/example_sensors.py
[2024-12-28T21:23:08.809+0000] {processor.py:914} INFO - Processing file /home/airflow/.local/lib/python3.12/site-packages/airflow/example_dags/example_sensors.py for tasks to queue
[2024-12-28T21:23:08.813+0000] {logging_mixin.py:190} INFO - [2024-12-28T21:23:08.813+0000] {dagbag.py:588} INFO - Filling up the DagBag from /home/airflow/.local/lib/python3.12/site-packages/airflow/example_dags/example_sensors.py
[2024-12-28T21:23:08.829+0000] {processor.py:925} INFO - DAG(s) 'example_sensors' retrieved from /home/airflow/.local/lib/python3.12/site-packages/airflow/example_dags/example_sensors.py
[2024-12-28T21:23:08.860+0000] {logging_mixin.py:190} INFO - [2024-12-28T21:23:08.860+0000] {dag.py:3239} INFO - Sync 1 DAGs
[2024-12-28T21:23:08.880+0000] {logging_mixin.py:190} INFO - [2024-12-28T21:23:08.880+0000] {dag.py:4180} INFO - Setting next_dagrun for example_sensors to None, run_after=None
[2024-12-28T21:23:08.923+0000] {processor.py:208} INFO - Processing /home/airflow/.local/lib/python3.12/site-packages/airflow/example_dags/example_sensors.py took 0.128 seconds
[2024-12-28T21:23:41.340+0000] {processor.py:186} INFO - Started process (PID=2562) to work on /home/airflow/.local/lib/python3.12/site-packages/airflow/example_dags/example_sensors.py
[2024-12-28T21:23:41.343+0000] {processor.py:914} INFO - Processing file /home/airflow/.local/lib/python3.12/site-packages/airflow/example_dags/example_sensors.py for tasks to queue
[2024-12-28T21:23:41.347+0000] {logging_mixin.py:190} INFO - [2024-12-28T21:23:41.346+0000] {dagbag.py:588} INFO - Filling up the DagBag from /home/airflow/.local/lib/python3.12/site-packages/airflow/example_dags/example_sensors.py
[2024-12-28T21:23:41.361+0000] {processor.py:925} INFO - DAG(s) 'example_sensors' retrieved from /home/airflow/.local/lib/python3.12/site-packages/airflow/example_dags/example_sensors.py
[2024-12-28T21:23:41.392+0000] {logging_mixin.py:190} INFO - [2024-12-28T21:23:41.392+0000] {dag.py:3239} INFO - Sync 1 DAGs
[2024-12-28T21:23:41.420+0000] {logging_mixin.py:190} INFO - [2024-12-28T21:23:41.420+0000] {dag.py:4180} INFO - Setting next_dagrun for example_sensors to None, run_after=None
[2024-12-28T21:23:41.478+0000] {processor.py:208} INFO - Processing /home/airflow/.local/lib/python3.12/site-packages/airflow/example_dags/example_sensors.py took 0.145 seconds
[2024-12-28T21:24:11.980+0000] {processor.py:186} INFO - Started process (PID=2631) to work on /home/airflow/.local/lib/python3.12/site-packages/airflow/example_dags/example_sensors.py
[2024-12-28T21:24:11.981+0000] {processor.py:914} INFO - Processing file /home/airflow/.local/lib/python3.12/site-packages/airflow/example_dags/example_sensors.py for tasks to queue
[2024-12-28T21:24:11.985+0000] {logging_mixin.py:190} INFO - [2024-12-28T21:24:11.984+0000] {dagbag.py:588} INFO - Filling up the DagBag from /home/airflow/.local/lib/python3.12/site-packages/airflow/example_dags/example_sensors.py
[2024-12-28T21:24:11.997+0000] {processor.py:925} INFO - DAG(s) 'example_sensors' retrieved from /home/airflow/.local/lib/python3.12/site-packages/airflow/example_dags/example_sensors.py
[2024-12-28T21:24:12.031+0000] {logging_mixin.py:190} INFO - [2024-12-28T21:24:12.030+0000] {dag.py:3239} INFO - Sync 1 DAGs
[2024-12-28T21:24:12.054+0000] {logging_mixin.py:190} INFO - [2024-12-28T21:24:12.054+0000] {dag.py:4180} INFO - Setting next_dagrun for example_sensors to None, run_after=None
[2024-12-28T21:24:12.080+0000] {processor.py:208} INFO - Processing /home/airflow/.local/lib/python3.12/site-packages/airflow/example_dags/example_sensors.py took 0.109 seconds
[2024-12-28T21:24:43.956+0000] {processor.py:186} INFO - Started process (PID=2702) to work on /home/airflow/.local/lib/python3.12/site-packages/airflow/example_dags/example_sensors.py
[2024-12-28T21:24:43.959+0000] {processor.py:914} INFO - Processing file /home/airflow/.local/lib/python3.12/site-packages/airflow/example_dags/example_sensors.py for tasks to queue
[2024-12-28T21:24:43.966+0000] {logging_mixin.py:190} INFO - [2024-12-28T21:24:43.965+0000] {dagbag.py:588} INFO - Filling up the DagBag from /home/airflow/.local/lib/python3.12/site-packages/airflow/example_dags/example_sensors.py
[2024-12-28T21:24:43.986+0000] {processor.py:925} INFO - DAG(s) 'example_sensors' retrieved from /home/airflow/.local/lib/python3.12/site-packages/airflow/example_dags/example_sensors.py
[2024-12-28T21:24:44.053+0000] {logging_mixin.py:190} INFO - [2024-12-28T21:24:44.052+0000] {dag.py:3239} INFO - Sync 1 DAGs
[2024-12-28T21:24:44.106+0000] {logging_mixin.py:190} INFO - [2024-12-28T21:24:44.105+0000] {dag.py:4180} INFO - Setting next_dagrun for example_sensors to None, run_after=None
[2024-12-28T21:24:44.168+0000] {processor.py:208} INFO - Processing /home/airflow/.local/lib/python3.12/site-packages/airflow/example_dags/example_sensors.py took 0.224 seconds
[2024-12-28T21:25:14.258+0000] {processor.py:186} INFO - Started process (PID=2771) to work on /home/airflow/.local/lib/python3.12/site-packages/airflow/example_dags/example_sensors.py
[2024-12-28T21:25:14.261+0000] {processor.py:914} INFO - Processing file /home/airflow/.local/lib/python3.12/site-packages/airflow/example_dags/example_sensors.py for tasks to queue
[2024-12-28T21:25:14.265+0000] {logging_mixin.py:190} INFO - [2024-12-28T21:25:14.264+0000] {dagbag.py:588} INFO - Filling up the DagBag from /home/airflow/.local/lib/python3.12/site-packages/airflow/example_dags/example_sensors.py
[2024-12-28T21:25:14.279+0000] {processor.py:925} INFO - DAG(s) 'example_sensors' retrieved from /home/airflow/.local/lib/python3.12/site-packages/airflow/example_dags/example_sensors.py
[2024-12-28T21:25:14.308+0000] {logging_mixin.py:190} INFO - [2024-12-28T21:25:14.308+0000] {dag.py:3239} INFO - Sync 1 DAGs
[2024-12-28T21:25:14.326+0000] {logging_mixin.py:190} INFO - [2024-12-28T21:25:14.326+0000] {dag.py:4180} INFO - Setting next_dagrun for example_sensors to None, run_after=None
[2024-12-28T21:25:14.698+0000] {processor.py:208} INFO - Processing /home/airflow/.local/lib/python3.12/site-packages/airflow/example_dags/example_sensors.py took 0.446 seconds
[2024-12-28T21:25:46.272+0000] {processor.py:186} INFO - Started process (PID=2847) to work on /home/airflow/.local/lib/python3.12/site-packages/airflow/example_dags/example_sensors.py
[2024-12-28T21:25:46.275+0000] {processor.py:914} INFO - Processing file /home/airflow/.local/lib/python3.12/site-packages/airflow/example_dags/example_sensors.py for tasks to queue
[2024-12-28T21:25:46.278+0000] {logging_mixin.py:190} INFO - [2024-12-28T21:25:46.278+0000] {dagbag.py:588} INFO - Filling up the DagBag from /home/airflow/.local/lib/python3.12/site-packages/airflow/example_dags/example_sensors.py
[2024-12-28T21:25:46.291+0000] {processor.py:925} INFO - DAG(s) 'example_sensors' retrieved from /home/airflow/.local/lib/python3.12/site-packages/airflow/example_dags/example_sensors.py
[2024-12-28T21:25:46.318+0000] {logging_mixin.py:190} INFO - [2024-12-28T21:25:46.318+0000] {dag.py:3239} INFO - Sync 1 DAGs
[2024-12-28T21:25:46.344+0000] {logging_mixin.py:190} INFO - [2024-12-28T21:25:46.344+0000] {dag.py:4180} INFO - Setting next_dagrun for example_sensors to None, run_after=None
[2024-12-28T21:25:46.367+0000] {processor.py:208} INFO - Processing /home/airflow/.local/lib/python3.12/site-packages/airflow/example_dags/example_sensors.py took 0.102 seconds
[2024-12-28T21:26:18.311+0000] {processor.py:186} INFO - Started process (PID=2920) to work on /home/airflow/.local/lib/python3.12/site-packages/airflow/example_dags/example_sensors.py
[2024-12-28T21:26:18.313+0000] {processor.py:914} INFO - Processing file /home/airflow/.local/lib/python3.12/site-packages/airflow/example_dags/example_sensors.py for tasks to queue
[2024-12-28T21:26:18.316+0000] {logging_mixin.py:190} INFO - [2024-12-28T21:26:18.316+0000] {dagbag.py:588} INFO - Filling up the DagBag from /home/airflow/.local/lib/python3.12/site-packages/airflow/example_dags/example_sensors.py
[2024-12-28T21:26:18.329+0000] {processor.py:925} INFO - DAG(s) 'example_sensors' retrieved from /home/airflow/.local/lib/python3.12/site-packages/airflow/example_dags/example_sensors.py
[2024-12-28T21:26:18.367+0000] {logging_mixin.py:190} INFO - [2024-12-28T21:26:18.367+0000] {dag.py:3239} INFO - Sync 1 DAGs
[2024-12-28T21:26:18.384+0000] {logging_mixin.py:190} INFO - [2024-12-28T21:26:18.384+0000] {dag.py:4180} INFO - Setting next_dagrun for example_sensors to None, run_after=None
[2024-12-28T21:26:18.407+0000] {processor.py:208} INFO - Processing /home/airflow/.local/lib/python3.12/site-packages/airflow/example_dags/example_sensors.py took 0.103 seconds
[2024-12-28T21:26:49.858+0000] {processor.py:186} INFO - Started process (PID=2991) to work on /home/airflow/.local/lib/python3.12/site-packages/airflow/example_dags/example_sensors.py
[2024-12-28T21:26:49.861+0000] {processor.py:914} INFO - Processing file /home/airflow/.local/lib/python3.12/site-packages/airflow/example_dags/example_sensors.py for tasks to queue
[2024-12-28T21:26:49.866+0000] {logging_mixin.py:190} INFO - [2024-12-28T21:26:49.866+0000] {dagbag.py:588} INFO - Filling up the DagBag from /home/airflow/.local/lib/python3.12/site-packages/airflow/example_dags/example_sensors.py
[2024-12-28T21:26:49.887+0000] {processor.py:925} INFO - DAG(s) 'example_sensors' retrieved from /home/airflow/.local/lib/python3.12/site-packages/airflow/example_dags/example_sensors.py
[2024-12-28T21:26:49.929+0000] {logging_mixin.py:190} INFO - [2024-12-28T21:26:49.929+0000] {dag.py:3239} INFO - Sync 1 DAGs
[2024-12-28T21:26:49.964+0000] {logging_mixin.py:190} INFO - [2024-12-28T21:26:49.963+0000] {dag.py:4180} INFO - Setting next_dagrun for example_sensors to None, run_after=None
[2024-12-28T21:26:49.993+0000] {processor.py:208} INFO - Processing /home/airflow/.local/lib/python3.12/site-packages/airflow/example_dags/example_sensors.py took 0.144 seconds
[2024-12-28T21:27:21.454+0000] {processor.py:186} INFO - Started process (PID=3063) to work on /home/airflow/.local/lib/python3.12/site-packages/airflow/example_dags/example_sensors.py
[2024-12-28T21:27:21.456+0000] {processor.py:914} INFO - Processing file /home/airflow/.local/lib/python3.12/site-packages/airflow/example_dags/example_sensors.py for tasks to queue
[2024-12-28T21:27:21.459+0000] {logging_mixin.py:190} INFO - [2024-12-28T21:27:21.458+0000] {dagbag.py:588} INFO - Filling up the DagBag from /home/airflow/.local/lib/python3.12/site-packages/airflow/example_dags/example_sensors.py
[2024-12-28T21:27:21.494+0000] {processor.py:925} INFO - DAG(s) 'example_sensors' retrieved from /home/airflow/.local/lib/python3.12/site-packages/airflow/example_dags/example_sensors.py
[2024-12-28T21:27:21.537+0000] {logging_mixin.py:190} INFO - [2024-12-28T21:27:21.536+0000] {dag.py:3239} INFO - Sync 1 DAGs
[2024-12-28T21:27:21.558+0000] {logging_mixin.py:190} INFO - [2024-12-28T21:27:21.558+0000] {dag.py:4180} INFO - Setting next_dagrun for example_sensors to None, run_after=None
[2024-12-28T21:27:21.579+0000] {processor.py:208} INFO - Processing /home/airflow/.local/lib/python3.12/site-packages/airflow/example_dags/example_sensors.py took 0.131 seconds
[2024-12-28T21:27:53.310+0000] {processor.py:186} INFO - Started process (PID=3132) to work on /home/airflow/.local/lib/python3.12/site-packages/airflow/example_dags/example_sensors.py
[2024-12-28T21:27:53.311+0000] {processor.py:914} INFO - Processing file /home/airflow/.local/lib/python3.12/site-packages/airflow/example_dags/example_sensors.py for tasks to queue
[2024-12-28T21:27:53.314+0000] {logging_mixin.py:190} INFO - [2024-12-28T21:27:53.314+0000] {dagbag.py:588} INFO - Filling up the DagBag from /home/airflow/.local/lib/python3.12/site-packages/airflow/example_dags/example_sensors.py
[2024-12-28T21:27:53.327+0000] {processor.py:925} INFO - DAG(s) 'example_sensors' retrieved from /home/airflow/.local/lib/python3.12/site-packages/airflow/example_dags/example_sensors.py
[2024-12-28T21:27:53.352+0000] {logging_mixin.py:190} INFO - [2024-12-28T21:27:53.351+0000] {dag.py:3239} INFO - Sync 1 DAGs
[2024-12-28T21:27:53.364+0000] {logging_mixin.py:190} INFO - [2024-12-28T21:27:53.364+0000] {dag.py:4180} INFO - Setting next_dagrun for example_sensors to None, run_after=None
[2024-12-28T21:27:53.382+0000] {processor.py:208} INFO - Processing /home/airflow/.local/lib/python3.12/site-packages/airflow/example_dags/example_sensors.py took 0.078 seconds
[2024-12-28T21:28:24.154+0000] {processor.py:186} INFO - Started process (PID=3201) to work on /home/airflow/.local/lib/python3.12/site-packages/airflow/example_dags/example_sensors.py
[2024-12-28T21:28:24.155+0000] {processor.py:914} INFO - Processing file /home/airflow/.local/lib/python3.12/site-packages/airflow/example_dags/example_sensors.py for tasks to queue
[2024-12-28T21:28:24.158+0000] {logging_mixin.py:190} INFO - [2024-12-28T21:28:24.158+0000] {dagbag.py:588} INFO - Filling up the DagBag from /home/airflow/.local/lib/python3.12/site-packages/airflow/example_dags/example_sensors.py
[2024-12-28T21:28:24.169+0000] {processor.py:925} INFO - DAG(s) 'example_sensors' retrieved from /home/airflow/.local/lib/python3.12/site-packages/airflow/example_dags/example_sensors.py
[2024-12-28T21:28:24.193+0000] {logging_mixin.py:190} INFO - [2024-12-28T21:28:24.193+0000] {dag.py:3239} INFO - Sync 1 DAGs
[2024-12-28T21:28:24.215+0000] {logging_mixin.py:190} INFO - [2024-12-28T21:28:24.214+0000] {dag.py:4180} INFO - Setting next_dagrun for example_sensors to None, run_after=None
[2024-12-28T21:28:24.237+0000] {processor.py:208} INFO - Processing /home/airflow/.local/lib/python3.12/site-packages/airflow/example_dags/example_sensors.py took 0.088 seconds
[2024-12-28T21:28:56.402+0000] {processor.py:186} INFO - Started process (PID=3271) to work on /home/airflow/.local/lib/python3.12/site-packages/airflow/example_dags/example_sensors.py
[2024-12-28T21:28:56.406+0000] {processor.py:914} INFO - Processing file /home/airflow/.local/lib/python3.12/site-packages/airflow/example_dags/example_sensors.py for tasks to queue
[2024-12-28T21:28:56.415+0000] {logging_mixin.py:190} INFO - [2024-12-28T21:28:56.414+0000] {dagbag.py:588} INFO - Filling up the DagBag from /home/airflow/.local/lib/python3.12/site-packages/airflow/example_dags/example_sensors.py
[2024-12-28T21:28:56.455+0000] {processor.py:925} INFO - DAG(s) 'example_sensors' retrieved from /home/airflow/.local/lib/python3.12/site-packages/airflow/example_dags/example_sensors.py
[2024-12-28T21:28:56.541+0000] {logging_mixin.py:190} INFO - [2024-12-28T21:28:56.541+0000] {dag.py:3239} INFO - Sync 1 DAGs
[2024-12-28T21:28:56.568+0000] {logging_mixin.py:190} INFO - [2024-12-28T21:28:56.568+0000] {dag.py:4180} INFO - Setting next_dagrun for example_sensors to None, run_after=None
[2024-12-28T21:28:56.634+0000] {processor.py:208} INFO - Processing /home/airflow/.local/lib/python3.12/site-packages/airflow/example_dags/example_sensors.py took 0.247 seconds
[2024-12-28T21:29:26.725+0000] {processor.py:186} INFO - Started process (PID=3339) to work on /home/airflow/.local/lib/python3.12/site-packages/airflow/example_dags/example_sensors.py
[2024-12-28T21:29:26.726+0000] {processor.py:914} INFO - Processing file /home/airflow/.local/lib/python3.12/site-packages/airflow/example_dags/example_sensors.py for tasks to queue
[2024-12-28T21:29:26.729+0000] {logging_mixin.py:190} INFO - [2024-12-28T21:29:26.729+0000] {dagbag.py:588} INFO - Filling up the DagBag from /home/airflow/.local/lib/python3.12/site-packages/airflow/example_dags/example_sensors.py
[2024-12-28T21:29:26.740+0000] {processor.py:925} INFO - DAG(s) 'example_sensors' retrieved from /home/airflow/.local/lib/python3.12/site-packages/airflow/example_dags/example_sensors.py
[2024-12-28T21:29:26.764+0000] {logging_mixin.py:190} INFO - [2024-12-28T21:29:26.764+0000] {dag.py:3239} INFO - Sync 1 DAGs
[2024-12-28T21:29:26.778+0000] {logging_mixin.py:190} INFO - [2024-12-28T21:29:26.778+0000] {dag.py:4180} INFO - Setting next_dagrun for example_sensors to None, run_after=None
[2024-12-28T21:29:26.796+0000] {processor.py:208} INFO - Processing /home/airflow/.local/lib/python3.12/site-packages/airflow/example_dags/example_sensors.py took 0.077 seconds
[2024-12-28T21:29:57.494+0000] {processor.py:186} INFO - Started process (PID=3407) to work on /home/airflow/.local/lib/python3.12/site-packages/airflow/example_dags/example_sensors.py
[2024-12-28T21:29:57.496+0000] {processor.py:914} INFO - Processing file /home/airflow/.local/lib/python3.12/site-packages/airflow/example_dags/example_sensors.py for tasks to queue
[2024-12-28T21:29:57.499+0000] {logging_mixin.py:190} INFO - [2024-12-28T21:29:57.499+0000] {dagbag.py:588} INFO - Filling up the DagBag from /home/airflow/.local/lib/python3.12/site-packages/airflow/example_dags/example_sensors.py
[2024-12-28T21:29:57.512+0000] {processor.py:925} INFO - DAG(s) 'example_sensors' retrieved from /home/airflow/.local/lib/python3.12/site-packages/airflow/example_dags/example_sensors.py
[2024-12-28T21:29:57.544+0000] {logging_mixin.py:190} INFO - [2024-12-28T21:29:57.543+0000] {dag.py:3239} INFO - Sync 1 DAGs
[2024-12-28T21:29:57.559+0000] {logging_mixin.py:190} INFO - [2024-12-28T21:29:57.559+0000] {dag.py:4180} INFO - Setting next_dagrun for example_sensors to None, run_after=None
[2024-12-28T21:29:57.579+0000] {processor.py:208} INFO - Processing /home/airflow/.local/lib/python3.12/site-packages/airflow/example_dags/example_sensors.py took 0.095 seconds
[2024-12-28T21:30:28.890+0000] {processor.py:186} INFO - Started process (PID=3476) to work on /home/airflow/.local/lib/python3.12/site-packages/airflow/example_dags/example_sensors.py
[2024-12-28T21:30:28.894+0000] {processor.py:914} INFO - Processing file /home/airflow/.local/lib/python3.12/site-packages/airflow/example_dags/example_sensors.py for tasks to queue
[2024-12-28T21:30:28.903+0000] {logging_mixin.py:190} INFO - [2024-12-28T21:30:28.902+0000] {dagbag.py:588} INFO - Filling up the DagBag from /home/airflow/.local/lib/python3.12/site-packages/airflow/example_dags/example_sensors.py
[2024-12-28T21:30:28.936+0000] {processor.py:925} INFO - DAG(s) 'example_sensors' retrieved from /home/airflow/.local/lib/python3.12/site-packages/airflow/example_dags/example_sensors.py
[2024-12-28T21:30:28.984+0000] {logging_mixin.py:190} INFO - [2024-12-28T21:30:28.983+0000] {dag.py:3239} INFO - Sync 1 DAGs
[2024-12-28T21:30:29.025+0000] {logging_mixin.py:190} INFO - [2024-12-28T21:30:29.024+0000] {dag.py:4180} INFO - Setting next_dagrun for example_sensors to None, run_after=None
[2024-12-28T21:30:29.080+0000] {processor.py:208} INFO - Processing /home/airflow/.local/lib/python3.12/site-packages/airflow/example_dags/example_sensors.py took 0.209 seconds
[2024-12-28T21:30:59.947+0000] {processor.py:186} INFO - Started process (PID=3547) to work on /home/airflow/.local/lib/python3.12/site-packages/airflow/example_dags/example_sensors.py
[2024-12-28T21:30:59.948+0000] {processor.py:914} INFO - Processing file /home/airflow/.local/lib/python3.12/site-packages/airflow/example_dags/example_sensors.py for tasks to queue
[2024-12-28T21:30:59.951+0000] {logging_mixin.py:190} INFO - [2024-12-28T21:30:59.951+0000] {dagbag.py:588} INFO - Filling up the DagBag from /home/airflow/.local/lib/python3.12/site-packages/airflow/example_dags/example_sensors.py
[2024-12-28T21:30:59.962+0000] {processor.py:925} INFO - DAG(s) 'example_sensors' retrieved from /home/airflow/.local/lib/python3.12/site-packages/airflow/example_dags/example_sensors.py
[2024-12-28T21:30:59.986+0000] {logging_mixin.py:190} INFO - [2024-12-28T21:30:59.985+0000] {dag.py:3239} INFO - Sync 1 DAGs
[2024-12-28T21:30:59.999+0000] {logging_mixin.py:190} INFO - [2024-12-28T21:30:59.999+0000] {dag.py:4180} INFO - Setting next_dagrun for example_sensors to None, run_after=None
[2024-12-28T21:31:00.016+0000] {processor.py:208} INFO - Processing /home/airflow/.local/lib/python3.12/site-packages/airflow/example_dags/example_sensors.py took 0.076 seconds
[2024-12-28T21:31:30.796+0000] {processor.py:186} INFO - Started process (PID=3616) to work on /home/airflow/.local/lib/python3.12/site-packages/airflow/example_dags/example_sensors.py
[2024-12-28T21:31:30.797+0000] {processor.py:914} INFO - Processing file /home/airflow/.local/lib/python3.12/site-packages/airflow/example_dags/example_sensors.py for tasks to queue
[2024-12-28T21:31:30.799+0000] {logging_mixin.py:190} INFO - [2024-12-28T21:31:30.799+0000] {dagbag.py:588} INFO - Filling up the DagBag from /home/airflow/.local/lib/python3.12/site-packages/airflow/example_dags/example_sensors.py
[2024-12-28T21:31:30.810+0000] {processor.py:925} INFO - DAG(s) 'example_sensors' retrieved from /home/airflow/.local/lib/python3.12/site-packages/airflow/example_dags/example_sensors.py
[2024-12-28T21:31:30.833+0000] {logging_mixin.py:190} INFO - [2024-12-28T21:31:30.832+0000] {dag.py:3239} INFO - Sync 1 DAGs
[2024-12-28T21:31:30.845+0000] {logging_mixin.py:190} INFO - [2024-12-28T21:31:30.844+0000] {dag.py:4180} INFO - Setting next_dagrun for example_sensors to None, run_after=None
[2024-12-28T21:31:30.861+0000] {processor.py:208} INFO - Processing /home/airflow/.local/lib/python3.12/site-packages/airflow/example_dags/example_sensors.py took 0.071 seconds
[2024-12-28T21:32:01.764+0000] {processor.py:186} INFO - Started process (PID=3686) to work on /home/airflow/.local/lib/python3.12/site-packages/airflow/example_dags/example_sensors.py
[2024-12-28T21:32:01.766+0000] {processor.py:914} INFO - Processing file /home/airflow/.local/lib/python3.12/site-packages/airflow/example_dags/example_sensors.py for tasks to queue
[2024-12-28T21:32:01.773+0000] {logging_mixin.py:190} INFO - [2024-12-28T21:32:01.772+0000] {dagbag.py:588} INFO - Filling up the DagBag from /home/airflow/.local/lib/python3.12/site-packages/airflow/example_dags/example_sensors.py
[2024-12-28T21:32:01.788+0000] {processor.py:925} INFO - DAG(s) 'example_sensors' retrieved from /home/airflow/.local/lib/python3.12/site-packages/airflow/example_dags/example_sensors.py
[2024-12-28T21:32:01.819+0000] {logging_mixin.py:190} INFO - [2024-12-28T21:32:01.818+0000] {dag.py:3239} INFO - Sync 1 DAGs
[2024-12-28T21:32:01.834+0000] {logging_mixin.py:190} INFO - [2024-12-28T21:32:01.833+0000] {dag.py:4180} INFO - Setting next_dagrun for example_sensors to None, run_after=None
[2024-12-28T21:32:01.862+0000] {processor.py:208} INFO - Processing /home/airflow/.local/lib/python3.12/site-packages/airflow/example_dags/example_sensors.py took 0.104 seconds
[2024-12-28T21:32:32.770+0000] {processor.py:186} INFO - Started process (PID=3757) to work on /home/airflow/.local/lib/python3.12/site-packages/airflow/example_dags/example_sensors.py
[2024-12-28T21:32:32.772+0000] {processor.py:914} INFO - Processing file /home/airflow/.local/lib/python3.12/site-packages/airflow/example_dags/example_sensors.py for tasks to queue
[2024-12-28T21:32:32.774+0000] {logging_mixin.py:190} INFO - [2024-12-28T21:32:32.774+0000] {dagbag.py:588} INFO - Filling up the DagBag from /home/airflow/.local/lib/python3.12/site-packages/airflow/example_dags/example_sensors.py
[2024-12-28T21:32:32.787+0000] {processor.py:925} INFO - DAG(s) 'example_sensors' retrieved from /home/airflow/.local/lib/python3.12/site-packages/airflow/example_dags/example_sensors.py
[2024-12-28T21:32:32.819+0000] {logging_mixin.py:190} INFO - [2024-12-28T21:32:32.819+0000] {dag.py:3239} INFO - Sync 1 DAGs
[2024-12-28T21:32:32.836+0000] {logging_mixin.py:190} INFO - [2024-12-28T21:32:32.836+0000] {dag.py:4180} INFO - Setting next_dagrun for example_sensors to None, run_after=None
[2024-12-28T21:32:32.860+0000] {processor.py:208} INFO - Processing /home/airflow/.local/lib/python3.12/site-packages/airflow/example_dags/example_sensors.py took 0.096 seconds
[2024-12-28T21:33:03.701+0000] {processor.py:186} INFO - Started process (PID=3826) to work on /home/airflow/.local/lib/python3.12/site-packages/airflow/example_dags/example_sensors.py
[2024-12-28T21:33:03.709+0000] {processor.py:914} INFO - Processing file /home/airflow/.local/lib/python3.12/site-packages/airflow/example_dags/example_sensors.py for tasks to queue
[2024-12-28T21:33:03.714+0000] {logging_mixin.py:190} INFO - [2024-12-28T21:33:03.713+0000] {dagbag.py:588} INFO - Filling up the DagBag from /home/airflow/.local/lib/python3.12/site-packages/airflow/example_dags/example_sensors.py
[2024-12-28T21:33:03.728+0000] {processor.py:925} INFO - DAG(s) 'example_sensors' retrieved from /home/airflow/.local/lib/python3.12/site-packages/airflow/example_dags/example_sensors.py
[2024-12-28T21:33:03.762+0000] {logging_mixin.py:190} INFO - [2024-12-28T21:33:03.761+0000] {dag.py:3239} INFO - Sync 1 DAGs
[2024-12-28T21:33:03.787+0000] {logging_mixin.py:190} INFO - [2024-12-28T21:33:03.786+0000] {dag.py:4180} INFO - Setting next_dagrun for example_sensors to None, run_after=None
[2024-12-28T21:33:03.812+0000] {processor.py:208} INFO - Processing /home/airflow/.local/lib/python3.12/site-packages/airflow/example_dags/example_sensors.py took 0.122 seconds
[2024-12-28T21:33:34.433+0000] {processor.py:186} INFO - Started process (PID=3895) to work on /home/airflow/.local/lib/python3.12/site-packages/airflow/example_dags/example_sensors.py
[2024-12-28T21:33:34.435+0000] {processor.py:914} INFO - Processing file /home/airflow/.local/lib/python3.12/site-packages/airflow/example_dags/example_sensors.py for tasks to queue
[2024-12-28T21:33:34.439+0000] {logging_mixin.py:190} INFO - [2024-12-28T21:33:34.438+0000] {dagbag.py:588} INFO - Filling up the DagBag from /home/airflow/.local/lib/python3.12/site-packages/airflow/example_dags/example_sensors.py
[2024-12-28T21:33:34.460+0000] {processor.py:925} INFO - DAG(s) 'example_sensors' retrieved from /home/airflow/.local/lib/python3.12/site-packages/airflow/example_dags/example_sensors.py
[2024-12-28T21:33:34.512+0000] {logging_mixin.py:190} INFO - [2024-12-28T21:33:34.511+0000] {dag.py:3239} INFO - Sync 1 DAGs
[2024-12-28T21:33:34.535+0000] {logging_mixin.py:190} INFO - [2024-12-28T21:33:34.535+0000] {dag.py:4180} INFO - Setting next_dagrun for example_sensors to None, run_after=None
[2024-12-28T21:33:34.561+0000] {processor.py:208} INFO - Processing /home/airflow/.local/lib/python3.12/site-packages/airflow/example_dags/example_sensors.py took 0.139 seconds
[2024-12-28T21:34:05.759+0000] {processor.py:186} INFO - Started process (PID=3965) to work on /home/airflow/.local/lib/python3.12/site-packages/airflow/example_dags/example_sensors.py
[2024-12-28T21:34:05.761+0000] {processor.py:914} INFO - Processing file /home/airflow/.local/lib/python3.12/site-packages/airflow/example_dags/example_sensors.py for tasks to queue
[2024-12-28T21:34:05.764+0000] {logging_mixin.py:190} INFO - [2024-12-28T21:34:05.764+0000] {dagbag.py:588} INFO - Filling up the DagBag from /home/airflow/.local/lib/python3.12/site-packages/airflow/example_dags/example_sensors.py
[2024-12-28T21:34:05.779+0000] {processor.py:925} INFO - DAG(s) 'example_sensors' retrieved from /home/airflow/.local/lib/python3.12/site-packages/airflow/example_dags/example_sensors.py
[2024-12-28T21:34:05.806+0000] {logging_mixin.py:190} INFO - [2024-12-28T21:34:05.806+0000] {dag.py:3239} INFO - Sync 1 DAGs
[2024-12-28T21:34:05.820+0000] {logging_mixin.py:190} INFO - [2024-12-28T21:34:05.820+0000] {dag.py:4180} INFO - Setting next_dagrun for example_sensors to None, run_after=None
[2024-12-28T21:34:05.843+0000] {processor.py:208} INFO - Processing /home/airflow/.local/lib/python3.12/site-packages/airflow/example_dags/example_sensors.py took 0.096 seconds
[2024-12-28T21:34:37.018+0000] {processor.py:186} INFO - Started process (PID=4034) to work on /home/airflow/.local/lib/python3.12/site-packages/airflow/example_dags/example_sensors.py
[2024-12-28T21:34:37.022+0000] {processor.py:914} INFO - Processing file /home/airflow/.local/lib/python3.12/site-packages/airflow/example_dags/example_sensors.py for tasks to queue
[2024-12-28T21:34:37.025+0000] {logging_mixin.py:190} INFO - [2024-12-28T21:34:37.025+0000] {dagbag.py:588} INFO - Filling up the DagBag from /home/airflow/.local/lib/python3.12/site-packages/airflow/example_dags/example_sensors.py
[2024-12-28T21:34:37.047+0000] {processor.py:925} INFO - DAG(s) 'example_sensors' retrieved from /home/airflow/.local/lib/python3.12/site-packages/airflow/example_dags/example_sensors.py
[2024-12-28T21:34:37.086+0000] {logging_mixin.py:190} INFO - [2024-12-28T21:34:37.086+0000] {dag.py:3239} INFO - Sync 1 DAGs
[2024-12-28T21:34:37.101+0000] {logging_mixin.py:190} INFO - [2024-12-28T21:34:37.101+0000] {dag.py:4180} INFO - Setting next_dagrun for example_sensors to None, run_after=None
[2024-12-28T21:34:37.123+0000] {processor.py:208} INFO - Processing /home/airflow/.local/lib/python3.12/site-packages/airflow/example_dags/example_sensors.py took 0.118 seconds
[2024-12-28T21:35:07.418+0000] {processor.py:186} INFO - Started process (PID=4103) to work on /home/airflow/.local/lib/python3.12/site-packages/airflow/example_dags/example_sensors.py
[2024-12-28T21:35:07.420+0000] {processor.py:914} INFO - Processing file /home/airflow/.local/lib/python3.12/site-packages/airflow/example_dags/example_sensors.py for tasks to queue
[2024-12-28T21:35:07.423+0000] {logging_mixin.py:190} INFO - [2024-12-28T21:35:07.422+0000] {dagbag.py:588} INFO - Filling up the DagBag from /home/airflow/.local/lib/python3.12/site-packages/airflow/example_dags/example_sensors.py
[2024-12-28T21:35:07.434+0000] {processor.py:925} INFO - DAG(s) 'example_sensors' retrieved from /home/airflow/.local/lib/python3.12/site-packages/airflow/example_dags/example_sensors.py
[2024-12-28T21:35:07.460+0000] {logging_mixin.py:190} INFO - [2024-12-28T21:35:07.460+0000] {dag.py:3239} INFO - Sync 1 DAGs
[2024-12-28T21:35:07.474+0000] {logging_mixin.py:190} INFO - [2024-12-28T21:35:07.474+0000] {dag.py:4180} INFO - Setting next_dagrun for example_sensors to None, run_after=None
[2024-12-28T21:35:07.494+0000] {processor.py:208} INFO - Processing /home/airflow/.local/lib/python3.12/site-packages/airflow/example_dags/example_sensors.py took 0.083 seconds
[2024-12-28T21:35:38.103+0000] {processor.py:186} INFO - Started process (PID=4171) to work on /home/airflow/.local/lib/python3.12/site-packages/airflow/example_dags/example_sensors.py
[2024-12-28T21:35:38.106+0000] {processor.py:914} INFO - Processing file /home/airflow/.local/lib/python3.12/site-packages/airflow/example_dags/example_sensors.py for tasks to queue
[2024-12-28T21:35:38.112+0000] {logging_mixin.py:190} INFO - [2024-12-28T21:35:38.111+0000] {dagbag.py:588} INFO - Filling up the DagBag from /home/airflow/.local/lib/python3.12/site-packages/airflow/example_dags/example_sensors.py
[2024-12-28T21:35:38.135+0000] {processor.py:925} INFO - DAG(s) 'example_sensors' retrieved from /home/airflow/.local/lib/python3.12/site-packages/airflow/example_dags/example_sensors.py
[2024-12-28T21:35:38.181+0000] {logging_mixin.py:190} INFO - [2024-12-28T21:35:38.180+0000] {dag.py:3239} INFO - Sync 1 DAGs
[2024-12-28T21:35:38.200+0000] {logging_mixin.py:190} INFO - [2024-12-28T21:35:38.199+0000] {dag.py:4180} INFO - Setting next_dagrun for example_sensors to None, run_after=None
[2024-12-28T21:35:38.229+0000] {processor.py:208} INFO - Processing /home/airflow/.local/lib/python3.12/site-packages/airflow/example_dags/example_sensors.py took 0.140 seconds
[2024-12-28T21:36:08.909+0000] {processor.py:186} INFO - Started process (PID=4240) to work on /home/airflow/.local/lib/python3.12/site-packages/airflow/example_dags/example_sensors.py
[2024-12-28T21:36:08.923+0000] {processor.py:914} INFO - Processing file /home/airflow/.local/lib/python3.12/site-packages/airflow/example_dags/example_sensors.py for tasks to queue
[2024-12-28T21:36:08.926+0000] {logging_mixin.py:190} INFO - [2024-12-28T21:36:08.926+0000] {dagbag.py:588} INFO - Filling up the DagBag from /home/airflow/.local/lib/python3.12/site-packages/airflow/example_dags/example_sensors.py
[2024-12-28T21:36:08.937+0000] {processor.py:925} INFO - DAG(s) 'example_sensors' retrieved from /home/airflow/.local/lib/python3.12/site-packages/airflow/example_dags/example_sensors.py
[2024-12-28T21:36:08.967+0000] {logging_mixin.py:190} INFO - [2024-12-28T21:36:08.967+0000] {dag.py:3239} INFO - Sync 1 DAGs
[2024-12-28T21:36:08.982+0000] {logging_mixin.py:190} INFO - [2024-12-28T21:36:08.982+0000] {dag.py:4180} INFO - Setting next_dagrun for example_sensors to None, run_after=None
[2024-12-28T21:36:09.001+0000] {processor.py:208} INFO - Processing /home/airflow/.local/lib/python3.12/site-packages/airflow/example_dags/example_sensors.py took 0.098 seconds
[2024-12-28T21:36:39.720+0000] {processor.py:186} INFO - Started process (PID=4309) to work on /home/airflow/.local/lib/python3.12/site-packages/airflow/example_dags/example_sensors.py
[2024-12-28T21:36:39.724+0000] {processor.py:914} INFO - Processing file /home/airflow/.local/lib/python3.12/site-packages/airflow/example_dags/example_sensors.py for tasks to queue
[2024-12-28T21:36:39.728+0000] {logging_mixin.py:190} INFO - [2024-12-28T21:36:39.727+0000] {dagbag.py:588} INFO - Filling up the DagBag from /home/airflow/.local/lib/python3.12/site-packages/airflow/example_dags/example_sensors.py
[2024-12-28T21:36:39.740+0000] {processor.py:925} INFO - DAG(s) 'example_sensors' retrieved from /home/airflow/.local/lib/python3.12/site-packages/airflow/example_dags/example_sensors.py
[2024-12-28T21:36:39.764+0000] {logging_mixin.py:190} INFO - [2024-12-28T21:36:39.764+0000] {dag.py:3239} INFO - Sync 1 DAGs
[2024-12-28T21:36:39.779+0000] {logging_mixin.py:190} INFO - [2024-12-28T21:36:39.779+0000] {dag.py:4180} INFO - Setting next_dagrun for example_sensors to None, run_after=None
[2024-12-28T21:36:39.797+0000] {processor.py:208} INFO - Processing /home/airflow/.local/lib/python3.12/site-packages/airflow/example_dags/example_sensors.py took 0.088 seconds
