[2024-12-28T21:05:12.809+0000] {processor.py:186} INFO - Started process (PID=95) to work on /home/airflow/.local/lib/python3.12/site-packages/airflow/example_dags/example_branch_labels.py
[2024-12-28T21:05:12.810+0000] {processor.py:914} INFO - Processing file /home/airflow/.local/lib/python3.12/site-packages/airflow/example_dags/example_branch_labels.py for tasks to queue
[2024-12-28T21:05:12.813+0000] {logging_mixin.py:190} INFO - [2024-12-28T21:05:12.812+0000] {dagbag.py:588} INFO - Filling up the DagBag from /home/airflow/.local/lib/python3.12/site-packages/airflow/example_dags/example_branch_labels.py
[2024-12-28T21:05:12.828+0000] {processor.py:925} INFO - DAG(s) 'example_branch_labels' retrieved from /home/airflow/.local/lib/python3.12/site-packages/airflow/example_dags/example_branch_labels.py
[2024-12-28T21:05:12.937+0000] {logging_mixin.py:190} INFO - [2024-12-28T21:05:12.937+0000] {override.py:1911} INFO - Created Permission View: can edit on DAG:example_branch_labels
[2024-12-28T21:05:12.949+0000] {logging_mixin.py:190} INFO - [2024-12-28T21:05:12.948+0000] {override.py:1911} INFO - Created Permission View: can read on DAG:example_branch_labels
[2024-12-28T21:05:12.959+0000] {logging_mixin.py:190} INFO - [2024-12-28T21:05:12.959+0000] {override.py:1911} INFO - Created Permission View: can delete on DAG:example_branch_labels
[2024-12-28T21:05:12.969+0000] {logging_mixin.py:190} INFO - [2024-12-28T21:05:12.968+0000] {override.py:1911} INFO - Created Permission View: menu access on DAG Run:example_branch_labels
[2024-12-28T21:05:12.978+0000] {logging_mixin.py:190} INFO - [2024-12-28T21:05:12.978+0000] {override.py:1911} INFO - Created Permission View: can read on DAG Run:example_branch_labels
[2024-12-28T21:05:12.986+0000] {logging_mixin.py:190} INFO - [2024-12-28T21:05:12.985+0000] {override.py:1911} INFO - Created Permission View: can delete on DAG Run:example_branch_labels
[2024-12-28T21:05:12.995+0000] {logging_mixin.py:190} INFO - [2024-12-28T21:05:12.995+0000] {override.py:1911} INFO - Created Permission View: can create on DAG Run:example_branch_labels
[2024-12-28T21:05:12.998+0000] {logging_mixin.py:190} INFO - [2024-12-28T21:05:12.998+0000] {dag.py:3239} INFO - Sync 1 DAGs
[2024-12-28T21:05:13.010+0000] {logging_mixin.py:190} INFO - [2024-12-28T21:05:13.010+0000] {dag.py:3262} INFO - Creating ORM DAG for example_branch_labels
[2024-12-28T21:05:13.020+0000] {logging_mixin.py:190} INFO - [2024-12-28T21:05:13.020+0000] {dag.py:4180} INFO - Setting next_dagrun for example_branch_labels to 2024-12-27 00:00:00+00:00, run_after=2024-12-28 00:00:00+00:00
[2024-12-28T21:05:13.043+0000] {processor.py:208} INFO - Processing /home/airflow/.local/lib/python3.12/site-packages/airflow/example_dags/example_branch_labels.py took 0.241 seconds
[2024-12-28T21:05:43.793+0000] {processor.py:186} INFO - Started process (PID=163) to work on /home/airflow/.local/lib/python3.12/site-packages/airflow/example_dags/example_branch_labels.py
[2024-12-28T21:05:43.796+0000] {processor.py:914} INFO - Processing file /home/airflow/.local/lib/python3.12/site-packages/airflow/example_dags/example_branch_labels.py for tasks to queue
[2024-12-28T21:05:43.800+0000] {logging_mixin.py:190} INFO - [2024-12-28T21:05:43.800+0000] {dagbag.py:588} INFO - Filling up the DagBag from /home/airflow/.local/lib/python3.12/site-packages/airflow/example_dags/example_branch_labels.py
[2024-12-28T21:05:43.823+0000] {processor.py:925} INFO - DAG(s) 'example_branch_labels' retrieved from /home/airflow/.local/lib/python3.12/site-packages/airflow/example_dags/example_branch_labels.py
[2024-12-28T21:05:43.863+0000] {logging_mixin.py:190} INFO - [2024-12-28T21:05:43.863+0000] {dag.py:3239} INFO - Sync 1 DAGs
[2024-12-28T21:05:43.910+0000] {logging_mixin.py:190} INFO - [2024-12-28T21:05:43.910+0000] {dag.py:4180} INFO - Setting next_dagrun for example_branch_labels to 2024-12-27 00:00:00+00:00, run_after=2024-12-28 00:00:00+00:00
[2024-12-28T21:05:43.953+0000] {processor.py:208} INFO - Processing /home/airflow/.local/lib/python3.12/site-packages/airflow/example_dags/example_branch_labels.py took 0.170 seconds
[2024-12-28T21:06:14.315+0000] {processor.py:186} INFO - Started process (PID=232) to work on /home/airflow/.local/lib/python3.12/site-packages/airflow/example_dags/example_branch_labels.py
[2024-12-28T21:06:14.322+0000] {processor.py:914} INFO - Processing file /home/airflow/.local/lib/python3.12/site-packages/airflow/example_dags/example_branch_labels.py for tasks to queue
[2024-12-28T21:06:14.326+0000] {logging_mixin.py:190} INFO - [2024-12-28T21:06:14.325+0000] {dagbag.py:588} INFO - Filling up the DagBag from /home/airflow/.local/lib/python3.12/site-packages/airflow/example_dags/example_branch_labels.py
[2024-12-28T21:06:14.336+0000] {processor.py:925} INFO - DAG(s) 'example_branch_labels' retrieved from /home/airflow/.local/lib/python3.12/site-packages/airflow/example_dags/example_branch_labels.py
[2024-12-28T21:06:14.356+0000] {logging_mixin.py:190} INFO - [2024-12-28T21:06:14.356+0000] {dag.py:3239} INFO - Sync 1 DAGs
[2024-12-28T21:06:14.380+0000] {logging_mixin.py:190} INFO - [2024-12-28T21:06:14.380+0000] {dag.py:4180} INFO - Setting next_dagrun for example_branch_labels to 2024-12-27 00:00:00+00:00, run_after=2024-12-28 00:00:00+00:00
[2024-12-28T21:06:14.398+0000] {processor.py:208} INFO - Processing /home/airflow/.local/lib/python3.12/site-packages/airflow/example_dags/example_branch_labels.py took 0.092 seconds
[2024-12-28T21:06:45.340+0000] {processor.py:186} INFO - Started process (PID=301) to work on /home/airflow/.local/lib/python3.12/site-packages/airflow/example_dags/example_branch_labels.py
[2024-12-28T21:06:45.341+0000] {processor.py:914} INFO - Processing file /home/airflow/.local/lib/python3.12/site-packages/airflow/example_dags/example_branch_labels.py for tasks to queue
[2024-12-28T21:06:45.345+0000] {logging_mixin.py:190} INFO - [2024-12-28T21:06:45.344+0000] {dagbag.py:588} INFO - Filling up the DagBag from /home/airflow/.local/lib/python3.12/site-packages/airflow/example_dags/example_branch_labels.py
[2024-12-28T21:06:45.357+0000] {processor.py:925} INFO - DAG(s) 'example_branch_labels' retrieved from /home/airflow/.local/lib/python3.12/site-packages/airflow/example_dags/example_branch_labels.py
[2024-12-28T21:06:45.388+0000] {logging_mixin.py:190} INFO - [2024-12-28T21:06:45.388+0000] {dag.py:3239} INFO - Sync 1 DAGs
[2024-12-28T21:06:45.419+0000] {logging_mixin.py:190} INFO - [2024-12-28T21:06:45.419+0000] {dag.py:4180} INFO - Setting next_dagrun for example_branch_labels to 2024-12-27 00:00:00+00:00, run_after=2024-12-28 00:00:00+00:00
[2024-12-28T21:06:45.445+0000] {processor.py:208} INFO - Processing /home/airflow/.local/lib/python3.12/site-packages/airflow/example_dags/example_branch_labels.py took 0.114 seconds
[2024-12-28T21:07:15.820+0000] {processor.py:186} INFO - Started process (PID=370) to work on /home/airflow/.local/lib/python3.12/site-packages/airflow/example_dags/example_branch_labels.py
[2024-12-28T21:07:15.823+0000] {processor.py:914} INFO - Processing file /home/airflow/.local/lib/python3.12/site-packages/airflow/example_dags/example_branch_labels.py for tasks to queue
[2024-12-28T21:07:15.829+0000] {logging_mixin.py:190} INFO - [2024-12-28T21:07:15.828+0000] {dagbag.py:588} INFO - Filling up the DagBag from /home/airflow/.local/lib/python3.12/site-packages/airflow/example_dags/example_branch_labels.py
[2024-12-28T21:07:15.851+0000] {processor.py:925} INFO - DAG(s) 'example_branch_labels' retrieved from /home/airflow/.local/lib/python3.12/site-packages/airflow/example_dags/example_branch_labels.py
[2024-12-28T21:07:15.906+0000] {logging_mixin.py:190} INFO - [2024-12-28T21:07:15.905+0000] {dag.py:3239} INFO - Sync 1 DAGs
[2024-12-28T21:07:15.937+0000] {logging_mixin.py:190} INFO - [2024-12-28T21:07:15.936+0000] {dag.py:4180} INFO - Setting next_dagrun for example_branch_labels to 2024-12-27 00:00:00+00:00, run_after=2024-12-28 00:00:00+00:00
[2024-12-28T21:07:15.967+0000] {processor.py:208} INFO - Processing /home/airflow/.local/lib/python3.12/site-packages/airflow/example_dags/example_branch_labels.py took 0.158 seconds
[2024-12-28T21:07:46.333+0000] {processor.py:186} INFO - Started process (PID=439) to work on /home/airflow/.local/lib/python3.12/site-packages/airflow/example_dags/example_branch_labels.py
[2024-12-28T21:07:46.335+0000] {processor.py:914} INFO - Processing file /home/airflow/.local/lib/python3.12/site-packages/airflow/example_dags/example_branch_labels.py for tasks to queue
[2024-12-28T21:07:46.337+0000] {logging_mixin.py:190} INFO - [2024-12-28T21:07:46.337+0000] {dagbag.py:588} INFO - Filling up the DagBag from /home/airflow/.local/lib/python3.12/site-packages/airflow/example_dags/example_branch_labels.py
[2024-12-28T21:07:46.346+0000] {processor.py:925} INFO - DAG(s) 'example_branch_labels' retrieved from /home/airflow/.local/lib/python3.12/site-packages/airflow/example_dags/example_branch_labels.py
[2024-12-28T21:07:46.364+0000] {logging_mixin.py:190} INFO - [2024-12-28T21:07:46.363+0000] {dag.py:3239} INFO - Sync 1 DAGs
[2024-12-28T21:07:46.386+0000] {logging_mixin.py:190} INFO - [2024-12-28T21:07:46.386+0000] {dag.py:4180} INFO - Setting next_dagrun for example_branch_labels to 2024-12-27 00:00:00+00:00, run_after=2024-12-28 00:00:00+00:00
[2024-12-28T21:07:46.413+0000] {processor.py:208} INFO - Processing /home/airflow/.local/lib/python3.12/site-packages/airflow/example_dags/example_branch_labels.py took 0.085 seconds
[2024-12-28T21:08:17.349+0000] {processor.py:186} INFO - Started process (PID=508) to work on /home/airflow/.local/lib/python3.12/site-packages/airflow/example_dags/example_branch_labels.py
[2024-12-28T21:08:17.351+0000] {processor.py:914} INFO - Processing file /home/airflow/.local/lib/python3.12/site-packages/airflow/example_dags/example_branch_labels.py for tasks to queue
[2024-12-28T21:08:17.354+0000] {logging_mixin.py:190} INFO - [2024-12-28T21:08:17.354+0000] {dagbag.py:588} INFO - Filling up the DagBag from /home/airflow/.local/lib/python3.12/site-packages/airflow/example_dags/example_branch_labels.py
[2024-12-28T21:08:17.365+0000] {processor.py:925} INFO - DAG(s) 'example_branch_labels' retrieved from /home/airflow/.local/lib/python3.12/site-packages/airflow/example_dags/example_branch_labels.py
[2024-12-28T21:08:17.386+0000] {logging_mixin.py:190} INFO - [2024-12-28T21:08:17.386+0000] {dag.py:3239} INFO - Sync 1 DAGs
[2024-12-28T21:08:17.409+0000] {logging_mixin.py:190} INFO - [2024-12-28T21:08:17.409+0000] {dag.py:4180} INFO - Setting next_dagrun for example_branch_labels to 2024-12-27 00:00:00+00:00, run_after=2024-12-28 00:00:00+00:00
[2024-12-28T21:08:17.427+0000] {processor.py:208} INFO - Processing /home/airflow/.local/lib/python3.12/site-packages/airflow/example_dags/example_branch_labels.py took 0.089 seconds
[2024-12-28T21:08:47.992+0000] {processor.py:186} INFO - Started process (PID=578) to work on /home/airflow/.local/lib/python3.12/site-packages/airflow/example_dags/example_branch_labels.py
[2024-12-28T21:08:47.994+0000] {processor.py:914} INFO - Processing file /home/airflow/.local/lib/python3.12/site-packages/airflow/example_dags/example_branch_labels.py for tasks to queue
[2024-12-28T21:08:47.998+0000] {logging_mixin.py:190} INFO - [2024-12-28T21:08:47.998+0000] {dagbag.py:588} INFO - Filling up the DagBag from /home/airflow/.local/lib/python3.12/site-packages/airflow/example_dags/example_branch_labels.py
[2024-12-28T21:08:48.010+0000] {processor.py:925} INFO - DAG(s) 'example_branch_labels' retrieved from /home/airflow/.local/lib/python3.12/site-packages/airflow/example_dags/example_branch_labels.py
[2024-12-28T21:08:48.035+0000] {logging_mixin.py:190} INFO - [2024-12-28T21:08:48.035+0000] {dag.py:3239} INFO - Sync 1 DAGs
[2024-12-28T21:08:48.067+0000] {logging_mixin.py:190} INFO - [2024-12-28T21:08:48.067+0000] {dag.py:4180} INFO - Setting next_dagrun for example_branch_labels to 2024-12-27 00:00:00+00:00, run_after=2024-12-28 00:00:00+00:00
[2024-12-28T21:08:48.090+0000] {processor.py:208} INFO - Processing /home/airflow/.local/lib/python3.12/site-packages/airflow/example_dags/example_branch_labels.py took 0.105 seconds
[2024-12-28T21:09:18.634+0000] {processor.py:186} INFO - Started process (PID=647) to work on /home/airflow/.local/lib/python3.12/site-packages/airflow/example_dags/example_branch_labels.py
[2024-12-28T21:09:18.640+0000] {processor.py:914} INFO - Processing file /home/airflow/.local/lib/python3.12/site-packages/airflow/example_dags/example_branch_labels.py for tasks to queue
[2024-12-28T21:09:18.646+0000] {logging_mixin.py:190} INFO - [2024-12-28T21:09:18.645+0000] {dagbag.py:588} INFO - Filling up the DagBag from /home/airflow/.local/lib/python3.12/site-packages/airflow/example_dags/example_branch_labels.py
[2024-12-28T21:09:18.667+0000] {processor.py:925} INFO - DAG(s) 'example_branch_labels' retrieved from /home/airflow/.local/lib/python3.12/site-packages/airflow/example_dags/example_branch_labels.py
[2024-12-28T21:09:18.708+0000] {logging_mixin.py:190} INFO - [2024-12-28T21:09:18.708+0000] {dag.py:3239} INFO - Sync 1 DAGs
[2024-12-28T21:09:18.756+0000] {logging_mixin.py:190} INFO - [2024-12-28T21:09:18.755+0000] {dag.py:4180} INFO - Setting next_dagrun for example_branch_labels to 2024-12-27 00:00:00+00:00, run_after=2024-12-28 00:00:00+00:00
[2024-12-28T21:09:18.791+0000] {processor.py:208} INFO - Processing /home/airflow/.local/lib/python3.12/site-packages/airflow/example_dags/example_branch_labels.py took 0.170 seconds
[2024-12-28T21:09:49.098+0000] {processor.py:186} INFO - Started process (PID=716) to work on /home/airflow/.local/lib/python3.12/site-packages/airflow/example_dags/example_branch_labels.py
[2024-12-28T21:09:49.101+0000] {processor.py:914} INFO - Processing file /home/airflow/.local/lib/python3.12/site-packages/airflow/example_dags/example_branch_labels.py for tasks to queue
[2024-12-28T21:09:49.105+0000] {logging_mixin.py:190} INFO - [2024-12-28T21:09:49.105+0000] {dagbag.py:588} INFO - Filling up the DagBag from /home/airflow/.local/lib/python3.12/site-packages/airflow/example_dags/example_branch_labels.py
[2024-12-28T21:09:49.121+0000] {processor.py:925} INFO - DAG(s) 'example_branch_labels' retrieved from /home/airflow/.local/lib/python3.12/site-packages/airflow/example_dags/example_branch_labels.py
[2024-12-28T21:09:49.165+0000] {logging_mixin.py:190} INFO - [2024-12-28T21:09:49.164+0000] {dag.py:3239} INFO - Sync 1 DAGs
[2024-12-28T21:09:49.215+0000] {logging_mixin.py:190} INFO - [2024-12-28T21:09:49.215+0000] {dag.py:4180} INFO - Setting next_dagrun for example_branch_labels to 2024-12-27 00:00:00+00:00, run_after=2024-12-28 00:00:00+00:00
[2024-12-28T21:09:49.255+0000] {processor.py:208} INFO - Processing /home/airflow/.local/lib/python3.12/site-packages/airflow/example_dags/example_branch_labels.py took 0.172 seconds
[2024-12-28T21:10:19.940+0000] {processor.py:186} INFO - Started process (PID=785) to work on /home/airflow/.local/lib/python3.12/site-packages/airflow/example_dags/example_branch_labels.py
[2024-12-28T21:10:19.942+0000] {processor.py:914} INFO - Processing file /home/airflow/.local/lib/python3.12/site-packages/airflow/example_dags/example_branch_labels.py for tasks to queue
[2024-12-28T21:10:19.945+0000] {logging_mixin.py:190} INFO - [2024-12-28T21:10:19.945+0000] {dagbag.py:588} INFO - Filling up the DagBag from /home/airflow/.local/lib/python3.12/site-packages/airflow/example_dags/example_branch_labels.py
[2024-12-28T21:10:19.956+0000] {processor.py:925} INFO - DAG(s) 'example_branch_labels' retrieved from /home/airflow/.local/lib/python3.12/site-packages/airflow/example_dags/example_branch_labels.py
[2024-12-28T21:10:19.981+0000] {logging_mixin.py:190} INFO - [2024-12-28T21:10:19.981+0000] {dag.py:3239} INFO - Sync 1 DAGs
[2024-12-28T21:10:20.017+0000] {logging_mixin.py:190} INFO - [2024-12-28T21:10:20.016+0000] {dag.py:4180} INFO - Setting next_dagrun for example_branch_labels to 2024-12-27 00:00:00+00:00, run_after=2024-12-28 00:00:00+00:00
[2024-12-28T21:10:20.059+0000] {processor.py:208} INFO - Processing /home/airflow/.local/lib/python3.12/site-packages/airflow/example_dags/example_branch_labels.py took 0.131 seconds
[2024-12-28T21:10:50.719+0000] {processor.py:186} INFO - Started process (PID=853) to work on /home/airflow/.local/lib/python3.12/site-packages/airflow/example_dags/example_branch_labels.py
[2024-12-28T21:10:50.721+0000] {processor.py:914} INFO - Processing file /home/airflow/.local/lib/python3.12/site-packages/airflow/example_dags/example_branch_labels.py for tasks to queue
[2024-12-28T21:10:50.723+0000] {logging_mixin.py:190} INFO - [2024-12-28T21:10:50.723+0000] {dagbag.py:588} INFO - Filling up the DagBag from /home/airflow/.local/lib/python3.12/site-packages/airflow/example_dags/example_branch_labels.py
[2024-12-28T21:10:50.735+0000] {processor.py:925} INFO - DAG(s) 'example_branch_labels' retrieved from /home/airflow/.local/lib/python3.12/site-packages/airflow/example_dags/example_branch_labels.py
[2024-12-28T21:10:50.760+0000] {logging_mixin.py:190} INFO - [2024-12-28T21:10:50.760+0000] {dag.py:3239} INFO - Sync 1 DAGs
[2024-12-28T21:10:50.794+0000] {logging_mixin.py:190} INFO - [2024-12-28T21:10:50.793+0000] {dag.py:4180} INFO - Setting next_dagrun for example_branch_labels to 2024-12-27 00:00:00+00:00, run_after=2024-12-28 00:00:00+00:00
[2024-12-28T21:10:50.825+0000] {processor.py:208} INFO - Processing /home/airflow/.local/lib/python3.12/site-packages/airflow/example_dags/example_branch_labels.py took 0.112 seconds
[2024-12-28T21:11:21.231+0000] {processor.py:186} INFO - Started process (PID=922) to work on /home/airflow/.local/lib/python3.12/site-packages/airflow/example_dags/example_branch_labels.py
[2024-12-28T21:11:21.234+0000] {processor.py:914} INFO - Processing file /home/airflow/.local/lib/python3.12/site-packages/airflow/example_dags/example_branch_labels.py for tasks to queue
[2024-12-28T21:11:21.239+0000] {logging_mixin.py:190} INFO - [2024-12-28T21:11:21.239+0000] {dagbag.py:588} INFO - Filling up the DagBag from /home/airflow/.local/lib/python3.12/site-packages/airflow/example_dags/example_branch_labels.py
[2024-12-28T21:11:21.266+0000] {processor.py:925} INFO - DAG(s) 'example_branch_labels' retrieved from /home/airflow/.local/lib/python3.12/site-packages/airflow/example_dags/example_branch_labels.py
[2024-12-28T21:11:21.323+0000] {logging_mixin.py:190} INFO - [2024-12-28T21:11:21.323+0000] {dag.py:3239} INFO - Sync 1 DAGs
[2024-12-28T21:11:21.351+0000] {logging_mixin.py:190} INFO - [2024-12-28T21:11:21.350+0000] {dag.py:4180} INFO - Setting next_dagrun for example_branch_labels to 2024-12-27 00:00:00+00:00, run_after=2024-12-28 00:00:00+00:00
[2024-12-28T21:11:21.370+0000] {processor.py:208} INFO - Processing /home/airflow/.local/lib/python3.12/site-packages/airflow/example_dags/example_branch_labels.py took 0.152 seconds
[2024-12-28T21:11:51.611+0000] {processor.py:186} INFO - Started process (PID=991) to work on /home/airflow/.local/lib/python3.12/site-packages/airflow/example_dags/example_branch_labels.py
[2024-12-28T21:11:51.612+0000] {processor.py:914} INFO - Processing file /home/airflow/.local/lib/python3.12/site-packages/airflow/example_dags/example_branch_labels.py for tasks to queue
[2024-12-28T21:11:51.617+0000] {logging_mixin.py:190} INFO - [2024-12-28T21:11:51.616+0000] {dagbag.py:588} INFO - Filling up the DagBag from /home/airflow/.local/lib/python3.12/site-packages/airflow/example_dags/example_branch_labels.py
[2024-12-28T21:11:51.635+0000] {processor.py:925} INFO - DAG(s) 'example_branch_labels' retrieved from /home/airflow/.local/lib/python3.12/site-packages/airflow/example_dags/example_branch_labels.py
[2024-12-28T21:11:51.659+0000] {logging_mixin.py:190} INFO - [2024-12-28T21:11:51.659+0000] {dag.py:3239} INFO - Sync 1 DAGs
[2024-12-28T21:11:51.685+0000] {logging_mixin.py:190} INFO - [2024-12-28T21:11:51.685+0000] {dag.py:4180} INFO - Setting next_dagrun for example_branch_labels to 2024-12-27 00:00:00+00:00, run_after=2024-12-28 00:00:00+00:00
[2024-12-28T21:11:51.718+0000] {processor.py:208} INFO - Processing /home/airflow/.local/lib/python3.12/site-packages/airflow/example_dags/example_branch_labels.py took 0.113 seconds
[2024-12-28T21:12:21.965+0000] {processor.py:186} INFO - Started process (PID=1060) to work on /home/airflow/.local/lib/python3.12/site-packages/airflow/example_dags/example_branch_labels.py
[2024-12-28T21:12:21.966+0000] {processor.py:914} INFO - Processing file /home/airflow/.local/lib/python3.12/site-packages/airflow/example_dags/example_branch_labels.py for tasks to queue
[2024-12-28T21:12:21.971+0000] {logging_mixin.py:190} INFO - [2024-12-28T21:12:21.970+0000] {dagbag.py:588} INFO - Filling up the DagBag from /home/airflow/.local/lib/python3.12/site-packages/airflow/example_dags/example_branch_labels.py
[2024-12-28T21:12:21.986+0000] {processor.py:925} INFO - DAG(s) 'example_branch_labels' retrieved from /home/airflow/.local/lib/python3.12/site-packages/airflow/example_dags/example_branch_labels.py
[2024-12-28T21:12:22.022+0000] {logging_mixin.py:190} INFO - [2024-12-28T21:12:22.022+0000] {dag.py:3239} INFO - Sync 1 DAGs
[2024-12-28T21:12:22.060+0000] {logging_mixin.py:190} INFO - [2024-12-28T21:12:22.060+0000] {dag.py:4180} INFO - Setting next_dagrun for example_branch_labels to 2024-12-27 00:00:00+00:00, run_after=2024-12-28 00:00:00+00:00
[2024-12-28T21:12:22.081+0000] {processor.py:208} INFO - Processing /home/airflow/.local/lib/python3.12/site-packages/airflow/example_dags/example_branch_labels.py took 0.124 seconds
[2024-12-28T21:12:53.042+0000] {processor.py:186} INFO - Started process (PID=1129) to work on /home/airflow/.local/lib/python3.12/site-packages/airflow/example_dags/example_branch_labels.py
[2024-12-28T21:12:53.046+0000] {processor.py:914} INFO - Processing file /home/airflow/.local/lib/python3.12/site-packages/airflow/example_dags/example_branch_labels.py for tasks to queue
[2024-12-28T21:12:53.054+0000] {logging_mixin.py:190} INFO - [2024-12-28T21:12:53.053+0000] {dagbag.py:588} INFO - Filling up the DagBag from /home/airflow/.local/lib/python3.12/site-packages/airflow/example_dags/example_branch_labels.py
[2024-12-28T21:12:53.068+0000] {processor.py:925} INFO - DAG(s) 'example_branch_labels' retrieved from /home/airflow/.local/lib/python3.12/site-packages/airflow/example_dags/example_branch_labels.py
[2024-12-28T21:12:53.107+0000] {logging_mixin.py:190} INFO - [2024-12-28T21:12:53.106+0000] {dag.py:3239} INFO - Sync 1 DAGs
[2024-12-28T21:12:53.175+0000] {logging_mixin.py:190} INFO - [2024-12-28T21:12:53.174+0000] {dag.py:4180} INFO - Setting next_dagrun for example_branch_labels to 2024-12-27 00:00:00+00:00, run_after=2024-12-28 00:00:00+00:00
[2024-12-28T21:12:53.266+0000] {processor.py:208} INFO - Processing /home/airflow/.local/lib/python3.12/site-packages/airflow/example_dags/example_branch_labels.py took 0.199 seconds
[2024-12-28T21:13:24.205+0000] {processor.py:186} INFO - Started process (PID=1198) to work on /home/airflow/.local/lib/python3.12/site-packages/airflow/example_dags/example_branch_labels.py
[2024-12-28T21:13:24.208+0000] {processor.py:914} INFO - Processing file /home/airflow/.local/lib/python3.12/site-packages/airflow/example_dags/example_branch_labels.py for tasks to queue
[2024-12-28T21:13:24.211+0000] {logging_mixin.py:190} INFO - [2024-12-28T21:13:24.211+0000] {dagbag.py:588} INFO - Filling up the DagBag from /home/airflow/.local/lib/python3.12/site-packages/airflow/example_dags/example_branch_labels.py
[2024-12-28T21:13:24.228+0000] {processor.py:925} INFO - DAG(s) 'example_branch_labels' retrieved from /home/airflow/.local/lib/python3.12/site-packages/airflow/example_dags/example_branch_labels.py
[2024-12-28T21:13:24.261+0000] {logging_mixin.py:190} INFO - [2024-12-28T21:13:24.260+0000] {dag.py:3239} INFO - Sync 1 DAGs
[2024-12-28T21:13:24.299+0000] {logging_mixin.py:190} INFO - [2024-12-28T21:13:24.299+0000] {dag.py:4180} INFO - Setting next_dagrun for example_branch_labels to 2024-12-27 00:00:00+00:00, run_after=2024-12-28 00:00:00+00:00
[2024-12-28T21:13:24.329+0000] {processor.py:208} INFO - Processing /home/airflow/.local/lib/python3.12/site-packages/airflow/example_dags/example_branch_labels.py took 0.131 seconds
[2024-12-28T21:13:54.792+0000] {processor.py:186} INFO - Started process (PID=1267) to work on /home/airflow/.local/lib/python3.12/site-packages/airflow/example_dags/example_branch_labels.py
[2024-12-28T21:13:54.795+0000] {processor.py:914} INFO - Processing file /home/airflow/.local/lib/python3.12/site-packages/airflow/example_dags/example_branch_labels.py for tasks to queue
[2024-12-28T21:13:54.798+0000] {logging_mixin.py:190} INFO - [2024-12-28T21:13:54.798+0000] {dagbag.py:588} INFO - Filling up the DagBag from /home/airflow/.local/lib/python3.12/site-packages/airflow/example_dags/example_branch_labels.py
[2024-12-28T21:13:54.815+0000] {processor.py:925} INFO - DAG(s) 'example_branch_labels' retrieved from /home/airflow/.local/lib/python3.12/site-packages/airflow/example_dags/example_branch_labels.py
[2024-12-28T21:13:54.854+0000] {logging_mixin.py:190} INFO - [2024-12-28T21:13:54.854+0000] {dag.py:3239} INFO - Sync 1 DAGs
[2024-12-28T21:13:54.882+0000] {logging_mixin.py:190} INFO - [2024-12-28T21:13:54.881+0000] {dag.py:4180} INFO - Setting next_dagrun for example_branch_labels to 2024-12-27 00:00:00+00:00, run_after=2024-12-28 00:00:00+00:00
[2024-12-28T21:13:54.905+0000] {processor.py:208} INFO - Processing /home/airflow/.local/lib/python3.12/site-packages/airflow/example_dags/example_branch_labels.py took 0.122 seconds
[2024-12-28T21:14:25.417+0000] {processor.py:186} INFO - Started process (PID=1336) to work on /home/airflow/.local/lib/python3.12/site-packages/airflow/example_dags/example_branch_labels.py
[2024-12-28T21:14:25.422+0000] {processor.py:914} INFO - Processing file /home/airflow/.local/lib/python3.12/site-packages/airflow/example_dags/example_branch_labels.py for tasks to queue
[2024-12-28T21:14:25.428+0000] {logging_mixin.py:190} INFO - [2024-12-28T21:14:25.427+0000] {dagbag.py:588} INFO - Filling up the DagBag from /home/airflow/.local/lib/python3.12/site-packages/airflow/example_dags/example_branch_labels.py
[2024-12-28T21:14:25.445+0000] {processor.py:925} INFO - DAG(s) 'example_branch_labels' retrieved from /home/airflow/.local/lib/python3.12/site-packages/airflow/example_dags/example_branch_labels.py
[2024-12-28T21:14:25.470+0000] {logging_mixin.py:190} INFO - [2024-12-28T21:14:25.470+0000] {dag.py:3239} INFO - Sync 1 DAGs
[2024-12-28T21:14:25.499+0000] {logging_mixin.py:190} INFO - [2024-12-28T21:14:25.499+0000] {dag.py:4180} INFO - Setting next_dagrun for example_branch_labels to 2024-12-27 00:00:00+00:00, run_after=2024-12-28 00:00:00+00:00
[2024-12-28T21:14:25.525+0000] {processor.py:208} INFO - Processing /home/airflow/.local/lib/python3.12/site-packages/airflow/example_dags/example_branch_labels.py took 0.121 seconds
[2024-12-28T21:14:56.011+0000] {processor.py:186} INFO - Started process (PID=1405) to work on /home/airflow/.local/lib/python3.12/site-packages/airflow/example_dags/example_branch_labels.py
[2024-12-28T21:14:56.013+0000] {processor.py:914} INFO - Processing file /home/airflow/.local/lib/python3.12/site-packages/airflow/example_dags/example_branch_labels.py for tasks to queue
[2024-12-28T21:14:56.016+0000] {logging_mixin.py:190} INFO - [2024-12-28T21:14:56.016+0000] {dagbag.py:588} INFO - Filling up the DagBag from /home/airflow/.local/lib/python3.12/site-packages/airflow/example_dags/example_branch_labels.py
[2024-12-28T21:14:56.028+0000] {processor.py:925} INFO - DAG(s) 'example_branch_labels' retrieved from /home/airflow/.local/lib/python3.12/site-packages/airflow/example_dags/example_branch_labels.py
[2024-12-28T21:14:56.048+0000] {logging_mixin.py:190} INFO - [2024-12-28T21:14:56.048+0000] {dag.py:3239} INFO - Sync 1 DAGs
[2024-12-28T21:14:56.085+0000] {logging_mixin.py:190} INFO - [2024-12-28T21:14:56.084+0000] {dag.py:4180} INFO - Setting next_dagrun for example_branch_labels to 2024-12-27 00:00:00+00:00, run_after=2024-12-28 00:00:00+00:00
[2024-12-28T21:14:56.112+0000] {processor.py:208} INFO - Processing /home/airflow/.local/lib/python3.12/site-packages/airflow/example_dags/example_branch_labels.py took 0.113 seconds
[2024-12-28T21:15:26.339+0000] {processor.py:186} INFO - Started process (PID=1474) to work on /home/airflow/.local/lib/python3.12/site-packages/airflow/example_dags/example_branch_labels.py
[2024-12-28T21:15:26.341+0000] {processor.py:914} INFO - Processing file /home/airflow/.local/lib/python3.12/site-packages/airflow/example_dags/example_branch_labels.py for tasks to queue
[2024-12-28T21:15:26.347+0000] {logging_mixin.py:190} INFO - [2024-12-28T21:15:26.346+0000] {dagbag.py:588} INFO - Filling up the DagBag from /home/airflow/.local/lib/python3.12/site-packages/airflow/example_dags/example_branch_labels.py
[2024-12-28T21:15:26.373+0000] {processor.py:925} INFO - DAG(s) 'example_branch_labels' retrieved from /home/airflow/.local/lib/python3.12/site-packages/airflow/example_dags/example_branch_labels.py
[2024-12-28T21:15:26.449+0000] {logging_mixin.py:190} INFO - [2024-12-28T21:15:26.448+0000] {dag.py:3239} INFO - Sync 1 DAGs
[2024-12-28T21:15:26.523+0000] {logging_mixin.py:190} INFO - [2024-12-28T21:15:26.523+0000] {dag.py:4180} INFO - Setting next_dagrun for example_branch_labels to 2024-12-27 00:00:00+00:00, run_after=2024-12-28 00:00:00+00:00
[2024-12-28T21:15:26.551+0000] {processor.py:208} INFO - Processing /home/airflow/.local/lib/python3.12/site-packages/airflow/example_dags/example_branch_labels.py took 0.219 seconds
[2024-12-28T21:15:57.374+0000] {processor.py:186} INFO - Started process (PID=1543) to work on /home/airflow/.local/lib/python3.12/site-packages/airflow/example_dags/example_branch_labels.py
[2024-12-28T21:15:57.377+0000] {processor.py:914} INFO - Processing file /home/airflow/.local/lib/python3.12/site-packages/airflow/example_dags/example_branch_labels.py for tasks to queue
[2024-12-28T21:15:57.381+0000] {logging_mixin.py:190} INFO - [2024-12-28T21:15:57.380+0000] {dagbag.py:588} INFO - Filling up the DagBag from /home/airflow/.local/lib/python3.12/site-packages/airflow/example_dags/example_branch_labels.py
[2024-12-28T21:15:57.393+0000] {processor.py:925} INFO - DAG(s) 'example_branch_labels' retrieved from /home/airflow/.local/lib/python3.12/site-packages/airflow/example_dags/example_branch_labels.py
[2024-12-28T21:15:57.415+0000] {logging_mixin.py:190} INFO - [2024-12-28T21:15:57.415+0000] {dag.py:3239} INFO - Sync 1 DAGs
[2024-12-28T21:15:57.450+0000] {logging_mixin.py:190} INFO - [2024-12-28T21:15:57.449+0000] {dag.py:4180} INFO - Setting next_dagrun for example_branch_labels to 2024-12-27 00:00:00+00:00, run_after=2024-12-28 00:00:00+00:00
[2024-12-28T21:15:57.472+0000] {processor.py:208} INFO - Processing /home/airflow/.local/lib/python3.12/site-packages/airflow/example_dags/example_branch_labels.py took 0.108 seconds
[2024-12-28T21:16:27.704+0000] {processor.py:186} INFO - Started process (PID=1612) to work on /home/airflow/.local/lib/python3.12/site-packages/airflow/example_dags/example_branch_labels.py
[2024-12-28T21:16:27.707+0000] {processor.py:914} INFO - Processing file /home/airflow/.local/lib/python3.12/site-packages/airflow/example_dags/example_branch_labels.py for tasks to queue
[2024-12-28T21:16:27.711+0000] {logging_mixin.py:190} INFO - [2024-12-28T21:16:27.711+0000] {dagbag.py:588} INFO - Filling up the DagBag from /home/airflow/.local/lib/python3.12/site-packages/airflow/example_dags/example_branch_labels.py
[2024-12-28T21:16:27.724+0000] {processor.py:925} INFO - DAG(s) 'example_branch_labels' retrieved from /home/airflow/.local/lib/python3.12/site-packages/airflow/example_dags/example_branch_labels.py
[2024-12-28T21:16:27.743+0000] {logging_mixin.py:190} INFO - [2024-12-28T21:16:27.743+0000] {dag.py:3239} INFO - Sync 1 DAGs
[2024-12-28T21:16:27.774+0000] {logging_mixin.py:190} INFO - [2024-12-28T21:16:27.773+0000] {dag.py:4180} INFO - Setting next_dagrun for example_branch_labels to 2024-12-27 00:00:00+00:00, run_after=2024-12-28 00:00:00+00:00
[2024-12-28T21:16:27.812+0000] {processor.py:208} INFO - Processing /home/airflow/.local/lib/python3.12/site-packages/airflow/example_dags/example_branch_labels.py took 0.123 seconds
[2024-12-28T21:16:58.440+0000] {processor.py:186} INFO - Started process (PID=1681) to work on /home/airflow/.local/lib/python3.12/site-packages/airflow/example_dags/example_branch_labels.py
[2024-12-28T21:16:58.444+0000] {processor.py:914} INFO - Processing file /home/airflow/.local/lib/python3.12/site-packages/airflow/example_dags/example_branch_labels.py for tasks to queue
[2024-12-28T21:16:58.452+0000] {logging_mixin.py:190} INFO - [2024-12-28T21:16:58.451+0000] {dagbag.py:588} INFO - Filling up the DagBag from /home/airflow/.local/lib/python3.12/site-packages/airflow/example_dags/example_branch_labels.py
[2024-12-28T21:16:58.481+0000] {processor.py:925} INFO - DAG(s) 'example_branch_labels' retrieved from /home/airflow/.local/lib/python3.12/site-packages/airflow/example_dags/example_branch_labels.py
[2024-12-28T21:16:58.525+0000] {logging_mixin.py:190} INFO - [2024-12-28T21:16:58.525+0000] {dag.py:3239} INFO - Sync 1 DAGs
[2024-12-28T21:16:58.562+0000] {logging_mixin.py:190} INFO - [2024-12-28T21:16:58.562+0000] {dag.py:4180} INFO - Setting next_dagrun for example_branch_labels to 2024-12-27 00:00:00+00:00, run_after=2024-12-28 00:00:00+00:00
[2024-12-28T21:16:58.580+0000] {processor.py:208} INFO - Processing /home/airflow/.local/lib/python3.12/site-packages/airflow/example_dags/example_branch_labels.py took 0.156 seconds
[2024-12-28T21:17:28.901+0000] {processor.py:186} INFO - Started process (PID=1750) to work on /home/airflow/.local/lib/python3.12/site-packages/airflow/example_dags/example_branch_labels.py
[2024-12-28T21:17:28.903+0000] {processor.py:914} INFO - Processing file /home/airflow/.local/lib/python3.12/site-packages/airflow/example_dags/example_branch_labels.py for tasks to queue
[2024-12-28T21:17:28.906+0000] {logging_mixin.py:190} INFO - [2024-12-28T21:17:28.905+0000] {dagbag.py:588} INFO - Filling up the DagBag from /home/airflow/.local/lib/python3.12/site-packages/airflow/example_dags/example_branch_labels.py
[2024-12-28T21:17:28.916+0000] {processor.py:925} INFO - DAG(s) 'example_branch_labels' retrieved from /home/airflow/.local/lib/python3.12/site-packages/airflow/example_dags/example_branch_labels.py
[2024-12-28T21:17:28.935+0000] {logging_mixin.py:190} INFO - [2024-12-28T21:17:28.934+0000] {dag.py:3239} INFO - Sync 1 DAGs
[2024-12-28T21:17:28.955+0000] {logging_mixin.py:190} INFO - [2024-12-28T21:17:28.955+0000] {dag.py:4180} INFO - Setting next_dagrun for example_branch_labels to 2024-12-27 00:00:00+00:00, run_after=2024-12-28 00:00:00+00:00
[2024-12-28T21:17:28.972+0000] {processor.py:208} INFO - Processing /home/airflow/.local/lib/python3.12/site-packages/airflow/example_dags/example_branch_labels.py took 0.078 seconds
[2024-12-28T21:17:59.713+0000] {processor.py:186} INFO - Started process (PID=1819) to work on /home/airflow/.local/lib/python3.12/site-packages/airflow/example_dags/example_branch_labels.py
[2024-12-28T21:17:59.715+0000] {processor.py:914} INFO - Processing file /home/airflow/.local/lib/python3.12/site-packages/airflow/example_dags/example_branch_labels.py for tasks to queue
[2024-12-28T21:17:59.719+0000] {logging_mixin.py:190} INFO - [2024-12-28T21:17:59.719+0000] {dagbag.py:588} INFO - Filling up the DagBag from /home/airflow/.local/lib/python3.12/site-packages/airflow/example_dags/example_branch_labels.py
[2024-12-28T21:17:59.739+0000] {processor.py:925} INFO - DAG(s) 'example_branch_labels' retrieved from /home/airflow/.local/lib/python3.12/site-packages/airflow/example_dags/example_branch_labels.py
[2024-12-28T21:17:59.777+0000] {logging_mixin.py:190} INFO - [2024-12-28T21:17:59.777+0000] {dag.py:3239} INFO - Sync 1 DAGs
[2024-12-28T21:17:59.803+0000] {logging_mixin.py:190} INFO - [2024-12-28T21:17:59.803+0000] {dag.py:4180} INFO - Setting next_dagrun for example_branch_labels to 2024-12-27 00:00:00+00:00, run_after=2024-12-28 00:00:00+00:00
[2024-12-28T21:17:59.824+0000] {processor.py:208} INFO - Processing /home/airflow/.local/lib/python3.12/site-packages/airflow/example_dags/example_branch_labels.py took 0.117 seconds
[2024-12-28T21:18:30.210+0000] {processor.py:186} INFO - Started process (PID=1887) to work on /home/airflow/.local/lib/python3.12/site-packages/airflow/example_dags/example_branch_labels.py
[2024-12-28T21:18:30.214+0000] {processor.py:914} INFO - Processing file /home/airflow/.local/lib/python3.12/site-packages/airflow/example_dags/example_branch_labels.py for tasks to queue
[2024-12-28T21:18:30.222+0000] {logging_mixin.py:190} INFO - [2024-12-28T21:18:30.221+0000] {dagbag.py:588} INFO - Filling up the DagBag from /home/airflow/.local/lib/python3.12/site-packages/airflow/example_dags/example_branch_labels.py
[2024-12-28T21:18:30.240+0000] {processor.py:925} INFO - DAG(s) 'example_branch_labels' retrieved from /home/airflow/.local/lib/python3.12/site-packages/airflow/example_dags/example_branch_labels.py
[2024-12-28T21:18:30.267+0000] {logging_mixin.py:190} INFO - [2024-12-28T21:18:30.266+0000] {dag.py:3239} INFO - Sync 1 DAGs
[2024-12-28T21:18:30.301+0000] {logging_mixin.py:190} INFO - [2024-12-28T21:18:30.301+0000] {dag.py:4180} INFO - Setting next_dagrun for example_branch_labels to 2024-12-27 00:00:00+00:00, run_after=2024-12-28 00:00:00+00:00
[2024-12-28T21:18:30.335+0000] {processor.py:208} INFO - Processing /home/airflow/.local/lib/python3.12/site-packages/airflow/example_dags/example_branch_labels.py took 0.141 seconds
[2024-12-28T21:19:01.000+0000] {processor.py:186} INFO - Started process (PID=1956) to work on /home/airflow/.local/lib/python3.12/site-packages/airflow/example_dags/example_branch_labels.py
[2024-12-28T21:19:01.005+0000] {processor.py:914} INFO - Processing file /home/airflow/.local/lib/python3.12/site-packages/airflow/example_dags/example_branch_labels.py for tasks to queue
[2024-12-28T21:19:01.010+0000] {logging_mixin.py:190} INFO - [2024-12-28T21:19:01.009+0000] {dagbag.py:588} INFO - Filling up the DagBag from /home/airflow/.local/lib/python3.12/site-packages/airflow/example_dags/example_branch_labels.py
[2024-12-28T21:19:01.038+0000] {processor.py:925} INFO - DAG(s) 'example_branch_labels' retrieved from /home/airflow/.local/lib/python3.12/site-packages/airflow/example_dags/example_branch_labels.py
[2024-12-28T21:19:01.083+0000] {logging_mixin.py:190} INFO - [2024-12-28T21:19:01.082+0000] {dag.py:3239} INFO - Sync 1 DAGs
[2024-12-28T21:19:01.144+0000] {logging_mixin.py:190} INFO - [2024-12-28T21:19:01.144+0000] {dag.py:4180} INFO - Setting next_dagrun for example_branch_labels to 2024-12-27 00:00:00+00:00, run_after=2024-12-28 00:00:00+00:00
[2024-12-28T21:19:01.164+0000] {processor.py:208} INFO - Processing /home/airflow/.local/lib/python3.12/site-packages/airflow/example_dags/example_branch_labels.py took 0.174 seconds
[2024-12-28T21:19:32.401+0000] {processor.py:186} INFO - Started process (PID=2024) to work on /home/airflow/.local/lib/python3.12/site-packages/airflow/example_dags/example_branch_labels.py
[2024-12-28T21:19:32.403+0000] {processor.py:914} INFO - Processing file /home/airflow/.local/lib/python3.12/site-packages/airflow/example_dags/example_branch_labels.py for tasks to queue
[2024-12-28T21:19:32.405+0000] {logging_mixin.py:190} INFO - [2024-12-28T21:19:32.405+0000] {dagbag.py:588} INFO - Filling up the DagBag from /home/airflow/.local/lib/python3.12/site-packages/airflow/example_dags/example_branch_labels.py
[2024-12-28T21:19:32.421+0000] {processor.py:925} INFO - DAG(s) 'example_branch_labels' retrieved from /home/airflow/.local/lib/python3.12/site-packages/airflow/example_dags/example_branch_labels.py
[2024-12-28T21:19:32.451+0000] {logging_mixin.py:190} INFO - [2024-12-28T21:19:32.451+0000] {dag.py:3239} INFO - Sync 1 DAGs
[2024-12-28T21:19:32.474+0000] {logging_mixin.py:190} INFO - [2024-12-28T21:19:32.474+0000] {dag.py:4180} INFO - Setting next_dagrun for example_branch_labels to 2024-12-27 00:00:00+00:00, run_after=2024-12-28 00:00:00+00:00
[2024-12-28T21:19:32.507+0000] {processor.py:208} INFO - Processing /home/airflow/.local/lib/python3.12/site-packages/airflow/example_dags/example_branch_labels.py took 0.114 seconds
[2024-12-28T21:20:03.361+0000] {processor.py:186} INFO - Started process (PID=2093) to work on /home/airflow/.local/lib/python3.12/site-packages/airflow/example_dags/example_branch_labels.py
[2024-12-28T21:20:03.365+0000] {processor.py:914} INFO - Processing file /home/airflow/.local/lib/python3.12/site-packages/airflow/example_dags/example_branch_labels.py for tasks to queue
[2024-12-28T21:20:03.371+0000] {logging_mixin.py:190} INFO - [2024-12-28T21:20:03.370+0000] {dagbag.py:588} INFO - Filling up the DagBag from /home/airflow/.local/lib/python3.12/site-packages/airflow/example_dags/example_branch_labels.py
[2024-12-28T21:20:03.395+0000] {processor.py:925} INFO - DAG(s) 'example_branch_labels' retrieved from /home/airflow/.local/lib/python3.12/site-packages/airflow/example_dags/example_branch_labels.py
[2024-12-28T21:20:03.419+0000] {logging_mixin.py:190} INFO - [2024-12-28T21:20:03.419+0000] {dag.py:3239} INFO - Sync 1 DAGs
[2024-12-28T21:20:03.441+0000] {logging_mixin.py:190} INFO - [2024-12-28T21:20:03.441+0000] {dag.py:4180} INFO - Setting next_dagrun for example_branch_labels to 2024-12-27 00:00:00+00:00, run_after=2024-12-28 00:00:00+00:00
[2024-12-28T21:20:03.460+0000] {processor.py:208} INFO - Processing /home/airflow/.local/lib/python3.12/site-packages/airflow/example_dags/example_branch_labels.py took 0.109 seconds
[2024-12-28T21:20:33.999+0000] {processor.py:186} INFO - Started process (PID=2160) to work on /home/airflow/.local/lib/python3.12/site-packages/airflow/example_dags/example_branch_labels.py
[2024-12-28T21:20:34.003+0000] {processor.py:914} INFO - Processing file /home/airflow/.local/lib/python3.12/site-packages/airflow/example_dags/example_branch_labels.py for tasks to queue
[2024-12-28T21:20:34.013+0000] {logging_mixin.py:190} INFO - [2024-12-28T21:20:34.012+0000] {dagbag.py:588} INFO - Filling up the DagBag from /home/airflow/.local/lib/python3.12/site-packages/airflow/example_dags/example_branch_labels.py
[2024-12-28T21:20:34.048+0000] {processor.py:925} INFO - DAG(s) 'example_branch_labels' retrieved from /home/airflow/.local/lib/python3.12/site-packages/airflow/example_dags/example_branch_labels.py
[2024-12-28T21:20:34.077+0000] {logging_mixin.py:190} INFO - [2024-12-28T21:20:34.077+0000] {dag.py:3239} INFO - Sync 1 DAGs
[2024-12-28T21:20:34.131+0000] {logging_mixin.py:190} INFO - [2024-12-28T21:20:34.130+0000] {dag.py:4180} INFO - Setting next_dagrun for example_branch_labels to 2024-12-27 00:00:00+00:00, run_after=2024-12-28 00:00:00+00:00
[2024-12-28T21:20:34.185+0000] {processor.py:208} INFO - Processing /home/airflow/.local/lib/python3.12/site-packages/airflow/example_dags/example_branch_labels.py took 0.215 seconds
[2024-12-28T21:21:04.856+0000] {processor.py:186} INFO - Started process (PID=2225) to work on /home/airflow/.local/lib/python3.12/site-packages/airflow/example_dags/example_branch_labels.py
[2024-12-28T21:21:04.858+0000] {processor.py:914} INFO - Processing file /home/airflow/.local/lib/python3.12/site-packages/airflow/example_dags/example_branch_labels.py for tasks to queue
[2024-12-28T21:21:04.861+0000] {logging_mixin.py:190} INFO - [2024-12-28T21:21:04.861+0000] {dagbag.py:588} INFO - Filling up the DagBag from /home/airflow/.local/lib/python3.12/site-packages/airflow/example_dags/example_branch_labels.py
[2024-12-28T21:21:04.874+0000] {processor.py:925} INFO - DAG(s) 'example_branch_labels' retrieved from /home/airflow/.local/lib/python3.12/site-packages/airflow/example_dags/example_branch_labels.py
[2024-12-28T21:21:04.895+0000] {logging_mixin.py:190} INFO - [2024-12-28T21:21:04.894+0000] {dag.py:3239} INFO - Sync 1 DAGs
[2024-12-28T21:21:04.921+0000] {logging_mixin.py:190} INFO - [2024-12-28T21:21:04.920+0000] {dag.py:4180} INFO - Setting next_dagrun for example_branch_labels to 2024-12-27 00:00:00+00:00, run_after=2024-12-28 00:00:00+00:00
[2024-12-28T21:21:04.940+0000] {processor.py:208} INFO - Processing /home/airflow/.local/lib/python3.12/site-packages/airflow/example_dags/example_branch_labels.py took 0.091 seconds
[2024-12-28T21:21:37.199+0000] {processor.py:186} INFO - Started process (PID=2294) to work on /home/airflow/.local/lib/python3.12/site-packages/airflow/example_dags/example_branch_labels.py
[2024-12-28T21:21:37.201+0000] {processor.py:914} INFO - Processing file /home/airflow/.local/lib/python3.12/site-packages/airflow/example_dags/example_branch_labels.py for tasks to queue
[2024-12-28T21:21:37.206+0000] {logging_mixin.py:190} INFO - [2024-12-28T21:21:37.206+0000] {dagbag.py:588} INFO - Filling up the DagBag from /home/airflow/.local/lib/python3.12/site-packages/airflow/example_dags/example_branch_labels.py
[2024-12-28T21:21:37.223+0000] {processor.py:925} INFO - DAG(s) 'example_branch_labels' retrieved from /home/airflow/.local/lib/python3.12/site-packages/airflow/example_dags/example_branch_labels.py
[2024-12-28T21:21:37.254+0000] {logging_mixin.py:190} INFO - [2024-12-28T21:21:37.254+0000] {dag.py:3239} INFO - Sync 1 DAGs
[2024-12-28T21:21:37.295+0000] {logging_mixin.py:190} INFO - [2024-12-28T21:21:37.294+0000] {dag.py:4180} INFO - Setting next_dagrun for example_branch_labels to 2024-12-27 00:00:00+00:00, run_after=2024-12-28 00:00:00+00:00
[2024-12-28T21:21:37.322+0000] {processor.py:208} INFO - Processing /home/airflow/.local/lib/python3.12/site-packages/airflow/example_dags/example_branch_labels.py took 0.132 seconds
[2024-12-28T21:22:08.956+0000] {processor.py:186} INFO - Started process (PID=2363) to work on /home/airflow/.local/lib/python3.12/site-packages/airflow/example_dags/example_branch_labels.py
[2024-12-28T21:22:08.958+0000] {processor.py:914} INFO - Processing file /home/airflow/.local/lib/python3.12/site-packages/airflow/example_dags/example_branch_labels.py for tasks to queue
[2024-12-28T21:22:08.962+0000] {logging_mixin.py:190} INFO - [2024-12-28T21:22:08.961+0000] {dagbag.py:588} INFO - Filling up the DagBag from /home/airflow/.local/lib/python3.12/site-packages/airflow/example_dags/example_branch_labels.py
[2024-12-28T21:22:08.978+0000] {processor.py:925} INFO - DAG(s) 'example_branch_labels' retrieved from /home/airflow/.local/lib/python3.12/site-packages/airflow/example_dags/example_branch_labels.py
[2024-12-28T21:22:09.001+0000] {logging_mixin.py:190} INFO - [2024-12-28T21:22:09.001+0000] {dag.py:3239} INFO - Sync 1 DAGs
[2024-12-28T21:22:09.024+0000] {logging_mixin.py:190} INFO - [2024-12-28T21:22:09.024+0000] {dag.py:4180} INFO - Setting next_dagrun for example_branch_labels to 2024-12-27 00:00:00+00:00, run_after=2024-12-28 00:00:00+00:00
[2024-12-28T21:22:09.042+0000] {processor.py:208} INFO - Processing /home/airflow/.local/lib/python3.12/site-packages/airflow/example_dags/example_branch_labels.py took 0.098 seconds
[2024-12-28T21:22:39.578+0000] {processor.py:186} INFO - Started process (PID=2430) to work on /home/airflow/.local/lib/python3.12/site-packages/airflow/example_dags/example_branch_labels.py
[2024-12-28T21:22:39.581+0000] {processor.py:914} INFO - Processing file /home/airflow/.local/lib/python3.12/site-packages/airflow/example_dags/example_branch_labels.py for tasks to queue
[2024-12-28T21:22:39.585+0000] {logging_mixin.py:190} INFO - [2024-12-28T21:22:39.584+0000] {dagbag.py:588} INFO - Filling up the DagBag from /home/airflow/.local/lib/python3.12/site-packages/airflow/example_dags/example_branch_labels.py
[2024-12-28T21:22:39.599+0000] {processor.py:925} INFO - DAG(s) 'example_branch_labels' retrieved from /home/airflow/.local/lib/python3.12/site-packages/airflow/example_dags/example_branch_labels.py
[2024-12-28T21:22:39.625+0000] {logging_mixin.py:190} INFO - [2024-12-28T21:22:39.625+0000] {dag.py:3239} INFO - Sync 1 DAGs
[2024-12-28T21:22:39.649+0000] {logging_mixin.py:190} INFO - [2024-12-28T21:22:39.649+0000] {dag.py:4180} INFO - Setting next_dagrun for example_branch_labels to 2024-12-27 00:00:00+00:00, run_after=2024-12-28 00:00:00+00:00
[2024-12-28T21:22:39.665+0000] {processor.py:208} INFO - Processing /home/airflow/.local/lib/python3.12/site-packages/airflow/example_dags/example_branch_labels.py took 0.093 seconds
[2024-12-28T21:23:10.279+0000] {processor.py:186} INFO - Started process (PID=2499) to work on /home/airflow/.local/lib/python3.12/site-packages/airflow/example_dags/example_branch_labels.py
[2024-12-28T21:23:10.282+0000] {processor.py:914} INFO - Processing file /home/airflow/.local/lib/python3.12/site-packages/airflow/example_dags/example_branch_labels.py for tasks to queue
[2024-12-28T21:23:10.287+0000] {logging_mixin.py:190} INFO - [2024-12-28T21:23:10.287+0000] {dagbag.py:588} INFO - Filling up the DagBag from /home/airflow/.local/lib/python3.12/site-packages/airflow/example_dags/example_branch_labels.py
[2024-12-28T21:23:10.307+0000] {processor.py:925} INFO - DAG(s) 'example_branch_labels' retrieved from /home/airflow/.local/lib/python3.12/site-packages/airflow/example_dags/example_branch_labels.py
[2024-12-28T21:23:10.337+0000] {logging_mixin.py:190} INFO - [2024-12-28T21:23:10.337+0000] {dag.py:3239} INFO - Sync 1 DAGs
[2024-12-28T21:23:10.373+0000] {logging_mixin.py:190} INFO - [2024-12-28T21:23:10.373+0000] {dag.py:4180} INFO - Setting next_dagrun for example_branch_labels to 2024-12-27 00:00:00+00:00, run_after=2024-12-28 00:00:00+00:00
[2024-12-28T21:23:10.401+0000] {processor.py:208} INFO - Processing /home/airflow/.local/lib/python3.12/site-packages/airflow/example_dags/example_branch_labels.py took 0.130 seconds
[2024-12-28T21:23:42.428+0000] {processor.py:186} INFO - Started process (PID=2567) to work on /home/airflow/.local/lib/python3.12/site-packages/airflow/example_dags/example_branch_labels.py
[2024-12-28T21:23:42.431+0000] {processor.py:914} INFO - Processing file /home/airflow/.local/lib/python3.12/site-packages/airflow/example_dags/example_branch_labels.py for tasks to queue
[2024-12-28T21:23:42.437+0000] {logging_mixin.py:190} INFO - [2024-12-28T21:23:42.436+0000] {dagbag.py:588} INFO - Filling up the DagBag from /home/airflow/.local/lib/python3.12/site-packages/airflow/example_dags/example_branch_labels.py
[2024-12-28T21:23:42.451+0000] {processor.py:925} INFO - DAG(s) 'example_branch_labels' retrieved from /home/airflow/.local/lib/python3.12/site-packages/airflow/example_dags/example_branch_labels.py
[2024-12-28T21:23:42.505+0000] {logging_mixin.py:190} INFO - [2024-12-28T21:23:42.505+0000] {dag.py:3239} INFO - Sync 1 DAGs
[2024-12-28T21:23:42.573+0000] {logging_mixin.py:190} INFO - [2024-12-28T21:23:42.572+0000] {dag.py:4180} INFO - Setting next_dagrun for example_branch_labels to 2024-12-27 00:00:00+00:00, run_after=2024-12-28 00:00:00+00:00
[2024-12-28T21:23:42.615+0000] {processor.py:208} INFO - Processing /home/airflow/.local/lib/python3.12/site-packages/airflow/example_dags/example_branch_labels.py took 0.195 seconds
[2024-12-28T21:24:13.700+0000] {processor.py:186} INFO - Started process (PID=2636) to work on /home/airflow/.local/lib/python3.12/site-packages/airflow/example_dags/example_branch_labels.py
[2024-12-28T21:24:13.703+0000] {processor.py:914} INFO - Processing file /home/airflow/.local/lib/python3.12/site-packages/airflow/example_dags/example_branch_labels.py for tasks to queue
[2024-12-28T21:24:13.707+0000] {logging_mixin.py:190} INFO - [2024-12-28T21:24:13.707+0000] {dagbag.py:588} INFO - Filling up the DagBag from /home/airflow/.local/lib/python3.12/site-packages/airflow/example_dags/example_branch_labels.py
[2024-12-28T21:24:13.723+0000] {processor.py:925} INFO - DAG(s) 'example_branch_labels' retrieved from /home/airflow/.local/lib/python3.12/site-packages/airflow/example_dags/example_branch_labels.py
[2024-12-28T21:24:13.759+0000] {logging_mixin.py:190} INFO - [2024-12-28T21:24:13.759+0000] {dag.py:3239} INFO - Sync 1 DAGs
[2024-12-28T21:24:13.788+0000] {logging_mixin.py:190} INFO - [2024-12-28T21:24:13.788+0000] {dag.py:4180} INFO - Setting next_dagrun for example_branch_labels to 2024-12-27 00:00:00+00:00, run_after=2024-12-28 00:00:00+00:00
[2024-12-28T21:24:13.813+0000] {processor.py:208} INFO - Processing /home/airflow/.local/lib/python3.12/site-packages/airflow/example_dags/example_branch_labels.py took 0.125 seconds
[2024-12-28T21:24:44.288+0000] {processor.py:186} INFO - Started process (PID=2704) to work on /home/airflow/.local/lib/python3.12/site-packages/airflow/example_dags/example_branch_labels.py
[2024-12-28T21:24:44.292+0000] {processor.py:914} INFO - Processing file /home/airflow/.local/lib/python3.12/site-packages/airflow/example_dags/example_branch_labels.py for tasks to queue
[2024-12-28T21:24:44.296+0000] {logging_mixin.py:190} INFO - [2024-12-28T21:24:44.296+0000] {dagbag.py:588} INFO - Filling up the DagBag from /home/airflow/.local/lib/python3.12/site-packages/airflow/example_dags/example_branch_labels.py
[2024-12-28T21:24:44.314+0000] {processor.py:925} INFO - DAG(s) 'example_branch_labels' retrieved from /home/airflow/.local/lib/python3.12/site-packages/airflow/example_dags/example_branch_labels.py
[2024-12-28T21:24:44.350+0000] {logging_mixin.py:190} INFO - [2024-12-28T21:24:44.349+0000] {dag.py:3239} INFO - Sync 1 DAGs
[2024-12-28T21:24:44.389+0000] {logging_mixin.py:190} INFO - [2024-12-28T21:24:44.389+0000] {dag.py:4180} INFO - Setting next_dagrun for example_branch_labels to 2024-12-27 00:00:00+00:00, run_after=2024-12-28 00:00:00+00:00
[2024-12-28T21:24:44.419+0000] {processor.py:208} INFO - Processing /home/airflow/.local/lib/python3.12/site-packages/airflow/example_dags/example_branch_labels.py took 0.148 seconds
[2024-12-28T21:25:14.691+0000] {processor.py:186} INFO - Started process (PID=2772) to work on /home/airflow/.local/lib/python3.12/site-packages/airflow/example_dags/example_branch_labels.py
[2024-12-28T21:25:14.696+0000] {processor.py:914} INFO - Processing file /home/airflow/.local/lib/python3.12/site-packages/airflow/example_dags/example_branch_labels.py for tasks to queue
[2024-12-28T21:25:14.704+0000] {logging_mixin.py:190} INFO - [2024-12-28T21:25:14.703+0000] {dagbag.py:588} INFO - Filling up the DagBag from /home/airflow/.local/lib/python3.12/site-packages/airflow/example_dags/example_branch_labels.py
[2024-12-28T21:25:14.724+0000] {processor.py:925} INFO - DAG(s) 'example_branch_labels' retrieved from /home/airflow/.local/lib/python3.12/site-packages/airflow/example_dags/example_branch_labels.py
[2024-12-28T21:25:14.747+0000] {logging_mixin.py:190} INFO - [2024-12-28T21:25:14.747+0000] {dag.py:3239} INFO - Sync 1 DAGs
[2024-12-28T21:25:14.773+0000] {logging_mixin.py:190} INFO - [2024-12-28T21:25:14.772+0000] {dag.py:4180} INFO - Setting next_dagrun for example_branch_labels to 2024-12-27 00:00:00+00:00, run_after=2024-12-28 00:00:00+00:00
[2024-12-28T21:25:15.087+0000] {processor.py:208} INFO - Processing /home/airflow/.local/lib/python3.12/site-packages/airflow/example_dags/example_branch_labels.py took 0.417 seconds
[2024-12-28T21:25:45.522+0000] {processor.py:186} INFO - Started process (PID=2839) to work on /home/airflow/.local/lib/python3.12/site-packages/airflow/example_dags/example_branch_labels.py
[2024-12-28T21:25:45.524+0000] {processor.py:914} INFO - Processing file /home/airflow/.local/lib/python3.12/site-packages/airflow/example_dags/example_branch_labels.py for tasks to queue
[2024-12-28T21:25:45.529+0000] {logging_mixin.py:190} INFO - [2024-12-28T21:25:45.529+0000] {dagbag.py:588} INFO - Filling up the DagBag from /home/airflow/.local/lib/python3.12/site-packages/airflow/example_dags/example_branch_labels.py
[2024-12-28T21:25:45.542+0000] {processor.py:925} INFO - DAG(s) 'example_branch_labels' retrieved from /home/airflow/.local/lib/python3.12/site-packages/airflow/example_dags/example_branch_labels.py
[2024-12-28T21:25:45.566+0000] {logging_mixin.py:190} INFO - [2024-12-28T21:25:45.565+0000] {dag.py:3239} INFO - Sync 1 DAGs
[2024-12-28T21:25:45.598+0000] {logging_mixin.py:190} INFO - [2024-12-28T21:25:45.597+0000] {dag.py:4180} INFO - Setting next_dagrun for example_branch_labels to 2024-12-27 00:00:00+00:00, run_after=2024-12-28 00:00:00+00:00
[2024-12-28T21:25:45.626+0000] {processor.py:208} INFO - Processing /home/airflow/.local/lib/python3.12/site-packages/airflow/example_dags/example_branch_labels.py took 0.110 seconds
[2024-12-28T21:26:16.401+0000] {processor.py:186} INFO - Started process (PID=2907) to work on /home/airflow/.local/lib/python3.12/site-packages/airflow/example_dags/example_branch_labels.py
[2024-12-28T21:26:16.404+0000] {processor.py:914} INFO - Processing file /home/airflow/.local/lib/python3.12/site-packages/airflow/example_dags/example_branch_labels.py for tasks to queue
[2024-12-28T21:26:16.412+0000] {logging_mixin.py:190} INFO - [2024-12-28T21:26:16.411+0000] {dagbag.py:588} INFO - Filling up the DagBag from /home/airflow/.local/lib/python3.12/site-packages/airflow/example_dags/example_branch_labels.py
[2024-12-28T21:26:16.433+0000] {processor.py:925} INFO - DAG(s) 'example_branch_labels' retrieved from /home/airflow/.local/lib/python3.12/site-packages/airflow/example_dags/example_branch_labels.py
[2024-12-28T21:26:16.473+0000] {logging_mixin.py:190} INFO - [2024-12-28T21:26:16.473+0000] {dag.py:3239} INFO - Sync 1 DAGs
[2024-12-28T21:26:16.511+0000] {logging_mixin.py:190} INFO - [2024-12-28T21:26:16.510+0000] {dag.py:4180} INFO - Setting next_dagrun for example_branch_labels to 2024-12-27 00:00:00+00:00, run_after=2024-12-28 00:00:00+00:00
[2024-12-28T21:26:16.536+0000] {processor.py:208} INFO - Processing /home/airflow/.local/lib/python3.12/site-packages/airflow/example_dags/example_branch_labels.py took 0.147 seconds
[2024-12-28T21:26:47.950+0000] {processor.py:186} INFO - Started process (PID=2977) to work on /home/airflow/.local/lib/python3.12/site-packages/airflow/example_dags/example_branch_labels.py
[2024-12-28T21:26:47.952+0000] {processor.py:914} INFO - Processing file /home/airflow/.local/lib/python3.12/site-packages/airflow/example_dags/example_branch_labels.py for tasks to queue
[2024-12-28T21:26:47.955+0000] {logging_mixin.py:190} INFO - [2024-12-28T21:26:47.955+0000] {dagbag.py:588} INFO - Filling up the DagBag from /home/airflow/.local/lib/python3.12/site-packages/airflow/example_dags/example_branch_labels.py
[2024-12-28T21:26:47.965+0000] {processor.py:925} INFO - DAG(s) 'example_branch_labels' retrieved from /home/airflow/.local/lib/python3.12/site-packages/airflow/example_dags/example_branch_labels.py
[2024-12-28T21:26:47.986+0000] {logging_mixin.py:190} INFO - [2024-12-28T21:26:47.986+0000] {dag.py:3239} INFO - Sync 1 DAGs
[2024-12-28T21:26:48.008+0000] {logging_mixin.py:190} INFO - [2024-12-28T21:26:48.008+0000] {dag.py:4180} INFO - Setting next_dagrun for example_branch_labels to 2024-12-27 00:00:00+00:00, run_after=2024-12-28 00:00:00+00:00
[2024-12-28T21:26:48.029+0000] {processor.py:208} INFO - Processing /home/airflow/.local/lib/python3.12/site-packages/airflow/example_dags/example_branch_labels.py took 0.088 seconds
[2024-12-28T21:27:18.822+0000] {processor.py:186} INFO - Started process (PID=3045) to work on /home/airflow/.local/lib/python3.12/site-packages/airflow/example_dags/example_branch_labels.py
[2024-12-28T21:27:18.824+0000] {processor.py:914} INFO - Processing file /home/airflow/.local/lib/python3.12/site-packages/airflow/example_dags/example_branch_labels.py for tasks to queue
[2024-12-28T21:27:18.828+0000] {logging_mixin.py:190} INFO - [2024-12-28T21:27:18.828+0000] {dagbag.py:588} INFO - Filling up the DagBag from /home/airflow/.local/lib/python3.12/site-packages/airflow/example_dags/example_branch_labels.py
[2024-12-28T21:27:18.841+0000] {processor.py:925} INFO - DAG(s) 'example_branch_labels' retrieved from /home/airflow/.local/lib/python3.12/site-packages/airflow/example_dags/example_branch_labels.py
[2024-12-28T21:27:18.862+0000] {logging_mixin.py:190} INFO - [2024-12-28T21:27:18.861+0000] {dag.py:3239} INFO - Sync 1 DAGs
[2024-12-28T21:27:18.888+0000] {logging_mixin.py:190} INFO - [2024-12-28T21:27:18.888+0000] {dag.py:4180} INFO - Setting next_dagrun for example_branch_labels to 2024-12-27 00:00:00+00:00, run_after=2024-12-28 00:00:00+00:00
[2024-12-28T21:27:18.906+0000] {processor.py:208} INFO - Processing /home/airflow/.local/lib/python3.12/site-packages/airflow/example_dags/example_branch_labels.py took 0.090 seconds
[2024-12-28T21:27:50.154+0000] {processor.py:186} INFO - Started process (PID=3112) to work on /home/airflow/.local/lib/python3.12/site-packages/airflow/example_dags/example_branch_labels.py
[2024-12-28T21:27:50.157+0000] {processor.py:914} INFO - Processing file /home/airflow/.local/lib/python3.12/site-packages/airflow/example_dags/example_branch_labels.py for tasks to queue
[2024-12-28T21:27:50.162+0000] {logging_mixin.py:190} INFO - [2024-12-28T21:27:50.162+0000] {dagbag.py:588} INFO - Filling up the DagBag from /home/airflow/.local/lib/python3.12/site-packages/airflow/example_dags/example_branch_labels.py
[2024-12-28T21:27:50.190+0000] {processor.py:925} INFO - DAG(s) 'example_branch_labels' retrieved from /home/airflow/.local/lib/python3.12/site-packages/airflow/example_dags/example_branch_labels.py
[2024-12-28T21:27:50.256+0000] {logging_mixin.py:190} INFO - [2024-12-28T21:27:50.256+0000] {dag.py:3239} INFO - Sync 1 DAGs
[2024-12-28T21:27:50.281+0000] {logging_mixin.py:190} INFO - [2024-12-28T21:27:50.281+0000] {dag.py:4180} INFO - Setting next_dagrun for example_branch_labels to 2024-12-27 00:00:00+00:00, run_after=2024-12-28 00:00:00+00:00
[2024-12-28T21:27:50.300+0000] {processor.py:208} INFO - Processing /home/airflow/.local/lib/python3.12/site-packages/airflow/example_dags/example_branch_labels.py took 0.161 seconds
[2024-12-28T21:28:21.209+0000] {processor.py:186} INFO - Started process (PID=3181) to work on /home/airflow/.local/lib/python3.12/site-packages/airflow/example_dags/example_branch_labels.py
[2024-12-28T21:28:21.212+0000] {processor.py:914} INFO - Processing file /home/airflow/.local/lib/python3.12/site-packages/airflow/example_dags/example_branch_labels.py for tasks to queue
[2024-12-28T21:28:21.215+0000] {logging_mixin.py:190} INFO - [2024-12-28T21:28:21.215+0000] {dagbag.py:588} INFO - Filling up the DagBag from /home/airflow/.local/lib/python3.12/site-packages/airflow/example_dags/example_branch_labels.py
[2024-12-28T21:28:21.226+0000] {processor.py:925} INFO - DAG(s) 'example_branch_labels' retrieved from /home/airflow/.local/lib/python3.12/site-packages/airflow/example_dags/example_branch_labels.py
[2024-12-28T21:28:21.245+0000] {logging_mixin.py:190} INFO - [2024-12-28T21:28:21.244+0000] {dag.py:3239} INFO - Sync 1 DAGs
[2024-12-28T21:28:21.265+0000] {logging_mixin.py:190} INFO - [2024-12-28T21:28:21.265+0000] {dag.py:4180} INFO - Setting next_dagrun for example_branch_labels to 2024-12-27 00:00:00+00:00, run_after=2024-12-28 00:00:00+00:00
[2024-12-28T21:28:21.281+0000] {processor.py:208} INFO - Processing /home/airflow/.local/lib/python3.12/site-packages/airflow/example_dags/example_branch_labels.py took 0.084 seconds
[2024-12-28T21:28:51.625+0000] {processor.py:186} INFO - Started process (PID=3250) to work on /home/airflow/.local/lib/python3.12/site-packages/airflow/example_dags/example_branch_labels.py
[2024-12-28T21:28:51.626+0000] {processor.py:914} INFO - Processing file /home/airflow/.local/lib/python3.12/site-packages/airflow/example_dags/example_branch_labels.py for tasks to queue
[2024-12-28T21:28:51.628+0000] {logging_mixin.py:190} INFO - [2024-12-28T21:28:51.627+0000] {dagbag.py:588} INFO - Filling up the DagBag from /home/airflow/.local/lib/python3.12/site-packages/airflow/example_dags/example_branch_labels.py
[2024-12-28T21:28:51.639+0000] {processor.py:925} INFO - DAG(s) 'example_branch_labels' retrieved from /home/airflow/.local/lib/python3.12/site-packages/airflow/example_dags/example_branch_labels.py
[2024-12-28T21:28:51.659+0000] {logging_mixin.py:190} INFO - [2024-12-28T21:28:51.658+0000] {dag.py:3239} INFO - Sync 1 DAGs
[2024-12-28T21:28:51.681+0000] {logging_mixin.py:190} INFO - [2024-12-28T21:28:51.680+0000] {dag.py:4180} INFO - Setting next_dagrun for example_branch_labels to 2024-12-27 00:00:00+00:00, run_after=2024-12-28 00:00:00+00:00
[2024-12-28T21:28:51.700+0000] {processor.py:208} INFO - Processing /home/airflow/.local/lib/python3.12/site-packages/airflow/example_dags/example_branch_labels.py took 0.080 seconds
[2024-12-28T21:29:22.056+0000] {processor.py:186} INFO - Started process (PID=3320) to work on /home/airflow/.local/lib/python3.12/site-packages/airflow/example_dags/example_branch_labels.py
[2024-12-28T21:29:22.059+0000] {processor.py:914} INFO - Processing file /home/airflow/.local/lib/python3.12/site-packages/airflow/example_dags/example_branch_labels.py for tasks to queue
[2024-12-28T21:29:22.063+0000] {logging_mixin.py:190} INFO - [2024-12-28T21:29:22.063+0000] {dagbag.py:588} INFO - Filling up the DagBag from /home/airflow/.local/lib/python3.12/site-packages/airflow/example_dags/example_branch_labels.py
[2024-12-28T21:29:22.084+0000] {processor.py:925} INFO - DAG(s) 'example_branch_labels' retrieved from /home/airflow/.local/lib/python3.12/site-packages/airflow/example_dags/example_branch_labels.py
[2024-12-28T21:29:22.119+0000] {logging_mixin.py:190} INFO - [2024-12-28T21:29:22.119+0000] {dag.py:3239} INFO - Sync 1 DAGs
[2024-12-28T21:29:22.145+0000] {logging_mixin.py:190} INFO - [2024-12-28T21:29:22.145+0000] {dag.py:4180} INFO - Setting next_dagrun for example_branch_labels to 2024-12-27 00:00:00+00:00, run_after=2024-12-28 00:00:00+00:00
[2024-12-28T21:29:22.164+0000] {processor.py:208} INFO - Processing /home/airflow/.local/lib/python3.12/site-packages/airflow/example_dags/example_branch_labels.py took 0.115 seconds
[2024-12-28T21:29:52.700+0000] {processor.py:186} INFO - Started process (PID=3389) to work on /home/airflow/.local/lib/python3.12/site-packages/airflow/example_dags/example_branch_labels.py
[2024-12-28T21:29:52.702+0000] {processor.py:914} INFO - Processing file /home/airflow/.local/lib/python3.12/site-packages/airflow/example_dags/example_branch_labels.py for tasks to queue
[2024-12-28T21:29:52.705+0000] {logging_mixin.py:190} INFO - [2024-12-28T21:29:52.704+0000] {dagbag.py:588} INFO - Filling up the DagBag from /home/airflow/.local/lib/python3.12/site-packages/airflow/example_dags/example_branch_labels.py
[2024-12-28T21:29:52.723+0000] {processor.py:925} INFO - DAG(s) 'example_branch_labels' retrieved from /home/airflow/.local/lib/python3.12/site-packages/airflow/example_dags/example_branch_labels.py
[2024-12-28T21:29:52.753+0000] {logging_mixin.py:190} INFO - [2024-12-28T21:29:52.752+0000] {dag.py:3239} INFO - Sync 1 DAGs
[2024-12-28T21:29:52.820+0000] {logging_mixin.py:190} INFO - [2024-12-28T21:29:52.820+0000] {dag.py:4180} INFO - Setting next_dagrun for example_branch_labels to 2024-12-27 00:00:00+00:00, run_after=2024-12-28 00:00:00+00:00
[2024-12-28T21:29:52.856+0000] {processor.py:208} INFO - Processing /home/airflow/.local/lib/python3.12/site-packages/airflow/example_dags/example_branch_labels.py took 0.175 seconds
[2024-12-28T21:30:23.471+0000] {processor.py:186} INFO - Started process (PID=3458) to work on /home/airflow/.local/lib/python3.12/site-packages/airflow/example_dags/example_branch_labels.py
[2024-12-28T21:30:23.473+0000] {processor.py:914} INFO - Processing file /home/airflow/.local/lib/python3.12/site-packages/airflow/example_dags/example_branch_labels.py for tasks to queue
[2024-12-28T21:30:23.476+0000] {logging_mixin.py:190} INFO - [2024-12-28T21:30:23.476+0000] {dagbag.py:588} INFO - Filling up the DagBag from /home/airflow/.local/lib/python3.12/site-packages/airflow/example_dags/example_branch_labels.py
[2024-12-28T21:30:23.489+0000] {processor.py:925} INFO - DAG(s) 'example_branch_labels' retrieved from /home/airflow/.local/lib/python3.12/site-packages/airflow/example_dags/example_branch_labels.py
[2024-12-28T21:30:23.510+0000] {logging_mixin.py:190} INFO - [2024-12-28T21:30:23.510+0000] {dag.py:3239} INFO - Sync 1 DAGs
[2024-12-28T21:30:23.535+0000] {logging_mixin.py:190} INFO - [2024-12-28T21:30:23.535+0000] {dag.py:4180} INFO - Setting next_dagrun for example_branch_labels to 2024-12-27 00:00:00+00:00, run_after=2024-12-28 00:00:00+00:00
[2024-12-28T21:30:23.569+0000] {processor.py:208} INFO - Processing /home/airflow/.local/lib/python3.12/site-packages/airflow/example_dags/example_branch_labels.py took 0.111 seconds
[2024-12-28T21:30:54.294+0000] {processor.py:186} INFO - Started process (PID=3528) to work on /home/airflow/.local/lib/python3.12/site-packages/airflow/example_dags/example_branch_labels.py
[2024-12-28T21:30:54.298+0000] {processor.py:914} INFO - Processing file /home/airflow/.local/lib/python3.12/site-packages/airflow/example_dags/example_branch_labels.py for tasks to queue
[2024-12-28T21:30:54.304+0000] {logging_mixin.py:190} INFO - [2024-12-28T21:30:54.303+0000] {dagbag.py:588} INFO - Filling up the DagBag from /home/airflow/.local/lib/python3.12/site-packages/airflow/example_dags/example_branch_labels.py
[2024-12-28T21:30:54.325+0000] {processor.py:925} INFO - DAG(s) 'example_branch_labels' retrieved from /home/airflow/.local/lib/python3.12/site-packages/airflow/example_dags/example_branch_labels.py
[2024-12-28T21:30:54.373+0000] {logging_mixin.py:190} INFO - [2024-12-28T21:30:54.372+0000] {dag.py:3239} INFO - Sync 1 DAGs
[2024-12-28T21:30:54.431+0000] {logging_mixin.py:190} INFO - [2024-12-28T21:30:54.429+0000] {dag.py:4180} INFO - Setting next_dagrun for example_branch_labels to 2024-12-27 00:00:00+00:00, run_after=2024-12-28 00:00:00+00:00
[2024-12-28T21:30:54.466+0000] {processor.py:208} INFO - Processing /home/airflow/.local/lib/python3.12/site-packages/airflow/example_dags/example_branch_labels.py took 0.183 seconds
[2024-12-28T21:31:24.900+0000] {processor.py:186} INFO - Started process (PID=3597) to work on /home/airflow/.local/lib/python3.12/site-packages/airflow/example_dags/example_branch_labels.py
[2024-12-28T21:31:24.903+0000] {processor.py:914} INFO - Processing file /home/airflow/.local/lib/python3.12/site-packages/airflow/example_dags/example_branch_labels.py for tasks to queue
[2024-12-28T21:31:24.909+0000] {logging_mixin.py:190} INFO - [2024-12-28T21:31:24.908+0000] {dagbag.py:588} INFO - Filling up the DagBag from /home/airflow/.local/lib/python3.12/site-packages/airflow/example_dags/example_branch_labels.py
[2024-12-28T21:31:24.926+0000] {processor.py:925} INFO - DAG(s) 'example_branch_labels' retrieved from /home/airflow/.local/lib/python3.12/site-packages/airflow/example_dags/example_branch_labels.py
[2024-12-28T21:31:24.954+0000] {logging_mixin.py:190} INFO - [2024-12-28T21:31:24.954+0000] {dag.py:3239} INFO - Sync 1 DAGs
[2024-12-28T21:31:24.976+0000] {logging_mixin.py:190} INFO - [2024-12-28T21:31:24.976+0000] {dag.py:4180} INFO - Setting next_dagrun for example_branch_labels to 2024-12-27 00:00:00+00:00, run_after=2024-12-28 00:00:00+00:00
[2024-12-28T21:31:24.991+0000] {processor.py:208} INFO - Processing /home/airflow/.local/lib/python3.12/site-packages/airflow/example_dags/example_branch_labels.py took 0.105 seconds
[2024-12-28T21:31:55.357+0000] {processor.py:186} INFO - Started process (PID=3667) to work on /home/airflow/.local/lib/python3.12/site-packages/airflow/example_dags/example_branch_labels.py
[2024-12-28T21:31:55.359+0000] {processor.py:914} INFO - Processing file /home/airflow/.local/lib/python3.12/site-packages/airflow/example_dags/example_branch_labels.py for tasks to queue
[2024-12-28T21:31:55.362+0000] {logging_mixin.py:190} INFO - [2024-12-28T21:31:55.361+0000] {dagbag.py:588} INFO - Filling up the DagBag from /home/airflow/.local/lib/python3.12/site-packages/airflow/example_dags/example_branch_labels.py
[2024-12-28T21:31:55.373+0000] {processor.py:925} INFO - DAG(s) 'example_branch_labels' retrieved from /home/airflow/.local/lib/python3.12/site-packages/airflow/example_dags/example_branch_labels.py
[2024-12-28T21:31:55.395+0000] {logging_mixin.py:190} INFO - [2024-12-28T21:31:55.395+0000] {dag.py:3239} INFO - Sync 1 DAGs
[2024-12-28T21:31:55.431+0000] {logging_mixin.py:190} INFO - [2024-12-28T21:31:55.431+0000] {dag.py:4180} INFO - Setting next_dagrun for example_branch_labels to 2024-12-27 00:00:00+00:00, run_after=2024-12-28 00:00:00+00:00
[2024-12-28T21:31:55.457+0000] {processor.py:208} INFO - Processing /home/airflow/.local/lib/python3.12/site-packages/airflow/example_dags/example_branch_labels.py took 0.106 seconds
[2024-12-28T21:32:26.532+0000] {processor.py:186} INFO - Started process (PID=3736) to work on /home/airflow/.local/lib/python3.12/site-packages/airflow/example_dags/example_branch_labels.py
[2024-12-28T21:32:26.535+0000] {processor.py:914} INFO - Processing file /home/airflow/.local/lib/python3.12/site-packages/airflow/example_dags/example_branch_labels.py for tasks to queue
[2024-12-28T21:32:26.544+0000] {logging_mixin.py:190} INFO - [2024-12-28T21:32:26.543+0000] {dagbag.py:588} INFO - Filling up the DagBag from /home/airflow/.local/lib/python3.12/site-packages/airflow/example_dags/example_branch_labels.py
[2024-12-28T21:32:26.572+0000] {processor.py:925} INFO - DAG(s) 'example_branch_labels' retrieved from /home/airflow/.local/lib/python3.12/site-packages/airflow/example_dags/example_branch_labels.py
[2024-12-28T21:32:26.598+0000] {logging_mixin.py:190} INFO - [2024-12-28T21:32:26.598+0000] {dag.py:3239} INFO - Sync 1 DAGs
[2024-12-28T21:32:26.625+0000] {logging_mixin.py:190} INFO - [2024-12-28T21:32:26.624+0000] {dag.py:4180} INFO - Setting next_dagrun for example_branch_labels to 2024-12-27 00:00:00+00:00, run_after=2024-12-28 00:00:00+00:00
[2024-12-28T21:32:26.647+0000] {processor.py:208} INFO - Processing /home/airflow/.local/lib/python3.12/site-packages/airflow/example_dags/example_branch_labels.py took 0.124 seconds
[2024-12-28T21:32:57.374+0000] {processor.py:186} INFO - Started process (PID=3805) to work on /home/airflow/.local/lib/python3.12/site-packages/airflow/example_dags/example_branch_labels.py
[2024-12-28T21:32:57.377+0000] {processor.py:914} INFO - Processing file /home/airflow/.local/lib/python3.12/site-packages/airflow/example_dags/example_branch_labels.py for tasks to queue
[2024-12-28T21:32:57.384+0000] {logging_mixin.py:190} INFO - [2024-12-28T21:32:57.383+0000] {dagbag.py:588} INFO - Filling up the DagBag from /home/airflow/.local/lib/python3.12/site-packages/airflow/example_dags/example_branch_labels.py
[2024-12-28T21:32:57.409+0000] {processor.py:925} INFO - DAG(s) 'example_branch_labels' retrieved from /home/airflow/.local/lib/python3.12/site-packages/airflow/example_dags/example_branch_labels.py
[2024-12-28T21:32:57.460+0000] {logging_mixin.py:190} INFO - [2024-12-28T21:32:57.460+0000] {dag.py:3239} INFO - Sync 1 DAGs
[2024-12-28T21:32:57.543+0000] {logging_mixin.py:190} INFO - [2024-12-28T21:32:57.542+0000] {dag.py:4180} INFO - Setting next_dagrun for example_branch_labels to 2024-12-27 00:00:00+00:00, run_after=2024-12-28 00:00:00+00:00
[2024-12-28T21:32:57.585+0000] {processor.py:208} INFO - Processing /home/airflow/.local/lib/python3.12/site-packages/airflow/example_dags/example_branch_labels.py took 0.227 seconds
[2024-12-28T21:33:27.858+0000] {processor.py:186} INFO - Started process (PID=3874) to work on /home/airflow/.local/lib/python3.12/site-packages/airflow/example_dags/example_branch_labels.py
[2024-12-28T21:33:27.861+0000] {processor.py:914} INFO - Processing file /home/airflow/.local/lib/python3.12/site-packages/airflow/example_dags/example_branch_labels.py for tasks to queue
[2024-12-28T21:33:27.867+0000] {logging_mixin.py:190} INFO - [2024-12-28T21:33:27.866+0000] {dagbag.py:588} INFO - Filling up the DagBag from /home/airflow/.local/lib/python3.12/site-packages/airflow/example_dags/example_branch_labels.py
[2024-12-28T21:33:27.879+0000] {processor.py:925} INFO - DAG(s) 'example_branch_labels' retrieved from /home/airflow/.local/lib/python3.12/site-packages/airflow/example_dags/example_branch_labels.py
[2024-12-28T21:33:27.910+0000] {logging_mixin.py:190} INFO - [2024-12-28T21:33:27.910+0000] {dag.py:3239} INFO - Sync 1 DAGs
[2024-12-28T21:33:27.949+0000] {logging_mixin.py:190} INFO - [2024-12-28T21:33:27.949+0000] {dag.py:4180} INFO - Setting next_dagrun for example_branch_labels to 2024-12-27 00:00:00+00:00, run_after=2024-12-28 00:00:00+00:00
[2024-12-28T21:33:27.997+0000] {processor.py:208} INFO - Processing /home/airflow/.local/lib/python3.12/site-packages/airflow/example_dags/example_branch_labels.py took 0.148 seconds
[2024-12-28T21:33:59.442+0000] {processor.py:186} INFO - Started process (PID=3944) to work on /home/airflow/.local/lib/python3.12/site-packages/airflow/example_dags/example_branch_labels.py
[2024-12-28T21:33:59.444+0000] {processor.py:914} INFO - Processing file /home/airflow/.local/lib/python3.12/site-packages/airflow/example_dags/example_branch_labels.py for tasks to queue
[2024-12-28T21:33:59.450+0000] {logging_mixin.py:190} INFO - [2024-12-28T21:33:59.449+0000] {dagbag.py:588} INFO - Filling up the DagBag from /home/airflow/.local/lib/python3.12/site-packages/airflow/example_dags/example_branch_labels.py
[2024-12-28T21:33:59.472+0000] {processor.py:925} INFO - DAG(s) 'example_branch_labels' retrieved from /home/airflow/.local/lib/python3.12/site-packages/airflow/example_dags/example_branch_labels.py
[2024-12-28T21:33:59.512+0000] {logging_mixin.py:190} INFO - [2024-12-28T21:33:59.512+0000] {dag.py:3239} INFO - Sync 1 DAGs
[2024-12-28T21:33:59.560+0000] {logging_mixin.py:190} INFO - [2024-12-28T21:33:59.559+0000] {dag.py:4180} INFO - Setting next_dagrun for example_branch_labels to 2024-12-27 00:00:00+00:00, run_after=2024-12-28 00:00:00+00:00
[2024-12-28T21:33:59.597+0000] {processor.py:208} INFO - Processing /home/airflow/.local/lib/python3.12/site-packages/airflow/example_dags/example_branch_labels.py took 0.164 seconds
[2024-12-28T21:34:31.258+0000] {processor.py:186} INFO - Started process (PID=4013) to work on /home/airflow/.local/lib/python3.12/site-packages/airflow/example_dags/example_branch_labels.py
[2024-12-28T21:34:31.261+0000] {processor.py:914} INFO - Processing file /home/airflow/.local/lib/python3.12/site-packages/airflow/example_dags/example_branch_labels.py for tasks to queue
[2024-12-28T21:34:31.266+0000] {logging_mixin.py:190} INFO - [2024-12-28T21:34:31.266+0000] {dagbag.py:588} INFO - Filling up the DagBag from /home/airflow/.local/lib/python3.12/site-packages/airflow/example_dags/example_branch_labels.py
[2024-12-28T21:34:31.278+0000] {processor.py:925} INFO - DAG(s) 'example_branch_labels' retrieved from /home/airflow/.local/lib/python3.12/site-packages/airflow/example_dags/example_branch_labels.py
[2024-12-28T21:34:31.299+0000] {logging_mixin.py:190} INFO - [2024-12-28T21:34:31.298+0000] {dag.py:3239} INFO - Sync 1 DAGs
[2024-12-28T21:34:31.323+0000] {logging_mixin.py:190} INFO - [2024-12-28T21:34:31.322+0000] {dag.py:4180} INFO - Setting next_dagrun for example_branch_labels to 2024-12-27 00:00:00+00:00, run_after=2024-12-28 00:00:00+00:00
[2024-12-28T21:34:31.343+0000] {processor.py:208} INFO - Processing /home/airflow/.local/lib/python3.12/site-packages/airflow/example_dags/example_branch_labels.py took 0.100 seconds
[2024-12-28T21:35:01.911+0000] {processor.py:186} INFO - Started process (PID=4082) to work on /home/airflow/.local/lib/python3.12/site-packages/airflow/example_dags/example_branch_labels.py
[2024-12-28T21:35:01.913+0000] {processor.py:914} INFO - Processing file /home/airflow/.local/lib/python3.12/site-packages/airflow/example_dags/example_branch_labels.py for tasks to queue
[2024-12-28T21:35:01.915+0000] {logging_mixin.py:190} INFO - [2024-12-28T21:35:01.915+0000] {dagbag.py:588} INFO - Filling up the DagBag from /home/airflow/.local/lib/python3.12/site-packages/airflow/example_dags/example_branch_labels.py
[2024-12-28T21:35:01.936+0000] {processor.py:925} INFO - DAG(s) 'example_branch_labels' retrieved from /home/airflow/.local/lib/python3.12/site-packages/airflow/example_dags/example_branch_labels.py
[2024-12-28T21:35:01.971+0000] {logging_mixin.py:190} INFO - [2024-12-28T21:35:01.971+0000] {dag.py:3239} INFO - Sync 1 DAGs
[2024-12-28T21:35:01.999+0000] {logging_mixin.py:190} INFO - [2024-12-28T21:35:01.999+0000] {dag.py:4180} INFO - Setting next_dagrun for example_branch_labels to 2024-12-27 00:00:00+00:00, run_after=2024-12-28 00:00:00+00:00
[2024-12-28T21:35:02.015+0000] {processor.py:208} INFO - Processing /home/airflow/.local/lib/python3.12/site-packages/airflow/example_dags/example_branch_labels.py took 0.113 seconds
[2024-12-28T21:35:33.084+0000] {processor.py:186} INFO - Started process (PID=4149) to work on /home/airflow/.local/lib/python3.12/site-packages/airflow/example_dags/example_branch_labels.py
[2024-12-28T21:35:33.087+0000] {processor.py:914} INFO - Processing file /home/airflow/.local/lib/python3.12/site-packages/airflow/example_dags/example_branch_labels.py for tasks to queue
[2024-12-28T21:35:33.093+0000] {logging_mixin.py:190} INFO - [2024-12-28T21:35:33.092+0000] {dagbag.py:588} INFO - Filling up the DagBag from /home/airflow/.local/lib/python3.12/site-packages/airflow/example_dags/example_branch_labels.py
[2024-12-28T21:35:33.111+0000] {processor.py:925} INFO - DAG(s) 'example_branch_labels' retrieved from /home/airflow/.local/lib/python3.12/site-packages/airflow/example_dags/example_branch_labels.py
[2024-12-28T21:35:33.139+0000] {logging_mixin.py:190} INFO - [2024-12-28T21:35:33.138+0000] {dag.py:3239} INFO - Sync 1 DAGs
[2024-12-28T21:35:33.163+0000] {logging_mixin.py:190} INFO - [2024-12-28T21:35:33.163+0000] {dag.py:4180} INFO - Setting next_dagrun for example_branch_labels to 2024-12-27 00:00:00+00:00, run_after=2024-12-28 00:00:00+00:00
[2024-12-28T21:35:33.182+0000] {processor.py:208} INFO - Processing /home/airflow/.local/lib/python3.12/site-packages/airflow/example_dags/example_branch_labels.py took 0.112 seconds
[2024-12-28T21:36:03.802+0000] {processor.py:186} INFO - Started process (PID=4216) to work on /home/airflow/.local/lib/python3.12/site-packages/airflow/example_dags/example_branch_labels.py
[2024-12-28T21:36:03.804+0000] {processor.py:914} INFO - Processing file /home/airflow/.local/lib/python3.12/site-packages/airflow/example_dags/example_branch_labels.py for tasks to queue
[2024-12-28T21:36:03.807+0000] {logging_mixin.py:190} INFO - [2024-12-28T21:36:03.807+0000] {dagbag.py:588} INFO - Filling up the DagBag from /home/airflow/.local/lib/python3.12/site-packages/airflow/example_dags/example_branch_labels.py
[2024-12-28T21:36:03.819+0000] {processor.py:925} INFO - DAG(s) 'example_branch_labels' retrieved from /home/airflow/.local/lib/python3.12/site-packages/airflow/example_dags/example_branch_labels.py
[2024-12-28T21:36:03.848+0000] {logging_mixin.py:190} INFO - [2024-12-28T21:36:03.847+0000] {dag.py:3239} INFO - Sync 1 DAGs
[2024-12-28T21:36:03.873+0000] {logging_mixin.py:190} INFO - [2024-12-28T21:36:03.873+0000] {dag.py:4180} INFO - Setting next_dagrun for example_branch_labels to 2024-12-27 00:00:00+00:00, run_after=2024-12-28 00:00:00+00:00
[2024-12-28T21:36:03.897+0000] {processor.py:208} INFO - Processing /home/airflow/.local/lib/python3.12/site-packages/airflow/example_dags/example_branch_labels.py took 0.104 seconds
[2024-12-28T21:36:34.462+0000] {processor.py:186} INFO - Started process (PID=4285) to work on /home/airflow/.local/lib/python3.12/site-packages/airflow/example_dags/example_branch_labels.py
[2024-12-28T21:36:34.464+0000] {processor.py:914} INFO - Processing file /home/airflow/.local/lib/python3.12/site-packages/airflow/example_dags/example_branch_labels.py for tasks to queue
[2024-12-28T21:36:34.467+0000] {logging_mixin.py:190} INFO - [2024-12-28T21:36:34.466+0000] {dagbag.py:588} INFO - Filling up the DagBag from /home/airflow/.local/lib/python3.12/site-packages/airflow/example_dags/example_branch_labels.py
[2024-12-28T21:36:34.486+0000] {processor.py:925} INFO - DAG(s) 'example_branch_labels' retrieved from /home/airflow/.local/lib/python3.12/site-packages/airflow/example_dags/example_branch_labels.py
[2024-12-28T21:36:34.513+0000] {logging_mixin.py:190} INFO - [2024-12-28T21:36:34.513+0000] {dag.py:3239} INFO - Sync 1 DAGs
[2024-12-28T21:36:34.539+0000] {logging_mixin.py:190} INFO - [2024-12-28T21:36:34.539+0000] {dag.py:4180} INFO - Setting next_dagrun for example_branch_labels to 2024-12-27 00:00:00+00:00, run_after=2024-12-28 00:00:00+00:00
[2024-12-28T21:36:34.559+0000] {processor.py:208} INFO - Processing /home/airflow/.local/lib/python3.12/site-packages/airflow/example_dags/example_branch_labels.py took 0.105 seconds
