[2024-12-28T21:05:20.662+0000] {processor.py:186} INFO - Started process (PID=126) to work on /home/airflow/.local/lib/python3.12/site-packages/airflow/example_dags/example_branch_operator.py
[2024-12-28T21:05:20.664+0000] {processor.py:914} INFO - Processing file /home/airflow/.local/lib/python3.12/site-packages/airflow/example_dags/example_branch_operator.py for tasks to queue
[2024-12-28T21:05:20.668+0000] {logging_mixin.py:190} INFO - [2024-12-28T21:05:20.668+0000] {dagbag.py:588} INFO - Filling up the DagBag from /home/airflow/.local/lib/python3.12/site-packages/airflow/example_dags/example_branch_operator.py
[2024-12-28T21:05:20.705+0000] {processor.py:925} INFO - DAG(s) 'example_branch_operator' retrieved from /home/airflow/.local/lib/python3.12/site-packages/airflow/example_dags/example_branch_operator.py
[2024-12-28T21:05:20.881+0000] {logging_mixin.py:190} INFO - [2024-12-28T21:05:20.879+0000] {override.py:1911} INFO - Created Permission View: can edit on DAG:example_branch_operator
[2024-12-28T21:05:20.901+0000] {logging_mixin.py:190} INFO - [2024-12-28T21:05:20.901+0000] {override.py:1911} INFO - Created Permission View: can read on DAG:example_branch_operator
[2024-12-28T21:05:20.912+0000] {logging_mixin.py:190} INFO - [2024-12-28T21:05:20.911+0000] {override.py:1911} INFO - Created Permission View: can delete on DAG:example_branch_operator
[2024-12-28T21:05:20.924+0000] {logging_mixin.py:190} INFO - [2024-12-28T21:05:20.923+0000] {override.py:1911} INFO - Created Permission View: menu access on DAG Run:example_branch_operator
[2024-12-28T21:05:20.937+0000] {logging_mixin.py:190} INFO - [2024-12-28T21:05:20.937+0000] {override.py:1911} INFO - Created Permission View: can read on DAG Run:example_branch_operator
[2024-12-28T21:05:20.951+0000] {logging_mixin.py:190} INFO - [2024-12-28T21:05:20.950+0000] {override.py:1911} INFO - Created Permission View: can delete on DAG Run:example_branch_operator
[2024-12-28T21:05:20.963+0000] {logging_mixin.py:190} INFO - [2024-12-28T21:05:20.962+0000] {override.py:1911} INFO - Created Permission View: can create on DAG Run:example_branch_operator
[2024-12-28T21:05:20.976+0000] {logging_mixin.py:190} INFO - [2024-12-28T21:05:20.976+0000] {dag.py:3239} INFO - Sync 1 DAGs
[2024-12-28T21:05:21.002+0000] {logging_mixin.py:190} INFO - [2024-12-28T21:05:21.002+0000] {dag.py:3262} INFO - Creating ORM DAG for example_branch_operator
[2024-12-28T21:05:21.017+0000] {logging_mixin.py:190} INFO - [2024-12-28T21:05:21.017+0000] {dag.py:4180} INFO - Setting next_dagrun for example_branch_operator to 2024-12-27 00:00:00+00:00, run_after=2024-12-28 00:00:00+00:00
[2024-12-28T21:05:21.050+0000] {processor.py:208} INFO - Processing /home/airflow/.local/lib/python3.12/site-packages/airflow/example_dags/example_branch_operator.py took 0.393 seconds
[2024-12-28T21:05:51.799+0000] {processor.py:186} INFO - Started process (PID=195) to work on /home/airflow/.local/lib/python3.12/site-packages/airflow/example_dags/example_branch_operator.py
[2024-12-28T21:05:51.801+0000] {processor.py:914} INFO - Processing file /home/airflow/.local/lib/python3.12/site-packages/airflow/example_dags/example_branch_operator.py for tasks to queue
[2024-12-28T21:05:51.803+0000] {logging_mixin.py:190} INFO - [2024-12-28T21:05:51.803+0000] {dagbag.py:588} INFO - Filling up the DagBag from /home/airflow/.local/lib/python3.12/site-packages/airflow/example_dags/example_branch_operator.py
[2024-12-28T21:05:51.819+0000] {processor.py:925} INFO - DAG(s) 'example_branch_operator' retrieved from /home/airflow/.local/lib/python3.12/site-packages/airflow/example_dags/example_branch_operator.py
[2024-12-28T21:05:51.844+0000] {logging_mixin.py:190} INFO - [2024-12-28T21:05:51.844+0000] {dag.py:3239} INFO - Sync 1 DAGs
[2024-12-28T21:05:51.865+0000] {logging_mixin.py:190} INFO - [2024-12-28T21:05:51.864+0000] {dag.py:4180} INFO - Setting next_dagrun for example_branch_operator to 2024-12-27 00:00:00+00:00, run_after=2024-12-28 00:00:00+00:00
[2024-12-28T21:05:51.886+0000] {processor.py:208} INFO - Processing /home/airflow/.local/lib/python3.12/site-packages/airflow/example_dags/example_branch_operator.py took 0.095 seconds
[2024-12-28T21:06:22.673+0000] {processor.py:186} INFO - Started process (PID=264) to work on /home/airflow/.local/lib/python3.12/site-packages/airflow/example_dags/example_branch_operator.py
[2024-12-28T21:06:22.676+0000] {processor.py:914} INFO - Processing file /home/airflow/.local/lib/python3.12/site-packages/airflow/example_dags/example_branch_operator.py for tasks to queue
[2024-12-28T21:06:22.680+0000] {logging_mixin.py:190} INFO - [2024-12-28T21:06:22.680+0000] {dagbag.py:588} INFO - Filling up the DagBag from /home/airflow/.local/lib/python3.12/site-packages/airflow/example_dags/example_branch_operator.py
[2024-12-28T21:06:22.707+0000] {processor.py:925} INFO - DAG(s) 'example_branch_operator' retrieved from /home/airflow/.local/lib/python3.12/site-packages/airflow/example_dags/example_branch_operator.py
[2024-12-28T21:06:22.763+0000] {logging_mixin.py:190} INFO - [2024-12-28T21:06:22.762+0000] {dag.py:3239} INFO - Sync 1 DAGs
[2024-12-28T21:06:22.787+0000] {logging_mixin.py:190} INFO - [2024-12-28T21:06:22.787+0000] {dag.py:4180} INFO - Setting next_dagrun for example_branch_operator to 2024-12-27 00:00:00+00:00, run_after=2024-12-28 00:00:00+00:00
[2024-12-28T21:06:22.808+0000] {processor.py:208} INFO - Processing /home/airflow/.local/lib/python3.12/site-packages/airflow/example_dags/example_branch_operator.py took 0.148 seconds
[2024-12-28T21:06:54.457+0000] {processor.py:186} INFO - Started process (PID=333) to work on /home/airflow/.local/lib/python3.12/site-packages/airflow/example_dags/example_branch_operator.py
[2024-12-28T21:06:54.460+0000] {processor.py:914} INFO - Processing file /home/airflow/.local/lib/python3.12/site-packages/airflow/example_dags/example_branch_operator.py for tasks to queue
[2024-12-28T21:06:54.470+0000] {logging_mixin.py:190} INFO - [2024-12-28T21:06:54.469+0000] {dagbag.py:588} INFO - Filling up the DagBag from /home/airflow/.local/lib/python3.12/site-packages/airflow/example_dags/example_branch_operator.py
[2024-12-28T21:06:54.491+0000] {processor.py:925} INFO - DAG(s) 'example_branch_operator' retrieved from /home/airflow/.local/lib/python3.12/site-packages/airflow/example_dags/example_branch_operator.py
[2024-12-28T21:06:54.547+0000] {logging_mixin.py:190} INFO - [2024-12-28T21:06:54.547+0000] {dag.py:3239} INFO - Sync 1 DAGs
[2024-12-28T21:06:54.581+0000] {logging_mixin.py:190} INFO - [2024-12-28T21:06:54.581+0000] {dag.py:4180} INFO - Setting next_dagrun for example_branch_operator to 2024-12-27 00:00:00+00:00, run_after=2024-12-28 00:00:00+00:00
[2024-12-28T21:06:54.600+0000] {processor.py:208} INFO - Processing /home/airflow/.local/lib/python3.12/site-packages/airflow/example_dags/example_branch_operator.py took 0.153 seconds
[2024-12-28T21:07:25.519+0000] {processor.py:186} INFO - Started process (PID=402) to work on /home/airflow/.local/lib/python3.12/site-packages/airflow/example_dags/example_branch_operator.py
[2024-12-28T21:07:25.521+0000] {processor.py:914} INFO - Processing file /home/airflow/.local/lib/python3.12/site-packages/airflow/example_dags/example_branch_operator.py for tasks to queue
[2024-12-28T21:07:25.526+0000] {logging_mixin.py:190} INFO - [2024-12-28T21:07:25.525+0000] {dagbag.py:588} INFO - Filling up the DagBag from /home/airflow/.local/lib/python3.12/site-packages/airflow/example_dags/example_branch_operator.py
[2024-12-28T21:07:25.559+0000] {processor.py:925} INFO - DAG(s) 'example_branch_operator' retrieved from /home/airflow/.local/lib/python3.12/site-packages/airflow/example_dags/example_branch_operator.py
[2024-12-28T21:07:25.609+0000] {logging_mixin.py:190} INFO - [2024-12-28T21:07:25.609+0000] {dag.py:3239} INFO - Sync 1 DAGs
[2024-12-28T21:07:25.651+0000] {logging_mixin.py:190} INFO - [2024-12-28T21:07:25.651+0000] {dag.py:4180} INFO - Setting next_dagrun for example_branch_operator to 2024-12-27 00:00:00+00:00, run_after=2024-12-28 00:00:00+00:00
[2024-12-28T21:07:25.694+0000] {processor.py:208} INFO - Processing /home/airflow/.local/lib/python3.12/site-packages/airflow/example_dags/example_branch_operator.py took 0.186 seconds
[2024-12-28T21:07:58.237+0000] {processor.py:186} INFO - Started process (PID=472) to work on /home/airflow/.local/lib/python3.12/site-packages/airflow/example_dags/example_branch_operator.py
[2024-12-28T21:07:58.239+0000] {processor.py:914} INFO - Processing file /home/airflow/.local/lib/python3.12/site-packages/airflow/example_dags/example_branch_operator.py for tasks to queue
[2024-12-28T21:07:58.242+0000] {logging_mixin.py:190} INFO - [2024-12-28T21:07:58.242+0000] {dagbag.py:588} INFO - Filling up the DagBag from /home/airflow/.local/lib/python3.12/site-packages/airflow/example_dags/example_branch_operator.py
[2024-12-28T21:07:58.263+0000] {processor.py:925} INFO - DAG(s) 'example_branch_operator' retrieved from /home/airflow/.local/lib/python3.12/site-packages/airflow/example_dags/example_branch_operator.py
[2024-12-28T21:07:58.310+0000] {logging_mixin.py:190} INFO - [2024-12-28T21:07:58.309+0000] {dag.py:3239} INFO - Sync 1 DAGs
[2024-12-28T21:07:58.364+0000] {logging_mixin.py:190} INFO - [2024-12-28T21:07:58.363+0000] {dag.py:4180} INFO - Setting next_dagrun for example_branch_operator to 2024-12-27 00:00:00+00:00, run_after=2024-12-28 00:00:00+00:00
[2024-12-28T21:07:58.402+0000] {processor.py:208} INFO - Processing /home/airflow/.local/lib/python3.12/site-packages/airflow/example_dags/example_branch_operator.py took 0.170 seconds
[2024-12-28T21:08:28.683+0000] {processor.py:186} INFO - Started process (PID=541) to work on /home/airflow/.local/lib/python3.12/site-packages/airflow/example_dags/example_branch_operator.py
[2024-12-28T21:08:28.685+0000] {processor.py:914} INFO - Processing file /home/airflow/.local/lib/python3.12/site-packages/airflow/example_dags/example_branch_operator.py for tasks to queue
[2024-12-28T21:08:28.688+0000] {logging_mixin.py:190} INFO - [2024-12-28T21:08:28.688+0000] {dagbag.py:588} INFO - Filling up the DagBag from /home/airflow/.local/lib/python3.12/site-packages/airflow/example_dags/example_branch_operator.py
[2024-12-28T21:08:28.706+0000] {processor.py:925} INFO - DAG(s) 'example_branch_operator' retrieved from /home/airflow/.local/lib/python3.12/site-packages/airflow/example_dags/example_branch_operator.py
[2024-12-28T21:08:28.739+0000] {logging_mixin.py:190} INFO - [2024-12-28T21:08:28.739+0000] {dag.py:3239} INFO - Sync 1 DAGs
[2024-12-28T21:08:28.763+0000] {logging_mixin.py:190} INFO - [2024-12-28T21:08:28.763+0000] {dag.py:4180} INFO - Setting next_dagrun for example_branch_operator to 2024-12-27 00:00:00+00:00, run_after=2024-12-28 00:00:00+00:00
[2024-12-28T21:08:28.783+0000] {processor.py:208} INFO - Processing /home/airflow/.local/lib/python3.12/site-packages/airflow/example_dags/example_branch_operator.py took 0.106 seconds
[2024-12-28T21:09:00.430+0000] {processor.py:186} INFO - Started process (PID=611) to work on /home/airflow/.local/lib/python3.12/site-packages/airflow/example_dags/example_branch_operator.py
[2024-12-28T21:09:00.432+0000] {processor.py:914} INFO - Processing file /home/airflow/.local/lib/python3.12/site-packages/airflow/example_dags/example_branch_operator.py for tasks to queue
[2024-12-28T21:09:00.437+0000] {logging_mixin.py:190} INFO - [2024-12-28T21:09:00.437+0000] {dagbag.py:588} INFO - Filling up the DagBag from /home/airflow/.local/lib/python3.12/site-packages/airflow/example_dags/example_branch_operator.py
[2024-12-28T21:09:00.459+0000] {processor.py:925} INFO - DAG(s) 'example_branch_operator' retrieved from /home/airflow/.local/lib/python3.12/site-packages/airflow/example_dags/example_branch_operator.py
[2024-12-28T21:09:00.488+0000] {logging_mixin.py:190} INFO - [2024-12-28T21:09:00.487+0000] {dag.py:3239} INFO - Sync 1 DAGs
[2024-12-28T21:09:00.510+0000] {logging_mixin.py:190} INFO - [2024-12-28T21:09:00.510+0000] {dag.py:4180} INFO - Setting next_dagrun for example_branch_operator to 2024-12-27 00:00:00+00:00, run_after=2024-12-28 00:00:00+00:00
[2024-12-28T21:09:00.547+0000] {processor.py:208} INFO - Processing /home/airflow/.local/lib/python3.12/site-packages/airflow/example_dags/example_branch_operator.py took 0.130 seconds
[2024-12-28T21:09:32.218+0000] {processor.py:186} INFO - Started process (PID=680) to work on /home/airflow/.local/lib/python3.12/site-packages/airflow/example_dags/example_branch_operator.py
[2024-12-28T21:09:32.220+0000] {processor.py:914} INFO - Processing file /home/airflow/.local/lib/python3.12/site-packages/airflow/example_dags/example_branch_operator.py for tasks to queue
[2024-12-28T21:09:32.223+0000] {logging_mixin.py:190} INFO - [2024-12-28T21:09:32.223+0000] {dagbag.py:588} INFO - Filling up the DagBag from /home/airflow/.local/lib/python3.12/site-packages/airflow/example_dags/example_branch_operator.py
[2024-12-28T21:09:32.241+0000] {processor.py:925} INFO - DAG(s) 'example_branch_operator' retrieved from /home/airflow/.local/lib/python3.12/site-packages/airflow/example_dags/example_branch_operator.py
[2024-12-28T21:09:32.270+0000] {logging_mixin.py:190} INFO - [2024-12-28T21:09:32.269+0000] {dag.py:3239} INFO - Sync 1 DAGs
[2024-12-28T21:09:32.298+0000] {logging_mixin.py:190} INFO - [2024-12-28T21:09:32.298+0000] {dag.py:4180} INFO - Setting next_dagrun for example_branch_operator to 2024-12-27 00:00:00+00:00, run_after=2024-12-28 00:00:00+00:00
[2024-12-28T21:09:32.338+0000] {processor.py:208} INFO - Processing /home/airflow/.local/lib/python3.12/site-packages/airflow/example_dags/example_branch_operator.py took 0.128 seconds
[2024-12-28T21:10:03.541+0000] {processor.py:186} INFO - Started process (PID=749) to work on /home/airflow/.local/lib/python3.12/site-packages/airflow/example_dags/example_branch_operator.py
[2024-12-28T21:10:03.543+0000] {processor.py:914} INFO - Processing file /home/airflow/.local/lib/python3.12/site-packages/airflow/example_dags/example_branch_operator.py for tasks to queue
[2024-12-28T21:10:03.545+0000] {logging_mixin.py:190} INFO - [2024-12-28T21:10:03.545+0000] {dagbag.py:588} INFO - Filling up the DagBag from /home/airflow/.local/lib/python3.12/site-packages/airflow/example_dags/example_branch_operator.py
[2024-12-28T21:10:03.563+0000] {processor.py:925} INFO - DAG(s) 'example_branch_operator' retrieved from /home/airflow/.local/lib/python3.12/site-packages/airflow/example_dags/example_branch_operator.py
[2024-12-28T21:10:03.592+0000] {logging_mixin.py:190} INFO - [2024-12-28T21:10:03.592+0000] {dag.py:3239} INFO - Sync 1 DAGs
[2024-12-28T21:10:03.628+0000] {logging_mixin.py:190} INFO - [2024-12-28T21:10:03.628+0000] {dag.py:4180} INFO - Setting next_dagrun for example_branch_operator to 2024-12-27 00:00:00+00:00, run_after=2024-12-28 00:00:00+00:00
[2024-12-28T21:10:03.655+0000] {processor.py:208} INFO - Processing /home/airflow/.local/lib/python3.12/site-packages/airflow/example_dags/example_branch_operator.py took 0.119 seconds
[2024-12-28T21:10:34.939+0000] {processor.py:186} INFO - Started process (PID=818) to work on /home/airflow/.local/lib/python3.12/site-packages/airflow/example_dags/example_branch_operator.py
[2024-12-28T21:10:34.942+0000] {processor.py:914} INFO - Processing file /home/airflow/.local/lib/python3.12/site-packages/airflow/example_dags/example_branch_operator.py for tasks to queue
[2024-12-28T21:10:34.947+0000] {logging_mixin.py:190} INFO - [2024-12-28T21:10:34.946+0000] {dagbag.py:588} INFO - Filling up the DagBag from /home/airflow/.local/lib/python3.12/site-packages/airflow/example_dags/example_branch_operator.py
[2024-12-28T21:10:34.993+0000] {processor.py:925} INFO - DAG(s) 'example_branch_operator' retrieved from /home/airflow/.local/lib/python3.12/site-packages/airflow/example_dags/example_branch_operator.py
[2024-12-28T21:10:35.032+0000] {logging_mixin.py:190} INFO - [2024-12-28T21:10:35.031+0000] {dag.py:3239} INFO - Sync 1 DAGs
[2024-12-28T21:10:35.064+0000] {logging_mixin.py:190} INFO - [2024-12-28T21:10:35.063+0000] {dag.py:4180} INFO - Setting next_dagrun for example_branch_operator to 2024-12-27 00:00:00+00:00, run_after=2024-12-28 00:00:00+00:00
[2024-12-28T21:10:35.086+0000] {processor.py:208} INFO - Processing /home/airflow/.local/lib/python3.12/site-packages/airflow/example_dags/example_branch_operator.py took 0.154 seconds
[2024-12-28T21:11:06.489+0000] {processor.py:186} INFO - Started process (PID=887) to work on /home/airflow/.local/lib/python3.12/site-packages/airflow/example_dags/example_branch_operator.py
[2024-12-28T21:11:06.492+0000] {processor.py:914} INFO - Processing file /home/airflow/.local/lib/python3.12/site-packages/airflow/example_dags/example_branch_operator.py for tasks to queue
[2024-12-28T21:11:06.496+0000] {logging_mixin.py:190} INFO - [2024-12-28T21:11:06.495+0000] {dagbag.py:588} INFO - Filling up the DagBag from /home/airflow/.local/lib/python3.12/site-packages/airflow/example_dags/example_branch_operator.py
[2024-12-28T21:11:06.526+0000] {processor.py:925} INFO - DAG(s) 'example_branch_operator' retrieved from /home/airflow/.local/lib/python3.12/site-packages/airflow/example_dags/example_branch_operator.py
[2024-12-28T21:11:06.559+0000] {logging_mixin.py:190} INFO - [2024-12-28T21:11:06.559+0000] {dag.py:3239} INFO - Sync 1 DAGs
[2024-12-28T21:11:06.588+0000] {logging_mixin.py:190} INFO - [2024-12-28T21:11:06.587+0000] {dag.py:4180} INFO - Setting next_dagrun for example_branch_operator to 2024-12-27 00:00:00+00:00, run_after=2024-12-28 00:00:00+00:00
[2024-12-28T21:11:06.604+0000] {processor.py:208} INFO - Processing /home/airflow/.local/lib/python3.12/site-packages/airflow/example_dags/example_branch_operator.py took 0.122 seconds
[2024-12-28T21:11:37.577+0000] {processor.py:186} INFO - Started process (PID=956) to work on /home/airflow/.local/lib/python3.12/site-packages/airflow/example_dags/example_branch_operator.py
[2024-12-28T21:11:37.580+0000] {processor.py:914} INFO - Processing file /home/airflow/.local/lib/python3.12/site-packages/airflow/example_dags/example_branch_operator.py for tasks to queue
[2024-12-28T21:11:37.584+0000] {logging_mixin.py:190} INFO - [2024-12-28T21:11:37.584+0000] {dagbag.py:588} INFO - Filling up the DagBag from /home/airflow/.local/lib/python3.12/site-packages/airflow/example_dags/example_branch_operator.py
[2024-12-28T21:11:37.612+0000] {processor.py:925} INFO - DAG(s) 'example_branch_operator' retrieved from /home/airflow/.local/lib/python3.12/site-packages/airflow/example_dags/example_branch_operator.py
[2024-12-28T21:11:37.645+0000] {logging_mixin.py:190} INFO - [2024-12-28T21:11:37.644+0000] {dag.py:3239} INFO - Sync 1 DAGs
[2024-12-28T21:11:37.674+0000] {logging_mixin.py:190} INFO - [2024-12-28T21:11:37.674+0000] {dag.py:4180} INFO - Setting next_dagrun for example_branch_operator to 2024-12-27 00:00:00+00:00, run_after=2024-12-28 00:00:00+00:00
[2024-12-28T21:11:37.697+0000] {processor.py:208} INFO - Processing /home/airflow/.local/lib/python3.12/site-packages/airflow/example_dags/example_branch_operator.py took 0.128 seconds
[2024-12-28T21:12:08.888+0000] {processor.py:186} INFO - Started process (PID=1025) to work on /home/airflow/.local/lib/python3.12/site-packages/airflow/example_dags/example_branch_operator.py
[2024-12-28T21:12:08.889+0000] {processor.py:914} INFO - Processing file /home/airflow/.local/lib/python3.12/site-packages/airflow/example_dags/example_branch_operator.py for tasks to queue
[2024-12-28T21:12:08.893+0000] {logging_mixin.py:190} INFO - [2024-12-28T21:12:08.892+0000] {dagbag.py:588} INFO - Filling up the DagBag from /home/airflow/.local/lib/python3.12/site-packages/airflow/example_dags/example_branch_operator.py
[2024-12-28T21:12:08.924+0000] {processor.py:925} INFO - DAG(s) 'example_branch_operator' retrieved from /home/airflow/.local/lib/python3.12/site-packages/airflow/example_dags/example_branch_operator.py
[2024-12-28T21:12:08.964+0000] {logging_mixin.py:190} INFO - [2024-12-28T21:12:08.964+0000] {dag.py:3239} INFO - Sync 1 DAGs
[2024-12-28T21:12:08.989+0000] {logging_mixin.py:190} INFO - [2024-12-28T21:12:08.988+0000] {dag.py:4180} INFO - Setting next_dagrun for example_branch_operator to 2024-12-27 00:00:00+00:00, run_after=2024-12-28 00:00:00+00:00
[2024-12-28T21:12:09.013+0000] {processor.py:208} INFO - Processing /home/airflow/.local/lib/python3.12/site-packages/airflow/example_dags/example_branch_operator.py took 0.132 seconds
[2024-12-28T21:12:40.283+0000] {processor.py:186} INFO - Started process (PID=1094) to work on /home/airflow/.local/lib/python3.12/site-packages/airflow/example_dags/example_branch_operator.py
[2024-12-28T21:12:40.286+0000] {processor.py:914} INFO - Processing file /home/airflow/.local/lib/python3.12/site-packages/airflow/example_dags/example_branch_operator.py for tasks to queue
[2024-12-28T21:12:40.291+0000] {logging_mixin.py:190} INFO - [2024-12-28T21:12:40.290+0000] {dagbag.py:588} INFO - Filling up the DagBag from /home/airflow/.local/lib/python3.12/site-packages/airflow/example_dags/example_branch_operator.py
[2024-12-28T21:12:40.315+0000] {processor.py:925} INFO - DAG(s) 'example_branch_operator' retrieved from /home/airflow/.local/lib/python3.12/site-packages/airflow/example_dags/example_branch_operator.py
[2024-12-28T21:12:40.345+0000] {logging_mixin.py:190} INFO - [2024-12-28T21:12:40.345+0000] {dag.py:3239} INFO - Sync 1 DAGs
[2024-12-28T21:12:40.366+0000] {logging_mixin.py:190} INFO - [2024-12-28T21:12:40.365+0000] {dag.py:4180} INFO - Setting next_dagrun for example_branch_operator to 2024-12-27 00:00:00+00:00, run_after=2024-12-28 00:00:00+00:00
[2024-12-28T21:12:40.401+0000] {processor.py:208} INFO - Processing /home/airflow/.local/lib/python3.12/site-packages/airflow/example_dags/example_branch_operator.py took 0.131 seconds
[2024-12-28T21:13:11.542+0000] {processor.py:186} INFO - Started process (PID=1163) to work on /home/airflow/.local/lib/python3.12/site-packages/airflow/example_dags/example_branch_operator.py
[2024-12-28T21:13:11.545+0000] {processor.py:914} INFO - Processing file /home/airflow/.local/lib/python3.12/site-packages/airflow/example_dags/example_branch_operator.py for tasks to queue
[2024-12-28T21:13:11.551+0000] {logging_mixin.py:190} INFO - [2024-12-28T21:13:11.550+0000] {dagbag.py:588} INFO - Filling up the DagBag from /home/airflow/.local/lib/python3.12/site-packages/airflow/example_dags/example_branch_operator.py
[2024-12-28T21:13:11.579+0000] {processor.py:925} INFO - DAG(s) 'example_branch_operator' retrieved from /home/airflow/.local/lib/python3.12/site-packages/airflow/example_dags/example_branch_operator.py
[2024-12-28T21:13:11.618+0000] {logging_mixin.py:190} INFO - [2024-12-28T21:13:11.617+0000] {dag.py:3239} INFO - Sync 1 DAGs
[2024-12-28T21:13:11.645+0000] {logging_mixin.py:190} INFO - [2024-12-28T21:13:11.645+0000] {dag.py:4180} INFO - Setting next_dagrun for example_branch_operator to 2024-12-27 00:00:00+00:00, run_after=2024-12-28 00:00:00+00:00
[2024-12-28T21:13:11.669+0000] {processor.py:208} INFO - Processing /home/airflow/.local/lib/python3.12/site-packages/airflow/example_dags/example_branch_operator.py took 0.139 seconds
[2024-12-28T21:13:43.245+0000] {processor.py:186} INFO - Started process (PID=1238) to work on /home/airflow/.local/lib/python3.12/site-packages/airflow/example_dags/example_branch_operator.py
[2024-12-28T21:13:43.247+0000] {processor.py:914} INFO - Processing file /home/airflow/.local/lib/python3.12/site-packages/airflow/example_dags/example_branch_operator.py for tasks to queue
[2024-12-28T21:13:43.251+0000] {logging_mixin.py:190} INFO - [2024-12-28T21:13:43.251+0000] {dagbag.py:588} INFO - Filling up the DagBag from /home/airflow/.local/lib/python3.12/site-packages/airflow/example_dags/example_branch_operator.py
[2024-12-28T21:13:43.280+0000] {processor.py:925} INFO - DAG(s) 'example_branch_operator' retrieved from /home/airflow/.local/lib/python3.12/site-packages/airflow/example_dags/example_branch_operator.py
[2024-12-28T21:13:43.318+0000] {logging_mixin.py:190} INFO - [2024-12-28T21:13:43.318+0000] {dag.py:3239} INFO - Sync 1 DAGs
[2024-12-28T21:13:43.368+0000] {logging_mixin.py:190} INFO - [2024-12-28T21:13:43.368+0000] {dag.py:4180} INFO - Setting next_dagrun for example_branch_operator to 2024-12-27 00:00:00+00:00, run_after=2024-12-28 00:00:00+00:00
[2024-12-28T21:13:43.393+0000] {processor.py:208} INFO - Processing /home/airflow/.local/lib/python3.12/site-packages/airflow/example_dags/example_branch_operator.py took 0.162 seconds
[2024-12-28T21:14:14.792+0000] {processor.py:186} INFO - Started process (PID=1307) to work on /home/airflow/.local/lib/python3.12/site-packages/airflow/example_dags/example_branch_operator.py
[2024-12-28T21:14:14.794+0000] {processor.py:914} INFO - Processing file /home/airflow/.local/lib/python3.12/site-packages/airflow/example_dags/example_branch_operator.py for tasks to queue
[2024-12-28T21:14:14.799+0000] {logging_mixin.py:190} INFO - [2024-12-28T21:14:14.798+0000] {dagbag.py:588} INFO - Filling up the DagBag from /home/airflow/.local/lib/python3.12/site-packages/airflow/example_dags/example_branch_operator.py
[2024-12-28T21:14:14.824+0000] {processor.py:925} INFO - DAG(s) 'example_branch_operator' retrieved from /home/airflow/.local/lib/python3.12/site-packages/airflow/example_dags/example_branch_operator.py
[2024-12-28T21:14:14.878+0000] {logging_mixin.py:190} INFO - [2024-12-28T21:14:14.877+0000] {dag.py:3239} INFO - Sync 1 DAGs
[2024-12-28T21:14:14.971+0000] {logging_mixin.py:190} INFO - [2024-12-28T21:14:14.970+0000] {dag.py:4180} INFO - Setting next_dagrun for example_branch_operator to 2024-12-27 00:00:00+00:00, run_after=2024-12-28 00:00:00+00:00
[2024-12-28T21:14:15.004+0000] {processor.py:208} INFO - Processing /home/airflow/.local/lib/python3.12/site-packages/airflow/example_dags/example_branch_operator.py took 0.228 seconds
[2024-12-28T21:14:45.956+0000] {processor.py:186} INFO - Started process (PID=1376) to work on /home/airflow/.local/lib/python3.12/site-packages/airflow/example_dags/example_branch_operator.py
[2024-12-28T21:14:45.959+0000] {processor.py:914} INFO - Processing file /home/airflow/.local/lib/python3.12/site-packages/airflow/example_dags/example_branch_operator.py for tasks to queue
[2024-12-28T21:14:45.964+0000] {logging_mixin.py:190} INFO - [2024-12-28T21:14:45.963+0000] {dagbag.py:588} INFO - Filling up the DagBag from /home/airflow/.local/lib/python3.12/site-packages/airflow/example_dags/example_branch_operator.py
[2024-12-28T21:14:45.989+0000] {processor.py:925} INFO - DAG(s) 'example_branch_operator' retrieved from /home/airflow/.local/lib/python3.12/site-packages/airflow/example_dags/example_branch_operator.py
[2024-12-28T21:14:46.028+0000] {logging_mixin.py:190} INFO - [2024-12-28T21:14:46.027+0000] {dag.py:3239} INFO - Sync 1 DAGs
[2024-12-28T21:14:46.059+0000] {logging_mixin.py:190} INFO - [2024-12-28T21:14:46.059+0000] {dag.py:4180} INFO - Setting next_dagrun for example_branch_operator to 2024-12-27 00:00:00+00:00, run_after=2024-12-28 00:00:00+00:00
[2024-12-28T21:14:46.088+0000] {processor.py:208} INFO - Processing /home/airflow/.local/lib/python3.12/site-packages/airflow/example_dags/example_branch_operator.py took 0.142 seconds
[2024-12-28T21:15:17.174+0000] {processor.py:186} INFO - Started process (PID=1445) to work on /home/airflow/.local/lib/python3.12/site-packages/airflow/example_dags/example_branch_operator.py
[2024-12-28T21:15:17.179+0000] {processor.py:914} INFO - Processing file /home/airflow/.local/lib/python3.12/site-packages/airflow/example_dags/example_branch_operator.py for tasks to queue
[2024-12-28T21:15:17.188+0000] {logging_mixin.py:190} INFO - [2024-12-28T21:15:17.187+0000] {dagbag.py:588} INFO - Filling up the DagBag from /home/airflow/.local/lib/python3.12/site-packages/airflow/example_dags/example_branch_operator.py
[2024-12-28T21:15:17.238+0000] {processor.py:925} INFO - DAG(s) 'example_branch_operator' retrieved from /home/airflow/.local/lib/python3.12/site-packages/airflow/example_dags/example_branch_operator.py
[2024-12-28T21:15:17.297+0000] {logging_mixin.py:190} INFO - [2024-12-28T21:15:17.297+0000] {dag.py:3239} INFO - Sync 1 DAGs
[2024-12-28T21:15:17.336+0000] {logging_mixin.py:190} INFO - [2024-12-28T21:15:17.335+0000] {dag.py:4180} INFO - Setting next_dagrun for example_branch_operator to 2024-12-27 00:00:00+00:00, run_after=2024-12-28 00:00:00+00:00
[2024-12-28T21:15:17.365+0000] {processor.py:208} INFO - Processing /home/airflow/.local/lib/python3.12/site-packages/airflow/example_dags/example_branch_operator.py took 0.207 seconds
[2024-12-28T21:15:48.647+0000] {processor.py:186} INFO - Started process (PID=1514) to work on /home/airflow/.local/lib/python3.12/site-packages/airflow/example_dags/example_branch_operator.py
[2024-12-28T21:15:48.649+0000] {processor.py:914} INFO - Processing file /home/airflow/.local/lib/python3.12/site-packages/airflow/example_dags/example_branch_operator.py for tasks to queue
[2024-12-28T21:15:48.653+0000] {logging_mixin.py:190} INFO - [2024-12-28T21:15:48.653+0000] {dagbag.py:588} INFO - Filling up the DagBag from /home/airflow/.local/lib/python3.12/site-packages/airflow/example_dags/example_branch_operator.py
[2024-12-28T21:15:48.680+0000] {processor.py:925} INFO - DAG(s) 'example_branch_operator' retrieved from /home/airflow/.local/lib/python3.12/site-packages/airflow/example_dags/example_branch_operator.py
[2024-12-28T21:15:48.719+0000] {logging_mixin.py:190} INFO - [2024-12-28T21:15:48.718+0000] {dag.py:3239} INFO - Sync 1 DAGs
[2024-12-28T21:15:48.756+0000] {logging_mixin.py:190} INFO - [2024-12-28T21:15:48.756+0000] {dag.py:4180} INFO - Setting next_dagrun for example_branch_operator to 2024-12-27 00:00:00+00:00, run_after=2024-12-28 00:00:00+00:00
[2024-12-28T21:15:48.784+0000] {processor.py:208} INFO - Processing /home/airflow/.local/lib/python3.12/site-packages/airflow/example_dags/example_branch_operator.py took 0.149 seconds
[2024-12-28T21:16:19.942+0000] {processor.py:186} INFO - Started process (PID=1583) to work on /home/airflow/.local/lib/python3.12/site-packages/airflow/example_dags/example_branch_operator.py
[2024-12-28T21:16:19.945+0000] {processor.py:914} INFO - Processing file /home/airflow/.local/lib/python3.12/site-packages/airflow/example_dags/example_branch_operator.py for tasks to queue
[2024-12-28T21:16:19.951+0000] {logging_mixin.py:190} INFO - [2024-12-28T21:16:19.950+0000] {dagbag.py:588} INFO - Filling up the DagBag from /home/airflow/.local/lib/python3.12/site-packages/airflow/example_dags/example_branch_operator.py
[2024-12-28T21:16:19.989+0000] {processor.py:925} INFO - DAG(s) 'example_branch_operator' retrieved from /home/airflow/.local/lib/python3.12/site-packages/airflow/example_dags/example_branch_operator.py
[2024-12-28T21:16:20.037+0000] {logging_mixin.py:190} INFO - [2024-12-28T21:16:20.037+0000] {dag.py:3239} INFO - Sync 1 DAGs
[2024-12-28T21:16:20.065+0000] {logging_mixin.py:190} INFO - [2024-12-28T21:16:20.065+0000] {dag.py:4180} INFO - Setting next_dagrun for example_branch_operator to 2024-12-27 00:00:00+00:00, run_after=2024-12-28 00:00:00+00:00
[2024-12-28T21:16:20.090+0000] {processor.py:208} INFO - Processing /home/airflow/.local/lib/python3.12/site-packages/airflow/example_dags/example_branch_operator.py took 0.162 seconds
[2024-12-28T21:16:51.248+0000] {processor.py:186} INFO - Started process (PID=1652) to work on /home/airflow/.local/lib/python3.12/site-packages/airflow/example_dags/example_branch_operator.py
[2024-12-28T21:16:51.252+0000] {processor.py:914} INFO - Processing file /home/airflow/.local/lib/python3.12/site-packages/airflow/example_dags/example_branch_operator.py for tasks to queue
[2024-12-28T21:16:51.255+0000] {logging_mixin.py:190} INFO - [2024-12-28T21:16:51.255+0000] {dagbag.py:588} INFO - Filling up the DagBag from /home/airflow/.local/lib/python3.12/site-packages/airflow/example_dags/example_branch_operator.py
[2024-12-28T21:16:51.281+0000] {processor.py:925} INFO - DAG(s) 'example_branch_operator' retrieved from /home/airflow/.local/lib/python3.12/site-packages/airflow/example_dags/example_branch_operator.py
[2024-12-28T21:16:51.310+0000] {logging_mixin.py:190} INFO - [2024-12-28T21:16:51.310+0000] {dag.py:3239} INFO - Sync 1 DAGs
[2024-12-28T21:16:51.345+0000] {logging_mixin.py:190} INFO - [2024-12-28T21:16:51.344+0000] {dag.py:4180} INFO - Setting next_dagrun for example_branch_operator to 2024-12-27 00:00:00+00:00, run_after=2024-12-28 00:00:00+00:00
[2024-12-28T21:16:51.367+0000] {processor.py:208} INFO - Processing /home/airflow/.local/lib/python3.12/site-packages/airflow/example_dags/example_branch_operator.py took 0.137 seconds
[2024-12-28T21:17:22.370+0000] {processor.py:186} INFO - Started process (PID=1721) to work on /home/airflow/.local/lib/python3.12/site-packages/airflow/example_dags/example_branch_operator.py
[2024-12-28T21:17:22.372+0000] {processor.py:914} INFO - Processing file /home/airflow/.local/lib/python3.12/site-packages/airflow/example_dags/example_branch_operator.py for tasks to queue
[2024-12-28T21:17:22.375+0000] {logging_mixin.py:190} INFO - [2024-12-28T21:17:22.375+0000] {dagbag.py:588} INFO - Filling up the DagBag from /home/airflow/.local/lib/python3.12/site-packages/airflow/example_dags/example_branch_operator.py
[2024-12-28T21:17:22.404+0000] {processor.py:925} INFO - DAG(s) 'example_branch_operator' retrieved from /home/airflow/.local/lib/python3.12/site-packages/airflow/example_dags/example_branch_operator.py
[2024-12-28T21:17:22.443+0000] {logging_mixin.py:190} INFO - [2024-12-28T21:17:22.443+0000] {dag.py:3239} INFO - Sync 1 DAGs
[2024-12-28T21:17:22.468+0000] {logging_mixin.py:190} INFO - [2024-12-28T21:17:22.468+0000] {dag.py:4180} INFO - Setting next_dagrun for example_branch_operator to 2024-12-27 00:00:00+00:00, run_after=2024-12-28 00:00:00+00:00
[2024-12-28T21:17:22.491+0000] {processor.py:208} INFO - Processing /home/airflow/.local/lib/python3.12/site-packages/airflow/example_dags/example_branch_operator.py took 0.127 seconds
[2024-12-28T21:17:53.635+0000] {processor.py:186} INFO - Started process (PID=1790) to work on /home/airflow/.local/lib/python3.12/site-packages/airflow/example_dags/example_branch_operator.py
[2024-12-28T21:17:53.638+0000] {processor.py:914} INFO - Processing file /home/airflow/.local/lib/python3.12/site-packages/airflow/example_dags/example_branch_operator.py for tasks to queue
[2024-12-28T21:17:53.644+0000] {logging_mixin.py:190} INFO - [2024-12-28T21:17:53.644+0000] {dagbag.py:588} INFO - Filling up the DagBag from /home/airflow/.local/lib/python3.12/site-packages/airflow/example_dags/example_branch_operator.py
[2024-12-28T21:17:53.679+0000] {processor.py:925} INFO - DAG(s) 'example_branch_operator' retrieved from /home/airflow/.local/lib/python3.12/site-packages/airflow/example_dags/example_branch_operator.py
[2024-12-28T21:17:53.717+0000] {logging_mixin.py:190} INFO - [2024-12-28T21:17:53.717+0000] {dag.py:3239} INFO - Sync 1 DAGs
[2024-12-28T21:17:53.743+0000] {logging_mixin.py:190} INFO - [2024-12-28T21:17:53.743+0000] {dag.py:4180} INFO - Setting next_dagrun for example_branch_operator to 2024-12-27 00:00:00+00:00, run_after=2024-12-28 00:00:00+00:00
[2024-12-28T21:17:53.826+0000] {processor.py:208} INFO - Processing /home/airflow/.local/lib/python3.12/site-packages/airflow/example_dags/example_branch_operator.py took 0.156 seconds
[2024-12-28T21:18:25.577+0000] {processor.py:186} INFO - Started process (PID=1859) to work on /home/airflow/.local/lib/python3.12/site-packages/airflow/example_dags/example_branch_operator.py
[2024-12-28T21:18:25.583+0000] {processor.py:914} INFO - Processing file /home/airflow/.local/lib/python3.12/site-packages/airflow/example_dags/example_branch_operator.py for tasks to queue
[2024-12-28T21:18:25.592+0000] {logging_mixin.py:190} INFO - [2024-12-28T21:18:25.591+0000] {dagbag.py:588} INFO - Filling up the DagBag from /home/airflow/.local/lib/python3.12/site-packages/airflow/example_dags/example_branch_operator.py
[2024-12-28T21:18:25.631+0000] {processor.py:925} INFO - DAG(s) 'example_branch_operator' retrieved from /home/airflow/.local/lib/python3.12/site-packages/airflow/example_dags/example_branch_operator.py
[2024-12-28T21:18:25.671+0000] {logging_mixin.py:190} INFO - [2024-12-28T21:18:25.670+0000] {dag.py:3239} INFO - Sync 1 DAGs
[2024-12-28T21:18:25.722+0000] {logging_mixin.py:190} INFO - [2024-12-28T21:18:25.721+0000] {dag.py:4180} INFO - Setting next_dagrun for example_branch_operator to 2024-12-27 00:00:00+00:00, run_after=2024-12-28 00:00:00+00:00
[2024-12-28T21:18:25.756+0000] {processor.py:208} INFO - Processing /home/airflow/.local/lib/python3.12/site-packages/airflow/example_dags/example_branch_operator.py took 0.201 seconds
[2024-12-28T21:18:57.149+0000] {processor.py:186} INFO - Started process (PID=1928) to work on /home/airflow/.local/lib/python3.12/site-packages/airflow/example_dags/example_branch_operator.py
[2024-12-28T21:18:57.154+0000] {processor.py:914} INFO - Processing file /home/airflow/.local/lib/python3.12/site-packages/airflow/example_dags/example_branch_operator.py for tasks to queue
[2024-12-28T21:18:57.161+0000] {logging_mixin.py:190} INFO - [2024-12-28T21:18:57.160+0000] {dagbag.py:588} INFO - Filling up the DagBag from /home/airflow/.local/lib/python3.12/site-packages/airflow/example_dags/example_branch_operator.py
[2024-12-28T21:18:57.183+0000] {processor.py:925} INFO - DAG(s) 'example_branch_operator' retrieved from /home/airflow/.local/lib/python3.12/site-packages/airflow/example_dags/example_branch_operator.py
[2024-12-28T21:18:57.217+0000] {logging_mixin.py:190} INFO - [2024-12-28T21:18:57.217+0000] {dag.py:3239} INFO - Sync 1 DAGs
[2024-12-28T21:18:57.260+0000] {logging_mixin.py:190} INFO - [2024-12-28T21:18:57.260+0000] {dag.py:4180} INFO - Setting next_dagrun for example_branch_operator to 2024-12-27 00:00:00+00:00, run_after=2024-12-28 00:00:00+00:00
[2024-12-28T21:18:57.312+0000] {processor.py:208} INFO - Processing /home/airflow/.local/lib/python3.12/site-packages/airflow/example_dags/example_branch_operator.py took 0.172 seconds
[2024-12-28T21:19:28.595+0000] {processor.py:186} INFO - Started process (PID=1997) to work on /home/airflow/.local/lib/python3.12/site-packages/airflow/example_dags/example_branch_operator.py
[2024-12-28T21:19:28.597+0000] {processor.py:914} INFO - Processing file /home/airflow/.local/lib/python3.12/site-packages/airflow/example_dags/example_branch_operator.py for tasks to queue
[2024-12-28T21:19:28.604+0000] {logging_mixin.py:190} INFO - [2024-12-28T21:19:28.603+0000] {dagbag.py:588} INFO - Filling up the DagBag from /home/airflow/.local/lib/python3.12/site-packages/airflow/example_dags/example_branch_operator.py
[2024-12-28T21:19:28.636+0000] {processor.py:925} INFO - DAG(s) 'example_branch_operator' retrieved from /home/airflow/.local/lib/python3.12/site-packages/airflow/example_dags/example_branch_operator.py
[2024-12-28T21:19:28.676+0000] {logging_mixin.py:190} INFO - [2024-12-28T21:19:28.676+0000] {dag.py:3239} INFO - Sync 1 DAGs
[2024-12-28T21:19:28.709+0000] {logging_mixin.py:190} INFO - [2024-12-28T21:19:28.708+0000] {dag.py:4180} INFO - Setting next_dagrun for example_branch_operator to 2024-12-27 00:00:00+00:00, run_after=2024-12-28 00:00:00+00:00
[2024-12-28T21:19:28.744+0000] {processor.py:208} INFO - Processing /home/airflow/.local/lib/python3.12/site-packages/airflow/example_dags/example_branch_operator.py took 0.163 seconds
[2024-12-28T21:20:00.139+0000] {processor.py:186} INFO - Started process (PID=2066) to work on /home/airflow/.local/lib/python3.12/site-packages/airflow/example_dags/example_branch_operator.py
[2024-12-28T21:20:00.141+0000] {processor.py:914} INFO - Processing file /home/airflow/.local/lib/python3.12/site-packages/airflow/example_dags/example_branch_operator.py for tasks to queue
[2024-12-28T21:20:00.146+0000] {logging_mixin.py:190} INFO - [2024-12-28T21:20:00.146+0000] {dagbag.py:588} INFO - Filling up the DagBag from /home/airflow/.local/lib/python3.12/site-packages/airflow/example_dags/example_branch_operator.py
[2024-12-28T21:20:00.172+0000] {processor.py:925} INFO - DAG(s) 'example_branch_operator' retrieved from /home/airflow/.local/lib/python3.12/site-packages/airflow/example_dags/example_branch_operator.py
[2024-12-28T21:20:00.231+0000] {logging_mixin.py:190} INFO - [2024-12-28T21:20:00.230+0000] {dag.py:3239} INFO - Sync 1 DAGs
[2024-12-28T21:20:00.293+0000] {logging_mixin.py:190} INFO - [2024-12-28T21:20:00.292+0000] {dag.py:4180} INFO - Setting next_dagrun for example_branch_operator to 2024-12-27 00:00:00+00:00, run_after=2024-12-28 00:00:00+00:00
[2024-12-28T21:20:00.339+0000] {processor.py:208} INFO - Processing /home/airflow/.local/lib/python3.12/site-packages/airflow/example_dags/example_branch_operator.py took 0.206 seconds
[2024-12-28T21:20:31.464+0000] {processor.py:186} INFO - Started process (PID=2136) to work on /home/airflow/.local/lib/python3.12/site-packages/airflow/example_dags/example_branch_operator.py
[2024-12-28T21:20:31.466+0000] {processor.py:914} INFO - Processing file /home/airflow/.local/lib/python3.12/site-packages/airflow/example_dags/example_branch_operator.py for tasks to queue
[2024-12-28T21:20:31.472+0000] {logging_mixin.py:190} INFO - [2024-12-28T21:20:31.471+0000] {dagbag.py:588} INFO - Filling up the DagBag from /home/airflow/.local/lib/python3.12/site-packages/airflow/example_dags/example_branch_operator.py
[2024-12-28T21:20:31.544+0000] {processor.py:925} INFO - DAG(s) 'example_branch_operator' retrieved from /home/airflow/.local/lib/python3.12/site-packages/airflow/example_dags/example_branch_operator.py
[2024-12-28T21:20:31.590+0000] {logging_mixin.py:190} INFO - [2024-12-28T21:20:31.589+0000] {dag.py:3239} INFO - Sync 1 DAGs
[2024-12-28T21:20:31.617+0000] {logging_mixin.py:190} INFO - [2024-12-28T21:20:31.617+0000] {dag.py:4180} INFO - Setting next_dagrun for example_branch_operator to 2024-12-27 00:00:00+00:00, run_after=2024-12-28 00:00:00+00:00
[2024-12-28T21:20:31.645+0000] {processor.py:208} INFO - Processing /home/airflow/.local/lib/python3.12/site-packages/airflow/example_dags/example_branch_operator.py took 0.193 seconds
[2024-12-28T21:21:02.713+0000] {processor.py:186} INFO - Started process (PID=2205) to work on /home/airflow/.local/lib/python3.12/site-packages/airflow/example_dags/example_branch_operator.py
[2024-12-28T21:21:02.715+0000] {processor.py:914} INFO - Processing file /home/airflow/.local/lib/python3.12/site-packages/airflow/example_dags/example_branch_operator.py for tasks to queue
[2024-12-28T21:21:02.719+0000] {logging_mixin.py:190} INFO - [2024-12-28T21:21:02.719+0000] {dagbag.py:588} INFO - Filling up the DagBag from /home/airflow/.local/lib/python3.12/site-packages/airflow/example_dags/example_branch_operator.py
[2024-12-28T21:21:02.744+0000] {processor.py:925} INFO - DAG(s) 'example_branch_operator' retrieved from /home/airflow/.local/lib/python3.12/site-packages/airflow/example_dags/example_branch_operator.py
[2024-12-28T21:21:02.773+0000] {logging_mixin.py:190} INFO - [2024-12-28T21:21:02.773+0000] {dag.py:3239} INFO - Sync 1 DAGs
[2024-12-28T21:21:02.799+0000] {logging_mixin.py:190} INFO - [2024-12-28T21:21:02.799+0000] {dag.py:4180} INFO - Setting next_dagrun for example_branch_operator to 2024-12-27 00:00:00+00:00, run_after=2024-12-28 00:00:00+00:00
[2024-12-28T21:21:02.844+0000] {processor.py:208} INFO - Processing /home/airflow/.local/lib/python3.12/site-packages/airflow/example_dags/example_branch_operator.py took 0.141 seconds
[2024-12-28T21:21:34.186+0000] {processor.py:186} INFO - Started process (PID=2277) to work on /home/airflow/.local/lib/python3.12/site-packages/airflow/example_dags/example_branch_operator.py
[2024-12-28T21:21:34.190+0000] {processor.py:914} INFO - Processing file /home/airflow/.local/lib/python3.12/site-packages/airflow/example_dags/example_branch_operator.py for tasks to queue
[2024-12-28T21:21:34.194+0000] {logging_mixin.py:190} INFO - [2024-12-28T21:21:34.193+0000] {dagbag.py:588} INFO - Filling up the DagBag from /home/airflow/.local/lib/python3.12/site-packages/airflow/example_dags/example_branch_operator.py
[2024-12-28T21:21:34.221+0000] {processor.py:925} INFO - DAG(s) 'example_branch_operator' retrieved from /home/airflow/.local/lib/python3.12/site-packages/airflow/example_dags/example_branch_operator.py
[2024-12-28T21:21:34.253+0000] {logging_mixin.py:190} INFO - [2024-12-28T21:21:34.252+0000] {dag.py:3239} INFO - Sync 1 DAGs
[2024-12-28T21:21:34.283+0000] {logging_mixin.py:190} INFO - [2024-12-28T21:21:34.283+0000] {dag.py:4180} INFO - Setting next_dagrun for example_branch_operator to 2024-12-27 00:00:00+00:00, run_after=2024-12-28 00:00:00+00:00
[2024-12-28T21:21:34.314+0000] {processor.py:208} INFO - Processing /home/airflow/.local/lib/python3.12/site-packages/airflow/example_dags/example_branch_operator.py took 0.138 seconds
[2024-12-28T21:22:05.703+0000] {processor.py:186} INFO - Started process (PID=2346) to work on /home/airflow/.local/lib/python3.12/site-packages/airflow/example_dags/example_branch_operator.py
[2024-12-28T21:22:05.705+0000] {processor.py:914} INFO - Processing file /home/airflow/.local/lib/python3.12/site-packages/airflow/example_dags/example_branch_operator.py for tasks to queue
[2024-12-28T21:22:05.708+0000] {logging_mixin.py:190} INFO - [2024-12-28T21:22:05.707+0000] {dagbag.py:588} INFO - Filling up the DagBag from /home/airflow/.local/lib/python3.12/site-packages/airflow/example_dags/example_branch_operator.py
[2024-12-28T21:22:05.736+0000] {processor.py:925} INFO - DAG(s) 'example_branch_operator' retrieved from /home/airflow/.local/lib/python3.12/site-packages/airflow/example_dags/example_branch_operator.py
[2024-12-28T21:22:05.786+0000] {logging_mixin.py:190} INFO - [2024-12-28T21:22:05.786+0000] {dag.py:3239} INFO - Sync 1 DAGs
[2024-12-28T21:22:05.824+0000] {logging_mixin.py:190} INFO - [2024-12-28T21:22:05.824+0000] {dag.py:4180} INFO - Setting next_dagrun for example_branch_operator to 2024-12-27 00:00:00+00:00, run_after=2024-12-28 00:00:00+00:00
[2024-12-28T21:22:05.864+0000] {processor.py:208} INFO - Processing /home/airflow/.local/lib/python3.12/site-packages/airflow/example_dags/example_branch_operator.py took 0.168 seconds
[2024-12-28T21:22:36.831+0000] {processor.py:186} INFO - Started process (PID=2415) to work on /home/airflow/.local/lib/python3.12/site-packages/airflow/example_dags/example_branch_operator.py
[2024-12-28T21:22:36.836+0000] {processor.py:914} INFO - Processing file /home/airflow/.local/lib/python3.12/site-packages/airflow/example_dags/example_branch_operator.py for tasks to queue
[2024-12-28T21:22:36.844+0000] {logging_mixin.py:190} INFO - [2024-12-28T21:22:36.843+0000] {dagbag.py:588} INFO - Filling up the DagBag from /home/airflow/.local/lib/python3.12/site-packages/airflow/example_dags/example_branch_operator.py
[2024-12-28T21:22:36.884+0000] {processor.py:925} INFO - DAG(s) 'example_branch_operator' retrieved from /home/airflow/.local/lib/python3.12/site-packages/airflow/example_dags/example_branch_operator.py
[2024-12-28T21:22:36.920+0000] {logging_mixin.py:190} INFO - [2024-12-28T21:22:36.920+0000] {dag.py:3239} INFO - Sync 1 DAGs
[2024-12-28T21:22:36.946+0000] {logging_mixin.py:190} INFO - [2024-12-28T21:22:36.945+0000] {dag.py:4180} INFO - Setting next_dagrun for example_branch_operator to 2024-12-27 00:00:00+00:00, run_after=2024-12-28 00:00:00+00:00
[2024-12-28T21:22:36.967+0000] {processor.py:208} INFO - Processing /home/airflow/.local/lib/python3.12/site-packages/airflow/example_dags/example_branch_operator.py took 0.152 seconds
[2024-12-28T21:23:08.085+0000] {processor.py:186} INFO - Started process (PID=2484) to work on /home/airflow/.local/lib/python3.12/site-packages/airflow/example_dags/example_branch_operator.py
[2024-12-28T21:23:08.087+0000] {processor.py:914} INFO - Processing file /home/airflow/.local/lib/python3.12/site-packages/airflow/example_dags/example_branch_operator.py for tasks to queue
[2024-12-28T21:23:08.090+0000] {logging_mixin.py:190} INFO - [2024-12-28T21:23:08.090+0000] {dagbag.py:588} INFO - Filling up the DagBag from /home/airflow/.local/lib/python3.12/site-packages/airflow/example_dags/example_branch_operator.py
[2024-12-28T21:23:08.108+0000] {processor.py:925} INFO - DAG(s) 'example_branch_operator' retrieved from /home/airflow/.local/lib/python3.12/site-packages/airflow/example_dags/example_branch_operator.py
[2024-12-28T21:23:08.146+0000] {logging_mixin.py:190} INFO - [2024-12-28T21:23:08.146+0000] {dag.py:3239} INFO - Sync 1 DAGs
[2024-12-28T21:23:08.168+0000] {logging_mixin.py:190} INFO - [2024-12-28T21:23:08.168+0000] {dag.py:4180} INFO - Setting next_dagrun for example_branch_operator to 2024-12-27 00:00:00+00:00, run_after=2024-12-28 00:00:00+00:00
[2024-12-28T21:23:08.187+0000] {processor.py:208} INFO - Processing /home/airflow/.local/lib/python3.12/site-packages/airflow/example_dags/example_branch_operator.py took 0.108 seconds
[2024-12-28T21:23:39.629+0000] {processor.py:186} INFO - Started process (PID=2553) to work on /home/airflow/.local/lib/python3.12/site-packages/airflow/example_dags/example_branch_operator.py
[2024-12-28T21:23:39.632+0000] {processor.py:914} INFO - Processing file /home/airflow/.local/lib/python3.12/site-packages/airflow/example_dags/example_branch_operator.py for tasks to queue
[2024-12-28T21:23:39.639+0000] {logging_mixin.py:190} INFO - [2024-12-28T21:23:39.639+0000] {dagbag.py:588} INFO - Filling up the DagBag from /home/airflow/.local/lib/python3.12/site-packages/airflow/example_dags/example_branch_operator.py
[2024-12-28T21:23:39.690+0000] {processor.py:925} INFO - DAG(s) 'example_branch_operator' retrieved from /home/airflow/.local/lib/python3.12/site-packages/airflow/example_dags/example_branch_operator.py
[2024-12-28T21:23:39.743+0000] {logging_mixin.py:190} INFO - [2024-12-28T21:23:39.742+0000] {dag.py:3239} INFO - Sync 1 DAGs
[2024-12-28T21:23:39.815+0000] {logging_mixin.py:190} INFO - [2024-12-28T21:23:39.814+0000] {dag.py:4180} INFO - Setting next_dagrun for example_branch_operator to 2024-12-27 00:00:00+00:00, run_after=2024-12-28 00:00:00+00:00
[2024-12-28T21:23:39.861+0000] {processor.py:208} INFO - Processing /home/airflow/.local/lib/python3.12/site-packages/airflow/example_dags/example_branch_operator.py took 0.247 seconds
[2024-12-28T21:24:10.573+0000] {processor.py:186} INFO - Started process (PID=2622) to work on /home/airflow/.local/lib/python3.12/site-packages/airflow/example_dags/example_branch_operator.py
[2024-12-28T21:24:10.577+0000] {processor.py:914} INFO - Processing file /home/airflow/.local/lib/python3.12/site-packages/airflow/example_dags/example_branch_operator.py for tasks to queue
[2024-12-28T21:24:10.585+0000] {logging_mixin.py:190} INFO - [2024-12-28T21:24:10.584+0000] {dagbag.py:588} INFO - Filling up the DagBag from /home/airflow/.local/lib/python3.12/site-packages/airflow/example_dags/example_branch_operator.py
[2024-12-28T21:24:10.617+0000] {processor.py:925} INFO - DAG(s) 'example_branch_operator' retrieved from /home/airflow/.local/lib/python3.12/site-packages/airflow/example_dags/example_branch_operator.py
[2024-12-28T21:24:10.653+0000] {logging_mixin.py:190} INFO - [2024-12-28T21:24:10.653+0000] {dag.py:3239} INFO - Sync 1 DAGs
[2024-12-28T21:24:10.697+0000] {logging_mixin.py:190} INFO - [2024-12-28T21:24:10.696+0000] {dag.py:4180} INFO - Setting next_dagrun for example_branch_operator to 2024-12-27 00:00:00+00:00, run_after=2024-12-28 00:00:00+00:00
[2024-12-28T21:24:10.729+0000] {processor.py:208} INFO - Processing /home/airflow/.local/lib/python3.12/site-packages/airflow/example_dags/example_branch_operator.py took 0.174 seconds
[2024-12-28T21:24:41.747+0000] {processor.py:186} INFO - Started process (PID=2691) to work on /home/airflow/.local/lib/python3.12/site-packages/airflow/example_dags/example_branch_operator.py
[2024-12-28T21:24:41.750+0000] {processor.py:914} INFO - Processing file /home/airflow/.local/lib/python3.12/site-packages/airflow/example_dags/example_branch_operator.py for tasks to queue
[2024-12-28T21:24:41.754+0000] {logging_mixin.py:190} INFO - [2024-12-28T21:24:41.753+0000] {dagbag.py:588} INFO - Filling up the DagBag from /home/airflow/.local/lib/python3.12/site-packages/airflow/example_dags/example_branch_operator.py
[2024-12-28T21:24:41.777+0000] {processor.py:925} INFO - DAG(s) 'example_branch_operator' retrieved from /home/airflow/.local/lib/python3.12/site-packages/airflow/example_dags/example_branch_operator.py
[2024-12-28T21:24:41.808+0000] {logging_mixin.py:190} INFO - [2024-12-28T21:24:41.807+0000] {dag.py:3239} INFO - Sync 1 DAGs
[2024-12-28T21:24:41.839+0000] {logging_mixin.py:190} INFO - [2024-12-28T21:24:41.838+0000] {dag.py:4180} INFO - Setting next_dagrun for example_branch_operator to 2024-12-27 00:00:00+00:00, run_after=2024-12-28 00:00:00+00:00
[2024-12-28T21:24:41.890+0000] {processor.py:208} INFO - Processing /home/airflow/.local/lib/python3.12/site-packages/airflow/example_dags/example_branch_operator.py took 0.155 seconds
[2024-12-28T21:25:13.038+0000] {processor.py:186} INFO - Started process (PID=2760) to work on /home/airflow/.local/lib/python3.12/site-packages/airflow/example_dags/example_branch_operator.py
[2024-12-28T21:25:13.040+0000] {processor.py:914} INFO - Processing file /home/airflow/.local/lib/python3.12/site-packages/airflow/example_dags/example_branch_operator.py for tasks to queue
[2024-12-28T21:25:13.043+0000] {logging_mixin.py:190} INFO - [2024-12-28T21:25:13.042+0000] {dagbag.py:588} INFO - Filling up the DagBag from /home/airflow/.local/lib/python3.12/site-packages/airflow/example_dags/example_branch_operator.py
[2024-12-28T21:25:13.060+0000] {processor.py:925} INFO - DAG(s) 'example_branch_operator' retrieved from /home/airflow/.local/lib/python3.12/site-packages/airflow/example_dags/example_branch_operator.py
[2024-12-28T21:25:13.089+0000] {logging_mixin.py:190} INFO - [2024-12-28T21:25:13.089+0000] {dag.py:3239} INFO - Sync 1 DAGs
[2024-12-28T21:25:13.113+0000] {logging_mixin.py:190} INFO - [2024-12-28T21:25:13.113+0000] {dag.py:4180} INFO - Setting next_dagrun for example_branch_operator to 2024-12-27 00:00:00+00:00, run_after=2024-12-28 00:00:00+00:00
[2024-12-28T21:25:13.297+0000] {processor.py:208} INFO - Processing /home/airflow/.local/lib/python3.12/site-packages/airflow/example_dags/example_branch_operator.py took 0.270 seconds
[2024-12-28T21:25:44.798+0000] {processor.py:186} INFO - Started process (PID=2829) to work on /home/airflow/.local/lib/python3.12/site-packages/airflow/example_dags/example_branch_operator.py
[2024-12-28T21:25:44.803+0000] {processor.py:914} INFO - Processing file /home/airflow/.local/lib/python3.12/site-packages/airflow/example_dags/example_branch_operator.py for tasks to queue
[2024-12-28T21:25:44.811+0000] {logging_mixin.py:190} INFO - [2024-12-28T21:25:44.810+0000] {dagbag.py:588} INFO - Filling up the DagBag from /home/airflow/.local/lib/python3.12/site-packages/airflow/example_dags/example_branch_operator.py
[2024-12-28T21:25:44.861+0000] {processor.py:925} INFO - DAG(s) 'example_branch_operator' retrieved from /home/airflow/.local/lib/python3.12/site-packages/airflow/example_dags/example_branch_operator.py
[2024-12-28T21:25:44.958+0000] {logging_mixin.py:190} INFO - [2024-12-28T21:25:44.957+0000] {dag.py:3239} INFO - Sync 1 DAGs
[2024-12-28T21:25:45.032+0000] {logging_mixin.py:190} INFO - [2024-12-28T21:25:45.032+0000] {dag.py:4180} INFO - Setting next_dagrun for example_branch_operator to 2024-12-27 00:00:00+00:00, run_after=2024-12-28 00:00:00+00:00
[2024-12-28T21:25:45.095+0000] {processor.py:208} INFO - Processing /home/airflow/.local/lib/python3.12/site-packages/airflow/example_dags/example_branch_operator.py took 0.321 seconds
[2024-12-28T21:26:16.561+0000] {processor.py:186} INFO - Started process (PID=2908) to work on /home/airflow/.local/lib/python3.12/site-packages/airflow/example_dags/example_branch_operator.py
[2024-12-28T21:26:16.564+0000] {processor.py:914} INFO - Processing file /home/airflow/.local/lib/python3.12/site-packages/airflow/example_dags/example_branch_operator.py for tasks to queue
[2024-12-28T21:26:16.571+0000] {logging_mixin.py:190} INFO - [2024-12-28T21:26:16.570+0000] {dagbag.py:588} INFO - Filling up the DagBag from /home/airflow/.local/lib/python3.12/site-packages/airflow/example_dags/example_branch_operator.py
[2024-12-28T21:26:16.595+0000] {processor.py:925} INFO - DAG(s) 'example_branch_operator' retrieved from /home/airflow/.local/lib/python3.12/site-packages/airflow/example_dags/example_branch_operator.py
[2024-12-28T21:26:16.620+0000] {logging_mixin.py:190} INFO - [2024-12-28T21:26:16.620+0000] {dag.py:3239} INFO - Sync 1 DAGs
[2024-12-28T21:26:16.641+0000] {logging_mixin.py:190} INFO - [2024-12-28T21:26:16.640+0000] {dag.py:4180} INFO - Setting next_dagrun for example_branch_operator to 2024-12-27 00:00:00+00:00, run_after=2024-12-28 00:00:00+00:00
[2024-12-28T21:26:16.660+0000] {processor.py:208} INFO - Processing /home/airflow/.local/lib/python3.12/site-packages/airflow/example_dags/example_branch_operator.py took 0.107 seconds
[2024-12-28T21:26:48.084+0000] {processor.py:186} INFO - Started process (PID=2978) to work on /home/airflow/.local/lib/python3.12/site-packages/airflow/example_dags/example_branch_operator.py
[2024-12-28T21:26:48.086+0000] {processor.py:914} INFO - Processing file /home/airflow/.local/lib/python3.12/site-packages/airflow/example_dags/example_branch_operator.py for tasks to queue
[2024-12-28T21:26:48.089+0000] {logging_mixin.py:190} INFO - [2024-12-28T21:26:48.088+0000] {dagbag.py:588} INFO - Filling up the DagBag from /home/airflow/.local/lib/python3.12/site-packages/airflow/example_dags/example_branch_operator.py
[2024-12-28T21:26:48.111+0000] {processor.py:925} INFO - DAG(s) 'example_branch_operator' retrieved from /home/airflow/.local/lib/python3.12/site-packages/airflow/example_dags/example_branch_operator.py
[2024-12-28T21:26:48.147+0000] {logging_mixin.py:190} INFO - [2024-12-28T21:26:48.147+0000] {dag.py:3239} INFO - Sync 1 DAGs
[2024-12-28T21:26:48.182+0000] {logging_mixin.py:190} INFO - [2024-12-28T21:26:48.181+0000] {dag.py:4180} INFO - Setting next_dagrun for example_branch_operator to 2024-12-27 00:00:00+00:00, run_after=2024-12-28 00:00:00+00:00
[2024-12-28T21:26:48.217+0000] {processor.py:208} INFO - Processing /home/airflow/.local/lib/python3.12/site-packages/airflow/example_dags/example_branch_operator.py took 0.142 seconds
[2024-12-28T21:27:18.955+0000] {processor.py:186} INFO - Started process (PID=3047) to work on /home/airflow/.local/lib/python3.12/site-packages/airflow/example_dags/example_branch_operator.py
[2024-12-28T21:27:18.957+0000] {processor.py:914} INFO - Processing file /home/airflow/.local/lib/python3.12/site-packages/airflow/example_dags/example_branch_operator.py for tasks to queue
[2024-12-28T21:27:18.961+0000] {logging_mixin.py:190} INFO - [2024-12-28T21:27:18.960+0000] {dagbag.py:588} INFO - Filling up the DagBag from /home/airflow/.local/lib/python3.12/site-packages/airflow/example_dags/example_branch_operator.py
[2024-12-28T21:27:18.981+0000] {processor.py:925} INFO - DAG(s) 'example_branch_operator' retrieved from /home/airflow/.local/lib/python3.12/site-packages/airflow/example_dags/example_branch_operator.py
[2024-12-28T21:27:19.012+0000] {logging_mixin.py:190} INFO - [2024-12-28T21:27:19.012+0000] {dag.py:3239} INFO - Sync 1 DAGs
[2024-12-28T21:27:19.043+0000] {logging_mixin.py:190} INFO - [2024-12-28T21:27:19.043+0000] {dag.py:4180} INFO - Setting next_dagrun for example_branch_operator to 2024-12-27 00:00:00+00:00, run_after=2024-12-28 00:00:00+00:00
[2024-12-28T21:27:19.076+0000] {processor.py:208} INFO - Processing /home/airflow/.local/lib/python3.12/site-packages/airflow/example_dags/example_branch_operator.py took 0.130 seconds
[2024-12-28T21:27:52.060+0000] {processor.py:186} INFO - Started process (PID=3122) to work on /home/airflow/.local/lib/python3.12/site-packages/airflow/example_dags/example_branch_operator.py
[2024-12-28T21:27:52.064+0000] {processor.py:914} INFO - Processing file /home/airflow/.local/lib/python3.12/site-packages/airflow/example_dags/example_branch_operator.py for tasks to queue
[2024-12-28T21:27:52.071+0000] {logging_mixin.py:190} INFO - [2024-12-28T21:27:52.070+0000] {dagbag.py:588} INFO - Filling up the DagBag from /home/airflow/.local/lib/python3.12/site-packages/airflow/example_dags/example_branch_operator.py
[2024-12-28T21:27:52.115+0000] {processor.py:925} INFO - DAG(s) 'example_branch_operator' retrieved from /home/airflow/.local/lib/python3.12/site-packages/airflow/example_dags/example_branch_operator.py
[2024-12-28T21:27:52.152+0000] {logging_mixin.py:190} INFO - [2024-12-28T21:27:52.152+0000] {dag.py:3239} INFO - Sync 1 DAGs
[2024-12-28T21:27:52.188+0000] {logging_mixin.py:190} INFO - [2024-12-28T21:27:52.188+0000] {dag.py:4180} INFO - Setting next_dagrun for example_branch_operator to 2024-12-27 00:00:00+00:00, run_after=2024-12-28 00:00:00+00:00
[2024-12-28T21:27:52.215+0000] {processor.py:208} INFO - Processing /home/airflow/.local/lib/python3.12/site-packages/airflow/example_dags/example_branch_operator.py took 0.172 seconds
[2024-12-28T21:28:23.037+0000] {processor.py:186} INFO - Started process (PID=3191) to work on /home/airflow/.local/lib/python3.12/site-packages/airflow/example_dags/example_branch_operator.py
[2024-12-28T21:28:23.039+0000] {processor.py:914} INFO - Processing file /home/airflow/.local/lib/python3.12/site-packages/airflow/example_dags/example_branch_operator.py for tasks to queue
[2024-12-28T21:28:23.043+0000] {logging_mixin.py:190} INFO - [2024-12-28T21:28:23.043+0000] {dagbag.py:588} INFO - Filling up the DagBag from /home/airflow/.local/lib/python3.12/site-packages/airflow/example_dags/example_branch_operator.py
[2024-12-28T21:28:23.074+0000] {processor.py:925} INFO - DAG(s) 'example_branch_operator' retrieved from /home/airflow/.local/lib/python3.12/site-packages/airflow/example_dags/example_branch_operator.py
[2024-12-28T21:28:23.134+0000] {logging_mixin.py:190} INFO - [2024-12-28T21:28:23.133+0000] {dag.py:3239} INFO - Sync 1 DAGs
[2024-12-28T21:28:23.186+0000] {logging_mixin.py:190} INFO - [2024-12-28T21:28:23.186+0000] {dag.py:4180} INFO - Setting next_dagrun for example_branch_operator to 2024-12-27 00:00:00+00:00, run_after=2024-12-28 00:00:00+00:00
[2024-12-28T21:28:23.217+0000] {processor.py:208} INFO - Processing /home/airflow/.local/lib/python3.12/site-packages/airflow/example_dags/example_branch_operator.py took 0.192 seconds
[2024-12-28T21:28:55.214+0000] {processor.py:186} INFO - Started process (PID=3263) to work on /home/airflow/.local/lib/python3.12/site-packages/airflow/example_dags/example_branch_operator.py
[2024-12-28T21:28:55.217+0000] {processor.py:914} INFO - Processing file /home/airflow/.local/lib/python3.12/site-packages/airflow/example_dags/example_branch_operator.py for tasks to queue
[2024-12-28T21:28:55.222+0000] {logging_mixin.py:190} INFO - [2024-12-28T21:28:55.221+0000] {dagbag.py:588} INFO - Filling up the DagBag from /home/airflow/.local/lib/python3.12/site-packages/airflow/example_dags/example_branch_operator.py
[2024-12-28T21:28:55.247+0000] {processor.py:925} INFO - DAG(s) 'example_branch_operator' retrieved from /home/airflow/.local/lib/python3.12/site-packages/airflow/example_dags/example_branch_operator.py
[2024-12-28T21:28:55.276+0000] {logging_mixin.py:190} INFO - [2024-12-28T21:28:55.276+0000] {dag.py:3239} INFO - Sync 1 DAGs
[2024-12-28T21:28:55.299+0000] {logging_mixin.py:190} INFO - [2024-12-28T21:28:55.299+0000] {dag.py:4180} INFO - Setting next_dagrun for example_branch_operator to 2024-12-27 00:00:00+00:00, run_after=2024-12-28 00:00:00+00:00
[2024-12-28T21:28:55.320+0000] {processor.py:208} INFO - Processing /home/airflow/.local/lib/python3.12/site-packages/airflow/example_dags/example_branch_operator.py took 0.118 seconds
[2024-12-28T21:29:26.179+0000] {processor.py:186} INFO - Started process (PID=3332) to work on /home/airflow/.local/lib/python3.12/site-packages/airflow/example_dags/example_branch_operator.py
[2024-12-28T21:29:26.181+0000] {processor.py:914} INFO - Processing file /home/airflow/.local/lib/python3.12/site-packages/airflow/example_dags/example_branch_operator.py for tasks to queue
[2024-12-28T21:29:26.184+0000] {logging_mixin.py:190} INFO - [2024-12-28T21:29:26.184+0000] {dagbag.py:588} INFO - Filling up the DagBag from /home/airflow/.local/lib/python3.12/site-packages/airflow/example_dags/example_branch_operator.py
[2024-12-28T21:29:26.201+0000] {processor.py:925} INFO - DAG(s) 'example_branch_operator' retrieved from /home/airflow/.local/lib/python3.12/site-packages/airflow/example_dags/example_branch_operator.py
[2024-12-28T21:29:26.235+0000] {logging_mixin.py:190} INFO - [2024-12-28T21:29:26.235+0000] {dag.py:3239} INFO - Sync 1 DAGs
[2024-12-28T21:29:26.260+0000] {logging_mixin.py:190} INFO - [2024-12-28T21:29:26.260+0000] {dag.py:4180} INFO - Setting next_dagrun for example_branch_operator to 2024-12-27 00:00:00+00:00, run_after=2024-12-28 00:00:00+00:00
[2024-12-28T21:29:26.281+0000] {processor.py:208} INFO - Processing /home/airflow/.local/lib/python3.12/site-packages/airflow/example_dags/example_branch_operator.py took 0.108 seconds
[2024-12-28T21:29:57.043+0000] {processor.py:186} INFO - Started process (PID=3401) to work on /home/airflow/.local/lib/python3.12/site-packages/airflow/example_dags/example_branch_operator.py
[2024-12-28T21:29:57.047+0000] {processor.py:914} INFO - Processing file /home/airflow/.local/lib/python3.12/site-packages/airflow/example_dags/example_branch_operator.py for tasks to queue
[2024-12-28T21:29:57.051+0000] {logging_mixin.py:190} INFO - [2024-12-28T21:29:57.051+0000] {dagbag.py:588} INFO - Filling up the DagBag from /home/airflow/.local/lib/python3.12/site-packages/airflow/example_dags/example_branch_operator.py
[2024-12-28T21:29:57.072+0000] {processor.py:925} INFO - DAG(s) 'example_branch_operator' retrieved from /home/airflow/.local/lib/python3.12/site-packages/airflow/example_dags/example_branch_operator.py
[2024-12-28T21:29:57.098+0000] {logging_mixin.py:190} INFO - [2024-12-28T21:29:57.098+0000] {dag.py:3239} INFO - Sync 1 DAGs
[2024-12-28T21:29:57.120+0000] {logging_mixin.py:190} INFO - [2024-12-28T21:29:57.120+0000] {dag.py:4180} INFO - Setting next_dagrun for example_branch_operator to 2024-12-27 00:00:00+00:00, run_after=2024-12-28 00:00:00+00:00
[2024-12-28T21:29:57.141+0000] {processor.py:208} INFO - Processing /home/airflow/.local/lib/python3.12/site-packages/airflow/example_dags/example_branch_operator.py took 0.108 seconds
[2024-12-28T21:30:28.308+0000] {processor.py:186} INFO - Started process (PID=3470) to work on /home/airflow/.local/lib/python3.12/site-packages/airflow/example_dags/example_branch_operator.py
[2024-12-28T21:30:28.310+0000] {processor.py:914} INFO - Processing file /home/airflow/.local/lib/python3.12/site-packages/airflow/example_dags/example_branch_operator.py for tasks to queue
[2024-12-28T21:30:28.313+0000] {logging_mixin.py:190} INFO - [2024-12-28T21:30:28.313+0000] {dagbag.py:588} INFO - Filling up the DagBag from /home/airflow/.local/lib/python3.12/site-packages/airflow/example_dags/example_branch_operator.py
[2024-12-28T21:30:28.334+0000] {processor.py:925} INFO - DAG(s) 'example_branch_operator' retrieved from /home/airflow/.local/lib/python3.12/site-packages/airflow/example_dags/example_branch_operator.py
[2024-12-28T21:30:28.364+0000] {logging_mixin.py:190} INFO - [2024-12-28T21:30:28.363+0000] {dag.py:3239} INFO - Sync 1 DAGs
[2024-12-28T21:30:28.393+0000] {logging_mixin.py:190} INFO - [2024-12-28T21:30:28.392+0000] {dag.py:4180} INFO - Setting next_dagrun for example_branch_operator to 2024-12-27 00:00:00+00:00, run_after=2024-12-28 00:00:00+00:00
[2024-12-28T21:30:28.412+0000] {processor.py:208} INFO - Processing /home/airflow/.local/lib/python3.12/site-packages/airflow/example_dags/example_branch_operator.py took 0.111 seconds
[2024-12-28T21:30:59.361+0000] {processor.py:186} INFO - Started process (PID=3540) to work on /home/airflow/.local/lib/python3.12/site-packages/airflow/example_dags/example_branch_operator.py
[2024-12-28T21:30:59.363+0000] {processor.py:914} INFO - Processing file /home/airflow/.local/lib/python3.12/site-packages/airflow/example_dags/example_branch_operator.py for tasks to queue
[2024-12-28T21:30:59.371+0000] {logging_mixin.py:190} INFO - [2024-12-28T21:30:59.370+0000] {dagbag.py:588} INFO - Filling up the DagBag from /home/airflow/.local/lib/python3.12/site-packages/airflow/example_dags/example_branch_operator.py
[2024-12-28T21:30:59.400+0000] {processor.py:925} INFO - DAG(s) 'example_branch_operator' retrieved from /home/airflow/.local/lib/python3.12/site-packages/airflow/example_dags/example_branch_operator.py
[2024-12-28T21:30:59.433+0000] {logging_mixin.py:190} INFO - [2024-12-28T21:30:59.432+0000] {dag.py:3239} INFO - Sync 1 DAGs
[2024-12-28T21:30:59.493+0000] {logging_mixin.py:190} INFO - [2024-12-28T21:30:59.492+0000] {dag.py:4180} INFO - Setting next_dagrun for example_branch_operator to 2024-12-27 00:00:00+00:00, run_after=2024-12-28 00:00:00+00:00
[2024-12-28T21:30:59.516+0000] {processor.py:208} INFO - Processing /home/airflow/.local/lib/python3.12/site-packages/airflow/example_dags/example_branch_operator.py took 0.164 seconds
[2024-12-28T21:31:30.377+0000] {processor.py:186} INFO - Started process (PID=3610) to work on /home/airflow/.local/lib/python3.12/site-packages/airflow/example_dags/example_branch_operator.py
[2024-12-28T21:31:30.381+0000] {processor.py:914} INFO - Processing file /home/airflow/.local/lib/python3.12/site-packages/airflow/example_dags/example_branch_operator.py for tasks to queue
[2024-12-28T21:31:30.386+0000] {logging_mixin.py:190} INFO - [2024-12-28T21:31:30.385+0000] {dagbag.py:588} INFO - Filling up the DagBag from /home/airflow/.local/lib/python3.12/site-packages/airflow/example_dags/example_branch_operator.py
[2024-12-28T21:31:30.425+0000] {processor.py:925} INFO - DAG(s) 'example_branch_operator' retrieved from /home/airflow/.local/lib/python3.12/site-packages/airflow/example_dags/example_branch_operator.py
[2024-12-28T21:31:30.475+0000] {logging_mixin.py:190} INFO - [2024-12-28T21:31:30.475+0000] {dag.py:3239} INFO - Sync 1 DAGs
[2024-12-28T21:31:30.501+0000] {logging_mixin.py:190} INFO - [2024-12-28T21:31:30.501+0000] {dag.py:4180} INFO - Setting next_dagrun for example_branch_operator to 2024-12-27 00:00:00+00:00, run_after=2024-12-28 00:00:00+00:00
[2024-12-28T21:31:30.523+0000] {processor.py:208} INFO - Processing /home/airflow/.local/lib/python3.12/site-packages/airflow/example_dags/example_branch_operator.py took 0.164 seconds
[2024-12-28T21:32:01.209+0000] {processor.py:186} INFO - Started process (PID=3680) to work on /home/airflow/.local/lib/python3.12/site-packages/airflow/example_dags/example_branch_operator.py
[2024-12-28T21:32:01.211+0000] {processor.py:914} INFO - Processing file /home/airflow/.local/lib/python3.12/site-packages/airflow/example_dags/example_branch_operator.py for tasks to queue
[2024-12-28T21:32:01.214+0000] {logging_mixin.py:190} INFO - [2024-12-28T21:32:01.214+0000] {dagbag.py:588} INFO - Filling up the DagBag from /home/airflow/.local/lib/python3.12/site-packages/airflow/example_dags/example_branch_operator.py
[2024-12-28T21:32:01.238+0000] {processor.py:925} INFO - DAG(s) 'example_branch_operator' retrieved from /home/airflow/.local/lib/python3.12/site-packages/airflow/example_dags/example_branch_operator.py
[2024-12-28T21:32:01.274+0000] {logging_mixin.py:190} INFO - [2024-12-28T21:32:01.274+0000] {dag.py:3239} INFO - Sync 1 DAGs
[2024-12-28T21:32:01.319+0000] {logging_mixin.py:190} INFO - [2024-12-28T21:32:01.319+0000] {dag.py:4180} INFO - Setting next_dagrun for example_branch_operator to 2024-12-27 00:00:00+00:00, run_after=2024-12-28 00:00:00+00:00
[2024-12-28T21:32:01.368+0000] {processor.py:208} INFO - Processing /home/airflow/.local/lib/python3.12/site-packages/airflow/example_dags/example_branch_operator.py took 0.167 seconds
[2024-12-28T21:32:31.901+0000] {processor.py:186} INFO - Started process (PID=3749) to work on /home/airflow/.local/lib/python3.12/site-packages/airflow/example_dags/example_branch_operator.py
[2024-12-28T21:32:31.903+0000] {processor.py:914} INFO - Processing file /home/airflow/.local/lib/python3.12/site-packages/airflow/example_dags/example_branch_operator.py for tasks to queue
[2024-12-28T21:32:31.906+0000] {logging_mixin.py:190} INFO - [2024-12-28T21:32:31.906+0000] {dagbag.py:588} INFO - Filling up the DagBag from /home/airflow/.local/lib/python3.12/site-packages/airflow/example_dags/example_branch_operator.py
[2024-12-28T21:32:31.924+0000] {processor.py:925} INFO - DAG(s) 'example_branch_operator' retrieved from /home/airflow/.local/lib/python3.12/site-packages/airflow/example_dags/example_branch_operator.py
[2024-12-28T21:32:31.957+0000] {logging_mixin.py:190} INFO - [2024-12-28T21:32:31.957+0000] {dag.py:3239} INFO - Sync 1 DAGs
[2024-12-28T21:32:31.988+0000] {logging_mixin.py:190} INFO - [2024-12-28T21:32:31.987+0000] {dag.py:4180} INFO - Setting next_dagrun for example_branch_operator to 2024-12-27 00:00:00+00:00, run_after=2024-12-28 00:00:00+00:00
[2024-12-28T21:32:32.015+0000] {processor.py:208} INFO - Processing /home/airflow/.local/lib/python3.12/site-packages/airflow/example_dags/example_branch_operator.py took 0.122 seconds
[2024-12-28T21:33:02.525+0000] {processor.py:186} INFO - Started process (PID=3817) to work on /home/airflow/.local/lib/python3.12/site-packages/airflow/example_dags/example_branch_operator.py
[2024-12-28T21:33:02.528+0000] {processor.py:914} INFO - Processing file /home/airflow/.local/lib/python3.12/site-packages/airflow/example_dags/example_branch_operator.py for tasks to queue
[2024-12-28T21:33:02.532+0000] {logging_mixin.py:190} INFO - [2024-12-28T21:33:02.531+0000] {dagbag.py:588} INFO - Filling up the DagBag from /home/airflow/.local/lib/python3.12/site-packages/airflow/example_dags/example_branch_operator.py
[2024-12-28T21:33:02.554+0000] {processor.py:925} INFO - DAG(s) 'example_branch_operator' retrieved from /home/airflow/.local/lib/python3.12/site-packages/airflow/example_dags/example_branch_operator.py
[2024-12-28T21:33:02.593+0000] {logging_mixin.py:190} INFO - [2024-12-28T21:33:02.593+0000] {dag.py:3239} INFO - Sync 1 DAGs
[2024-12-28T21:33:02.622+0000] {logging_mixin.py:190} INFO - [2024-12-28T21:33:02.622+0000] {dag.py:4180} INFO - Setting next_dagrun for example_branch_operator to 2024-12-27 00:00:00+00:00, run_after=2024-12-28 00:00:00+00:00
[2024-12-28T21:33:02.647+0000] {processor.py:208} INFO - Processing /home/airflow/.local/lib/python3.12/site-packages/airflow/example_dags/example_branch_operator.py took 0.130 seconds
[2024-12-28T21:33:33.188+0000] {processor.py:186} INFO - Started process (PID=3885) to work on /home/airflow/.local/lib/python3.12/site-packages/airflow/example_dags/example_branch_operator.py
[2024-12-28T21:33:33.190+0000] {processor.py:914} INFO - Processing file /home/airflow/.local/lib/python3.12/site-packages/airflow/example_dags/example_branch_operator.py for tasks to queue
[2024-12-28T21:33:33.193+0000] {logging_mixin.py:190} INFO - [2024-12-28T21:33:33.193+0000] {dagbag.py:588} INFO - Filling up the DagBag from /home/airflow/.local/lib/python3.12/site-packages/airflow/example_dags/example_branch_operator.py
[2024-12-28T21:33:33.248+0000] {processor.py:925} INFO - DAG(s) 'example_branch_operator' retrieved from /home/airflow/.local/lib/python3.12/site-packages/airflow/example_dags/example_branch_operator.py
[2024-12-28T21:33:33.310+0000] {logging_mixin.py:190} INFO - [2024-12-28T21:33:33.310+0000] {dag.py:3239} INFO - Sync 1 DAGs
[2024-12-28T21:33:33.356+0000] {logging_mixin.py:190} INFO - [2024-12-28T21:33:33.355+0000] {dag.py:4180} INFO - Setting next_dagrun for example_branch_operator to 2024-12-27 00:00:00+00:00, run_after=2024-12-28 00:00:00+00:00
[2024-12-28T21:33:33.396+0000] {processor.py:208} INFO - Processing /home/airflow/.local/lib/python3.12/site-packages/airflow/example_dags/example_branch_operator.py took 0.216 seconds
[2024-12-28T21:34:04.302+0000] {processor.py:186} INFO - Started process (PID=3956) to work on /home/airflow/.local/lib/python3.12/site-packages/airflow/example_dags/example_branch_operator.py
[2024-12-28T21:34:04.303+0000] {processor.py:914} INFO - Processing file /home/airflow/.local/lib/python3.12/site-packages/airflow/example_dags/example_branch_operator.py for tasks to queue
[2024-12-28T21:34:04.306+0000] {logging_mixin.py:190} INFO - [2024-12-28T21:34:04.305+0000] {dagbag.py:588} INFO - Filling up the DagBag from /home/airflow/.local/lib/python3.12/site-packages/airflow/example_dags/example_branch_operator.py
[2024-12-28T21:34:04.324+0000] {processor.py:925} INFO - DAG(s) 'example_branch_operator' retrieved from /home/airflow/.local/lib/python3.12/site-packages/airflow/example_dags/example_branch_operator.py
[2024-12-28T21:34:04.352+0000] {logging_mixin.py:190} INFO - [2024-12-28T21:34:04.352+0000] {dag.py:3239} INFO - Sync 1 DAGs
[2024-12-28T21:34:04.375+0000] {logging_mixin.py:190} INFO - [2024-12-28T21:34:04.375+0000] {dag.py:4180} INFO - Setting next_dagrun for example_branch_operator to 2024-12-27 00:00:00+00:00, run_after=2024-12-28 00:00:00+00:00
[2024-12-28T21:34:04.402+0000] {processor.py:208} INFO - Processing /home/airflow/.local/lib/python3.12/site-packages/airflow/example_dags/example_branch_operator.py took 0.106 seconds
[2024-12-28T21:34:34.752+0000] {processor.py:186} INFO - Started process (PID=4024) to work on /home/airflow/.local/lib/python3.12/site-packages/airflow/example_dags/example_branch_operator.py
[2024-12-28T21:34:34.756+0000] {processor.py:914} INFO - Processing file /home/airflow/.local/lib/python3.12/site-packages/airflow/example_dags/example_branch_operator.py for tasks to queue
[2024-12-28T21:34:34.763+0000] {logging_mixin.py:190} INFO - [2024-12-28T21:34:34.762+0000] {dagbag.py:588} INFO - Filling up the DagBag from /home/airflow/.local/lib/python3.12/site-packages/airflow/example_dags/example_branch_operator.py
[2024-12-28T21:34:34.792+0000] {processor.py:925} INFO - DAG(s) 'example_branch_operator' retrieved from /home/airflow/.local/lib/python3.12/site-packages/airflow/example_dags/example_branch_operator.py
[2024-12-28T21:34:34.821+0000] {logging_mixin.py:190} INFO - [2024-12-28T21:34:34.821+0000] {dag.py:3239} INFO - Sync 1 DAGs
[2024-12-28T21:34:34.848+0000] {logging_mixin.py:190} INFO - [2024-12-28T21:34:34.848+0000] {dag.py:4180} INFO - Setting next_dagrun for example_branch_operator to 2024-12-27 00:00:00+00:00, run_after=2024-12-28 00:00:00+00:00
[2024-12-28T21:34:34.869+0000] {processor.py:208} INFO - Processing /home/airflow/.local/lib/python3.12/site-packages/airflow/example_dags/example_branch_operator.py took 0.132 seconds
[2024-12-28T21:35:05.121+0000] {processor.py:186} INFO - Started process (PID=4093) to work on /home/airflow/.local/lib/python3.12/site-packages/airflow/example_dags/example_branch_operator.py
[2024-12-28T21:35:05.123+0000] {processor.py:914} INFO - Processing file /home/airflow/.local/lib/python3.12/site-packages/airflow/example_dags/example_branch_operator.py for tasks to queue
[2024-12-28T21:35:05.128+0000] {logging_mixin.py:190} INFO - [2024-12-28T21:35:05.127+0000] {dagbag.py:588} INFO - Filling up the DagBag from /home/airflow/.local/lib/python3.12/site-packages/airflow/example_dags/example_branch_operator.py
[2024-12-28T21:35:05.153+0000] {processor.py:925} INFO - DAG(s) 'example_branch_operator' retrieved from /home/airflow/.local/lib/python3.12/site-packages/airflow/example_dags/example_branch_operator.py
[2024-12-28T21:35:05.201+0000] {logging_mixin.py:190} INFO - [2024-12-28T21:35:05.201+0000] {dag.py:3239} INFO - Sync 1 DAGs
[2024-12-28T21:35:05.229+0000] {logging_mixin.py:190} INFO - [2024-12-28T21:35:05.228+0000] {dag.py:4180} INFO - Setting next_dagrun for example_branch_operator to 2024-12-27 00:00:00+00:00, run_after=2024-12-28 00:00:00+00:00
[2024-12-28T21:35:05.270+0000] {processor.py:208} INFO - Processing /home/airflow/.local/lib/python3.12/site-packages/airflow/example_dags/example_branch_operator.py took 0.160 seconds
[2024-12-28T21:35:35.943+0000] {processor.py:186} INFO - Started process (PID=4162) to work on /home/airflow/.local/lib/python3.12/site-packages/airflow/example_dags/example_branch_operator.py
[2024-12-28T21:35:35.949+0000] {processor.py:914} INFO - Processing file /home/airflow/.local/lib/python3.12/site-packages/airflow/example_dags/example_branch_operator.py for tasks to queue
[2024-12-28T21:35:35.955+0000] {logging_mixin.py:190} INFO - [2024-12-28T21:35:35.954+0000] {dagbag.py:588} INFO - Filling up the DagBag from /home/airflow/.local/lib/python3.12/site-packages/airflow/example_dags/example_branch_operator.py
[2024-12-28T21:35:35.982+0000] {processor.py:925} INFO - DAG(s) 'example_branch_operator' retrieved from /home/airflow/.local/lib/python3.12/site-packages/airflow/example_dags/example_branch_operator.py
[2024-12-28T21:35:36.011+0000] {logging_mixin.py:190} INFO - [2024-12-28T21:35:36.011+0000] {dag.py:3239} INFO - Sync 1 DAGs
[2024-12-28T21:35:36.037+0000] {logging_mixin.py:190} INFO - [2024-12-28T21:35:36.037+0000] {dag.py:4180} INFO - Setting next_dagrun for example_branch_operator to 2024-12-27 00:00:00+00:00, run_after=2024-12-28 00:00:00+00:00
[2024-12-28T21:35:36.063+0000] {processor.py:208} INFO - Processing /home/airflow/.local/lib/python3.12/site-packages/airflow/example_dags/example_branch_operator.py took 0.128 seconds
[2024-12-28T21:36:06.418+0000] {processor.py:186} INFO - Started process (PID=4231) to work on /home/airflow/.local/lib/python3.12/site-packages/airflow/example_dags/example_branch_operator.py
[2024-12-28T21:36:06.422+0000] {processor.py:914} INFO - Processing file /home/airflow/.local/lib/python3.12/site-packages/airflow/example_dags/example_branch_operator.py for tasks to queue
[2024-12-28T21:36:06.430+0000] {logging_mixin.py:190} INFO - [2024-12-28T21:36:06.429+0000] {dagbag.py:588} INFO - Filling up the DagBag from /home/airflow/.local/lib/python3.12/site-packages/airflow/example_dags/example_branch_operator.py
[2024-12-28T21:36:06.465+0000] {processor.py:925} INFO - DAG(s) 'example_branch_operator' retrieved from /home/airflow/.local/lib/python3.12/site-packages/airflow/example_dags/example_branch_operator.py
[2024-12-28T21:36:06.512+0000] {logging_mixin.py:190} INFO - [2024-12-28T21:36:06.512+0000] {dag.py:3239} INFO - Sync 1 DAGs
[2024-12-28T21:36:06.560+0000] {logging_mixin.py:190} INFO - [2024-12-28T21:36:06.560+0000] {dag.py:4180} INFO - Setting next_dagrun for example_branch_operator to 2024-12-27 00:00:00+00:00, run_after=2024-12-28 00:00:00+00:00
[2024-12-28T21:36:06.600+0000] {processor.py:208} INFO - Processing /home/airflow/.local/lib/python3.12/site-packages/airflow/example_dags/example_branch_operator.py took 0.198 seconds
[2024-12-28T21:36:36.854+0000] {processor.py:186} INFO - Started process (PID=4300) to work on /home/airflow/.local/lib/python3.12/site-packages/airflow/example_dags/example_branch_operator.py
[2024-12-28T21:36:36.856+0000] {processor.py:914} INFO - Processing file /home/airflow/.local/lib/python3.12/site-packages/airflow/example_dags/example_branch_operator.py for tasks to queue
[2024-12-28T21:36:36.861+0000] {logging_mixin.py:190} INFO - [2024-12-28T21:36:36.861+0000] {dagbag.py:588} INFO - Filling up the DagBag from /home/airflow/.local/lib/python3.12/site-packages/airflow/example_dags/example_branch_operator.py
[2024-12-28T21:36:36.890+0000] {processor.py:925} INFO - DAG(s) 'example_branch_operator' retrieved from /home/airflow/.local/lib/python3.12/site-packages/airflow/example_dags/example_branch_operator.py
[2024-12-28T21:36:36.921+0000] {logging_mixin.py:190} INFO - [2024-12-28T21:36:36.921+0000] {dag.py:3239} INFO - Sync 1 DAGs
[2024-12-28T21:36:36.952+0000] {logging_mixin.py:190} INFO - [2024-12-28T21:36:36.951+0000] {dag.py:4180} INFO - Setting next_dagrun for example_branch_operator to 2024-12-27 00:00:00+00:00, run_after=2024-12-28 00:00:00+00:00
[2024-12-28T21:36:36.976+0000] {processor.py:208} INFO - Processing /home/airflow/.local/lib/python3.12/site-packages/airflow/example_dags/example_branch_operator.py took 0.131 seconds
