[2024-12-28T21:05:12.165+0000] {processor.py:186} INFO - Started process (PID=92) to work on /home/airflow/.local/lib/python3.12/site-packages/airflow/example_dags/example_latest_only_with_trigger.py
[2024-12-28T21:05:12.167+0000] {processor.py:914} INFO - Processing file /home/airflow/.local/lib/python3.12/site-packages/airflow/example_dags/example_latest_only_with_trigger.py for tasks to queue
[2024-12-28T21:05:12.171+0000] {logging_mixin.py:190} INFO - [2024-12-28T21:05:12.171+0000] {dagbag.py:588} INFO - Filling up the DagBag from /home/airflow/.local/lib/python3.12/site-packages/airflow/example_dags/example_latest_only_with_trigger.py
[2024-12-28T21:05:12.192+0000] {processor.py:925} INFO - DAG(s) 'latest_only_with_trigger' retrieved from /home/airflow/.local/lib/python3.12/site-packages/airflow/example_dags/example_latest_only_with_trigger.py
[2024-12-28T21:05:12.478+0000] {logging_mixin.py:190} INFO - [2024-12-28T21:05:12.476+0000] {override.py:1911} INFO - Created Permission View: can edit on DAG:latest_only_with_trigger
[2024-12-28T21:05:12.518+0000] {logging_mixin.py:190} INFO - [2024-12-28T21:05:12.517+0000] {override.py:1911} INFO - Created Permission View: can read on DAG:latest_only_with_trigger
[2024-12-28T21:05:12.544+0000] {logging_mixin.py:190} INFO - [2024-12-28T21:05:12.543+0000] {override.py:1911} INFO - Created Permission View: can delete on DAG:latest_only_with_trigger
[2024-12-28T21:05:12.567+0000] {logging_mixin.py:190} INFO - [2024-12-28T21:05:12.566+0000] {override.py:1911} INFO - Created Permission View: menu access on DAG Run:latest_only_with_trigger
[2024-12-28T21:05:12.578+0000] {logging_mixin.py:190} INFO - [2024-12-28T21:05:12.578+0000] {override.py:1911} INFO - Created Permission View: can read on DAG Run:latest_only_with_trigger
[2024-12-28T21:05:12.587+0000] {logging_mixin.py:190} INFO - [2024-12-28T21:05:12.586+0000] {override.py:1911} INFO - Created Permission View: can delete on DAG Run:latest_only_with_trigger
[2024-12-28T21:05:12.596+0000] {logging_mixin.py:190} INFO - [2024-12-28T21:05:12.596+0000] {override.py:1911} INFO - Created Permission View: can create on DAG Run:latest_only_with_trigger
[2024-12-28T21:05:12.598+0000] {logging_mixin.py:190} INFO - [2024-12-28T21:05:12.597+0000] {dag.py:3239} INFO - Sync 1 DAGs
[2024-12-28T21:05:12.616+0000] {logging_mixin.py:190} INFO - [2024-12-28T21:05:12.616+0000] {dag.py:3262} INFO - Creating ORM DAG for latest_only_with_trigger
[2024-12-28T21:05:12.638+0000] {logging_mixin.py:190} INFO - [2024-12-28T21:05:12.637+0000] {dag.py:4180} INFO - Setting next_dagrun for latest_only_with_trigger to 2024-12-28 16:00:00+00:00, run_after=2024-12-28 20:00:00+00:00
[2024-12-28T21:05:12.675+0000] {processor.py:208} INFO - Processing /home/airflow/.local/lib/python3.12/site-packages/airflow/example_dags/example_latest_only_with_trigger.py took 0.520 seconds
[2024-12-28T21:05:43.613+0000] {processor.py:186} INFO - Started process (PID=161) to work on /home/airflow/.local/lib/python3.12/site-packages/airflow/example_dags/example_latest_only_with_trigger.py
[2024-12-28T21:05:43.615+0000] {processor.py:914} INFO - Processing file /home/airflow/.local/lib/python3.12/site-packages/airflow/example_dags/example_latest_only_with_trigger.py for tasks to queue
[2024-12-28T21:05:43.621+0000] {logging_mixin.py:190} INFO - [2024-12-28T21:05:43.620+0000] {dagbag.py:588} INFO - Filling up the DagBag from /home/airflow/.local/lib/python3.12/site-packages/airflow/example_dags/example_latest_only_with_trigger.py
[2024-12-28T21:05:43.637+0000] {processor.py:925} INFO - DAG(s) 'latest_only_with_trigger' retrieved from /home/airflow/.local/lib/python3.12/site-packages/airflow/example_dags/example_latest_only_with_trigger.py
[2024-12-28T21:05:43.671+0000] {logging_mixin.py:190} INFO - [2024-12-28T21:05:43.671+0000] {dag.py:3239} INFO - Sync 1 DAGs
[2024-12-28T21:05:43.693+0000] {logging_mixin.py:190} INFO - [2024-12-28T21:05:43.692+0000] {dag.py:4180} INFO - Setting next_dagrun for latest_only_with_trigger to 2024-12-28 16:00:00+00:00, run_after=2024-12-28 20:00:00+00:00
[2024-12-28T21:05:43.728+0000] {processor.py:208} INFO - Processing /home/airflow/.local/lib/python3.12/site-packages/airflow/example_dags/example_latest_only_with_trigger.py took 0.128 seconds
[2024-12-28T21:06:14.124+0000] {processor.py:186} INFO - Started process (PID=230) to work on /home/airflow/.local/lib/python3.12/site-packages/airflow/example_dags/example_latest_only_with_trigger.py
[2024-12-28T21:06:14.126+0000] {processor.py:914} INFO - Processing file /home/airflow/.local/lib/python3.12/site-packages/airflow/example_dags/example_latest_only_with_trigger.py for tasks to queue
[2024-12-28T21:06:14.128+0000] {logging_mixin.py:190} INFO - [2024-12-28T21:06:14.128+0000] {dagbag.py:588} INFO - Filling up the DagBag from /home/airflow/.local/lib/python3.12/site-packages/airflow/example_dags/example_latest_only_with_trigger.py
[2024-12-28T21:06:14.136+0000] {processor.py:925} INFO - DAG(s) 'latest_only_with_trigger' retrieved from /home/airflow/.local/lib/python3.12/site-packages/airflow/example_dags/example_latest_only_with_trigger.py
[2024-12-28T21:06:14.157+0000] {logging_mixin.py:190} INFO - [2024-12-28T21:06:14.157+0000] {dag.py:3239} INFO - Sync 1 DAGs
[2024-12-28T21:06:14.181+0000] {logging_mixin.py:190} INFO - [2024-12-28T21:06:14.180+0000] {dag.py:4180} INFO - Setting next_dagrun for latest_only_with_trigger to 2024-12-28 16:00:00+00:00, run_after=2024-12-28 20:00:00+00:00
[2024-12-28T21:06:14.216+0000] {processor.py:208} INFO - Processing /home/airflow/.local/lib/python3.12/site-packages/airflow/example_dags/example_latest_only_with_trigger.py took 0.097 seconds
[2024-12-28T21:06:45.217+0000] {processor.py:186} INFO - Started process (PID=299) to work on /home/airflow/.local/lib/python3.12/site-packages/airflow/example_dags/example_latest_only_with_trigger.py
[2024-12-28T21:06:45.219+0000] {processor.py:914} INFO - Processing file /home/airflow/.local/lib/python3.12/site-packages/airflow/example_dags/example_latest_only_with_trigger.py for tasks to queue
[2024-12-28T21:06:45.222+0000] {logging_mixin.py:190} INFO - [2024-12-28T21:06:45.222+0000] {dagbag.py:588} INFO - Filling up the DagBag from /home/airflow/.local/lib/python3.12/site-packages/airflow/example_dags/example_latest_only_with_trigger.py
[2024-12-28T21:06:45.230+0000] {processor.py:925} INFO - DAG(s) 'latest_only_with_trigger' retrieved from /home/airflow/.local/lib/python3.12/site-packages/airflow/example_dags/example_latest_only_with_trigger.py
[2024-12-28T21:06:45.252+0000] {logging_mixin.py:190} INFO - [2024-12-28T21:06:45.252+0000] {dag.py:3239} INFO - Sync 1 DAGs
[2024-12-28T21:06:45.274+0000] {logging_mixin.py:190} INFO - [2024-12-28T21:06:45.274+0000] {dag.py:4180} INFO - Setting next_dagrun for latest_only_with_trigger to 2024-12-28 16:00:00+00:00, run_after=2024-12-28 20:00:00+00:00
[2024-12-28T21:06:45.292+0000] {processor.py:208} INFO - Processing /home/airflow/.local/lib/python3.12/site-packages/airflow/example_dags/example_latest_only_with_trigger.py took 0.088 seconds
[2024-12-28T21:07:15.655+0000] {processor.py:186} INFO - Started process (PID=368) to work on /home/airflow/.local/lib/python3.12/site-packages/airflow/example_dags/example_latest_only_with_trigger.py
[2024-12-28T21:07:15.657+0000] {processor.py:914} INFO - Processing file /home/airflow/.local/lib/python3.12/site-packages/airflow/example_dags/example_latest_only_with_trigger.py for tasks to queue
[2024-12-28T21:07:15.662+0000] {logging_mixin.py:190} INFO - [2024-12-28T21:07:15.661+0000] {dagbag.py:588} INFO - Filling up the DagBag from /home/airflow/.local/lib/python3.12/site-packages/airflow/example_dags/example_latest_only_with_trigger.py
[2024-12-28T21:07:15.679+0000] {processor.py:925} INFO - DAG(s) 'latest_only_with_trigger' retrieved from /home/airflow/.local/lib/python3.12/site-packages/airflow/example_dags/example_latest_only_with_trigger.py
[2024-12-28T21:07:15.722+0000] {logging_mixin.py:190} INFO - [2024-12-28T21:07:15.721+0000] {dag.py:3239} INFO - Sync 1 DAGs
[2024-12-28T21:07:15.745+0000] {logging_mixin.py:190} INFO - [2024-12-28T21:07:15.745+0000] {dag.py:4180} INFO - Setting next_dagrun for latest_only_with_trigger to 2024-12-28 16:00:00+00:00, run_after=2024-12-28 20:00:00+00:00
[2024-12-28T21:07:15.762+0000] {processor.py:208} INFO - Processing /home/airflow/.local/lib/python3.12/site-packages/airflow/example_dags/example_latest_only_with_trigger.py took 0.123 seconds
[2024-12-28T21:07:46.185+0000] {processor.py:186} INFO - Started process (PID=437) to work on /home/airflow/.local/lib/python3.12/site-packages/airflow/example_dags/example_latest_only_with_trigger.py
[2024-12-28T21:07:46.188+0000] {processor.py:914} INFO - Processing file /home/airflow/.local/lib/python3.12/site-packages/airflow/example_dags/example_latest_only_with_trigger.py for tasks to queue
[2024-12-28T21:07:46.190+0000] {logging_mixin.py:190} INFO - [2024-12-28T21:07:46.190+0000] {dagbag.py:588} INFO - Filling up the DagBag from /home/airflow/.local/lib/python3.12/site-packages/airflow/example_dags/example_latest_only_with_trigger.py
[2024-12-28T21:07:46.198+0000] {processor.py:925} INFO - DAG(s) 'latest_only_with_trigger' retrieved from /home/airflow/.local/lib/python3.12/site-packages/airflow/example_dags/example_latest_only_with_trigger.py
[2024-12-28T21:07:46.218+0000] {logging_mixin.py:190} INFO - [2024-12-28T21:07:46.218+0000] {dag.py:3239} INFO - Sync 1 DAGs
[2024-12-28T21:07:46.242+0000] {logging_mixin.py:190} INFO - [2024-12-28T21:07:46.242+0000] {dag.py:4180} INFO - Setting next_dagrun for latest_only_with_trigger to 2024-12-28 16:00:00+00:00, run_after=2024-12-28 20:00:00+00:00
[2024-12-28T21:07:46.288+0000] {processor.py:208} INFO - Processing /home/airflow/.local/lib/python3.12/site-packages/airflow/example_dags/example_latest_only_with_trigger.py took 0.110 seconds
[2024-12-28T21:08:17.180+0000] {processor.py:186} INFO - Started process (PID=506) to work on /home/airflow/.local/lib/python3.12/site-packages/airflow/example_dags/example_latest_only_with_trigger.py
[2024-12-28T21:08:17.183+0000] {processor.py:914} INFO - Processing file /home/airflow/.local/lib/python3.12/site-packages/airflow/example_dags/example_latest_only_with_trigger.py for tasks to queue
[2024-12-28T21:08:17.187+0000] {logging_mixin.py:190} INFO - [2024-12-28T21:08:17.186+0000] {dagbag.py:588} INFO - Filling up the DagBag from /home/airflow/.local/lib/python3.12/site-packages/airflow/example_dags/example_latest_only_with_trigger.py
[2024-12-28T21:08:17.204+0000] {processor.py:925} INFO - DAG(s) 'latest_only_with_trigger' retrieved from /home/airflow/.local/lib/python3.12/site-packages/airflow/example_dags/example_latest_only_with_trigger.py
[2024-12-28T21:08:17.236+0000] {logging_mixin.py:190} INFO - [2024-12-28T21:08:17.236+0000] {dag.py:3239} INFO - Sync 1 DAGs
[2024-12-28T21:08:17.260+0000] {logging_mixin.py:190} INFO - [2024-12-28T21:08:17.260+0000] {dag.py:4180} INFO - Setting next_dagrun for latest_only_with_trigger to 2024-12-28 16:00:00+00:00, run_after=2024-12-28 20:00:00+00:00
[2024-12-28T21:08:17.290+0000] {processor.py:208} INFO - Processing /home/airflow/.local/lib/python3.12/site-packages/airflow/example_dags/example_latest_only_with_trigger.py took 0.127 seconds
[2024-12-28T21:08:47.787+0000] {processor.py:186} INFO - Started process (PID=576) to work on /home/airflow/.local/lib/python3.12/site-packages/airflow/example_dags/example_latest_only_with_trigger.py
[2024-12-28T21:08:47.790+0000] {processor.py:914} INFO - Processing file /home/airflow/.local/lib/python3.12/site-packages/airflow/example_dags/example_latest_only_with_trigger.py for tasks to queue
[2024-12-28T21:08:47.792+0000] {logging_mixin.py:190} INFO - [2024-12-28T21:08:47.792+0000] {dagbag.py:588} INFO - Filling up the DagBag from /home/airflow/.local/lib/python3.12/site-packages/airflow/example_dags/example_latest_only_with_trigger.py
[2024-12-28T21:08:47.802+0000] {processor.py:925} INFO - DAG(s) 'latest_only_with_trigger' retrieved from /home/airflow/.local/lib/python3.12/site-packages/airflow/example_dags/example_latest_only_with_trigger.py
[2024-12-28T21:08:47.828+0000] {logging_mixin.py:190} INFO - [2024-12-28T21:08:47.827+0000] {dag.py:3239} INFO - Sync 1 DAGs
[2024-12-28T21:08:47.853+0000] {logging_mixin.py:190} INFO - [2024-12-28T21:08:47.853+0000] {dag.py:4180} INFO - Setting next_dagrun for latest_only_with_trigger to 2024-12-28 16:00:00+00:00, run_after=2024-12-28 20:00:00+00:00
[2024-12-28T21:08:47.892+0000] {processor.py:208} INFO - Processing /home/airflow/.local/lib/python3.12/site-packages/airflow/example_dags/example_latest_only_with_trigger.py took 0.111 seconds
[2024-12-28T21:09:18.479+0000] {processor.py:186} INFO - Started process (PID=645) to work on /home/airflow/.local/lib/python3.12/site-packages/airflow/example_dags/example_latest_only_with_trigger.py
[2024-12-28T21:09:18.483+0000] {processor.py:914} INFO - Processing file /home/airflow/.local/lib/python3.12/site-packages/airflow/example_dags/example_latest_only_with_trigger.py for tasks to queue
[2024-12-28T21:09:18.491+0000] {logging_mixin.py:190} INFO - [2024-12-28T21:09:18.490+0000] {dagbag.py:588} INFO - Filling up the DagBag from /home/airflow/.local/lib/python3.12/site-packages/airflow/example_dags/example_latest_only_with_trigger.py
[2024-12-28T21:09:18.503+0000] {processor.py:925} INFO - DAG(s) 'latest_only_with_trigger' retrieved from /home/airflow/.local/lib/python3.12/site-packages/airflow/example_dags/example_latest_only_with_trigger.py
[2024-12-28T21:09:18.524+0000] {logging_mixin.py:190} INFO - [2024-12-28T21:09:18.524+0000] {dag.py:3239} INFO - Sync 1 DAGs
[2024-12-28T21:09:18.546+0000] {logging_mixin.py:190} INFO - [2024-12-28T21:09:18.546+0000] {dag.py:4180} INFO - Setting next_dagrun for latest_only_with_trigger to 2024-12-28 16:00:00+00:00, run_after=2024-12-28 20:00:00+00:00
[2024-12-28T21:09:18.568+0000] {processor.py:208} INFO - Processing /home/airflow/.local/lib/python3.12/site-packages/airflow/example_dags/example_latest_only_with_trigger.py took 0.100 seconds
[2024-12-28T21:09:48.940+0000] {processor.py:186} INFO - Started process (PID=714) to work on /home/airflow/.local/lib/python3.12/site-packages/airflow/example_dags/example_latest_only_with_trigger.py
[2024-12-28T21:09:48.944+0000] {processor.py:914} INFO - Processing file /home/airflow/.local/lib/python3.12/site-packages/airflow/example_dags/example_latest_only_with_trigger.py for tasks to queue
[2024-12-28T21:09:48.950+0000] {logging_mixin.py:190} INFO - [2024-12-28T21:09:48.950+0000] {dagbag.py:588} INFO - Filling up the DagBag from /home/airflow/.local/lib/python3.12/site-packages/airflow/example_dags/example_latest_only_with_trigger.py
[2024-12-28T21:09:48.967+0000] {processor.py:925} INFO - DAG(s) 'latest_only_with_trigger' retrieved from /home/airflow/.local/lib/python3.12/site-packages/airflow/example_dags/example_latest_only_with_trigger.py
[2024-12-28T21:09:48.991+0000] {logging_mixin.py:190} INFO - [2024-12-28T21:09:48.991+0000] {dag.py:3239} INFO - Sync 1 DAGs
[2024-12-28T21:09:49.013+0000] {logging_mixin.py:190} INFO - [2024-12-28T21:09:49.013+0000] {dag.py:4180} INFO - Setting next_dagrun for latest_only_with_trigger to 2024-12-28 16:00:00+00:00, run_after=2024-12-28 20:00:00+00:00
[2024-12-28T21:09:49.033+0000] {processor.py:208} INFO - Processing /home/airflow/.local/lib/python3.12/site-packages/airflow/example_dags/example_latest_only_with_trigger.py took 0.108 seconds
[2024-12-28T21:10:19.751+0000] {processor.py:186} INFO - Started process (PID=783) to work on /home/airflow/.local/lib/python3.12/site-packages/airflow/example_dags/example_latest_only_with_trigger.py
[2024-12-28T21:10:19.753+0000] {processor.py:914} INFO - Processing file /home/airflow/.local/lib/python3.12/site-packages/airflow/example_dags/example_latest_only_with_trigger.py for tasks to queue
[2024-12-28T21:10:19.757+0000] {logging_mixin.py:190} INFO - [2024-12-28T21:10:19.757+0000] {dagbag.py:588} INFO - Filling up the DagBag from /home/airflow/.local/lib/python3.12/site-packages/airflow/example_dags/example_latest_only_with_trigger.py
[2024-12-28T21:10:19.766+0000] {processor.py:925} INFO - DAG(s) 'latest_only_with_trigger' retrieved from /home/airflow/.local/lib/python3.12/site-packages/airflow/example_dags/example_latest_only_with_trigger.py
[2024-12-28T21:10:19.789+0000] {logging_mixin.py:190} INFO - [2024-12-28T21:10:19.789+0000] {dag.py:3239} INFO - Sync 1 DAGs
[2024-12-28T21:10:19.811+0000] {logging_mixin.py:190} INFO - [2024-12-28T21:10:19.811+0000] {dag.py:4180} INFO - Setting next_dagrun for latest_only_with_trigger to 2024-12-28 16:00:00+00:00, run_after=2024-12-28 20:00:00+00:00
[2024-12-28T21:10:19.846+0000] {processor.py:208} INFO - Processing /home/airflow/.local/lib/python3.12/site-packages/airflow/example_dags/example_latest_only_with_trigger.py took 0.103 seconds
[2024-12-28T21:10:50.589+0000] {processor.py:186} INFO - Started process (PID=851) to work on /home/airflow/.local/lib/python3.12/site-packages/airflow/example_dags/example_latest_only_with_trigger.py
[2024-12-28T21:10:50.591+0000] {processor.py:914} INFO - Processing file /home/airflow/.local/lib/python3.12/site-packages/airflow/example_dags/example_latest_only_with_trigger.py for tasks to queue
[2024-12-28T21:10:50.595+0000] {logging_mixin.py:190} INFO - [2024-12-28T21:10:50.595+0000] {dagbag.py:588} INFO - Filling up the DagBag from /home/airflow/.local/lib/python3.12/site-packages/airflow/example_dags/example_latest_only_with_trigger.py
[2024-12-28T21:10:50.603+0000] {processor.py:925} INFO - DAG(s) 'latest_only_with_trigger' retrieved from /home/airflow/.local/lib/python3.12/site-packages/airflow/example_dags/example_latest_only_with_trigger.py
[2024-12-28T21:10:50.621+0000] {logging_mixin.py:190} INFO - [2024-12-28T21:10:50.621+0000] {dag.py:3239} INFO - Sync 1 DAGs
[2024-12-28T21:10:50.645+0000] {logging_mixin.py:190} INFO - [2024-12-28T21:10:50.645+0000] {dag.py:4180} INFO - Setting next_dagrun for latest_only_with_trigger to 2024-12-28 16:00:00+00:00, run_after=2024-12-28 20:00:00+00:00
[2024-12-28T21:10:50.668+0000] {processor.py:208} INFO - Processing /home/airflow/.local/lib/python3.12/site-packages/airflow/example_dags/example_latest_only_with_trigger.py took 0.087 seconds
[2024-12-28T21:11:21.051+0000] {processor.py:186} INFO - Started process (PID=920) to work on /home/airflow/.local/lib/python3.12/site-packages/airflow/example_dags/example_latest_only_with_trigger.py
[2024-12-28T21:11:21.053+0000] {processor.py:914} INFO - Processing file /home/airflow/.local/lib/python3.12/site-packages/airflow/example_dags/example_latest_only_with_trigger.py for tasks to queue
[2024-12-28T21:11:21.056+0000] {logging_mixin.py:190} INFO - [2024-12-28T21:11:21.056+0000] {dagbag.py:588} INFO - Filling up the DagBag from /home/airflow/.local/lib/python3.12/site-packages/airflow/example_dags/example_latest_only_with_trigger.py
[2024-12-28T21:11:21.064+0000] {processor.py:925} INFO - DAG(s) 'latest_only_with_trigger' retrieved from /home/airflow/.local/lib/python3.12/site-packages/airflow/example_dags/example_latest_only_with_trigger.py
[2024-12-28T21:11:21.094+0000] {logging_mixin.py:190} INFO - [2024-12-28T21:11:21.093+0000] {dag.py:3239} INFO - Sync 1 DAGs
[2024-12-28T21:11:21.145+0000] {logging_mixin.py:190} INFO - [2024-12-28T21:11:21.144+0000] {dag.py:4180} INFO - Setting next_dagrun for latest_only_with_trigger to 2024-12-28 16:00:00+00:00, run_after=2024-12-28 20:00:00+00:00
[2024-12-28T21:11:21.167+0000] {processor.py:208} INFO - Processing /home/airflow/.local/lib/python3.12/site-packages/airflow/example_dags/example_latest_only_with_trigger.py took 0.123 seconds
[2024-12-28T21:11:51.395+0000] {processor.py:186} INFO - Started process (PID=989) to work on /home/airflow/.local/lib/python3.12/site-packages/airflow/example_dags/example_latest_only_with_trigger.py
[2024-12-28T21:11:51.398+0000] {processor.py:914} INFO - Processing file /home/airflow/.local/lib/python3.12/site-packages/airflow/example_dags/example_latest_only_with_trigger.py for tasks to queue
[2024-12-28T21:11:51.402+0000] {logging_mixin.py:190} INFO - [2024-12-28T21:11:51.401+0000] {dagbag.py:588} INFO - Filling up the DagBag from /home/airflow/.local/lib/python3.12/site-packages/airflow/example_dags/example_latest_only_with_trigger.py
[2024-12-28T21:11:51.415+0000] {processor.py:925} INFO - DAG(s) 'latest_only_with_trigger' retrieved from /home/airflow/.local/lib/python3.12/site-packages/airflow/example_dags/example_latest_only_with_trigger.py
[2024-12-28T21:11:51.445+0000] {logging_mixin.py:190} INFO - [2024-12-28T21:11:51.445+0000] {dag.py:3239} INFO - Sync 1 DAGs
[2024-12-28T21:11:51.494+0000] {logging_mixin.py:190} INFO - [2024-12-28T21:11:51.493+0000] {dag.py:4180} INFO - Setting next_dagrun for latest_only_with_trigger to 2024-12-28 16:00:00+00:00, run_after=2024-12-28 20:00:00+00:00
[2024-12-28T21:11:51.528+0000] {processor.py:208} INFO - Processing /home/airflow/.local/lib/python3.12/site-packages/airflow/example_dags/example_latest_only_with_trigger.py took 0.145 seconds
[2024-12-28T21:12:21.795+0000] {processor.py:186} INFO - Started process (PID=1058) to work on /home/airflow/.local/lib/python3.12/site-packages/airflow/example_dags/example_latest_only_with_trigger.py
[2024-12-28T21:12:21.797+0000] {processor.py:914} INFO - Processing file /home/airflow/.local/lib/python3.12/site-packages/airflow/example_dags/example_latest_only_with_trigger.py for tasks to queue
[2024-12-28T21:12:21.802+0000] {logging_mixin.py:190} INFO - [2024-12-28T21:12:21.801+0000] {dagbag.py:588} INFO - Filling up the DagBag from /home/airflow/.local/lib/python3.12/site-packages/airflow/example_dags/example_latest_only_with_trigger.py
[2024-12-28T21:12:21.811+0000] {processor.py:925} INFO - DAG(s) 'latest_only_with_trigger' retrieved from /home/airflow/.local/lib/python3.12/site-packages/airflow/example_dags/example_latest_only_with_trigger.py
[2024-12-28T21:12:21.839+0000] {logging_mixin.py:190} INFO - [2024-12-28T21:12:21.839+0000] {dag.py:3239} INFO - Sync 1 DAGs
[2024-12-28T21:12:21.863+0000] {logging_mixin.py:190} INFO - [2024-12-28T21:12:21.863+0000] {dag.py:4180} INFO - Setting next_dagrun for latest_only_with_trigger to 2024-12-28 16:00:00+00:00, run_after=2024-12-28 20:00:00+00:00
[2024-12-28T21:12:21.881+0000] {processor.py:208} INFO - Processing /home/airflow/.local/lib/python3.12/site-packages/airflow/example_dags/example_latest_only_with_trigger.py took 0.094 seconds
[2024-12-28T21:12:52.662+0000] {processor.py:186} INFO - Started process (PID=1127) to work on /home/airflow/.local/lib/python3.12/site-packages/airflow/example_dags/example_latest_only_with_trigger.py
[2024-12-28T21:12:52.664+0000] {processor.py:914} INFO - Processing file /home/airflow/.local/lib/python3.12/site-packages/airflow/example_dags/example_latest_only_with_trigger.py for tasks to queue
[2024-12-28T21:12:52.668+0000] {logging_mixin.py:190} INFO - [2024-12-28T21:12:52.667+0000] {dagbag.py:588} INFO - Filling up the DagBag from /home/airflow/.local/lib/python3.12/site-packages/airflow/example_dags/example_latest_only_with_trigger.py
[2024-12-28T21:12:52.692+0000] {processor.py:925} INFO - DAG(s) 'latest_only_with_trigger' retrieved from /home/airflow/.local/lib/python3.12/site-packages/airflow/example_dags/example_latest_only_with_trigger.py
[2024-12-28T21:12:52.738+0000] {logging_mixin.py:190} INFO - [2024-12-28T21:12:52.737+0000] {dag.py:3239} INFO - Sync 1 DAGs
[2024-12-28T21:12:52.791+0000] {logging_mixin.py:190} INFO - [2024-12-28T21:12:52.791+0000] {dag.py:4180} INFO - Setting next_dagrun for latest_only_with_trigger to 2024-12-28 16:00:00+00:00, run_after=2024-12-28 20:00:00+00:00
[2024-12-28T21:12:52.863+0000] {processor.py:208} INFO - Processing /home/airflow/.local/lib/python3.12/site-packages/airflow/example_dags/example_latest_only_with_trigger.py took 0.214 seconds
[2024-12-28T21:13:23.135+0000] {processor.py:186} INFO - Started process (PID=1196) to work on /home/airflow/.local/lib/python3.12/site-packages/airflow/example_dags/example_latest_only_with_trigger.py
[2024-12-28T21:13:23.137+0000] {processor.py:914} INFO - Processing file /home/airflow/.local/lib/python3.12/site-packages/airflow/example_dags/example_latest_only_with_trigger.py for tasks to queue
[2024-12-28T21:13:23.142+0000] {logging_mixin.py:190} INFO - [2024-12-28T21:13:23.141+0000] {dagbag.py:588} INFO - Filling up the DagBag from /home/airflow/.local/lib/python3.12/site-packages/airflow/example_dags/example_latest_only_with_trigger.py
[2024-12-28T21:13:23.156+0000] {processor.py:925} INFO - DAG(s) 'latest_only_with_trigger' retrieved from /home/airflow/.local/lib/python3.12/site-packages/airflow/example_dags/example_latest_only_with_trigger.py
[2024-12-28T21:13:23.184+0000] {logging_mixin.py:190} INFO - [2024-12-28T21:13:23.184+0000] {dag.py:3239} INFO - Sync 1 DAGs
[2024-12-28T21:13:23.206+0000] {logging_mixin.py:190} INFO - [2024-12-28T21:13:23.206+0000] {dag.py:4180} INFO - Setting next_dagrun for latest_only_with_trigger to 2024-12-28 16:00:00+00:00, run_after=2024-12-28 20:00:00+00:00
[2024-12-28T21:13:23.225+0000] {processor.py:208} INFO - Processing /home/airflow/.local/lib/python3.12/site-packages/airflow/example_dags/example_latest_only_with_trigger.py took 0.101 seconds
[2024-12-28T21:13:53.501+0000] {processor.py:186} INFO - Started process (PID=1265) to work on /home/airflow/.local/lib/python3.12/site-packages/airflow/example_dags/example_latest_only_with_trigger.py
[2024-12-28T21:13:53.504+0000] {processor.py:914} INFO - Processing file /home/airflow/.local/lib/python3.12/site-packages/airflow/example_dags/example_latest_only_with_trigger.py for tasks to queue
[2024-12-28T21:13:53.508+0000] {logging_mixin.py:190} INFO - [2024-12-28T21:13:53.508+0000] {dagbag.py:588} INFO - Filling up the DagBag from /home/airflow/.local/lib/python3.12/site-packages/airflow/example_dags/example_latest_only_with_trigger.py
[2024-12-28T21:13:53.524+0000] {processor.py:925} INFO - DAG(s) 'latest_only_with_trigger' retrieved from /home/airflow/.local/lib/python3.12/site-packages/airflow/example_dags/example_latest_only_with_trigger.py
[2024-12-28T21:13:53.582+0000] {logging_mixin.py:190} INFO - [2024-12-28T21:13:53.582+0000] {dag.py:3239} INFO - Sync 1 DAGs
[2024-12-28T21:13:53.611+0000] {logging_mixin.py:190} INFO - [2024-12-28T21:13:53.611+0000] {dag.py:4180} INFO - Setting next_dagrun for latest_only_with_trigger to 2024-12-28 16:00:00+00:00, run_after=2024-12-28 20:00:00+00:00
[2024-12-28T21:13:53.630+0000] {processor.py:208} INFO - Processing /home/airflow/.local/lib/python3.12/site-packages/airflow/example_dags/example_latest_only_with_trigger.py took 0.141 seconds
[2024-12-28T21:14:23.915+0000] {processor.py:186} INFO - Started process (PID=1334) to work on /home/airflow/.local/lib/python3.12/site-packages/airflow/example_dags/example_latest_only_with_trigger.py
[2024-12-28T21:14:23.917+0000] {processor.py:914} INFO - Processing file /home/airflow/.local/lib/python3.12/site-packages/airflow/example_dags/example_latest_only_with_trigger.py for tasks to queue
[2024-12-28T21:14:23.920+0000] {logging_mixin.py:190} INFO - [2024-12-28T21:14:23.920+0000] {dagbag.py:588} INFO - Filling up the DagBag from /home/airflow/.local/lib/python3.12/site-packages/airflow/example_dags/example_latest_only_with_trigger.py
[2024-12-28T21:14:23.937+0000] {processor.py:925} INFO - DAG(s) 'latest_only_with_trigger' retrieved from /home/airflow/.local/lib/python3.12/site-packages/airflow/example_dags/example_latest_only_with_trigger.py
[2024-12-28T21:14:23.986+0000] {logging_mixin.py:190} INFO - [2024-12-28T21:14:23.985+0000] {dag.py:3239} INFO - Sync 1 DAGs
[2024-12-28T21:14:24.046+0000] {logging_mixin.py:190} INFO - [2024-12-28T21:14:24.046+0000] {dag.py:4180} INFO - Setting next_dagrun for latest_only_with_trigger to 2024-12-28 16:00:00+00:00, run_after=2024-12-28 20:00:00+00:00
[2024-12-28T21:14:24.114+0000] {processor.py:208} INFO - Processing /home/airflow/.local/lib/python3.12/site-packages/airflow/example_dags/example_latest_only_with_trigger.py took 0.209 seconds
[2024-12-28T21:14:54.328+0000] {processor.py:186} INFO - Started process (PID=1402) to work on /home/airflow/.local/lib/python3.12/site-packages/airflow/example_dags/example_latest_only_with_trigger.py
[2024-12-28T21:14:54.331+0000] {processor.py:914} INFO - Processing file /home/airflow/.local/lib/python3.12/site-packages/airflow/example_dags/example_latest_only_with_trigger.py for tasks to queue
[2024-12-28T21:14:54.338+0000] {logging_mixin.py:190} INFO - [2024-12-28T21:14:54.337+0000] {dagbag.py:588} INFO - Filling up the DagBag from /home/airflow/.local/lib/python3.12/site-packages/airflow/example_dags/example_latest_only_with_trigger.py
[2024-12-28T21:14:54.358+0000] {processor.py:925} INFO - DAG(s) 'latest_only_with_trigger' retrieved from /home/airflow/.local/lib/python3.12/site-packages/airflow/example_dags/example_latest_only_with_trigger.py
[2024-12-28T21:14:54.407+0000] {logging_mixin.py:190} INFO - [2024-12-28T21:14:54.407+0000] {dag.py:3239} INFO - Sync 1 DAGs
[2024-12-28T21:14:54.450+0000] {logging_mixin.py:190} INFO - [2024-12-28T21:14:54.449+0000] {dag.py:4180} INFO - Setting next_dagrun for latest_only_with_trigger to 2024-12-28 16:00:00+00:00, run_after=2024-12-28 20:00:00+00:00
[2024-12-28T21:14:54.490+0000] {processor.py:208} INFO - Processing /home/airflow/.local/lib/python3.12/site-packages/airflow/example_dags/example_latest_only_with_trigger.py took 0.174 seconds
[2024-12-28T21:15:25.068+0000] {processor.py:186} INFO - Started process (PID=1471) to work on /home/airflow/.local/lib/python3.12/site-packages/airflow/example_dags/example_latest_only_with_trigger.py
[2024-12-28T21:15:25.072+0000] {processor.py:914} INFO - Processing file /home/airflow/.local/lib/python3.12/site-packages/airflow/example_dags/example_latest_only_with_trigger.py for tasks to queue
[2024-12-28T21:15:25.081+0000] {logging_mixin.py:190} INFO - [2024-12-28T21:15:25.080+0000] {dagbag.py:588} INFO - Filling up the DagBag from /home/airflow/.local/lib/python3.12/site-packages/airflow/example_dags/example_latest_only_with_trigger.py
[2024-12-28T21:15:25.098+0000] {processor.py:925} INFO - DAG(s) 'latest_only_with_trigger' retrieved from /home/airflow/.local/lib/python3.12/site-packages/airflow/example_dags/example_latest_only_with_trigger.py
[2024-12-28T21:15:25.123+0000] {logging_mixin.py:190} INFO - [2024-12-28T21:15:25.122+0000] {dag.py:3239} INFO - Sync 1 DAGs
[2024-12-28T21:15:25.151+0000] {logging_mixin.py:190} INFO - [2024-12-28T21:15:25.151+0000] {dag.py:4180} INFO - Setting next_dagrun for latest_only_with_trigger to 2024-12-28 16:00:00+00:00, run_after=2024-12-28 20:00:00+00:00
[2024-12-28T21:15:25.189+0000] {processor.py:208} INFO - Processing /home/airflow/.local/lib/python3.12/site-packages/airflow/example_dags/example_latest_only_with_trigger.py took 0.139 seconds
[2024-12-28T21:15:55.985+0000] {processor.py:186} INFO - Started process (PID=1541) to work on /home/airflow/.local/lib/python3.12/site-packages/airflow/example_dags/example_latest_only_with_trigger.py
[2024-12-28T21:15:55.988+0000] {processor.py:914} INFO - Processing file /home/airflow/.local/lib/python3.12/site-packages/airflow/example_dags/example_latest_only_with_trigger.py for tasks to queue
[2024-12-28T21:15:55.993+0000] {logging_mixin.py:190} INFO - [2024-12-28T21:15:55.992+0000] {dagbag.py:588} INFO - Filling up the DagBag from /home/airflow/.local/lib/python3.12/site-packages/airflow/example_dags/example_latest_only_with_trigger.py
[2024-12-28T21:15:56.012+0000] {processor.py:925} INFO - DAG(s) 'latest_only_with_trigger' retrieved from /home/airflow/.local/lib/python3.12/site-packages/airflow/example_dags/example_latest_only_with_trigger.py
[2024-12-28T21:15:56.056+0000] {logging_mixin.py:190} INFO - [2024-12-28T21:15:56.055+0000] {dag.py:3239} INFO - Sync 1 DAGs
[2024-12-28T21:15:56.092+0000] {logging_mixin.py:190} INFO - [2024-12-28T21:15:56.092+0000] {dag.py:4180} INFO - Setting next_dagrun for latest_only_with_trigger to 2024-12-28 16:00:00+00:00, run_after=2024-12-28 20:00:00+00:00
[2024-12-28T21:15:56.132+0000] {processor.py:208} INFO - Processing /home/airflow/.local/lib/python3.12/site-packages/airflow/example_dags/example_latest_only_with_trigger.py took 0.163 seconds
[2024-12-28T21:16:26.465+0000] {processor.py:186} INFO - Started process (PID=1610) to work on /home/airflow/.local/lib/python3.12/site-packages/airflow/example_dags/example_latest_only_with_trigger.py
[2024-12-28T21:16:26.467+0000] {processor.py:914} INFO - Processing file /home/airflow/.local/lib/python3.12/site-packages/airflow/example_dags/example_latest_only_with_trigger.py for tasks to queue
[2024-12-28T21:16:26.470+0000] {logging_mixin.py:190} INFO - [2024-12-28T21:16:26.470+0000] {dagbag.py:588} INFO - Filling up the DagBag from /home/airflow/.local/lib/python3.12/site-packages/airflow/example_dags/example_latest_only_with_trigger.py
[2024-12-28T21:16:26.482+0000] {processor.py:925} INFO - DAG(s) 'latest_only_with_trigger' retrieved from /home/airflow/.local/lib/python3.12/site-packages/airflow/example_dags/example_latest_only_with_trigger.py
[2024-12-28T21:16:26.513+0000] {logging_mixin.py:190} INFO - [2024-12-28T21:16:26.513+0000] {dag.py:3239} INFO - Sync 1 DAGs
[2024-12-28T21:16:26.543+0000] {logging_mixin.py:190} INFO - [2024-12-28T21:16:26.543+0000] {dag.py:4180} INFO - Setting next_dagrun for latest_only_with_trigger to 2024-12-28 16:00:00+00:00, run_after=2024-12-28 20:00:00+00:00
[2024-12-28T21:16:26.566+0000] {processor.py:208} INFO - Processing /home/airflow/.local/lib/python3.12/site-packages/airflow/example_dags/example_latest_only_with_trigger.py took 0.109 seconds
[2024-12-28T21:16:56.927+0000] {processor.py:186} INFO - Started process (PID=1678) to work on /home/airflow/.local/lib/python3.12/site-packages/airflow/example_dags/example_latest_only_with_trigger.py
[2024-12-28T21:16:56.930+0000] {processor.py:914} INFO - Processing file /home/airflow/.local/lib/python3.12/site-packages/airflow/example_dags/example_latest_only_with_trigger.py for tasks to queue
[2024-12-28T21:16:56.933+0000] {logging_mixin.py:190} INFO - [2024-12-28T21:16:56.932+0000] {dagbag.py:588} INFO - Filling up the DagBag from /home/airflow/.local/lib/python3.12/site-packages/airflow/example_dags/example_latest_only_with_trigger.py
[2024-12-28T21:16:56.941+0000] {processor.py:925} INFO - DAG(s) 'latest_only_with_trigger' retrieved from /home/airflow/.local/lib/python3.12/site-packages/airflow/example_dags/example_latest_only_with_trigger.py
[2024-12-28T21:16:56.970+0000] {logging_mixin.py:190} INFO - [2024-12-28T21:16:56.969+0000] {dag.py:3239} INFO - Sync 1 DAGs
[2024-12-28T21:16:57.000+0000] {logging_mixin.py:190} INFO - [2024-12-28T21:16:56.999+0000] {dag.py:4180} INFO - Setting next_dagrun for latest_only_with_trigger to 2024-12-28 16:00:00+00:00, run_after=2024-12-28 20:00:00+00:00
[2024-12-28T21:16:57.042+0000] {processor.py:208} INFO - Processing /home/airflow/.local/lib/python3.12/site-packages/airflow/example_dags/example_latest_only_with_trigger.py took 0.120 seconds
[2024-12-28T21:17:27.683+0000] {processor.py:186} INFO - Started process (PID=1746) to work on /home/airflow/.local/lib/python3.12/site-packages/airflow/example_dags/example_latest_only_with_trigger.py
[2024-12-28T21:17:27.687+0000] {processor.py:914} INFO - Processing file /home/airflow/.local/lib/python3.12/site-packages/airflow/example_dags/example_latest_only_with_trigger.py for tasks to queue
[2024-12-28T21:17:27.693+0000] {logging_mixin.py:190} INFO - [2024-12-28T21:17:27.693+0000] {dagbag.py:588} INFO - Filling up the DagBag from /home/airflow/.local/lib/python3.12/site-packages/airflow/example_dags/example_latest_only_with_trigger.py
[2024-12-28T21:17:27.708+0000] {processor.py:925} INFO - DAG(s) 'latest_only_with_trigger' retrieved from /home/airflow/.local/lib/python3.12/site-packages/airflow/example_dags/example_latest_only_with_trigger.py
[2024-12-28T21:17:27.743+0000] {logging_mixin.py:190} INFO - [2024-12-28T21:17:27.743+0000] {dag.py:3239} INFO - Sync 1 DAGs
[2024-12-28T21:17:27.779+0000] {logging_mixin.py:190} INFO - [2024-12-28T21:17:27.779+0000] {dag.py:4180} INFO - Setting next_dagrun for latest_only_with_trigger to 2024-12-28 16:00:00+00:00, run_after=2024-12-28 20:00:00+00:00
[2024-12-28T21:17:27.812+0000] {processor.py:208} INFO - Processing /home/airflow/.local/lib/python3.12/site-packages/airflow/example_dags/example_latest_only_with_trigger.py took 0.151 seconds
[2024-12-28T21:17:58.271+0000] {processor.py:186} INFO - Started process (PID=1815) to work on /home/airflow/.local/lib/python3.12/site-packages/airflow/example_dags/example_latest_only_with_trigger.py
[2024-12-28T21:17:58.273+0000] {processor.py:914} INFO - Processing file /home/airflow/.local/lib/python3.12/site-packages/airflow/example_dags/example_latest_only_with_trigger.py for tasks to queue
[2024-12-28T21:17:58.276+0000] {logging_mixin.py:190} INFO - [2024-12-28T21:17:58.275+0000] {dagbag.py:588} INFO - Filling up the DagBag from /home/airflow/.local/lib/python3.12/site-packages/airflow/example_dags/example_latest_only_with_trigger.py
[2024-12-28T21:17:58.285+0000] {processor.py:925} INFO - DAG(s) 'latest_only_with_trigger' retrieved from /home/airflow/.local/lib/python3.12/site-packages/airflow/example_dags/example_latest_only_with_trigger.py
[2024-12-28T21:17:58.313+0000] {logging_mixin.py:190} INFO - [2024-12-28T21:17:58.313+0000] {dag.py:3239} INFO - Sync 1 DAGs
[2024-12-28T21:17:58.335+0000] {logging_mixin.py:190} INFO - [2024-12-28T21:17:58.335+0000] {dag.py:4180} INFO - Setting next_dagrun for latest_only_with_trigger to 2024-12-28 16:00:00+00:00, run_after=2024-12-28 20:00:00+00:00
[2024-12-28T21:17:58.351+0000] {processor.py:208} INFO - Processing /home/airflow/.local/lib/python3.12/site-packages/airflow/example_dags/example_latest_only_with_trigger.py took 0.088 seconds
[2024-12-28T21:18:28.949+0000] {processor.py:186} INFO - Started process (PID=1884) to work on /home/airflow/.local/lib/python3.12/site-packages/airflow/example_dags/example_latest_only_with_trigger.py
[2024-12-28T21:18:28.951+0000] {processor.py:914} INFO - Processing file /home/airflow/.local/lib/python3.12/site-packages/airflow/example_dags/example_latest_only_with_trigger.py for tasks to queue
[2024-12-28T21:18:28.955+0000] {logging_mixin.py:190} INFO - [2024-12-28T21:18:28.954+0000] {dagbag.py:588} INFO - Filling up the DagBag from /home/airflow/.local/lib/python3.12/site-packages/airflow/example_dags/example_latest_only_with_trigger.py
[2024-12-28T21:18:28.963+0000] {processor.py:925} INFO - DAG(s) 'latest_only_with_trigger' retrieved from /home/airflow/.local/lib/python3.12/site-packages/airflow/example_dags/example_latest_only_with_trigger.py
[2024-12-28T21:18:28.983+0000] {logging_mixin.py:190} INFO - [2024-12-28T21:18:28.983+0000] {dag.py:3239} INFO - Sync 1 DAGs
[2024-12-28T21:18:29.007+0000] {logging_mixin.py:190} INFO - [2024-12-28T21:18:29.007+0000] {dag.py:4180} INFO - Setting next_dagrun for latest_only_with_trigger to 2024-12-28 16:00:00+00:00, run_after=2024-12-28 20:00:00+00:00
[2024-12-28T21:18:29.028+0000] {processor.py:208} INFO - Processing /home/airflow/.local/lib/python3.12/site-packages/airflow/example_dags/example_latest_only_with_trigger.py took 0.086 seconds
[2024-12-28T21:19:00.736+0000] {processor.py:186} INFO - Started process (PID=1952) to work on /home/airflow/.local/lib/python3.12/site-packages/airflow/example_dags/example_latest_only_with_trigger.py
[2024-12-28T21:19:00.737+0000] {processor.py:914} INFO - Processing file /home/airflow/.local/lib/python3.12/site-packages/airflow/example_dags/example_latest_only_with_trigger.py for tasks to queue
[2024-12-28T21:19:00.740+0000] {logging_mixin.py:190} INFO - [2024-12-28T21:19:00.739+0000] {dagbag.py:588} INFO - Filling up the DagBag from /home/airflow/.local/lib/python3.12/site-packages/airflow/example_dags/example_latest_only_with_trigger.py
[2024-12-28T21:19:00.749+0000] {processor.py:925} INFO - DAG(s) 'latest_only_with_trigger' retrieved from /home/airflow/.local/lib/python3.12/site-packages/airflow/example_dags/example_latest_only_with_trigger.py
[2024-12-28T21:19:00.770+0000] {logging_mixin.py:190} INFO - [2024-12-28T21:19:00.770+0000] {dag.py:3239} INFO - Sync 1 DAGs
[2024-12-28T21:19:00.793+0000] {logging_mixin.py:190} INFO - [2024-12-28T21:19:00.793+0000] {dag.py:4180} INFO - Setting next_dagrun for latest_only_with_trigger to 2024-12-28 16:00:00+00:00, run_after=2024-12-28 20:00:00+00:00
[2024-12-28T21:19:00.812+0000] {processor.py:208} INFO - Processing /home/airflow/.local/lib/python3.12/site-packages/airflow/example_dags/example_latest_only_with_trigger.py took 0.082 seconds
[2024-12-28T21:19:31.926+0000] {processor.py:186} INFO - Started process (PID=2019) to work on /home/airflow/.local/lib/python3.12/site-packages/airflow/example_dags/example_latest_only_with_trigger.py
[2024-12-28T21:19:31.929+0000] {processor.py:914} INFO - Processing file /home/airflow/.local/lib/python3.12/site-packages/airflow/example_dags/example_latest_only_with_trigger.py for tasks to queue
[2024-12-28T21:19:31.934+0000] {logging_mixin.py:190} INFO - [2024-12-28T21:19:31.933+0000] {dagbag.py:588} INFO - Filling up the DagBag from /home/airflow/.local/lib/python3.12/site-packages/airflow/example_dags/example_latest_only_with_trigger.py
[2024-12-28T21:19:31.948+0000] {processor.py:925} INFO - DAG(s) 'latest_only_with_trigger' retrieved from /home/airflow/.local/lib/python3.12/site-packages/airflow/example_dags/example_latest_only_with_trigger.py
[2024-12-28T21:19:31.980+0000] {logging_mixin.py:190} INFO - [2024-12-28T21:19:31.980+0000] {dag.py:3239} INFO - Sync 1 DAGs
[2024-12-28T21:19:32.011+0000] {logging_mixin.py:190} INFO - [2024-12-28T21:19:32.011+0000] {dag.py:4180} INFO - Setting next_dagrun for latest_only_with_trigger to 2024-12-28 16:00:00+00:00, run_after=2024-12-28 20:00:00+00:00
[2024-12-28T21:19:32.036+0000] {processor.py:208} INFO - Processing /home/airflow/.local/lib/python3.12/site-packages/airflow/example_dags/example_latest_only_with_trigger.py took 0.122 seconds
[2024-12-28T21:20:02.735+0000] {processor.py:186} INFO - Started process (PID=2088) to work on /home/airflow/.local/lib/python3.12/site-packages/airflow/example_dags/example_latest_only_with_trigger.py
[2024-12-28T21:20:02.738+0000] {processor.py:914} INFO - Processing file /home/airflow/.local/lib/python3.12/site-packages/airflow/example_dags/example_latest_only_with_trigger.py for tasks to queue
[2024-12-28T21:20:02.743+0000] {logging_mixin.py:190} INFO - [2024-12-28T21:20:02.742+0000] {dagbag.py:588} INFO - Filling up the DagBag from /home/airflow/.local/lib/python3.12/site-packages/airflow/example_dags/example_latest_only_with_trigger.py
[2024-12-28T21:20:02.757+0000] {processor.py:925} INFO - DAG(s) 'latest_only_with_trigger' retrieved from /home/airflow/.local/lib/python3.12/site-packages/airflow/example_dags/example_latest_only_with_trigger.py
[2024-12-28T21:20:02.790+0000] {logging_mixin.py:190} INFO - [2024-12-28T21:20:02.789+0000] {dag.py:3239} INFO - Sync 1 DAGs
[2024-12-28T21:20:02.845+0000] {logging_mixin.py:190} INFO - [2024-12-28T21:20:02.845+0000] {dag.py:4180} INFO - Setting next_dagrun for latest_only_with_trigger to 2024-12-28 16:00:00+00:00, run_after=2024-12-28 20:00:00+00:00
[2024-12-28T21:20:02.886+0000] {processor.py:208} INFO - Processing /home/airflow/.local/lib/python3.12/site-packages/airflow/example_dags/example_latest_only_with_trigger.py took 0.164 seconds
[2024-12-28T21:20:33.618+0000] {processor.py:186} INFO - Started process (PID=2156) to work on /home/airflow/.local/lib/python3.12/site-packages/airflow/example_dags/example_latest_only_with_trigger.py
[2024-12-28T21:20:33.620+0000] {processor.py:914} INFO - Processing file /home/airflow/.local/lib/python3.12/site-packages/airflow/example_dags/example_latest_only_with_trigger.py for tasks to queue
[2024-12-28T21:20:33.624+0000] {logging_mixin.py:190} INFO - [2024-12-28T21:20:33.623+0000] {dagbag.py:588} INFO - Filling up the DagBag from /home/airflow/.local/lib/python3.12/site-packages/airflow/example_dags/example_latest_only_with_trigger.py
[2024-12-28T21:20:33.637+0000] {processor.py:925} INFO - DAG(s) 'latest_only_with_trigger' retrieved from /home/airflow/.local/lib/python3.12/site-packages/airflow/example_dags/example_latest_only_with_trigger.py
[2024-12-28T21:20:33.673+0000] {logging_mixin.py:190} INFO - [2024-12-28T21:20:33.673+0000] {dag.py:3239} INFO - Sync 1 DAGs
[2024-12-28T21:20:33.701+0000] {logging_mixin.py:190} INFO - [2024-12-28T21:20:33.701+0000] {dag.py:4180} INFO - Setting next_dagrun for latest_only_with_trigger to 2024-12-28 16:00:00+00:00, run_after=2024-12-28 20:00:00+00:00
[2024-12-28T21:20:33.719+0000] {processor.py:208} INFO - Processing /home/airflow/.local/lib/python3.12/site-packages/airflow/example_dags/example_latest_only_with_trigger.py took 0.110 seconds
[2024-12-28T21:21:04.724+0000] {processor.py:186} INFO - Started process (PID=2223) to work on /home/airflow/.local/lib/python3.12/site-packages/airflow/example_dags/example_latest_only_with_trigger.py
[2024-12-28T21:21:04.725+0000] {processor.py:914} INFO - Processing file /home/airflow/.local/lib/python3.12/site-packages/airflow/example_dags/example_latest_only_with_trigger.py for tasks to queue
[2024-12-28T21:21:04.728+0000] {logging_mixin.py:190} INFO - [2024-12-28T21:21:04.728+0000] {dagbag.py:588} INFO - Filling up the DagBag from /home/airflow/.local/lib/python3.12/site-packages/airflow/example_dags/example_latest_only_with_trigger.py
[2024-12-28T21:21:04.737+0000] {processor.py:925} INFO - DAG(s) 'latest_only_with_trigger' retrieved from /home/airflow/.local/lib/python3.12/site-packages/airflow/example_dags/example_latest_only_with_trigger.py
[2024-12-28T21:21:04.763+0000] {logging_mixin.py:190} INFO - [2024-12-28T21:21:04.763+0000] {dag.py:3239} INFO - Sync 1 DAGs
[2024-12-28T21:21:04.787+0000] {logging_mixin.py:190} INFO - [2024-12-28T21:21:04.786+0000] {dag.py:4180} INFO - Setting next_dagrun for latest_only_with_trigger to 2024-12-28 16:00:00+00:00, run_after=2024-12-28 20:00:00+00:00
[2024-12-28T21:21:04.806+0000] {processor.py:208} INFO - Processing /home/airflow/.local/lib/python3.12/site-packages/airflow/example_dags/example_latest_only_with_trigger.py took 0.088 seconds
[2024-12-28T21:21:37.036+0000] {processor.py:186} INFO - Started process (PID=2292) to work on /home/airflow/.local/lib/python3.12/site-packages/airflow/example_dags/example_latest_only_with_trigger.py
[2024-12-28T21:21:37.038+0000] {processor.py:914} INFO - Processing file /home/airflow/.local/lib/python3.12/site-packages/airflow/example_dags/example_latest_only_with_trigger.py for tasks to queue
[2024-12-28T21:21:37.043+0000] {logging_mixin.py:190} INFO - [2024-12-28T21:21:37.042+0000] {dagbag.py:588} INFO - Filling up the DagBag from /home/airflow/.local/lib/python3.12/site-packages/airflow/example_dags/example_latest_only_with_trigger.py
[2024-12-28T21:21:37.055+0000] {processor.py:925} INFO - DAG(s) 'latest_only_with_trigger' retrieved from /home/airflow/.local/lib/python3.12/site-packages/airflow/example_dags/example_latest_only_with_trigger.py
[2024-12-28T21:21:37.091+0000] {logging_mixin.py:190} INFO - [2024-12-28T21:21:37.091+0000] {dag.py:3239} INFO - Sync 1 DAGs
[2024-12-28T21:21:37.124+0000] {logging_mixin.py:190} INFO - [2024-12-28T21:21:37.124+0000] {dag.py:4180} INFO - Setting next_dagrun for latest_only_with_trigger to 2024-12-28 16:00:00+00:00, run_after=2024-12-28 20:00:00+00:00
[2024-12-28T21:21:37.146+0000] {processor.py:208} INFO - Processing /home/airflow/.local/lib/python3.12/site-packages/airflow/example_dags/example_latest_only_with_trigger.py took 0.118 seconds
[2024-12-28T21:22:08.693+0000] {processor.py:186} INFO - Started process (PID=2361) to work on /home/airflow/.local/lib/python3.12/site-packages/airflow/example_dags/example_latest_only_with_trigger.py
[2024-12-28T21:22:08.697+0000] {processor.py:914} INFO - Processing file /home/airflow/.local/lib/python3.12/site-packages/airflow/example_dags/example_latest_only_with_trigger.py for tasks to queue
[2024-12-28T21:22:08.702+0000] {logging_mixin.py:190} INFO - [2024-12-28T21:22:08.702+0000] {dagbag.py:588} INFO - Filling up the DagBag from /home/airflow/.local/lib/python3.12/site-packages/airflow/example_dags/example_latest_only_with_trigger.py
[2024-12-28T21:22:08.719+0000] {processor.py:925} INFO - DAG(s) 'latest_only_with_trigger' retrieved from /home/airflow/.local/lib/python3.12/site-packages/airflow/example_dags/example_latest_only_with_trigger.py
[2024-12-28T21:22:08.762+0000] {logging_mixin.py:190} INFO - [2024-12-28T21:22:08.761+0000] {dag.py:3239} INFO - Sync 1 DAGs
[2024-12-28T21:22:08.810+0000] {logging_mixin.py:190} INFO - [2024-12-28T21:22:08.810+0000] {dag.py:4180} INFO - Setting next_dagrun for latest_only_with_trigger to 2024-12-28 16:00:00+00:00, run_after=2024-12-28 20:00:00+00:00
[2024-12-28T21:22:08.868+0000] {processor.py:208} INFO - Processing /home/airflow/.local/lib/python3.12/site-packages/airflow/example_dags/example_latest_only_with_trigger.py took 0.188 seconds
[2024-12-28T21:22:39.395+0000] {processor.py:186} INFO - Started process (PID=2428) to work on /home/airflow/.local/lib/python3.12/site-packages/airflow/example_dags/example_latest_only_with_trigger.py
[2024-12-28T21:22:39.399+0000] {processor.py:914} INFO - Processing file /home/airflow/.local/lib/python3.12/site-packages/airflow/example_dags/example_latest_only_with_trigger.py for tasks to queue
[2024-12-28T21:22:39.405+0000] {logging_mixin.py:190} INFO - [2024-12-28T21:22:39.404+0000] {dagbag.py:588} INFO - Filling up the DagBag from /home/airflow/.local/lib/python3.12/site-packages/airflow/example_dags/example_latest_only_with_trigger.py
[2024-12-28T21:22:39.416+0000] {processor.py:925} INFO - DAG(s) 'latest_only_with_trigger' retrieved from /home/airflow/.local/lib/python3.12/site-packages/airflow/example_dags/example_latest_only_with_trigger.py
[2024-12-28T21:22:39.445+0000] {logging_mixin.py:190} INFO - [2024-12-28T21:22:39.445+0000] {dag.py:3239} INFO - Sync 1 DAGs
[2024-12-28T21:22:39.494+0000] {logging_mixin.py:190} INFO - [2024-12-28T21:22:39.494+0000] {dag.py:4180} INFO - Setting next_dagrun for latest_only_with_trigger to 2024-12-28 16:00:00+00:00, run_after=2024-12-28 20:00:00+00:00
[2024-12-28T21:22:39.521+0000] {processor.py:208} INFO - Processing /home/airflow/.local/lib/python3.12/site-packages/airflow/example_dags/example_latest_only_with_trigger.py took 0.140 seconds
[2024-12-28T21:23:10.016+0000] {processor.py:186} INFO - Started process (PID=2497) to work on /home/airflow/.local/lib/python3.12/site-packages/airflow/example_dags/example_latest_only_with_trigger.py
[2024-12-28T21:23:10.019+0000] {processor.py:914} INFO - Processing file /home/airflow/.local/lib/python3.12/site-packages/airflow/example_dags/example_latest_only_with_trigger.py for tasks to queue
[2024-12-28T21:23:10.027+0000] {logging_mixin.py:190} INFO - [2024-12-28T21:23:10.026+0000] {dagbag.py:588} INFO - Filling up the DagBag from /home/airflow/.local/lib/python3.12/site-packages/airflow/example_dags/example_latest_only_with_trigger.py
[2024-12-28T21:23:10.049+0000] {processor.py:925} INFO - DAG(s) 'latest_only_with_trigger' retrieved from /home/airflow/.local/lib/python3.12/site-packages/airflow/example_dags/example_latest_only_with_trigger.py
[2024-12-28T21:23:10.095+0000] {logging_mixin.py:190} INFO - [2024-12-28T21:23:10.095+0000] {dag.py:3239} INFO - Sync 1 DAGs
[2024-12-28T21:23:10.127+0000] {logging_mixin.py:190} INFO - [2024-12-28T21:23:10.127+0000] {dag.py:4180} INFO - Setting next_dagrun for latest_only_with_trigger to 2024-12-28 16:00:00+00:00, run_after=2024-12-28 20:00:00+00:00
[2024-12-28T21:23:10.176+0000] {processor.py:208} INFO - Processing /home/airflow/.local/lib/python3.12/site-packages/airflow/example_dags/example_latest_only_with_trigger.py took 0.172 seconds
[2024-12-28T21:23:41.933+0000] {processor.py:186} INFO - Started process (PID=2565) to work on /home/airflow/.local/lib/python3.12/site-packages/airflow/example_dags/example_latest_only_with_trigger.py
[2024-12-28T21:23:41.935+0000] {processor.py:914} INFO - Processing file /home/airflow/.local/lib/python3.12/site-packages/airflow/example_dags/example_latest_only_with_trigger.py for tasks to queue
[2024-12-28T21:23:41.940+0000] {logging_mixin.py:190} INFO - [2024-12-28T21:23:41.939+0000] {dagbag.py:588} INFO - Filling up the DagBag from /home/airflow/.local/lib/python3.12/site-packages/airflow/example_dags/example_latest_only_with_trigger.py
[2024-12-28T21:23:41.948+0000] {processor.py:925} INFO - DAG(s) 'latest_only_with_trigger' retrieved from /home/airflow/.local/lib/python3.12/site-packages/airflow/example_dags/example_latest_only_with_trigger.py
[2024-12-28T21:23:41.981+0000] {logging_mixin.py:190} INFO - [2024-12-28T21:23:41.981+0000] {dag.py:3239} INFO - Sync 1 DAGs
[2024-12-28T21:23:42.015+0000] {logging_mixin.py:190} INFO - [2024-12-28T21:23:42.014+0000] {dag.py:4180} INFO - Setting next_dagrun for latest_only_with_trigger to 2024-12-28 16:00:00+00:00, run_after=2024-12-28 20:00:00+00:00
[2024-12-28T21:23:42.057+0000] {processor.py:208} INFO - Processing /home/airflow/.local/lib/python3.12/site-packages/airflow/example_dags/example_latest_only_with_trigger.py took 0.131 seconds
[2024-12-28T21:24:12.208+0000] {processor.py:186} INFO - Started process (PID=2632) to work on /home/airflow/.local/lib/python3.12/site-packages/airflow/example_dags/example_latest_only_with_trigger.py
[2024-12-28T21:24:12.212+0000] {processor.py:914} INFO - Processing file /home/airflow/.local/lib/python3.12/site-packages/airflow/example_dags/example_latest_only_with_trigger.py for tasks to queue
[2024-12-28T21:24:12.216+0000] {logging_mixin.py:190} INFO - [2024-12-28T21:24:12.216+0000] {dagbag.py:588} INFO - Filling up the DagBag from /home/airflow/.local/lib/python3.12/site-packages/airflow/example_dags/example_latest_only_with_trigger.py
[2024-12-28T21:24:12.233+0000] {processor.py:925} INFO - DAG(s) 'latest_only_with_trigger' retrieved from /home/airflow/.local/lib/python3.12/site-packages/airflow/example_dags/example_latest_only_with_trigger.py
[2024-12-28T21:24:12.293+0000] {logging_mixin.py:190} INFO - [2024-12-28T21:24:12.292+0000] {dag.py:3239} INFO - Sync 1 DAGs
[2024-12-28T21:24:12.332+0000] {logging_mixin.py:190} INFO - [2024-12-28T21:24:12.331+0000] {dag.py:4180} INFO - Setting next_dagrun for latest_only_with_trigger to 2024-12-28 16:00:00+00:00, run_after=2024-12-28 20:00:00+00:00
[2024-12-28T21:24:12.365+0000] {processor.py:208} INFO - Processing /home/airflow/.local/lib/python3.12/site-packages/airflow/example_dags/example_latest_only_with_trigger.py took 0.174 seconds
[2024-12-28T21:24:42.952+0000] {processor.py:186} INFO - Started process (PID=2698) to work on /home/airflow/.local/lib/python3.12/site-packages/airflow/example_dags/example_latest_only_with_trigger.py
[2024-12-28T21:24:42.955+0000] {processor.py:914} INFO - Processing file /home/airflow/.local/lib/python3.12/site-packages/airflow/example_dags/example_latest_only_with_trigger.py for tasks to queue
[2024-12-28T21:24:42.959+0000] {logging_mixin.py:190} INFO - [2024-12-28T21:24:42.958+0000] {dagbag.py:588} INFO - Filling up the DagBag from /home/airflow/.local/lib/python3.12/site-packages/airflow/example_dags/example_latest_only_with_trigger.py
[2024-12-28T21:24:42.977+0000] {processor.py:925} INFO - DAG(s) 'latest_only_with_trigger' retrieved from /home/airflow/.local/lib/python3.12/site-packages/airflow/example_dags/example_latest_only_with_trigger.py
[2024-12-28T21:24:43.049+0000] {logging_mixin.py:190} INFO - [2024-12-28T21:24:43.047+0000] {dag.py:3239} INFO - Sync 1 DAGs
[2024-12-28T21:24:43.110+0000] {logging_mixin.py:190} INFO - [2024-12-28T21:24:43.110+0000] {dag.py:4180} INFO - Setting next_dagrun for latest_only_with_trigger to 2024-12-28 16:00:00+00:00, run_after=2024-12-28 20:00:00+00:00
[2024-12-28T21:24:43.448+0000] {processor.py:208} INFO - Processing /home/airflow/.local/lib/python3.12/site-packages/airflow/example_dags/example_latest_only_with_trigger.py took 0.505 seconds
[2024-12-28T21:25:13.962+0000] {processor.py:186} INFO - Started process (PID=2767) to work on /home/airflow/.local/lib/python3.12/site-packages/airflow/example_dags/example_latest_only_with_trigger.py
[2024-12-28T21:25:13.964+0000] {processor.py:914} INFO - Processing file /home/airflow/.local/lib/python3.12/site-packages/airflow/example_dags/example_latest_only_with_trigger.py for tasks to queue
[2024-12-28T21:25:13.968+0000] {logging_mixin.py:190} INFO - [2024-12-28T21:25:13.968+0000] {dagbag.py:588} INFO - Filling up the DagBag from /home/airflow/.local/lib/python3.12/site-packages/airflow/example_dags/example_latest_only_with_trigger.py
[2024-12-28T21:25:13.975+0000] {processor.py:925} INFO - DAG(s) 'latest_only_with_trigger' retrieved from /home/airflow/.local/lib/python3.12/site-packages/airflow/example_dags/example_latest_only_with_trigger.py
[2024-12-28T21:25:13.998+0000] {logging_mixin.py:190} INFO - [2024-12-28T21:25:13.998+0000] {dag.py:3239} INFO - Sync 1 DAGs
[2024-12-28T21:25:14.020+0000] {logging_mixin.py:190} INFO - [2024-12-28T21:25:14.020+0000] {dag.py:4180} INFO - Setting next_dagrun for latest_only_with_trigger to 2024-12-28 16:00:00+00:00, run_after=2024-12-28 20:00:00+00:00
[2024-12-28T21:25:14.044+0000] {processor.py:208} INFO - Processing /home/airflow/.local/lib/python3.12/site-packages/airflow/example_dags/example_latest_only_with_trigger.py took 0.088 seconds
[2024-12-28T21:25:45.255+0000] {processor.py:186} INFO - Started process (PID=2837) to work on /home/airflow/.local/lib/python3.12/site-packages/airflow/example_dags/example_latest_only_with_trigger.py
[2024-12-28T21:25:45.257+0000] {processor.py:914} INFO - Processing file /home/airflow/.local/lib/python3.12/site-packages/airflow/example_dags/example_latest_only_with_trigger.py for tasks to queue
[2024-12-28T21:25:45.265+0000] {logging_mixin.py:190} INFO - [2024-12-28T21:25:45.264+0000] {dagbag.py:588} INFO - Filling up the DagBag from /home/airflow/.local/lib/python3.12/site-packages/airflow/example_dags/example_latest_only_with_trigger.py
[2024-12-28T21:25:45.289+0000] {processor.py:925} INFO - DAG(s) 'latest_only_with_trigger' retrieved from /home/airflow/.local/lib/python3.12/site-packages/airflow/example_dags/example_latest_only_with_trigger.py
[2024-12-28T21:25:45.346+0000] {logging_mixin.py:190} INFO - [2024-12-28T21:25:45.346+0000] {dag.py:3239} INFO - Sync 1 DAGs
[2024-12-28T21:25:45.401+0000] {logging_mixin.py:190} INFO - [2024-12-28T21:25:45.401+0000] {dag.py:4180} INFO - Setting next_dagrun for latest_only_with_trigger to 2024-12-28 16:00:00+00:00, run_after=2024-12-28 20:00:00+00:00
[2024-12-28T21:25:45.433+0000] {processor.py:208} INFO - Processing /home/airflow/.local/lib/python3.12/site-packages/airflow/example_dags/example_latest_only_with_trigger.py took 0.191 seconds
[2024-12-28T21:26:16.189+0000] {processor.py:186} INFO - Started process (PID=2905) to work on /home/airflow/.local/lib/python3.12/site-packages/airflow/example_dags/example_latest_only_with_trigger.py
[2024-12-28T21:26:16.193+0000] {processor.py:914} INFO - Processing file /home/airflow/.local/lib/python3.12/site-packages/airflow/example_dags/example_latest_only_with_trigger.py for tasks to queue
[2024-12-28T21:26:16.201+0000] {logging_mixin.py:190} INFO - [2024-12-28T21:26:16.200+0000] {dagbag.py:588} INFO - Filling up the DagBag from /home/airflow/.local/lib/python3.12/site-packages/airflow/example_dags/example_latest_only_with_trigger.py
[2024-12-28T21:26:16.217+0000] {processor.py:925} INFO - DAG(s) 'latest_only_with_trigger' retrieved from /home/airflow/.local/lib/python3.12/site-packages/airflow/example_dags/example_latest_only_with_trigger.py
[2024-12-28T21:26:16.254+0000] {logging_mixin.py:190} INFO - [2024-12-28T21:26:16.253+0000] {dag.py:3239} INFO - Sync 1 DAGs
[2024-12-28T21:26:16.276+0000] {logging_mixin.py:190} INFO - [2024-12-28T21:26:16.276+0000] {dag.py:4180} INFO - Setting next_dagrun for latest_only_with_trigger to 2024-12-28 16:00:00+00:00, run_after=2024-12-28 20:00:00+00:00
[2024-12-28T21:26:16.293+0000] {processor.py:208} INFO - Processing /home/airflow/.local/lib/python3.12/site-packages/airflow/example_dags/example_latest_only_with_trigger.py took 0.123 seconds
[2024-12-28T21:26:47.724+0000] {processor.py:186} INFO - Started process (PID=2975) to work on /home/airflow/.local/lib/python3.12/site-packages/airflow/example_dags/example_latest_only_with_trigger.py
[2024-12-28T21:26:47.727+0000] {processor.py:914} INFO - Processing file /home/airflow/.local/lib/python3.12/site-packages/airflow/example_dags/example_latest_only_with_trigger.py for tasks to queue
[2024-12-28T21:26:47.732+0000] {logging_mixin.py:190} INFO - [2024-12-28T21:26:47.731+0000] {dagbag.py:588} INFO - Filling up the DagBag from /home/airflow/.local/lib/python3.12/site-packages/airflow/example_dags/example_latest_only_with_trigger.py
[2024-12-28T21:26:47.751+0000] {processor.py:925} INFO - DAG(s) 'latest_only_with_trigger' retrieved from /home/airflow/.local/lib/python3.12/site-packages/airflow/example_dags/example_latest_only_with_trigger.py
[2024-12-28T21:26:47.823+0000] {logging_mixin.py:190} INFO - [2024-12-28T21:26:47.822+0000] {dag.py:3239} INFO - Sync 1 DAGs
[2024-12-28T21:26:47.870+0000] {logging_mixin.py:190} INFO - [2024-12-28T21:26:47.870+0000] {dag.py:4180} INFO - Setting next_dagrun for latest_only_with_trigger to 2024-12-28 16:00:00+00:00, run_after=2024-12-28 20:00:00+00:00
[2024-12-28T21:26:47.891+0000] {processor.py:208} INFO - Processing /home/airflow/.local/lib/python3.12/site-packages/airflow/example_dags/example_latest_only_with_trigger.py took 0.186 seconds
[2024-12-28T21:27:18.688+0000] {processor.py:186} INFO - Started process (PID=3043) to work on /home/airflow/.local/lib/python3.12/site-packages/airflow/example_dags/example_latest_only_with_trigger.py
[2024-12-28T21:27:18.689+0000] {processor.py:914} INFO - Processing file /home/airflow/.local/lib/python3.12/site-packages/airflow/example_dags/example_latest_only_with_trigger.py for tasks to queue
[2024-12-28T21:27:18.692+0000] {logging_mixin.py:190} INFO - [2024-12-28T21:27:18.691+0000] {dagbag.py:588} INFO - Filling up the DagBag from /home/airflow/.local/lib/python3.12/site-packages/airflow/example_dags/example_latest_only_with_trigger.py
[2024-12-28T21:27:18.699+0000] {processor.py:925} INFO - DAG(s) 'latest_only_with_trigger' retrieved from /home/airflow/.local/lib/python3.12/site-packages/airflow/example_dags/example_latest_only_with_trigger.py
[2024-12-28T21:27:18.726+0000] {logging_mixin.py:190} INFO - [2024-12-28T21:27:18.725+0000] {dag.py:3239} INFO - Sync 1 DAGs
[2024-12-28T21:27:18.759+0000] {logging_mixin.py:190} INFO - [2024-12-28T21:27:18.759+0000] {dag.py:4180} INFO - Setting next_dagrun for latest_only_with_trigger to 2024-12-28 16:00:00+00:00, run_after=2024-12-28 20:00:00+00:00
[2024-12-28T21:27:18.781+0000] {processor.py:208} INFO - Processing /home/airflow/.local/lib/python3.12/site-packages/airflow/example_dags/example_latest_only_with_trigger.py took 0.099 seconds
[2024-12-28T21:27:49.117+0000] {processor.py:186} INFO - Started process (PID=3110) to work on /home/airflow/.local/lib/python3.12/site-packages/airflow/example_dags/example_latest_only_with_trigger.py
[2024-12-28T21:27:49.120+0000] {processor.py:914} INFO - Processing file /home/airflow/.local/lib/python3.12/site-packages/airflow/example_dags/example_latest_only_with_trigger.py for tasks to queue
[2024-12-28T21:27:49.127+0000] {logging_mixin.py:190} INFO - [2024-12-28T21:27:49.126+0000] {dagbag.py:588} INFO - Filling up the DagBag from /home/airflow/.local/lib/python3.12/site-packages/airflow/example_dags/example_latest_only_with_trigger.py
[2024-12-28T21:27:49.316+0000] {processor.py:925} INFO - DAG(s) 'latest_only_with_trigger' retrieved from /home/airflow/.local/lib/python3.12/site-packages/airflow/example_dags/example_latest_only_with_trigger.py
[2024-12-28T21:27:49.350+0000] {logging_mixin.py:190} INFO - [2024-12-28T21:27:49.349+0000] {dag.py:3239} INFO - Sync 1 DAGs
[2024-12-28T21:27:49.401+0000] {logging_mixin.py:190} INFO - [2024-12-28T21:27:49.401+0000] {dag.py:4180} INFO - Setting next_dagrun for latest_only_with_trigger to 2024-12-28 16:00:00+00:00, run_after=2024-12-28 20:00:00+00:00
[2024-12-28T21:27:49.448+0000] {processor.py:208} INFO - Processing /home/airflow/.local/lib/python3.12/site-packages/airflow/example_dags/example_latest_only_with_trigger.py took 0.350 seconds
[2024-12-28T21:28:19.706+0000] {processor.py:186} INFO - Started process (PID=3178) to work on /home/airflow/.local/lib/python3.12/site-packages/airflow/example_dags/example_latest_only_with_trigger.py
[2024-12-28T21:28:19.708+0000] {processor.py:914} INFO - Processing file /home/airflow/.local/lib/python3.12/site-packages/airflow/example_dags/example_latest_only_with_trigger.py for tasks to queue
[2024-12-28T21:28:19.713+0000] {logging_mixin.py:190} INFO - [2024-12-28T21:28:19.712+0000] {dagbag.py:588} INFO - Filling up the DagBag from /home/airflow/.local/lib/python3.12/site-packages/airflow/example_dags/example_latest_only_with_trigger.py
[2024-12-28T21:28:19.724+0000] {processor.py:925} INFO - DAG(s) 'latest_only_with_trigger' retrieved from /home/airflow/.local/lib/python3.12/site-packages/airflow/example_dags/example_latest_only_with_trigger.py
[2024-12-28T21:28:19.754+0000] {logging_mixin.py:190} INFO - [2024-12-28T21:28:19.754+0000] {dag.py:3239} INFO - Sync 1 DAGs
[2024-12-28T21:28:19.776+0000] {logging_mixin.py:190} INFO - [2024-12-28T21:28:19.776+0000] {dag.py:4180} INFO - Setting next_dagrun for latest_only_with_trigger to 2024-12-28 16:00:00+00:00, run_after=2024-12-28 20:00:00+00:00
[2024-12-28T21:28:19.814+0000] {processor.py:208} INFO - Processing /home/airflow/.local/lib/python3.12/site-packages/airflow/example_dags/example_latest_only_with_trigger.py took 0.115 seconds
[2024-12-28T21:28:50.421+0000] {processor.py:186} INFO - Started process (PID=3248) to work on /home/airflow/.local/lib/python3.12/site-packages/airflow/example_dags/example_latest_only_with_trigger.py
[2024-12-28T21:28:50.424+0000] {processor.py:914} INFO - Processing file /home/airflow/.local/lib/python3.12/site-packages/airflow/example_dags/example_latest_only_with_trigger.py for tasks to queue
[2024-12-28T21:28:50.429+0000] {logging_mixin.py:190} INFO - [2024-12-28T21:28:50.429+0000] {dagbag.py:588} INFO - Filling up the DagBag from /home/airflow/.local/lib/python3.12/site-packages/airflow/example_dags/example_latest_only_with_trigger.py
[2024-12-28T21:28:50.440+0000] {processor.py:925} INFO - DAG(s) 'latest_only_with_trigger' retrieved from /home/airflow/.local/lib/python3.12/site-packages/airflow/example_dags/example_latest_only_with_trigger.py
[2024-12-28T21:28:50.462+0000] {logging_mixin.py:190} INFO - [2024-12-28T21:28:50.462+0000] {dag.py:3239} INFO - Sync 1 DAGs
[2024-12-28T21:28:50.485+0000] {logging_mixin.py:190} INFO - [2024-12-28T21:28:50.485+0000] {dag.py:4180} INFO - Setting next_dagrun for latest_only_with_trigger to 2024-12-28 16:00:00+00:00, run_after=2024-12-28 20:00:00+00:00
[2024-12-28T21:28:50.506+0000] {processor.py:208} INFO - Processing /home/airflow/.local/lib/python3.12/site-packages/airflow/example_dags/example_latest_only_with_trigger.py took 0.095 seconds
[2024-12-28T21:29:20.741+0000] {processor.py:186} INFO - Started process (PID=3317) to work on /home/airflow/.local/lib/python3.12/site-packages/airflow/example_dags/example_latest_only_with_trigger.py
[2024-12-28T21:29:20.743+0000] {processor.py:914} INFO - Processing file /home/airflow/.local/lib/python3.12/site-packages/airflow/example_dags/example_latest_only_with_trigger.py for tasks to queue
[2024-12-28T21:29:20.748+0000] {logging_mixin.py:190} INFO - [2024-12-28T21:29:20.746+0000] {dagbag.py:588} INFO - Filling up the DagBag from /home/airflow/.local/lib/python3.12/site-packages/airflow/example_dags/example_latest_only_with_trigger.py
[2024-12-28T21:29:20.759+0000] {processor.py:925} INFO - DAG(s) 'latest_only_with_trigger' retrieved from /home/airflow/.local/lib/python3.12/site-packages/airflow/example_dags/example_latest_only_with_trigger.py
[2024-12-28T21:29:20.787+0000] {logging_mixin.py:190} INFO - [2024-12-28T21:29:20.786+0000] {dag.py:3239} INFO - Sync 1 DAGs
[2024-12-28T21:29:20.815+0000] {logging_mixin.py:190} INFO - [2024-12-28T21:29:20.815+0000] {dag.py:4180} INFO - Setting next_dagrun for latest_only_with_trigger to 2024-12-28 16:00:00+00:00, run_after=2024-12-28 20:00:00+00:00
[2024-12-28T21:29:20.833+0000] {processor.py:208} INFO - Processing /home/airflow/.local/lib/python3.12/site-packages/airflow/example_dags/example_latest_only_with_trigger.py took 0.099 seconds
[2024-12-28T21:29:51.384+0000] {processor.py:186} INFO - Started process (PID=3386) to work on /home/airflow/.local/lib/python3.12/site-packages/airflow/example_dags/example_latest_only_with_trigger.py
[2024-12-28T21:29:51.387+0000] {processor.py:914} INFO - Processing file /home/airflow/.local/lib/python3.12/site-packages/airflow/example_dags/example_latest_only_with_trigger.py for tasks to queue
[2024-12-28T21:29:51.390+0000] {logging_mixin.py:190} INFO - [2024-12-28T21:29:51.390+0000] {dagbag.py:588} INFO - Filling up the DagBag from /home/airflow/.local/lib/python3.12/site-packages/airflow/example_dags/example_latest_only_with_trigger.py
[2024-12-28T21:29:51.401+0000] {processor.py:925} INFO - DAG(s) 'latest_only_with_trigger' retrieved from /home/airflow/.local/lib/python3.12/site-packages/airflow/example_dags/example_latest_only_with_trigger.py
[2024-12-28T21:29:51.421+0000] {logging_mixin.py:190} INFO - [2024-12-28T21:29:51.421+0000] {dag.py:3239} INFO - Sync 1 DAGs
[2024-12-28T21:29:51.445+0000] {logging_mixin.py:190} INFO - [2024-12-28T21:29:51.445+0000] {dag.py:4180} INFO - Setting next_dagrun for latest_only_with_trigger to 2024-12-28 16:00:00+00:00, run_after=2024-12-28 20:00:00+00:00
[2024-12-28T21:29:51.472+0000] {processor.py:208} INFO - Processing /home/airflow/.local/lib/python3.12/site-packages/airflow/example_dags/example_latest_only_with_trigger.py took 0.096 seconds
[2024-12-28T21:30:22.188+0000] {processor.py:186} INFO - Started process (PID=3455) to work on /home/airflow/.local/lib/python3.12/site-packages/airflow/example_dags/example_latest_only_with_trigger.py
[2024-12-28T21:30:22.191+0000] {processor.py:914} INFO - Processing file /home/airflow/.local/lib/python3.12/site-packages/airflow/example_dags/example_latest_only_with_trigger.py for tasks to queue
[2024-12-28T21:30:22.196+0000] {logging_mixin.py:190} INFO - [2024-12-28T21:30:22.196+0000] {dagbag.py:588} INFO - Filling up the DagBag from /home/airflow/.local/lib/python3.12/site-packages/airflow/example_dags/example_latest_only_with_trigger.py
[2024-12-28T21:30:22.213+0000] {processor.py:925} INFO - DAG(s) 'latest_only_with_trigger' retrieved from /home/airflow/.local/lib/python3.12/site-packages/airflow/example_dags/example_latest_only_with_trigger.py
[2024-12-28T21:30:22.245+0000] {logging_mixin.py:190} INFO - [2024-12-28T21:30:22.244+0000] {dag.py:3239} INFO - Sync 1 DAGs
[2024-12-28T21:30:22.280+0000] {logging_mixin.py:190} INFO - [2024-12-28T21:30:22.280+0000] {dag.py:4180} INFO - Setting next_dagrun for latest_only_with_trigger to 2024-12-28 16:00:00+00:00, run_after=2024-12-28 20:00:00+00:00
[2024-12-28T21:30:22.303+0000] {processor.py:208} INFO - Processing /home/airflow/.local/lib/python3.12/site-packages/airflow/example_dags/example_latest_only_with_trigger.py took 0.130 seconds
[2024-12-28T21:30:52.995+0000] {processor.py:186} INFO - Started process (PID=3525) to work on /home/airflow/.local/lib/python3.12/site-packages/airflow/example_dags/example_latest_only_with_trigger.py
[2024-12-28T21:30:52.997+0000] {processor.py:914} INFO - Processing file /home/airflow/.local/lib/python3.12/site-packages/airflow/example_dags/example_latest_only_with_trigger.py for tasks to queue
[2024-12-28T21:30:53.001+0000] {logging_mixin.py:190} INFO - [2024-12-28T21:30:53.001+0000] {dagbag.py:588} INFO - Filling up the DagBag from /home/airflow/.local/lib/python3.12/site-packages/airflow/example_dags/example_latest_only_with_trigger.py
[2024-12-28T21:30:53.027+0000] {processor.py:925} INFO - DAG(s) 'latest_only_with_trigger' retrieved from /home/airflow/.local/lib/python3.12/site-packages/airflow/example_dags/example_latest_only_with_trigger.py
[2024-12-28T21:30:53.074+0000] {logging_mixin.py:190} INFO - [2024-12-28T21:30:53.074+0000] {dag.py:3239} INFO - Sync 1 DAGs
[2024-12-28T21:30:53.098+0000] {logging_mixin.py:190} INFO - [2024-12-28T21:30:53.098+0000] {dag.py:4180} INFO - Setting next_dagrun for latest_only_with_trigger to 2024-12-28 16:00:00+00:00, run_after=2024-12-28 20:00:00+00:00
[2024-12-28T21:30:53.119+0000] {processor.py:208} INFO - Processing /home/airflow/.local/lib/python3.12/site-packages/airflow/example_dags/example_latest_only_with_trigger.py took 0.130 seconds
[2024-12-28T21:31:23.598+0000] {processor.py:186} INFO - Started process (PID=3594) to work on /home/airflow/.local/lib/python3.12/site-packages/airflow/example_dags/example_latest_only_with_trigger.py
[2024-12-28T21:31:23.600+0000] {processor.py:914} INFO - Processing file /home/airflow/.local/lib/python3.12/site-packages/airflow/example_dags/example_latest_only_with_trigger.py for tasks to queue
[2024-12-28T21:31:23.615+0000] {logging_mixin.py:190} INFO - [2024-12-28T21:31:23.615+0000] {dagbag.py:588} INFO - Filling up the DagBag from /home/airflow/.local/lib/python3.12/site-packages/airflow/example_dags/example_latest_only_with_trigger.py
[2024-12-28T21:31:23.637+0000] {processor.py:925} INFO - DAG(s) 'latest_only_with_trigger' retrieved from /home/airflow/.local/lib/python3.12/site-packages/airflow/example_dags/example_latest_only_with_trigger.py
[2024-12-28T21:31:23.663+0000] {logging_mixin.py:190} INFO - [2024-12-28T21:31:23.663+0000] {dag.py:3239} INFO - Sync 1 DAGs
[2024-12-28T21:31:23.685+0000] {logging_mixin.py:190} INFO - [2024-12-28T21:31:23.685+0000] {dag.py:4180} INFO - Setting next_dagrun for latest_only_with_trigger to 2024-12-28 16:00:00+00:00, run_after=2024-12-28 20:00:00+00:00
[2024-12-28T21:31:23.701+0000] {processor.py:208} INFO - Processing /home/airflow/.local/lib/python3.12/site-packages/airflow/example_dags/example_latest_only_with_trigger.py took 0.109 seconds
[2024-12-28T21:31:54.035+0000] {processor.py:186} INFO - Started process (PID=3664) to work on /home/airflow/.local/lib/python3.12/site-packages/airflow/example_dags/example_latest_only_with_trigger.py
[2024-12-28T21:31:54.037+0000] {processor.py:914} INFO - Processing file /home/airflow/.local/lib/python3.12/site-packages/airflow/example_dags/example_latest_only_with_trigger.py for tasks to queue
[2024-12-28T21:31:54.040+0000] {logging_mixin.py:190} INFO - [2024-12-28T21:31:54.039+0000] {dagbag.py:588} INFO - Filling up the DagBag from /home/airflow/.local/lib/python3.12/site-packages/airflow/example_dags/example_latest_only_with_trigger.py
[2024-12-28T21:31:54.048+0000] {processor.py:925} INFO - DAG(s) 'latest_only_with_trigger' retrieved from /home/airflow/.local/lib/python3.12/site-packages/airflow/example_dags/example_latest_only_with_trigger.py
[2024-12-28T21:31:54.072+0000] {logging_mixin.py:190} INFO - [2024-12-28T21:31:54.072+0000] {dag.py:3239} INFO - Sync 1 DAGs
[2024-12-28T21:31:54.122+0000] {logging_mixin.py:190} INFO - [2024-12-28T21:31:54.122+0000] {dag.py:4180} INFO - Setting next_dagrun for latest_only_with_trigger to 2024-12-28 16:00:00+00:00, run_after=2024-12-28 20:00:00+00:00
[2024-12-28T21:31:54.149+0000] {processor.py:208} INFO - Processing /home/airflow/.local/lib/python3.12/site-packages/airflow/example_dags/example_latest_only_with_trigger.py took 0.120 seconds
[2024-12-28T21:32:24.706+0000] {processor.py:186} INFO - Started process (PID=3732) to work on /home/airflow/.local/lib/python3.12/site-packages/airflow/example_dags/example_latest_only_with_trigger.py
[2024-12-28T21:32:24.709+0000] {processor.py:914} INFO - Processing file /home/airflow/.local/lib/python3.12/site-packages/airflow/example_dags/example_latest_only_with_trigger.py for tasks to queue
[2024-12-28T21:32:24.716+0000] {logging_mixin.py:190} INFO - [2024-12-28T21:32:24.715+0000] {dagbag.py:588} INFO - Filling up the DagBag from /home/airflow/.local/lib/python3.12/site-packages/airflow/example_dags/example_latest_only_with_trigger.py
[2024-12-28T21:32:24.729+0000] {processor.py:925} INFO - DAG(s) 'latest_only_with_trigger' retrieved from /home/airflow/.local/lib/python3.12/site-packages/airflow/example_dags/example_latest_only_with_trigger.py
[2024-12-28T21:32:24.788+0000] {logging_mixin.py:190} INFO - [2024-12-28T21:32:24.787+0000] {dag.py:3239} INFO - Sync 1 DAGs
[2024-12-28T21:32:24.843+0000] {logging_mixin.py:190} INFO - [2024-12-28T21:32:24.842+0000] {dag.py:4180} INFO - Setting next_dagrun for latest_only_with_trigger to 2024-12-28 16:00:00+00:00, run_after=2024-12-28 20:00:00+00:00
[2024-12-28T21:32:24.869+0000] {processor.py:208} INFO - Processing /home/airflow/.local/lib/python3.12/site-packages/airflow/example_dags/example_latest_only_with_trigger.py took 0.178 seconds
[2024-12-28T21:32:55.760+0000] {processor.py:186} INFO - Started process (PID=3798) to work on /home/airflow/.local/lib/python3.12/site-packages/airflow/example_dags/example_latest_only_with_trigger.py
[2024-12-28T21:32:55.765+0000] {processor.py:914} INFO - Processing file /home/airflow/.local/lib/python3.12/site-packages/airflow/example_dags/example_latest_only_with_trigger.py for tasks to queue
[2024-12-28T21:32:55.772+0000] {logging_mixin.py:190} INFO - [2024-12-28T21:32:55.772+0000] {dagbag.py:588} INFO - Filling up the DagBag from /home/airflow/.local/lib/python3.12/site-packages/airflow/example_dags/example_latest_only_with_trigger.py
[2024-12-28T21:32:55.807+0000] {processor.py:925} INFO - DAG(s) 'latest_only_with_trigger' retrieved from /home/airflow/.local/lib/python3.12/site-packages/airflow/example_dags/example_latest_only_with_trigger.py
[2024-12-28T21:32:55.845+0000] {logging_mixin.py:190} INFO - [2024-12-28T21:32:55.845+0000] {dag.py:3239} INFO - Sync 1 DAGs
[2024-12-28T21:32:55.880+0000] {logging_mixin.py:190} INFO - [2024-12-28T21:32:55.879+0000] {dag.py:4180} INFO - Setting next_dagrun for latest_only_with_trigger to 2024-12-28 16:00:00+00:00, run_after=2024-12-28 20:00:00+00:00
[2024-12-28T21:32:55.908+0000] {processor.py:208} INFO - Processing /home/airflow/.local/lib/python3.12/site-packages/airflow/example_dags/example_latest_only_with_trigger.py took 0.159 seconds
[2024-12-28T21:33:26.342+0000] {processor.py:186} INFO - Started process (PID=3865) to work on /home/airflow/.local/lib/python3.12/site-packages/airflow/example_dags/example_latest_only_with_trigger.py
[2024-12-28T21:33:26.344+0000] {processor.py:914} INFO - Processing file /home/airflow/.local/lib/python3.12/site-packages/airflow/example_dags/example_latest_only_with_trigger.py for tasks to queue
[2024-12-28T21:33:26.347+0000] {logging_mixin.py:190} INFO - [2024-12-28T21:33:26.347+0000] {dagbag.py:588} INFO - Filling up the DagBag from /home/airflow/.local/lib/python3.12/site-packages/airflow/example_dags/example_latest_only_with_trigger.py
[2024-12-28T21:33:26.371+0000] {processor.py:925} INFO - DAG(s) 'latest_only_with_trigger' retrieved from /home/airflow/.local/lib/python3.12/site-packages/airflow/example_dags/example_latest_only_with_trigger.py
[2024-12-28T21:33:26.403+0000] {logging_mixin.py:190} INFO - [2024-12-28T21:33:26.402+0000] {dag.py:3239} INFO - Sync 1 DAGs
[2024-12-28T21:33:26.442+0000] {logging_mixin.py:190} INFO - [2024-12-28T21:33:26.442+0000] {dag.py:4180} INFO - Setting next_dagrun for latest_only_with_trigger to 2024-12-28 16:00:00+00:00, run_after=2024-12-28 20:00:00+00:00
[2024-12-28T21:33:26.466+0000] {processor.py:208} INFO - Processing /home/airflow/.local/lib/python3.12/site-packages/airflow/example_dags/example_latest_only_with_trigger.py took 0.145 seconds
[2024-12-28T21:33:56.712+0000] {processor.py:186} INFO - Started process (PID=3934) to work on /home/airflow/.local/lib/python3.12/site-packages/airflow/example_dags/example_latest_only_with_trigger.py
[2024-12-28T21:33:56.715+0000] {processor.py:914} INFO - Processing file /home/airflow/.local/lib/python3.12/site-packages/airflow/example_dags/example_latest_only_with_trigger.py for tasks to queue
[2024-12-28T21:33:56.719+0000] {logging_mixin.py:190} INFO - [2024-12-28T21:33:56.718+0000] {dagbag.py:588} INFO - Filling up the DagBag from /home/airflow/.local/lib/python3.12/site-packages/airflow/example_dags/example_latest_only_with_trigger.py
[2024-12-28T21:33:56.735+0000] {processor.py:925} INFO - DAG(s) 'latest_only_with_trigger' retrieved from /home/airflow/.local/lib/python3.12/site-packages/airflow/example_dags/example_latest_only_with_trigger.py
[2024-12-28T21:33:56.785+0000] {logging_mixin.py:190} INFO - [2024-12-28T21:33:56.785+0000] {dag.py:3239} INFO - Sync 1 DAGs
[2024-12-28T21:33:56.820+0000] {logging_mixin.py:190} INFO - [2024-12-28T21:33:56.820+0000] {dag.py:4180} INFO - Setting next_dagrun for latest_only_with_trigger to 2024-12-28 16:00:00+00:00, run_after=2024-12-28 20:00:00+00:00
[2024-12-28T21:33:56.839+0000] {processor.py:208} INFO - Processing /home/airflow/.local/lib/python3.12/site-packages/airflow/example_dags/example_latest_only_with_trigger.py took 0.144 seconds
[2024-12-28T21:34:27.172+0000] {processor.py:186} INFO - Started process (PID=4003) to work on /home/airflow/.local/lib/python3.12/site-packages/airflow/example_dags/example_latest_only_with_trigger.py
[2024-12-28T21:34:27.177+0000] {processor.py:914} INFO - Processing file /home/airflow/.local/lib/python3.12/site-packages/airflow/example_dags/example_latest_only_with_trigger.py for tasks to queue
[2024-12-28T21:34:27.192+0000] {logging_mixin.py:190} INFO - [2024-12-28T21:34:27.189+0000] {dagbag.py:588} INFO - Filling up the DagBag from /home/airflow/.local/lib/python3.12/site-packages/airflow/example_dags/example_latest_only_with_trigger.py
[2024-12-28T21:34:27.208+0000] {processor.py:925} INFO - DAG(s) 'latest_only_with_trigger' retrieved from /home/airflow/.local/lib/python3.12/site-packages/airflow/example_dags/example_latest_only_with_trigger.py
[2024-12-28T21:34:27.234+0000] {logging_mixin.py:190} INFO - [2024-12-28T21:34:27.234+0000] {dag.py:3239} INFO - Sync 1 DAGs
[2024-12-28T21:34:27.265+0000] {logging_mixin.py:190} INFO - [2024-12-28T21:34:27.265+0000] {dag.py:4180} INFO - Setting next_dagrun for latest_only_with_trigger to 2024-12-28 16:00:00+00:00, run_after=2024-12-28 20:00:00+00:00
[2024-12-28T21:34:27.303+0000] {processor.py:208} INFO - Processing /home/airflow/.local/lib/python3.12/site-packages/airflow/example_dags/example_latest_only_with_trigger.py took 0.154 seconds
[2024-12-28T21:34:57.554+0000] {processor.py:186} INFO - Started process (PID=4072) to work on /home/airflow/.local/lib/python3.12/site-packages/airflow/example_dags/example_latest_only_with_trigger.py
[2024-12-28T21:34:57.556+0000] {processor.py:914} INFO - Processing file /home/airflow/.local/lib/python3.12/site-packages/airflow/example_dags/example_latest_only_with_trigger.py for tasks to queue
[2024-12-28T21:34:57.565+0000] {logging_mixin.py:190} INFO - [2024-12-28T21:34:57.563+0000] {dagbag.py:588} INFO - Filling up the DagBag from /home/airflow/.local/lib/python3.12/site-packages/airflow/example_dags/example_latest_only_with_trigger.py
[2024-12-28T21:34:57.581+0000] {processor.py:925} INFO - DAG(s) 'latest_only_with_trigger' retrieved from /home/airflow/.local/lib/python3.12/site-packages/airflow/example_dags/example_latest_only_with_trigger.py
[2024-12-28T21:34:57.613+0000] {logging_mixin.py:190} INFO - [2024-12-28T21:34:57.612+0000] {dag.py:3239} INFO - Sync 1 DAGs
[2024-12-28T21:34:57.643+0000] {logging_mixin.py:190} INFO - [2024-12-28T21:34:57.643+0000] {dag.py:4180} INFO - Setting next_dagrun for latest_only_with_trigger to 2024-12-28 16:00:00+00:00, run_after=2024-12-28 20:00:00+00:00
[2024-12-28T21:34:57.666+0000] {processor.py:208} INFO - Processing /home/airflow/.local/lib/python3.12/site-packages/airflow/example_dags/example_latest_only_with_trigger.py took 0.119 seconds
[2024-12-28T21:35:28.338+0000] {processor.py:186} INFO - Started process (PID=4141) to work on /home/airflow/.local/lib/python3.12/site-packages/airflow/example_dags/example_latest_only_with_trigger.py
[2024-12-28T21:35:28.341+0000] {processor.py:914} INFO - Processing file /home/airflow/.local/lib/python3.12/site-packages/airflow/example_dags/example_latest_only_with_trigger.py for tasks to queue
[2024-12-28T21:35:28.345+0000] {logging_mixin.py:190} INFO - [2024-12-28T21:35:28.344+0000] {dagbag.py:588} INFO - Filling up the DagBag from /home/airflow/.local/lib/python3.12/site-packages/airflow/example_dags/example_latest_only_with_trigger.py
[2024-12-28T21:35:28.360+0000] {processor.py:925} INFO - DAG(s) 'latest_only_with_trigger' retrieved from /home/airflow/.local/lib/python3.12/site-packages/airflow/example_dags/example_latest_only_with_trigger.py
[2024-12-28T21:35:28.401+0000] {logging_mixin.py:190} INFO - [2024-12-28T21:35:28.401+0000] {dag.py:3239} INFO - Sync 1 DAGs
[2024-12-28T21:35:28.434+0000] {logging_mixin.py:190} INFO - [2024-12-28T21:35:28.433+0000] {dag.py:4180} INFO - Setting next_dagrun for latest_only_with_trigger to 2024-12-28 16:00:00+00:00, run_after=2024-12-28 20:00:00+00:00
[2024-12-28T21:35:28.461+0000] {processor.py:208} INFO - Processing /home/airflow/.local/lib/python3.12/site-packages/airflow/example_dags/example_latest_only_with_trigger.py took 0.129 seconds
[2024-12-28T21:35:59.213+0000] {processor.py:186} INFO - Started process (PID=4210) to work on /home/airflow/.local/lib/python3.12/site-packages/airflow/example_dags/example_latest_only_with_trigger.py
[2024-12-28T21:35:59.217+0000] {processor.py:914} INFO - Processing file /home/airflow/.local/lib/python3.12/site-packages/airflow/example_dags/example_latest_only_with_trigger.py for tasks to queue
[2024-12-28T21:35:59.224+0000] {logging_mixin.py:190} INFO - [2024-12-28T21:35:59.222+0000] {dagbag.py:588} INFO - Filling up the DagBag from /home/airflow/.local/lib/python3.12/site-packages/airflow/example_dags/example_latest_only_with_trigger.py
[2024-12-28T21:35:59.241+0000] {processor.py:925} INFO - DAG(s) 'latest_only_with_trigger' retrieved from /home/airflow/.local/lib/python3.12/site-packages/airflow/example_dags/example_latest_only_with_trigger.py
[2024-12-28T21:35:59.267+0000] {logging_mixin.py:190} INFO - [2024-12-28T21:35:59.267+0000] {dag.py:3239} INFO - Sync 1 DAGs
[2024-12-28T21:35:59.288+0000] {logging_mixin.py:190} INFO - [2024-12-28T21:35:59.288+0000] {dag.py:4180} INFO - Setting next_dagrun for latest_only_with_trigger to 2024-12-28 16:00:00+00:00, run_after=2024-12-28 20:00:00+00:00
[2024-12-28T21:35:59.305+0000] {processor.py:208} INFO - Processing /home/airflow/.local/lib/python3.12/site-packages/airflow/example_dags/example_latest_only_with_trigger.py took 0.107 seconds
[2024-12-28T21:36:30.081+0000] {processor.py:186} INFO - Started process (PID=4279) to work on /home/airflow/.local/lib/python3.12/site-packages/airflow/example_dags/example_latest_only_with_trigger.py
[2024-12-28T21:36:30.085+0000] {processor.py:914} INFO - Processing file /home/airflow/.local/lib/python3.12/site-packages/airflow/example_dags/example_latest_only_with_trigger.py for tasks to queue
[2024-12-28T21:36:30.091+0000] {logging_mixin.py:190} INFO - [2024-12-28T21:36:30.090+0000] {dagbag.py:588} INFO - Filling up the DagBag from /home/airflow/.local/lib/python3.12/site-packages/airflow/example_dags/example_latest_only_with_trigger.py
[2024-12-28T21:36:30.102+0000] {processor.py:925} INFO - DAG(s) 'latest_only_with_trigger' retrieved from /home/airflow/.local/lib/python3.12/site-packages/airflow/example_dags/example_latest_only_with_trigger.py
[2024-12-28T21:36:30.124+0000] {logging_mixin.py:190} INFO - [2024-12-28T21:36:30.123+0000] {dag.py:3239} INFO - Sync 1 DAGs
[2024-12-28T21:36:30.147+0000] {logging_mixin.py:190} INFO - [2024-12-28T21:36:30.147+0000] {dag.py:4180} INFO - Setting next_dagrun for latest_only_with_trigger to 2024-12-28 16:00:00+00:00, run_after=2024-12-28 20:00:00+00:00
[2024-12-28T21:36:30.183+0000] {processor.py:208} INFO - Processing /home/airflow/.local/lib/python3.12/site-packages/airflow/example_dags/example_latest_only_with_trigger.py took 0.111 seconds
