[2024-12-28T21:05:20.328+0000] {processor.py:186} INFO - Started process (PID=125) to work on /home/airflow/.local/lib/python3.12/site-packages/airflow/example_dags/example_kubernetes_executor.py
[2024-12-28T21:05:20.331+0000] {processor.py:914} INFO - Processing file /home/airflow/.local/lib/python3.12/site-packages/airflow/example_dags/example_kubernetes_executor.py for tasks to queue
[2024-12-28T21:05:20.339+0000] {logging_mixin.py:190} INFO - [2024-12-28T21:05:20.337+0000] {dagbag.py:588} INFO - Filling up the DagBag from /home/airflow/.local/lib/python3.12/site-packages/airflow/example_dags/example_kubernetes_executor.py
[2024-12-28T21:05:20.365+0000] {processor.py:925} INFO - DAG(s) 'example_kubernetes_executor' retrieved from /home/airflow/.local/lib/python3.12/site-packages/airflow/example_dags/example_kubernetes_executor.py
[2024-12-28T21:05:20.515+0000] {logging_mixin.py:190} INFO - [2024-12-28T21:05:20.514+0000] {override.py:1911} INFO - Created Permission View: can edit on DAG:example_kubernetes_executor
[2024-12-28T21:05:20.535+0000] {logging_mixin.py:190} INFO - [2024-12-28T21:05:20.534+0000] {override.py:1911} INFO - Created Permission View: can read on DAG:example_kubernetes_executor
[2024-12-28T21:05:20.544+0000] {logging_mixin.py:190} INFO - [2024-12-28T21:05:20.543+0000] {override.py:1911} INFO - Created Permission View: can delete on DAG:example_kubernetes_executor
[2024-12-28T21:05:20.553+0000] {logging_mixin.py:190} INFO - [2024-12-28T21:05:20.553+0000] {override.py:1911} INFO - Created Permission View: menu access on DAG Run:example_kubernetes_executor
[2024-12-28T21:05:20.562+0000] {logging_mixin.py:190} INFO - [2024-12-28T21:05:20.562+0000] {override.py:1911} INFO - Created Permission View: can read on DAG Run:example_kubernetes_executor
[2024-12-28T21:05:20.571+0000] {logging_mixin.py:190} INFO - [2024-12-28T21:05:20.571+0000] {override.py:1911} INFO - Created Permission View: can delete on DAG Run:example_kubernetes_executor
[2024-12-28T21:05:20.581+0000] {logging_mixin.py:190} INFO - [2024-12-28T21:05:20.581+0000] {override.py:1911} INFO - Created Permission View: can create on DAG Run:example_kubernetes_executor
[2024-12-28T21:05:20.583+0000] {logging_mixin.py:190} INFO - [2024-12-28T21:05:20.583+0000] {dag.py:3239} INFO - Sync 1 DAGs
[2024-12-28T21:05:20.601+0000] {logging_mixin.py:190} INFO - [2024-12-28T21:05:20.600+0000] {dag.py:3262} INFO - Creating ORM DAG for example_kubernetes_executor
[2024-12-28T21:05:20.602+0000] {logging_mixin.py:190} INFO - [2024-12-28T21:05:20.602+0000] {dag.py:4180} INFO - Setting next_dagrun for example_kubernetes_executor to None, run_after=None
[2024-12-28T21:05:20.636+0000] {processor.py:208} INFO - Processing /home/airflow/.local/lib/python3.12/site-packages/airflow/example_dags/example_kubernetes_executor.py took 0.327 seconds
[2024-12-28T21:05:51.641+0000] {processor.py:186} INFO - Started process (PID=194) to work on /home/airflow/.local/lib/python3.12/site-packages/airflow/example_dags/example_kubernetes_executor.py
[2024-12-28T21:05:51.643+0000] {processor.py:914} INFO - Processing file /home/airflow/.local/lib/python3.12/site-packages/airflow/example_dags/example_kubernetes_executor.py for tasks to queue
[2024-12-28T21:05:51.646+0000] {logging_mixin.py:190} INFO - [2024-12-28T21:05:51.645+0000] {dagbag.py:588} INFO - Filling up the DagBag from /home/airflow/.local/lib/python3.12/site-packages/airflow/example_dags/example_kubernetes_executor.py
[2024-12-28T21:05:51.659+0000] {processor.py:925} INFO - DAG(s) 'example_kubernetes_executor' retrieved from /home/airflow/.local/lib/python3.12/site-packages/airflow/example_dags/example_kubernetes_executor.py
[2024-12-28T21:05:51.714+0000] {logging_mixin.py:190} INFO - [2024-12-28T21:05:51.713+0000] {dag.py:3239} INFO - Sync 1 DAGs
[2024-12-28T21:05:51.731+0000] {logging_mixin.py:190} INFO - [2024-12-28T21:05:51.731+0000] {dag.py:4180} INFO - Setting next_dagrun for example_kubernetes_executor to None, run_after=None
[2024-12-28T21:05:51.750+0000] {processor.py:208} INFO - Processing /home/airflow/.local/lib/python3.12/site-packages/airflow/example_dags/example_kubernetes_executor.py took 0.118 seconds
[2024-12-28T21:06:22.669+0000] {processor.py:186} INFO - Started process (PID=263) to work on /home/airflow/.local/lib/python3.12/site-packages/airflow/example_dags/example_kubernetes_executor.py
[2024-12-28T21:06:22.673+0000] {processor.py:914} INFO - Processing file /home/airflow/.local/lib/python3.12/site-packages/airflow/example_dags/example_kubernetes_executor.py for tasks to queue
[2024-12-28T21:06:22.677+0000] {logging_mixin.py:190} INFO - [2024-12-28T21:06:22.677+0000] {dagbag.py:588} INFO - Filling up the DagBag from /home/airflow/.local/lib/python3.12/site-packages/airflow/example_dags/example_kubernetes_executor.py
[2024-12-28T21:06:22.699+0000] {processor.py:925} INFO - DAG(s) 'example_kubernetes_executor' retrieved from /home/airflow/.local/lib/python3.12/site-packages/airflow/example_dags/example_kubernetes_executor.py
[2024-12-28T21:06:22.765+0000] {logging_mixin.py:190} INFO - [2024-12-28T21:06:22.764+0000] {dag.py:3239} INFO - Sync 1 DAGs
[2024-12-28T21:06:22.780+0000] {logging_mixin.py:190} INFO - [2024-12-28T21:06:22.780+0000] {dag.py:4180} INFO - Setting next_dagrun for example_kubernetes_executor to None, run_after=None
[2024-12-28T21:06:22.798+0000] {processor.py:208} INFO - Processing /home/airflow/.local/lib/python3.12/site-packages/airflow/example_dags/example_kubernetes_executor.py took 0.142 seconds
[2024-12-28T21:06:54.456+0000] {processor.py:186} INFO - Started process (PID=332) to work on /home/airflow/.local/lib/python3.12/site-packages/airflow/example_dags/example_kubernetes_executor.py
[2024-12-28T21:06:54.459+0000] {processor.py:914} INFO - Processing file /home/airflow/.local/lib/python3.12/site-packages/airflow/example_dags/example_kubernetes_executor.py for tasks to queue
[2024-12-28T21:06:54.467+0000] {logging_mixin.py:190} INFO - [2024-12-28T21:06:54.467+0000] {dagbag.py:588} INFO - Filling up the DagBag from /home/airflow/.local/lib/python3.12/site-packages/airflow/example_dags/example_kubernetes_executor.py
[2024-12-28T21:06:54.487+0000] {processor.py:925} INFO - DAG(s) 'example_kubernetes_executor' retrieved from /home/airflow/.local/lib/python3.12/site-packages/airflow/example_dags/example_kubernetes_executor.py
[2024-12-28T21:06:54.567+0000] {logging_mixin.py:190} INFO - [2024-12-28T21:06:54.567+0000] {dag.py:3239} INFO - Sync 1 DAGs
[2024-12-28T21:06:54.586+0000] {logging_mixin.py:190} INFO - [2024-12-28T21:06:54.586+0000] {dag.py:4180} INFO - Setting next_dagrun for example_kubernetes_executor to None, run_after=None
[2024-12-28T21:06:54.607+0000] {processor.py:208} INFO - Processing /home/airflow/.local/lib/python3.12/site-packages/airflow/example_dags/example_kubernetes_executor.py took 0.160 seconds
[2024-12-28T21:07:25.262+0000] {processor.py:186} INFO - Started process (PID=401) to work on /home/airflow/.local/lib/python3.12/site-packages/airflow/example_dags/example_kubernetes_executor.py
[2024-12-28T21:07:25.264+0000] {processor.py:914} INFO - Processing file /home/airflow/.local/lib/python3.12/site-packages/airflow/example_dags/example_kubernetes_executor.py for tasks to queue
[2024-12-28T21:07:25.272+0000] {logging_mixin.py:190} INFO - [2024-12-28T21:07:25.271+0000] {dagbag.py:588} INFO - Filling up the DagBag from /home/airflow/.local/lib/python3.12/site-packages/airflow/example_dags/example_kubernetes_executor.py
[2024-12-28T21:07:25.299+0000] {processor.py:925} INFO - DAG(s) 'example_kubernetes_executor' retrieved from /home/airflow/.local/lib/python3.12/site-packages/airflow/example_dags/example_kubernetes_executor.py
[2024-12-28T21:07:25.352+0000] {logging_mixin.py:190} INFO - [2024-12-28T21:07:25.352+0000] {dag.py:3239} INFO - Sync 1 DAGs
[2024-12-28T21:07:25.380+0000] {logging_mixin.py:190} INFO - [2024-12-28T21:07:25.380+0000] {dag.py:4180} INFO - Setting next_dagrun for example_kubernetes_executor to None, run_after=None
[2024-12-28T21:07:25.415+0000] {processor.py:208} INFO - Processing /home/airflow/.local/lib/python3.12/site-packages/airflow/example_dags/example_kubernetes_executor.py took 0.167 seconds
[2024-12-28T21:07:57.953+0000] {processor.py:186} INFO - Started process (PID=471) to work on /home/airflow/.local/lib/python3.12/site-packages/airflow/example_dags/example_kubernetes_executor.py
[2024-12-28T21:07:57.958+0000] {processor.py:914} INFO - Processing file /home/airflow/.local/lib/python3.12/site-packages/airflow/example_dags/example_kubernetes_executor.py for tasks to queue
[2024-12-28T21:07:57.968+0000] {logging_mixin.py:190} INFO - [2024-12-28T21:07:57.967+0000] {dagbag.py:588} INFO - Filling up the DagBag from /home/airflow/.local/lib/python3.12/site-packages/airflow/example_dags/example_kubernetes_executor.py
[2024-12-28T21:07:58.015+0000] {processor.py:925} INFO - DAG(s) 'example_kubernetes_executor' retrieved from /home/airflow/.local/lib/python3.12/site-packages/airflow/example_dags/example_kubernetes_executor.py
[2024-12-28T21:07:58.076+0000] {logging_mixin.py:190} INFO - [2024-12-28T21:07:58.075+0000] {dag.py:3239} INFO - Sync 1 DAGs
[2024-12-28T21:07:58.136+0000] {logging_mixin.py:190} INFO - [2024-12-28T21:07:58.135+0000] {dag.py:4180} INFO - Setting next_dagrun for example_kubernetes_executor to None, run_after=None
[2024-12-28T21:07:58.191+0000] {processor.py:208} INFO - Processing /home/airflow/.local/lib/python3.12/site-packages/airflow/example_dags/example_kubernetes_executor.py took 0.255 seconds
[2024-12-28T21:08:28.520+0000] {processor.py:186} INFO - Started process (PID=540) to work on /home/airflow/.local/lib/python3.12/site-packages/airflow/example_dags/example_kubernetes_executor.py
[2024-12-28T21:08:28.521+0000] {processor.py:914} INFO - Processing file /home/airflow/.local/lib/python3.12/site-packages/airflow/example_dags/example_kubernetes_executor.py for tasks to queue
[2024-12-28T21:08:28.524+0000] {logging_mixin.py:190} INFO - [2024-12-28T21:08:28.524+0000] {dagbag.py:588} INFO - Filling up the DagBag from /home/airflow/.local/lib/python3.12/site-packages/airflow/example_dags/example_kubernetes_executor.py
[2024-12-28T21:08:28.537+0000] {processor.py:925} INFO - DAG(s) 'example_kubernetes_executor' retrieved from /home/airflow/.local/lib/python3.12/site-packages/airflow/example_dags/example_kubernetes_executor.py
[2024-12-28T21:08:28.572+0000] {logging_mixin.py:190} INFO - [2024-12-28T21:08:28.572+0000] {dag.py:3239} INFO - Sync 1 DAGs
[2024-12-28T21:08:28.587+0000] {logging_mixin.py:190} INFO - [2024-12-28T21:08:28.586+0000] {dag.py:4180} INFO - Setting next_dagrun for example_kubernetes_executor to None, run_after=None
[2024-12-28T21:08:28.603+0000] {processor.py:208} INFO - Processing /home/airflow/.local/lib/python3.12/site-packages/airflow/example_dags/example_kubernetes_executor.py took 0.089 seconds
[2024-12-28T21:09:00.268+0000] {processor.py:186} INFO - Started process (PID=610) to work on /home/airflow/.local/lib/python3.12/site-packages/airflow/example_dags/example_kubernetes_executor.py
[2024-12-28T21:09:00.271+0000] {processor.py:914} INFO - Processing file /home/airflow/.local/lib/python3.12/site-packages/airflow/example_dags/example_kubernetes_executor.py for tasks to queue
[2024-12-28T21:09:00.275+0000] {logging_mixin.py:190} INFO - [2024-12-28T21:09:00.274+0000] {dagbag.py:588} INFO - Filling up the DagBag from /home/airflow/.local/lib/python3.12/site-packages/airflow/example_dags/example_kubernetes_executor.py
[2024-12-28T21:09:00.291+0000] {processor.py:925} INFO - DAG(s) 'example_kubernetes_executor' retrieved from /home/airflow/.local/lib/python3.12/site-packages/airflow/example_dags/example_kubernetes_executor.py
[2024-12-28T21:09:00.326+0000] {logging_mixin.py:190} INFO - [2024-12-28T21:09:00.326+0000] {dag.py:3239} INFO - Sync 1 DAGs
[2024-12-28T21:09:00.339+0000] {logging_mixin.py:190} INFO - [2024-12-28T21:09:00.339+0000] {dag.py:4180} INFO - Setting next_dagrun for example_kubernetes_executor to None, run_after=None
[2024-12-28T21:09:00.358+0000] {processor.py:208} INFO - Processing /home/airflow/.local/lib/python3.12/site-packages/airflow/example_dags/example_kubernetes_executor.py took 0.100 seconds
[2024-12-28T21:09:32.145+0000] {processor.py:186} INFO - Started process (PID=679) to work on /home/airflow/.local/lib/python3.12/site-packages/airflow/example_dags/example_kubernetes_executor.py
[2024-12-28T21:09:32.146+0000] {processor.py:914} INFO - Processing file /home/airflow/.local/lib/python3.12/site-packages/airflow/example_dags/example_kubernetes_executor.py for tasks to queue
[2024-12-28T21:09:32.149+0000] {logging_mixin.py:190} INFO - [2024-12-28T21:09:32.148+0000] {dagbag.py:588} INFO - Filling up the DagBag from /home/airflow/.local/lib/python3.12/site-packages/airflow/example_dags/example_kubernetes_executor.py
[2024-12-28T21:09:32.163+0000] {processor.py:925} INFO - DAG(s) 'example_kubernetes_executor' retrieved from /home/airflow/.local/lib/python3.12/site-packages/airflow/example_dags/example_kubernetes_executor.py
[2024-12-28T21:09:32.223+0000] {logging_mixin.py:190} INFO - [2024-12-28T21:09:32.222+0000] {dag.py:3239} INFO - Sync 1 DAGs
[2024-12-28T21:09:32.238+0000] {logging_mixin.py:190} INFO - [2024-12-28T21:09:32.238+0000] {dag.py:4180} INFO - Setting next_dagrun for example_kubernetes_executor to None, run_after=None
[2024-12-28T21:09:32.260+0000] {processor.py:208} INFO - Processing /home/airflow/.local/lib/python3.12/site-packages/airflow/example_dags/example_kubernetes_executor.py took 0.121 seconds
[2024-12-28T21:10:03.519+0000] {processor.py:186} INFO - Started process (PID=748) to work on /home/airflow/.local/lib/python3.12/site-packages/airflow/example_dags/example_kubernetes_executor.py
[2024-12-28T21:10:03.521+0000] {processor.py:914} INFO - Processing file /home/airflow/.local/lib/python3.12/site-packages/airflow/example_dags/example_kubernetes_executor.py for tasks to queue
[2024-12-28T21:10:03.524+0000] {logging_mixin.py:190} INFO - [2024-12-28T21:10:03.523+0000] {dagbag.py:588} INFO - Filling up the DagBag from /home/airflow/.local/lib/python3.12/site-packages/airflow/example_dags/example_kubernetes_executor.py
[2024-12-28T21:10:03.537+0000] {processor.py:925} INFO - DAG(s) 'example_kubernetes_executor' retrieved from /home/airflow/.local/lib/python3.12/site-packages/airflow/example_dags/example_kubernetes_executor.py
[2024-12-28T21:10:03.570+0000] {logging_mixin.py:190} INFO - [2024-12-28T21:10:03.569+0000] {dag.py:3239} INFO - Sync 1 DAGs
[2024-12-28T21:10:03.585+0000] {logging_mixin.py:190} INFO - [2024-12-28T21:10:03.584+0000] {dag.py:4180} INFO - Setting next_dagrun for example_kubernetes_executor to None, run_after=None
[2024-12-28T21:10:03.613+0000] {processor.py:208} INFO - Processing /home/airflow/.local/lib/python3.12/site-packages/airflow/example_dags/example_kubernetes_executor.py took 0.101 seconds
[2024-12-28T21:10:34.903+0000] {processor.py:186} INFO - Started process (PID=817) to work on /home/airflow/.local/lib/python3.12/site-packages/airflow/example_dags/example_kubernetes_executor.py
[2024-12-28T21:10:34.904+0000] {processor.py:914} INFO - Processing file /home/airflow/.local/lib/python3.12/site-packages/airflow/example_dags/example_kubernetes_executor.py for tasks to queue
[2024-12-28T21:10:34.910+0000] {logging_mixin.py:190} INFO - [2024-12-28T21:10:34.908+0000] {dagbag.py:588} INFO - Filling up the DagBag from /home/airflow/.local/lib/python3.12/site-packages/airflow/example_dags/example_kubernetes_executor.py
[2024-12-28T21:10:34.932+0000] {processor.py:925} INFO - DAG(s) 'example_kubernetes_executor' retrieved from /home/airflow/.local/lib/python3.12/site-packages/airflow/example_dags/example_kubernetes_executor.py
[2024-12-28T21:10:35.005+0000] {logging_mixin.py:190} INFO - [2024-12-28T21:10:35.005+0000] {dag.py:3239} INFO - Sync 1 DAGs
[2024-12-28T21:10:35.022+0000] {logging_mixin.py:190} INFO - [2024-12-28T21:10:35.022+0000] {dag.py:4180} INFO - Setting next_dagrun for example_kubernetes_executor to None, run_after=None
[2024-12-28T21:10:35.049+0000] {processor.py:208} INFO - Processing /home/airflow/.local/lib/python3.12/site-packages/airflow/example_dags/example_kubernetes_executor.py took 0.153 seconds
[2024-12-28T21:11:06.370+0000] {processor.py:186} INFO - Started process (PID=886) to work on /home/airflow/.local/lib/python3.12/site-packages/airflow/example_dags/example_kubernetes_executor.py
[2024-12-28T21:11:06.373+0000] {processor.py:914} INFO - Processing file /home/airflow/.local/lib/python3.12/site-packages/airflow/example_dags/example_kubernetes_executor.py for tasks to queue
[2024-12-28T21:11:06.376+0000] {logging_mixin.py:190} INFO - [2024-12-28T21:11:06.376+0000] {dagbag.py:588} INFO - Filling up the DagBag from /home/airflow/.local/lib/python3.12/site-packages/airflow/example_dags/example_kubernetes_executor.py
[2024-12-28T21:11:06.399+0000] {processor.py:925} INFO - DAG(s) 'example_kubernetes_executor' retrieved from /home/airflow/.local/lib/python3.12/site-packages/airflow/example_dags/example_kubernetes_executor.py
[2024-12-28T21:11:06.446+0000] {logging_mixin.py:190} INFO - [2024-12-28T21:11:06.445+0000] {dag.py:3239} INFO - Sync 1 DAGs
[2024-12-28T21:11:06.465+0000] {logging_mixin.py:190} INFO - [2024-12-28T21:11:06.465+0000] {dag.py:4180} INFO - Setting next_dagrun for example_kubernetes_executor to None, run_after=None
[2024-12-28T21:11:06.485+0000] {processor.py:208} INFO - Processing /home/airflow/.local/lib/python3.12/site-packages/airflow/example_dags/example_kubernetes_executor.py took 0.124 seconds
[2024-12-28T21:11:37.384+0000] {processor.py:186} INFO - Started process (PID=955) to work on /home/airflow/.local/lib/python3.12/site-packages/airflow/example_dags/example_kubernetes_executor.py
[2024-12-28T21:11:37.395+0000] {processor.py:914} INFO - Processing file /home/airflow/.local/lib/python3.12/site-packages/airflow/example_dags/example_kubernetes_executor.py for tasks to queue
[2024-12-28T21:11:37.400+0000] {logging_mixin.py:190} INFO - [2024-12-28T21:11:37.400+0000] {dagbag.py:588} INFO - Filling up the DagBag from /home/airflow/.local/lib/python3.12/site-packages/airflow/example_dags/example_kubernetes_executor.py
[2024-12-28T21:11:37.434+0000] {processor.py:925} INFO - DAG(s) 'example_kubernetes_executor' retrieved from /home/airflow/.local/lib/python3.12/site-packages/airflow/example_dags/example_kubernetes_executor.py
[2024-12-28T21:11:37.497+0000] {logging_mixin.py:190} INFO - [2024-12-28T21:11:37.496+0000] {dag.py:3239} INFO - Sync 1 DAGs
[2024-12-28T21:11:37.511+0000] {logging_mixin.py:190} INFO - [2024-12-28T21:11:37.511+0000] {dag.py:4180} INFO - Setting next_dagrun for example_kubernetes_executor to None, run_after=None
[2024-12-28T21:11:37.539+0000] {processor.py:208} INFO - Processing /home/airflow/.local/lib/python3.12/site-packages/airflow/example_dags/example_kubernetes_executor.py took 0.162 seconds
[2024-12-28T21:12:08.836+0000] {processor.py:186} INFO - Started process (PID=1024) to work on /home/airflow/.local/lib/python3.12/site-packages/airflow/example_dags/example_kubernetes_executor.py
[2024-12-28T21:12:08.838+0000] {processor.py:914} INFO - Processing file /home/airflow/.local/lib/python3.12/site-packages/airflow/example_dags/example_kubernetes_executor.py for tasks to queue
[2024-12-28T21:12:08.841+0000] {logging_mixin.py:190} INFO - [2024-12-28T21:12:08.841+0000] {dagbag.py:588} INFO - Filling up the DagBag from /home/airflow/.local/lib/python3.12/site-packages/airflow/example_dags/example_kubernetes_executor.py
[2024-12-28T21:12:08.858+0000] {processor.py:925} INFO - DAG(s) 'example_kubernetes_executor' retrieved from /home/airflow/.local/lib/python3.12/site-packages/airflow/example_dags/example_kubernetes_executor.py
[2024-12-28T21:12:08.898+0000] {logging_mixin.py:190} INFO - [2024-12-28T21:12:08.898+0000] {dag.py:3239} INFO - Sync 1 DAGs
[2024-12-28T21:12:08.924+0000] {logging_mixin.py:190} INFO - [2024-12-28T21:12:08.923+0000] {dag.py:4180} INFO - Setting next_dagrun for example_kubernetes_executor to None, run_after=None
[2024-12-28T21:12:08.956+0000] {processor.py:208} INFO - Processing /home/airflow/.local/lib/python3.12/site-packages/airflow/example_dags/example_kubernetes_executor.py took 0.129 seconds
[2024-12-28T21:12:40.050+0000] {processor.py:186} INFO - Started process (PID=1093) to work on /home/airflow/.local/lib/python3.12/site-packages/airflow/example_dags/example_kubernetes_executor.py
[2024-12-28T21:12:40.053+0000] {processor.py:914} INFO - Processing file /home/airflow/.local/lib/python3.12/site-packages/airflow/example_dags/example_kubernetes_executor.py for tasks to queue
[2024-12-28T21:12:40.058+0000] {logging_mixin.py:190} INFO - [2024-12-28T21:12:40.058+0000] {dagbag.py:588} INFO - Filling up the DagBag from /home/airflow/.local/lib/python3.12/site-packages/airflow/example_dags/example_kubernetes_executor.py
[2024-12-28T21:12:40.090+0000] {processor.py:925} INFO - DAG(s) 'example_kubernetes_executor' retrieved from /home/airflow/.local/lib/python3.12/site-packages/airflow/example_dags/example_kubernetes_executor.py
[2024-12-28T21:12:40.152+0000] {logging_mixin.py:190} INFO - [2024-12-28T21:12:40.152+0000] {dag.py:3239} INFO - Sync 1 DAGs
[2024-12-28T21:12:40.166+0000] {logging_mixin.py:190} INFO - [2024-12-28T21:12:40.166+0000] {dag.py:4180} INFO - Setting next_dagrun for example_kubernetes_executor to None, run_after=None
[2024-12-28T21:12:40.186+0000] {processor.py:208} INFO - Processing /home/airflow/.local/lib/python3.12/site-packages/airflow/example_dags/example_kubernetes_executor.py took 0.143 seconds
[2024-12-28T21:13:11.468+0000] {processor.py:186} INFO - Started process (PID=1162) to work on /home/airflow/.local/lib/python3.12/site-packages/airflow/example_dags/example_kubernetes_executor.py
[2024-12-28T21:13:11.472+0000] {processor.py:914} INFO - Processing file /home/airflow/.local/lib/python3.12/site-packages/airflow/example_dags/example_kubernetes_executor.py for tasks to queue
[2024-12-28T21:13:11.478+0000] {logging_mixin.py:190} INFO - [2024-12-28T21:13:11.477+0000] {dagbag.py:588} INFO - Filling up the DagBag from /home/airflow/.local/lib/python3.12/site-packages/airflow/example_dags/example_kubernetes_executor.py
[2024-12-28T21:13:11.528+0000] {processor.py:925} INFO - DAG(s) 'example_kubernetes_executor' retrieved from /home/airflow/.local/lib/python3.12/site-packages/airflow/example_dags/example_kubernetes_executor.py
[2024-12-28T21:13:11.588+0000] {logging_mixin.py:190} INFO - [2024-12-28T21:13:11.588+0000] {dag.py:3239} INFO - Sync 1 DAGs
[2024-12-28T21:13:11.607+0000] {logging_mixin.py:190} INFO - [2024-12-28T21:13:11.606+0000] {dag.py:4180} INFO - Setting next_dagrun for example_kubernetes_executor to None, run_after=None
[2024-12-28T21:13:11.629+0000] {processor.py:208} INFO - Processing /home/airflow/.local/lib/python3.12/site-packages/airflow/example_dags/example_kubernetes_executor.py took 0.171 seconds
[2024-12-28T21:13:43.062+0000] {processor.py:186} INFO - Started process (PID=1237) to work on /home/airflow/.local/lib/python3.12/site-packages/airflow/example_dags/example_kubernetes_executor.py
[2024-12-28T21:13:43.064+0000] {processor.py:914} INFO - Processing file /home/airflow/.local/lib/python3.12/site-packages/airflow/example_dags/example_kubernetes_executor.py for tasks to queue
[2024-12-28T21:13:43.067+0000] {logging_mixin.py:190} INFO - [2024-12-28T21:13:43.067+0000] {dagbag.py:588} INFO - Filling up the DagBag from /home/airflow/.local/lib/python3.12/site-packages/airflow/example_dags/example_kubernetes_executor.py
[2024-12-28T21:13:43.082+0000] {processor.py:925} INFO - DAG(s) 'example_kubernetes_executor' retrieved from /home/airflow/.local/lib/python3.12/site-packages/airflow/example_dags/example_kubernetes_executor.py
[2024-12-28T21:13:43.129+0000] {logging_mixin.py:190} INFO - [2024-12-28T21:13:43.129+0000] {dag.py:3239} INFO - Sync 1 DAGs
[2024-12-28T21:13:43.154+0000] {logging_mixin.py:190} INFO - [2024-12-28T21:13:43.153+0000] {dag.py:4180} INFO - Setting next_dagrun for example_kubernetes_executor to None, run_after=None
[2024-12-28T21:13:43.193+0000] {processor.py:208} INFO - Processing /home/airflow/.local/lib/python3.12/site-packages/airflow/example_dags/example_kubernetes_executor.py took 0.138 seconds
[2024-12-28T21:14:14.582+0000] {processor.py:186} INFO - Started process (PID=1306) to work on /home/airflow/.local/lib/python3.12/site-packages/airflow/example_dags/example_kubernetes_executor.py
[2024-12-28T21:14:14.584+0000] {processor.py:914} INFO - Processing file /home/airflow/.local/lib/python3.12/site-packages/airflow/example_dags/example_kubernetes_executor.py for tasks to queue
[2024-12-28T21:14:14.589+0000] {logging_mixin.py:190} INFO - [2024-12-28T21:14:14.589+0000] {dagbag.py:588} INFO - Filling up the DagBag from /home/airflow/.local/lib/python3.12/site-packages/airflow/example_dags/example_kubernetes_executor.py
[2024-12-28T21:14:14.612+0000] {processor.py:925} INFO - DAG(s) 'example_kubernetes_executor' retrieved from /home/airflow/.local/lib/python3.12/site-packages/airflow/example_dags/example_kubernetes_executor.py
[2024-12-28T21:14:14.649+0000] {logging_mixin.py:190} INFO - [2024-12-28T21:14:14.649+0000] {dag.py:3239} INFO - Sync 1 DAGs
[2024-12-28T21:14:14.665+0000] {logging_mixin.py:190} INFO - [2024-12-28T21:14:14.665+0000] {dag.py:4180} INFO - Setting next_dagrun for example_kubernetes_executor to None, run_after=None
[2024-12-28T21:14:14.688+0000] {processor.py:208} INFO - Processing /home/airflow/.local/lib/python3.12/site-packages/airflow/example_dags/example_kubernetes_executor.py took 0.117 seconds
[2024-12-28T21:14:45.716+0000] {processor.py:186} INFO - Started process (PID=1375) to work on /home/airflow/.local/lib/python3.12/site-packages/airflow/example_dags/example_kubernetes_executor.py
[2024-12-28T21:14:45.719+0000] {processor.py:914} INFO - Processing file /home/airflow/.local/lib/python3.12/site-packages/airflow/example_dags/example_kubernetes_executor.py for tasks to queue
[2024-12-28T21:14:45.722+0000] {logging_mixin.py:190} INFO - [2024-12-28T21:14:45.722+0000] {dagbag.py:588} INFO - Filling up the DagBag from /home/airflow/.local/lib/python3.12/site-packages/airflow/example_dags/example_kubernetes_executor.py
[2024-12-28T21:14:45.751+0000] {processor.py:925} INFO - DAG(s) 'example_kubernetes_executor' retrieved from /home/airflow/.local/lib/python3.12/site-packages/airflow/example_dags/example_kubernetes_executor.py
[2024-12-28T21:14:45.802+0000] {logging_mixin.py:190} INFO - [2024-12-28T21:14:45.802+0000] {dag.py:3239} INFO - Sync 1 DAGs
[2024-12-28T21:14:45.817+0000] {logging_mixin.py:190} INFO - [2024-12-28T21:14:45.817+0000] {dag.py:4180} INFO - Setting next_dagrun for example_kubernetes_executor to None, run_after=None
[2024-12-28T21:14:45.837+0000] {processor.py:208} INFO - Processing /home/airflow/.local/lib/python3.12/site-packages/airflow/example_dags/example_kubernetes_executor.py took 0.129 seconds
[2024-12-28T21:15:17.066+0000] {processor.py:186} INFO - Started process (PID=1444) to work on /home/airflow/.local/lib/python3.12/site-packages/airflow/example_dags/example_kubernetes_executor.py
[2024-12-28T21:15:17.070+0000] {processor.py:914} INFO - Processing file /home/airflow/.local/lib/python3.12/site-packages/airflow/example_dags/example_kubernetes_executor.py for tasks to queue
[2024-12-28T21:15:17.073+0000] {logging_mixin.py:190} INFO - [2024-12-28T21:15:17.072+0000] {dagbag.py:588} INFO - Filling up the DagBag from /home/airflow/.local/lib/python3.12/site-packages/airflow/example_dags/example_kubernetes_executor.py
[2024-12-28T21:15:17.088+0000] {processor.py:925} INFO - DAG(s) 'example_kubernetes_executor' retrieved from /home/airflow/.local/lib/python3.12/site-packages/airflow/example_dags/example_kubernetes_executor.py
[2024-12-28T21:15:17.151+0000] {logging_mixin.py:190} INFO - [2024-12-28T21:15:17.150+0000] {dag.py:3239} INFO - Sync 1 DAGs
[2024-12-28T21:15:17.198+0000] {logging_mixin.py:190} INFO - [2024-12-28T21:15:17.197+0000] {dag.py:4180} INFO - Setting next_dagrun for example_kubernetes_executor to None, run_after=None
[2024-12-28T21:15:17.247+0000] {processor.py:208} INFO - Processing /home/airflow/.local/lib/python3.12/site-packages/airflow/example_dags/example_kubernetes_executor.py took 0.188 seconds
[2024-12-28T21:15:48.492+0000] {processor.py:186} INFO - Started process (PID=1513) to work on /home/airflow/.local/lib/python3.12/site-packages/airflow/example_dags/example_kubernetes_executor.py
[2024-12-28T21:15:48.494+0000] {processor.py:914} INFO - Processing file /home/airflow/.local/lib/python3.12/site-packages/airflow/example_dags/example_kubernetes_executor.py for tasks to queue
[2024-12-28T21:15:48.500+0000] {logging_mixin.py:190} INFO - [2024-12-28T21:15:48.499+0000] {dagbag.py:588} INFO - Filling up the DagBag from /home/airflow/.local/lib/python3.12/site-packages/airflow/example_dags/example_kubernetes_executor.py
[2024-12-28T21:15:48.532+0000] {processor.py:925} INFO - DAG(s) 'example_kubernetes_executor' retrieved from /home/airflow/.local/lib/python3.12/site-packages/airflow/example_dags/example_kubernetes_executor.py
[2024-12-28T21:15:48.611+0000] {logging_mixin.py:190} INFO - [2024-12-28T21:15:48.610+0000] {dag.py:3239} INFO - Sync 1 DAGs
[2024-12-28T21:15:48.643+0000] {logging_mixin.py:190} INFO - [2024-12-28T21:15:48.643+0000] {dag.py:4180} INFO - Setting next_dagrun for example_kubernetes_executor to None, run_after=None
[2024-12-28T21:15:48.675+0000] {processor.py:208} INFO - Processing /home/airflow/.local/lib/python3.12/site-packages/airflow/example_dags/example_kubernetes_executor.py took 0.191 seconds
[2024-12-28T21:16:19.943+0000] {processor.py:186} INFO - Started process (PID=1582) to work on /home/airflow/.local/lib/python3.12/site-packages/airflow/example_dags/example_kubernetes_executor.py
[2024-12-28T21:16:19.947+0000] {processor.py:914} INFO - Processing file /home/airflow/.local/lib/python3.12/site-packages/airflow/example_dags/example_kubernetes_executor.py for tasks to queue
[2024-12-28T21:16:19.954+0000] {logging_mixin.py:190} INFO - [2024-12-28T21:16:19.953+0000] {dagbag.py:588} INFO - Filling up the DagBag from /home/airflow/.local/lib/python3.12/site-packages/airflow/example_dags/example_kubernetes_executor.py
[2024-12-28T21:16:19.988+0000] {processor.py:925} INFO - DAG(s) 'example_kubernetes_executor' retrieved from /home/airflow/.local/lib/python3.12/site-packages/airflow/example_dags/example_kubernetes_executor.py
[2024-12-28T21:16:20.048+0000] {logging_mixin.py:190} INFO - [2024-12-28T21:16:20.048+0000] {dag.py:3239} INFO - Sync 1 DAGs
[2024-12-28T21:16:20.062+0000] {logging_mixin.py:190} INFO - [2024-12-28T21:16:20.062+0000] {dag.py:4180} INFO - Setting next_dagrun for example_kubernetes_executor to None, run_after=None
[2024-12-28T21:16:20.087+0000] {processor.py:208} INFO - Processing /home/airflow/.local/lib/python3.12/site-packages/airflow/example_dags/example_kubernetes_executor.py took 0.162 seconds
[2024-12-28T21:16:50.963+0000] {processor.py:186} INFO - Started process (PID=1651) to work on /home/airflow/.local/lib/python3.12/site-packages/airflow/example_dags/example_kubernetes_executor.py
[2024-12-28T21:16:50.965+0000] {processor.py:914} INFO - Processing file /home/airflow/.local/lib/python3.12/site-packages/airflow/example_dags/example_kubernetes_executor.py for tasks to queue
[2024-12-28T21:16:50.968+0000] {logging_mixin.py:190} INFO - [2024-12-28T21:16:50.967+0000] {dagbag.py:588} INFO - Filling up the DagBag from /home/airflow/.local/lib/python3.12/site-packages/airflow/example_dags/example_kubernetes_executor.py
[2024-12-28T21:16:50.987+0000] {processor.py:925} INFO - DAG(s) 'example_kubernetes_executor' retrieved from /home/airflow/.local/lib/python3.12/site-packages/airflow/example_dags/example_kubernetes_executor.py
[2024-12-28T21:16:51.093+0000] {logging_mixin.py:190} INFO - [2024-12-28T21:16:51.093+0000] {dag.py:3239} INFO - Sync 1 DAGs
[2024-12-28T21:16:51.116+0000] {logging_mixin.py:190} INFO - [2024-12-28T21:16:51.115+0000] {dag.py:4180} INFO - Setting next_dagrun for example_kubernetes_executor to None, run_after=None
[2024-12-28T21:16:51.148+0000] {processor.py:208} INFO - Processing /home/airflow/.local/lib/python3.12/site-packages/airflow/example_dags/example_kubernetes_executor.py took 0.191 seconds
[2024-12-28T21:17:22.183+0000] {processor.py:186} INFO - Started process (PID=1720) to work on /home/airflow/.local/lib/python3.12/site-packages/airflow/example_dags/example_kubernetes_executor.py
[2024-12-28T21:17:22.185+0000] {processor.py:914} INFO - Processing file /home/airflow/.local/lib/python3.12/site-packages/airflow/example_dags/example_kubernetes_executor.py for tasks to queue
[2024-12-28T21:17:22.187+0000] {logging_mixin.py:190} INFO - [2024-12-28T21:17:22.187+0000] {dagbag.py:588} INFO - Filling up the DagBag from /home/airflow/.local/lib/python3.12/site-packages/airflow/example_dags/example_kubernetes_executor.py
[2024-12-28T21:17:22.203+0000] {processor.py:925} INFO - DAG(s) 'example_kubernetes_executor' retrieved from /home/airflow/.local/lib/python3.12/site-packages/airflow/example_dags/example_kubernetes_executor.py
[2024-12-28T21:17:22.243+0000] {logging_mixin.py:190} INFO - [2024-12-28T21:17:22.242+0000] {dag.py:3239} INFO - Sync 1 DAGs
[2024-12-28T21:17:22.256+0000] {logging_mixin.py:190} INFO - [2024-12-28T21:17:22.256+0000] {dag.py:4180} INFO - Setting next_dagrun for example_kubernetes_executor to None, run_after=None
[2024-12-28T21:17:22.273+0000] {processor.py:208} INFO - Processing /home/airflow/.local/lib/python3.12/site-packages/airflow/example_dags/example_kubernetes_executor.py took 0.095 seconds
[2024-12-28T21:17:53.620+0000] {processor.py:186} INFO - Started process (PID=1789) to work on /home/airflow/.local/lib/python3.12/site-packages/airflow/example_dags/example_kubernetes_executor.py
[2024-12-28T21:17:53.624+0000] {processor.py:914} INFO - Processing file /home/airflow/.local/lib/python3.12/site-packages/airflow/example_dags/example_kubernetes_executor.py for tasks to queue
[2024-12-28T21:17:53.628+0000] {logging_mixin.py:190} INFO - [2024-12-28T21:17:53.627+0000] {dagbag.py:588} INFO - Filling up the DagBag from /home/airflow/.local/lib/python3.12/site-packages/airflow/example_dags/example_kubernetes_executor.py
[2024-12-28T21:17:53.649+0000] {processor.py:925} INFO - DAG(s) 'example_kubernetes_executor' retrieved from /home/airflow/.local/lib/python3.12/site-packages/airflow/example_dags/example_kubernetes_executor.py
[2024-12-28T21:17:53.710+0000] {logging_mixin.py:190} INFO - [2024-12-28T21:17:53.710+0000] {dag.py:3239} INFO - Sync 1 DAGs
[2024-12-28T21:17:53.727+0000] {logging_mixin.py:190} INFO - [2024-12-28T21:17:53.727+0000] {dag.py:4180} INFO - Setting next_dagrun for example_kubernetes_executor to None, run_after=None
[2024-12-28T21:17:53.811+0000] {processor.py:208} INFO - Processing /home/airflow/.local/lib/python3.12/site-packages/airflow/example_dags/example_kubernetes_executor.py took 0.156 seconds
[2024-12-28T21:18:25.226+0000] {processor.py:186} INFO - Started process (PID=1858) to work on /home/airflow/.local/lib/python3.12/site-packages/airflow/example_dags/example_kubernetes_executor.py
[2024-12-28T21:18:25.229+0000] {processor.py:914} INFO - Processing file /home/airflow/.local/lib/python3.12/site-packages/airflow/example_dags/example_kubernetes_executor.py for tasks to queue
[2024-12-28T21:18:25.235+0000] {logging_mixin.py:190} INFO - [2024-12-28T21:18:25.234+0000] {dagbag.py:588} INFO - Filling up the DagBag from /home/airflow/.local/lib/python3.12/site-packages/airflow/example_dags/example_kubernetes_executor.py
[2024-12-28T21:18:25.274+0000] {processor.py:925} INFO - DAG(s) 'example_kubernetes_executor' retrieved from /home/airflow/.local/lib/python3.12/site-packages/airflow/example_dags/example_kubernetes_executor.py
[2024-12-28T21:18:25.336+0000] {logging_mixin.py:190} INFO - [2024-12-28T21:18:25.335+0000] {dag.py:3239} INFO - Sync 1 DAGs
[2024-12-28T21:18:25.359+0000] {logging_mixin.py:190} INFO - [2024-12-28T21:18:25.358+0000] {dag.py:4180} INFO - Setting next_dagrun for example_kubernetes_executor to None, run_after=None
[2024-12-28T21:18:25.427+0000] {processor.py:208} INFO - Processing /home/airflow/.local/lib/python3.12/site-packages/airflow/example_dags/example_kubernetes_executor.py took 0.218 seconds
[2024-12-28T21:18:56.903+0000] {processor.py:186} INFO - Started process (PID=1927) to work on /home/airflow/.local/lib/python3.12/site-packages/airflow/example_dags/example_kubernetes_executor.py
[2024-12-28T21:18:56.907+0000] {processor.py:914} INFO - Processing file /home/airflow/.local/lib/python3.12/site-packages/airflow/example_dags/example_kubernetes_executor.py for tasks to queue
[2024-12-28T21:18:56.913+0000] {logging_mixin.py:190} INFO - [2024-12-28T21:18:56.912+0000] {dagbag.py:588} INFO - Filling up the DagBag from /home/airflow/.local/lib/python3.12/site-packages/airflow/example_dags/example_kubernetes_executor.py
[2024-12-28T21:18:56.945+0000] {processor.py:925} INFO - DAG(s) 'example_kubernetes_executor' retrieved from /home/airflow/.local/lib/python3.12/site-packages/airflow/example_dags/example_kubernetes_executor.py
[2024-12-28T21:18:57.012+0000] {logging_mixin.py:190} INFO - [2024-12-28T21:18:57.012+0000] {dag.py:3239} INFO - Sync 1 DAGs
[2024-12-28T21:18:57.028+0000] {logging_mixin.py:190} INFO - [2024-12-28T21:18:57.028+0000] {dag.py:4180} INFO - Setting next_dagrun for example_kubernetes_executor to None, run_after=None
[2024-12-28T21:18:57.086+0000] {processor.py:208} INFO - Processing /home/airflow/.local/lib/python3.12/site-packages/airflow/example_dags/example_kubernetes_executor.py took 0.198 seconds
[2024-12-28T21:19:28.583+0000] {processor.py:186} INFO - Started process (PID=1996) to work on /home/airflow/.local/lib/python3.12/site-packages/airflow/example_dags/example_kubernetes_executor.py
[2024-12-28T21:19:28.587+0000] {processor.py:914} INFO - Processing file /home/airflow/.local/lib/python3.12/site-packages/airflow/example_dags/example_kubernetes_executor.py for tasks to queue
[2024-12-28T21:19:28.593+0000] {logging_mixin.py:190} INFO - [2024-12-28T21:19:28.592+0000] {dagbag.py:588} INFO - Filling up the DagBag from /home/airflow/.local/lib/python3.12/site-packages/airflow/example_dags/example_kubernetes_executor.py
[2024-12-28T21:19:28.625+0000] {processor.py:925} INFO - DAG(s) 'example_kubernetes_executor' retrieved from /home/airflow/.local/lib/python3.12/site-packages/airflow/example_dags/example_kubernetes_executor.py
[2024-12-28T21:19:28.679+0000] {logging_mixin.py:190} INFO - [2024-12-28T21:19:28.678+0000] {dag.py:3239} INFO - Sync 1 DAGs
[2024-12-28T21:19:28.694+0000] {logging_mixin.py:190} INFO - [2024-12-28T21:19:28.694+0000] {dag.py:4180} INFO - Setting next_dagrun for example_kubernetes_executor to None, run_after=None
[2024-12-28T21:19:28.744+0000] {processor.py:208} INFO - Processing /home/airflow/.local/lib/python3.12/site-packages/airflow/example_dags/example_kubernetes_executor.py took 0.176 seconds
[2024-12-28T21:19:59.961+0000] {processor.py:186} INFO - Started process (PID=2065) to work on /home/airflow/.local/lib/python3.12/site-packages/airflow/example_dags/example_kubernetes_executor.py
[2024-12-28T21:19:59.971+0000] {processor.py:914} INFO - Processing file /home/airflow/.local/lib/python3.12/site-packages/airflow/example_dags/example_kubernetes_executor.py for tasks to queue
[2024-12-28T21:19:59.987+0000] {logging_mixin.py:190} INFO - [2024-12-28T21:19:59.986+0000] {dagbag.py:588} INFO - Filling up the DagBag from /home/airflow/.local/lib/python3.12/site-packages/airflow/example_dags/example_kubernetes_executor.py
[2024-12-28T21:20:00.023+0000] {processor.py:925} INFO - DAG(s) 'example_kubernetes_executor' retrieved from /home/airflow/.local/lib/python3.12/site-packages/airflow/example_dags/example_kubernetes_executor.py
[2024-12-28T21:20:00.097+0000] {logging_mixin.py:190} INFO - [2024-12-28T21:20:00.097+0000] {dag.py:3239} INFO - Sync 1 DAGs
[2024-12-28T21:20:00.112+0000] {logging_mixin.py:190} INFO - [2024-12-28T21:20:00.111+0000] {dag.py:4180} INFO - Setting next_dagrun for example_kubernetes_executor to None, run_after=None
[2024-12-28T21:20:00.130+0000] {processor.py:208} INFO - Processing /home/airflow/.local/lib/python3.12/site-packages/airflow/example_dags/example_kubernetes_executor.py took 0.180 seconds
[2024-12-28T21:20:31.242+0000] {processor.py:186} INFO - Started process (PID=2134) to work on /home/airflow/.local/lib/python3.12/site-packages/airflow/example_dags/example_kubernetes_executor.py
[2024-12-28T21:20:31.244+0000] {processor.py:914} INFO - Processing file /home/airflow/.local/lib/python3.12/site-packages/airflow/example_dags/example_kubernetes_executor.py for tasks to queue
[2024-12-28T21:20:31.248+0000] {logging_mixin.py:190} INFO - [2024-12-28T21:20:31.248+0000] {dagbag.py:588} INFO - Filling up the DagBag from /home/airflow/.local/lib/python3.12/site-packages/airflow/example_dags/example_kubernetes_executor.py
[2024-12-28T21:20:31.265+0000] {processor.py:925} INFO - DAG(s) 'example_kubernetes_executor' retrieved from /home/airflow/.local/lib/python3.12/site-packages/airflow/example_dags/example_kubernetes_executor.py
[2024-12-28T21:20:31.314+0000] {logging_mixin.py:190} INFO - [2024-12-28T21:20:31.313+0000] {dag.py:3239} INFO - Sync 1 DAGs
[2024-12-28T21:20:31.341+0000] {logging_mixin.py:190} INFO - [2024-12-28T21:20:31.340+0000] {dag.py:4180} INFO - Setting next_dagrun for example_kubernetes_executor to None, run_after=None
[2024-12-28T21:20:31.375+0000] {processor.py:208} INFO - Processing /home/airflow/.local/lib/python3.12/site-packages/airflow/example_dags/example_kubernetes_executor.py took 0.142 seconds
[2024-12-28T21:21:02.712+0000] {processor.py:186} INFO - Started process (PID=2204) to work on /home/airflow/.local/lib/python3.12/site-packages/airflow/example_dags/example_kubernetes_executor.py
[2024-12-28T21:21:02.714+0000] {processor.py:914} INFO - Processing file /home/airflow/.local/lib/python3.12/site-packages/airflow/example_dags/example_kubernetes_executor.py for tasks to queue
[2024-12-28T21:21:02.719+0000] {logging_mixin.py:190} INFO - [2024-12-28T21:21:02.719+0000] {dagbag.py:588} INFO - Filling up the DagBag from /home/airflow/.local/lib/python3.12/site-packages/airflow/example_dags/example_kubernetes_executor.py
[2024-12-28T21:21:02.740+0000] {processor.py:925} INFO - DAG(s) 'example_kubernetes_executor' retrieved from /home/airflow/.local/lib/python3.12/site-packages/airflow/example_dags/example_kubernetes_executor.py
[2024-12-28T21:21:02.779+0000] {logging_mixin.py:190} INFO - [2024-12-28T21:21:02.779+0000] {dag.py:3239} INFO - Sync 1 DAGs
[2024-12-28T21:21:02.796+0000] {logging_mixin.py:190} INFO - [2024-12-28T21:21:02.796+0000] {dag.py:4180} INFO - Setting next_dagrun for example_kubernetes_executor to None, run_after=None
[2024-12-28T21:21:02.843+0000] {processor.py:208} INFO - Processing /home/airflow/.local/lib/python3.12/site-packages/airflow/example_dags/example_kubernetes_executor.py took 0.143 seconds
[2024-12-28T21:21:33.987+0000] {processor.py:186} INFO - Started process (PID=2276) to work on /home/airflow/.local/lib/python3.12/site-packages/airflow/example_dags/example_kubernetes_executor.py
[2024-12-28T21:21:33.989+0000] {processor.py:914} INFO - Processing file /home/airflow/.local/lib/python3.12/site-packages/airflow/example_dags/example_kubernetes_executor.py for tasks to queue
[2024-12-28T21:21:33.992+0000] {logging_mixin.py:190} INFO - [2024-12-28T21:21:33.991+0000] {dagbag.py:588} INFO - Filling up the DagBag from /home/airflow/.local/lib/python3.12/site-packages/airflow/example_dags/example_kubernetes_executor.py
[2024-12-28T21:21:34.005+0000] {processor.py:925} INFO - DAG(s) 'example_kubernetes_executor' retrieved from /home/airflow/.local/lib/python3.12/site-packages/airflow/example_dags/example_kubernetes_executor.py
[2024-12-28T21:21:34.040+0000] {logging_mixin.py:190} INFO - [2024-12-28T21:21:34.040+0000] {dag.py:3239} INFO - Sync 1 DAGs
[2024-12-28T21:21:34.053+0000] {logging_mixin.py:190} INFO - [2024-12-28T21:21:34.053+0000] {dag.py:4180} INFO - Setting next_dagrun for example_kubernetes_executor to None, run_after=None
[2024-12-28T21:21:34.078+0000] {processor.py:208} INFO - Processing /home/airflow/.local/lib/python3.12/site-packages/airflow/example_dags/example_kubernetes_executor.py took 0.100 seconds
[2024-12-28T21:22:05.567+0000] {processor.py:186} INFO - Started process (PID=2345) to work on /home/airflow/.local/lib/python3.12/site-packages/airflow/example_dags/example_kubernetes_executor.py
[2024-12-28T21:22:05.568+0000] {processor.py:914} INFO - Processing file /home/airflow/.local/lib/python3.12/site-packages/airflow/example_dags/example_kubernetes_executor.py for tasks to queue
[2024-12-28T21:22:05.571+0000] {logging_mixin.py:190} INFO - [2024-12-28T21:22:05.570+0000] {dagbag.py:588} INFO - Filling up the DagBag from /home/airflow/.local/lib/python3.12/site-packages/airflow/example_dags/example_kubernetes_executor.py
[2024-12-28T21:22:05.585+0000] {processor.py:925} INFO - DAG(s) 'example_kubernetes_executor' retrieved from /home/airflow/.local/lib/python3.12/site-packages/airflow/example_dags/example_kubernetes_executor.py
[2024-12-28T21:22:05.622+0000] {logging_mixin.py:190} INFO - [2024-12-28T21:22:05.622+0000] {dag.py:3239} INFO - Sync 1 DAGs
[2024-12-28T21:22:05.636+0000] {logging_mixin.py:190} INFO - [2024-12-28T21:22:05.635+0000] {dag.py:4180} INFO - Setting next_dagrun for example_kubernetes_executor to None, run_after=None
[2024-12-28T21:22:05.653+0000] {processor.py:208} INFO - Processing /home/airflow/.local/lib/python3.12/site-packages/airflow/example_dags/example_kubernetes_executor.py took 0.092 seconds
[2024-12-28T21:22:36.780+0000] {processor.py:186} INFO - Started process (PID=2414) to work on /home/airflow/.local/lib/python3.12/site-packages/airflow/example_dags/example_kubernetes_executor.py
[2024-12-28T21:22:36.783+0000] {processor.py:914} INFO - Processing file /home/airflow/.local/lib/python3.12/site-packages/airflow/example_dags/example_kubernetes_executor.py for tasks to queue
[2024-12-28T21:22:36.786+0000] {logging_mixin.py:190} INFO - [2024-12-28T21:22:36.786+0000] {dagbag.py:588} INFO - Filling up the DagBag from /home/airflow/.local/lib/python3.12/site-packages/airflow/example_dags/example_kubernetes_executor.py
[2024-12-28T21:22:36.807+0000] {processor.py:925} INFO - DAG(s) 'example_kubernetes_executor' retrieved from /home/airflow/.local/lib/python3.12/site-packages/airflow/example_dags/example_kubernetes_executor.py
[2024-12-28T21:22:36.888+0000] {logging_mixin.py:190} INFO - [2024-12-28T21:22:36.888+0000] {dag.py:3239} INFO - Sync 1 DAGs
[2024-12-28T21:22:36.908+0000] {logging_mixin.py:190} INFO - [2024-12-28T21:22:36.908+0000] {dag.py:4180} INFO - Setting next_dagrun for example_kubernetes_executor to None, run_after=None
[2024-12-28T21:22:36.926+0000] {processor.py:208} INFO - Processing /home/airflow/.local/lib/python3.12/site-packages/airflow/example_dags/example_kubernetes_executor.py took 0.157 seconds
[2024-12-28T21:23:07.935+0000] {processor.py:186} INFO - Started process (PID=2483) to work on /home/airflow/.local/lib/python3.12/site-packages/airflow/example_dags/example_kubernetes_executor.py
[2024-12-28T21:23:07.938+0000] {processor.py:914} INFO - Processing file /home/airflow/.local/lib/python3.12/site-packages/airflow/example_dags/example_kubernetes_executor.py for tasks to queue
[2024-12-28T21:23:07.942+0000] {logging_mixin.py:190} INFO - [2024-12-28T21:23:07.942+0000] {dagbag.py:588} INFO - Filling up the DagBag from /home/airflow/.local/lib/python3.12/site-packages/airflow/example_dags/example_kubernetes_executor.py
[2024-12-28T21:23:07.959+0000] {processor.py:925} INFO - DAG(s) 'example_kubernetes_executor' retrieved from /home/airflow/.local/lib/python3.12/site-packages/airflow/example_dags/example_kubernetes_executor.py
[2024-12-28T21:23:08.008+0000] {logging_mixin.py:190} INFO - [2024-12-28T21:23:08.008+0000] {dag.py:3239} INFO - Sync 1 DAGs
[2024-12-28T21:23:08.027+0000] {logging_mixin.py:190} INFO - [2024-12-28T21:23:08.027+0000] {dag.py:4180} INFO - Setting next_dagrun for example_kubernetes_executor to None, run_after=None
[2024-12-28T21:23:08.045+0000] {processor.py:208} INFO - Processing /home/airflow/.local/lib/python3.12/site-packages/airflow/example_dags/example_kubernetes_executor.py took 0.119 seconds
[2024-12-28T21:23:39.330+0000] {processor.py:186} INFO - Started process (PID=2552) to work on /home/airflow/.local/lib/python3.12/site-packages/airflow/example_dags/example_kubernetes_executor.py
[2024-12-28T21:23:39.332+0000] {processor.py:914} INFO - Processing file /home/airflow/.local/lib/python3.12/site-packages/airflow/example_dags/example_kubernetes_executor.py for tasks to queue
[2024-12-28T21:23:39.336+0000] {logging_mixin.py:190} INFO - [2024-12-28T21:23:39.335+0000] {dagbag.py:588} INFO - Filling up the DagBag from /home/airflow/.local/lib/python3.12/site-packages/airflow/example_dags/example_kubernetes_executor.py
[2024-12-28T21:23:39.363+0000] {processor.py:925} INFO - DAG(s) 'example_kubernetes_executor' retrieved from /home/airflow/.local/lib/python3.12/site-packages/airflow/example_dags/example_kubernetes_executor.py
[2024-12-28T21:23:39.420+0000] {logging_mixin.py:190} INFO - [2024-12-28T21:23:39.420+0000] {dag.py:3239} INFO - Sync 1 DAGs
[2024-12-28T21:23:39.453+0000] {logging_mixin.py:190} INFO - [2024-12-28T21:23:39.453+0000] {dag.py:4180} INFO - Setting next_dagrun for example_kubernetes_executor to None, run_after=None
[2024-12-28T21:23:39.505+0000] {processor.py:208} INFO - Processing /home/airflow/.local/lib/python3.12/site-packages/airflow/example_dags/example_kubernetes_executor.py took 0.187 seconds
[2024-12-28T21:24:10.297+0000] {processor.py:186} INFO - Started process (PID=2621) to work on /home/airflow/.local/lib/python3.12/site-packages/airflow/example_dags/example_kubernetes_executor.py
[2024-12-28T21:24:10.300+0000] {processor.py:914} INFO - Processing file /home/airflow/.local/lib/python3.12/site-packages/airflow/example_dags/example_kubernetes_executor.py for tasks to queue
[2024-12-28T21:24:10.305+0000] {logging_mixin.py:190} INFO - [2024-12-28T21:24:10.304+0000] {dagbag.py:588} INFO - Filling up the DagBag from /home/airflow/.local/lib/python3.12/site-packages/airflow/example_dags/example_kubernetes_executor.py
[2024-12-28T21:24:10.322+0000] {processor.py:925} INFO - DAG(s) 'example_kubernetes_executor' retrieved from /home/airflow/.local/lib/python3.12/site-packages/airflow/example_dags/example_kubernetes_executor.py
[2024-12-28T21:24:10.380+0000] {logging_mixin.py:190} INFO - [2024-12-28T21:24:10.380+0000] {dag.py:3239} INFO - Sync 1 DAGs
[2024-12-28T21:24:10.406+0000] {logging_mixin.py:190} INFO - [2024-12-28T21:24:10.406+0000] {dag.py:4180} INFO - Setting next_dagrun for example_kubernetes_executor to None, run_after=None
[2024-12-28T21:24:10.461+0000] {processor.py:208} INFO - Processing /home/airflow/.local/lib/python3.12/site-packages/airflow/example_dags/example_kubernetes_executor.py took 0.174 seconds
[2024-12-28T21:24:41.708+0000] {processor.py:186} INFO - Started process (PID=2690) to work on /home/airflow/.local/lib/python3.12/site-packages/airflow/example_dags/example_kubernetes_executor.py
[2024-12-28T21:24:41.711+0000] {processor.py:914} INFO - Processing file /home/airflow/.local/lib/python3.12/site-packages/airflow/example_dags/example_kubernetes_executor.py for tasks to queue
[2024-12-28T21:24:41.716+0000] {logging_mixin.py:190} INFO - [2024-12-28T21:24:41.716+0000] {dagbag.py:588} INFO - Filling up the DagBag from /home/airflow/.local/lib/python3.12/site-packages/airflow/example_dags/example_kubernetes_executor.py
[2024-12-28T21:24:41.746+0000] {processor.py:925} INFO - DAG(s) 'example_kubernetes_executor' retrieved from /home/airflow/.local/lib/python3.12/site-packages/airflow/example_dags/example_kubernetes_executor.py
[2024-12-28T21:24:41.792+0000] {logging_mixin.py:190} INFO - [2024-12-28T21:24:41.792+0000] {dag.py:3239} INFO - Sync 1 DAGs
[2024-12-28T21:24:41.808+0000] {logging_mixin.py:190} INFO - [2024-12-28T21:24:41.808+0000] {dag.py:4180} INFO - Setting next_dagrun for example_kubernetes_executor to None, run_after=None
[2024-12-28T21:24:41.845+0000] {processor.py:208} INFO - Processing /home/airflow/.local/lib/python3.12/site-packages/airflow/example_dags/example_kubernetes_executor.py took 0.150 seconds
[2024-12-28T21:25:13.006+0000] {processor.py:186} INFO - Started process (PID=2759) to work on /home/airflow/.local/lib/python3.12/site-packages/airflow/example_dags/example_kubernetes_executor.py
[2024-12-28T21:25:13.009+0000] {processor.py:914} INFO - Processing file /home/airflow/.local/lib/python3.12/site-packages/airflow/example_dags/example_kubernetes_executor.py for tasks to queue
[2024-12-28T21:25:13.012+0000] {logging_mixin.py:190} INFO - [2024-12-28T21:25:13.012+0000] {dagbag.py:588} INFO - Filling up the DagBag from /home/airflow/.local/lib/python3.12/site-packages/airflow/example_dags/example_kubernetes_executor.py
[2024-12-28T21:25:13.036+0000] {processor.py:925} INFO - DAG(s) 'example_kubernetes_executor' retrieved from /home/airflow/.local/lib/python3.12/site-packages/airflow/example_dags/example_kubernetes_executor.py
[2024-12-28T21:25:13.074+0000] {logging_mixin.py:190} INFO - [2024-12-28T21:25:13.074+0000] {dag.py:3239} INFO - Sync 1 DAGs
[2024-12-28T21:25:13.089+0000] {logging_mixin.py:190} INFO - [2024-12-28T21:25:13.089+0000] {dag.py:4180} INFO - Setting next_dagrun for example_kubernetes_executor to None, run_after=None
[2024-12-28T21:25:13.289+0000] {processor.py:208} INFO - Processing /home/airflow/.local/lib/python3.12/site-packages/airflow/example_dags/example_kubernetes_executor.py took 0.297 seconds
[2024-12-28T21:25:44.467+0000] {processor.py:186} INFO - Started process (PID=2828) to work on /home/airflow/.local/lib/python3.12/site-packages/airflow/example_dags/example_kubernetes_executor.py
[2024-12-28T21:25:44.471+0000] {processor.py:914} INFO - Processing file /home/airflow/.local/lib/python3.12/site-packages/airflow/example_dags/example_kubernetes_executor.py for tasks to queue
[2024-12-28T21:25:44.479+0000] {logging_mixin.py:190} INFO - [2024-12-28T21:25:44.478+0000] {dagbag.py:588} INFO - Filling up the DagBag from /home/airflow/.local/lib/python3.12/site-packages/airflow/example_dags/example_kubernetes_executor.py
[2024-12-28T21:25:44.535+0000] {processor.py:925} INFO - DAG(s) 'example_kubernetes_executor' retrieved from /home/airflow/.local/lib/python3.12/site-packages/airflow/example_dags/example_kubernetes_executor.py
[2024-12-28T21:25:44.602+0000] {logging_mixin.py:190} INFO - [2024-12-28T21:25:44.602+0000] {dag.py:3239} INFO - Sync 1 DAGs
[2024-12-28T21:25:44.618+0000] {logging_mixin.py:190} INFO - [2024-12-28T21:25:44.617+0000] {dag.py:4180} INFO - Setting next_dagrun for example_kubernetes_executor to None, run_after=None
[2024-12-28T21:25:44.640+0000] {processor.py:208} INFO - Processing /home/airflow/.local/lib/python3.12/site-packages/airflow/example_dags/example_kubernetes_executor.py took 0.182 seconds
[2024-12-28T21:26:15.837+0000] {processor.py:186} INFO - Started process (PID=2903) to work on /home/airflow/.local/lib/python3.12/site-packages/airflow/example_dags/example_kubernetes_executor.py
[2024-12-28T21:26:15.844+0000] {processor.py:914} INFO - Processing file /home/airflow/.local/lib/python3.12/site-packages/airflow/example_dags/example_kubernetes_executor.py for tasks to queue
[2024-12-28T21:26:15.850+0000] {logging_mixin.py:190} INFO - [2024-12-28T21:26:15.849+0000] {dagbag.py:588} INFO - Filling up the DagBag from /home/airflow/.local/lib/python3.12/site-packages/airflow/example_dags/example_kubernetes_executor.py
[2024-12-28T21:26:15.888+0000] {processor.py:925} INFO - DAG(s) 'example_kubernetes_executor' retrieved from /home/airflow/.local/lib/python3.12/site-packages/airflow/example_dags/example_kubernetes_executor.py
[2024-12-28T21:26:15.955+0000] {logging_mixin.py:190} INFO - [2024-12-28T21:26:15.955+0000] {dag.py:3239} INFO - Sync 1 DAGs
[2024-12-28T21:26:15.975+0000] {logging_mixin.py:190} INFO - [2024-12-28T21:26:15.974+0000] {dag.py:4180} INFO - Setting next_dagrun for example_kubernetes_executor to None, run_after=None
[2024-12-28T21:26:16.006+0000] {processor.py:208} INFO - Processing /home/airflow/.local/lib/python3.12/site-packages/airflow/example_dags/example_kubernetes_executor.py took 0.183 seconds
[2024-12-28T21:26:47.363+0000] {processor.py:186} INFO - Started process (PID=2973) to work on /home/airflow/.local/lib/python3.12/site-packages/airflow/example_dags/example_kubernetes_executor.py
[2024-12-28T21:26:47.368+0000] {processor.py:914} INFO - Processing file /home/airflow/.local/lib/python3.12/site-packages/airflow/example_dags/example_kubernetes_executor.py for tasks to queue
[2024-12-28T21:26:47.376+0000] {logging_mixin.py:190} INFO - [2024-12-28T21:26:47.375+0000] {dagbag.py:588} INFO - Filling up the DagBag from /home/airflow/.local/lib/python3.12/site-packages/airflow/example_dags/example_kubernetes_executor.py
[2024-12-28T21:26:47.432+0000] {processor.py:925} INFO - DAG(s) 'example_kubernetes_executor' retrieved from /home/airflow/.local/lib/python3.12/site-packages/airflow/example_dags/example_kubernetes_executor.py
[2024-12-28T21:26:47.541+0000] {logging_mixin.py:190} INFO - [2024-12-28T21:26:47.541+0000] {dag.py:3239} INFO - Sync 1 DAGs
[2024-12-28T21:26:47.559+0000] {logging_mixin.py:190} INFO - [2024-12-28T21:26:47.559+0000] {dag.py:4180} INFO - Setting next_dagrun for example_kubernetes_executor to None, run_after=None
[2024-12-28T21:26:47.623+0000] {processor.py:208} INFO - Processing /home/airflow/.local/lib/python3.12/site-packages/airflow/example_dags/example_kubernetes_executor.py took 0.271 seconds
[2024-12-28T21:27:18.847+0000] {processor.py:186} INFO - Started process (PID=3046) to work on /home/airflow/.local/lib/python3.12/site-packages/airflow/example_dags/example_kubernetes_executor.py
[2024-12-28T21:27:18.849+0000] {processor.py:914} INFO - Processing file /home/airflow/.local/lib/python3.12/site-packages/airflow/example_dags/example_kubernetes_executor.py for tasks to queue
[2024-12-28T21:27:18.851+0000] {logging_mixin.py:190} INFO - [2024-12-28T21:27:18.851+0000] {dagbag.py:588} INFO - Filling up the DagBag from /home/airflow/.local/lib/python3.12/site-packages/airflow/example_dags/example_kubernetes_executor.py
[2024-12-28T21:27:18.865+0000] {processor.py:925} INFO - DAG(s) 'example_kubernetes_executor' retrieved from /home/airflow/.local/lib/python3.12/site-packages/airflow/example_dags/example_kubernetes_executor.py
[2024-12-28T21:27:18.908+0000] {logging_mixin.py:190} INFO - [2024-12-28T21:27:18.908+0000] {dag.py:3239} INFO - Sync 1 DAGs
[2024-12-28T21:27:18.924+0000] {logging_mixin.py:190} INFO - [2024-12-28T21:27:18.923+0000] {dag.py:4180} INFO - Setting next_dagrun for example_kubernetes_executor to None, run_after=None
[2024-12-28T21:27:18.950+0000] {processor.py:208} INFO - Processing /home/airflow/.local/lib/python3.12/site-packages/airflow/example_dags/example_kubernetes_executor.py took 0.108 seconds
[2024-12-28T21:27:50.729+0000] {processor.py:186} INFO - Started process (PID=3115) to work on /home/airflow/.local/lib/python3.12/site-packages/airflow/example_dags/example_kubernetes_executor.py
[2024-12-28T21:27:50.731+0000] {processor.py:914} INFO - Processing file /home/airflow/.local/lib/python3.12/site-packages/airflow/example_dags/example_kubernetes_executor.py for tasks to queue
[2024-12-28T21:27:50.737+0000] {logging_mixin.py:190} INFO - [2024-12-28T21:27:50.737+0000] {dagbag.py:588} INFO - Filling up the DagBag from /home/airflow/.local/lib/python3.12/site-packages/airflow/example_dags/example_kubernetes_executor.py
[2024-12-28T21:27:50.755+0000] {processor.py:925} INFO - DAG(s) 'example_kubernetes_executor' retrieved from /home/airflow/.local/lib/python3.12/site-packages/airflow/example_dags/example_kubernetes_executor.py
[2024-12-28T21:27:50.804+0000] {logging_mixin.py:190} INFO - [2024-12-28T21:27:50.804+0000] {dag.py:3239} INFO - Sync 1 DAGs
[2024-12-28T21:27:50.818+0000] {logging_mixin.py:190} INFO - [2024-12-28T21:27:50.817+0000] {dag.py:4180} INFO - Setting next_dagrun for example_kubernetes_executor to None, run_after=None
[2024-12-28T21:27:50.837+0000] {processor.py:208} INFO - Processing /home/airflow/.local/lib/python3.12/site-packages/airflow/example_dags/example_kubernetes_executor.py took 0.116 seconds
[2024-12-28T21:28:21.883+0000] {processor.py:186} INFO - Started process (PID=3184) to work on /home/airflow/.local/lib/python3.12/site-packages/airflow/example_dags/example_kubernetes_executor.py
[2024-12-28T21:28:21.885+0000] {processor.py:914} INFO - Processing file /home/airflow/.local/lib/python3.12/site-packages/airflow/example_dags/example_kubernetes_executor.py for tasks to queue
[2024-12-28T21:28:21.887+0000] {logging_mixin.py:190} INFO - [2024-12-28T21:28:21.887+0000] {dagbag.py:588} INFO - Filling up the DagBag from /home/airflow/.local/lib/python3.12/site-packages/airflow/example_dags/example_kubernetes_executor.py
[2024-12-28T21:28:21.903+0000] {processor.py:925} INFO - DAG(s) 'example_kubernetes_executor' retrieved from /home/airflow/.local/lib/python3.12/site-packages/airflow/example_dags/example_kubernetes_executor.py
[2024-12-28T21:28:22.000+0000] {logging_mixin.py:190} INFO - [2024-12-28T21:28:22.000+0000] {dag.py:3239} INFO - Sync 1 DAGs
[2024-12-28T21:28:22.019+0000] {logging_mixin.py:190} INFO - [2024-12-28T21:28:22.019+0000] {dag.py:4180} INFO - Setting next_dagrun for example_kubernetes_executor to None, run_after=None
[2024-12-28T21:28:22.043+0000] {processor.py:208} INFO - Processing /home/airflow/.local/lib/python3.12/site-packages/airflow/example_dags/example_kubernetes_executor.py took 0.169 seconds
[2024-12-28T21:28:54.140+0000] {processor.py:186} INFO - Started process (PID=3257) to work on /home/airflow/.local/lib/python3.12/site-packages/airflow/example_dags/example_kubernetes_executor.py
[2024-12-28T21:28:54.145+0000] {processor.py:914} INFO - Processing file /home/airflow/.local/lib/python3.12/site-packages/airflow/example_dags/example_kubernetes_executor.py for tasks to queue
[2024-12-28T21:28:54.152+0000] {logging_mixin.py:190} INFO - [2024-12-28T21:28:54.151+0000] {dagbag.py:588} INFO - Filling up the DagBag from /home/airflow/.local/lib/python3.12/site-packages/airflow/example_dags/example_kubernetes_executor.py
[2024-12-28T21:28:54.188+0000] {processor.py:925} INFO - DAG(s) 'example_kubernetes_executor' retrieved from /home/airflow/.local/lib/python3.12/site-packages/airflow/example_dags/example_kubernetes_executor.py
[2024-12-28T21:28:54.261+0000] {logging_mixin.py:190} INFO - [2024-12-28T21:28:54.261+0000] {dag.py:3239} INFO - Sync 1 DAGs
[2024-12-28T21:28:54.281+0000] {logging_mixin.py:190} INFO - [2024-12-28T21:28:54.281+0000] {dag.py:4180} INFO - Setting next_dagrun for example_kubernetes_executor to None, run_after=None
[2024-12-28T21:28:54.302+0000] {processor.py:208} INFO - Processing /home/airflow/.local/lib/python3.12/site-packages/airflow/example_dags/example_kubernetes_executor.py took 0.187 seconds
[2024-12-28T21:29:25.001+0000] {processor.py:186} INFO - Started process (PID=3327) to work on /home/airflow/.local/lib/python3.12/site-packages/airflow/example_dags/example_kubernetes_executor.py
[2024-12-28T21:29:25.003+0000] {processor.py:914} INFO - Processing file /home/airflow/.local/lib/python3.12/site-packages/airflow/example_dags/example_kubernetes_executor.py for tasks to queue
[2024-12-28T21:29:25.008+0000] {logging_mixin.py:190} INFO - [2024-12-28T21:29:25.007+0000] {dagbag.py:588} INFO - Filling up the DagBag from /home/airflow/.local/lib/python3.12/site-packages/airflow/example_dags/example_kubernetes_executor.py
[2024-12-28T21:29:25.036+0000] {processor.py:925} INFO - DAG(s) 'example_kubernetes_executor' retrieved from /home/airflow/.local/lib/python3.12/site-packages/airflow/example_dags/example_kubernetes_executor.py
[2024-12-28T21:29:25.091+0000] {logging_mixin.py:190} INFO - [2024-12-28T21:29:25.091+0000] {dag.py:3239} INFO - Sync 1 DAGs
[2024-12-28T21:29:25.105+0000] {logging_mixin.py:190} INFO - [2024-12-28T21:29:25.105+0000] {dag.py:4180} INFO - Setting next_dagrun for example_kubernetes_executor to None, run_after=None
[2024-12-28T21:29:25.122+0000] {processor.py:208} INFO - Processing /home/airflow/.local/lib/python3.12/site-packages/airflow/example_dags/example_kubernetes_executor.py took 0.134 seconds
[2024-12-28T21:29:56.070+0000] {processor.py:186} INFO - Started process (PID=3396) to work on /home/airflow/.local/lib/python3.12/site-packages/airflow/example_dags/example_kubernetes_executor.py
[2024-12-28T21:29:56.073+0000] {processor.py:914} INFO - Processing file /home/airflow/.local/lib/python3.12/site-packages/airflow/example_dags/example_kubernetes_executor.py for tasks to queue
[2024-12-28T21:29:56.077+0000] {logging_mixin.py:190} INFO - [2024-12-28T21:29:56.076+0000] {dagbag.py:588} INFO - Filling up the DagBag from /home/airflow/.local/lib/python3.12/site-packages/airflow/example_dags/example_kubernetes_executor.py
[2024-12-28T21:29:56.102+0000] {processor.py:925} INFO - DAG(s) 'example_kubernetes_executor' retrieved from /home/airflow/.local/lib/python3.12/site-packages/airflow/example_dags/example_kubernetes_executor.py
[2024-12-28T21:29:56.152+0000] {logging_mixin.py:190} INFO - [2024-12-28T21:29:56.151+0000] {dag.py:3239} INFO - Sync 1 DAGs
[2024-12-28T21:29:56.165+0000] {logging_mixin.py:190} INFO - [2024-12-28T21:29:56.165+0000] {dag.py:4180} INFO - Setting next_dagrun for example_kubernetes_executor to None, run_after=None
[2024-12-28T21:29:56.182+0000] {processor.py:208} INFO - Processing /home/airflow/.local/lib/python3.12/site-packages/airflow/example_dags/example_kubernetes_executor.py took 0.123 seconds
[2024-12-28T21:30:26.564+0000] {processor.py:186} INFO - Started process (PID=3466) to work on /home/airflow/.local/lib/python3.12/site-packages/airflow/example_dags/example_kubernetes_executor.py
[2024-12-28T21:30:26.567+0000] {processor.py:914} INFO - Processing file /home/airflow/.local/lib/python3.12/site-packages/airflow/example_dags/example_kubernetes_executor.py for tasks to queue
[2024-12-28T21:30:26.574+0000] {logging_mixin.py:190} INFO - [2024-12-28T21:30:26.573+0000] {dagbag.py:588} INFO - Filling up the DagBag from /home/airflow/.local/lib/python3.12/site-packages/airflow/example_dags/example_kubernetes_executor.py
[2024-12-28T21:30:26.594+0000] {processor.py:925} INFO - DAG(s) 'example_kubernetes_executor' retrieved from /home/airflow/.local/lib/python3.12/site-packages/airflow/example_dags/example_kubernetes_executor.py
[2024-12-28T21:30:26.628+0000] {logging_mixin.py:190} INFO - [2024-12-28T21:30:26.627+0000] {dag.py:3239} INFO - Sync 1 DAGs
[2024-12-28T21:30:26.642+0000] {logging_mixin.py:190} INFO - [2024-12-28T21:30:26.641+0000] {dag.py:4180} INFO - Setting next_dagrun for example_kubernetes_executor to None, run_after=None
[2024-12-28T21:30:26.659+0000] {processor.py:208} INFO - Processing /home/airflow/.local/lib/python3.12/site-packages/airflow/example_dags/example_kubernetes_executor.py took 0.108 seconds
[2024-12-28T21:30:57.462+0000] {processor.py:186} INFO - Started process (PID=3536) to work on /home/airflow/.local/lib/python3.12/site-packages/airflow/example_dags/example_kubernetes_executor.py
[2024-12-28T21:30:57.464+0000] {processor.py:914} INFO - Processing file /home/airflow/.local/lib/python3.12/site-packages/airflow/example_dags/example_kubernetes_executor.py for tasks to queue
[2024-12-28T21:30:57.469+0000] {logging_mixin.py:190} INFO - [2024-12-28T21:30:57.468+0000] {dagbag.py:588} INFO - Filling up the DagBag from /home/airflow/.local/lib/python3.12/site-packages/airflow/example_dags/example_kubernetes_executor.py
[2024-12-28T21:30:57.499+0000] {processor.py:925} INFO - DAG(s) 'example_kubernetes_executor' retrieved from /home/airflow/.local/lib/python3.12/site-packages/airflow/example_dags/example_kubernetes_executor.py
[2024-12-28T21:30:57.556+0000] {logging_mixin.py:190} INFO - [2024-12-28T21:30:57.555+0000] {dag.py:3239} INFO - Sync 1 DAGs
[2024-12-28T21:30:57.569+0000] {logging_mixin.py:190} INFO - [2024-12-28T21:30:57.569+0000] {dag.py:4180} INFO - Setting next_dagrun for example_kubernetes_executor to None, run_after=None
[2024-12-28T21:30:57.587+0000] {processor.py:208} INFO - Processing /home/airflow/.local/lib/python3.12/site-packages/airflow/example_dags/example_kubernetes_executor.py took 0.135 seconds
[2024-12-28T21:31:28.243+0000] {processor.py:186} INFO - Started process (PID=3605) to work on /home/airflow/.local/lib/python3.12/site-packages/airflow/example_dags/example_kubernetes_executor.py
[2024-12-28T21:31:28.245+0000] {processor.py:914} INFO - Processing file /home/airflow/.local/lib/python3.12/site-packages/airflow/example_dags/example_kubernetes_executor.py for tasks to queue
[2024-12-28T21:31:28.251+0000] {logging_mixin.py:190} INFO - [2024-12-28T21:31:28.250+0000] {dagbag.py:588} INFO - Filling up the DagBag from /home/airflow/.local/lib/python3.12/site-packages/airflow/example_dags/example_kubernetes_executor.py
[2024-12-28T21:31:28.277+0000] {processor.py:925} INFO - DAG(s) 'example_kubernetes_executor' retrieved from /home/airflow/.local/lib/python3.12/site-packages/airflow/example_dags/example_kubernetes_executor.py
[2024-12-28T21:31:28.375+0000] {logging_mixin.py:190} INFO - [2024-12-28T21:31:28.375+0000] {dag.py:3239} INFO - Sync 1 DAGs
[2024-12-28T21:31:28.408+0000] {logging_mixin.py:190} INFO - [2024-12-28T21:31:28.408+0000] {dag.py:4180} INFO - Setting next_dagrun for example_kubernetes_executor to None, run_after=None
[2024-12-28T21:31:28.463+0000] {processor.py:208} INFO - Processing /home/airflow/.local/lib/python3.12/site-packages/airflow/example_dags/example_kubernetes_executor.py took 0.232 seconds
[2024-12-28T21:31:59.209+0000] {processor.py:186} INFO - Started process (PID=3675) to work on /home/airflow/.local/lib/python3.12/site-packages/airflow/example_dags/example_kubernetes_executor.py
[2024-12-28T21:31:59.214+0000] {processor.py:914} INFO - Processing file /home/airflow/.local/lib/python3.12/site-packages/airflow/example_dags/example_kubernetes_executor.py for tasks to queue
[2024-12-28T21:31:59.219+0000] {logging_mixin.py:190} INFO - [2024-12-28T21:31:59.218+0000] {dagbag.py:588} INFO - Filling up the DagBag from /home/airflow/.local/lib/python3.12/site-packages/airflow/example_dags/example_kubernetes_executor.py
[2024-12-28T21:31:59.240+0000] {processor.py:925} INFO - DAG(s) 'example_kubernetes_executor' retrieved from /home/airflow/.local/lib/python3.12/site-packages/airflow/example_dags/example_kubernetes_executor.py
[2024-12-28T21:31:59.279+0000] {logging_mixin.py:190} INFO - [2024-12-28T21:31:59.279+0000] {dag.py:3239} INFO - Sync 1 DAGs
[2024-12-28T21:31:59.293+0000] {logging_mixin.py:190} INFO - [2024-12-28T21:31:59.292+0000] {dag.py:4180} INFO - Setting next_dagrun for example_kubernetes_executor to None, run_after=None
[2024-12-28T21:31:59.311+0000] {processor.py:208} INFO - Processing /home/airflow/.local/lib/python3.12/site-packages/airflow/example_dags/example_kubernetes_executor.py took 0.108 seconds
[2024-12-28T21:32:29.533+0000] {processor.py:186} INFO - Started process (PID=3744) to work on /home/airflow/.local/lib/python3.12/site-packages/airflow/example_dags/example_kubernetes_executor.py
[2024-12-28T21:32:29.535+0000] {processor.py:914} INFO - Processing file /home/airflow/.local/lib/python3.12/site-packages/airflow/example_dags/example_kubernetes_executor.py for tasks to queue
[2024-12-28T21:32:29.539+0000] {logging_mixin.py:190} INFO - [2024-12-28T21:32:29.539+0000] {dagbag.py:588} INFO - Filling up the DagBag from /home/airflow/.local/lib/python3.12/site-packages/airflow/example_dags/example_kubernetes_executor.py
[2024-12-28T21:32:29.557+0000] {processor.py:925} INFO - DAG(s) 'example_kubernetes_executor' retrieved from /home/airflow/.local/lib/python3.12/site-packages/airflow/example_dags/example_kubernetes_executor.py
[2024-12-28T21:32:29.610+0000] {logging_mixin.py:190} INFO - [2024-12-28T21:32:29.609+0000] {dag.py:3239} INFO - Sync 1 DAGs
[2024-12-28T21:32:29.625+0000] {logging_mixin.py:190} INFO - [2024-12-28T21:32:29.625+0000] {dag.py:4180} INFO - Setting next_dagrun for example_kubernetes_executor to None, run_after=None
[2024-12-28T21:32:29.650+0000] {processor.py:208} INFO - Processing /home/airflow/.local/lib/python3.12/site-packages/airflow/example_dags/example_kubernetes_executor.py took 0.127 seconds
[2024-12-28T21:33:00.340+0000] {processor.py:186} INFO - Started process (PID=3813) to work on /home/airflow/.local/lib/python3.12/site-packages/airflow/example_dags/example_kubernetes_executor.py
[2024-12-28T21:33:00.342+0000] {processor.py:914} INFO - Processing file /home/airflow/.local/lib/python3.12/site-packages/airflow/example_dags/example_kubernetes_executor.py for tasks to queue
[2024-12-28T21:33:00.344+0000] {logging_mixin.py:190} INFO - [2024-12-28T21:33:00.344+0000] {dagbag.py:588} INFO - Filling up the DagBag from /home/airflow/.local/lib/python3.12/site-packages/airflow/example_dags/example_kubernetes_executor.py
[2024-12-28T21:33:00.358+0000] {processor.py:925} INFO - DAG(s) 'example_kubernetes_executor' retrieved from /home/airflow/.local/lib/python3.12/site-packages/airflow/example_dags/example_kubernetes_executor.py
[2024-12-28T21:33:00.393+0000] {logging_mixin.py:190} INFO - [2024-12-28T21:33:00.393+0000] {dag.py:3239} INFO - Sync 1 DAGs
[2024-12-28T21:33:00.407+0000] {logging_mixin.py:190} INFO - [2024-12-28T21:33:00.407+0000] {dag.py:4180} INFO - Setting next_dagrun for example_kubernetes_executor to None, run_after=None
[2024-12-28T21:33:00.425+0000] {processor.py:208} INFO - Processing /home/airflow/.local/lib/python3.12/site-packages/airflow/example_dags/example_kubernetes_executor.py took 0.091 seconds
[2024-12-28T21:33:30.835+0000] {processor.py:186} INFO - Started process (PID=3882) to work on /home/airflow/.local/lib/python3.12/site-packages/airflow/example_dags/example_kubernetes_executor.py
[2024-12-28T21:33:30.837+0000] {processor.py:914} INFO - Processing file /home/airflow/.local/lib/python3.12/site-packages/airflow/example_dags/example_kubernetes_executor.py for tasks to queue
[2024-12-28T21:33:30.840+0000] {logging_mixin.py:190} INFO - [2024-12-28T21:33:30.840+0000] {dagbag.py:588} INFO - Filling up the DagBag from /home/airflow/.local/lib/python3.12/site-packages/airflow/example_dags/example_kubernetes_executor.py
[2024-12-28T21:33:30.875+0000] {processor.py:925} INFO - DAG(s) 'example_kubernetes_executor' retrieved from /home/airflow/.local/lib/python3.12/site-packages/airflow/example_dags/example_kubernetes_executor.py
[2024-12-28T21:33:30.932+0000] {logging_mixin.py:190} INFO - [2024-12-28T21:33:30.931+0000] {dag.py:3239} INFO - Sync 1 DAGs
[2024-12-28T21:33:30.945+0000] {logging_mixin.py:190} INFO - [2024-12-28T21:33:30.945+0000] {dag.py:4180} INFO - Setting next_dagrun for example_kubernetes_executor to None, run_after=None
[2024-12-28T21:33:30.961+0000] {processor.py:208} INFO - Processing /home/airflow/.local/lib/python3.12/site-packages/airflow/example_dags/example_kubernetes_executor.py took 0.133 seconds
[2024-12-28T21:34:01.733+0000] {processor.py:186} INFO - Started process (PID=3952) to work on /home/airflow/.local/lib/python3.12/site-packages/airflow/example_dags/example_kubernetes_executor.py
[2024-12-28T21:34:01.734+0000] {processor.py:914} INFO - Processing file /home/airflow/.local/lib/python3.12/site-packages/airflow/example_dags/example_kubernetes_executor.py for tasks to queue
[2024-12-28T21:34:01.737+0000] {logging_mixin.py:190} INFO - [2024-12-28T21:34:01.737+0000] {dagbag.py:588} INFO - Filling up the DagBag from /home/airflow/.local/lib/python3.12/site-packages/airflow/example_dags/example_kubernetes_executor.py
[2024-12-28T21:34:01.753+0000] {processor.py:925} INFO - DAG(s) 'example_kubernetes_executor' retrieved from /home/airflow/.local/lib/python3.12/site-packages/airflow/example_dags/example_kubernetes_executor.py
[2024-12-28T21:34:01.801+0000] {logging_mixin.py:190} INFO - [2024-12-28T21:34:01.801+0000] {dag.py:3239} INFO - Sync 1 DAGs
[2024-12-28T21:34:01.851+0000] {logging_mixin.py:190} INFO - [2024-12-28T21:34:01.850+0000] {dag.py:4180} INFO - Setting next_dagrun for example_kubernetes_executor to None, run_after=None
[2024-12-28T21:34:01.929+0000] {processor.py:208} INFO - Processing /home/airflow/.local/lib/python3.12/site-packages/airflow/example_dags/example_kubernetes_executor.py took 0.206 seconds
[2024-12-28T21:34:32.110+0000] {processor.py:186} INFO - Started process (PID=4021) to work on /home/airflow/.local/lib/python3.12/site-packages/airflow/example_dags/example_kubernetes_executor.py
[2024-12-28T21:34:32.112+0000] {processor.py:914} INFO - Processing file /home/airflow/.local/lib/python3.12/site-packages/airflow/example_dags/example_kubernetes_executor.py for tasks to queue
[2024-12-28T21:34:32.115+0000] {logging_mixin.py:190} INFO - [2024-12-28T21:34:32.114+0000] {dagbag.py:588} INFO - Filling up the DagBag from /home/airflow/.local/lib/python3.12/site-packages/airflow/example_dags/example_kubernetes_executor.py
[2024-12-28T21:34:32.132+0000] {processor.py:925} INFO - DAG(s) 'example_kubernetes_executor' retrieved from /home/airflow/.local/lib/python3.12/site-packages/airflow/example_dags/example_kubernetes_executor.py
[2024-12-28T21:34:32.169+0000] {logging_mixin.py:190} INFO - [2024-12-28T21:34:32.169+0000] {dag.py:3239} INFO - Sync 1 DAGs
[2024-12-28T21:34:32.186+0000] {logging_mixin.py:190} INFO - [2024-12-28T21:34:32.185+0000] {dag.py:4180} INFO - Setting next_dagrun for example_kubernetes_executor to None, run_after=None
[2024-12-28T21:34:32.206+0000] {processor.py:208} INFO - Processing /home/airflow/.local/lib/python3.12/site-packages/airflow/example_dags/example_kubernetes_executor.py took 0.102 seconds
[2024-12-28T21:35:02.645+0000] {processor.py:186} INFO - Started process (PID=4090) to work on /home/airflow/.local/lib/python3.12/site-packages/airflow/example_dags/example_kubernetes_executor.py
[2024-12-28T21:35:02.646+0000] {processor.py:914} INFO - Processing file /home/airflow/.local/lib/python3.12/site-packages/airflow/example_dags/example_kubernetes_executor.py for tasks to queue
[2024-12-28T21:35:02.650+0000] {logging_mixin.py:190} INFO - [2024-12-28T21:35:02.650+0000] {dagbag.py:588} INFO - Filling up the DagBag from /home/airflow/.local/lib/python3.12/site-packages/airflow/example_dags/example_kubernetes_executor.py
[2024-12-28T21:35:02.667+0000] {processor.py:925} INFO - DAG(s) 'example_kubernetes_executor' retrieved from /home/airflow/.local/lib/python3.12/site-packages/airflow/example_dags/example_kubernetes_executor.py
[2024-12-28T21:35:02.730+0000] {logging_mixin.py:190} INFO - [2024-12-28T21:35:02.730+0000] {dag.py:3239} INFO - Sync 1 DAGs
[2024-12-28T21:35:02.754+0000] {logging_mixin.py:190} INFO - [2024-12-28T21:35:02.753+0000] {dag.py:4180} INFO - Setting next_dagrun for example_kubernetes_executor to None, run_after=None
[2024-12-28T21:35:02.781+0000] {processor.py:208} INFO - Processing /home/airflow/.local/lib/python3.12/site-packages/airflow/example_dags/example_kubernetes_executor.py took 0.142 seconds
[2024-12-28T21:35:34.775+0000] {processor.py:186} INFO - Started process (PID=4160) to work on /home/airflow/.local/lib/python3.12/site-packages/airflow/example_dags/example_kubernetes_executor.py
[2024-12-28T21:35:34.777+0000] {processor.py:914} INFO - Processing file /home/airflow/.local/lib/python3.12/site-packages/airflow/example_dags/example_kubernetes_executor.py for tasks to queue
[2024-12-28T21:35:34.780+0000] {logging_mixin.py:190} INFO - [2024-12-28T21:35:34.780+0000] {dagbag.py:588} INFO - Filling up the DagBag from /home/airflow/.local/lib/python3.12/site-packages/airflow/example_dags/example_kubernetes_executor.py
[2024-12-28T21:35:34.801+0000] {processor.py:925} INFO - DAG(s) 'example_kubernetes_executor' retrieved from /home/airflow/.local/lib/python3.12/site-packages/airflow/example_dags/example_kubernetes_executor.py
[2024-12-28T21:35:34.873+0000] {logging_mixin.py:190} INFO - [2024-12-28T21:35:34.873+0000] {dag.py:3239} INFO - Sync 1 DAGs
[2024-12-28T21:35:34.912+0000] {logging_mixin.py:190} INFO - [2024-12-28T21:35:34.911+0000] {dag.py:4180} INFO - Setting next_dagrun for example_kubernetes_executor to None, run_after=None
[2024-12-28T21:35:34.948+0000] {processor.py:208} INFO - Processing /home/airflow/.local/lib/python3.12/site-packages/airflow/example_dags/example_kubernetes_executor.py took 0.179 seconds
[2024-12-28T21:36:05.931+0000] {processor.py:186} INFO - Started process (PID=4229) to work on /home/airflow/.local/lib/python3.12/site-packages/airflow/example_dags/example_kubernetes_executor.py
[2024-12-28T21:36:05.934+0000] {processor.py:914} INFO - Processing file /home/airflow/.local/lib/python3.12/site-packages/airflow/example_dags/example_kubernetes_executor.py for tasks to queue
[2024-12-28T21:36:05.939+0000] {logging_mixin.py:190} INFO - [2024-12-28T21:36:05.939+0000] {dagbag.py:588} INFO - Filling up the DagBag from /home/airflow/.local/lib/python3.12/site-packages/airflow/example_dags/example_kubernetes_executor.py
[2024-12-28T21:36:05.985+0000] {processor.py:925} INFO - DAG(s) 'example_kubernetes_executor' retrieved from /home/airflow/.local/lib/python3.12/site-packages/airflow/example_dags/example_kubernetes_executor.py
[2024-12-28T21:36:06.058+0000] {logging_mixin.py:190} INFO - [2024-12-28T21:36:06.057+0000] {dag.py:3239} INFO - Sync 1 DAGs
[2024-12-28T21:36:06.084+0000] {logging_mixin.py:190} INFO - [2024-12-28T21:36:06.083+0000] {dag.py:4180} INFO - Setting next_dagrun for example_kubernetes_executor to None, run_after=None
[2024-12-28T21:36:06.131+0000] {processor.py:208} INFO - Processing /home/airflow/.local/lib/python3.12/site-packages/airflow/example_dags/example_kubernetes_executor.py took 0.213 seconds
[2024-12-28T21:36:36.362+0000] {processor.py:186} INFO - Started process (PID=4298) to work on /home/airflow/.local/lib/python3.12/site-packages/airflow/example_dags/example_kubernetes_executor.py
[2024-12-28T21:36:36.364+0000] {processor.py:914} INFO - Processing file /home/airflow/.local/lib/python3.12/site-packages/airflow/example_dags/example_kubernetes_executor.py for tasks to queue
[2024-12-28T21:36:36.367+0000] {logging_mixin.py:190} INFO - [2024-12-28T21:36:36.367+0000] {dagbag.py:588} INFO - Filling up the DagBag from /home/airflow/.local/lib/python3.12/site-packages/airflow/example_dags/example_kubernetes_executor.py
[2024-12-28T21:36:36.389+0000] {processor.py:925} INFO - DAG(s) 'example_kubernetes_executor' retrieved from /home/airflow/.local/lib/python3.12/site-packages/airflow/example_dags/example_kubernetes_executor.py
[2024-12-28T21:36:36.458+0000] {logging_mixin.py:190} INFO - [2024-12-28T21:36:36.458+0000] {dag.py:3239} INFO - Sync 1 DAGs
[2024-12-28T21:36:36.473+0000] {logging_mixin.py:190} INFO - [2024-12-28T21:36:36.473+0000] {dag.py:4180} INFO - Setting next_dagrun for example_kubernetes_executor to None, run_after=None
[2024-12-28T21:36:36.492+0000] {processor.py:208} INFO - Processing /home/airflow/.local/lib/python3.12/site-packages/airflow/example_dags/example_kubernetes_executor.py took 0.137 seconds
