[2024-12-28T21:05:15.519+0000] {processor.py:186} INFO - Started process (PID=100) to work on /home/airflow/.local/lib/python3.12/site-packages/airflow/example_dags/example_xcomargs.py
[2024-12-28T21:05:15.521+0000] {processor.py:914} INFO - Processing file /home/airflow/.local/lib/python3.12/site-packages/airflow/example_dags/example_xcomargs.py for tasks to queue
[2024-12-28T21:05:15.524+0000] {logging_mixin.py:190} INFO - [2024-12-28T21:05:15.524+0000] {dagbag.py:588} INFO - Filling up the DagBag from /home/airflow/.local/lib/python3.12/site-packages/airflow/example_dags/example_xcomargs.py
[2024-12-28T21:05:15.556+0000] {processor.py:925} INFO - DAG(s) 'example_xcom_args_with_operators', 'example_xcom_args' retrieved from /home/airflow/.local/lib/python3.12/site-packages/airflow/example_dags/example_xcomargs.py
[2024-12-28T21:05:15.689+0000] {logging_mixin.py:190} INFO - [2024-12-28T21:05:15.688+0000] {override.py:1911} INFO - Created Permission View: can edit on DAG:example_xcom_args_with_operators
[2024-12-28T21:05:15.701+0000] {logging_mixin.py:190} INFO - [2024-12-28T21:05:15.701+0000] {override.py:1911} INFO - Created Permission View: can read on DAG:example_xcom_args_with_operators
[2024-12-28T21:05:15.709+0000] {logging_mixin.py:190} INFO - [2024-12-28T21:05:15.708+0000] {override.py:1911} INFO - Created Permission View: can delete on DAG:example_xcom_args_with_operators
[2024-12-28T21:05:15.721+0000] {logging_mixin.py:190} INFO - [2024-12-28T21:05:15.721+0000] {override.py:1911} INFO - Created Permission View: menu access on DAG Run:example_xcom_args_with_operators
[2024-12-28T21:05:15.729+0000] {logging_mixin.py:190} INFO - [2024-12-28T21:05:15.728+0000] {override.py:1911} INFO - Created Permission View: can read on DAG Run:example_xcom_args_with_operators
[2024-12-28T21:05:15.739+0000] {logging_mixin.py:190} INFO - [2024-12-28T21:05:15.738+0000] {override.py:1911} INFO - Created Permission View: can delete on DAG Run:example_xcom_args_with_operators
[2024-12-28T21:05:15.745+0000] {logging_mixin.py:190} INFO - [2024-12-28T21:05:15.745+0000] {override.py:1911} INFO - Created Permission View: can create on DAG Run:example_xcom_args_with_operators
[2024-12-28T21:05:15.764+0000] {logging_mixin.py:190} INFO - [2024-12-28T21:05:15.763+0000] {override.py:1911} INFO - Created Permission View: can edit on DAG:example_xcom_args
[2024-12-28T21:05:15.775+0000] {logging_mixin.py:190} INFO - [2024-12-28T21:05:15.774+0000] {override.py:1911} INFO - Created Permission View: can read on DAG:example_xcom_args
[2024-12-28T21:05:15.781+0000] {logging_mixin.py:190} INFO - [2024-12-28T21:05:15.781+0000] {override.py:1911} INFO - Created Permission View: can delete on DAG:example_xcom_args
[2024-12-28T21:05:15.789+0000] {logging_mixin.py:190} INFO - [2024-12-28T21:05:15.789+0000] {override.py:1911} INFO - Created Permission View: menu access on DAG Run:example_xcom_args
[2024-12-28T21:05:15.795+0000] {logging_mixin.py:190} INFO - [2024-12-28T21:05:15.795+0000] {override.py:1911} INFO - Created Permission View: can read on DAG Run:example_xcom_args
[2024-12-28T21:05:15.801+0000] {logging_mixin.py:190} INFO - [2024-12-28T21:05:15.801+0000] {override.py:1911} INFO - Created Permission View: can delete on DAG Run:example_xcom_args
[2024-12-28T21:05:15.808+0000] {logging_mixin.py:190} INFO - [2024-12-28T21:05:15.807+0000] {override.py:1911} INFO - Created Permission View: can create on DAG Run:example_xcom_args
[2024-12-28T21:05:15.809+0000] {logging_mixin.py:190} INFO - [2024-12-28T21:05:15.808+0000] {dag.py:3239} INFO - Sync 2 DAGs
[2024-12-28T21:05:15.821+0000] {logging_mixin.py:190} INFO - [2024-12-28T21:05:15.821+0000] {dag.py:3262} INFO - Creating ORM DAG for example_xcom_args
[2024-12-28T21:05:15.823+0000] {logging_mixin.py:190} INFO - [2024-12-28T21:05:15.822+0000] {dag.py:3262} INFO - Creating ORM DAG for example_xcom_args_with_operators
[2024-12-28T21:05:15.824+0000] {logging_mixin.py:190} INFO - [2024-12-28T21:05:15.824+0000] {dag.py:4180} INFO - Setting next_dagrun for example_xcom_args to None, run_after=None
[2024-12-28T21:05:15.825+0000] {logging_mixin.py:190} INFO - [2024-12-28T21:05:15.825+0000] {dag.py:4180} INFO - Setting next_dagrun for example_xcom_args_with_operators to None, run_after=None
[2024-12-28T21:05:15.843+0000] {processor.py:208} INFO - Processing /home/airflow/.local/lib/python3.12/site-packages/airflow/example_dags/example_xcomargs.py took 0.330 seconds
[2024-12-28T21:05:46.224+0000] {processor.py:186} INFO - Started process (PID=169) to work on /home/airflow/.local/lib/python3.12/site-packages/airflow/example_dags/example_xcomargs.py
[2024-12-28T21:05:46.226+0000] {processor.py:914} INFO - Processing file /home/airflow/.local/lib/python3.12/site-packages/airflow/example_dags/example_xcomargs.py for tasks to queue
[2024-12-28T21:05:46.229+0000] {logging_mixin.py:190} INFO - [2024-12-28T21:05:46.228+0000] {dagbag.py:588} INFO - Filling up the DagBag from /home/airflow/.local/lib/python3.12/site-packages/airflow/example_dags/example_xcomargs.py
[2024-12-28T21:05:46.242+0000] {processor.py:925} INFO - DAG(s) 'example_xcom_args', 'example_xcom_args_with_operators' retrieved from /home/airflow/.local/lib/python3.12/site-packages/airflow/example_dags/example_xcomargs.py
[2024-12-28T21:05:46.265+0000] {logging_mixin.py:190} INFO - [2024-12-28T21:05:46.264+0000] {dag.py:3239} INFO - Sync 2 DAGs
[2024-12-28T21:05:46.282+0000] {logging_mixin.py:190} INFO - [2024-12-28T21:05:46.281+0000] {dag.py:4180} INFO - Setting next_dagrun for example_xcom_args to None, run_after=None
[2024-12-28T21:05:46.287+0000] {logging_mixin.py:190} INFO - [2024-12-28T21:05:46.286+0000] {dag.py:4180} INFO - Setting next_dagrun for example_xcom_args_with_operators to None, run_after=None
[2024-12-28T21:05:46.313+0000] {processor.py:208} INFO - Processing /home/airflow/.local/lib/python3.12/site-packages/airflow/example_dags/example_xcomargs.py took 0.095 seconds
[2024-12-28T21:06:17.670+0000] {processor.py:186} INFO - Started process (PID=238) to work on /home/airflow/.local/lib/python3.12/site-packages/airflow/example_dags/example_xcomargs.py
[2024-12-28T21:06:17.674+0000] {processor.py:914} INFO - Processing file /home/airflow/.local/lib/python3.12/site-packages/airflow/example_dags/example_xcomargs.py for tasks to queue
[2024-12-28T21:06:17.677+0000] {logging_mixin.py:190} INFO - [2024-12-28T21:06:17.677+0000] {dagbag.py:588} INFO - Filling up the DagBag from /home/airflow/.local/lib/python3.12/site-packages/airflow/example_dags/example_xcomargs.py
[2024-12-28T21:06:17.692+0000] {processor.py:925} INFO - DAG(s) 'example_xcom_args_with_operators', 'example_xcom_args' retrieved from /home/airflow/.local/lib/python3.12/site-packages/airflow/example_dags/example_xcomargs.py
[2024-12-28T21:06:17.725+0000] {logging_mixin.py:190} INFO - [2024-12-28T21:06:17.724+0000] {dag.py:3239} INFO - Sync 2 DAGs
[2024-12-28T21:06:17.740+0000] {logging_mixin.py:190} INFO - [2024-12-28T21:06:17.740+0000] {dag.py:4180} INFO - Setting next_dagrun for example_xcom_args to None, run_after=None
[2024-12-28T21:06:17.746+0000] {logging_mixin.py:190} INFO - [2024-12-28T21:06:17.746+0000] {dag.py:4180} INFO - Setting next_dagrun for example_xcom_args_with_operators to None, run_after=None
[2024-12-28T21:06:17.762+0000] {processor.py:208} INFO - Processing /home/airflow/.local/lib/python3.12/site-packages/airflow/example_dags/example_xcomargs.py took 0.098 seconds
[2024-12-28T21:06:48.749+0000] {processor.py:186} INFO - Started process (PID=307) to work on /home/airflow/.local/lib/python3.12/site-packages/airflow/example_dags/example_xcomargs.py
[2024-12-28T21:06:48.751+0000] {processor.py:914} INFO - Processing file /home/airflow/.local/lib/python3.12/site-packages/airflow/example_dags/example_xcomargs.py for tasks to queue
[2024-12-28T21:06:48.753+0000] {logging_mixin.py:190} INFO - [2024-12-28T21:06:48.753+0000] {dagbag.py:588} INFO - Filling up the DagBag from /home/airflow/.local/lib/python3.12/site-packages/airflow/example_dags/example_xcomargs.py
[2024-12-28T21:06:48.763+0000] {processor.py:925} INFO - DAG(s) 'example_xcom_args', 'example_xcom_args_with_operators' retrieved from /home/airflow/.local/lib/python3.12/site-packages/airflow/example_dags/example_xcomargs.py
[2024-12-28T21:06:48.795+0000] {logging_mixin.py:190} INFO - [2024-12-28T21:06:48.795+0000] {dag.py:3239} INFO - Sync 2 DAGs
[2024-12-28T21:06:48.816+0000] {logging_mixin.py:190} INFO - [2024-12-28T21:06:48.815+0000] {dag.py:4180} INFO - Setting next_dagrun for example_xcom_args to None, run_after=None
[2024-12-28T21:06:48.823+0000] {logging_mixin.py:190} INFO - [2024-12-28T21:06:48.823+0000] {dag.py:4180} INFO - Setting next_dagrun for example_xcom_args_with_operators to None, run_after=None
[2024-12-28T21:06:48.844+0000] {processor.py:208} INFO - Processing /home/airflow/.local/lib/python3.12/site-packages/airflow/example_dags/example_xcomargs.py took 0.101 seconds
[2024-12-28T21:07:20.378+0000] {processor.py:186} INFO - Started process (PID=376) to work on /home/airflow/.local/lib/python3.12/site-packages/airflow/example_dags/example_xcomargs.py
[2024-12-28T21:07:20.379+0000] {processor.py:914} INFO - Processing file /home/airflow/.local/lib/python3.12/site-packages/airflow/example_dags/example_xcomargs.py for tasks to queue
[2024-12-28T21:07:20.382+0000] {logging_mixin.py:190} INFO - [2024-12-28T21:07:20.382+0000] {dagbag.py:588} INFO - Filling up the DagBag from /home/airflow/.local/lib/python3.12/site-packages/airflow/example_dags/example_xcomargs.py
[2024-12-28T21:07:20.392+0000] {processor.py:925} INFO - DAG(s) 'example_xcom_args', 'example_xcom_args_with_operators' retrieved from /home/airflow/.local/lib/python3.12/site-packages/airflow/example_dags/example_xcomargs.py
[2024-12-28T21:07:20.417+0000] {logging_mixin.py:190} INFO - [2024-12-28T21:07:20.417+0000] {dag.py:3239} INFO - Sync 2 DAGs
[2024-12-28T21:07:20.433+0000] {logging_mixin.py:190} INFO - [2024-12-28T21:07:20.433+0000] {dag.py:4180} INFO - Setting next_dagrun for example_xcom_args to None, run_after=None
[2024-12-28T21:07:20.437+0000] {logging_mixin.py:190} INFO - [2024-12-28T21:07:20.437+0000] {dag.py:4180} INFO - Setting next_dagrun for example_xcom_args_with_operators to None, run_after=None
[2024-12-28T21:07:20.455+0000] {processor.py:208} INFO - Processing /home/airflow/.local/lib/python3.12/site-packages/airflow/example_dags/example_xcomargs.py took 0.083 seconds
[2024-12-28T21:07:51.939+0000] {processor.py:186} INFO - Started process (PID=445) to work on /home/airflow/.local/lib/python3.12/site-packages/airflow/example_dags/example_xcomargs.py
[2024-12-28T21:07:51.941+0000] {processor.py:914} INFO - Processing file /home/airflow/.local/lib/python3.12/site-packages/airflow/example_dags/example_xcomargs.py for tasks to queue
[2024-12-28T21:07:51.944+0000] {logging_mixin.py:190} INFO - [2024-12-28T21:07:51.944+0000] {dagbag.py:588} INFO - Filling up the DagBag from /home/airflow/.local/lib/python3.12/site-packages/airflow/example_dags/example_xcomargs.py
[2024-12-28T21:07:51.955+0000] {processor.py:925} INFO - DAG(s) 'example_xcom_args_with_operators', 'example_xcom_args' retrieved from /home/airflow/.local/lib/python3.12/site-packages/airflow/example_dags/example_xcomargs.py
[2024-12-28T21:07:51.993+0000] {logging_mixin.py:190} INFO - [2024-12-28T21:07:51.992+0000] {dag.py:3239} INFO - Sync 2 DAGs
[2024-12-28T21:07:52.035+0000] {logging_mixin.py:190} INFO - [2024-12-28T21:07:52.034+0000] {dag.py:4180} INFO - Setting next_dagrun for example_xcom_args to None, run_after=None
[2024-12-28T21:07:52.057+0000] {logging_mixin.py:190} INFO - [2024-12-28T21:07:52.055+0000] {dag.py:4180} INFO - Setting next_dagrun for example_xcom_args_with_operators to None, run_after=None
[2024-12-28T21:07:52.160+0000] {processor.py:208} INFO - Processing /home/airflow/.local/lib/python3.12/site-packages/airflow/example_dags/example_xcomargs.py took 0.227 seconds
[2024-12-28T21:08:23.086+0000] {processor.py:186} INFO - Started process (PID=514) to work on /home/airflow/.local/lib/python3.12/site-packages/airflow/example_dags/example_xcomargs.py
[2024-12-28T21:08:23.088+0000] {processor.py:914} INFO - Processing file /home/airflow/.local/lib/python3.12/site-packages/airflow/example_dags/example_xcomargs.py for tasks to queue
[2024-12-28T21:08:23.090+0000] {logging_mixin.py:190} INFO - [2024-12-28T21:08:23.090+0000] {dagbag.py:588} INFO - Filling up the DagBag from /home/airflow/.local/lib/python3.12/site-packages/airflow/example_dags/example_xcomargs.py
[2024-12-28T21:08:23.101+0000] {processor.py:925} INFO - DAG(s) 'example_xcom_args_with_operators', 'example_xcom_args' retrieved from /home/airflow/.local/lib/python3.12/site-packages/airflow/example_dags/example_xcomargs.py
[2024-12-28T21:08:23.123+0000] {logging_mixin.py:190} INFO - [2024-12-28T21:08:23.123+0000] {dag.py:3239} INFO - Sync 2 DAGs
[2024-12-28T21:08:23.137+0000] {logging_mixin.py:190} INFO - [2024-12-28T21:08:23.137+0000] {dag.py:4180} INFO - Setting next_dagrun for example_xcom_args to None, run_after=None
[2024-12-28T21:08:23.141+0000] {logging_mixin.py:190} INFO - [2024-12-28T21:08:23.141+0000] {dag.py:4180} INFO - Setting next_dagrun for example_xcom_args_with_operators to None, run_after=None
[2024-12-28T21:08:23.158+0000] {processor.py:208} INFO - Processing /home/airflow/.local/lib/python3.12/site-packages/airflow/example_dags/example_xcomargs.py took 0.079 seconds
[2024-12-28T21:08:53.550+0000] {processor.py:186} INFO - Started process (PID=583) to work on /home/airflow/.local/lib/python3.12/site-packages/airflow/example_dags/example_xcomargs.py
[2024-12-28T21:08:53.552+0000] {processor.py:914} INFO - Processing file /home/airflow/.local/lib/python3.12/site-packages/airflow/example_dags/example_xcomargs.py for tasks to queue
[2024-12-28T21:08:53.558+0000] {logging_mixin.py:190} INFO - [2024-12-28T21:08:53.557+0000] {dagbag.py:588} INFO - Filling up the DagBag from /home/airflow/.local/lib/python3.12/site-packages/airflow/example_dags/example_xcomargs.py
[2024-12-28T21:08:53.571+0000] {processor.py:925} INFO - DAG(s) 'example_xcom_args_with_operators', 'example_xcom_args' retrieved from /home/airflow/.local/lib/python3.12/site-packages/airflow/example_dags/example_xcomargs.py
[2024-12-28T21:08:53.601+0000] {logging_mixin.py:190} INFO - [2024-12-28T21:08:53.601+0000] {dag.py:3239} INFO - Sync 2 DAGs
[2024-12-28T21:08:53.620+0000] {logging_mixin.py:190} INFO - [2024-12-28T21:08:53.619+0000] {dag.py:4180} INFO - Setting next_dagrun for example_xcom_args to None, run_after=None
[2024-12-28T21:08:53.625+0000] {logging_mixin.py:190} INFO - [2024-12-28T21:08:53.625+0000] {dag.py:4180} INFO - Setting next_dagrun for example_xcom_args_with_operators to None, run_after=None
[2024-12-28T21:08:53.647+0000] {processor.py:208} INFO - Processing /home/airflow/.local/lib/python3.12/site-packages/airflow/example_dags/example_xcomargs.py took 0.107 seconds
[2024-12-28T21:09:24.213+0000] {processor.py:186} INFO - Started process (PID=651) to work on /home/airflow/.local/lib/python3.12/site-packages/airflow/example_dags/example_xcomargs.py
[2024-12-28T21:09:24.217+0000] {processor.py:914} INFO - Processing file /home/airflow/.local/lib/python3.12/site-packages/airflow/example_dags/example_xcomargs.py for tasks to queue
[2024-12-28T21:09:24.227+0000] {logging_mixin.py:190} INFO - [2024-12-28T21:09:24.226+0000] {dagbag.py:588} INFO - Filling up the DagBag from /home/airflow/.local/lib/python3.12/site-packages/airflow/example_dags/example_xcomargs.py
[2024-12-28T21:09:24.265+0000] {processor.py:925} INFO - DAG(s) 'example_xcom_args', 'example_xcom_args_with_operators' retrieved from /home/airflow/.local/lib/python3.12/site-packages/airflow/example_dags/example_xcomargs.py
[2024-12-28T21:09:24.335+0000] {logging_mixin.py:190} INFO - [2024-12-28T21:09:24.335+0000] {dag.py:3239} INFO - Sync 2 DAGs
[2024-12-28T21:09:24.376+0000] {logging_mixin.py:190} INFO - [2024-12-28T21:09:24.375+0000] {dag.py:4180} INFO - Setting next_dagrun for example_xcom_args to None, run_after=None
[2024-12-28T21:09:24.390+0000] {logging_mixin.py:190} INFO - [2024-12-28T21:09:24.389+0000] {dag.py:4180} INFO - Setting next_dagrun for example_xcom_args_with_operators to None, run_after=None
[2024-12-28T21:09:24.453+0000] {processor.py:208} INFO - Processing /home/airflow/.local/lib/python3.12/site-packages/airflow/example_dags/example_xcomargs.py took 0.263 seconds
[2024-12-28T21:09:54.653+0000] {processor.py:186} INFO - Started process (PID=720) to work on /home/airflow/.local/lib/python3.12/site-packages/airflow/example_dags/example_xcomargs.py
[2024-12-28T21:09:54.658+0000] {processor.py:914} INFO - Processing file /home/airflow/.local/lib/python3.12/site-packages/airflow/example_dags/example_xcomargs.py for tasks to queue
[2024-12-28T21:09:54.665+0000] {logging_mixin.py:190} INFO - [2024-12-28T21:09:54.665+0000] {dagbag.py:588} INFO - Filling up the DagBag from /home/airflow/.local/lib/python3.12/site-packages/airflow/example_dags/example_xcomargs.py
[2024-12-28T21:09:54.689+0000] {processor.py:925} INFO - DAG(s) 'example_xcom_args', 'example_xcom_args_with_operators' retrieved from /home/airflow/.local/lib/python3.12/site-packages/airflow/example_dags/example_xcomargs.py
[2024-12-28T21:09:54.723+0000] {logging_mixin.py:190} INFO - [2024-12-28T21:09:54.723+0000] {dag.py:3239} INFO - Sync 2 DAGs
[2024-12-28T21:09:54.739+0000] {logging_mixin.py:190} INFO - [2024-12-28T21:09:54.739+0000] {dag.py:4180} INFO - Setting next_dagrun for example_xcom_args to None, run_after=None
[2024-12-28T21:09:54.743+0000] {logging_mixin.py:190} INFO - [2024-12-28T21:09:54.743+0000] {dag.py:4180} INFO - Setting next_dagrun for example_xcom_args_with_operators to None, run_after=None
[2024-12-28T21:09:54.772+0000] {processor.py:208} INFO - Processing /home/airflow/.local/lib/python3.12/site-packages/airflow/example_dags/example_xcomargs.py took 0.131 seconds
[2024-12-28T21:10:25.459+0000] {processor.py:186} INFO - Started process (PID=789) to work on /home/airflow/.local/lib/python3.12/site-packages/airflow/example_dags/example_xcomargs.py
[2024-12-28T21:10:25.462+0000] {processor.py:914} INFO - Processing file /home/airflow/.local/lib/python3.12/site-packages/airflow/example_dags/example_xcomargs.py for tasks to queue
[2024-12-28T21:10:25.470+0000] {logging_mixin.py:190} INFO - [2024-12-28T21:10:25.469+0000] {dagbag.py:588} INFO - Filling up the DagBag from /home/airflow/.local/lib/python3.12/site-packages/airflow/example_dags/example_xcomargs.py
[2024-12-28T21:10:25.501+0000] {processor.py:925} INFO - DAG(s) 'example_xcom_args', 'example_xcom_args_with_operators' retrieved from /home/airflow/.local/lib/python3.12/site-packages/airflow/example_dags/example_xcomargs.py
[2024-12-28T21:10:25.562+0000] {logging_mixin.py:190} INFO - [2024-12-28T21:10:25.561+0000] {dag.py:3239} INFO - Sync 2 DAGs
[2024-12-28T21:10:25.589+0000] {logging_mixin.py:190} INFO - [2024-12-28T21:10:25.588+0000] {dag.py:4180} INFO - Setting next_dagrun for example_xcom_args to None, run_after=None
[2024-12-28T21:10:25.598+0000] {logging_mixin.py:190} INFO - [2024-12-28T21:10:25.597+0000] {dag.py:4180} INFO - Setting next_dagrun for example_xcom_args_with_operators to None, run_after=None
[2024-12-28T21:10:25.625+0000] {processor.py:208} INFO - Processing /home/airflow/.local/lib/python3.12/site-packages/airflow/example_dags/example_xcomargs.py took 0.181 seconds
[2024-12-28T21:10:56.247+0000] {processor.py:186} INFO - Started process (PID=857) to work on /home/airflow/.local/lib/python3.12/site-packages/airflow/example_dags/example_xcomargs.py
[2024-12-28T21:10:56.251+0000] {processor.py:914} INFO - Processing file /home/airflow/.local/lib/python3.12/site-packages/airflow/example_dags/example_xcomargs.py for tasks to queue
[2024-12-28T21:10:56.257+0000] {logging_mixin.py:190} INFO - [2024-12-28T21:10:56.257+0000] {dagbag.py:588} INFO - Filling up the DagBag from /home/airflow/.local/lib/python3.12/site-packages/airflow/example_dags/example_xcomargs.py
[2024-12-28T21:10:56.273+0000] {processor.py:925} INFO - DAG(s) 'example_xcom_args', 'example_xcom_args_with_operators' retrieved from /home/airflow/.local/lib/python3.12/site-packages/airflow/example_dags/example_xcomargs.py
[2024-12-28T21:10:56.312+0000] {logging_mixin.py:190} INFO - [2024-12-28T21:10:56.311+0000] {dag.py:3239} INFO - Sync 2 DAGs
[2024-12-28T21:10:56.339+0000] {logging_mixin.py:190} INFO - [2024-12-28T21:10:56.338+0000] {dag.py:4180} INFO - Setting next_dagrun for example_xcom_args to None, run_after=None
[2024-12-28T21:10:56.352+0000] {logging_mixin.py:190} INFO - [2024-12-28T21:10:56.352+0000] {dag.py:4180} INFO - Setting next_dagrun for example_xcom_args_with_operators to None, run_after=None
[2024-12-28T21:10:56.427+0000] {processor.py:208} INFO - Processing /home/airflow/.local/lib/python3.12/site-packages/airflow/example_dags/example_xcomargs.py took 0.189 seconds
[2024-12-28T21:11:26.902+0000] {processor.py:186} INFO - Started process (PID=926) to work on /home/airflow/.local/lib/python3.12/site-packages/airflow/example_dags/example_xcomargs.py
[2024-12-28T21:11:26.906+0000] {processor.py:914} INFO - Processing file /home/airflow/.local/lib/python3.12/site-packages/airflow/example_dags/example_xcomargs.py for tasks to queue
[2024-12-28T21:11:26.912+0000] {logging_mixin.py:190} INFO - [2024-12-28T21:11:26.912+0000] {dagbag.py:588} INFO - Filling up the DagBag from /home/airflow/.local/lib/python3.12/site-packages/airflow/example_dags/example_xcomargs.py
[2024-12-28T21:11:26.928+0000] {processor.py:925} INFO - DAG(s) 'example_xcom_args_with_operators', 'example_xcom_args' retrieved from /home/airflow/.local/lib/python3.12/site-packages/airflow/example_dags/example_xcomargs.py
[2024-12-28T21:11:26.959+0000] {logging_mixin.py:190} INFO - [2024-12-28T21:11:26.959+0000] {dag.py:3239} INFO - Sync 2 DAGs
[2024-12-28T21:11:26.973+0000] {logging_mixin.py:190} INFO - [2024-12-28T21:11:26.973+0000] {dag.py:4180} INFO - Setting next_dagrun for example_xcom_args to None, run_after=None
[2024-12-28T21:11:26.978+0000] {logging_mixin.py:190} INFO - [2024-12-28T21:11:26.977+0000] {dag.py:4180} INFO - Setting next_dagrun for example_xcom_args_with_operators to None, run_after=None
[2024-12-28T21:11:26.994+0000] {processor.py:208} INFO - Processing /home/airflow/.local/lib/python3.12/site-packages/airflow/example_dags/example_xcomargs.py took 0.105 seconds
[2024-12-28T21:11:57.412+0000] {processor.py:186} INFO - Started process (PID=995) to work on /home/airflow/.local/lib/python3.12/site-packages/airflow/example_dags/example_xcomargs.py
[2024-12-28T21:11:57.414+0000] {processor.py:914} INFO - Processing file /home/airflow/.local/lib/python3.12/site-packages/airflow/example_dags/example_xcomargs.py for tasks to queue
[2024-12-28T21:11:57.418+0000] {logging_mixin.py:190} INFO - [2024-12-28T21:11:57.417+0000] {dagbag.py:588} INFO - Filling up the DagBag from /home/airflow/.local/lib/python3.12/site-packages/airflow/example_dags/example_xcomargs.py
[2024-12-28T21:11:57.438+0000] {processor.py:925} INFO - DAG(s) 'example_xcom_args', 'example_xcom_args_with_operators' retrieved from /home/airflow/.local/lib/python3.12/site-packages/airflow/example_dags/example_xcomargs.py
[2024-12-28T21:11:57.478+0000] {logging_mixin.py:190} INFO - [2024-12-28T21:11:57.478+0000] {dag.py:3239} INFO - Sync 2 DAGs
[2024-12-28T21:11:57.496+0000] {logging_mixin.py:190} INFO - [2024-12-28T21:11:57.495+0000] {dag.py:4180} INFO - Setting next_dagrun for example_xcom_args to None, run_after=None
[2024-12-28T21:11:57.500+0000] {logging_mixin.py:190} INFO - [2024-12-28T21:11:57.500+0000] {dag.py:4180} INFO - Setting next_dagrun for example_xcom_args_with_operators to None, run_after=None
[2024-12-28T21:11:57.519+0000] {processor.py:208} INFO - Processing /home/airflow/.local/lib/python3.12/site-packages/airflow/example_dags/example_xcomargs.py took 0.125 seconds
[2024-12-28T21:12:27.765+0000] {processor.py:186} INFO - Started process (PID=1064) to work on /home/airflow/.local/lib/python3.12/site-packages/airflow/example_dags/example_xcomargs.py
[2024-12-28T21:12:27.769+0000] {processor.py:914} INFO - Processing file /home/airflow/.local/lib/python3.12/site-packages/airflow/example_dags/example_xcomargs.py for tasks to queue
[2024-12-28T21:12:27.777+0000] {logging_mixin.py:190} INFO - [2024-12-28T21:12:27.776+0000] {dagbag.py:588} INFO - Filling up the DagBag from /home/airflow/.local/lib/python3.12/site-packages/airflow/example_dags/example_xcomargs.py
[2024-12-28T21:12:27.798+0000] {processor.py:925} INFO - DAG(s) 'example_xcom_args_with_operators', 'example_xcom_args' retrieved from /home/airflow/.local/lib/python3.12/site-packages/airflow/example_dags/example_xcomargs.py
[2024-12-28T21:12:27.826+0000] {logging_mixin.py:190} INFO - [2024-12-28T21:12:27.825+0000] {dag.py:3239} INFO - Sync 2 DAGs
[2024-12-28T21:12:27.845+0000] {logging_mixin.py:190} INFO - [2024-12-28T21:12:27.845+0000] {dag.py:4180} INFO - Setting next_dagrun for example_xcom_args to None, run_after=None
[2024-12-28T21:12:27.853+0000] {logging_mixin.py:190} INFO - [2024-12-28T21:12:27.853+0000] {dag.py:4180} INFO - Setting next_dagrun for example_xcom_args_with_operators to None, run_after=None
[2024-12-28T21:12:27.886+0000] {processor.py:208} INFO - Processing /home/airflow/.local/lib/python3.12/site-packages/airflow/example_dags/example_xcomargs.py took 0.139 seconds
[2024-12-28T21:12:58.144+0000] {processor.py:186} INFO - Started process (PID=1133) to work on /home/airflow/.local/lib/python3.12/site-packages/airflow/example_dags/example_xcomargs.py
[2024-12-28T21:12:58.147+0000] {processor.py:914} INFO - Processing file /home/airflow/.local/lib/python3.12/site-packages/airflow/example_dags/example_xcomargs.py for tasks to queue
[2024-12-28T21:12:58.155+0000] {logging_mixin.py:190} INFO - [2024-12-28T21:12:58.154+0000] {dagbag.py:588} INFO - Filling up the DagBag from /home/airflow/.local/lib/python3.12/site-packages/airflow/example_dags/example_xcomargs.py
[2024-12-28T21:12:58.175+0000] {processor.py:925} INFO - DAG(s) 'example_xcom_args_with_operators', 'example_xcom_args' retrieved from /home/airflow/.local/lib/python3.12/site-packages/airflow/example_dags/example_xcomargs.py
[2024-12-28T21:12:58.209+0000] {logging_mixin.py:190} INFO - [2024-12-28T21:12:58.209+0000] {dag.py:3239} INFO - Sync 2 DAGs
[2024-12-28T21:12:58.227+0000] {logging_mixin.py:190} INFO - [2024-12-28T21:12:58.227+0000] {dag.py:4180} INFO - Setting next_dagrun for example_xcom_args to None, run_after=None
[2024-12-28T21:12:58.232+0000] {logging_mixin.py:190} INFO - [2024-12-28T21:12:58.232+0000] {dag.py:4180} INFO - Setting next_dagrun for example_xcom_args_with_operators to None, run_after=None
[2024-12-28T21:12:58.252+0000] {processor.py:208} INFO - Processing /home/airflow/.local/lib/python3.12/site-packages/airflow/example_dags/example_xcomargs.py took 0.125 seconds
[2024-12-28T21:13:28.521+0000] {processor.py:186} INFO - Started process (PID=1202) to work on /home/airflow/.local/lib/python3.12/site-packages/airflow/example_dags/example_xcomargs.py
[2024-12-28T21:13:28.524+0000] {processor.py:914} INFO - Processing file /home/airflow/.local/lib/python3.12/site-packages/airflow/example_dags/example_xcomargs.py for tasks to queue
[2024-12-28T21:13:28.529+0000] {logging_mixin.py:190} INFO - [2024-12-28T21:13:28.528+0000] {dagbag.py:588} INFO - Filling up the DagBag from /home/airflow/.local/lib/python3.12/site-packages/airflow/example_dags/example_xcomargs.py
[2024-12-28T21:13:28.544+0000] {processor.py:925} INFO - DAG(s) 'example_xcom_args_with_operators', 'example_xcom_args' retrieved from /home/airflow/.local/lib/python3.12/site-packages/airflow/example_dags/example_xcomargs.py
[2024-12-28T21:13:28.571+0000] {logging_mixin.py:190} INFO - [2024-12-28T21:13:28.571+0000] {dag.py:3239} INFO - Sync 2 DAGs
[2024-12-28T21:13:28.585+0000] {logging_mixin.py:190} INFO - [2024-12-28T21:13:28.585+0000] {dag.py:4180} INFO - Setting next_dagrun for example_xcom_args to None, run_after=None
[2024-12-28T21:13:28.589+0000] {logging_mixin.py:190} INFO - [2024-12-28T21:13:28.589+0000] {dag.py:4180} INFO - Setting next_dagrun for example_xcom_args_with_operators to None, run_after=None
[2024-12-28T21:13:28.605+0000] {processor.py:208} INFO - Processing /home/airflow/.local/lib/python3.12/site-packages/airflow/example_dags/example_xcomargs.py took 0.093 seconds
[2024-12-28T21:13:59.175+0000] {processor.py:186} INFO - Started process (PID=1271) to work on /home/airflow/.local/lib/python3.12/site-packages/airflow/example_dags/example_xcomargs.py
[2024-12-28T21:13:59.177+0000] {processor.py:914} INFO - Processing file /home/airflow/.local/lib/python3.12/site-packages/airflow/example_dags/example_xcomargs.py for tasks to queue
[2024-12-28T21:13:59.181+0000] {logging_mixin.py:190} INFO - [2024-12-28T21:13:59.181+0000] {dagbag.py:588} INFO - Filling up the DagBag from /home/airflow/.local/lib/python3.12/site-packages/airflow/example_dags/example_xcomargs.py
[2024-12-28T21:13:59.195+0000] {processor.py:925} INFO - DAG(s) 'example_xcom_args_with_operators', 'example_xcom_args' retrieved from /home/airflow/.local/lib/python3.12/site-packages/airflow/example_dags/example_xcomargs.py
[2024-12-28T21:13:59.228+0000] {logging_mixin.py:190} INFO - [2024-12-28T21:13:59.228+0000] {dag.py:3239} INFO - Sync 2 DAGs
[2024-12-28T21:13:59.255+0000] {logging_mixin.py:190} INFO - [2024-12-28T21:13:59.255+0000] {dag.py:4180} INFO - Setting next_dagrun for example_xcom_args to None, run_after=None
[2024-12-28T21:13:59.260+0000] {logging_mixin.py:190} INFO - [2024-12-28T21:13:59.259+0000] {dag.py:4180} INFO - Setting next_dagrun for example_xcom_args_with_operators to None, run_after=None
[2024-12-28T21:13:59.277+0000] {processor.py:208} INFO - Processing /home/airflow/.local/lib/python3.12/site-packages/airflow/example_dags/example_xcomargs.py took 0.116 seconds
[2024-12-28T21:14:29.849+0000] {processor.py:186} INFO - Started process (PID=1340) to work on /home/airflow/.local/lib/python3.12/site-packages/airflow/example_dags/example_xcomargs.py
[2024-12-28T21:14:29.853+0000] {processor.py:914} INFO - Processing file /home/airflow/.local/lib/python3.12/site-packages/airflow/example_dags/example_xcomargs.py for tasks to queue
[2024-12-28T21:14:29.860+0000] {logging_mixin.py:190} INFO - [2024-12-28T21:14:29.859+0000] {dagbag.py:588} INFO - Filling up the DagBag from /home/airflow/.local/lib/python3.12/site-packages/airflow/example_dags/example_xcomargs.py
[2024-12-28T21:14:29.876+0000] {processor.py:925} INFO - DAG(s) 'example_xcom_args', 'example_xcom_args_with_operators' retrieved from /home/airflow/.local/lib/python3.12/site-packages/airflow/example_dags/example_xcomargs.py
[2024-12-28T21:14:29.907+0000] {logging_mixin.py:190} INFO - [2024-12-28T21:14:29.907+0000] {dag.py:3239} INFO - Sync 2 DAGs
[2024-12-28T21:14:29.935+0000] {logging_mixin.py:190} INFO - [2024-12-28T21:14:29.935+0000] {dag.py:4180} INFO - Setting next_dagrun for example_xcom_args to None, run_after=None
[2024-12-28T21:14:29.940+0000] {logging_mixin.py:190} INFO - [2024-12-28T21:14:29.940+0000] {dag.py:4180} INFO - Setting next_dagrun for example_xcom_args_with_operators to None, run_after=None
[2024-12-28T21:14:29.957+0000] {processor.py:208} INFO - Processing /home/airflow/.local/lib/python3.12/site-packages/airflow/example_dags/example_xcomargs.py took 0.124 seconds
[2024-12-28T21:15:00.426+0000] {processor.py:186} INFO - Started process (PID=1409) to work on /home/airflow/.local/lib/python3.12/site-packages/airflow/example_dags/example_xcomargs.py
[2024-12-28T21:15:00.429+0000] {processor.py:914} INFO - Processing file /home/airflow/.local/lib/python3.12/site-packages/airflow/example_dags/example_xcomargs.py for tasks to queue
[2024-12-28T21:15:00.437+0000] {logging_mixin.py:190} INFO - [2024-12-28T21:15:00.436+0000] {dagbag.py:588} INFO - Filling up the DagBag from /home/airflow/.local/lib/python3.12/site-packages/airflow/example_dags/example_xcomargs.py
[2024-12-28T21:15:00.456+0000] {processor.py:925} INFO - DAG(s) 'example_xcom_args_with_operators', 'example_xcom_args' retrieved from /home/airflow/.local/lib/python3.12/site-packages/airflow/example_dags/example_xcomargs.py
[2024-12-28T21:15:00.500+0000] {logging_mixin.py:190} INFO - [2024-12-28T21:15:00.500+0000] {dag.py:3239} INFO - Sync 2 DAGs
[2024-12-28T21:15:00.528+0000] {logging_mixin.py:190} INFO - [2024-12-28T21:15:00.528+0000] {dag.py:4180} INFO - Setting next_dagrun for example_xcom_args to None, run_after=None
[2024-12-28T21:15:00.534+0000] {logging_mixin.py:190} INFO - [2024-12-28T21:15:00.533+0000] {dag.py:4180} INFO - Setting next_dagrun for example_xcom_args_with_operators to None, run_after=None
[2024-12-28T21:15:00.562+0000] {processor.py:208} INFO - Processing /home/airflow/.local/lib/python3.12/site-packages/airflow/example_dags/example_xcomargs.py took 0.148 seconds
[2024-12-28T21:15:30.877+0000] {processor.py:186} INFO - Started process (PID=1478) to work on /home/airflow/.local/lib/python3.12/site-packages/airflow/example_dags/example_xcomargs.py
[2024-12-28T21:15:30.880+0000] {processor.py:914} INFO - Processing file /home/airflow/.local/lib/python3.12/site-packages/airflow/example_dags/example_xcomargs.py for tasks to queue
[2024-12-28T21:15:30.886+0000] {logging_mixin.py:190} INFO - [2024-12-28T21:15:30.884+0000] {dagbag.py:588} INFO - Filling up the DagBag from /home/airflow/.local/lib/python3.12/site-packages/airflow/example_dags/example_xcomargs.py
[2024-12-28T21:15:30.907+0000] {processor.py:925} INFO - DAG(s) 'example_xcom_args', 'example_xcom_args_with_operators' retrieved from /home/airflow/.local/lib/python3.12/site-packages/airflow/example_dags/example_xcomargs.py
[2024-12-28T21:15:30.931+0000] {logging_mixin.py:190} INFO - [2024-12-28T21:15:30.931+0000] {dag.py:3239} INFO - Sync 2 DAGs
[2024-12-28T21:15:30.949+0000] {logging_mixin.py:190} INFO - [2024-12-28T21:15:30.948+0000] {dag.py:4180} INFO - Setting next_dagrun for example_xcom_args to None, run_after=None
[2024-12-28T21:15:30.953+0000] {logging_mixin.py:190} INFO - [2024-12-28T21:15:30.952+0000] {dag.py:4180} INFO - Setting next_dagrun for example_xcom_args_with_operators to None, run_after=None
[2024-12-28T21:15:30.981+0000] {processor.py:208} INFO - Processing /home/airflow/.local/lib/python3.12/site-packages/airflow/example_dags/example_xcomargs.py took 0.116 seconds
[2024-12-28T21:16:01.780+0000] {processor.py:186} INFO - Started process (PID=1547) to work on /home/airflow/.local/lib/python3.12/site-packages/airflow/example_dags/example_xcomargs.py
[2024-12-28T21:16:01.781+0000] {processor.py:914} INFO - Processing file /home/airflow/.local/lib/python3.12/site-packages/airflow/example_dags/example_xcomargs.py for tasks to queue
[2024-12-28T21:16:01.787+0000] {logging_mixin.py:190} INFO - [2024-12-28T21:16:01.786+0000] {dagbag.py:588} INFO - Filling up the DagBag from /home/airflow/.local/lib/python3.12/site-packages/airflow/example_dags/example_xcomargs.py
[2024-12-28T21:16:01.797+0000] {processor.py:925} INFO - DAG(s) 'example_xcom_args_with_operators', 'example_xcom_args' retrieved from /home/airflow/.local/lib/python3.12/site-packages/airflow/example_dags/example_xcomargs.py
[2024-12-28T21:16:01.823+0000] {logging_mixin.py:190} INFO - [2024-12-28T21:16:01.823+0000] {dag.py:3239} INFO - Sync 2 DAGs
[2024-12-28T21:16:01.841+0000] {logging_mixin.py:190} INFO - [2024-12-28T21:16:01.841+0000] {dag.py:4180} INFO - Setting next_dagrun for example_xcom_args to None, run_after=None
[2024-12-28T21:16:01.846+0000] {logging_mixin.py:190} INFO - [2024-12-28T21:16:01.846+0000] {dag.py:4180} INFO - Setting next_dagrun for example_xcom_args_with_operators to None, run_after=None
[2024-12-28T21:16:01.886+0000] {processor.py:208} INFO - Processing /home/airflow/.local/lib/python3.12/site-packages/airflow/example_dags/example_xcomargs.py took 0.114 seconds
[2024-12-28T21:16:32.090+0000] {processor.py:186} INFO - Started process (PID=1616) to work on /home/airflow/.local/lib/python3.12/site-packages/airflow/example_dags/example_xcomargs.py
[2024-12-28T21:16:32.093+0000] {processor.py:914} INFO - Processing file /home/airflow/.local/lib/python3.12/site-packages/airflow/example_dags/example_xcomargs.py for tasks to queue
[2024-12-28T21:16:32.097+0000] {logging_mixin.py:190} INFO - [2024-12-28T21:16:32.097+0000] {dagbag.py:588} INFO - Filling up the DagBag from /home/airflow/.local/lib/python3.12/site-packages/airflow/example_dags/example_xcomargs.py
[2024-12-28T21:16:32.118+0000] {processor.py:925} INFO - DAG(s) 'example_xcom_args_with_operators', 'example_xcom_args' retrieved from /home/airflow/.local/lib/python3.12/site-packages/airflow/example_dags/example_xcomargs.py
[2024-12-28T21:16:32.161+0000] {logging_mixin.py:190} INFO - [2024-12-28T21:16:32.160+0000] {dag.py:3239} INFO - Sync 2 DAGs
[2024-12-28T21:16:32.186+0000] {logging_mixin.py:190} INFO - [2024-12-28T21:16:32.186+0000] {dag.py:4180} INFO - Setting next_dagrun for example_xcom_args to None, run_after=None
[2024-12-28T21:16:32.191+0000] {logging_mixin.py:190} INFO - [2024-12-28T21:16:32.191+0000] {dag.py:4180} INFO - Setting next_dagrun for example_xcom_args_with_operators to None, run_after=None
[2024-12-28T21:16:32.216+0000] {processor.py:208} INFO - Processing /home/airflow/.local/lib/python3.12/site-packages/airflow/example_dags/example_xcomargs.py took 0.145 seconds
[2024-12-28T21:17:02.820+0000] {processor.py:186} INFO - Started process (PID=1685) to work on /home/airflow/.local/lib/python3.12/site-packages/airflow/example_dags/example_xcomargs.py
[2024-12-28T21:17:02.821+0000] {processor.py:914} INFO - Processing file /home/airflow/.local/lib/python3.12/site-packages/airflow/example_dags/example_xcomargs.py for tasks to queue
[2024-12-28T21:17:02.825+0000] {logging_mixin.py:190} INFO - [2024-12-28T21:17:02.824+0000] {dagbag.py:588} INFO - Filling up the DagBag from /home/airflow/.local/lib/python3.12/site-packages/airflow/example_dags/example_xcomargs.py
[2024-12-28T21:17:02.837+0000] {processor.py:925} INFO - DAG(s) 'example_xcom_args_with_operators', 'example_xcom_args' retrieved from /home/airflow/.local/lib/python3.12/site-packages/airflow/example_dags/example_xcomargs.py
[2024-12-28T21:17:02.858+0000] {logging_mixin.py:190} INFO - [2024-12-28T21:17:02.857+0000] {dag.py:3239} INFO - Sync 2 DAGs
[2024-12-28T21:17:02.871+0000] {logging_mixin.py:190} INFO - [2024-12-28T21:17:02.871+0000] {dag.py:4180} INFO - Setting next_dagrun for example_xcom_args to None, run_after=None
[2024-12-28T21:17:02.875+0000] {logging_mixin.py:190} INFO - [2024-12-28T21:17:02.875+0000] {dag.py:4180} INFO - Setting next_dagrun for example_xcom_args_with_operators to None, run_after=None
[2024-12-28T21:17:02.891+0000] {processor.py:208} INFO - Processing /home/airflow/.local/lib/python3.12/site-packages/airflow/example_dags/example_xcomargs.py took 0.077 seconds
[2024-12-28T21:17:33.294+0000] {processor.py:186} INFO - Started process (PID=1754) to work on /home/airflow/.local/lib/python3.12/site-packages/airflow/example_dags/example_xcomargs.py
[2024-12-28T21:17:33.296+0000] {processor.py:914} INFO - Processing file /home/airflow/.local/lib/python3.12/site-packages/airflow/example_dags/example_xcomargs.py for tasks to queue
[2024-12-28T21:17:33.302+0000] {logging_mixin.py:190} INFO - [2024-12-28T21:17:33.301+0000] {dagbag.py:588} INFO - Filling up the DagBag from /home/airflow/.local/lib/python3.12/site-packages/airflow/example_dags/example_xcomargs.py
[2024-12-28T21:17:33.327+0000] {processor.py:925} INFO - DAG(s) 'example_xcom_args', 'example_xcom_args_with_operators' retrieved from /home/airflow/.local/lib/python3.12/site-packages/airflow/example_dags/example_xcomargs.py
[2024-12-28T21:17:33.364+0000] {logging_mixin.py:190} INFO - [2024-12-28T21:17:33.364+0000] {dag.py:3239} INFO - Sync 2 DAGs
[2024-12-28T21:17:33.384+0000] {logging_mixin.py:190} INFO - [2024-12-28T21:17:33.384+0000] {dag.py:4180} INFO - Setting next_dagrun for example_xcom_args to None, run_after=None
[2024-12-28T21:17:33.394+0000] {logging_mixin.py:190} INFO - [2024-12-28T21:17:33.393+0000] {dag.py:4180} INFO - Setting next_dagrun for example_xcom_args_with_operators to None, run_after=None
[2024-12-28T21:17:33.419+0000] {processor.py:208} INFO - Processing /home/airflow/.local/lib/python3.12/site-packages/airflow/example_dags/example_xcomargs.py took 0.137 seconds
[2024-12-28T21:18:04.298+0000] {processor.py:186} INFO - Started process (PID=1823) to work on /home/airflow/.local/lib/python3.12/site-packages/airflow/example_dags/example_xcomargs.py
[2024-12-28T21:18:04.302+0000] {processor.py:914} INFO - Processing file /home/airflow/.local/lib/python3.12/site-packages/airflow/example_dags/example_xcomargs.py for tasks to queue
[2024-12-28T21:18:04.308+0000] {logging_mixin.py:190} INFO - [2024-12-28T21:18:04.307+0000] {dagbag.py:588} INFO - Filling up the DagBag from /home/airflow/.local/lib/python3.12/site-packages/airflow/example_dags/example_xcomargs.py
[2024-12-28T21:18:04.336+0000] {processor.py:925} INFO - DAG(s) 'example_xcom_args', 'example_xcom_args_with_operators' retrieved from /home/airflow/.local/lib/python3.12/site-packages/airflow/example_dags/example_xcomargs.py
[2024-12-28T21:18:04.394+0000] {logging_mixin.py:190} INFO - [2024-12-28T21:18:04.393+0000] {dag.py:3239} INFO - Sync 2 DAGs
[2024-12-28T21:18:04.437+0000] {logging_mixin.py:190} INFO - [2024-12-28T21:18:04.436+0000] {dag.py:4180} INFO - Setting next_dagrun for example_xcom_args to None, run_after=None
[2024-12-28T21:18:04.449+0000] {logging_mixin.py:190} INFO - [2024-12-28T21:18:04.448+0000] {dag.py:4180} INFO - Setting next_dagrun for example_xcom_args_with_operators to None, run_after=None
[2024-12-28T21:18:04.494+0000] {processor.py:208} INFO - Processing /home/airflow/.local/lib/python3.12/site-packages/airflow/example_dags/example_xcomargs.py took 0.211 seconds
[2024-12-28T21:18:34.808+0000] {processor.py:186} INFO - Started process (PID=1892) to work on /home/airflow/.local/lib/python3.12/site-packages/airflow/example_dags/example_xcomargs.py
[2024-12-28T21:18:34.810+0000] {processor.py:914} INFO - Processing file /home/airflow/.local/lib/python3.12/site-packages/airflow/example_dags/example_xcomargs.py for tasks to queue
[2024-12-28T21:18:34.815+0000] {logging_mixin.py:190} INFO - [2024-12-28T21:18:34.815+0000] {dagbag.py:588} INFO - Filling up the DagBag from /home/airflow/.local/lib/python3.12/site-packages/airflow/example_dags/example_xcomargs.py
[2024-12-28T21:18:34.840+0000] {processor.py:925} INFO - DAG(s) 'example_xcom_args_with_operators', 'example_xcom_args' retrieved from /home/airflow/.local/lib/python3.12/site-packages/airflow/example_dags/example_xcomargs.py
[2024-12-28T21:18:34.880+0000] {logging_mixin.py:190} INFO - [2024-12-28T21:18:34.880+0000] {dag.py:3239} INFO - Sync 2 DAGs
[2024-12-28T21:18:34.914+0000] {logging_mixin.py:190} INFO - [2024-12-28T21:18:34.913+0000] {dag.py:4180} INFO - Setting next_dagrun for example_xcom_args to None, run_after=None
[2024-12-28T21:18:34.921+0000] {logging_mixin.py:190} INFO - [2024-12-28T21:18:34.921+0000] {dag.py:4180} INFO - Setting next_dagrun for example_xcom_args_with_operators to None, run_after=None
[2024-12-28T21:18:34.946+0000] {processor.py:208} INFO - Processing /home/airflow/.local/lib/python3.12/site-packages/airflow/example_dags/example_xcomargs.py took 0.145 seconds
[2024-12-28T21:19:05.447+0000] {processor.py:186} INFO - Started process (PID=1961) to work on /home/airflow/.local/lib/python3.12/site-packages/airflow/example_dags/example_xcomargs.py
[2024-12-28T21:19:05.451+0000] {processor.py:914} INFO - Processing file /home/airflow/.local/lib/python3.12/site-packages/airflow/example_dags/example_xcomargs.py for tasks to queue
[2024-12-28T21:19:05.458+0000] {logging_mixin.py:190} INFO - [2024-12-28T21:19:05.457+0000] {dagbag.py:588} INFO - Filling up the DagBag from /home/airflow/.local/lib/python3.12/site-packages/airflow/example_dags/example_xcomargs.py
[2024-12-28T21:19:05.482+0000] {processor.py:925} INFO - DAG(s) 'example_xcom_args', 'example_xcom_args_with_operators' retrieved from /home/airflow/.local/lib/python3.12/site-packages/airflow/example_dags/example_xcomargs.py
[2024-12-28T21:19:05.511+0000] {logging_mixin.py:190} INFO - [2024-12-28T21:19:05.511+0000] {dag.py:3239} INFO - Sync 2 DAGs
[2024-12-28T21:19:05.525+0000] {logging_mixin.py:190} INFO - [2024-12-28T21:19:05.525+0000] {dag.py:4180} INFO - Setting next_dagrun for example_xcom_args to None, run_after=None
[2024-12-28T21:19:05.529+0000] {logging_mixin.py:190} INFO - [2024-12-28T21:19:05.528+0000] {dag.py:4180} INFO - Setting next_dagrun for example_xcom_args_with_operators to None, run_after=None
[2024-12-28T21:19:05.545+0000] {processor.py:208} INFO - Processing /home/airflow/.local/lib/python3.12/site-packages/airflow/example_dags/example_xcomargs.py took 0.116 seconds
[2024-12-28T21:19:35.960+0000] {processor.py:186} INFO - Started process (PID=2030) to work on /home/airflow/.local/lib/python3.12/site-packages/airflow/example_dags/example_xcomargs.py
[2024-12-28T21:19:35.962+0000] {processor.py:914} INFO - Processing file /home/airflow/.local/lib/python3.12/site-packages/airflow/example_dags/example_xcomargs.py for tasks to queue
[2024-12-28T21:19:35.968+0000] {logging_mixin.py:190} INFO - [2024-12-28T21:19:35.968+0000] {dagbag.py:588} INFO - Filling up the DagBag from /home/airflow/.local/lib/python3.12/site-packages/airflow/example_dags/example_xcomargs.py
[2024-12-28T21:19:35.994+0000] {processor.py:925} INFO - DAG(s) 'example_xcom_args_with_operators', 'example_xcom_args' retrieved from /home/airflow/.local/lib/python3.12/site-packages/airflow/example_dags/example_xcomargs.py
[2024-12-28T21:19:36.018+0000] {logging_mixin.py:190} INFO - [2024-12-28T21:19:36.017+0000] {dag.py:3239} INFO - Sync 2 DAGs
[2024-12-28T21:19:36.032+0000] {logging_mixin.py:190} INFO - [2024-12-28T21:19:36.032+0000] {dag.py:4180} INFO - Setting next_dagrun for example_xcom_args to None, run_after=None
[2024-12-28T21:19:36.035+0000] {logging_mixin.py:190} INFO - [2024-12-28T21:19:36.035+0000] {dag.py:4180} INFO - Setting next_dagrun for example_xcom_args_with_operators to None, run_after=None
[2024-12-28T21:19:36.050+0000] {processor.py:208} INFO - Processing /home/airflow/.local/lib/python3.12/site-packages/airflow/example_dags/example_xcomargs.py took 0.108 seconds
[2024-12-28T21:20:06.402+0000] {processor.py:186} INFO - Started process (PID=2099) to work on /home/airflow/.local/lib/python3.12/site-packages/airflow/example_dags/example_xcomargs.py
[2024-12-28T21:20:06.405+0000] {processor.py:914} INFO - Processing file /home/airflow/.local/lib/python3.12/site-packages/airflow/example_dags/example_xcomargs.py for tasks to queue
[2024-12-28T21:20:06.409+0000] {logging_mixin.py:190} INFO - [2024-12-28T21:20:06.408+0000] {dagbag.py:588} INFO - Filling up the DagBag from /home/airflow/.local/lib/python3.12/site-packages/airflow/example_dags/example_xcomargs.py
[2024-12-28T21:20:06.431+0000] {processor.py:925} INFO - DAG(s) 'example_xcom_args_with_operators', 'example_xcom_args' retrieved from /home/airflow/.local/lib/python3.12/site-packages/airflow/example_dags/example_xcomargs.py
[2024-12-28T21:20:06.483+0000] {logging_mixin.py:190} INFO - [2024-12-28T21:20:06.482+0000] {dag.py:3239} INFO - Sync 2 DAGs
[2024-12-28T21:20:06.502+0000] {logging_mixin.py:190} INFO - [2024-12-28T21:20:06.501+0000] {dag.py:4180} INFO - Setting next_dagrun for example_xcom_args to None, run_after=None
[2024-12-28T21:20:06.511+0000] {logging_mixin.py:190} INFO - [2024-12-28T21:20:06.511+0000] {dag.py:4180} INFO - Setting next_dagrun for example_xcom_args_with_operators to None, run_after=None
[2024-12-28T21:20:06.557+0000] {processor.py:208} INFO - Processing /home/airflow/.local/lib/python3.12/site-packages/airflow/example_dags/example_xcomargs.py took 0.163 seconds
[2024-12-28T21:20:36.886+0000] {processor.py:186} INFO - Started process (PID=2168) to work on /home/airflow/.local/lib/python3.12/site-packages/airflow/example_dags/example_xcomargs.py
[2024-12-28T21:20:36.888+0000] {processor.py:914} INFO - Processing file /home/airflow/.local/lib/python3.12/site-packages/airflow/example_dags/example_xcomargs.py for tasks to queue
[2024-12-28T21:20:36.893+0000] {logging_mixin.py:190} INFO - [2024-12-28T21:20:36.892+0000] {dagbag.py:588} INFO - Filling up the DagBag from /home/airflow/.local/lib/python3.12/site-packages/airflow/example_dags/example_xcomargs.py
[2024-12-28T21:20:36.913+0000] {processor.py:925} INFO - DAG(s) 'example_xcom_args_with_operators', 'example_xcom_args' retrieved from /home/airflow/.local/lib/python3.12/site-packages/airflow/example_dags/example_xcomargs.py
[2024-12-28T21:20:36.944+0000] {logging_mixin.py:190} INFO - [2024-12-28T21:20:36.943+0000] {dag.py:3239} INFO - Sync 2 DAGs
[2024-12-28T21:20:36.960+0000] {logging_mixin.py:190} INFO - [2024-12-28T21:20:36.959+0000] {dag.py:4180} INFO - Setting next_dagrun for example_xcom_args to None, run_after=None
[2024-12-28T21:20:36.964+0000] {logging_mixin.py:190} INFO - [2024-12-28T21:20:36.963+0000] {dag.py:4180} INFO - Setting next_dagrun for example_xcom_args_with_operators to None, run_after=None
[2024-12-28T21:20:36.982+0000] {processor.py:208} INFO - Processing /home/airflow/.local/lib/python3.12/site-packages/airflow/example_dags/example_xcomargs.py took 0.103 seconds
[2024-12-28T21:21:07.642+0000] {processor.py:186} INFO - Started process (PID=2237) to work on /home/airflow/.local/lib/python3.12/site-packages/airflow/example_dags/example_xcomargs.py
[2024-12-28T21:21:07.644+0000] {processor.py:914} INFO - Processing file /home/airflow/.local/lib/python3.12/site-packages/airflow/example_dags/example_xcomargs.py for tasks to queue
[2024-12-28T21:21:07.648+0000] {logging_mixin.py:190} INFO - [2024-12-28T21:21:07.648+0000] {dagbag.py:588} INFO - Filling up the DagBag from /home/airflow/.local/lib/python3.12/site-packages/airflow/example_dags/example_xcomargs.py
[2024-12-28T21:21:07.662+0000] {processor.py:925} INFO - DAG(s) 'example_xcom_args', 'example_xcom_args_with_operators' retrieved from /home/airflow/.local/lib/python3.12/site-packages/airflow/example_dags/example_xcomargs.py
[2024-12-28T21:21:07.698+0000] {logging_mixin.py:190} INFO - [2024-12-28T21:21:07.698+0000] {dag.py:3239} INFO - Sync 2 DAGs
[2024-12-28T21:21:07.714+0000] {logging_mixin.py:190} INFO - [2024-12-28T21:21:07.714+0000] {dag.py:4180} INFO - Setting next_dagrun for example_xcom_args to None, run_after=None
[2024-12-28T21:21:07.719+0000] {logging_mixin.py:190} INFO - [2024-12-28T21:21:07.719+0000] {dag.py:4180} INFO - Setting next_dagrun for example_xcom_args_with_operators to None, run_after=None
[2024-12-28T21:21:07.736+0000] {processor.py:208} INFO - Processing /home/airflow/.local/lib/python3.12/site-packages/airflow/example_dags/example_xcomargs.py took 0.102 seconds
[2024-12-28T21:21:38.216+0000] {processor.py:186} INFO - Started process (PID=2305) to work on /home/airflow/.local/lib/python3.12/site-packages/airflow/example_dags/example_xcomargs.py
[2024-12-28T21:21:38.217+0000] {processor.py:914} INFO - Processing file /home/airflow/.local/lib/python3.12/site-packages/airflow/example_dags/example_xcomargs.py for tasks to queue
[2024-12-28T21:21:38.223+0000] {logging_mixin.py:190} INFO - [2024-12-28T21:21:38.222+0000] {dagbag.py:588} INFO - Filling up the DagBag from /home/airflow/.local/lib/python3.12/site-packages/airflow/example_dags/example_xcomargs.py
[2024-12-28T21:21:38.236+0000] {processor.py:925} INFO - DAG(s) 'example_xcom_args', 'example_xcom_args_with_operators' retrieved from /home/airflow/.local/lib/python3.12/site-packages/airflow/example_dags/example_xcomargs.py
[2024-12-28T21:21:38.269+0000] {logging_mixin.py:190} INFO - [2024-12-28T21:21:38.268+0000] {dag.py:3239} INFO - Sync 2 DAGs
[2024-12-28T21:21:38.287+0000] {logging_mixin.py:190} INFO - [2024-12-28T21:21:38.287+0000] {dag.py:4180} INFO - Setting next_dagrun for example_xcom_args to None, run_after=None
[2024-12-28T21:21:38.292+0000] {logging_mixin.py:190} INFO - [2024-12-28T21:21:38.292+0000] {dag.py:4180} INFO - Setting next_dagrun for example_xcom_args_with_operators to None, run_after=None
[2024-12-28T21:21:38.314+0000] {processor.py:208} INFO - Processing /home/airflow/.local/lib/python3.12/site-packages/airflow/example_dags/example_xcomargs.py took 0.114 seconds
[2024-12-28T21:22:09.371+0000] {processor.py:186} INFO - Started process (PID=2367) to work on /home/airflow/.local/lib/python3.12/site-packages/airflow/example_dags/example_xcomargs.py
[2024-12-28T21:22:09.373+0000] {processor.py:914} INFO - Processing file /home/airflow/.local/lib/python3.12/site-packages/airflow/example_dags/example_xcomargs.py for tasks to queue
[2024-12-28T21:22:09.378+0000] {logging_mixin.py:190} INFO - [2024-12-28T21:22:09.378+0000] {dagbag.py:588} INFO - Filling up the DagBag from /home/airflow/.local/lib/python3.12/site-packages/airflow/example_dags/example_xcomargs.py
[2024-12-28T21:22:09.392+0000] {processor.py:925} INFO - DAG(s) 'example_xcom_args', 'example_xcom_args_with_operators' retrieved from /home/airflow/.local/lib/python3.12/site-packages/airflow/example_dags/example_xcomargs.py
[2024-12-28T21:22:09.425+0000] {logging_mixin.py:190} INFO - [2024-12-28T21:22:09.425+0000] {dag.py:3239} INFO - Sync 2 DAGs
[2024-12-28T21:22:09.440+0000] {logging_mixin.py:190} INFO - [2024-12-28T21:22:09.440+0000] {dag.py:4180} INFO - Setting next_dagrun for example_xcom_args to None, run_after=None
[2024-12-28T21:22:09.444+0000] {logging_mixin.py:190} INFO - [2024-12-28T21:22:09.444+0000] {dag.py:4180} INFO - Setting next_dagrun for example_xcom_args_with_operators to None, run_after=None
[2024-12-28T21:22:09.467+0000] {processor.py:208} INFO - Processing /home/airflow/.local/lib/python3.12/site-packages/airflow/example_dags/example_xcomargs.py took 0.104 seconds
[2024-12-28T21:22:40.091+0000] {processor.py:186} INFO - Started process (PID=2436) to work on /home/airflow/.local/lib/python3.12/site-packages/airflow/example_dags/example_xcomargs.py
[2024-12-28T21:22:40.094+0000] {processor.py:914} INFO - Processing file /home/airflow/.local/lib/python3.12/site-packages/airflow/example_dags/example_xcomargs.py for tasks to queue
[2024-12-28T21:22:40.098+0000] {logging_mixin.py:190} INFO - [2024-12-28T21:22:40.098+0000] {dagbag.py:588} INFO - Filling up the DagBag from /home/airflow/.local/lib/python3.12/site-packages/airflow/example_dags/example_xcomargs.py
[2024-12-28T21:22:40.111+0000] {processor.py:925} INFO - DAG(s) 'example_xcom_args', 'example_xcom_args_with_operators' retrieved from /home/airflow/.local/lib/python3.12/site-packages/airflow/example_dags/example_xcomargs.py
[2024-12-28T21:22:40.139+0000] {logging_mixin.py:190} INFO - [2024-12-28T21:22:40.138+0000] {dag.py:3239} INFO - Sync 2 DAGs
[2024-12-28T21:22:40.156+0000] {logging_mixin.py:190} INFO - [2024-12-28T21:22:40.155+0000] {dag.py:4180} INFO - Setting next_dagrun for example_xcom_args to None, run_after=None
[2024-12-28T21:22:40.160+0000] {logging_mixin.py:190} INFO - [2024-12-28T21:22:40.160+0000] {dag.py:4180} INFO - Setting next_dagrun for example_xcom_args_with_operators to None, run_after=None
[2024-12-28T21:22:40.177+0000] {processor.py:208} INFO - Processing /home/airflow/.local/lib/python3.12/site-packages/airflow/example_dags/example_xcomargs.py took 0.097 seconds
[2024-12-28T21:23:11.252+0000] {processor.py:186} INFO - Started process (PID=2505) to work on /home/airflow/.local/lib/python3.12/site-packages/airflow/example_dags/example_xcomargs.py
[2024-12-28T21:23:11.254+0000] {processor.py:914} INFO - Processing file /home/airflow/.local/lib/python3.12/site-packages/airflow/example_dags/example_xcomargs.py for tasks to queue
[2024-12-28T21:23:11.257+0000] {logging_mixin.py:190} INFO - [2024-12-28T21:23:11.257+0000] {dagbag.py:588} INFO - Filling up the DagBag from /home/airflow/.local/lib/python3.12/site-packages/airflow/example_dags/example_xcomargs.py
[2024-12-28T21:23:11.272+0000] {processor.py:925} INFO - DAG(s) 'example_xcom_args_with_operators', 'example_xcom_args' retrieved from /home/airflow/.local/lib/python3.12/site-packages/airflow/example_dags/example_xcomargs.py
[2024-12-28T21:23:11.299+0000] {logging_mixin.py:190} INFO - [2024-12-28T21:23:11.299+0000] {dag.py:3239} INFO - Sync 2 DAGs
[2024-12-28T21:23:11.314+0000] {logging_mixin.py:190} INFO - [2024-12-28T21:23:11.313+0000] {dag.py:4180} INFO - Setting next_dagrun for example_xcom_args to None, run_after=None
[2024-12-28T21:23:11.319+0000] {logging_mixin.py:190} INFO - [2024-12-28T21:23:11.319+0000] {dag.py:4180} INFO - Setting next_dagrun for example_xcom_args_with_operators to None, run_after=None
[2024-12-28T21:23:11.363+0000] {processor.py:208} INFO - Processing /home/airflow/.local/lib/python3.12/site-packages/airflow/example_dags/example_xcomargs.py took 0.119 seconds
[2024-12-28T21:23:42.889+0000] {processor.py:186} INFO - Started process (PID=2571) to work on /home/airflow/.local/lib/python3.12/site-packages/airflow/example_dags/example_xcomargs.py
[2024-12-28T21:23:42.891+0000] {processor.py:914} INFO - Processing file /home/airflow/.local/lib/python3.12/site-packages/airflow/example_dags/example_xcomargs.py for tasks to queue
[2024-12-28T21:23:42.894+0000] {logging_mixin.py:190} INFO - [2024-12-28T21:23:42.894+0000] {dagbag.py:588} INFO - Filling up the DagBag from /home/airflow/.local/lib/python3.12/site-packages/airflow/example_dags/example_xcomargs.py
[2024-12-28T21:23:42.906+0000] {processor.py:925} INFO - DAG(s) 'example_xcom_args', 'example_xcom_args_with_operators' retrieved from /home/airflow/.local/lib/python3.12/site-packages/airflow/example_dags/example_xcomargs.py
[2024-12-28T21:23:42.935+0000] {logging_mixin.py:190} INFO - [2024-12-28T21:23:42.935+0000] {dag.py:3239} INFO - Sync 2 DAGs
[2024-12-28T21:23:42.952+0000] {logging_mixin.py:190} INFO - [2024-12-28T21:23:42.952+0000] {dag.py:4180} INFO - Setting next_dagrun for example_xcom_args to None, run_after=None
[2024-12-28T21:23:42.957+0000] {logging_mixin.py:190} INFO - [2024-12-28T21:23:42.957+0000] {dag.py:4180} INFO - Setting next_dagrun for example_xcom_args_with_operators to None, run_after=None
[2024-12-28T21:23:42.977+0000] {processor.py:208} INFO - Processing /home/airflow/.local/lib/python3.12/site-packages/airflow/example_dags/example_xcomargs.py took 0.094 seconds
[2024-12-28T21:24:14.319+0000] {processor.py:186} INFO - Started process (PID=2640) to work on /home/airflow/.local/lib/python3.12/site-packages/airflow/example_dags/example_xcomargs.py
[2024-12-28T21:24:14.324+0000] {processor.py:914} INFO - Processing file /home/airflow/.local/lib/python3.12/site-packages/airflow/example_dags/example_xcomargs.py for tasks to queue
[2024-12-28T21:24:14.333+0000] {logging_mixin.py:190} INFO - [2024-12-28T21:24:14.332+0000] {dagbag.py:588} INFO - Filling up the DagBag from /home/airflow/.local/lib/python3.12/site-packages/airflow/example_dags/example_xcomargs.py
[2024-12-28T21:24:14.355+0000] {processor.py:925} INFO - DAG(s) 'example_xcom_args_with_operators', 'example_xcom_args' retrieved from /home/airflow/.local/lib/python3.12/site-packages/airflow/example_dags/example_xcomargs.py
[2024-12-28T21:24:14.404+0000] {logging_mixin.py:190} INFO - [2024-12-28T21:24:14.403+0000] {dag.py:3239} INFO - Sync 2 DAGs
[2024-12-28T21:24:14.452+0000] {logging_mixin.py:190} INFO - [2024-12-28T21:24:14.451+0000] {dag.py:4180} INFO - Setting next_dagrun for example_xcom_args to None, run_after=None
[2024-12-28T21:24:14.463+0000] {logging_mixin.py:190} INFO - [2024-12-28T21:24:14.462+0000] {dag.py:4180} INFO - Setting next_dagrun for example_xcom_args_with_operators to None, run_after=None
[2024-12-28T21:24:14.486+0000] {processor.py:208} INFO - Processing /home/airflow/.local/lib/python3.12/site-packages/airflow/example_dags/example_xcomargs.py took 0.187 seconds
[2024-12-28T21:24:45.052+0000] {processor.py:186} INFO - Started process (PID=2715) to work on /home/airflow/.local/lib/python3.12/site-packages/airflow/example_dags/example_xcomargs.py
[2024-12-28T21:24:45.055+0000] {processor.py:914} INFO - Processing file /home/airflow/.local/lib/python3.12/site-packages/airflow/example_dags/example_xcomargs.py for tasks to queue
[2024-12-28T21:24:45.062+0000] {logging_mixin.py:190} INFO - [2024-12-28T21:24:45.061+0000] {dagbag.py:588} INFO - Filling up the DagBag from /home/airflow/.local/lib/python3.12/site-packages/airflow/example_dags/example_xcomargs.py
[2024-12-28T21:24:45.096+0000] {processor.py:925} INFO - DAG(s) 'example_xcom_args_with_operators', 'example_xcom_args' retrieved from /home/airflow/.local/lib/python3.12/site-packages/airflow/example_dags/example_xcomargs.py
[2024-12-28T21:24:45.150+0000] {logging_mixin.py:190} INFO - [2024-12-28T21:24:45.150+0000] {dag.py:3239} INFO - Sync 2 DAGs
[2024-12-28T21:24:45.170+0000] {logging_mixin.py:190} INFO - [2024-12-28T21:24:45.170+0000] {dag.py:4180} INFO - Setting next_dagrun for example_xcom_args to None, run_after=None
[2024-12-28T21:24:45.177+0000] {logging_mixin.py:190} INFO - [2024-12-28T21:24:45.177+0000] {dag.py:4180} INFO - Setting next_dagrun for example_xcom_args_with_operators to None, run_after=None
[2024-12-28T21:24:45.257+0000] {processor.py:208} INFO - Processing /home/airflow/.local/lib/python3.12/site-packages/airflow/example_dags/example_xcomargs.py took 0.212 seconds
[2024-12-28T21:25:15.646+0000] {processor.py:186} INFO - Started process (PID=2784) to work on /home/airflow/.local/lib/python3.12/site-packages/airflow/example_dags/example_xcomargs.py
[2024-12-28T21:25:15.648+0000] {processor.py:914} INFO - Processing file /home/airflow/.local/lib/python3.12/site-packages/airflow/example_dags/example_xcomargs.py for tasks to queue
[2024-12-28T21:25:15.651+0000] {logging_mixin.py:190} INFO - [2024-12-28T21:25:15.650+0000] {dagbag.py:588} INFO - Filling up the DagBag from /home/airflow/.local/lib/python3.12/site-packages/airflow/example_dags/example_xcomargs.py
[2024-12-28T21:25:15.662+0000] {processor.py:925} INFO - DAG(s) 'example_xcom_args_with_operators', 'example_xcom_args' retrieved from /home/airflow/.local/lib/python3.12/site-packages/airflow/example_dags/example_xcomargs.py
[2024-12-28T21:25:15.684+0000] {logging_mixin.py:190} INFO - [2024-12-28T21:25:15.684+0000] {dag.py:3239} INFO - Sync 2 DAGs
[2024-12-28T21:25:15.700+0000] {logging_mixin.py:190} INFO - [2024-12-28T21:25:15.699+0000] {dag.py:4180} INFO - Setting next_dagrun for example_xcom_args to None, run_after=None
[2024-12-28T21:25:15.710+0000] {logging_mixin.py:190} INFO - [2024-12-28T21:25:15.710+0000] {dag.py:4180} INFO - Setting next_dagrun for example_xcom_args_with_operators to None, run_after=None
[2024-12-28T21:25:15.883+0000] {processor.py:208} INFO - Processing /home/airflow/.local/lib/python3.12/site-packages/airflow/example_dags/example_xcomargs.py took 0.242 seconds
[2024-12-28T21:25:47.359+0000] {processor.py:186} INFO - Started process (PID=2852) to work on /home/airflow/.local/lib/python3.12/site-packages/airflow/example_dags/example_xcomargs.py
[2024-12-28T21:25:47.360+0000] {processor.py:914} INFO - Processing file /home/airflow/.local/lib/python3.12/site-packages/airflow/example_dags/example_xcomargs.py for tasks to queue
[2024-12-28T21:25:47.363+0000] {logging_mixin.py:190} INFO - [2024-12-28T21:25:47.362+0000] {dagbag.py:588} INFO - Filling up the DagBag from /home/airflow/.local/lib/python3.12/site-packages/airflow/example_dags/example_xcomargs.py
[2024-12-28T21:25:47.372+0000] {processor.py:925} INFO - DAG(s) 'example_xcom_args', 'example_xcom_args_with_operators' retrieved from /home/airflow/.local/lib/python3.12/site-packages/airflow/example_dags/example_xcomargs.py
[2024-12-28T21:25:47.397+0000] {logging_mixin.py:190} INFO - [2024-12-28T21:25:47.396+0000] {dag.py:3239} INFO - Sync 2 DAGs
[2024-12-28T21:25:47.412+0000] {logging_mixin.py:190} INFO - [2024-12-28T21:25:47.412+0000] {dag.py:4180} INFO - Setting next_dagrun for example_xcom_args to None, run_after=None
[2024-12-28T21:25:47.417+0000] {logging_mixin.py:190} INFO - [2024-12-28T21:25:47.417+0000] {dag.py:4180} INFO - Setting next_dagrun for example_xcom_args_with_operators to None, run_after=None
[2024-12-28T21:25:47.439+0000] {processor.py:208} INFO - Processing /home/airflow/.local/lib/python3.12/site-packages/airflow/example_dags/example_xcomargs.py took 0.087 seconds
[2024-12-28T21:26:18.546+0000] {processor.py:186} INFO - Started process (PID=2922) to work on /home/airflow/.local/lib/python3.12/site-packages/airflow/example_dags/example_xcomargs.py
[2024-12-28T21:26:18.550+0000] {processor.py:914} INFO - Processing file /home/airflow/.local/lib/python3.12/site-packages/airflow/example_dags/example_xcomargs.py for tasks to queue
[2024-12-28T21:26:18.555+0000] {logging_mixin.py:190} INFO - [2024-12-28T21:26:18.555+0000] {dagbag.py:588} INFO - Filling up the DagBag from /home/airflow/.local/lib/python3.12/site-packages/airflow/example_dags/example_xcomargs.py
[2024-12-28T21:26:18.576+0000] {processor.py:925} INFO - DAG(s) 'example_xcom_args', 'example_xcom_args_with_operators' retrieved from /home/airflow/.local/lib/python3.12/site-packages/airflow/example_dags/example_xcomargs.py
[2024-12-28T21:26:18.621+0000] {logging_mixin.py:190} INFO - [2024-12-28T21:26:18.621+0000] {dag.py:3239} INFO - Sync 2 DAGs
[2024-12-28T21:26:18.644+0000] {logging_mixin.py:190} INFO - [2024-12-28T21:26:18.644+0000] {dag.py:4180} INFO - Setting next_dagrun for example_xcom_args to None, run_after=None
[2024-12-28T21:26:18.659+0000] {logging_mixin.py:190} INFO - [2024-12-28T21:26:18.658+0000] {dag.py:4180} INFO - Setting next_dagrun for example_xcom_args_with_operators to None, run_after=None
[2024-12-28T21:26:18.700+0000] {processor.py:208} INFO - Processing /home/airflow/.local/lib/python3.12/site-packages/airflow/example_dags/example_xcomargs.py took 0.164 seconds
[2024-12-28T21:26:49.399+0000] {processor.py:186} INFO - Started process (PID=2988) to work on /home/airflow/.local/lib/python3.12/site-packages/airflow/example_dags/example_xcomargs.py
[2024-12-28T21:26:49.403+0000] {processor.py:914} INFO - Processing file /home/airflow/.local/lib/python3.12/site-packages/airflow/example_dags/example_xcomargs.py for tasks to queue
[2024-12-28T21:26:49.408+0000] {logging_mixin.py:190} INFO - [2024-12-28T21:26:49.407+0000] {dagbag.py:588} INFO - Filling up the DagBag from /home/airflow/.local/lib/python3.12/site-packages/airflow/example_dags/example_xcomargs.py
[2024-12-28T21:26:49.425+0000] {processor.py:925} INFO - DAG(s) 'example_xcom_args', 'example_xcom_args_with_operators' retrieved from /home/airflow/.local/lib/python3.12/site-packages/airflow/example_dags/example_xcomargs.py
[2024-12-28T21:26:49.446+0000] {logging_mixin.py:190} INFO - [2024-12-28T21:26:49.446+0000] {dag.py:3239} INFO - Sync 2 DAGs
[2024-12-28T21:26:49.463+0000] {logging_mixin.py:190} INFO - [2024-12-28T21:26:49.463+0000] {dag.py:4180} INFO - Setting next_dagrun for example_xcom_args to None, run_after=None
[2024-12-28T21:26:49.468+0000] {logging_mixin.py:190} INFO - [2024-12-28T21:26:49.468+0000] {dag.py:4180} INFO - Setting next_dagrun for example_xcom_args_with_operators to None, run_after=None
[2024-12-28T21:26:49.503+0000] {processor.py:208} INFO - Processing /home/airflow/.local/lib/python3.12/site-packages/airflow/example_dags/example_xcomargs.py took 0.113 seconds
[2024-12-28T21:27:20.465+0000] {processor.py:186} INFO - Started process (PID=3057) to work on /home/airflow/.local/lib/python3.12/site-packages/airflow/example_dags/example_xcomargs.py
[2024-12-28T21:27:20.468+0000] {processor.py:914} INFO - Processing file /home/airflow/.local/lib/python3.12/site-packages/airflow/example_dags/example_xcomargs.py for tasks to queue
[2024-12-28T21:27:20.471+0000] {logging_mixin.py:190} INFO - [2024-12-28T21:27:20.470+0000] {dagbag.py:588} INFO - Filling up the DagBag from /home/airflow/.local/lib/python3.12/site-packages/airflow/example_dags/example_xcomargs.py
[2024-12-28T21:27:20.482+0000] {processor.py:925} INFO - DAG(s) 'example_xcom_args_with_operators', 'example_xcom_args' retrieved from /home/airflow/.local/lib/python3.12/site-packages/airflow/example_dags/example_xcomargs.py
[2024-12-28T21:27:20.511+0000] {logging_mixin.py:190} INFO - [2024-12-28T21:27:20.510+0000] {dag.py:3239} INFO - Sync 2 DAGs
[2024-12-28T21:27:20.524+0000] {logging_mixin.py:190} INFO - [2024-12-28T21:27:20.524+0000] {dag.py:4180} INFO - Setting next_dagrun for example_xcom_args to None, run_after=None
[2024-12-28T21:27:20.528+0000] {logging_mixin.py:190} INFO - [2024-12-28T21:27:20.528+0000] {dag.py:4180} INFO - Setting next_dagrun for example_xcom_args_with_operators to None, run_after=None
[2024-12-28T21:27:20.543+0000] {processor.py:208} INFO - Processing /home/airflow/.local/lib/python3.12/site-packages/airflow/example_dags/example_xcomargs.py took 0.084 seconds
[2024-12-28T21:27:51.824+0000] {processor.py:186} INFO - Started process (PID=3120) to work on /home/airflow/.local/lib/python3.12/site-packages/airflow/example_dags/example_xcomargs.py
[2024-12-28T21:27:51.827+0000] {processor.py:914} INFO - Processing file /home/airflow/.local/lib/python3.12/site-packages/airflow/example_dags/example_xcomargs.py for tasks to queue
[2024-12-28T21:27:51.834+0000] {logging_mixin.py:190} INFO - [2024-12-28T21:27:51.833+0000] {dagbag.py:588} INFO - Filling up the DagBag from /home/airflow/.local/lib/python3.12/site-packages/airflow/example_dags/example_xcomargs.py
[2024-12-28T21:27:51.859+0000] {processor.py:925} INFO - DAG(s) 'example_xcom_args_with_operators', 'example_xcom_args' retrieved from /home/airflow/.local/lib/python3.12/site-packages/airflow/example_dags/example_xcomargs.py
[2024-12-28T21:27:51.915+0000] {logging_mixin.py:190} INFO - [2024-12-28T21:27:51.914+0000] {dag.py:3239} INFO - Sync 2 DAGs
[2024-12-28T21:27:51.950+0000] {logging_mixin.py:190} INFO - [2024-12-28T21:27:51.950+0000] {dag.py:4180} INFO - Setting next_dagrun for example_xcom_args to None, run_after=None
[2024-12-28T21:27:51.961+0000] {logging_mixin.py:190} INFO - [2024-12-28T21:27:51.960+0000] {dag.py:4180} INFO - Setting next_dagrun for example_xcom_args_with_operators to None, run_after=None
[2024-12-28T21:27:51.983+0000] {processor.py:208} INFO - Processing /home/airflow/.local/lib/python3.12/site-packages/airflow/example_dags/example_xcomargs.py took 0.176 seconds
[2024-12-28T21:28:22.862+0000] {processor.py:186} INFO - Started process (PID=3189) to work on /home/airflow/.local/lib/python3.12/site-packages/airflow/example_dags/example_xcomargs.py
[2024-12-28T21:28:22.865+0000] {processor.py:914} INFO - Processing file /home/airflow/.local/lib/python3.12/site-packages/airflow/example_dags/example_xcomargs.py for tasks to queue
[2024-12-28T21:28:22.868+0000] {logging_mixin.py:190} INFO - [2024-12-28T21:28:22.868+0000] {dagbag.py:588} INFO - Filling up the DagBag from /home/airflow/.local/lib/python3.12/site-packages/airflow/example_dags/example_xcomargs.py
[2024-12-28T21:28:22.883+0000] {processor.py:925} INFO - DAG(s) 'example_xcom_args', 'example_xcom_args_with_operators' retrieved from /home/airflow/.local/lib/python3.12/site-packages/airflow/example_dags/example_xcomargs.py
[2024-12-28T21:28:22.914+0000] {logging_mixin.py:190} INFO - [2024-12-28T21:28:22.914+0000] {dag.py:3239} INFO - Sync 2 DAGs
[2024-12-28T21:28:22.941+0000] {logging_mixin.py:190} INFO - [2024-12-28T21:28:22.941+0000] {dag.py:4180} INFO - Setting next_dagrun for example_xcom_args to None, run_after=None
[2024-12-28T21:28:22.946+0000] {logging_mixin.py:190} INFO - [2024-12-28T21:28:22.946+0000] {dag.py:4180} INFO - Setting next_dagrun for example_xcom_args_with_operators to None, run_after=None
[2024-12-28T21:28:22.963+0000] {processor.py:208} INFO - Processing /home/airflow/.local/lib/python3.12/site-packages/airflow/example_dags/example_xcomargs.py took 0.108 seconds
[2024-12-28T21:28:54.530+0000] {processor.py:186} INFO - Started process (PID=3259) to work on /home/airflow/.local/lib/python3.12/site-packages/airflow/example_dags/example_xcomargs.py
[2024-12-28T21:28:54.533+0000] {processor.py:914} INFO - Processing file /home/airflow/.local/lib/python3.12/site-packages/airflow/example_dags/example_xcomargs.py for tasks to queue
[2024-12-28T21:28:54.539+0000] {logging_mixin.py:190} INFO - [2024-12-28T21:28:54.538+0000] {dagbag.py:588} INFO - Filling up the DagBag from /home/airflow/.local/lib/python3.12/site-packages/airflow/example_dags/example_xcomargs.py
[2024-12-28T21:28:54.556+0000] {processor.py:925} INFO - DAG(s) 'example_xcom_args_with_operators', 'example_xcom_args' retrieved from /home/airflow/.local/lib/python3.12/site-packages/airflow/example_dags/example_xcomargs.py
[2024-12-28T21:28:54.597+0000] {logging_mixin.py:190} INFO - [2024-12-28T21:28:54.597+0000] {dag.py:3239} INFO - Sync 2 DAGs
[2024-12-28T21:28:54.617+0000] {logging_mixin.py:190} INFO - [2024-12-28T21:28:54.617+0000] {dag.py:4180} INFO - Setting next_dagrun for example_xcom_args to None, run_after=None
[2024-12-28T21:28:54.622+0000] {logging_mixin.py:190} INFO - [2024-12-28T21:28:54.622+0000] {dag.py:4180} INFO - Setting next_dagrun for example_xcom_args_with_operators to None, run_after=None
[2024-12-28T21:28:54.639+0000] {processor.py:208} INFO - Processing /home/airflow/.local/lib/python3.12/site-packages/airflow/example_dags/example_xcomargs.py took 0.115 seconds
[2024-12-28T21:29:24.803+0000] {processor.py:186} INFO - Started process (PID=3325) to work on /home/airflow/.local/lib/python3.12/site-packages/airflow/example_dags/example_xcomargs.py
[2024-12-28T21:29:24.805+0000] {processor.py:914} INFO - Processing file /home/airflow/.local/lib/python3.12/site-packages/airflow/example_dags/example_xcomargs.py for tasks to queue
[2024-12-28T21:29:24.808+0000] {logging_mixin.py:190} INFO - [2024-12-28T21:29:24.807+0000] {dagbag.py:588} INFO - Filling up the DagBag from /home/airflow/.local/lib/python3.12/site-packages/airflow/example_dags/example_xcomargs.py
[2024-12-28T21:29:24.823+0000] {processor.py:925} INFO - DAG(s) 'example_xcom_args', 'example_xcom_args_with_operators' retrieved from /home/airflow/.local/lib/python3.12/site-packages/airflow/example_dags/example_xcomargs.py
[2024-12-28T21:29:24.847+0000] {logging_mixin.py:190} INFO - [2024-12-28T21:29:24.846+0000] {dag.py:3239} INFO - Sync 2 DAGs
[2024-12-28T21:29:24.862+0000] {logging_mixin.py:190} INFO - [2024-12-28T21:29:24.862+0000] {dag.py:4180} INFO - Setting next_dagrun for example_xcom_args to None, run_after=None
[2024-12-28T21:29:24.866+0000] {logging_mixin.py:190} INFO - [2024-12-28T21:29:24.866+0000] {dag.py:4180} INFO - Setting next_dagrun for example_xcom_args_with_operators to None, run_after=None
[2024-12-28T21:29:24.924+0000] {processor.py:208} INFO - Processing /home/airflow/.local/lib/python3.12/site-packages/airflow/example_dags/example_xcomargs.py took 0.091 seconds
[2024-12-28T21:29:55.698+0000] {processor.py:186} INFO - Started process (PID=3394) to work on /home/airflow/.local/lib/python3.12/site-packages/airflow/example_dags/example_xcomargs.py
[2024-12-28T21:29:55.702+0000] {processor.py:914} INFO - Processing file /home/airflow/.local/lib/python3.12/site-packages/airflow/example_dags/example_xcomargs.py for tasks to queue
[2024-12-28T21:29:55.709+0000] {logging_mixin.py:190} INFO - [2024-12-28T21:29:55.708+0000] {dagbag.py:588} INFO - Filling up the DagBag from /home/airflow/.local/lib/python3.12/site-packages/airflow/example_dags/example_xcomargs.py
[2024-12-28T21:29:55.731+0000] {processor.py:925} INFO - DAG(s) 'example_xcom_args', 'example_xcom_args_with_operators' retrieved from /home/airflow/.local/lib/python3.12/site-packages/airflow/example_dags/example_xcomargs.py
[2024-12-28T21:29:55.759+0000] {logging_mixin.py:190} INFO - [2024-12-28T21:29:55.759+0000] {dag.py:3239} INFO - Sync 2 DAGs
[2024-12-28T21:29:55.773+0000] {logging_mixin.py:190} INFO - [2024-12-28T21:29:55.773+0000] {dag.py:4180} INFO - Setting next_dagrun for example_xcom_args to None, run_after=None
[2024-12-28T21:29:55.777+0000] {logging_mixin.py:190} INFO - [2024-12-28T21:29:55.777+0000] {dag.py:4180} INFO - Setting next_dagrun for example_xcom_args_with_operators to None, run_after=None
[2024-12-28T21:29:55.795+0000] {processor.py:208} INFO - Processing /home/airflow/.local/lib/python3.12/site-packages/airflow/example_dags/example_xcomargs.py took 0.114 seconds
[2024-12-28T21:30:26.115+0000] {processor.py:186} INFO - Started process (PID=3463) to work on /home/airflow/.local/lib/python3.12/site-packages/airflow/example_dags/example_xcomargs.py
[2024-12-28T21:30:26.118+0000] {processor.py:914} INFO - Processing file /home/airflow/.local/lib/python3.12/site-packages/airflow/example_dags/example_xcomargs.py for tasks to queue
[2024-12-28T21:30:26.124+0000] {logging_mixin.py:190} INFO - [2024-12-28T21:30:26.123+0000] {dagbag.py:588} INFO - Filling up the DagBag from /home/airflow/.local/lib/python3.12/site-packages/airflow/example_dags/example_xcomargs.py
[2024-12-28T21:30:26.160+0000] {processor.py:925} INFO - DAG(s) 'example_xcom_args_with_operators', 'example_xcom_args' retrieved from /home/airflow/.local/lib/python3.12/site-packages/airflow/example_dags/example_xcomargs.py
[2024-12-28T21:30:26.230+0000] {logging_mixin.py:190} INFO - [2024-12-28T21:30:26.229+0000] {dag.py:3239} INFO - Sync 2 DAGs
[2024-12-28T21:30:26.256+0000] {logging_mixin.py:190} INFO - [2024-12-28T21:30:26.256+0000] {dag.py:4180} INFO - Setting next_dagrun for example_xcom_args to None, run_after=None
[2024-12-28T21:30:26.260+0000] {logging_mixin.py:190} INFO - [2024-12-28T21:30:26.260+0000] {dag.py:4180} INFO - Setting next_dagrun for example_xcom_args_with_operators to None, run_after=None
[2024-12-28T21:30:26.278+0000] {processor.py:208} INFO - Processing /home/airflow/.local/lib/python3.12/site-packages/airflow/example_dags/example_xcomargs.py took 0.174 seconds
[2024-12-28T21:30:57.103+0000] {processor.py:186} INFO - Started process (PID=3533) to work on /home/airflow/.local/lib/python3.12/site-packages/airflow/example_dags/example_xcomargs.py
[2024-12-28T21:30:57.106+0000] {processor.py:914} INFO - Processing file /home/airflow/.local/lib/python3.12/site-packages/airflow/example_dags/example_xcomargs.py for tasks to queue
[2024-12-28T21:30:57.112+0000] {logging_mixin.py:190} INFO - [2024-12-28T21:30:57.111+0000] {dagbag.py:588} INFO - Filling up the DagBag from /home/airflow/.local/lib/python3.12/site-packages/airflow/example_dags/example_xcomargs.py
[2024-12-28T21:30:57.131+0000] {processor.py:925} INFO - DAG(s) 'example_xcom_args_with_operators', 'example_xcom_args' retrieved from /home/airflow/.local/lib/python3.12/site-packages/airflow/example_dags/example_xcomargs.py
[2024-12-28T21:30:57.158+0000] {logging_mixin.py:190} INFO - [2024-12-28T21:30:57.158+0000] {dag.py:3239} INFO - Sync 2 DAGs
[2024-12-28T21:30:57.176+0000] {logging_mixin.py:190} INFO - [2024-12-28T21:30:57.175+0000] {dag.py:4180} INFO - Setting next_dagrun for example_xcom_args to None, run_after=None
[2024-12-28T21:30:57.180+0000] {logging_mixin.py:190} INFO - [2024-12-28T21:30:57.180+0000] {dag.py:4180} INFO - Setting next_dagrun for example_xcom_args_with_operators to None, run_after=None
[2024-12-28T21:30:57.212+0000] {processor.py:208} INFO - Processing /home/airflow/.local/lib/python3.12/site-packages/airflow/example_dags/example_xcomargs.py took 0.120 seconds
[2024-12-28T21:31:27.469+0000] {processor.py:186} INFO - Started process (PID=3602) to work on /home/airflow/.local/lib/python3.12/site-packages/airflow/example_dags/example_xcomargs.py
[2024-12-28T21:31:27.471+0000] {processor.py:914} INFO - Processing file /home/airflow/.local/lib/python3.12/site-packages/airflow/example_dags/example_xcomargs.py for tasks to queue
[2024-12-28T21:31:27.476+0000] {logging_mixin.py:190} INFO - [2024-12-28T21:31:27.475+0000] {dagbag.py:588} INFO - Filling up the DagBag from /home/airflow/.local/lib/python3.12/site-packages/airflow/example_dags/example_xcomargs.py
[2024-12-28T21:31:27.498+0000] {processor.py:925} INFO - DAG(s) 'example_xcom_args', 'example_xcom_args_with_operators' retrieved from /home/airflow/.local/lib/python3.12/site-packages/airflow/example_dags/example_xcomargs.py
[2024-12-28T21:31:27.544+0000] {logging_mixin.py:190} INFO - [2024-12-28T21:31:27.544+0000] {dag.py:3239} INFO - Sync 2 DAGs
[2024-12-28T21:31:27.570+0000] {logging_mixin.py:190} INFO - [2024-12-28T21:31:27.570+0000] {dag.py:4180} INFO - Setting next_dagrun for example_xcom_args to None, run_after=None
[2024-12-28T21:31:27.575+0000] {logging_mixin.py:190} INFO - [2024-12-28T21:31:27.575+0000] {dag.py:4180} INFO - Setting next_dagrun for example_xcom_args_with_operators to None, run_after=None
[2024-12-28T21:31:27.594+0000] {processor.py:208} INFO - Processing /home/airflow/.local/lib/python3.12/site-packages/airflow/example_dags/example_xcomargs.py took 0.140 seconds
[2024-12-28T21:31:57.760+0000] {processor.py:186} INFO - Started process (PID=3672) to work on /home/airflow/.local/lib/python3.12/site-packages/airflow/example_dags/example_xcomargs.py
[2024-12-28T21:31:57.762+0000] {processor.py:914} INFO - Processing file /home/airflow/.local/lib/python3.12/site-packages/airflow/example_dags/example_xcomargs.py for tasks to queue
[2024-12-28T21:31:57.765+0000] {logging_mixin.py:190} INFO - [2024-12-28T21:31:57.764+0000] {dagbag.py:588} INFO - Filling up the DagBag from /home/airflow/.local/lib/python3.12/site-packages/airflow/example_dags/example_xcomargs.py
[2024-12-28T21:31:57.781+0000] {processor.py:925} INFO - DAG(s) 'example_xcom_args', 'example_xcom_args_with_operators' retrieved from /home/airflow/.local/lib/python3.12/site-packages/airflow/example_dags/example_xcomargs.py
[2024-12-28T21:31:57.817+0000] {logging_mixin.py:190} INFO - [2024-12-28T21:31:57.817+0000] {dag.py:3239} INFO - Sync 2 DAGs
[2024-12-28T21:31:57.841+0000] {logging_mixin.py:190} INFO - [2024-12-28T21:31:57.840+0000] {dag.py:4180} INFO - Setting next_dagrun for example_xcom_args to None, run_after=None
[2024-12-28T21:31:57.848+0000] {logging_mixin.py:190} INFO - [2024-12-28T21:31:57.848+0000] {dag.py:4180} INFO - Setting next_dagrun for example_xcom_args_with_operators to None, run_after=None
[2024-12-28T21:31:57.884+0000] {processor.py:208} INFO - Processing /home/airflow/.local/lib/python3.12/site-packages/airflow/example_dags/example_xcomargs.py took 0.135 seconds
[2024-12-28T21:32:28.126+0000] {processor.py:186} INFO - Started process (PID=3741) to work on /home/airflow/.local/lib/python3.12/site-packages/airflow/example_dags/example_xcomargs.py
[2024-12-28T21:32:28.128+0000] {processor.py:914} INFO - Processing file /home/airflow/.local/lib/python3.12/site-packages/airflow/example_dags/example_xcomargs.py for tasks to queue
[2024-12-28T21:32:28.131+0000] {logging_mixin.py:190} INFO - [2024-12-28T21:32:28.130+0000] {dagbag.py:588} INFO - Filling up the DagBag from /home/airflow/.local/lib/python3.12/site-packages/airflow/example_dags/example_xcomargs.py
[2024-12-28T21:32:28.141+0000] {processor.py:925} INFO - DAG(s) 'example_xcom_args_with_operators', 'example_xcom_args' retrieved from /home/airflow/.local/lib/python3.12/site-packages/airflow/example_dags/example_xcomargs.py
[2024-12-28T21:32:28.174+0000] {logging_mixin.py:190} INFO - [2024-12-28T21:32:28.174+0000] {dag.py:3239} INFO - Sync 2 DAGs
[2024-12-28T21:32:28.198+0000] {logging_mixin.py:190} INFO - [2024-12-28T21:32:28.197+0000] {dag.py:4180} INFO - Setting next_dagrun for example_xcom_args to None, run_after=None
[2024-12-28T21:32:28.203+0000] {logging_mixin.py:190} INFO - [2024-12-28T21:32:28.203+0000] {dag.py:4180} INFO - Setting next_dagrun for example_xcom_args_with_operators to None, run_after=None
[2024-12-28T21:32:28.228+0000] {processor.py:208} INFO - Processing /home/airflow/.local/lib/python3.12/site-packages/airflow/example_dags/example_xcomargs.py took 0.110 seconds
[2024-12-28T21:32:58.944+0000] {processor.py:186} INFO - Started process (PID=3810) to work on /home/airflow/.local/lib/python3.12/site-packages/airflow/example_dags/example_xcomargs.py
[2024-12-28T21:32:58.946+0000] {processor.py:914} INFO - Processing file /home/airflow/.local/lib/python3.12/site-packages/airflow/example_dags/example_xcomargs.py for tasks to queue
[2024-12-28T21:32:58.948+0000] {logging_mixin.py:190} INFO - [2024-12-28T21:32:58.948+0000] {dagbag.py:588} INFO - Filling up the DagBag from /home/airflow/.local/lib/python3.12/site-packages/airflow/example_dags/example_xcomargs.py
[2024-12-28T21:32:58.958+0000] {processor.py:925} INFO - DAG(s) 'example_xcom_args', 'example_xcom_args_with_operators' retrieved from /home/airflow/.local/lib/python3.12/site-packages/airflow/example_dags/example_xcomargs.py
[2024-12-28T21:32:58.982+0000] {logging_mixin.py:190} INFO - [2024-12-28T21:32:58.982+0000] {dag.py:3239} INFO - Sync 2 DAGs
[2024-12-28T21:32:58.996+0000] {logging_mixin.py:190} INFO - [2024-12-28T21:32:58.996+0000] {dag.py:4180} INFO - Setting next_dagrun for example_xcom_args to None, run_after=None
[2024-12-28T21:32:59.000+0000] {logging_mixin.py:190} INFO - [2024-12-28T21:32:58.999+0000] {dag.py:4180} INFO - Setting next_dagrun for example_xcom_args_with_operators to None, run_after=None
[2024-12-28T21:32:59.014+0000] {processor.py:208} INFO - Processing /home/airflow/.local/lib/python3.12/site-packages/airflow/example_dags/example_xcomargs.py took 0.076 seconds
[2024-12-28T21:33:29.545+0000] {processor.py:186} INFO - Started process (PID=3879) to work on /home/airflow/.local/lib/python3.12/site-packages/airflow/example_dags/example_xcomargs.py
[2024-12-28T21:33:29.547+0000] {processor.py:914} INFO - Processing file /home/airflow/.local/lib/python3.12/site-packages/airflow/example_dags/example_xcomargs.py for tasks to queue
[2024-12-28T21:33:29.552+0000] {logging_mixin.py:190} INFO - [2024-12-28T21:33:29.551+0000] {dagbag.py:588} INFO - Filling up the DagBag from /home/airflow/.local/lib/python3.12/site-packages/airflow/example_dags/example_xcomargs.py
[2024-12-28T21:33:29.569+0000] {processor.py:925} INFO - DAG(s) 'example_xcom_args_with_operators', 'example_xcom_args' retrieved from /home/airflow/.local/lib/python3.12/site-packages/airflow/example_dags/example_xcomargs.py
[2024-12-28T21:33:29.611+0000] {logging_mixin.py:190} INFO - [2024-12-28T21:33:29.611+0000] {dag.py:3239} INFO - Sync 2 DAGs
[2024-12-28T21:33:29.636+0000] {logging_mixin.py:190} INFO - [2024-12-28T21:33:29.636+0000] {dag.py:4180} INFO - Setting next_dagrun for example_xcom_args to None, run_after=None
[2024-12-28T21:33:29.642+0000] {logging_mixin.py:190} INFO - [2024-12-28T21:33:29.642+0000] {dag.py:4180} INFO - Setting next_dagrun for example_xcom_args_with_operators to None, run_after=None
[2024-12-28T21:33:29.668+0000] {processor.py:208} INFO - Processing /home/airflow/.local/lib/python3.12/site-packages/airflow/example_dags/example_xcomargs.py took 0.133 seconds
[2024-12-28T21:34:00.913+0000] {processor.py:186} INFO - Started process (PID=3949) to work on /home/airflow/.local/lib/python3.12/site-packages/airflow/example_dags/example_xcomargs.py
[2024-12-28T21:34:00.918+0000] {processor.py:914} INFO - Processing file /home/airflow/.local/lib/python3.12/site-packages/airflow/example_dags/example_xcomargs.py for tasks to queue
[2024-12-28T21:34:00.926+0000] {logging_mixin.py:190} INFO - [2024-12-28T21:34:00.925+0000] {dagbag.py:588} INFO - Filling up the DagBag from /home/airflow/.local/lib/python3.12/site-packages/airflow/example_dags/example_xcomargs.py
[2024-12-28T21:34:00.962+0000] {processor.py:925} INFO - DAG(s) 'example_xcom_args', 'example_xcom_args_with_operators' retrieved from /home/airflow/.local/lib/python3.12/site-packages/airflow/example_dags/example_xcomargs.py
[2024-12-28T21:34:01.023+0000] {logging_mixin.py:190} INFO - [2024-12-28T21:34:01.023+0000] {dag.py:3239} INFO - Sync 2 DAGs
[2024-12-28T21:34:01.056+0000] {logging_mixin.py:190} INFO - [2024-12-28T21:34:01.055+0000] {dag.py:4180} INFO - Setting next_dagrun for example_xcom_args to None, run_after=None
[2024-12-28T21:34:01.066+0000] {logging_mixin.py:190} INFO - [2024-12-28T21:34:01.066+0000] {dag.py:4180} INFO - Setting next_dagrun for example_xcom_args_with_operators to None, run_after=None
[2024-12-28T21:34:01.100+0000] {processor.py:208} INFO - Processing /home/airflow/.local/lib/python3.12/site-packages/airflow/example_dags/example_xcomargs.py took 0.209 seconds
[2024-12-28T21:34:31.525+0000] {processor.py:186} INFO - Started process (PID=4017) to work on /home/airflow/.local/lib/python3.12/site-packages/airflow/example_dags/example_xcomargs.py
[2024-12-28T21:34:31.527+0000] {processor.py:914} INFO - Processing file /home/airflow/.local/lib/python3.12/site-packages/airflow/example_dags/example_xcomargs.py for tasks to queue
[2024-12-28T21:34:31.530+0000] {logging_mixin.py:190} INFO - [2024-12-28T21:34:31.529+0000] {dagbag.py:588} INFO - Filling up the DagBag from /home/airflow/.local/lib/python3.12/site-packages/airflow/example_dags/example_xcomargs.py
[2024-12-28T21:34:31.541+0000] {processor.py:925} INFO - DAG(s) 'example_xcom_args', 'example_xcom_args_with_operators' retrieved from /home/airflow/.local/lib/python3.12/site-packages/airflow/example_dags/example_xcomargs.py
[2024-12-28T21:34:31.565+0000] {logging_mixin.py:190} INFO - [2024-12-28T21:34:31.564+0000] {dag.py:3239} INFO - Sync 2 DAGs
[2024-12-28T21:34:31.578+0000] {logging_mixin.py:190} INFO - [2024-12-28T21:34:31.578+0000] {dag.py:4180} INFO - Setting next_dagrun for example_xcom_args to None, run_after=None
[2024-12-28T21:34:31.582+0000] {logging_mixin.py:190} INFO - [2024-12-28T21:34:31.582+0000] {dag.py:4180} INFO - Setting next_dagrun for example_xcom_args_with_operators to None, run_after=None
[2024-12-28T21:34:31.598+0000] {processor.py:208} INFO - Processing /home/airflow/.local/lib/python3.12/site-packages/airflow/example_dags/example_xcomargs.py took 0.079 seconds
[2024-12-28T21:35:02.307+0000] {processor.py:186} INFO - Started process (PID=4086) to work on /home/airflow/.local/lib/python3.12/site-packages/airflow/example_dags/example_xcomargs.py
[2024-12-28T21:35:02.309+0000] {processor.py:914} INFO - Processing file /home/airflow/.local/lib/python3.12/site-packages/airflow/example_dags/example_xcomargs.py for tasks to queue
[2024-12-28T21:35:02.312+0000] {logging_mixin.py:190} INFO - [2024-12-28T21:35:02.311+0000] {dagbag.py:588} INFO - Filling up the DagBag from /home/airflow/.local/lib/python3.12/site-packages/airflow/example_dags/example_xcomargs.py
[2024-12-28T21:35:02.324+0000] {processor.py:925} INFO - DAG(s) 'example_xcom_args_with_operators', 'example_xcom_args' retrieved from /home/airflow/.local/lib/python3.12/site-packages/airflow/example_dags/example_xcomargs.py
[2024-12-28T21:35:02.351+0000] {logging_mixin.py:190} INFO - [2024-12-28T21:35:02.351+0000] {dag.py:3239} INFO - Sync 2 DAGs
[2024-12-28T21:35:02.370+0000] {logging_mixin.py:190} INFO - [2024-12-28T21:35:02.370+0000] {dag.py:4180} INFO - Setting next_dagrun for example_xcom_args to None, run_after=None
[2024-12-28T21:35:02.375+0000] {logging_mixin.py:190} INFO - [2024-12-28T21:35:02.374+0000] {dag.py:4180} INFO - Setting next_dagrun for example_xcom_args_with_operators to None, run_after=None
[2024-12-28T21:35:02.403+0000] {processor.py:208} INFO - Processing /home/airflow/.local/lib/python3.12/site-packages/airflow/example_dags/example_xcomargs.py took 0.102 seconds
[2024-12-28T21:35:33.672+0000] {processor.py:186} INFO - Started process (PID=4153) to work on /home/airflow/.local/lib/python3.12/site-packages/airflow/example_dags/example_xcomargs.py
[2024-12-28T21:35:33.675+0000] {processor.py:914} INFO - Processing file /home/airflow/.local/lib/python3.12/site-packages/airflow/example_dags/example_xcomargs.py for tasks to queue
[2024-12-28T21:35:33.680+0000] {logging_mixin.py:190} INFO - [2024-12-28T21:35:33.679+0000] {dagbag.py:588} INFO - Filling up the DagBag from /home/airflow/.local/lib/python3.12/site-packages/airflow/example_dags/example_xcomargs.py
[2024-12-28T21:35:33.696+0000] {processor.py:925} INFO - DAG(s) 'example_xcom_args', 'example_xcom_args_with_operators' retrieved from /home/airflow/.local/lib/python3.12/site-packages/airflow/example_dags/example_xcomargs.py
[2024-12-28T21:35:33.723+0000] {logging_mixin.py:190} INFO - [2024-12-28T21:35:33.723+0000] {dag.py:3239} INFO - Sync 2 DAGs
[2024-12-28T21:35:33.742+0000] {logging_mixin.py:190} INFO - [2024-12-28T21:35:33.742+0000] {dag.py:4180} INFO - Setting next_dagrun for example_xcom_args to None, run_after=None
[2024-12-28T21:35:33.749+0000] {logging_mixin.py:190} INFO - [2024-12-28T21:35:33.749+0000] {dag.py:4180} INFO - Setting next_dagrun for example_xcom_args_with_operators to None, run_after=None
[2024-12-28T21:35:33.776+0000] {processor.py:208} INFO - Processing /home/airflow/.local/lib/python3.12/site-packages/airflow/example_dags/example_xcomargs.py took 0.116 seconds
[2024-12-28T21:36:05.035+0000] {processor.py:186} INFO - Started process (PID=4222) to work on /home/airflow/.local/lib/python3.12/site-packages/airflow/example_dags/example_xcomargs.py
[2024-12-28T21:36:05.037+0000] {processor.py:914} INFO - Processing file /home/airflow/.local/lib/python3.12/site-packages/airflow/example_dags/example_xcomargs.py for tasks to queue
[2024-12-28T21:36:05.043+0000] {logging_mixin.py:190} INFO - [2024-12-28T21:36:05.042+0000] {dagbag.py:588} INFO - Filling up the DagBag from /home/airflow/.local/lib/python3.12/site-packages/airflow/example_dags/example_xcomargs.py
[2024-12-28T21:36:05.059+0000] {processor.py:925} INFO - DAG(s) 'example_xcom_args_with_operators', 'example_xcom_args' retrieved from /home/airflow/.local/lib/python3.12/site-packages/airflow/example_dags/example_xcomargs.py
[2024-12-28T21:36:05.097+0000] {logging_mixin.py:190} INFO - [2024-12-28T21:36:05.097+0000] {dag.py:3239} INFO - Sync 2 DAGs
[2024-12-28T21:36:05.117+0000] {logging_mixin.py:190} INFO - [2024-12-28T21:36:05.117+0000] {dag.py:4180} INFO - Setting next_dagrun for example_xcom_args to None, run_after=None
[2024-12-28T21:36:05.122+0000] {logging_mixin.py:190} INFO - [2024-12-28T21:36:05.121+0000] {dag.py:4180} INFO - Setting next_dagrun for example_xcom_args_with_operators to None, run_after=None
[2024-12-28T21:36:05.146+0000] {processor.py:208} INFO - Processing /home/airflow/.local/lib/python3.12/site-packages/airflow/example_dags/example_xcomargs.py took 0.125 seconds
[2024-12-28T21:36:35.531+0000] {processor.py:186} INFO - Started process (PID=4291) to work on /home/airflow/.local/lib/python3.12/site-packages/airflow/example_dags/example_xcomargs.py
[2024-12-28T21:36:35.534+0000] {processor.py:914} INFO - Processing file /home/airflow/.local/lib/python3.12/site-packages/airflow/example_dags/example_xcomargs.py for tasks to queue
[2024-12-28T21:36:35.539+0000] {logging_mixin.py:190} INFO - [2024-12-28T21:36:35.539+0000] {dagbag.py:588} INFO - Filling up the DagBag from /home/airflow/.local/lib/python3.12/site-packages/airflow/example_dags/example_xcomargs.py
[2024-12-28T21:36:35.558+0000] {processor.py:925} INFO - DAG(s) 'example_xcom_args_with_operators', 'example_xcom_args' retrieved from /home/airflow/.local/lib/python3.12/site-packages/airflow/example_dags/example_xcomargs.py
[2024-12-28T21:36:35.629+0000] {logging_mixin.py:190} INFO - [2024-12-28T21:36:35.628+0000] {dag.py:3239} INFO - Sync 2 DAGs
[2024-12-28T21:36:35.655+0000] {logging_mixin.py:190} INFO - [2024-12-28T21:36:35.655+0000] {dag.py:4180} INFO - Setting next_dagrun for example_xcom_args to None, run_after=None
[2024-12-28T21:36:35.660+0000] {logging_mixin.py:190} INFO - [2024-12-28T21:36:35.659+0000] {dag.py:4180} INFO - Setting next_dagrun for example_xcom_args_with_operators to None, run_after=None
[2024-12-28T21:36:35.681+0000] {processor.py:208} INFO - Processing /home/airflow/.local/lib/python3.12/site-packages/airflow/example_dags/example_xcomargs.py took 0.163 seconds
