[2024-12-27T03:43:47.137+0000] {local_task_job_runner.py:123} INFO - ::group::Pre task execution logs
[2024-12-27T03:43:47.169+0000] {taskinstance.py:2613} INFO - Dependencies all met for dep_context=non-requeueable deps ti=<TaskInstance: prediction_dag_v1.data_preparation manual__2024-12-27T03:43:43.143920+00:00 [queued]>
[2024-12-27T03:43:47.189+0000] {taskinstance.py:2613} INFO - Dependencies all met for dep_context=requeueable deps ti=<TaskInstance: prediction_dag_v1.data_preparation manual__2024-12-27T03:43:43.143920+00:00 [queued]>
[2024-12-27T03:43:47.192+0000] {taskinstance.py:2866} INFO - Starting attempt 1 of 2
[2024-12-27T03:43:47.219+0000] {taskinstance.py:2889} INFO - Executing <Task(_PythonDecoratedOperator): data_preparation> on 2024-12-27 03:43:43.143920+00:00
[2024-12-27T03:43:47.233+0000] {warnings.py:112} WARNING - /home/***/.local/lib/python3.12/site-packages/***/task/task_runner/standard_task_runner.py:70: DeprecationWarning: This process (pid=217) is multi-threaded, use of fork() may lead to deadlocks in the child.
  pid = os.fork()

[2024-12-27T03:43:47.235+0000] {standard_task_runner.py:72} INFO - Started process 219 to run task
[2024-12-27T03:43:47.235+0000] {standard_task_runner.py:104} INFO - Running: ['***', 'tasks', 'run', 'prediction_dag_v1', 'data_preparation', 'manual__2024-12-27T03:43:43.143920+00:00', '--job-id', '4', '--raw', '--subdir', 'DAGS_FOLDER/02_prediction/02_prediction_v1.py', '--cfg-path', '/tmp/tmpq1feujdf']
[2024-12-27T03:43:47.237+0000] {standard_task_runner.py:105} INFO - Job 4: Subtask data_preparation
[2024-12-27T03:43:47.356+0000] {task_command.py:467} INFO - Running <TaskInstance: prediction_dag_v1.data_preparation manual__2024-12-27T03:43:43.143920+00:00 [running]> on host f83652127260
[2024-12-27T03:43:47.470+0000] {taskinstance.py:3132} INFO - Exporting env vars: AIRFLOW_CTX_DAG_OWNER='cm' AIRFLOW_CTX_DAG_ID='prediction_dag_v1' AIRFLOW_CTX_TASK_ID='data_preparation' AIRFLOW_CTX_EXECUTION_DATE='2024-12-27T03:43:43.143920+00:00' AIRFLOW_CTX_TRY_NUMBER='1' AIRFLOW_CTX_DAG_RUN_ID='manual__2024-12-27T03:43:43.143920+00:00'
[2024-12-27T03:43:47.473+0000] {logging_mixin.py:190} INFO - Task instance is in running state
[2024-12-27T03:43:47.475+0000] {logging_mixin.py:190} INFO -  Previous state of the Task instance: queued
[2024-12-27T03:43:47.476+0000] {logging_mixin.py:190} INFO - Current task name:data_preparation state:running start_date:2024-12-27 03:43:47.171494+00:00
[2024-12-27T03:43:47.478+0000] {logging_mixin.py:190} INFO - Dag name:prediction_dag_v1 and current dag run status:running
[2024-12-27T03:43:47.478+0000] {taskinstance.py:731} INFO - ::endgroup::
[2024-12-27T03:43:47.527+0000] {python.py:240} INFO - Done. Returned value was:              model  year motor_type  ...       type     status motor_volume
0              kia     4     petrol  ...      sedan  excellent          2.0
1           nissan     7     petrol  ...        suv  excellent          2.0
2          hyundai     3     petrol  ...      sedan  excellent          2.0
3              kia     6     petrol  ...      sedan  excellent          2.0
4    mercedes-benz    21     petrol  ...  Universal     normal          1.8
..             ...   ...        ...  ...        ...        ...          ...
406         nissan     3     petrol  ...        suv  excellent          2.0
407        hyundai     7     petrol  ...      sedan  excellent          2.0
408  mercedes-benz    12     petrol  ...      sedan       good          2.0
409            kia     4     petrol  ...      sedan       good          2.0
410        hyundai     7     petrol  ...      sedan  excellent          2.0

[411 rows x 9 columns]
[2024-12-27T03:43:47.991+0000] {taskinstance.py:340} INFO - ::group::Post task execution logs
[2024-12-27T03:43:47.992+0000] {taskinstance.py:352} INFO - Marking task as SUCCESS. dag_id=prediction_dag_v1, task_id=data_preparation, run_id=manual__2024-12-27T03:43:43.143920+00:00, execution_date=20241227T034343, start_date=20241227T034347, end_date=20241227T034347
[2024-12-27T03:43:48.004+0000] {logging_mixin.py:190} INFO - Task instance in success state
[2024-12-27T03:43:48.006+0000] {logging_mixin.py:190} INFO -  Previous state of the Task instance: running
[2024-12-27T03:43:48.007+0000] {logging_mixin.py:190} INFO - Dag name:prediction_dag_v1 queued_at:2024-12-27 03:43:43.156547+00:00
[2024-12-27T03:43:48.009+0000] {logging_mixin.py:190} INFO - Task hostname:f83652127260 operator:_PythonDecoratedOperator
[2024-12-27T03:43:48.054+0000] {local_task_job_runner.py:266} INFO - Task exited with return code 0
[2024-12-27T03:43:48.091+0000] {taskinstance.py:3895} INFO - 1 downstream tasks scheduled from follow-on schedule check
[2024-12-27T03:43:48.095+0000] {local_task_job_runner.py:245} INFO - ::endgroup::
