[2025-01-01T23:48:38.042+0000] {local_task_job_runner.py:123} INFO - ::group::Pre task execution logs
[2025-01-01T23:48:38.059+0000] {taskinstance.py:2613} INFO - Dependencies all met for dep_context=non-requeueable deps ti=<TaskInstance: prediction_dag_v1.extract_execution_date manual__2025-01-01T23:48:35.664202+00:00 [queued]>
[2025-01-01T23:48:38.067+0000] {taskinstance.py:2613} INFO - Dependencies all met for dep_context=requeueable deps ti=<TaskInstance: prediction_dag_v1.extract_execution_date manual__2025-01-01T23:48:35.664202+00:00 [queued]>
[2025-01-01T23:48:38.068+0000] {taskinstance.py:2866} INFO - Starting attempt 1 of 2
[2025-01-01T23:48:38.083+0000] {taskinstance.py:2889} INFO - Executing <Task(_PythonDecoratedOperator): extract_execution_date> on 2025-01-01 23:48:35.664202+00:00
[2025-01-01T23:48:38.090+0000] {warnings.py:112} WARNING - /home/***/.local/lib/python3.12/site-packages/***/task/task_runner/standard_task_runner.py:70: DeprecationWarning: This process (pid=1042) is multi-threaded, use of fork() may lead to deadlocks in the child.
  pid = os.fork()

[2025-01-01T23:48:38.094+0000] {standard_task_runner.py:72} INFO - Started process 1050 to run task
[2025-01-01T23:48:38.097+0000] {standard_task_runner.py:104} INFO - Running: ['***', 'tasks', 'run', 'prediction_dag_v1', 'extract_execution_date', 'manual__2025-01-01T23:48:35.664202+00:00', '--job-id', '40', '--raw', '--subdir', 'DAGS_FOLDER/02_prediction/02_prediction_v1.py', '--cfg-path', '/tmp/tmpictq00gq']
[2025-01-01T23:48:38.100+0000] {standard_task_runner.py:105} INFO - Job 40: Subtask extract_execution_date
[2025-01-01T23:48:38.162+0000] {task_command.py:467} INFO - Running <TaskInstance: prediction_dag_v1.extract_execution_date manual__2025-01-01T23:48:35.664202+00:00 [running]> on host 24eea4b1b7f8
[2025-01-01T23:48:38.257+0000] {taskinstance.py:3132} INFO - Exporting env vars: AIRFLOW_CTX_DAG_OWNER='cm' AIRFLOW_CTX_DAG_ID='prediction_dag_v1' AIRFLOW_CTX_TASK_ID='extract_execution_date' AIRFLOW_CTX_EXECUTION_DATE='2025-01-01T23:48:35.664202+00:00' AIRFLOW_CTX_TRY_NUMBER='1' AIRFLOW_CTX_DAG_RUN_ID='manual__2025-01-01T23:48:35.664202+00:00'
[2025-01-01T23:48:38.258+0000] {logging_mixin.py:190} INFO - Task instance is in running state
[2025-01-01T23:48:38.259+0000] {logging_mixin.py:190} INFO -  Previous state of the Task instance: queued
[2025-01-01T23:48:38.259+0000] {logging_mixin.py:190} INFO - Current task name:extract_execution_date state:running start_date:2025-01-01 23:48:38.059966+00:00
[2025-01-01T23:48:38.260+0000] {logging_mixin.py:190} INFO - Dag name:prediction_dag_v1 and current dag run status:running
[2025-01-01T23:48:38.260+0000] {taskinstance.py:731} INFO - ::endgroup::
[2025-01-01T23:48:38.262+0000] {python.py:240} INFO - Done. Returned value was: 2025-01-01 18:48:35.664202-05:00
[2025-01-01T23:48:38.291+0000] {taskinstance.py:340} INFO - ::group::Post task execution logs
[2025-01-01T23:48:38.292+0000] {taskinstance.py:352} INFO - Marking task as SUCCESS. dag_id=prediction_dag_v1, task_id=extract_execution_date, run_id=manual__2025-01-01T23:48:35.664202+00:00, execution_date=20250101T234835, start_date=20250101T234838, end_date=20250101T234838
[2025-01-01T23:48:38.304+0000] {logging_mixin.py:190} INFO - Task instance in success state
[2025-01-01T23:48:38.305+0000] {logging_mixin.py:190} INFO -  Previous state of the Task instance: running
[2025-01-01T23:48:38.306+0000] {logging_mixin.py:190} INFO - Dag name:prediction_dag_v1 queued_at:2025-01-01 23:48:35.675781+00:00
[2025-01-01T23:48:38.306+0000] {logging_mixin.py:190} INFO - Task hostname:24eea4b1b7f8 operator:_PythonDecoratedOperator
[2025-01-01T23:48:38.354+0000] {local_task_job_runner.py:266} INFO - Task exited with return code 0
[2025-01-01T23:48:38.394+0000] {taskinstance.py:3895} INFO - 0 downstream tasks scheduled from follow-on schedule check
[2025-01-01T23:48:38.397+0000] {local_task_job_runner.py:245} INFO - ::endgroup::
