[2025-01-01T23:27:41.817+0000] {local_task_job_runner.py:123} INFO - ::group::Pre task execution logs
[2025-01-01T23:27:41.857+0000] {taskinstance.py:2613} INFO - Dependencies all met for dep_context=non-requeueable deps ti=<TaskInstance: prediction_dag_v1.evaluate_status2 manual__2025-01-01T23:26:47.120226+00:00 [queued]>
[2025-01-01T23:27:41.878+0000] {taskinstance.py:2613} INFO - Dependencies all met for dep_context=requeueable deps ti=<TaskInstance: prediction_dag_v1.evaluate_status2 manual__2025-01-01T23:26:47.120226+00:00 [queued]>
[2025-01-01T23:27:41.881+0000] {taskinstance.py:2866} INFO - Starting attempt 1 of 2
[2025-01-01T23:27:41.905+0000] {taskinstance.py:2889} INFO - Executing <Task(_PythonDecoratedOperator): evaluate_status2> on 2025-01-01 23:26:47.120226+00:00
[2025-01-01T23:27:41.916+0000] {warnings.py:112} WARNING - /home/***/.local/lib/python3.12/site-packages/***/task/task_runner/standard_task_runner.py:70: DeprecationWarning: This process (pid=210) is multi-threaded, use of fork() may lead to deadlocks in the child.
  pid = os.fork()

[2025-01-01T23:27:41.918+0000] {standard_task_runner.py:104} INFO - Running: ['***', 'tasks', 'run', 'prediction_dag_v1', 'evaluate_status2', 'manual__2025-01-01T23:26:47.120226+00:00', '--job-id', '6', '--raw', '--subdir', 'DAGS_FOLDER/02_prediction/02_prediction_v1.py', '--cfg-path', '/tmp/tmpp_irnf20']
[2025-01-01T23:27:41.938+0000] {standard_task_runner.py:105} INFO - Job 6: Subtask evaluate_status2
[2025-01-01T23:27:41.933+0000] {standard_task_runner.py:72} INFO - Started process 212 to run task
[2025-01-01T23:27:42.019+0000] {task_command.py:467} INFO - Running <TaskInstance: prediction_dag_v1.evaluate_status2 manual__2025-01-01T23:26:47.120226+00:00 [running]> on host 24eea4b1b7f8
[2025-01-01T23:27:42.164+0000] {taskinstance.py:3132} INFO - Exporting env vars: AIRFLOW_CTX_DAG_OWNER='cm' AIRFLOW_CTX_DAG_ID='prediction_dag_v1' AIRFLOW_CTX_TASK_ID='evaluate_status2' AIRFLOW_CTX_EXECUTION_DATE='2025-01-01T23:26:47.120226+00:00' AIRFLOW_CTX_TRY_NUMBER='1' AIRFLOW_CTX_DAG_RUN_ID='manual__2025-01-01T23:26:47.120226+00:00'
[2025-01-01T23:27:42.168+0000] {logging_mixin.py:190} INFO - Task instance is in running state
[2025-01-01T23:27:42.169+0000] {logging_mixin.py:190} INFO -  Previous state of the Task instance: queued
[2025-01-01T23:27:42.171+0000] {logging_mixin.py:190} INFO - Current task name:evaluate_status2 state:running start_date:2025-01-01 23:27:41.860086+00:00
[2025-01-01T23:27:42.172+0000] {logging_mixin.py:190} INFO - Dag name:prediction_dag_v1 and current dag run status:running
[2025-01-01T23:27:42.173+0000] {taskinstance.py:731} INFO - ::endgroup::
[2025-01-01T23:27:42.191+0000] {logging_mixin.py:190} INFO - Sin predicción
[2025-01-01T23:27:42.195+0000] {python.py:240} INFO - Done. Returned value was: None
[2025-01-01T23:27:42.207+0000] {taskinstance.py:340} INFO - ::group::Post task execution logs
[2025-01-01T23:27:42.208+0000] {taskinstance.py:352} INFO - Marking task as SUCCESS. dag_id=prediction_dag_v1, task_id=evaluate_status2, run_id=manual__2025-01-01T23:26:47.120226+00:00, execution_date=20250101T232647, start_date=20250101T232741, end_date=20250101T232742
[2025-01-01T23:27:42.226+0000] {logging_mixin.py:190} INFO - Task instance in success state
[2025-01-01T23:27:42.227+0000] {logging_mixin.py:190} INFO -  Previous state of the Task instance: running
[2025-01-01T23:27:42.229+0000] {logging_mixin.py:190} INFO - Dag name:prediction_dag_v1 queued_at:2025-01-01 23:26:47.145813+00:00
[2025-01-01T23:27:42.231+0000] {logging_mixin.py:190} INFO - Task hostname:24eea4b1b7f8 operator:_PythonDecoratedOperator
[2025-01-01T23:27:42.278+0000] {local_task_job_runner.py:266} INFO - Task exited with return code 0
[2025-01-01T23:27:42.310+0000] {taskinstance.py:3895} INFO - 0 downstream tasks scheduled from follow-on schedule check
[2025-01-01T23:27:42.314+0000] {local_task_job_runner.py:245} INFO - ::endgroup::
