[2024-12-28T21:07:38.457+0000] {local_task_job_runner.py:123} INFO - ::group::Pre task execution logs
[2024-12-28T21:07:38.492+0000] {taskinstance.py:2613} INFO - Dependencies all met for dep_context=non-requeueable deps ti=<TaskInstance: prediction_dag_v1.data_preparation manual__2024-12-28T21:07:32.187718+00:00 [queued]>
[2024-12-28T21:07:38.507+0000] {taskinstance.py:2613} INFO - Dependencies all met for dep_context=requeueable deps ti=<TaskInstance: prediction_dag_v1.data_preparation manual__2024-12-28T21:07:32.187718+00:00 [queued]>
[2024-12-28T21:07:38.508+0000] {taskinstance.py:2866} INFO - Starting attempt 1 of 2
[2024-12-28T21:07:38.523+0000] {taskinstance.py:2889} INFO - Executing <Task(_PythonDecoratedOperator): data_preparation> on 2024-12-28 21:07:32.187718+00:00
[2024-12-28T21:07:38.529+0000] {warnings.py:112} WARNING - /home/***/.local/lib/python3.12/site-packages/***/task/task_runner/standard_task_runner.py:70: DeprecationWarning: This process (pid=109) is multi-threaded, use of fork() may lead to deadlocks in the child.
  pid = os.fork()

[2024-12-28T21:07:38.532+0000] {standard_task_runner.py:72} INFO - Started process 111 to run task
[2024-12-28T21:07:38.531+0000] {standard_task_runner.py:104} INFO - Running: ['***', 'tasks', 'run', 'prediction_dag_v1', 'data_preparation', 'manual__2024-12-28T21:07:32.187718+00:00', '--job-id', '3', '--raw', '--subdir', 'DAGS_FOLDER/02_prediction/02_prediction_v1.py', '--cfg-path', '/tmp/tmpj765pgxw']
[2024-12-28T21:07:38.533+0000] {standard_task_runner.py:105} INFO - Job 3: Subtask data_preparation
[2024-12-28T21:07:38.604+0000] {task_command.py:467} INFO - Running <TaskInstance: prediction_dag_v1.data_preparation manual__2024-12-28T21:07:32.187718+00:00 [running]> on host cdcf898286b8
[2024-12-28T21:07:38.720+0000] {taskinstance.py:3132} INFO - Exporting env vars: AIRFLOW_CTX_DAG_OWNER='cm' AIRFLOW_CTX_DAG_ID='prediction_dag_v1' AIRFLOW_CTX_TASK_ID='data_preparation' AIRFLOW_CTX_EXECUTION_DATE='2024-12-28T21:07:32.187718+00:00' AIRFLOW_CTX_TRY_NUMBER='1' AIRFLOW_CTX_DAG_RUN_ID='manual__2024-12-28T21:07:32.187718+00:00'
[2024-12-28T21:07:38.740+0000] {logging_mixin.py:190} INFO - Task instance is in running state
[2024-12-28T21:07:38.743+0000] {logging_mixin.py:190} INFO -  Previous state of the Task instance: queued
[2024-12-28T21:07:38.756+0000] {logging_mixin.py:190} INFO - Current task name:data_preparation state:running start_date:2024-12-28 21:07:38.495193+00:00
[2024-12-28T21:07:38.757+0000] {logging_mixin.py:190} INFO - Dag name:prediction_dag_v1 and current dag run status:running
[2024-12-28T21:07:38.759+0000] {taskinstance.py:731} INFO - ::endgroup::
[2024-12-28T21:07:38.797+0000] {python.py:240} INFO - Done. Returned value was:              model  year motor_type  ...     status motor_volume        date
0              kia     4     petrol  ...  excellent          2.0  2024-12-28
1           nissan     7     petrol  ...  excellent          2.0  2024-12-28
2          hyundai     3     petrol  ...  excellent          2.0  2024-12-28
3              kia     6     petrol  ...  excellent          2.0  2024-12-28
4    mercedes-benz    21     petrol  ...     normal          1.8  2024-12-28
..             ...   ...        ...  ...        ...          ...         ...
406         nissan     3     petrol  ...  excellent          2.0  2024-12-28
407        hyundai     7     petrol  ...  excellent          2.0  2024-12-28
408  mercedes-benz    12     petrol  ...       good          2.0  2024-12-28
409            kia     4     petrol  ...       good          2.0  2024-12-28
410        hyundai     7     petrol  ...  excellent          2.0  2024-12-28

[411 rows x 10 columns]
[2024-12-28T21:07:39.025+0000] {taskinstance.py:340} INFO - ::group::Post task execution logs
[2024-12-28T21:07:39.026+0000] {taskinstance.py:352} INFO - Marking task as SUCCESS. dag_id=prediction_dag_v1, task_id=data_preparation, run_id=manual__2024-12-28T21:07:32.187718+00:00, execution_date=20241228T210732, start_date=20241228T210738, end_date=20241228T210739
[2024-12-28T21:07:39.037+0000] {logging_mixin.py:190} INFO - Task instance in success state
[2024-12-28T21:07:39.038+0000] {logging_mixin.py:190} INFO -  Previous state of the Task instance: running
[2024-12-28T21:07:39.039+0000] {logging_mixin.py:190} INFO - Dag name:prediction_dag_v1 queued_at:2024-12-28 21:07:32.217980+00:00
[2024-12-28T21:07:39.040+0000] {logging_mixin.py:190} INFO - Task hostname:cdcf898286b8 operator:_PythonDecoratedOperator
[2024-12-28T21:07:39.069+0000] {local_task_job_runner.py:266} INFO - Task exited with return code 0
[2024-12-28T21:07:39.089+0000] {taskinstance.py:3895} INFO - 1 downstream tasks scheduled from follow-on schedule check
[2024-12-28T21:07:39.092+0000] {local_task_job_runner.py:245} INFO - ::endgroup::
