[2024-12-28T21:05:08.267+0000] {processor.py:186} INFO - Started process (PID=78) to work on /opt/airflow/dags/common/prediction_task.py
[2024-12-28T21:05:08.270+0000] {processor.py:914} INFO - Processing file /opt/airflow/dags/common/prediction_task.py for tasks to queue
[2024-12-28T21:05:08.279+0000] {logging_mixin.py:190} INFO - [2024-12-28T21:05:08.278+0000] {dagbag.py:588} INFO - Filling up the DagBag from /opt/airflow/dags/common/prediction_task.py
[2024-12-28T21:05:08.417+0000] {processor.py:927} WARNING - No viable dags retrieved from /opt/airflow/dags/common/prediction_task.py
[2024-12-28T21:05:08.466+0000] {processor.py:208} INFO - Processing /opt/airflow/dags/common/prediction_task.py took 0.227 seconds
[2024-12-28T21:05:39.414+0000] {processor.py:186} INFO - Started process (PID=147) to work on /opt/airflow/dags/common/prediction_task.py
[2024-12-28T21:05:39.416+0000] {processor.py:914} INFO - Processing file /opt/airflow/dags/common/prediction_task.py for tasks to queue
[2024-12-28T21:05:39.423+0000] {logging_mixin.py:190} INFO - [2024-12-28T21:05:39.422+0000] {dagbag.py:588} INFO - Filling up the DagBag from /opt/airflow/dags/common/prediction_task.py
[2024-12-28T21:05:39.470+0000] {processor.py:927} WARNING - No viable dags retrieved from /opt/airflow/dags/common/prediction_task.py
[2024-12-28T21:05:39.498+0000] {processor.py:208} INFO - Processing /opt/airflow/dags/common/prediction_task.py took 0.095 seconds
[2024-12-28T21:06:10.567+0000] {processor.py:186} INFO - Started process (PID=216) to work on /opt/airflow/dags/common/prediction_task.py
[2024-12-28T21:06:10.570+0000] {processor.py:914} INFO - Processing file /opt/airflow/dags/common/prediction_task.py for tasks to queue
[2024-12-28T21:06:10.574+0000] {logging_mixin.py:190} INFO - [2024-12-28T21:06:10.573+0000] {dagbag.py:588} INFO - Filling up the DagBag from /opt/airflow/dags/common/prediction_task.py
[2024-12-28T21:06:10.609+0000] {processor.py:927} WARNING - No viable dags retrieved from /opt/airflow/dags/common/prediction_task.py
[2024-12-28T21:06:10.623+0000] {processor.py:208} INFO - Processing /opt/airflow/dags/common/prediction_task.py took 0.065 seconds
[2024-12-28T21:06:41.063+0000] {processor.py:186} INFO - Started process (PID=291) to work on /opt/airflow/dags/common/prediction_task.py
[2024-12-28T21:06:41.066+0000] {processor.py:914} INFO - Processing file /opt/airflow/dags/common/prediction_task.py for tasks to queue
[2024-12-28T21:06:41.072+0000] {logging_mixin.py:190} INFO - [2024-12-28T21:06:41.071+0000] {dagbag.py:588} INFO - Filling up the DagBag from /opt/airflow/dags/common/prediction_task.py
[2024-12-28T21:06:41.133+0000] {processor.py:927} WARNING - No viable dags retrieved from /opt/airflow/dags/common/prediction_task.py
[2024-12-28T21:06:41.152+0000] {processor.py:208} INFO - Processing /opt/airflow/dags/common/prediction_task.py took 0.102 seconds
[2024-12-28T21:06:59.880+0000] {processor.py:186} INFO - Started process (PID=354) to work on /opt/airflow/dags/common/prediction_task.py
[2024-12-28T21:06:59.882+0000] {processor.py:914} INFO - Processing file /opt/airflow/dags/common/prediction_task.py for tasks to queue
[2024-12-28T21:06:59.886+0000] {logging_mixin.py:190} INFO - [2024-12-28T21:06:59.886+0000] {dagbag.py:588} INFO - Filling up the DagBag from /opt/airflow/dags/common/prediction_task.py
[2024-12-28T21:06:59.959+0000] {processor.py:927} WARNING - No viable dags retrieved from /opt/airflow/dags/common/prediction_task.py
[2024-12-28T21:06:59.983+0000] {processor.py:208} INFO - Processing /opt/airflow/dags/common/prediction_task.py took 0.109 seconds
[2024-12-28T21:07:30.238+0000] {processor.py:186} INFO - Started process (PID=423) to work on /opt/airflow/dags/common/prediction_task.py
[2024-12-28T21:07:30.241+0000] {processor.py:914} INFO - Processing file /opt/airflow/dags/common/prediction_task.py for tasks to queue
[2024-12-28T21:07:30.246+0000] {logging_mixin.py:190} INFO - [2024-12-28T21:07:30.245+0000] {dagbag.py:588} INFO - Filling up the DagBag from /opt/airflow/dags/common/prediction_task.py
[2024-12-28T21:07:30.341+0000] {processor.py:927} WARNING - No viable dags retrieved from /opt/airflow/dags/common/prediction_task.py
[2024-12-28T21:07:30.369+0000] {processor.py:208} INFO - Processing /opt/airflow/dags/common/prediction_task.py took 0.143 seconds
[2024-12-28T21:08:00.589+0000] {processor.py:186} INFO - Started process (PID=492) to work on /opt/airflow/dags/common/prediction_task.py
[2024-12-28T21:08:00.591+0000] {processor.py:914} INFO - Processing file /opt/airflow/dags/common/prediction_task.py for tasks to queue
[2024-12-28T21:08:00.593+0000] {logging_mixin.py:190} INFO - [2024-12-28T21:08:00.593+0000] {dagbag.py:588} INFO - Filling up the DagBag from /opt/airflow/dags/common/prediction_task.py
[2024-12-28T21:08:00.642+0000] {processor.py:927} WARNING - No viable dags retrieved from /opt/airflow/dags/common/prediction_task.py
[2024-12-28T21:08:00.663+0000] {processor.py:208} INFO - Processing /opt/airflow/dags/common/prediction_task.py took 0.082 seconds
[2024-12-28T21:08:31.288+0000] {processor.py:186} INFO - Started process (PID=561) to work on /opt/airflow/dags/common/prediction_task.py
[2024-12-28T21:08:31.291+0000] {processor.py:914} INFO - Processing file /opt/airflow/dags/common/prediction_task.py for tasks to queue
[2024-12-28T21:08:31.297+0000] {logging_mixin.py:190} INFO - [2024-12-28T21:08:31.297+0000] {dagbag.py:588} INFO - Filling up the DagBag from /opt/airflow/dags/common/prediction_task.py
[2024-12-28T21:08:31.361+0000] {processor.py:927} WARNING - No viable dags retrieved from /opt/airflow/dags/common/prediction_task.py
[2024-12-28T21:08:31.390+0000] {processor.py:208} INFO - Processing /opt/airflow/dags/common/prediction_task.py took 0.120 seconds
[2024-12-28T21:09:01.865+0000] {processor.py:186} INFO - Started process (PID=631) to work on /opt/airflow/dags/common/prediction_task.py
[2024-12-28T21:09:01.867+0000] {processor.py:914} INFO - Processing file /opt/airflow/dags/common/prediction_task.py for tasks to queue
[2024-12-28T21:09:01.869+0000] {logging_mixin.py:190} INFO - [2024-12-28T21:09:01.869+0000] {dagbag.py:588} INFO - Filling up the DagBag from /opt/airflow/dags/common/prediction_task.py
[2024-12-28T21:09:01.896+0000] {processor.py:927} WARNING - No viable dags retrieved from /opt/airflow/dags/common/prediction_task.py
[2024-12-28T21:09:01.910+0000] {processor.py:208} INFO - Processing /opt/airflow/dags/common/prediction_task.py took 0.053 seconds
[2024-12-28T21:09:33.024+0000] {processor.py:186} INFO - Started process (PID=688) to work on /opt/airflow/dags/common/prediction_task.py
[2024-12-28T21:09:33.027+0000] {processor.py:914} INFO - Processing file /opt/airflow/dags/common/prediction_task.py for tasks to queue
[2024-12-28T21:09:33.035+0000] {logging_mixin.py:190} INFO - [2024-12-28T21:09:33.034+0000] {dagbag.py:588} INFO - Filling up the DagBag from /opt/airflow/dags/common/prediction_task.py
[2024-12-28T21:09:33.113+0000] {processor.py:927} WARNING - No viable dags retrieved from /opt/airflow/dags/common/prediction_task.py
[2024-12-28T21:09:33.169+0000] {processor.py:208} INFO - Processing /opt/airflow/dags/common/prediction_task.py took 0.159 seconds
[2024-12-28T21:10:04.296+0000] {processor.py:186} INFO - Started process (PID=754) to work on /opt/airflow/dags/common/prediction_task.py
[2024-12-28T21:10:04.299+0000] {processor.py:914} INFO - Processing file /opt/airflow/dags/common/prediction_task.py for tasks to queue
[2024-12-28T21:10:04.303+0000] {logging_mixin.py:190} INFO - [2024-12-28T21:10:04.303+0000] {dagbag.py:588} INFO - Filling up the DagBag from /opt/airflow/dags/common/prediction_task.py
[2024-12-28T21:10:04.387+0000] {processor.py:927} WARNING - No viable dags retrieved from /opt/airflow/dags/common/prediction_task.py
[2024-12-28T21:10:04.417+0000] {processor.py:208} INFO - Processing /opt/airflow/dags/common/prediction_task.py took 0.134 seconds
[2024-12-28T21:10:35.337+0000] {processor.py:186} INFO - Started process (PID=821) to work on /opt/airflow/dags/common/prediction_task.py
[2024-12-28T21:10:35.339+0000] {processor.py:914} INFO - Processing file /opt/airflow/dags/common/prediction_task.py for tasks to queue
[2024-12-28T21:10:35.343+0000] {logging_mixin.py:190} INFO - [2024-12-28T21:10:35.342+0000] {dagbag.py:588} INFO - Filling up the DagBag from /opt/airflow/dags/common/prediction_task.py
[2024-12-28T21:10:35.381+0000] {processor.py:927} WARNING - No viable dags retrieved from /opt/airflow/dags/common/prediction_task.py
[2024-12-28T21:10:35.402+0000] {processor.py:208} INFO - Processing /opt/airflow/dags/common/prediction_task.py took 0.072 seconds
[2024-12-28T21:11:05.594+0000] {processor.py:186} INFO - Started process (PID=883) to work on /opt/airflow/dags/common/prediction_task.py
[2024-12-28T21:11:05.599+0000] {processor.py:914} INFO - Processing file /opt/airflow/dags/common/prediction_task.py for tasks to queue
[2024-12-28T21:11:05.605+0000] {logging_mixin.py:190} INFO - [2024-12-28T21:11:05.604+0000] {dagbag.py:588} INFO - Filling up the DagBag from /opt/airflow/dags/common/prediction_task.py
[2024-12-28T21:11:05.644+0000] {processor.py:927} WARNING - No viable dags retrieved from /opt/airflow/dags/common/prediction_task.py
[2024-12-28T21:11:05.666+0000] {processor.py:208} INFO - Processing /opt/airflow/dags/common/prediction_task.py took 0.083 seconds
[2024-12-28T21:11:36.537+0000] {processor.py:186} INFO - Started process (PID=952) to work on /opt/airflow/dags/common/prediction_task.py
[2024-12-28T21:11:36.539+0000] {processor.py:914} INFO - Processing file /opt/airflow/dags/common/prediction_task.py for tasks to queue
[2024-12-28T21:11:36.544+0000] {logging_mixin.py:190} INFO - [2024-12-28T21:11:36.543+0000] {dagbag.py:588} INFO - Filling up the DagBag from /opt/airflow/dags/common/prediction_task.py
[2024-12-28T21:11:36.586+0000] {processor.py:927} WARNING - No viable dags retrieved from /opt/airflow/dags/common/prediction_task.py
[2024-12-28T21:11:36.599+0000] {processor.py:208} INFO - Processing /opt/airflow/dags/common/prediction_task.py took 0.074 seconds
[2024-12-28T21:12:06.976+0000] {processor.py:186} INFO - Started process (PID=1021) to work on /opt/airflow/dags/common/prediction_task.py
[2024-12-28T21:12:06.979+0000] {processor.py:914} INFO - Processing file /opt/airflow/dags/common/prediction_task.py for tasks to queue
[2024-12-28T21:12:06.984+0000] {logging_mixin.py:190} INFO - [2024-12-28T21:12:06.984+0000] {dagbag.py:588} INFO - Filling up the DagBag from /opt/airflow/dags/common/prediction_task.py
[2024-12-28T21:12:07.067+0000] {processor.py:927} WARNING - No viable dags retrieved from /opt/airflow/dags/common/prediction_task.py
[2024-12-28T21:12:07.096+0000] {processor.py:208} INFO - Processing /opt/airflow/dags/common/prediction_task.py took 0.137 seconds
[2024-12-28T21:12:37.566+0000] {processor.py:186} INFO - Started process (PID=1089) to work on /opt/airflow/dags/common/prediction_task.py
[2024-12-28T21:12:37.569+0000] {processor.py:914} INFO - Processing file /opt/airflow/dags/common/prediction_task.py for tasks to queue
[2024-12-28T21:12:37.574+0000] {logging_mixin.py:190} INFO - [2024-12-28T21:12:37.574+0000] {dagbag.py:588} INFO - Filling up the DagBag from /opt/airflow/dags/common/prediction_task.py
[2024-12-28T21:12:37.644+0000] {processor.py:927} WARNING - No viable dags retrieved from /opt/airflow/dags/common/prediction_task.py
[2024-12-28T21:12:37.664+0000] {processor.py:208} INFO - Processing /opt/airflow/dags/common/prediction_task.py took 0.107 seconds
[2024-12-28T21:13:07.788+0000] {processor.py:186} INFO - Started process (PID=1151) to work on /opt/airflow/dags/common/prediction_task.py
[2024-12-28T21:13:07.789+0000] {processor.py:914} INFO - Processing file /opt/airflow/dags/common/prediction_task.py for tasks to queue
[2024-12-28T21:13:07.792+0000] {logging_mixin.py:190} INFO - [2024-12-28T21:13:07.792+0000] {dagbag.py:588} INFO - Filling up the DagBag from /opt/airflow/dags/common/prediction_task.py
[2024-12-28T21:13:07.836+0000] {processor.py:927} WARNING - No viable dags retrieved from /opt/airflow/dags/common/prediction_task.py
[2024-12-28T21:13:07.852+0000] {processor.py:208} INFO - Processing /opt/airflow/dags/common/prediction_task.py took 0.073 seconds
[2024-12-28T21:13:38.249+0000] {processor.py:186} INFO - Started process (PID=1220) to work on /opt/airflow/dags/common/prediction_task.py
[2024-12-28T21:13:38.251+0000] {processor.py:914} INFO - Processing file /opt/airflow/dags/common/prediction_task.py for tasks to queue
[2024-12-28T21:13:38.254+0000] {logging_mixin.py:190} INFO - [2024-12-28T21:13:38.254+0000] {dagbag.py:588} INFO - Filling up the DagBag from /opt/airflow/dags/common/prediction_task.py
[2024-12-28T21:13:38.294+0000] {processor.py:927} WARNING - No viable dags retrieved from /opt/airflow/dags/common/prediction_task.py
[2024-12-28T21:13:38.324+0000] {processor.py:208} INFO - Processing /opt/airflow/dags/common/prediction_task.py took 0.083 seconds
[2024-12-28T21:14:09.541+0000] {processor.py:186} INFO - Started process (PID=1284) to work on /opt/airflow/dags/common/prediction_task.py
[2024-12-28T21:14:09.543+0000] {processor.py:914} INFO - Processing file /opt/airflow/dags/common/prediction_task.py for tasks to queue
[2024-12-28T21:14:09.545+0000] {logging_mixin.py:190} INFO - [2024-12-28T21:14:09.545+0000] {dagbag.py:588} INFO - Filling up the DagBag from /opt/airflow/dags/common/prediction_task.py
[2024-12-28T21:14:09.583+0000] {processor.py:927} WARNING - No viable dags retrieved from /opt/airflow/dags/common/prediction_task.py
[2024-12-28T21:14:09.603+0000] {processor.py:208} INFO - Processing /opt/airflow/dags/common/prediction_task.py took 0.073 seconds
[2024-12-28T21:14:40.944+0000] {processor.py:186} INFO - Started process (PID=1352) to work on /opt/airflow/dags/common/prediction_task.py
[2024-12-28T21:14:40.945+0000] {processor.py:914} INFO - Processing file /opt/airflow/dags/common/prediction_task.py for tasks to queue
[2024-12-28T21:14:40.948+0000] {logging_mixin.py:190} INFO - [2024-12-28T21:14:40.948+0000] {dagbag.py:588} INFO - Filling up the DagBag from /opt/airflow/dags/common/prediction_task.py
[2024-12-28T21:14:40.999+0000] {processor.py:927} WARNING - No viable dags retrieved from /opt/airflow/dags/common/prediction_task.py
[2024-12-28T21:14:41.030+0000] {processor.py:208} INFO - Processing /opt/airflow/dags/common/prediction_task.py took 0.092 seconds
[2024-12-28T21:15:12.631+0000] {processor.py:186} INFO - Started process (PID=1421) to work on /opt/airflow/dags/common/prediction_task.py
[2024-12-28T21:15:12.634+0000] {processor.py:914} INFO - Processing file /opt/airflow/dags/common/prediction_task.py for tasks to queue
[2024-12-28T21:15:12.640+0000] {logging_mixin.py:190} INFO - [2024-12-28T21:15:12.639+0000] {dagbag.py:588} INFO - Filling up the DagBag from /opt/airflow/dags/common/prediction_task.py
[2024-12-28T21:15:12.712+0000] {processor.py:927} WARNING - No viable dags retrieved from /opt/airflow/dags/common/prediction_task.py
[2024-12-28T21:15:12.726+0000] {processor.py:208} INFO - Processing /opt/airflow/dags/common/prediction_task.py took 0.108 seconds
[2024-12-28T21:15:42.891+0000] {processor.py:186} INFO - Started process (PID=1489) to work on /opt/airflow/dags/common/prediction_task.py
[2024-12-28T21:15:42.894+0000] {processor.py:914} INFO - Processing file /opt/airflow/dags/common/prediction_task.py for tasks to queue
[2024-12-28T21:15:42.902+0000] {logging_mixin.py:190} INFO - [2024-12-28T21:15:42.902+0000] {dagbag.py:588} INFO - Filling up the DagBag from /opt/airflow/dags/common/prediction_task.py
[2024-12-28T21:15:43.010+0000] {processor.py:927} WARNING - No viable dags retrieved from /opt/airflow/dags/common/prediction_task.py
[2024-12-28T21:15:43.028+0000] {processor.py:208} INFO - Processing /opt/airflow/dags/common/prediction_task.py took 0.150 seconds
[2024-12-28T21:16:13.132+0000] {processor.py:186} INFO - Started process (PID=1558) to work on /opt/airflow/dags/common/prediction_task.py
[2024-12-28T21:16:13.134+0000] {processor.py:914} INFO - Processing file /opt/airflow/dags/common/prediction_task.py for tasks to queue
[2024-12-28T21:16:13.137+0000] {logging_mixin.py:190} INFO - [2024-12-28T21:16:13.137+0000] {dagbag.py:588} INFO - Filling up the DagBag from /opt/airflow/dags/common/prediction_task.py
[2024-12-28T21:16:13.162+0000] {processor.py:927} WARNING - No viable dags retrieved from /opt/airflow/dags/common/prediction_task.py
[2024-12-28T21:16:13.179+0000] {processor.py:208} INFO - Processing /opt/airflow/dags/common/prediction_task.py took 0.053 seconds
[2024-12-28T21:16:44.125+0000] {processor.py:186} INFO - Started process (PID=1627) to work on /opt/airflow/dags/common/prediction_task.py
[2024-12-28T21:16:44.129+0000] {processor.py:914} INFO - Processing file /opt/airflow/dags/common/prediction_task.py for tasks to queue
[2024-12-28T21:16:44.138+0000] {logging_mixin.py:190} INFO - [2024-12-28T21:16:44.137+0000] {dagbag.py:588} INFO - Filling up the DagBag from /opt/airflow/dags/common/prediction_task.py
[2024-12-28T21:16:44.188+0000] {processor.py:927} WARNING - No viable dags retrieved from /opt/airflow/dags/common/prediction_task.py
[2024-12-28T21:16:44.207+0000] {processor.py:208} INFO - Processing /opt/airflow/dags/common/prediction_task.py took 0.102 seconds
[2024-12-28T21:17:14.887+0000] {processor.py:186} INFO - Started process (PID=1696) to work on /opt/airflow/dags/common/prediction_task.py
[2024-12-28T21:17:14.889+0000] {processor.py:914} INFO - Processing file /opt/airflow/dags/common/prediction_task.py for tasks to queue
[2024-12-28T21:17:14.894+0000] {logging_mixin.py:190} INFO - [2024-12-28T21:17:14.894+0000] {dagbag.py:588} INFO - Filling up the DagBag from /opt/airflow/dags/common/prediction_task.py
[2024-12-28T21:17:14.922+0000] {processor.py:927} WARNING - No viable dags retrieved from /opt/airflow/dags/common/prediction_task.py
[2024-12-28T21:17:14.945+0000] {processor.py:208} INFO - Processing /opt/airflow/dags/common/prediction_task.py took 0.068 seconds
[2024-12-28T21:17:45.155+0000] {processor.py:186} INFO - Started process (PID=1765) to work on /opt/airflow/dags/common/prediction_task.py
[2024-12-28T21:17:45.157+0000] {processor.py:914} INFO - Processing file /opt/airflow/dags/common/prediction_task.py for tasks to queue
[2024-12-28T21:17:45.161+0000] {logging_mixin.py:190} INFO - [2024-12-28T21:17:45.161+0000] {dagbag.py:588} INFO - Filling up the DagBag from /opt/airflow/dags/common/prediction_task.py
[2024-12-28T21:17:45.200+0000] {processor.py:927} WARNING - No viable dags retrieved from /opt/airflow/dags/common/prediction_task.py
[2024-12-28T21:17:45.216+0000] {processor.py:208} INFO - Processing /opt/airflow/dags/common/prediction_task.py took 0.070 seconds
[2024-12-28T21:18:15.838+0000] {processor.py:186} INFO - Started process (PID=1834) to work on /opt/airflow/dags/common/prediction_task.py
[2024-12-28T21:18:15.841+0000] {processor.py:914} INFO - Processing file /opt/airflow/dags/common/prediction_task.py for tasks to queue
[2024-12-28T21:18:15.846+0000] {logging_mixin.py:190} INFO - [2024-12-28T21:18:15.845+0000] {dagbag.py:588} INFO - Filling up the DagBag from /opt/airflow/dags/common/prediction_task.py
[2024-12-28T21:18:15.905+0000] {processor.py:927} WARNING - No viable dags retrieved from /opt/airflow/dags/common/prediction_task.py
[2024-12-28T21:18:15.927+0000] {processor.py:208} INFO - Processing /opt/airflow/dags/common/prediction_task.py took 0.101 seconds
[2024-12-28T21:18:46.622+0000] {processor.py:186} INFO - Started process (PID=1903) to work on /opt/airflow/dags/common/prediction_task.py
[2024-12-28T21:18:46.624+0000] {processor.py:914} INFO - Processing file /opt/airflow/dags/common/prediction_task.py for tasks to queue
[2024-12-28T21:18:46.627+0000] {logging_mixin.py:190} INFO - [2024-12-28T21:18:46.627+0000] {dagbag.py:588} INFO - Filling up the DagBag from /opt/airflow/dags/common/prediction_task.py
[2024-12-28T21:18:46.671+0000] {processor.py:927} WARNING - No viable dags retrieved from /opt/airflow/dags/common/prediction_task.py
[2024-12-28T21:18:46.698+0000] {processor.py:208} INFO - Processing /opt/airflow/dags/common/prediction_task.py took 0.089 seconds
[2024-12-28T21:19:17.597+0000] {processor.py:186} INFO - Started process (PID=1972) to work on /opt/airflow/dags/common/prediction_task.py
[2024-12-28T21:19:17.599+0000] {processor.py:914} INFO - Processing file /opt/airflow/dags/common/prediction_task.py for tasks to queue
[2024-12-28T21:19:17.604+0000] {logging_mixin.py:190} INFO - [2024-12-28T21:19:17.604+0000] {dagbag.py:588} INFO - Filling up the DagBag from /opt/airflow/dags/common/prediction_task.py
[2024-12-28T21:19:17.642+0000] {processor.py:927} WARNING - No viable dags retrieved from /opt/airflow/dags/common/prediction_task.py
[2024-12-28T21:19:17.668+0000] {processor.py:208} INFO - Processing /opt/airflow/dags/common/prediction_task.py took 0.085 seconds
[2024-12-28T21:19:48.142+0000] {processor.py:186} INFO - Started process (PID=2041) to work on /opt/airflow/dags/common/prediction_task.py
[2024-12-28T21:19:48.144+0000] {processor.py:914} INFO - Processing file /opt/airflow/dags/common/prediction_task.py for tasks to queue
[2024-12-28T21:19:48.147+0000] {logging_mixin.py:190} INFO - [2024-12-28T21:19:48.147+0000] {dagbag.py:588} INFO - Filling up the DagBag from /opt/airflow/dags/common/prediction_task.py
[2024-12-28T21:19:48.183+0000] {processor.py:927} WARNING - No viable dags retrieved from /opt/airflow/dags/common/prediction_task.py
[2024-12-28T21:19:48.202+0000] {processor.py:208} INFO - Processing /opt/airflow/dags/common/prediction_task.py took 0.067 seconds
[2024-12-28T21:20:18.505+0000] {processor.py:186} INFO - Started process (PID=2110) to work on /opt/airflow/dags/common/prediction_task.py
[2024-12-28T21:20:18.509+0000] {processor.py:914} INFO - Processing file /opt/airflow/dags/common/prediction_task.py for tasks to queue
[2024-12-28T21:20:18.515+0000] {logging_mixin.py:190} INFO - [2024-12-28T21:20:18.515+0000] {dagbag.py:588} INFO - Filling up the DagBag from /opt/airflow/dags/common/prediction_task.py
[2024-12-28T21:20:18.587+0000] {processor.py:927} WARNING - No viable dags retrieved from /opt/airflow/dags/common/prediction_task.py
[2024-12-28T21:20:18.620+0000] {processor.py:208} INFO - Processing /opt/airflow/dags/common/prediction_task.py took 0.129 seconds
[2024-12-28T21:20:48.980+0000] {processor.py:186} INFO - Started process (PID=2179) to work on /opt/airflow/dags/common/prediction_task.py
[2024-12-28T21:20:48.982+0000] {processor.py:914} INFO - Processing file /opt/airflow/dags/common/prediction_task.py for tasks to queue
[2024-12-28T21:20:48.986+0000] {logging_mixin.py:190} INFO - [2024-12-28T21:20:48.985+0000] {dagbag.py:588} INFO - Filling up the DagBag from /opt/airflow/dags/common/prediction_task.py
[2024-12-28T21:20:49.042+0000] {processor.py:927} WARNING - No viable dags retrieved from /opt/airflow/dags/common/prediction_task.py
[2024-12-28T21:20:49.061+0000] {processor.py:208} INFO - Processing /opt/airflow/dags/common/prediction_task.py took 0.092 seconds
[2024-12-28T21:21:19.602+0000] {processor.py:186} INFO - Started process (PID=2248) to work on /opt/airflow/dags/common/prediction_task.py
[2024-12-28T21:21:19.604+0000] {processor.py:914} INFO - Processing file /opt/airflow/dags/common/prediction_task.py for tasks to queue
[2024-12-28T21:21:19.607+0000] {logging_mixin.py:190} INFO - [2024-12-28T21:21:19.607+0000] {dagbag.py:588} INFO - Filling up the DagBag from /opt/airflow/dags/common/prediction_task.py
[2024-12-28T21:21:19.634+0000] {processor.py:927} WARNING - No viable dags retrieved from /opt/airflow/dags/common/prediction_task.py
[2024-12-28T21:21:19.648+0000] {processor.py:208} INFO - Processing /opt/airflow/dags/common/prediction_task.py took 0.053 seconds
[2024-12-28T21:21:50.281+0000] {processor.py:186} INFO - Started process (PID=2317) to work on /opt/airflow/dags/common/prediction_task.py
[2024-12-28T21:21:50.283+0000] {processor.py:914} INFO - Processing file /opt/airflow/dags/common/prediction_task.py for tasks to queue
[2024-12-28T21:21:50.286+0000] {logging_mixin.py:190} INFO - [2024-12-28T21:21:50.285+0000] {dagbag.py:588} INFO - Filling up the DagBag from /opt/airflow/dags/common/prediction_task.py
[2024-12-28T21:21:50.326+0000] {processor.py:927} WARNING - No viable dags retrieved from /opt/airflow/dags/common/prediction_task.py
[2024-12-28T21:21:50.343+0000] {processor.py:208} INFO - Processing /opt/airflow/dags/common/prediction_task.py took 0.068 seconds
[2024-12-28T21:22:20.691+0000] {processor.py:186} INFO - Started process (PID=2386) to work on /opt/airflow/dags/common/prediction_task.py
[2024-12-28T21:22:20.693+0000] {processor.py:914} INFO - Processing file /opt/airflow/dags/common/prediction_task.py for tasks to queue
[2024-12-28T21:22:20.698+0000] {logging_mixin.py:190} INFO - [2024-12-28T21:22:20.697+0000] {dagbag.py:588} INFO - Filling up the DagBag from /opt/airflow/dags/common/prediction_task.py
[2024-12-28T21:22:20.743+0000] {processor.py:927} WARNING - No viable dags retrieved from /opt/airflow/dags/common/prediction_task.py
[2024-12-28T21:22:20.771+0000] {processor.py:208} INFO - Processing /opt/airflow/dags/common/prediction_task.py took 0.086 seconds
[2024-12-28T21:22:51.044+0000] {processor.py:186} INFO - Started process (PID=2455) to work on /opt/airflow/dags/common/prediction_task.py
[2024-12-28T21:22:51.048+0000] {processor.py:914} INFO - Processing file /opt/airflow/dags/common/prediction_task.py for tasks to queue
[2024-12-28T21:22:51.056+0000] {logging_mixin.py:190} INFO - [2024-12-28T21:22:51.055+0000] {dagbag.py:588} INFO - Filling up the DagBag from /opt/airflow/dags/common/prediction_task.py
[2024-12-28T21:22:51.118+0000] {processor.py:927} WARNING - No viable dags retrieved from /opt/airflow/dags/common/prediction_task.py
[2024-12-28T21:22:51.148+0000] {processor.py:208} INFO - Processing /opt/airflow/dags/common/prediction_task.py took 0.121 seconds
[2024-12-28T21:23:21.463+0000] {processor.py:186} INFO - Started process (PID=2524) to work on /opt/airflow/dags/common/prediction_task.py
[2024-12-28T21:23:21.465+0000] {processor.py:914} INFO - Processing file /opt/airflow/dags/common/prediction_task.py for tasks to queue
[2024-12-28T21:23:21.468+0000] {logging_mixin.py:190} INFO - [2024-12-28T21:23:21.468+0000] {dagbag.py:588} INFO - Filling up the DagBag from /opt/airflow/dags/common/prediction_task.py
[2024-12-28T21:23:21.516+0000] {processor.py:927} WARNING - No viable dags retrieved from /opt/airflow/dags/common/prediction_task.py
[2024-12-28T21:23:21.545+0000] {processor.py:208} INFO - Processing /opt/airflow/dags/common/prediction_task.py took 0.093 seconds
[2024-12-28T21:23:51.723+0000] {processor.py:186} INFO - Started process (PID=2592) to work on /opt/airflow/dags/common/prediction_task.py
[2024-12-28T21:23:51.727+0000] {processor.py:914} INFO - Processing file /opt/airflow/dags/common/prediction_task.py for tasks to queue
[2024-12-28T21:23:51.733+0000] {logging_mixin.py:190} INFO - [2024-12-28T21:23:51.731+0000] {dagbag.py:588} INFO - Filling up the DagBag from /opt/airflow/dags/common/prediction_task.py
[2024-12-28T21:23:51.809+0000] {processor.py:927} WARNING - No viable dags retrieved from /opt/airflow/dags/common/prediction_task.py
[2024-12-28T21:23:51.842+0000] {processor.py:208} INFO - Processing /opt/airflow/dags/common/prediction_task.py took 0.139 seconds
[2024-12-28T21:24:22.120+0000] {processor.py:186} INFO - Started process (PID=2661) to work on /opt/airflow/dags/common/prediction_task.py
[2024-12-28T21:24:22.123+0000] {processor.py:914} INFO - Processing file /opt/airflow/dags/common/prediction_task.py for tasks to queue
[2024-12-28T21:24:22.131+0000] {logging_mixin.py:190} INFO - [2024-12-28T21:24:22.131+0000] {dagbag.py:588} INFO - Filling up the DagBag from /opt/airflow/dags/common/prediction_task.py
[2024-12-28T21:24:22.188+0000] {processor.py:927} WARNING - No viable dags retrieved from /opt/airflow/dags/common/prediction_task.py
[2024-12-28T21:24:22.228+0000] {processor.py:208} INFO - Processing /opt/airflow/dags/common/prediction_task.py took 0.131 seconds
[2024-12-28T21:24:53.020+0000] {processor.py:186} INFO - Started process (PID=2730) to work on /opt/airflow/dags/common/prediction_task.py
[2024-12-28T21:24:53.021+0000] {processor.py:914} INFO - Processing file /opt/airflow/dags/common/prediction_task.py for tasks to queue
[2024-12-28T21:24:53.027+0000] {logging_mixin.py:190} INFO - [2024-12-28T21:24:53.026+0000] {dagbag.py:588} INFO - Filling up the DagBag from /opt/airflow/dags/common/prediction_task.py
[2024-12-28T21:24:53.095+0000] {processor.py:927} WARNING - No viable dags retrieved from /opt/airflow/dags/common/prediction_task.py
[2024-12-28T21:24:53.119+0000] {processor.py:208} INFO - Processing /opt/airflow/dags/common/prediction_task.py took 0.108 seconds
[2024-12-28T21:25:23.334+0000] {processor.py:186} INFO - Started process (PID=2799) to work on /opt/airflow/dags/common/prediction_task.py
[2024-12-28T21:25:23.336+0000] {processor.py:914} INFO - Processing file /opt/airflow/dags/common/prediction_task.py for tasks to queue
[2024-12-28T21:25:23.340+0000] {logging_mixin.py:190} INFO - [2024-12-28T21:25:23.340+0000] {dagbag.py:588} INFO - Filling up the DagBag from /opt/airflow/dags/common/prediction_task.py
[2024-12-28T21:25:23.394+0000] {processor.py:927} WARNING - No viable dags retrieved from /opt/airflow/dags/common/prediction_task.py
[2024-12-28T21:25:23.427+0000] {processor.py:208} INFO - Processing /opt/airflow/dags/common/prediction_task.py took 0.100 seconds
[2024-12-28T21:25:53.650+0000] {processor.py:186} INFO - Started process (PID=2868) to work on /opt/airflow/dags/common/prediction_task.py
[2024-12-28T21:25:53.652+0000] {processor.py:914} INFO - Processing file /opt/airflow/dags/common/prediction_task.py for tasks to queue
[2024-12-28T21:25:53.658+0000] {logging_mixin.py:190} INFO - [2024-12-28T21:25:53.657+0000] {dagbag.py:588} INFO - Filling up the DagBag from /opt/airflow/dags/common/prediction_task.py
[2024-12-28T21:25:53.701+0000] {processor.py:927} WARNING - No viable dags retrieved from /opt/airflow/dags/common/prediction_task.py
[2024-12-28T21:25:53.715+0000] {processor.py:208} INFO - Processing /opt/airflow/dags/common/prediction_task.py took 0.078 seconds
[2024-12-28T21:26:18.502+0000] {processor.py:186} INFO - Started process (PID=2921) to work on /opt/airflow/dags/common/prediction_task.py
[2024-12-28T21:26:18.503+0000] {processor.py:914} INFO - Processing file /opt/airflow/dags/common/prediction_task.py for tasks to queue
[2024-12-28T21:26:18.506+0000] {logging_mixin.py:190} INFO - [2024-12-28T21:26:18.506+0000] {dagbag.py:588} INFO - Filling up the DagBag from /opt/airflow/dags/common/prediction_task.py
[2024-12-28T21:26:18.640+0000] {processor.py:927} WARNING - No viable dags retrieved from /opt/airflow/dags/common/prediction_task.py
[2024-12-28T21:26:18.675+0000] {processor.py:208} INFO - Processing /opt/airflow/dags/common/prediction_task.py took 0.179 seconds
[2024-12-28T21:26:22.906+0000] {processor.py:186} INFO - Started process (PID=2937) to work on /opt/airflow/dags/common/prediction_task.py
[2024-12-28T21:26:22.908+0000] {processor.py:914} INFO - Processing file /opt/airflow/dags/common/prediction_task.py for tasks to queue
[2024-12-28T21:26:22.910+0000] {logging_mixin.py:190} INFO - [2024-12-28T21:26:22.910+0000] {dagbag.py:588} INFO - Filling up the DagBag from /opt/airflow/dags/common/prediction_task.py
[2024-12-28T21:26:22.970+0000] {processor.py:927} WARNING - No viable dags retrieved from /opt/airflow/dags/common/prediction_task.py
[2024-12-28T21:26:22.982+0000] {processor.py:208} INFO - Processing /opt/airflow/dags/common/prediction_task.py took 0.082 seconds
[2024-12-28T21:26:53.350+0000] {processor.py:186} INFO - Started process (PID=3006) to work on /opt/airflow/dags/common/prediction_task.py
[2024-12-28T21:26:53.352+0000] {processor.py:914} INFO - Processing file /opt/airflow/dags/common/prediction_task.py for tasks to queue
[2024-12-28T21:26:53.356+0000] {logging_mixin.py:190} INFO - [2024-12-28T21:26:53.355+0000] {dagbag.py:588} INFO - Filling up the DagBag from /opt/airflow/dags/common/prediction_task.py
[2024-12-28T21:26:53.386+0000] {processor.py:927} WARNING - No viable dags retrieved from /opt/airflow/dags/common/prediction_task.py
[2024-12-28T21:26:53.397+0000] {processor.py:208} INFO - Processing /opt/airflow/dags/common/prediction_task.py took 0.055 seconds
[2024-12-28T21:27:24.436+0000] {processor.py:186} INFO - Started process (PID=3075) to work on /opt/airflow/dags/common/prediction_task.py
[2024-12-28T21:27:24.440+0000] {processor.py:914} INFO - Processing file /opt/airflow/dags/common/prediction_task.py for tasks to queue
[2024-12-28T21:27:24.448+0000] {logging_mixin.py:190} INFO - [2024-12-28T21:27:24.447+0000] {dagbag.py:588} INFO - Filling up the DagBag from /opt/airflow/dags/common/prediction_task.py
[2024-12-28T21:27:24.497+0000] {processor.py:927} WARNING - No viable dags retrieved from /opt/airflow/dags/common/prediction_task.py
[2024-12-28T21:27:24.529+0000] {processor.py:208} INFO - Processing /opt/airflow/dags/common/prediction_task.py took 0.109 seconds
[2024-12-28T21:27:55.495+0000] {processor.py:186} INFO - Started process (PID=3144) to work on /opt/airflow/dags/common/prediction_task.py
[2024-12-28T21:27:55.499+0000] {processor.py:914} INFO - Processing file /opt/airflow/dags/common/prediction_task.py for tasks to queue
[2024-12-28T21:27:55.507+0000] {logging_mixin.py:190} INFO - [2024-12-28T21:27:55.506+0000] {dagbag.py:588} INFO - Filling up the DagBag from /opt/airflow/dags/common/prediction_task.py
[2024-12-28T21:27:55.553+0000] {processor.py:927} WARNING - No viable dags retrieved from /opt/airflow/dags/common/prediction_task.py
[2024-12-28T21:27:55.581+0000] {processor.py:208} INFO - Processing /opt/airflow/dags/common/prediction_task.py took 0.104 seconds
[2024-12-28T21:28:26.279+0000] {processor.py:186} INFO - Started process (PID=3213) to work on /opt/airflow/dags/common/prediction_task.py
[2024-12-28T21:28:26.281+0000] {processor.py:914} INFO - Processing file /opt/airflow/dags/common/prediction_task.py for tasks to queue
[2024-12-28T21:28:26.284+0000] {logging_mixin.py:190} INFO - [2024-12-28T21:28:26.283+0000] {dagbag.py:588} INFO - Filling up the DagBag from /opt/airflow/dags/common/prediction_task.py
[2024-12-28T21:28:26.323+0000] {processor.py:927} WARNING - No viable dags retrieved from /opt/airflow/dags/common/prediction_task.py
[2024-12-28T21:28:26.341+0000] {processor.py:208} INFO - Processing /opt/airflow/dags/common/prediction_task.py took 0.070 seconds
[2024-12-28T21:28:56.803+0000] {processor.py:186} INFO - Started process (PID=3272) to work on /opt/airflow/dags/common/prediction_task.py
[2024-12-28T21:28:56.805+0000] {processor.py:914} INFO - Processing file /opt/airflow/dags/common/prediction_task.py for tasks to queue
[2024-12-28T21:28:56.807+0000] {logging_mixin.py:190} INFO - [2024-12-28T21:28:56.807+0000] {dagbag.py:588} INFO - Filling up the DagBag from /opt/airflow/dags/common/prediction_task.py
[2024-12-28T21:28:56.848+0000] {processor.py:927} WARNING - No viable dags retrieved from /opt/airflow/dags/common/prediction_task.py
[2024-12-28T21:28:56.872+0000] {processor.py:208} INFO - Processing /opt/airflow/dags/common/prediction_task.py took 0.076 seconds
[2024-12-28T21:29:27.381+0000] {processor.py:186} INFO - Started process (PID=3341) to work on /opt/airflow/dags/common/prediction_task.py
[2024-12-28T21:29:27.384+0000] {processor.py:914} INFO - Processing file /opt/airflow/dags/common/prediction_task.py for tasks to queue
[2024-12-28T21:29:27.389+0000] {logging_mixin.py:190} INFO - [2024-12-28T21:29:27.388+0000] {dagbag.py:588} INFO - Filling up the DagBag from /opt/airflow/dags/common/prediction_task.py
[2024-12-28T21:29:27.433+0000] {processor.py:927} WARNING - No viable dags retrieved from /opt/airflow/dags/common/prediction_task.py
[2024-12-28T21:29:27.447+0000] {processor.py:208} INFO - Processing /opt/airflow/dags/common/prediction_task.py took 0.085 seconds
[2024-12-28T21:29:57.532+0000] {processor.py:186} INFO - Started process (PID=3408) to work on /opt/airflow/dags/common/prediction_task.py
[2024-12-28T21:29:57.533+0000] {processor.py:914} INFO - Processing file /opt/airflow/dags/common/prediction_task.py for tasks to queue
[2024-12-28T21:29:57.537+0000] {logging_mixin.py:190} INFO - [2024-12-28T21:29:57.536+0000] {dagbag.py:588} INFO - Filling up the DagBag from /opt/airflow/dags/common/prediction_task.py
[2024-12-28T21:29:57.671+0000] {processor.py:927} WARNING - No viable dags retrieved from /opt/airflow/dags/common/prediction_task.py
[2024-12-28T21:29:57.711+0000] {processor.py:208} INFO - Processing /opt/airflow/dags/common/prediction_task.py took 0.188 seconds
[2024-12-28T21:30:29.221+0000] {processor.py:186} INFO - Started process (PID=3477) to work on /opt/airflow/dags/common/prediction_task.py
[2024-12-28T21:30:29.225+0000] {processor.py:914} INFO - Processing file /opt/airflow/dags/common/prediction_task.py for tasks to queue
[2024-12-28T21:30:29.232+0000] {logging_mixin.py:190} INFO - [2024-12-28T21:30:29.231+0000] {dagbag.py:588} INFO - Filling up the DagBag from /opt/airflow/dags/common/prediction_task.py
[2024-12-28T21:30:29.293+0000] {processor.py:927} WARNING - No viable dags retrieved from /opt/airflow/dags/common/prediction_task.py
[2024-12-28T21:30:29.328+0000] {processor.py:208} INFO - Processing /opt/airflow/dags/common/prediction_task.py took 0.123 seconds
[2024-12-28T21:30:59.481+0000] {processor.py:186} INFO - Started process (PID=3541) to work on /opt/airflow/dags/common/prediction_task.py
[2024-12-28T21:30:59.484+0000] {processor.py:914} INFO - Processing file /opt/airflow/dags/common/prediction_task.py for tasks to queue
[2024-12-28T21:30:59.489+0000] {logging_mixin.py:190} INFO - [2024-12-28T21:30:59.488+0000] {dagbag.py:588} INFO - Filling up the DagBag from /opt/airflow/dags/common/prediction_task.py
[2024-12-28T21:30:59.585+0000] {processor.py:927} WARNING - No viable dags retrieved from /opt/airflow/dags/common/prediction_task.py
[2024-12-28T21:30:59.618+0000] {processor.py:208} INFO - Processing /opt/airflow/dags/common/prediction_task.py took 0.151 seconds
[2024-12-28T21:31:30.139+0000] {processor.py:186} INFO - Started process (PID=3609) to work on /opt/airflow/dags/common/prediction_task.py
[2024-12-28T21:31:30.141+0000] {processor.py:914} INFO - Processing file /opt/airflow/dags/common/prediction_task.py for tasks to queue
[2024-12-28T21:31:30.143+0000] {logging_mixin.py:190} INFO - [2024-12-28T21:31:30.143+0000] {dagbag.py:588} INFO - Filling up the DagBag from /opt/airflow/dags/common/prediction_task.py
[2024-12-28T21:31:30.214+0000] {processor.py:927} WARNING - No viable dags retrieved from /opt/airflow/dags/common/prediction_task.py
[2024-12-28T21:31:30.251+0000] {processor.py:208} INFO - Processing /opt/airflow/dags/common/prediction_task.py took 0.119 seconds
[2024-12-28T21:31:30.854+0000] {processor.py:186} INFO - Started process (PID=3617) to work on /opt/airflow/dags/common/prediction_task.py
[2024-12-28T21:31:30.855+0000] {processor.py:914} INFO - Processing file /opt/airflow/dags/common/prediction_task.py for tasks to queue
[2024-12-28T21:31:30.857+0000] {logging_mixin.py:190} INFO - [2024-12-28T21:31:30.857+0000] {dagbag.py:588} INFO - Filling up the DagBag from /opt/airflow/dags/common/prediction_task.py
[2024-12-28T21:31:30.891+0000] {processor.py:927} WARNING - No viable dags retrieved from /opt/airflow/dags/common/prediction_task.py
[2024-12-28T21:31:30.902+0000] {processor.py:208} INFO - Processing /opt/airflow/dags/common/prediction_task.py took 0.054 seconds
[2024-12-28T21:32:01.080+0000] {processor.py:186} INFO - Started process (PID=3679) to work on /opt/airflow/dags/common/prediction_task.py
[2024-12-28T21:32:01.082+0000] {processor.py:914} INFO - Processing file /opt/airflow/dags/common/prediction_task.py for tasks to queue
[2024-12-28T21:32:01.099+0000] {logging_mixin.py:190} INFO - [2024-12-28T21:32:01.098+0000] {dagbag.py:588} INFO - Filling up the DagBag from /opt/airflow/dags/common/prediction_task.py
[2024-12-28T21:32:01.134+0000] {processor.py:927} WARNING - No viable dags retrieved from /opt/airflow/dags/common/prediction_task.py
[2024-12-28T21:32:01.150+0000] {processor.py:208} INFO - Processing /opt/airflow/dags/common/prediction_task.py took 0.078 seconds
[2024-12-28T21:32:31.794+0000] {processor.py:186} INFO - Started process (PID=3747) to work on /opt/airflow/dags/common/prediction_task.py
[2024-12-28T21:32:31.795+0000] {processor.py:914} INFO - Processing file /opt/airflow/dags/common/prediction_task.py for tasks to queue
[2024-12-28T21:32:31.798+0000] {logging_mixin.py:190} INFO - [2024-12-28T21:32:31.798+0000] {dagbag.py:588} INFO - Filling up the DagBag from /opt/airflow/dags/common/prediction_task.py
[2024-12-28T21:32:31.829+0000] {processor.py:927} WARNING - No viable dags retrieved from /opt/airflow/dags/common/prediction_task.py
[2024-12-28T21:32:31.846+0000] {processor.py:208} INFO - Processing /opt/airflow/dags/common/prediction_task.py took 0.061 seconds
[2024-12-28T21:33:02.422+0000] {processor.py:186} INFO - Started process (PID=3815) to work on /opt/airflow/dags/common/prediction_task.py
[2024-12-28T21:33:02.424+0000] {processor.py:914} INFO - Processing file /opt/airflow/dags/common/prediction_task.py for tasks to queue
[2024-12-28T21:33:02.427+0000] {logging_mixin.py:190} INFO - [2024-12-28T21:33:02.427+0000] {dagbag.py:588} INFO - Filling up the DagBag from /opt/airflow/dags/common/prediction_task.py
[2024-12-28T21:33:02.461+0000] {processor.py:927} WARNING - No viable dags retrieved from /opt/airflow/dags/common/prediction_task.py
[2024-12-28T21:33:02.477+0000] {processor.py:208} INFO - Processing /opt/airflow/dags/common/prediction_task.py took 0.063 seconds
[2024-12-28T21:33:33.181+0000] {processor.py:186} INFO - Started process (PID=3884) to work on /opt/airflow/dags/common/prediction_task.py
[2024-12-28T21:33:33.182+0000] {processor.py:914} INFO - Processing file /opt/airflow/dags/common/prediction_task.py for tasks to queue
[2024-12-28T21:33:33.186+0000] {logging_mixin.py:190} INFO - [2024-12-28T21:33:33.185+0000] {dagbag.py:588} INFO - Filling up the DagBag from /opt/airflow/dags/common/prediction_task.py
[2024-12-28T21:33:33.259+0000] {processor.py:927} WARNING - No viable dags retrieved from /opt/airflow/dags/common/prediction_task.py
[2024-12-28T21:33:33.294+0000] {processor.py:208} INFO - Processing /opt/airflow/dags/common/prediction_task.py took 0.119 seconds
[2024-12-28T21:34:04.193+0000] {processor.py:186} INFO - Started process (PID=3954) to work on /opt/airflow/dags/common/prediction_task.py
[2024-12-28T21:34:04.195+0000] {processor.py:914} INFO - Processing file /opt/airflow/dags/common/prediction_task.py for tasks to queue
[2024-12-28T21:34:04.200+0000] {logging_mixin.py:190} INFO - [2024-12-28T21:34:04.200+0000] {dagbag.py:588} INFO - Filling up the DagBag from /opt/airflow/dags/common/prediction_task.py
[2024-12-28T21:34:04.252+0000] {processor.py:927} WARNING - No viable dags retrieved from /opt/airflow/dags/common/prediction_task.py
[2024-12-28T21:34:04.265+0000] {processor.py:208} INFO - Processing /opt/airflow/dags/common/prediction_task.py took 0.081 seconds
[2024-12-28T21:34:34.502+0000] {processor.py:186} INFO - Started process (PID=4023) to work on /opt/airflow/dags/common/prediction_task.py
[2024-12-28T21:34:34.505+0000] {processor.py:914} INFO - Processing file /opt/airflow/dags/common/prediction_task.py for tasks to queue
[2024-12-28T21:34:34.508+0000] {logging_mixin.py:190} INFO - [2024-12-28T21:34:34.508+0000] {dagbag.py:588} INFO - Filling up the DagBag from /opt/airflow/dags/common/prediction_task.py
[2024-12-28T21:34:34.567+0000] {processor.py:927} WARNING - No viable dags retrieved from /opt/airflow/dags/common/prediction_task.py
[2024-12-28T21:34:34.592+0000] {processor.py:208} INFO - Processing /opt/airflow/dags/common/prediction_task.py took 0.101 seconds
[2024-12-28T21:35:05.110+0000] {processor.py:186} INFO - Started process (PID=4092) to work on /opt/airflow/dags/common/prediction_task.py
[2024-12-28T21:35:05.113+0000] {processor.py:914} INFO - Processing file /opt/airflow/dags/common/prediction_task.py for tasks to queue
[2024-12-28T21:35:05.118+0000] {logging_mixin.py:190} INFO - [2024-12-28T21:35:05.118+0000] {dagbag.py:588} INFO - Filling up the DagBag from /opt/airflow/dags/common/prediction_task.py
[2024-12-28T21:35:05.158+0000] {processor.py:927} WARNING - No viable dags retrieved from /opt/airflow/dags/common/prediction_task.py
[2024-12-28T21:35:05.181+0000] {processor.py:208} INFO - Processing /opt/airflow/dags/common/prediction_task.py took 0.089 seconds
[2024-12-28T21:35:35.932+0000] {processor.py:186} INFO - Started process (PID=4161) to work on /opt/airflow/dags/common/prediction_task.py
[2024-12-28T21:35:35.934+0000] {processor.py:914} INFO - Processing file /opt/airflow/dags/common/prediction_task.py for tasks to queue
[2024-12-28T21:35:35.937+0000] {logging_mixin.py:190} INFO - [2024-12-28T21:35:35.936+0000] {dagbag.py:588} INFO - Filling up the DagBag from /opt/airflow/dags/common/prediction_task.py
[2024-12-28T21:35:35.982+0000] {processor.py:927} WARNING - No viable dags retrieved from /opt/airflow/dags/common/prediction_task.py
[2024-12-28T21:35:35.996+0000] {processor.py:208} INFO - Processing /opt/airflow/dags/common/prediction_task.py took 0.072 seconds
[2024-12-28T21:36:06.243+0000] {processor.py:186} INFO - Started process (PID=4230) to work on /opt/airflow/dags/common/prediction_task.py
[2024-12-28T21:36:06.245+0000] {processor.py:914} INFO - Processing file /opt/airflow/dags/common/prediction_task.py for tasks to queue
[2024-12-28T21:36:06.250+0000] {logging_mixin.py:190} INFO - [2024-12-28T21:36:06.249+0000] {dagbag.py:588} INFO - Filling up the DagBag from /opt/airflow/dags/common/prediction_task.py
[2024-12-28T21:36:06.292+0000] {processor.py:927} WARNING - No viable dags retrieved from /opt/airflow/dags/common/prediction_task.py
[2024-12-28T21:36:06.311+0000] {processor.py:208} INFO - Processing /opt/airflow/dags/common/prediction_task.py took 0.077 seconds
[2024-12-28T21:36:36.612+0000] {processor.py:186} INFO - Started process (PID=4299) to work on /opt/airflow/dags/common/prediction_task.py
[2024-12-28T21:36:36.615+0000] {processor.py:914} INFO - Processing file /opt/airflow/dags/common/prediction_task.py for tasks to queue
[2024-12-28T21:36:36.619+0000] {logging_mixin.py:190} INFO - [2024-12-28T21:36:36.619+0000] {dagbag.py:588} INFO - Filling up the DagBag from /opt/airflow/dags/common/prediction_task.py
[2024-12-28T21:36:36.661+0000] {processor.py:927} WARNING - No viable dags retrieved from /opt/airflow/dags/common/prediction_task.py
[2024-12-28T21:36:36.676+0000] {processor.py:208} INFO - Processing /opt/airflow/dags/common/prediction_task.py took 0.076 seconds
